parameters: n=7 l=3 k=1 p=5 q=2 m=9
TOTAL 1000 solutions found
SOLN: CORRECT | POS/NEG | INT/FRA | OBJ-SCORE | TRUE-ANS | ANS | INFIX | POSTFIX | TYPED-POSTFIX
EXPR: 0 | POS | INT | 0 | 3120 | 23124 | (2*(7341+4221))=x | 2 7341 4221 + * x = | 2:sample 7341:cell 4221:cell +:cell *:cell x:cell =:cell
EXPR: 0 | POS | INT | 0 | 3120 | 18903 | ((2*7341)+4221)=x | 2 7341 * 4221 + x = | 2:sample 7341:cell *:cell 4221:cell +:cell x:cell =:cell
EXPR: 0 | POS | INT | 0 | 3120 | 10461 | x=((2*7341)-4221) | x 2 7341 * 4221 - = | x:cell 2:sample 7341:cell *:cell 4221:cell -:cell =:cell
EXPR: 0 | POS | INT | 0 | 3120 | 18903 | x=((2*7341)+4221) | x 2 7341 * 4221 + = | x:cell 2:sample 7341:cell *:cell 4221:cell +:cell =:cell
EXPR: 0 | POS | INT | 0 | 3120 | 23124 | x=(2*(7341+4221)) | x 2 7341 4221 + * = | x:cell 2:sample 7341:cell 4221:cell +:cell *:cell =:cell
EXPR: 0 | POS | INT | 0 | 3120 | 6240 | x=(2*(7341-4221)) | x 2 7341 4221 - * = | x:cell 2:sample 7341:cell 4221:cell -:cell *:cell =:cell
EXPR: 0 | POS | INT | 0 | 3120 | 10461 | ((2*7341)-4221)=x | 2 7341 * 4221 - x = | 2:sample 7341:cell *:cell 4221:cell -:cell x:cell =:cell
EXPR: 0 | POS | INT | 0 | 3120 | 6240 | (2*(7341-4221))=x | 2 7341 4221 - * x = | 2:sample 7341:cell 4221:cell -:cell *:cell x:cell =:cell
EXPR: 0 | POS | INT | 2 | 3120 | 5781 | ((2*x)-7341)=4221 | 2 x * 7341 - 4221 = | 2:sample x:cell *:cell 7341:cell -:cell 4221:cell =:cell
EXPR: 0 | POS | INT | 2 | 3120 | 23124 | ((x/2)-7341)=4221 | x 2 / 7341 - 4221 = | x:cell 2:sample /:cell 7341:cell -:cell 4221:cell =:cell
EXPR: 0 | POS | INT | 2 | 3120 | 10461 | ((2*7341)-x)=4221 | 2 7341 * x - 4221 = | 2:sample 7341:cell *:cell x:cell -:cell 4221:cell =:cell
EXPR: 0 | POS | INT | 2 | 3120 | 5781 | ((x*2)-7341)=4221 | x 2 * 7341 - 4221 = | x:cell 2:sample *:cell 7341:cell -:cell 4221:cell =:cell
EXPR: 0 | POS | INT | 2 | 3120 | 18903 | (x-(2*7341))=4221 | x 2 7341 * - 4221 = | x:cell 2:sample 7341:cell *:cell -:cell 4221:cell =:cell
EXPR: 0 | POS | INT | 10 | 3120 | 30994803 | x=((2+7341)*4221) | x 2 7341 + 4221 * = | x:cell 2:sample 7341:sample +:sample 4221:cell *:cell =:cell
EXPR: 0 | POS | INT | 10 | 3120 | 15783 | ((2*4221)+7341)=x | 2 4221 * 7341 + x = | 2:sample 4221:cell *:cell 7341:cell +:cell x:cell =:cell
EXPR: 0 | POS | INT | 10 | 3120 | 15783 | x=((2*4221)+7341) | x 2 4221 * 7341 + = | x:cell 2:sample 4221:cell *:cell 7341:cell +:cell =:cell
EXPR: 0 | POS | INT | 10 | 3120 | 1101 | x=((2*4221)-7341) | x 2 4221 * 7341 - = | x:cell 2:sample 4221:cell *:cell 7341:cell -:cell =:cell
EXPR: 0 | POS | INT | 10 | 3120 | 3122 | (2+(7341-4221))=x | 2 7341 4221 - + x = | 2:cell 7341:cell 4221:cell -:cell +:cell x:cell =:cell
EXPR: 0 | POS | INT | 10 | 3120 | 15783 | (7341+(2*4221))=x | 7341 2 4221 * + x = | 7341:cell 2:sample 4221:cell *:cell +:cell x:cell =:cell
EXPR: 0 | POS | INT | 10 | 3120 | 3122 | ((2+7341)-4221)=x | 2 7341 + 4221 - x = | 2:cell 7341:cell +:cell 4221:cell -:cell x:cell =:cell
EXPR: 0 | POS | INT | 10 | 3120 | 30994803 | ((2+7341)*4221)=x | 2 7341 + 4221 * x = | 2:sample 7341:sample +:sample 4221:cell *:cell x:cell =:cell
EXPR: 0 | POS | INT | 10 | 3120 | 1101 | ((2*4221)-7341)=x | 2 4221 * 7341 - x = | 2:sample 4221:cell *:cell 7341:cell -:cell x:cell =:cell
EXPR: 0 | POS | INT | 10 | 3120 | 11564 | x=((2+7341)+4221) | x 2 7341 + 4221 + = | x:cell 2:cell 7341:cell +:cell 4221:cell +:cell =:cell
EXPR: 0 | POS | INT | 10 | 3120 | 15783 | x=(7341+(2*4221)) | x 7341 2 4221 * + = | x:cell 7341:cell 2:sample 4221:cell *:cell +:cell =:cell
EXPR: 0 | POS | INT | 10 | 3120 | 3122 | x=(2+(7341-4221)) | x 2 7341 4221 - + = | x:cell 2:cell 7341:cell 4221:cell -:cell +:cell =:cell
EXPR: 0 | POS | INT | 10 | 3120 | 11564 | ((2+7341)+4221)=x | 2 7341 + 4221 + x = | 2:cell 7341:cell +:cell 4221:cell +:cell x:cell =:cell
EXPR: 0 | POS | INT | 10 | 3120 | 3122 | x=((2+7341)-4221) | x 2 7341 + 4221 - = | x:cell 2:cell 7341:cell +:cell 4221:cell -:cell =:cell
EXPR: 0 | POS | INT | 10 | 3120 | 11564 | x=(2+(7341+4221)) | x 2 7341 4221 + + = | x:cell 2:cell 7341:cell 4221:cell +:cell +:cell =:cell
EXPR: 0 | POS | INT | 10 | 3120 | 11564 | (2+(7341+4221))=x | 2 7341 4221 + + x = | 2:cell 7341:cell 4221:cell +:cell +:cell x:cell =:cell
EXPR: 0 | POS | INT | 12 | 3120 | 30994803 | (x/(2+7341))=4221 | x 2 7341 + / 4221 = | x:cell 2:sample 7341:sample +:sample /:cell 4221:cell =:cell
EXPR: 0 | POS | INT | 12 | 3120 | 11560 | (x+(2-7341))=4221 | x 2 7341 - + 4221 = | x:cell 2:cell 7341:cell -:cell +:cell 4221:cell =:cell
EXPR: 0 | POS | INT | 12 | 3120 | 1560 | ((2*x)+4221)=7341 | 2 x * 4221 + 7341 = | 2:sample x:cell *:cell 4221:cell +:cell 7341:cell =:cell
EXPR: 0 | POS | INT | 12 | 3120 | 5781 | ((2*x)-4221)=7341 | 2 x * 4221 - 7341 = | 2:sample x:cell *:cell 4221:cell -:cell 7341:cell =:cell
EXPR: 0 | POS | INT | 12 | 3120 | 3122 | ((2+7341)-x)=4221 | 2 7341 + x - 4221 = | 2:cell 7341:cell +:cell x:cell -:cell 4221:cell =:cell
EXPR: 0 | POS | INT | 12 | 3120 | 3122 | (2-(x-7341))=4221 | 2 x 7341 - - 4221 = | 2:cell x:cell 7341:cell -:cell -:cell 4221:cell =:cell
EXPR: 0 | POS | INT | 12 | 3120 | 1560 | 7341=((x*2)+4221) | 7341 x 2 * 4221 + = | 7341:cell x:cell 2:sample *:cell 4221:cell +:cell =:cell
EXPR: 0 | POS | INT | 12 | 3120 | 1560 | (2*x)=(7341-4221) | 2 x * 7341 4221 - = | 2:sample x:cell *:cell 7341:cell 4221:cell -:cell =:cell
EXPR: 0 | POS | INT | 12 | 3120 | 11564 | (x-(2+7341))=4221 | x 2 7341 + - 4221 = | x:cell 2:cell 7341:cell +:cell -:cell 4221:cell =:cell
EXPR: 0 | POS | INT | 12 | 3120 | 5781 | (2*x)=(7341+4221) | 2 x * 7341 4221 + = | 2:sample x:cell *:cell 7341:cell 4221:cell +:cell =:cell
EXPR: 0 | POS | INT | 12 | 3120 | 23124 | 2=(x/(7341+4221)) | 2 x 7341 4221 + / = | 2:sample x:sample 7341:cell 4221:cell +:cell /:sample =:sample
EXPR: 0 | POS | INT | 12 | 3120 | 5781 | 7341=((2*x)-4221) | 7341 2 x * 4221 - = | 7341:cell 2:sample x:cell *:cell 4221:cell -:cell =:cell
EXPR: 0 | POS | INT | 12 | 3120 | 1560 | 7341=((2*x)+4221) | 7341 2 x * 4221 + = | 7341:cell 2:sample x:cell *:cell 4221:cell +:cell =:cell
EXPR: 0 | POS | INT | 12 | 3120 | 3122 | (2+(7341-x))=4221 | 2 7341 x - + 4221 = | 2:cell 7341:cell x:cell -:cell +:cell 4221:cell =:cell
EXPR: 0 | POS | INT | 12 | 3120 | 23124 | ((x/2)-4221)=7341 | x 2 / 4221 - 7341 = | x:cell 2:sample /:cell 4221:cell -:cell 7341:cell =:cell
EXPR: 0 | POS | INT | 12 | 3120 | 6240 | ((x/2)+4221)=7341 | x 2 / 4221 + 7341 = | x:cell 2:sample /:cell 4221:cell +:cell 7341:cell =:cell
EXPR: 0 | POS | INT | 12 | 3120 | 18903 | (2*7341)=(x-4221) | 2 7341 * x 4221 - = | 2:sample 7341:cell *:cell x:cell 4221:cell -:cell =:cell
EXPR: 0 | POS | INT | 12 | 3120 | 10461 | (2*7341)=(x+4221) | 2 7341 * x 4221 + = | 2:sample 7341:cell *:cell x:cell 4221:cell +:cell =:cell
EXPR: 0 | POS | INT | 12 | 3120 | 6240.00000000001 | 2=(x/(7341-4221)) | 2 x 7341 4221 - / = | 2:sample x:sample 7341:cell 4221:cell -:cell /:sample =:sample
EXPR: 0 | POS | INT | 12 | 3120 | 10461 | (2*7341)=(4221+x) | 2 7341 * 4221 x + = | 2:sample 7341:cell *:cell 4221:cell x:cell +:cell =:cell
EXPR: 0 | POS | INT | 12 | 3120 | 1560 | (7341-(2*x))=4221 | 7341 2 x * - 4221 = | 7341:cell 2:sample x:cell *:cell -:cell 4221:cell =:cell
EXPR: 0 | POS | INT | 12 | 3120 | 11560 | ((2+x)-7341)=4221 | 2 x + 7341 - 4221 = | 2:cell x:cell +:cell 7341:cell -:cell 4221:cell =:cell
EXPR: 0 | POS | INT | 12 | 3120 | 11564 | ((x-2)-7341)=4221 | x 2 - 7341 - 4221 = | x:cell 2:cell -:cell 7341:cell -:cell 4221:cell =:cell
EXPR: 0 | POS | INT | 12 | 3120 | 23124 | (x/2)=(7341+4221) | x 2 / 7341 4221 + = | x:cell 2:sample /:cell 7341:cell 4221:cell +:cell =:cell
EXPR: 0 | POS | INT | 12 | 3120 | 11560 | ((x+2)-7341)=4221 | x 2 + 7341 - 4221 = | x:cell 2:cell +:cell 7341:cell -:cell 4221:cell =:cell
EXPR: 0 | POS | INT | 12 | 3120 | 11560 | (2-(7341-x))=4221 | 2 7341 x - - 4221 = | 2:cell 7341:cell x:cell -:cell -:cell 4221:cell =:cell
EXPR: 0 | POS | INT | 12 | 3120 | 5781 | 7341=((x*2)-4221) | 7341 x 2 * 4221 - = | 7341:cell x:cell 2:sample *:cell 4221:cell -:cell =:cell
EXPR: 0 | POS | INT | 12 | 3120 | 11560 | 2=((7341-x)+4221) | 2 7341 x - 4221 + = | 2:cell 7341:cell x:cell -:cell 4221:cell +:cell =:cell
EXPR: 0 | POS | INT | 12 | 3120 | 1560 | (x*2)=(7341-4221) | x 2 * 7341 4221 - = | x:cell 2:sample *:cell 7341:cell 4221:cell -:cell =:cell
EXPR: 0 | POS | INT | 12 | 3120 | 6240 | (x/2)=(7341-4221) | x 2 / 7341 4221 - = | x:cell 2:sample /:cell 7341:cell 4221:cell -:cell =:cell
EXPR: 0 | POS | INT | 12 | 3120 | 1101 | ((x+7341)/2)=4221 | x 7341 + 2 / 4221 = | x:cell 7341:cell +:cell 2:sample /:cell 4221:cell =:cell
EXPR: 0 | POS | INT | 12 | 3120 | 3118 | 2=((7341-x)-4221) | 2 7341 x - 4221 - = | 2:cell 7341:cell x:cell -:cell 4221:cell -:cell =:cell
EXPR: 0 | POS | INT | 12 | 3120 | 11560 | 2=((7341+4221)-x) | 2 7341 4221 + x - = | 2:cell 7341:cell 4221:cell +:cell x:cell -:cell =:cell
EXPR: 0 | POS | INT | 12 | 3120 | 11560 | (2+(x-7341))=4221 | 2 x 7341 - + 4221 = | 2:cell x:cell 7341:cell -:cell +:cell 4221:cell =:cell
EXPR: 0 | POS | INT | 12 | 3120 | 1101 | 7341=((2*4221)-x) | 7341 2 4221 * x - = | 7341:cell 2:sample 4221:cell *:cell x:cell -:cell =:cell
EXPR: 0 | POS | INT | 12 | 3120 | 3118 | 2=((7341-4221)-x) | 2 7341 4221 - x - = | 2:cell 7341:cell 4221:cell -:cell x:cell -:cell =:cell
EXPR: 0 | POS | INT | 12 | 3120 | 1101 | ((7341+x)/2)=4221 | 7341 x + 2 / 4221 = | 7341:cell x:cell +:cell 2:sample /:cell 4221:cell =:cell
EXPR: 0 | POS | INT | 12 | 3120 | 11560 | ((2-7341)+x)=4221 | 2 7341 - x + 4221 = | 2:cell 7341:cell -:cell x:cell +:cell 4221:cell =:cell
EXPR: 0 | POS | INT | 12 | 3120 | 5781 | ((x*2)-4221)=7341 | x 2 * 4221 - 7341 = | x:cell 2:sample *:cell 4221:cell -:cell 7341:cell =:cell
EXPR: 0 | POS | INT | 12 | 3120 | 1560 | ((x*2)+4221)=7341 | x 2 * 4221 + 7341 = | x:cell 2:sample *:cell 4221:cell +:cell 7341:cell =:cell
EXPR: 0 | POS | INT | 12 | 3120 | 5781 | (x*2)=(7341+4221) | x 2 * 7341 4221 + = | x:cell 2:sample *:cell 7341:cell 4221:cell +:cell =:cell
EXPR: 0 | POS | INT | 12 | 3120 | 6240 | (7341-(x/2))=4221 | 7341 x 2 / - 4221 = | 7341:cell x:cell 2:sample /:cell -:cell 4221:cell =:cell
EXPR: 0 | POS | INT | 12 | 3120 | 1101 | ((2*4221)-x)=7341 | 2 4221 * x - 7341 = | 2:sample 4221:cell *:cell x:cell -:cell 7341:cell =:cell
EXPR: 0 | POS | INT | 12 | 3120 | 15783 | ((x-7341)/2)=4221 | x 7341 - 2 / 4221 = | x:cell 7341:cell -:cell 2:sample /:cell 4221:cell =:cell
EXPR: 0 | POS | INT | 12 | 3120 | 3122 | 2=((x-7341)+4221) | 2 x 7341 - 4221 + = | 2:cell x:cell 7341:cell -:cell 4221:cell +:cell =:cell
EXPR: 0 | POS | INT | 12 | 3120 | 11564 | 2=((x-7341)-4221) | 2 x 7341 - 4221 - = | 2:cell x:cell 7341:cell -:cell 4221:cell -:cell =:cell
EXPR: 0 | POS | INT | 12 | 3120 | 1560 | (7341-(x*2))=4221 | 7341 x 2 * - 4221 = | 7341:cell x:cell 2:sample *:cell -:cell 4221:cell =:cell
EXPR: 0 | POS | INT | 12 | 3120 | 15783 | 7341=(x-(2*4221)) | 7341 x 2 4221 * - = | 7341:cell x:cell 2:sample 4221:cell *:cell -:cell =:cell
EXPR: 0 | POS | INT | 12 | 3120 | 11560 | 2=(7341+(4221-x)) | 2 7341 4221 x - + = | 2:cell 7341:cell 4221:cell x:cell -:cell +:cell =:cell
EXPR: 0 | POS | INT | 12 | 3120 | 11564 | 2=(x-(7341+4221)) | 2 x 7341 4221 + - = | 2:cell x:cell 7341:cell 4221:cell +:cell -:cell =:cell
EXPR: 0 | POS | INT | 12 | 3120 | 3118 | 2=(7341-(4221+x)) | 2 7341 4221 x + - = | 2:cell 7341:cell 4221:cell x:cell +:cell -:cell =:cell
EXPR: 0 | POS | INT | 12 | 3120 | 6240 | 7341=((x/2)+4221) | 7341 x 2 / 4221 + = | 7341:cell x:cell 2:sample /:cell 4221:cell +:cell =:cell
EXPR: 0 | POS | INT | 12 | 3120 | 23124 | 7341=((x/2)-4221) | 7341 x 2 / 4221 - = | 7341:cell x:cell 2:sample /:cell 4221:cell -:cell =:cell
EXPR: 0 | POS | INT | 12 | 3120 | 3122 | ((2-x)+7341)=4221 | 2 x - 7341 + 4221 = | 2:cell x:cell -:cell 7341:cell +:cell 4221:cell =:cell
EXPR: 0 | POS | INT | 12 | 3120 | 3118 | 2=(7341-(x+4221)) | 2 7341 x 4221 + - = | 2:cell 7341:cell x:cell 4221:cell +:cell -:cell =:cell
EXPR: 0 | POS | INT | 12 | 3120 | 15783 | (x-(2*4221))=7341 | x 2 4221 * - 7341 = | x:cell 2:sample 4221:cell *:cell -:cell 7341:cell =:cell
EXPR: 0 | POS | INT | 12 | 3120 | 11560 | 2=(7341-(x-4221)) | 2 7341 x 4221 - - = | 2:cell 7341:cell x:cell 4221:cell -:cell -:cell =:cell
EXPR: 0 | POS | INT | 12 | 3120 | 3122 | 2=(x-(7341-4221)) | 2 x 7341 4221 - - = | 2:cell x:cell 7341:cell 4221:cell -:cell -:cell =:cell
EXPR: 0 | POS | INT | 20 | 3120 | 31001043 | x=((2+4221)*7341) | x 2 4221 + 7341 * = | x:cell 2:sample 4221:sample +:sample 7341:cell *:cell =:cell
EXPR: 0 | POS | INT | 20 | 3120 | 31001043 | ((2+4221)*7341)=x | 2 4221 + 7341 * x = | 2:sample 4221:sample +:sample 7341:cell *:cell x:cell =:cell
EXPR: 0 | POS | INT | 20 | 3120 | 30977919 | ((7341-2)*4221)=x | 7341 2 - 4221 * x = | 7341:sample 2:sample -:sample 4221:cell *:cell x:cell =:cell
EXPR: 0 | POS | INT | 20 | 3120 | 30986363 | (2+(7341*4221))=x | 2 7341 4221 * + x = | 2:sample 7341:cell 4221:sample *:sample +:sample x:sample =:sample
EXPR: 0 | POS | INT | 20 | 3120 | 11564 | ((2+4221)+7341)=x | 2 4221 + 7341 + x = | 2:cell 4221:cell +:cell 7341:cell +:cell x:cell =:cell
EXPR: 0 | POS | INT | 20 | 3120 | 3122 | (2-(4221-7341))=x | 2 4221 7341 - - x = | 2:cell 4221:cell 7341:cell -:cell -:cell x:cell =:cell
EXPR: 0 | POS | INT | 20 | 3120 | 3118 | x=(7341-(2+4221)) | x 7341 2 4221 + - = | x:cell 7341:cell 2:cell 4221:cell +:cell -:cell =:cell
EXPR: 0 | POS | INT | 20 | 3120 | 11560 | (7341-(2-4221))=x | 7341 2 4221 - - x = | 7341:cell 2:cell 4221:cell -:cell -:cell x:cell =:cell
EXPR: 0 | POS | INT | 20 | 3120 | 31001043 | x=(7341*(2+4221)) | x 7341 2 4221 + * = | x:cell 7341:cell 2:sample 4221:sample +:sample *:cell =:cell
EXPR: 0 | POS | INT | 20 | 3120 | 11560 | x=(7341-(2-4221)) | x 7341 2 4221 - - = | x:cell 7341:cell 2:cell 4221:cell -:cell -:cell =:cell
EXPR: 0 | POS | INT | 20 | 3120 | 11564 | x=((2+4221)+7341) | x 2 4221 + 7341 + = | x:cell 2:cell 4221:cell +:cell 7341:cell +:cell =:cell
EXPR: 0 | POS | INT | 20 | 3120 | 3122 | x=((2-4221)+7341) | x 2 4221 - 7341 + = | x:cell 2:cell 4221:cell -:cell 7341:cell +:cell =:cell
EXPR: 0 | POS | INT | 20 | 3120 | 3122 | x=(2-(4221-7341)) | x 2 4221 7341 - - = | x:cell 2:cell 4221:cell 7341:cell -:cell -:cell =:cell
EXPR: 0 | POS | INT | 20 | 3120 | 3122 | x=(7341+(2-4221)) | x 7341 2 4221 - + = | x:cell 7341:cell 2:cell 4221:cell -:cell +:cell =:cell
EXPR: 0 | POS | INT | 20 | 3120 | 11564 | x=(7341+(2+4221)) | x 7341 2 4221 + + = | x:cell 7341:cell 2:cell 4221:cell +:cell +:cell =:cell
EXPR: 0 | POS | INT | 20 | 3120 | 30986363 | x=(2+(7341*4221)) | x 2 7341 4221 * + = | x:cell 2:cell 7341:sample 4221:cell *:cell +:cell =:cell
EXPR: 0 | POS | INT | 20 | 3120 | 3118 | (7341-(2+4221))=x | 7341 2 4221 + - x = | 7341:cell 2:cell 4221:cell +:cell -:cell x:cell =:cell
EXPR: 0 | POS | INT | 20 | 3120 | 11564 | (7341+(2+4221))=x | 7341 2 4221 + + x = | 7341:cell 2:cell 4221:cell +:cell +:cell x:cell =:cell
EXPR: 0 | POS | INT | 20 | 3120 | 31001043 | (7341*(2+4221))=x | 7341 2 4221 + * x = | 7341:cell 2:sample 4221:sample +:sample *:cell x:cell =:cell
EXPR: 0 | POS | INT | 20 | 3120 | 3122 | (7341+(2-4221))=x | 7341 2 4221 - + x = | 7341:cell 2:cell 4221:cell -:cell +:cell x:cell =:cell
EXPR: 0 | POS | INT | 20 | 3120 | 11560 | x=((7341-2)+4221) | x 7341 2 - 4221 + = | x:cell 7341:cell 2:cell -:cell 4221:cell +:cell =:cell
EXPR: 0 | POS | INT | 20 | 3120 | 30977919 | x=((7341-2)*4221) | x 7341 2 - 4221 * = | x:cell 7341:sample 2:sample -:sample 4221:cell *:cell =:cell
EXPR: 0 | POS | INT | 20 | 3120 | 3122 | ((2-4221)+7341)=x | 2 4221 - 7341 + x = | 2:cell 4221:cell -:cell 7341:cell +:cell x:cell =:cell
EXPR: 0 | POS | INT | 20 | 3120 | 3118 | x=((7341-2)-4221) | x 7341 2 - 4221 - = | x:cell 7341:cell 2:cell -:cell 4221:cell -:cell =:cell
EXPR: 0 | POS | INT | 20 | 3120 | 11560 | ((7341-2)+4221)=x | 7341 2 - 4221 + x = | 7341:cell 2:cell -:cell 4221:cell +:cell x:cell =:cell
EXPR: 0 | POS | INT | 20 | 3120 | 3118 | ((7341-2)-4221)=x | 7341 2 - 4221 - x = | 7341:cell 2:cell -:cell 4221:cell -:cell x:cell =:cell
EXPR: 0 | POS | INT | 22 | 3120 | 15783 | 2=((x-7341)/4221) | 2 x 7341 - 4221 / = | 2:sample x:sample 7341:sample -:sample 4221:cell /:sample =:sample
EXPR: 0 | POS | INT | 22 | 3120 | 3118 | ((2+x)+4221)=7341 | 2 x + 4221 + 7341 = | 2:cell x:cell +:cell 4221:cell +:cell 7341:cell =:cell
EXPR: 0 | POS | INT | 22 | 3120 | 3122 | (x-(2-4221))=7341 | x 2 4221 - - 7341 = | x:cell 2:cell 4221:cell -:cell -:cell 7341:cell =:cell
EXPR: 0 | POS | INT | 22 | 3120 | 11560 | (x+(2-4221))=7341 | x 2 4221 - + 7341 = | x:cell 2:cell 4221:cell -:cell +:cell 7341:cell =:cell
EXPR: 0 | POS | INT | 22 | 3120 | 3118 | ((2+4221)+x)=7341 | 2 4221 + x + 7341 = | 2:cell 4221:cell +:cell x:cell +:cell 7341:cell =:cell
EXPR: 0 | POS | INT | 22 | 3120 | 30977919 | (x/(7341-2))=4221 | x 7341 2 - / 4221 = | x:cell 7341:sample 2:sample -:sample /:cell 4221:cell =:cell
EXPR: 0 | POS | INT | 22 | 3120 | 30971679 | (2+(x/7341))=4221 | 2 x 7341 / + 4221 = | 2:cell x:cell 7341:sample /:cell +:cell 4221:cell =:cell
EXPR: 0 | POS | INT | 22 | 3120 | 11564 | (x-(2+4221))=7341 | x 2 4221 + - 7341 = | x:cell 2:cell 4221:cell +:cell -:cell 7341:cell =:cell
EXPR: 0 | POS | INT | 22 | 3120 | 3118 | (7341-(2+x))=4221 | 7341 2 x + - 4221 = | 7341:cell 2:cell x:cell +:cell -:cell 4221:cell =:cell
EXPR: 0 | POS | INT | 22 | 3120 | 1101 | 2=((x+7341)/4221) | 2 x 7341 + 4221 / = | 2:sample x:sample 7341:sample +:sample 4221:cell /:sample =:sample
EXPR: 0 | POS | INT | 22 | 3120 | 30986363 | 2=(x-(7341*4221)) | 2 x 7341 4221 * - = | 2:sample x:sample 7341:sample 4221:cell *:sample -:sample =:sample
EXPR: 0 | POS | INT | 22 | 3120 | 5781 | 2=((7341+4221)/x) | 2 7341 4221 + x / = | 2:sample 7341:sample 4221:sample +:sample x:cell /:sample =:sample
EXPR: 0 | POS | INT | 22 | 3120 | 1560 | 2=((7341-4221)/x) | 2 7341 4221 - x / = | 2:sample 7341:sample 4221:sample -:sample x:cell /:sample =:sample
EXPR: 0 | POS | INT | 22 | 3120 | 1101 | (2*4221)=(x+7341) | 2 4221 * x 7341 + = | 2:sample 4221:cell *:cell x:cell 7341:cell +:cell =:cell
EXPR: 0 | POS | INT | 22 | 3120 | 11560 | ((x+2)-4221)=7341 | x 2 + 4221 - 7341 = | x:cell 2:cell +:cell 4221:cell -:cell 7341:cell =:cell
EXPR: 0 | POS | INT | 22 | 3120 | 11560 | (2-(4221-x))=7341 | 2 4221 x - - 7341 = | 2:cell 4221:cell x:cell -:cell -:cell 7341:cell =:cell
EXPR: 0 | POS | INT | 22 | 3120 | 3118 | ((x+2)+4221)=7341 | x 2 + 4221 + 7341 = | x:cell 2:cell +:cell 4221:cell +:cell 7341:cell =:cell
EXPR: 0 | POS | INT | 22 | 3120 | 15783 | (2*4221)=(x-7341) | 2 4221 * x 7341 - = | 2:sample 4221:cell *:cell x:cell 7341:cell -:cell =:cell
EXPR: 0 | POS | INT | 22 | 3120 | 11564 | ((x-2)-4221)=7341 | x 2 - 4221 - 7341 = | x:cell 2:cell -:cell 4221:cell -:cell 7341:cell =:cell
EXPR: 0 | POS | INT | 22 | 3120 | 3122 | ((x-2)+4221)=7341 | x 2 - 4221 + 7341 = | x:cell 2:cell -:cell 4221:cell +:cell 7341:cell =:cell
EXPR: 0 | POS | INT | 22 | 3120 | 31001043 | 2=((x/7341)-4221) | 2 x 7341 / 4221 - = | 2:cell x:cell 7341:sample /:cell 4221:cell -:cell =:cell
EXPR: 0 | POS | INT | 22 | 3120 | 11560 | (x-(7341-2))=4221 | x 7341 2 - - 4221 = | x:cell 7341:cell 2:cell -:cell -:cell 4221:cell =:cell
EXPR: 0 | POS | INT | 22 | 3120 | 3118 | (x+2)=(7341-4221) | x 2 + 7341 4221 - = | x:cell 2:cell +:cell 7341:cell 4221:cell -:cell =:cell
EXPR: 0 | POS | INT | 22 | 3120 | 1101 | 2=((7341+x)/4221) | 2 7341 x + 4221 / = | 2:sample 7341:sample x:sample +:sample 4221:cell /:sample =:sample
EXPR: 0 | POS | INT | 22 | 3120 | 3118 | (2+(4221+x))=7341 | 2 4221 x + + 7341 = | 2:cell 4221:cell x:cell +:cell +:cell 7341:cell =:cell
EXPR: 0 | POS | INT | 22 | 3120 | 3122 | (7341-(x-2))=4221 | 7341 x 2 - - 4221 = | 7341:cell x:cell 2:cell -:cell -:cell 4221:cell =:cell
EXPR: 0 | POS | INT | 22 | 3120 | 30986359 | 2=((7341*4221)-x) | 2 7341 4221 * x - = | 2:cell 7341:sample 4221:cell *:cell x:cell -:cell =:cell
EXPR: 0 | POS | INT | 22 | 3120 | 1101 | (7341+x)=(2*4221) | 7341 x + 2 4221 * = | 7341:cell x:cell +:cell 2:sample 4221:cell *:cell =:cell
EXPR: 0 | POS | INT | 22 | 3120 | 3122 | (x-2)=(7341-4221) | x 2 - 7341 4221 - = | x:cell 2:cell -:cell 7341:cell 4221:cell -:cell =:cell
EXPR: 0 | POS | INT | 22 | 3120 | 11560 | 7341=((2+x)-4221) | 7341 2 x + 4221 - = | 7341:cell 2:cell x:cell +:cell 4221:cell -:cell =:cell
EXPR: 0 | POS | INT | 22 | 3120 | 3122 | 2=((x+4221)-7341) | 2 x 4221 + 7341 - = | 2:cell x:cell 4221:cell +:cell 7341:cell -:cell =:cell
EXPR: 0 | POS | INT | 22 | 3120 | 30986363 | ((x-2)/7341)=4221 | x 2 - 7341 / 4221 = | x:cell 2:cell -:cell 7341:sample /:cell 4221:cell =:cell
EXPR: 0 | POS | INT | 22 | 3120 | 11560 | (x+2)=(7341+4221) | x 2 + 7341 4221 + = | x:cell 2:cell +:cell 7341:cell 4221:cell +:cell =:cell
EXPR: 0 | POS | INT | 22 | 3120 | 3118 | 7341=((2+x)+4221) | 7341 2 x + 4221 + = | 7341:cell 2:cell x:cell +:cell 4221:cell +:cell =:cell
EXPR: 0 | POS | INT | 22 | 3120 | 11564 | ((x-7341)-2)=4221 | x 7341 - 2 - 4221 = | x:cell 7341:cell -:cell 2:cell -:cell 4221:cell =:cell
EXPR: 0 | POS | INT | 22 | 3120 | 11560 | ((x-7341)+2)=4221 | x 7341 - 2 + 4221 = | x:cell 7341:cell -:cell 2:cell +:cell 4221:cell =:cell
EXPR: 0 | POS | INT | 22 | 3120 | 3122 | 2=((4221+x)-7341) | 2 4221 x + 7341 - = | 2:cell 4221:cell x:cell +:cell 7341:cell -:cell =:cell
EXPR: 0 | POS | INT | 22 | 3120 | 30986359 | ((2+x)/7341)=4221 | 2 x + 7341 / 4221 = | 2:sample x:sample +:sample 7341:cell /:sample 4221:sample =:sample
EXPR: 0 | POS | INT | 22 | 3120 | 11560 | ((2+x)-4221)=7341 | 2 x + 4221 - 7341 = | 2:cell x:cell +:cell 4221:cell -:cell 7341:cell =:cell
EXPR: 0 | POS | INT | 22 | 3120 | 11564 | (x-2)=(7341+4221) | x 2 - 7341 4221 + = | x:cell 2:cell -:cell 7341:cell 4221:cell +:cell =:cell
EXPR: 0 | POS | INT | 22 | 3120 | 3118 | (7341-(x+2))=4221 | 7341 x 2 + - 4221 = | 7341:cell x:cell 2:cell +:cell -:cell 4221:cell =:cell
EXPR: 0 | POS | INT | 22 | 3120 | 3118 | (2+(x+4221))=7341 | 2 x 4221 + + 7341 = | 2:cell x:cell 4221:cell +:cell +:cell 7341:cell =:cell
EXPR: 0 | POS | INT | 22 | 3120 | 3118 | 7341=((2+4221)+x) | 7341 2 4221 + x + = | 7341:cell 2:cell 4221:cell +:cell x:cell +:cell =:cell
EXPR: 0 | POS | INT | 22 | 3120 | 6.45445265418550e-8 | (2/x)=(7341*4221) | 2 x / 7341 4221 * = | 2:sample x:cell /:sample 7341:sample 4221:cell *:sample =:sample
EXPR: 0 | POS | INT | 22 | 3120 | 11560 | (2+(x-4221))=7341 | 2 x 4221 - + 7341 = | 2:cell x:cell 4221:cell -:cell +:cell 7341:cell =:cell
EXPR: 0 | POS | INT | 22 | 3120 | 31001043 | 7341=(x/(2+4221)) | 7341 x 2 4221 + / = | 7341:cell x:cell 2:sample 4221:sample +:sample /:cell =:cell
EXPR: 0 | POS | INT | 22 | 3120 | 11560 | 7341=((2-4221)+x) | 7341 2 4221 - x + = | 7341:cell 2:cell 4221:cell -:cell x:cell +:cell =:cell
EXPR: 0 | POS | INT | 22 | 3120 | 3122 | ((7341-x)+2)=4221 | 7341 x - 2 + 4221 = | 7341:cell x:cell -:cell 2:cell +:cell 4221:cell =:cell
EXPR: 0 | POS | INT | 22 | 3120 | 11560 | ((2-4221)+x)=7341 | 2 4221 - x + 7341 = | 2:cell 4221:cell -:cell x:cell +:cell 7341:cell =:cell
EXPR: 0 | POS | INT | 22 | 3120 | 3118 | ((7341-x)-2)=4221 | 7341 x - 2 - 4221 = | 7341:cell x:cell -:cell 2:cell -:cell 4221:cell =:cell
EXPR: 0 | POS | INT | 22 | 3120 | 3122 | 2=((4221-7341)+x) | 2 4221 7341 - x + = | 2:cell 4221:cell 7341:cell -:cell x:cell +:cell =:cell
EXPR: 0 | POS | INT | 22 | 3120 | 6.45445265418550e-8 | (2/7341)=(x*4221) | 2 7341 / x 4221 * = | 2:sample 7341:cell /:sample x:sample 4221:cell *:sample =:sample
EXPR: 0 | POS | INT | 22 | 3120 | 61972721.9999999 | (2*7341)=(x/4221) | 2 7341 * x 4221 / = | 2:sample 7341:cell *:sample x:sample 4221:cell /:sample =:sample
EXPR: 0 | POS | INT | 22 | 3120 | 11560 | 2=((4221-x)+7341) | 2 4221 x - 7341 + = | 2:cell 4221:cell x:cell -:cell 7341:cell +:cell =:cell
EXPR: 0 | POS | INT | 22 | 3120 | 6.45445265418550e-8 | (2/7341)=(4221*x) | 2 7341 / 4221 x * = | 2:sample 7341:cell /:sample 4221:sample x:cell *:sample =:sample
EXPR: 0 | POS | INT | 22 | 3120 | 3118 | ((7341-2)-x)=4221 | 7341 2 - x - 4221 = | 7341:cell 2:cell -:cell x:cell -:cell 4221:cell =:cell
EXPR: 0 | POS | INT | 22 | 3120 | 30977919 | 2=(7341-(x/4221)) | 2 7341 x 4221 / - = | 2:sample 7341:sample x:sample 4221:cell /:sample -:sample =:sample
EXPR: 0 | POS | INT | 22 | 3120 | 3118 | (x+(2+4221))=7341 | x 2 4221 + + 7341 = | x:cell 2:cell 4221:cell +:cell +:cell 7341:cell =:cell
EXPR: 0 | POS | INT | 22 | 3120 | 30986359 | ((x+2)/7341)=4221 | x 2 + 7341 / 4221 = | x:cell 2:cell +:cell 7341:sample /:cell 4221:cell =:cell
EXPR: 0 | POS | INT | 22 | 3120 | 11560 | 7341=(x+(2-4221)) | 7341 x 2 4221 - + = | 7341:cell x:cell 2:cell 4221:cell -:cell +:cell =:cell
EXPR: 0 | POS | INT | 22 | 3120 | 3118 | 7341=(x+(2+4221)) | 7341 x 2 4221 + + = | 7341:cell x:cell 2:cell 4221:cell +:cell +:cell =:cell
EXPR: 0 | POS | INT | 22 | 3120 | 3118 | 7341=((x+2)+4221) | 7341 x 2 + 4221 + = | 7341:cell x:cell 2:cell +:cell 4221:cell +:cell =:cell
EXPR: 0 | POS | INT | 22 | 3120 | 3122 | 7341=(x-(2-4221)) | 7341 x 2 4221 - - = | 7341:cell x:cell 2:cell 4221:cell -:cell -:cell =:cell
EXPR: 0 | POS | INT | 22 | 3120 | 11564 | 7341=(x-(2+4221)) | 7341 x 2 4221 + - = | 7341:cell x:cell 2:cell 4221:cell +:cell -:cell =:cell
EXPR: 0 | POS | INT | 22 | 3120 | 11560 | 7341=((x+2)-4221) | 7341 x 2 + 4221 - = | 7341:cell x:cell 2:cell +:cell 4221:cell -:cell =:cell
EXPR: 0 | POS | INT | 22 | 3120 | 11564 | (2+7341)=(x-4221) | 2 7341 + x 4221 - = | 2:cell 7341:cell +:cell x:cell 4221:cell -:cell =:cell
EXPR: 0 | POS | INT | 22 | 3120 | 3122 | (2+7341)=(x+4221) | 2 7341 + x 4221 + = | 2:cell 7341:cell +:cell x:cell 4221:cell +:cell =:cell
EXPR: 0 | POS | INT | 22 | 3120 | 11560 | 2=(4221+(7341-x)) | 2 4221 7341 x - + = | 2:cell 4221:cell 7341:cell x:cell -:cell +:cell =:cell
EXPR: 0 | POS | INT | 22 | 3120 | 11560 | 7341=(2+(x-4221)) | 7341 2 x 4221 - + = | 7341:cell 2:cell x:cell 4221:cell -:cell +:cell =:cell
EXPR: 0 | POS | INT | 22 | 3120 | 3122 | 7341=((x-2)+4221) | 7341 x 2 - 4221 + = | 7341:cell x:cell 2:cell -:cell 4221:cell +:cell =:cell
EXPR: 0 | POS | INT | 22 | 3120 | 11564 | 2=((x-4221)-7341) | 2 x 4221 - 7341 - = | 2:cell x:cell 4221:cell -:cell 7341:cell -:cell =:cell
EXPR: 0 | POS | INT | 22 | 3120 | 3118 | 7341=(2+(4221+x)) | 7341 2 4221 x + + = | 7341:cell 2:cell 4221:cell x:cell +:cell +:cell =:cell
EXPR: 0 | POS | INT | 22 | 3120 | 1101 | (2*4221)=(7341+x) | 2 4221 * 7341 x + = | 2:sample 4221:cell *:cell 7341:cell x:cell +:cell =:cell
EXPR: 0 | POS | INT | 22 | 3120 | 3118 | 7341=(2+(x+4221)) | 7341 2 x 4221 + + = | 7341:cell 2:cell x:cell 4221:cell +:cell +:cell =:cell
EXPR: 0 | POS | INT | 22 | 3120 | 61972722 | (x/2)=(7341*4221) | x 2 / 7341 4221 * = | x:cell 2:sample /:cell 7341:cell 4221:sample *:cell =:cell
EXPR: 0 | POS | INT | 22 | 3120 | 3122 | (2+7341)=(4221+x) | 2 7341 + 4221 x + = | 2:cell 7341:cell +:cell 4221:cell x:cell +:cell =:cell
EXPR: 0 | POS | INT | 22 | 3120 | 3122 | (7341+(2-x))=4221 | 7341 2 x - + 4221 = | 7341:cell 2:cell x:cell -:cell +:cell 4221:cell =:cell
EXPR: 0 | POS | INT | 22 | 3120 | 3122 | 2=(4221+(x-7341)) | 2 4221 x 7341 - + = | 2:cell 4221:cell x:cell 7341:cell -:cell +:cell =:cell
EXPR: 0 | POS | INT | 22 | 3120 | 11560 | (2-7341)=(4221-x) | 2 7341 - 4221 x - = | 2:cell 7341:cell -:cell 4221:cell x:cell -:cell =:cell
EXPR: 0 | POS | INT | 22 | 3120 | 11564 | 7341=((x-2)-4221) | 7341 x 2 - 4221 - = | 7341:cell x:cell 2:cell -:cell 4221:cell -:cell =:cell
EXPR: 0 | POS | INT | 22 | 3120 | 1101 | (x+7341)=(2*4221) | x 7341 + 2 4221 * = | x:cell 7341:cell +:cell 2:sample 4221:cell *:cell =:cell
EXPR: 0 | POS | INT | 22 | 3120 | 31001043 | (x/(2+4221))=7341 | x 2 4221 + / 7341 = | x:cell 2:sample 4221:sample +:sample /:cell 7341:cell =:cell
EXPR: 0 | POS | INT | 22 | 3120 | 3122 | 2=(4221-(7341-x)) | 2 4221 7341 x - - = | 2:cell 4221:cell 7341:cell x:cell -:cell -:cell =:cell
EXPR: 0 | POS | INT | 22 | 3120 | 3118 | (2+x)=(7341-4221) | 2 x + 7341 4221 - = | 2:cell x:cell +:cell 7341:cell 4221:cell -:cell =:cell
EXPR: 0 | POS | INT | 22 | 3120 | 11560 | (2+x)=(7341+4221) | 2 x + 7341 4221 + = | 2:cell x:cell +:cell 7341:cell 4221:cell +:cell =:cell
EXPR: 0 | POS | INT | 22 | 3120 | 11560 | 7341=(2-(4221-x)) | 7341 2 4221 x - - = | 7341:cell 2:cell 4221:cell x:cell -:cell -:cell =:cell
EXPR: 0 | POS | INT | 22 | 3120 | 15783 | (x-7341)=(2*4221) | x 7341 - 2 4221 * = | x:cell 7341:cell -:cell 2:sample 4221:cell *:cell =:cell
EXPR: 0 | POS | INT | 22 | 3120 | 3122 | 2=(x+(4221-7341)) | 2 x 4221 7341 - + = | 2:cell x:cell 4221:cell 7341:cell -:cell +:cell =:cell
EXPR: 0 | POS | INT | 22 | 3120 | 11560 | 2=(4221-(x-7341)) | 2 4221 x 7341 - - = | 2:cell 4221:cell x:cell 7341:cell -:cell -:cell =:cell
EXPR: 0 | POS | INT | 25 | 3120 | 23124 | ((7341+4221)*2)=x | 7341 4221 + 2 * x = | 7341:cell 4221:cell +:cell 2:sample *:cell x:cell =:cell
EXPR: 0 | POS | INT | 25 | 3120 | 5781 | ((7341+4221)/2)=x | 7341 4221 + 2 / x = | 7341:cell 4221:cell +:cell 2:sample /:cell x:cell =:cell
EXPR: 0 | POS | INT | 25 | 3120 | 18903 | x=(4221+(2*7341)) | x 4221 2 7341 * + = | x:cell 4221:cell 2:sample 7341:cell *:cell +:cell =:cell
EXPR: 0 | POS | INT | 25 | 3120 | 1560 | x=((7341-4221)/2) | x 7341 4221 - 2 / = | x:cell 7341:cell 4221:cell -:cell 2:sample /:cell =:cell
EXPR: 0 | POS | INT | 25 | 3120 | 18903 | (4221+(2*7341))=x | 4221 2 7341 * + x = | 4221:cell 2:sample 7341:cell *:cell +:cell x:cell =:cell
EXPR: 0 | POS | INT | 25 | 3120 | 6240 | x=((7341-4221)*2) | x 7341 4221 - 2 * = | x:cell 7341:cell 4221:cell -:cell 2:sample *:cell =:cell
EXPR: 0 | POS | INT | 25 | 3120 | 23124 | x=((7341+4221)*2) | x 7341 4221 + 2 * = | x:cell 7341:cell 4221:cell +:cell 2:sample *:cell =:cell
EXPR: 0 | POS | INT | 25 | 3120 | 5781 | x=((7341+4221)/2) | x 7341 4221 + 2 / = | x:cell 7341:cell 4221:cell +:cell 2:sample /:cell =:cell
EXPR: 0 | POS | INT | 25 | 3120 | 6240 | ((7341-4221)*2)=x | 7341 4221 - 2 * x = | 7341:cell 4221:cell -:cell 2:sample *:cell x:cell =:cell
EXPR: 0 | POS | INT | 25 | 3120 | 1560 | ((7341-4221)/2)=x | 7341 4221 - 2 / x = | 7341:cell 4221:cell -:cell 2:sample /:cell x:cell =:cell
EXPR: 0 | POS | INT | 27 | 3120 | 5781 | 4221=((2*x)-7341) | 4221 2 x * 7341 - = | 4221:cell 2:sample x:cell *:cell 7341:cell -:cell =:cell
EXPR: 0 | POS | INT | 27 | 3120 | 1560 | (4221+(2*x))=7341 | 4221 2 x * + 7341 = | 4221:cell 2:sample x:cell *:cell +:cell 7341:cell =:cell
EXPR: 0 | POS | INT | 27 | 3120 | 1560 | 7341=(4221+(x*2)) | 7341 4221 x 2 * + = | 7341:cell 4221:cell x:cell 2:sample *:cell +:cell =:cell
EXPR: 0 | POS | INT | 27 | 3120 | 6240 | 7341=(4221+(x/2)) | 7341 4221 x 2 / + = | 7341:cell 4221:cell x:cell 2:sample /:cell +:cell =:cell
EXPR: 0 | POS | INT | 27 | 3120 | 10461 | 4221=((2*7341)-x) | 4221 2 7341 * x - = | 4221:cell 2:sample 7341:cell *:cell x:cell -:cell =:cell
EXPR: 0 | POS | INT | 27 | 3120 | 18903 | 4221=(x-(2*7341)) | 4221 x 2 7341 * - = | 4221:cell x:cell 2:sample 7341:cell *:cell -:cell =:cell
EXPR: 0 | POS | INT | 27 | 3120 | 23124 | 4221=((x/2)-7341) | 4221 x 2 / 7341 - = | 4221:cell x:cell 2:sample /:cell 7341:cell -:cell =:cell
EXPR: 0 | POS | INT | 27 | 3120 | 6240 | (4221+(x/2))=7341 | 4221 x 2 / + 7341 = | 4221:cell x:cell 2:sample /:cell +:cell 7341:cell =:cell
EXPR: 0 | POS | INT | 27 | 3120 | 10461 | ((4221+x)/2)=7341 | 4221 x + 2 / 7341 = | 4221:cell x:cell +:cell 2:sample /:cell 7341:cell =:cell
EXPR: 0 | POS | INT | 27 | 3120 | 10461 | ((x+4221)/2)=7341 | x 4221 + 2 / 7341 = | x:cell 4221:cell +:cell 2:sample /:cell 7341:cell =:cell
EXPR: 0 | POS | INT | 27 | 3120 | 5781 | 4221=((x*2)-7341) | 4221 x 2 * 7341 - = | 4221:cell x:cell 2:sample *:cell 7341:cell -:cell =:cell
EXPR: 0 | POS | INT | 27 | 3120 | 18903 | ((x-4221)/2)=7341 | x 4221 - 2 / 7341 = | x:cell 4221:cell -:cell 2:sample /:cell 7341:cell =:cell
EXPR: 0 | POS | INT | 27 | 3120 | 10461 | 7341=((x+4221)/2) | 7341 x 4221 + 2 / = | 7341:cell x:cell 4221:cell +:cell 2:sample /:cell =:cell
EXPR: 0 | POS | INT | 27 | 3120 | 18903 | 7341=((x-4221)/2) | 7341 x 4221 - 2 / = | 7341:cell x:cell 4221:cell -:cell 2:sample /:cell =:cell
EXPR: 0 | POS | INT | 27 | 3120 | 1560 | 7341=(4221+(2*x)) | 7341 4221 2 x * + = | 7341:cell 4221:cell 2:sample x:cell *:cell +:cell =:cell
EXPR: 0 | POS | INT | 27 | 3120 | 10461 | 7341=((4221+x)/2) | 7341 4221 x + 2 / = | 7341:cell 4221:cell x:cell +:cell 2:sample /:cell =:cell
EXPR: 0 | POS | INT | 27 | 3120 | 1560 | (4221+(x*2))=7341 | 4221 x 2 * + 7341 = | 4221:cell x:cell 2:sample *:cell +:cell 7341:cell =:cell
NET 229 unique, non-negative, integer-valued solutions found out of 1000 total solutions
