parameters: n=7 l=3 k=1 p=5 q=2 m=9
TOTAL 1000 solutions found
SOLN: CORRECT | POS/NEG | INT/FRA | OBJ-SCORE | TRUE-ANS | ANS | INFIX | POSTFIX | TYPED-POSTFIX
EXPR: 0 | POS | INT | 0 | 5703 | 17304 | x=(9570+(3867/0.5)) | x 9570 3867 0.5 / + = | x:ticket 9570:ticket 3867:ticket 0.5:half /:ticket +:ticket =:ticket
EXPR: 0 | POS | INT | 0 | 5703 | 1836 | x=(9570-(3867/0.5)) | x 9570 3867 0.5 / - = | x:ticket 9570:ticket 3867:ticket 0.5:half /:ticket -:ticket =:ticket
EXPR: 0 | POS | FRA | 0 | 5703 | 7636.5 | x=(9570-(3867*0.5)) | x 9570 3867 0.5 * - = | x:ticket 9570:ticket 3867:ticket 0.5:half *:ticket -:ticket =:ticket
EXPR: 0 | POS | INT | 0 | 5703 | 17304 | (9570+(3867/0.5))=x | 9570 3867 0.5 / + x = | 9570:ticket 3867:ticket 0.5:half /:ticket +:ticket x:ticket =:ticket
EXPR: 0 | POS | INT | 0 | 5703 | 26874 | ((9570+3867)/0.5)=x | 9570 3867 + 0.5 / x = | 9570:ticket 3867:ticket +:ticket 0.5:half /:ticket x:ticket =:ticket
EXPR: 0 | POS | FRA | 0 | 5703 | 11503.5 | x=(9570+(3867*0.5)) | x 9570 3867 0.5 * + = | x:ticket 9570:ticket 3867:ticket 0.5:half *:ticket +:ticket =:ticket
EXPR: 0 | POS | FRA | 0 | 5703 | 6718.5 | ((9570+3867)*0.5)=x | 9570 3867 + 0.5 * x = | 9570:ticket 3867:ticket +:ticket 0.5:half *:ticket x:ticket =:ticket
EXPR: 0 | POS | INT | 0 | 5703 | 11406 | ((9570-3867)/0.5)=x | 9570 3867 - 0.5 / x = | 9570:ticket 3867:ticket -:ticket 0.5:half /:ticket x:ticket =:ticket
EXPR: 0 | POS | INT | 0 | 5703 | 1836 | (9570-(3867/0.5))=x | 9570 3867 0.5 / - x = | 9570:ticket 3867:ticket 0.5:half /:ticket -:ticket x:ticket =:ticket
EXPR: 0 | POS | FRA | 0 | 5703 | 2851.5 | ((9570-3867)*0.5)=x | 9570 3867 - 0.5 * x = | 9570:ticket 3867:ticket -:ticket 0.5:half *:ticket x:ticket =:ticket
EXPR: 0 | POS | FRA | 0 | 5703 | 11503.5 | (9570+(3867*0.5))=x | 9570 3867 0.5 * + x = | 9570:ticket 3867:ticket 0.5:half *:ticket +:ticket x:ticket =:ticket
EXPR: 0 | POS | FRA | 0 | 5703 | 7636.5 | (9570-(3867*0.5))=x | 9570 3867 0.5 * - x = | 9570:ticket 3867:ticket 0.5:half *:ticket -:ticket x:ticket =:ticket
EXPR: 0 | POS | INT | 0 | 5703 | 11406 | x=((9570-3867)/0.5) | x 9570 3867 - 0.5 / = | x:ticket 9570:ticket 3867:ticket -:ticket 0.5:half /:ticket =:ticket
EXPR: 0 | POS | FRA | 0 | 5703 | 6718.5 | x=((9570+3867)*0.5) | x 9570 3867 + 0.5 * = | x:ticket 9570:ticket 3867:ticket +:ticket 0.5:half *:ticket =:ticket
EXPR: 0 | POS | INT | 0 | 5703 | 26874 | x=((9570+3867)/0.5) | x 9570 3867 + 0.5 / = | x:ticket 9570:ticket 3867:ticket +:ticket 0.5:half /:ticket =:ticket
EXPR: 0 | POS | FRA | 0 | 5703 | 2851.5 | x=((9570-3867)*0.5) | x 9570 3867 - 0.5 * = | x:ticket 9570:ticket 3867:ticket -:ticket 0.5:half *:ticket =:ticket
EXPR: 0 | POS | FRA | 2 | 5703 | 7636.5 | 9570=((3867*0.5)+x) | 9570 3867 0.5 * x + = | 9570:ticket 3867:ticket 0.5:half *:ticket x:ticket +:ticket =:ticket
EXPR: 0 | POS | INT | 2 | 5703 | 8652 | 9570=((x-3867)/0.5) | 9570 x 3867 - 0.5 / = | 9570:ticket x:ticket 3867:ticket -:ticket 0.5:half /:ticket =:ticket
EXPR: 0 | POS | INT | 2 | 5703 | 1836 | 9570=((3867/0.5)+x) | 9570 3867 0.5 / x + = | 9570:ticket 3867:ticket 0.5:half /:ticket x:ticket +:ticket =:ticket
EXPR: 0 | POS | INT | 2 | 5703 | 17304 | 9570=(x-(3867/0.5)) | 9570 x 3867 0.5 / - = | 9570:ticket x:ticket 3867:ticket 0.5:half /:ticket -:ticket =:ticket
EXPR: 0 | POS | FRA | 2 | 5703 | 11503.5 | 9570=(x-(3867*0.5)) | 9570 x 3867 0.5 * - = | 9570:ticket x:ticket 3867:ticket 0.5:half *:ticket -:ticket =:ticket
EXPR: 0 | POS | INT | 2 | 5703 | 918 | 9570=((3867+x)/0.5) | 9570 3867 x + 0.5 / = | 9570:ticket 3867:ticket x:ticket +:ticket 0.5:half /:ticket =:ticket
EXPR: 0 | POS | INT | 2 | 5703 | 918 | 9570=((x+3867)/0.5) | 9570 x 3867 + 0.5 / = | 9570:ticket x:ticket 3867:ticket +:ticket 0.5:half /:ticket =:ticket
EXPR: 0 | POS | INT | 2 | 5703 | 1836 | 9570=(x+(3867/0.5)) | 9570 x 3867 0.5 / + = | 9570:ticket x:ticket 3867:ticket 0.5:half /:ticket +:ticket =:ticket
EXPR: 0 | POS | INT | 2 | 5703 | 15273 | 9570=((x+3867)*0.5) | 9570 x 3867 + 0.5 * = | 9570:ticket x:ticket 3867:ticket +:ticket 0.5:half *:ticket =:ticket
EXPR: 0 | POS | FRA | 2 | 5703 | 7636.5 | 9570=(x+(3867*0.5)) | 9570 x 3867 0.5 * + = | 9570:ticket x:ticket 3867:ticket 0.5:half *:ticket +:ticket =:ticket
EXPR: 0 | POS | INT | 2 | 5703 | 11406 | 9570=(3867+(0.5*x)) | 9570 3867 0.5 x * + = | 9570:ticket 3867:ticket 0.5:half x:ticket *:ticket +:ticket =:ticket
EXPR: 0 | POS | INT | 2 | 5703 | 23007 | 9570=((x-3867)*0.5) | 9570 x 3867 - 0.5 * = | 9570:ticket x:ticket 3867:ticket -:ticket 0.5:half *:ticket =:ticket
EXPR: 0 | POS | INT | 2 | 5703 | 15273 | 9570=((3867+x)*0.5) | 9570 3867 x + 0.5 * = | 9570:ticket 3867:ticket x:ticket +:ticket 0.5:half *:ticket =:ticket
EXPR: 0 | POS | FRA | 2 | 5703 | 2851.5 | 9570=(3867+(x/0.5)) | 9570 3867 x 0.5 / + = | 9570:ticket 3867:ticket x:ticket 0.5:half /:ticket +:ticket =:ticket
EXPR: 0 | POS | INT | 2 | 5703 | 11406 | 9570=(3867+(x*0.5)) | 9570 3867 x 0.5 * + = | 9570:ticket 3867:ticket x:ticket 0.5:half *:ticket +:ticket =:ticket
EXPR: 0 | POS | INT | 10 | 5703 | 23007 | x=(3867+(9570/0.5)) | x 3867 9570 0.5 / + = | x:ticket 3867:ticket 9570:ticket 0.5:half /:ticket +:ticket =:ticket
EXPR: 0 | POS | FRA | 10 | 5703 | 13437.5 | ((9570+3867)+0.5)=x | 9570 3867 + 0.5 + x = | 9570:ticket 3867:ticket +:ticket 0.5:ticket +:ticket x:ticket =:ticket
EXPR: 0 | POS | FRA | 10 | 5703 | 5703.5 | ((9570-3867)+0.5)=x | 9570 3867 - 0.5 + x = | 9570:ticket 3867:ticket -:ticket 0.5:ticket +:ticket x:ticket =:ticket
EXPR: 0 | POS | FRA | 10 | 5703 | 5702.5 | ((9570-3867)-0.5)=x | 9570 3867 - 0.5 - x = | 9570:ticket 3867:ticket -:ticket 0.5:ticket -:ticket x:ticket =:ticket
EXPR: 0 | POS | FRA | 10 | 5703 | 2.475106685633 | (9570/(3867-0.5))=x | 9570 3867 0.5 - / x = | 9570:ticket 3867:half 0.5:half -:half /:ticket x:ticket =:ticket
EXPR: 0 | POS | FRA | 10 | 5703 | 13436.5 | x=((9570+3867)-0.5) | x 9570 3867 + 0.5 - = | x:ticket 9570:ticket 3867:ticket +:ticket 0.5:ticket -:ticket =:ticket
EXPR: 0 | POS | INT | 10 | 5703 | 8652 | x=(3867+(9570*0.5)) | x 3867 9570 0.5 * + = | x:ticket 3867:ticket 9570:ticket 0.5:half *:ticket +:ticket =:ticket
EXPR: 0 | POS | FRA | 10 | 5703 | 5702.5 | x=((9570-3867)-0.5) | x 9570 3867 - 0.5 - = | x:ticket 9570:ticket 3867:ticket -:ticket 0.5:ticket -:ticket =:ticket
EXPR: 0 | POS | INT | 10 | 5703 | 37002405 | (9570*(3867-0.5))=x | 9570 3867 0.5 - * x = | 9570:ticket 3867:half 0.5:half -:half *:ticket x:ticket =:ticket
EXPR: 0 | POS | FRA | 10 | 5703 | 2.47446670976083 | (9570/(3867+0.5))=x | 9570 3867 0.5 + / x = | 9570:ticket 3867:half 0.5:half +:half /:ticket x:ticket =:ticket
EXPR: 0 | POS | INT | 10 | 5703 | 37011975 | (9570*(3867+0.5))=x | 9570 3867 0.5 + * x = | 9570:ticket 3867:half 0.5:half +:half *:ticket x:ticket =:ticket
EXPR: 0 | POS | FRA | 10 | 5703 | 13436.5 | ((9570+3867)-0.5)=x | 9570 3867 + 0.5 - x = | 9570:ticket 3867:ticket +:ticket 0.5:ticket -:ticket x:ticket =:ticket
EXPR: 0 | POS | FRA | 10 | 5703 | 5702.5 | (9570-(3867+0.5))=x | 9570 3867 0.5 + - x = | 9570:ticket 3867:ticket 0.5:ticket +:ticket -:ticket x:ticket =:ticket
EXPR: 0 | POS | FRA | 10 | 5703 | 13437.5 | x=((9570+3867)+0.5) | x 9570 3867 + 0.5 + = | x:ticket 9570:ticket 3867:ticket +:ticket 0.5:ticket +:ticket =:ticket
EXPR: 0 | POS | FRA | 10 | 5703 | 13436.5 | (9570+(3867-0.5))=x | 9570 3867 0.5 - + x = | 9570:ticket 3867:ticket 0.5:ticket -:ticket +:ticket x:ticket =:ticket
EXPR: 0 | POS | FRA | 10 | 5703 | 5703.5 | x=(9570-(3867-0.5)) | x 9570 3867 0.5 - - = | x:ticket 9570:ticket 3867:ticket 0.5:ticket -:ticket -:ticket =:ticket
EXPR: 0 | POS | FRA | 10 | 5703 | 2.47446670976083 | x=(9570/(3867+0.5)) | x 9570 3867 0.5 + / = | x:ticket 9570:ticket 3867:half 0.5:half +:half /:ticket =:ticket
EXPR: 0 | POS | FRA | 10 | 5703 | 5703.5 | x=((9570-3867)+0.5) | x 9570 3867 - 0.5 + = | x:ticket 9570:ticket 3867:ticket -:ticket 0.5:ticket +:ticket =:ticket
EXPR: 0 | POS | INT | 10 | 5703 | 918 | ((9570*0.5)-3867)=x | 9570 0.5 * 3867 - x = | 9570:ticket 0.5:half *:ticket 3867:ticket -:ticket x:ticket =:ticket
EXPR: 0 | POS | INT | 10 | 5703 | 8652 | ((9570*0.5)+3867)=x | 9570 0.5 * 3867 + x = | 9570:ticket 0.5:half *:ticket 3867:ticket +:ticket x:ticket =:ticket
EXPR: 0 | POS | INT | 10 | 5703 | 15273 | x=((9570/0.5)-3867) | x 9570 0.5 / 3867 - = | x:ticket 9570:ticket 0.5:half /:ticket 3867:ticket -:ticket =:ticket
EXPR: 0 | POS | FRA | 10 | 5703 | 5703.5 | (9570-(3867-0.5))=x | 9570 3867 0.5 - - x = | 9570:ticket 3867:ticket 0.5:ticket -:ticket -:ticket x:ticket =:ticket
EXPR: 0 | POS | INT | 10 | 5703 | 8652 | (3867+(9570*0.5))=x | 3867 9570 0.5 * + x = | 3867:ticket 9570:ticket 0.5:half *:ticket +:ticket x:ticket =:ticket
EXPR: 0 | POS | INT | 10 | 5703 | 918 | x=((9570*0.5)-3867) | x 9570 0.5 * 3867 - = | x:ticket 9570:ticket 0.5:half *:ticket 3867:ticket -:ticket =:ticket
EXPR: 0 | POS | INT | 10 | 5703 | 37011975 | x=(9570*(3867+0.5)) | x 9570 3867 0.5 + * = | x:ticket 9570:ticket 3867:half 0.5:half +:half *:ticket =:ticket
EXPR: 0 | POS | FRA | 10 | 5703 | 2.475106685633 | x=(9570/(3867-0.5)) | x 9570 3867 0.5 - / = | x:ticket 9570:ticket 3867:half 0.5:half -:half /:ticket =:ticket
EXPR: 0 | POS | INT | 10 | 5703 | 37002405 | x=(9570*(3867-0.5)) | x 9570 3867 0.5 - * = | x:ticket 9570:ticket 3867:half 0.5:half -:half *:ticket =:ticket
EXPR: 0 | POS | INT | 10 | 5703 | 23007 | x=((9570/0.5)+3867) | x 9570 0.5 / 3867 + = | x:ticket 9570:ticket 0.5:half /:ticket 3867:ticket +:ticket =:ticket
EXPR: 0 | POS | INT | 10 | 5703 | 8652 | x=((9570*0.5)+3867) | x 9570 0.5 * 3867 + = | x:ticket 9570:ticket 0.5:half *:ticket 3867:ticket +:ticket =:ticket
EXPR: 0 | POS | FRA | 10 | 5703 | 13437.5 | x=(9570+(3867+0.5)) | x 9570 3867 0.5 + + = | x:ticket 9570:ticket 3867:ticket 0.5:ticket +:ticket +:ticket =:ticket
EXPR: 0 | POS | FRA | 10 | 5703 | 13436.5 | x=(9570+(3867-0.5)) | x 9570 3867 0.5 - + = | x:ticket 9570:ticket 3867:ticket 0.5:ticket -:ticket +:ticket =:ticket
EXPR: 0 | POS | INT | 10 | 5703 | 23007 | (3867+(9570/0.5))=x | 3867 9570 0.5 / + x = | 3867:ticket 9570:ticket 0.5:half /:ticket +:ticket x:ticket =:ticket
EXPR: 0 | POS | FRA | 10 | 5703 | 5702.5 | x=(9570-(3867+0.5)) | x 9570 3867 0.5 + - = | x:ticket 9570:ticket 3867:ticket 0.5:ticket +:ticket -:ticket =:ticket
EXPR: 0 | POS | INT | 10 | 5703 | 23007 | ((9570/0.5)+3867)=x | 9570 0.5 / 3867 + x = | 9570:ticket 0.5:half /:ticket 3867:ticket +:ticket x:ticket =:ticket
EXPR: 0 | POS | INT | 10 | 5703 | 15273 | ((9570/0.5)-3867)=x | 9570 0.5 / 3867 - x = | 9570:ticket 0.5:half /:ticket 3867:ticket -:ticket x:ticket =:ticket
EXPR: 0 | POS | FRA | 10 | 5703 | 13437.5 | (9570+(3867+0.5))=x | 9570 3867 0.5 + + x = | 9570:ticket 3867:ticket 0.5:ticket +:ticket +:ticket x:ticket =:ticket
EXPR: 0 | POS | FRA | 12 | 5703 | 2851.5 | 9570=((x/0.5)+3867) | 9570 x 0.5 / 3867 + = | 9570:ticket x:ticket 0.5:half /:ticket 3867:ticket +:ticket =:ticket
EXPR: 0 | POS | FRA | 12 | 5703 | 5702.5 | (9570-(3867+x))=0.5 | 9570 3867 x + - 0.5 = | 9570:ticket 3867:ticket x:ticket +:ticket -:ticket 0.5:ticket =:ticket
EXPR: 0 | POS | FRA | 12 | 5703 | 6718.5 | 9570=((x/0.5)-3867) | 9570 x 0.5 / 3867 - = | 9570:ticket x:ticket 0.5:half /:ticket 3867:ticket -:ticket =:ticket
EXPR: 0 | POS | INT | 12 | 5703 | 23007 | 3867=(x-(9570/0.5)) | 3867 x 9570 0.5 / - = | 3867:ticket x:ticket 9570:ticket 0.5:half /:ticket -:ticket =:ticket
EXPR: 0 | POS | FRA | 12 | 5703 | 8.76731544800982e-5 | ((9570-3867)*x)=0.5 | 9570 3867 - x * 0.5 = | 9570:ticket 3867:ticket -:ticket x:half *:half 0.5:half =:half
EXPR: 0 | POS | INT | 12 | 5703 | 15273 | (9570/(3867+x))=0.5 | 9570 3867 x + / 0.5 = | 9570:half 3867:ticket x:ticket +:ticket /:half 0.5:half =:half
EXPR: 0 | POS | FRA | 12 | 5703 | 5703.5 | 9570=((x+3867)-0.5) | 9570 x 3867 + 0.5 - = | 9570:ticket x:ticket 3867:ticket +:ticket 0.5:ticket -:ticket =:ticket
EXPR: 0 | POS | FRA | 12 | 5703 | 3866.9999477534 | (9570*(3867-x))=0.5 | 9570 3867 x - * 0.5 = | 9570:half 3867:ticket x:ticket -:ticket *:half 0.5:half =:half
EXPR: 0 | POS | FRA | 12 | 5703 | 13436.5 | ((9570+3867)-x)=0.5 | 9570 3867 + x - 0.5 = | 9570:ticket 3867:ticket +:ticket x:ticket -:ticket 0.5:ticket =:ticket
EXPR: 0 | POS | INT | 12 | 5703 | 11406 | (9570-(x*0.5))=3867 | 9570 x 0.5 * - 3867 = | 9570:ticket x:ticket 0.5:half *:ticket -:ticket 3867:ticket =:ticket
EXPR: 0 | POS | FRA | 12 | 5703 | 13437.5 | 9570=((x-3867)-0.5) | 9570 x 3867 - 0.5 - = | 9570:ticket x:ticket 3867:ticket -:ticket 0.5:ticket -:ticket =:ticket
EXPR: 0 | POS | FRA | 12 | 5703 | 5702.5 | 9570=((x+3867)+0.5) | 9570 x 3867 + 0.5 + = | 9570:ticket x:ticket 3867:ticket +:ticket 0.5:ticket +:ticket =:ticket
EXPR: 0 | POS | INT | 12 | 5703 | 17304 | ((x-9570)*0.5)=3867 | x 9570 - 0.5 * 3867 = | x:ticket 9570:ticket -:ticket 0.5:half *:ticket 3867:ticket =:ticket
EXPR: 0 | POS | FRA | 12 | 5703 | 5702.5 | (9570-(x+3867))=0.5 | 9570 x 3867 + - 0.5 = | 9570:ticket x:ticket 3867:ticket +:ticket -:ticket 0.5:ticket =:ticket
EXPR: 0 | POS | FRA | 12 | 5703 | 13436.5 | 9570=(x-(3867-0.5)) | 9570 x 3867 0.5 - - = | 9570:ticket x:ticket 3867:ticket 0.5:ticket -:ticket -:ticket =:ticket
EXPR: 0 | POS | INT | 12 | 5703 | 23007 | (x-(9570/0.5))=3867 | x 9570 0.5 / - 3867 = | x:ticket 9570:ticket 0.5:half /:ticket -:ticket 3867:ticket =:ticket
EXPR: 0 | POS | INT | 12 | 5703 | 8652 | 3867=(x-(9570*0.5)) | 3867 x 9570 0.5 * - = | 3867:ticket x:ticket 9570:ticket 0.5:half *:ticket -:ticket =:ticket
EXPR: 0 | POS | FRA | 12 | 5703 | 3.72106869092803e-5 | ((9570+3867)*x)=0.5 | 9570 3867 + x * 0.5 = | 9570:ticket 3867:ticket +:ticket x:half *:half 0.5:half =:half
EXPR: 0 | POS | FRA | 12 | 5703 | 2.47446670976083 | 9570=(x*(3867+0.5)) | 9570 x 3867 0.5 + * = | 9570:ticket x:ticket 3867:half 0.5:half +:half *:ticket =:ticket
EXPR: 0 | POS | FRA | 12 | 5703 | 13437.5 | 9570=(x-(3867+0.5)) | 9570 x 3867 0.5 + - = | 9570:ticket x:ticket 3867:ticket 0.5:ticket +:ticket -:ticket =:ticket
EXPR: 0 | POS | FRA | 12 | 5703 | 2.475106685633 | 9570=(x*(3867-0.5)) | 9570 x 3867 0.5 - * = | 9570:ticket x:ticket 3867:half 0.5:half -:half *:ticket =:ticket
EXPR: 0 | POS | FRA | 12 | 5703 | 13436.5 | ((9570-x)+3867)=0.5 | 9570 x - 3867 + 0.5 = | 9570:ticket x:ticket -:ticket 3867:ticket +:ticket 0.5:ticket =:ticket
EXPR: 0 | POS | FRA | 12 | 5703 | 5702.5 | ((9570-3867)-x)=0.5 | 9570 3867 - x - 0.5 = | 9570:ticket 3867:ticket -:ticket x:ticket -:ticket 0.5:ticket =:ticket
EXPR: 0 | POS | INT | 12 | 5703 | 15273 | 3867=((9570/0.5)-x) | 3867 9570 0.5 / x - = | 3867:ticket 9570:ticket 0.5:half /:ticket x:ticket -:ticket =:ticket
EXPR: 0 | POS | INT | 12 | 5703 | 15273 | (9570/(x+3867))=0.5 | 9570 x 3867 + / 0.5 = | 9570:half x:ticket 3867:ticket +:ticket /:half 0.5:half =:half
EXPR: 0 | POS | FRA | 12 | 5703 | 11503.5 | 3867=((x-9570)/0.5) | 3867 x 9570 - 0.5 / = | 3867:ticket x:ticket 9570:ticket -:ticket 0.5:half /:ticket =:ticket
EXPR: 0 | POS | FRA | 12 | 5703 | 5702.5 | 9570=((3867+0.5)+x) | 9570 3867 0.5 + x + = | 9570:ticket 3867:ticket 0.5:ticket +:ticket x:ticket +:ticket =:ticket
EXPR: 0 | POS | FRA | 12 | 5703 | 5702.5 | 9570=((3867+x)+0.5) | 9570 3867 x + 0.5 + = | 9570:ticket 3867:ticket x:ticket +:ticket 0.5:ticket +:ticket =:ticket
EXPR: 0 | POS | FRA | 12 | 5703 | 5702.5 | ((9570-x)-3867)=0.5 | 9570 x - 3867 - 0.5 = | 9570:ticket x:ticket -:ticket 3867:ticket -:ticket 0.5:ticket =:ticket
EXPR: 0 | POS | FRA | 12 | 5703 | 2.475106685633 | 9570=((3867-0.5)*x) | 9570 3867 0.5 - x * = | 9570:ticket 3867:half 0.5:half -:half x:ticket *:ticket =:ticket
EXPR: 0 | POS | FRA | 12 | 5703 | 0.904075235109718 | 9570=(3867/(x-0.5)) | 9570 3867 x 0.5 - / = | 9570:ticket 3867:ticket x:half 0.5:half -:half /:ticket =:ticket
EXPR: 0 | POS | FRA | 12 | 5703 | 5703.5 | 9570=((3867+x)-0.5) | 9570 3867 x + 0.5 - = | 9570:ticket 3867:ticket x:ticket +:ticket 0.5:ticket -:ticket =:ticket
EXPR: 0 | POS | FRA | 12 | 5703 | 5702.5 | 9570=(x+(3867+0.5)) | 9570 x 3867 0.5 + + = | 9570:ticket x:ticket 3867:ticket 0.5:ticket +:ticket +:ticket =:ticket
EXPR: 0 | POS | INT | 12 | 5703 | 23007 | (9570/(x-3867))=0.5 | 9570 x 3867 - / 0.5 = | 9570:half x:ticket 3867:ticket -:ticket /:half 0.5:half =:half
EXPR: 0 | POS | FRA | 12 | 5703 | 3867.0000522466 | (9570*(x-3867))=0.5 | 9570 x 3867 - * 0.5 = | 9570:half x:ticket 3867:ticket -:ticket *:half 0.5:half =:half
EXPR: 0 | POS | FRA | 12 | 5703 | 1.97478665632273 | 9570=(3867*(x+0.5)) | 9570 3867 x 0.5 + * = | 9570:ticket 3867:ticket x:half 0.5:half +:half *:ticket =:ticket
EXPR: 0 | POS | FRA | 12 | 5703 | 11503.5 | ((x-9570)/0.5)=3867 | x 9570 - 0.5 / 3867 = | x:ticket 9570:ticket -:ticket 0.5:half /:ticket 3867:ticket =:ticket
EXPR: 0 | POS | FRA | 12 | 5703 | 2.97478665632273 | 9570=(3867*(x-0.5)) | 9570 3867 x 0.5 - * = | 9570:ticket 3867:ticket x:half 0.5:half -:half *:ticket =:ticket
EXPR: 0 | POS | INT | 12 | 5703 | 26874 | 9570=((x*0.5)-3867) | 9570 x 0.5 * 3867 - = | 9570:ticket x:ticket 0.5:half *:ticket 3867:ticket -:ticket =:ticket
EXPR: 0 | POS | INT | 12 | 5703 | 11406 | 9570=((x*0.5)+3867) | 9570 x 0.5 * 3867 + = | 9570:ticket x:ticket 0.5:half *:ticket 3867:ticket +:ticket =:ticket
EXPR: 0 | POS | FRA | 12 | 5703 | 2851.5 | 3867=(9570-(x/0.5)) | 3867 9570 x 0.5 / - = | 3867:ticket 9570:ticket x:ticket 0.5:half /:ticket -:ticket =:ticket
EXPR: 0 | POS | INT | 12 | 5703 | 11406 | 3867=(9570-(x*0.5)) | 3867 9570 x 0.5 * - = | 3867:ticket 9570:ticket x:ticket 0.5:half *:ticket -:ticket =:ticket
EXPR: 0 | POS | FRA | 12 | 5703 | 5703.5 | 9570=(x+(3867-0.5)) | 9570 x 3867 0.5 - + = | 9570:ticket x:ticket 3867:ticket 0.5:ticket -:ticket +:ticket =:ticket
EXPR: 0 | POS | FRA | 12 | 5703 | 9570.0001292992 | ((x-9570)*3867)=0.5 | x 9570 - 3867 * 0.5 = | x:ticket 9570:ticket -:ticket 3867:half *:half 0.5:half =:half
EXPR: 0 | POS | FRA | 12 | 5703 | 0.0959247648902821 | 9570=(3867/(0.5-x)) | 9570 3867 0.5 x - / = | 9570:ticket 3867:ticket 0.5:half x:half -:half /:ticket =:ticket
EXPR: 0 | POS | INT | 12 | 5703 | 11406 | 3867=(9570-(0.5*x)) | 3867 9570 0.5 x * - = | 3867:ticket 9570:ticket 0.5:half x:ticket *:ticket -:ticket =:ticket
EXPR: 0 | POS | FRA | 12 | 5703 | 7636.5 | ((9570-x)/0.5)=3867 | 9570 x - 0.5 / 3867 = | 9570:ticket x:ticket -:ticket 0.5:half /:ticket 3867:ticket =:ticket
EXPR: 0 | POS | INT | 12 | 5703 | 918 | ((9570*0.5)-x)=3867 | 9570 0.5 * x - 3867 = | 9570:ticket 0.5:half *:ticket x:ticket -:ticket 3867:ticket =:ticket
EXPR: 0 | POS | INT | 12 | 5703 | 26874 | (9570+3867)=(0.5*x) | 9570 3867 + 0.5 x * = | 9570:ticket 3867:ticket +:ticket 0.5:half x:ticket *:ticket =:ticket
EXPR: 0 | POS | FRA | 12 | 5703 | 7636.5 | 3867=((9570-x)/0.5) | 3867 9570 x - 0.5 / = | 3867:ticket 9570:ticket x:ticket -:ticket 0.5:half /:ticket =:ticket
EXPR: 0 | POS | INT | 12 | 5703 | 11406 | (9570-3867)=(0.5*x) | 9570 3867 - 0.5 x * = | 9570:ticket 3867:ticket -:ticket 0.5:half x:ticket *:ticket =:ticket
EXPR: 0 | POS | FRA | 12 | 5703 | 13436.5 | 9570=((x-3867)+0.5) | 9570 x 3867 - 0.5 + = | 9570:ticket x:ticket 3867:ticket -:ticket 0.5:ticket +:ticket =:ticket
EXPR: 0 | POS | INT | 12 | 5703 | 1836 | ((9570-x)*0.5)=3867 | 9570 x - 0.5 * 3867 = | 9570:ticket x:ticket -:ticket 0.5:half *:ticket 3867:ticket =:ticket
EXPR: 0 | POS | INT | 12 | 5703 | 1836 | (9570-x)=(3867/0.5) | 9570 x - 3867 0.5 / = | 9570:ticket x:ticket -:ticket 3867:ticket 0.5:half /:ticket =:ticket
EXPR: 0 | POS | FRA | 12 | 5703 | 7636.5 | (9570-x)=(3867*0.5) | 9570 x - 3867 0.5 * = | 9570:ticket x:ticket -:ticket 3867:ticket 0.5:half *:ticket =:ticket
EXPR: 0 | POS | FRA | 12 | 5703 | 5703.5 | ((x-9570)+3867)=0.5 | x 9570 - 3867 + 0.5 = | x:ticket 9570:ticket -:ticket 3867:ticket +:ticket 0.5:ticket =:ticket
EXPR: 0 | POS | INT | 12 | 5703 | 1836 | 3867=((9570-x)*0.5) | 3867 9570 x - 0.5 * = | 3867:ticket 9570:ticket x:ticket -:ticket 0.5:half *:ticket =:ticket
EXPR: 0 | POS | FRA | 12 | 5703 | 5703.5 | (x-(9570-3867))=0.5 | x 9570 3867 - - 0.5 = | x:ticket 9570:ticket 3867:ticket -:ticket -:ticket 0.5:ticket =:ticket
EXPR: 0 | POS | INT | 12 | 5703 | 11406 | 9570=((0.5*x)+3867) | 9570 0.5 x * 3867 + = | 9570:ticket 0.5:half x:ticket *:ticket 3867:ticket +:ticket =:ticket
EXPR: 0 | POS | INT | 12 | 5703 | 11406 | (9570-(0.5*x))=3867 | 9570 0.5 x * - 3867 = | 9570:ticket 0.5:half x:ticket *:ticket -:ticket 3867:ticket =:ticket
EXPR: 0 | POS | INT | 12 | 5703 | 15273 | 9570=(0.5*(x+3867)) | 9570 0.5 x 3867 + * = | 9570:ticket 0.5:half x:ticket 3867:ticket +:ticket *:ticket =:ticket
EXPR: 0 | POS | INT | 12 | 5703 | 23007 | 9570=(0.5*(x-3867)) | 9570 0.5 x 3867 - * = | 9570:ticket 0.5:half x:ticket 3867:ticket -:ticket *:ticket =:ticket
EXPR: 0 | POS | FRA | 12 | 5703 | 1.97478665632273 | 9570=(3867*(0.5+x)) | 9570 3867 0.5 x + * = | 9570:ticket 3867:ticket 0.5:half x:half +:half *:ticket =:ticket
EXPR: 0 | POS | FRA | 12 | 5703 | 6718.5 | (9570+3867)=(x/0.5) | 9570 3867 + x 0.5 / = | 9570:ticket 3867:ticket +:ticket x:ticket 0.5:half /:ticket =:ticket
EXPR: 0 | POS | FRA | 12 | 5703 | 2851.5 | (9570-3867)=(x/0.5) | 9570 3867 - x 0.5 / = | 9570:ticket 3867:ticket -:ticket x:ticket 0.5:half /:ticket =:ticket
EXPR: 0 | POS | INT | 12 | 5703 | 15273 | 9570=(0.5*(3867+x)) | 9570 0.5 3867 x + * = | 9570:ticket 0.5:half 3867:ticket x:ticket +:ticket *:ticket =:ticket
EXPR: 0 | POS | INT | 12 | 5703 | 26874 | (9570+3867)=(x*0.5) | 9570 3867 + x 0.5 * = | 9570:ticket 3867:ticket +:ticket x:ticket 0.5:half *:ticket =:ticket
EXPR: 0 | POS | INT | 12 | 5703 | 11406 | (9570-3867)=(x*0.5) | 9570 3867 - x 0.5 * = | 9570:ticket 3867:ticket -:ticket x:ticket 0.5:half *:ticket =:ticket
EXPR: 0 | POS | INT | 12 | 5703 | 26874 | 9570=((0.5*x)-3867) | 9570 0.5 x * 3867 - = | 9570:ticket 0.5:half x:ticket *:ticket 3867:ticket -:ticket =:ticket
EXPR: 0 | POS | FRA | 12 | 5703 | 13437.5 | ((x-9570)-3867)=0.5 | x 9570 - 3867 - 0.5 = | x:ticket 9570:ticket -:ticket 3867:ticket -:ticket 0.5:ticket =:ticket
EXPR: 0 | POS | FRA | 12 | 5703 | 5703.5 | 9570=(3867-(0.5-x)) | 9570 3867 0.5 x - - = | 9570:ticket 3867:ticket 0.5:ticket x:ticket -:ticket -:ticket =:ticket
EXPR: 0 | POS | FRA | 12 | 5703 | 13437.5 | (x-(9570+3867))=0.5 | x 9570 3867 + - 0.5 = | x:ticket 9570:ticket 3867:ticket +:ticket -:ticket 0.5:ticket =:ticket
EXPR: 0 | POS | FRA | 12 | 5703 | 2.47446670976083 | 9570=((3867+0.5)*x) | 9570 3867 0.5 + x * = | 9570:ticket 3867:half 0.5:half +:half x:ticket *:ticket =:ticket
EXPR: 0 | POS | INT | 12 | 5703 | 17304 | 3867=((x-9570)*0.5) | 3867 x 9570 - 0.5 * = | 3867:ticket x:ticket 9570:ticket -:ticket 0.5:half *:ticket =:ticket
EXPR: 0 | POS | INT | 12 | 5703 | 8652 | (x-(9570*0.5))=3867 | x 9570 0.5 * - 3867 = | x:ticket 9570:ticket 0.5:half *:ticket -:ticket 3867:ticket =:ticket
EXPR: 0 | POS | FRA | 12 | 5703 | 6718.5 | (x/(9570+3867))=0.5 | x 9570 3867 + / 0.5 = | x:half 9570:ticket 3867:ticket +:ticket /:half 0.5:half =:half
EXPR: 0 | POS | FRA | 12 | 5703 | 13436.5 | (9570+(3867-x))=0.5 | 9570 3867 x - + 0.5 = | 9570:ticket 3867:ticket x:ticket -:ticket +:ticket 0.5:ticket =:ticket
EXPR: 0 | POS | INT | 12 | 5703 | 918 | 3867=((9570*0.5)-x) | 3867 9570 0.5 * x - = | 3867:ticket 9570:ticket 0.5:half *:ticket x:ticket -:ticket =:ticket
EXPR: 0 | POS | INT | 12 | 5703 | 37011975.0000001 | 9570=(x/(3867+0.5)) | 9570 x 3867 0.5 + / = | 9570:ticket x:ticket 3867:half 0.5:half +:half /:ticket =:ticket
EXPR: 0 | POS | INT | 12 | 5703 | 37002405 | 9570=(x/(3867-0.5)) | 9570 x 3867 0.5 - / = | 9570:ticket x:ticket 3867:half 0.5:half -:half /:ticket =:ticket
EXPR: 0 | POS | FRA | 12 | 5703 | 5702.5 | 9570=(3867+(0.5+x)) | 9570 3867 0.5 x + + = | 9570:ticket 3867:ticket 0.5:ticket x:ticket +:ticket +:ticket =:ticket
EXPR: 0 | POS | FRA | 12 | 5703 | 3.72106869092803e-5 | (x*(9570+3867))=0.5 | x 9570 3867 + * 0.5 = | x:half 9570:ticket 3867:ticket +:ticket *:half 0.5:half =:half
EXPR: 0 | POS | INT | 12 | 5703 | 15273 | ((9570/0.5)-x)=3867 | 9570 0.5 / x - 3867 = | 9570:ticket 0.5:half /:ticket x:ticket -:ticket 3867:ticket =:ticket
EXPR: 0 | POS | FRA | 12 | 5703 | 8.76731544800982e-5 | (x*(9570-3867))=0.5 | x 9570 3867 - * 0.5 = | x:half 9570:ticket 3867:ticket -:ticket *:half 0.5:half =:half
EXPR: 0 | POS | FRA | 12 | 5703 | 2851.5 | (x/(9570-3867))=0.5 | x 9570 3867 - / 0.5 = | x:half 9570:ticket 3867:ticket -:ticket /:half 0.5:half =:half
EXPR: 0 | POS | FRA | 12 | 5703 | 5703.5 | 9570=((3867-0.5)+x) | 9570 3867 0.5 - x + = | 9570:ticket 3867:ticket 0.5:ticket -:ticket x:ticket +:ticket =:ticket
EXPR: 0 | POS | FRA | 12 | 5703 | 11503.5 | (x-9570)=(3867*0.5) | x 9570 - 3867 0.5 * = | x:ticket 9570:ticket -:ticket 3867:ticket 0.5:half *:ticket =:ticket
EXPR: 0 | POS | FRA | 12 | 5703 | 2851.5 | (9570-(x/0.5))=3867 | 9570 x 0.5 / - 3867 = | 9570:ticket x:ticket 0.5:half /:ticket -:ticket 3867:ticket =:ticket
EXPR: 0 | POS | INT | 12 | 5703 | 17304 | (x-9570)=(3867/0.5) | x 9570 - 3867 0.5 / = | x:ticket 9570:ticket -:ticket 3867:ticket 0.5:half /:ticket =:ticket
EXPR: 0 | POS | FRA | 12 | 5703 | 9569.9998707008 | ((9570-x)*3867)=0.5 | 9570 x - 3867 * 0.5 = | 9570:ticket x:ticket -:ticket 3867:half *:half 0.5:half =:half
EXPR: 0 | POS | FRA | 12 | 5703 | 13436.5 | (9570-(x-3867))=0.5 | 9570 x 3867 - - 0.5 = | 9570:ticket x:ticket 3867:ticket -:ticket -:ticket 0.5:ticket =:ticket
EXPR: 0 | POS | FRA | 12 | 5703 | 5702.5 | 9570=(3867+(x+0.5)) | 9570 3867 x 0.5 + + = | 9570:ticket 3867:ticket x:ticket 0.5:ticket +:ticket +:ticket =:ticket
EXPR: 0 | POS | FRA | 12 | 5703 | 5703.5 | 9570=(3867+(x-0.5)) | 9570 3867 x 0.5 - + = | 9570:ticket 3867:ticket x:ticket 0.5:ticket -:ticket +:ticket =:ticket
EXPR: 0 | POS | FRA | 20 | 5703 | 37007189.5 | x=((9570*3867)-0.5) | x 9570 3867 * 0.5 - = | x:ticket 9570:half 3867:ticket *:ticket 0.5:ticket -:ticket =:ticket
EXPR: 0 | POS | FRA | 20 | 5703 | 0.404054124653884 | (3867/(9570+0.5))=x | 3867 9570 0.5 + / x = | 3867:ticket 9570:half 0.5:half +:half /:ticket x:ticket =:ticket
EXPR: 0 | POS | FRA | 20 | 5703 | 37007189.5 | ((9570*3867)-0.5)=x | 9570 3867 * 0.5 - x = | 9570:ticket 3867:half *:half 0.5:half -:half x:half =:half
EXPR: 0 | POS | FRA | 20 | 5703 | 37007190.5 | ((9570*3867)+0.5)=x | 9570 3867 * 0.5 + x = | 9570:ticket 3867:half *:half 0.5:half +:half x:half =:half
EXPR: 0 | POS | FRA | 20 | 5703 | 13437.5 | (3867+(9570+0.5))=x | 3867 9570 0.5 + + x = | 3867:ticket 9570:ticket 0.5:ticket +:ticket +:ticket x:ticket =:ticket
EXPR: 0 | POS | FRA | 20 | 5703 | 37009123.5 | (3867*(9570+0.5))=x | 3867 9570 0.5 + * x = | 3867:ticket 9570:half 0.5:half +:half *:ticket x:ticket =:ticket
EXPR: 0 | POS | FRA | 20 | 5703 | 13436.5 | x=(9570-(0.5-3867)) | x 9570 0.5 3867 - - = | x:ticket 9570:ticket 0.5:ticket 3867:ticket -:ticket -:ticket =:ticket
EXPR: 0 | POS | FRA | 20 | 5703 | 1.97478665632273 | x=((9570/3867)-0.5) | x 9570 3867 / 0.5 - = | x:ticket 9570:ticket 3867:half /:ticket 0.5:ticket -:ticket =:ticket
EXPR: 0 | POS | FRA | 20 | 5703 | 2.97478665632273 | x=((9570/3867)+0.5) | x 9570 3867 / 0.5 + = | x:half 9570:half 3867:ticket /:half 0.5:half +:half =:half
EXPR: 0 | POS | FRA | 20 | 5703 | 37007190.5 | x=((9570*3867)+0.5) | x 9570 3867 * 0.5 + = | x:half 9570:ticket 3867:half *:half 0.5:half +:half =:half
EXPR: 0 | POS | FRA | 20 | 5703 | 0.404054124653884 | x=(3867/(9570+0.5)) | x 3867 9570 0.5 + / = | x:ticket 3867:ticket 9570:half 0.5:half +:half /:ticket =:ticket
EXPR: 0 | POS | FRA | 20 | 5703 | 37009123.5 | x=((9570+0.5)*3867) | x 9570 0.5 + 3867 * = | x:ticket 9570:half 0.5:half +:half 3867:ticket *:ticket =:ticket
EXPR: 0 | POS | FRA | 20 | 5703 | 5703.5 | ((9570+0.5)-3867)=x | 9570 0.5 + 3867 - x = | 9570:ticket 0.5:ticket +:ticket 3867:ticket -:ticket x:ticket =:ticket
EXPR: 0 | POS | FRA | 20 | 5703 | 37009123.5 | x=(3867*(9570+0.5)) | x 3867 9570 0.5 + * = | x:ticket 3867:ticket 9570:half 0.5:half +:half *:ticket =:ticket
EXPR: 0 | POS | FRA | 20 | 5703 | 13436.5 | ((9570-0.5)+3867)=x | 9570 0.5 - 3867 + x = | 9570:ticket 0.5:ticket -:ticket 3867:ticket +:ticket x:ticket =:ticket
EXPR: 0 | POS | FRA | 20 | 5703 | 5702.5 | ((9570-0.5)-3867)=x | 9570 0.5 - 3867 - x = | 9570:ticket 0.5:ticket -:ticket 3867:ticket -:ticket x:ticket =:ticket
EXPR: 0 | POS | FRA | 20 | 5703 | 0.404096347771566 | x=(3867/(9570-0.5)) | x 3867 9570 0.5 - / = | x:ticket 3867:ticket 9570:half 0.5:half -:half /:ticket =:ticket
EXPR: 0 | POS | FRA | 20 | 5703 | 13437.5 | ((9570+0.5)+3867)=x | 9570 0.5 + 3867 + x = | 9570:ticket 0.5:ticket +:ticket 3867:ticket +:ticket x:ticket =:ticket
EXPR: 0 | POS | FRA | 20 | 5703 | 5702.5 | x=((9570-0.5)-3867) | x 9570 0.5 - 3867 - = | x:ticket 9570:ticket 0.5:ticket -:ticket 3867:ticket -:ticket =:ticket
EXPR: 0 | POS | FRA | 20 | 5703 | 37005256.5 | x=(3867*(9570-0.5)) | x 3867 9570 0.5 - * = | x:ticket 3867:ticket 9570:half 0.5:half -:half *:ticket =:ticket
EXPR: 0 | POS | FRA | 20 | 5703 | 13436.5 | (3867+(9570-0.5))=x | 3867 9570 0.5 - + x = | 3867:ticket 9570:ticket 0.5:ticket -:ticket +:ticket x:ticket =:ticket
EXPR: 0 | POS | FRA | 20 | 5703 | 13436.5 | x=((9570-0.5)+3867) | x 9570 0.5 - 3867 + = | x:ticket 9570:ticket 0.5:ticket -:ticket 3867:ticket +:ticket =:ticket
EXPR: 0 | POS | FRA | 20 | 5703 | 37005256.5 | x=((9570-0.5)*3867) | x 9570 0.5 - 3867 * = | x:ticket 9570:half 0.5:half -:half 3867:ticket *:ticket =:ticket
EXPR: 0 | POS | FRA | 20 | 5703 | 5703.5 | (9570+(0.5-3867))=x | 9570 0.5 3867 - + x = | 9570:ticket 0.5:ticket 3867:ticket -:ticket +:ticket x:ticket =:ticket
EXPR: 0 | POS | FRA | 20 | 5703 | 13437.5 | x=((9570+0.5)+3867) | x 9570 0.5 + 3867 + = | x:ticket 9570:ticket 0.5:ticket +:ticket 3867:ticket +:ticket =:ticket
EXPR: 0 | POS | FRA | 20 | 5703 | 5703.5 | x=((9570+0.5)-3867) | x 9570 0.5 + 3867 - = | x:ticket 9570:ticket 0.5:ticket +:ticket 3867:ticket -:ticket =:ticket
EXPR: 0 | POS | FRA | 20 | 5703 | 13436.5 | (9570-(0.5-3867))=x | 9570 0.5 3867 - - x = | 9570:ticket 0.5:ticket 3867:ticket -:ticket -:ticket x:ticket =:ticket
EXPR: 0 | POS | FRA | 20 | 5703 | 13437.5 | x=(3867+(9570+0.5)) | x 3867 9570 0.5 + + = | x:ticket 3867:ticket 9570:ticket 0.5:ticket +:ticket +:ticket =:ticket
EXPR: 0 | POS | FRA | 20 | 5703 | 0.404096347771566 | (3867/(9570-0.5))=x | 3867 9570 0.5 - / x = | 3867:ticket 9570:half 0.5:half -:half /:ticket x:ticket =:ticket
EXPR: 0 | POS | FRA | 20 | 5703 | 5703.5 | x=(9570+(0.5-3867)) | x 9570 0.5 3867 - + = | x:ticket 9570:ticket 0.5:ticket 3867:ticket -:ticket +:ticket =:ticket
EXPR: 0 | POS | FRA | 20 | 5703 | 13436.5 | x=(3867+(9570-0.5)) | x 3867 9570 0.5 - + = | x:ticket 3867:ticket 9570:ticket 0.5:ticket -:ticket +:ticket =:ticket
EXPR: 0 | POS | FRA | 20 | 5703 | 37005256.5 | (3867*(9570-0.5))=x | 3867 9570 0.5 - * x = | 3867:ticket 9570:half 0.5:half -:half *:ticket x:ticket =:ticket
EXPR: 0 | POS | FRA | 20 | 5703 | 37009123.5 | ((9570+0.5)*3867)=x | 9570 0.5 + 3867 * x = | 9570:half 0.5:half +:half 3867:ticket *:ticket x:ticket =:ticket
EXPR: 0 | POS | FRA | 20 | 5703 | 37005256.5 | ((9570-0.5)*3867)=x | 9570 0.5 - 3867 * x = | 9570:half 0.5:half -:half 3867:ticket *:ticket x:ticket =:ticket
EXPR: 0 | POS | FRA | 20 | 5703 | 2.97478665632273 | ((9570/3867)+0.5)=x | 9570 3867 / 0.5 + x = | 9570:half 3867:ticket /:half 0.5:half +:half x:half =:half
EXPR: 0 | POS | FRA | 20 | 5703 | 1.97478665632273 | ((9570/3867)-0.5)=x | 9570 3867 / 0.5 - x = | 9570:ticket 3867:half /:ticket 0.5:ticket -:ticket x:ticket =:ticket
EXPR: 0 | POS | FRA | 22 | 5703 | 5703.5 | ((9570-x)+0.5)=3867 | 9570 x - 0.5 + 3867 = | 9570:ticket x:ticket -:ticket 0.5:ticket +:ticket 3867:ticket =:ticket
EXPR: 0 | POS | FRA | 22 | 5703 | 0.404096347771566 | 9570=((3867/x)+0.5) | 9570 3867 x / 0.5 + = | 9570:ticket 3867:ticket x:half /:ticket 0.5:ticket +:ticket =:ticket
EXPR: 0 | POS | INT | 22 | 5703 | 11406 | ((9570-3867)/x)=0.5 | 9570 3867 - x / 0.5 = | 9570:ticket 3867:ticket -:ticket x:half /:ticket 0.5:ticket =:ticket
EXPR: 0 | POS | FRA | 22 | 5703 | 2.47491595552108 | 9570=((x*3867)-0.5) | 9570 x 3867 * 0.5 - = | 9570:ticket x:ticket 3867:half *:ticket 0.5:ticket -:ticket =:ticket
EXPR: 0 | POS | FRA | 22 | 5703 | 3866.9999477534 | ((3867-x)*9570)=0.5 | 3867 x - 9570 * 0.5 = | 3867:ticket x:ticket -:ticket 9570:half *:half 0.5:half =:half
EXPR: 0 | POS | FRA | 22 | 5703 | 2.47465735712439 | 9570=((x*3867)+0.5) | 9570 x 3867 * 0.5 + = | 9570:ticket x:ticket 3867:half *:ticket 0.5:ticket +:ticket =:ticket
EXPR: 0 | POS | INT | 22 | 5703 | 26874 | ((9570+3867)/x)=0.5 | 9570 3867 + x / 0.5 = | 9570:ticket 3867:ticket +:ticket x:half /:ticket 0.5:ticket =:ticket
EXPR: 0 | POS | FRA | 22 | 5703 | 37005256.5 | (9570-(x/3867))=0.5 | 9570 x 3867 / - 0.5 = | 9570:ticket x:ticket 3867:half /:ticket -:ticket 0.5:ticket =:ticket
EXPR: 0 | POS | FRA | 22 | 5703 | 0.404096347771566 | (9570-(3867/x))=0.5 | 9570 3867 x / - 0.5 = | 9570:ticket 3867:ticket x:half /:ticket -:ticket 0.5:ticket =:ticket
EXPR: 0 | POS | FRA | 22 | 5703 | 0.404054124653884 | 9570=((3867/x)-0.5) | 9570 3867 x / 0.5 - = | 9570:ticket 3867:ticket x:half /:ticket 0.5:ticket -:ticket =:ticket
EXPR: 0 | POS | FRA | 22 | 5703 | 2.47465735712439 | (9570-(3867*x))=0.5 | 9570 3867 x * - 0.5 = | 9570:ticket 3867:ticket x:half *:ticket -:ticket 0.5:ticket =:ticket
EXPR: 0 | POS | FRA | 22 | 5703 | 5703.5 | (9570-(x-0.5))=3867 | 9570 x 0.5 - - 3867 = | 9570:ticket x:ticket 0.5:ticket -:ticket -:ticket 3867:ticket =:ticket
EXPR: 0 | POS | FRA | 22 | 5703 | 37009123.4999999 | 9570=((x/3867)-0.5) | 9570 x 3867 / 0.5 - = | 9570:ticket x:ticket 3867:half /:ticket 0.5:ticket -:ticket =:ticket
EXPR: 0 | POS | FRA | 22 | 5703 | 2.97478665632273 | (9570/(x-0.5))=3867 | 9570 x 0.5 - / 3867 = | 9570:ticket x:half 0.5:half -:half /:ticket 3867:ticket =:ticket
EXPR: 0 | POS | INT | 22 | 5703 | 17304 | (3867/(x-9570))=0.5 | 3867 x 9570 - / 0.5 = | 3867:half x:ticket 9570:ticket -:ticket /:half 0.5:half =:half
EXPR: 0 | POS | FRA | 22 | 5703 | 5702.5 | (9570-(0.5+x))=3867 | 9570 0.5 x + - 3867 = | 9570:ticket 0.5:ticket x:ticket +:ticket -:ticket 3867:ticket =:ticket
EXPR: 0 | POS | FRA | 22 | 5703 | 2.97478665632273 | 9570=((x-0.5)*3867) | 9570 x 0.5 - 3867 * = | 9570:ticket x:half 0.5:half -:half 3867:ticket *:ticket =:ticket
EXPR: 0 | POS | FRA | 22 | 5703 | 0.904075235109718 | (9570*(x-0.5))=3867 | 9570 x 0.5 - * 3867 = | 9570:ticket x:half 0.5:half -:half *:ticket 3867:ticket =:ticket
EXPR: 0 | POS | FRA | 22 | 5703 | 5702.5 | (9570-(x+0.5))=3867 | 9570 x 0.5 + - 3867 = | 9570:ticket x:ticket 0.5:ticket +:ticket -:ticket 3867:ticket =:ticket
EXPR: 0 | POS | FRA | 22 | 5703 | 0.0959247648902821 | (9570*(0.5-x))=3867 | 9570 0.5 x - * 3867 = | 9570:ticket 0.5:half x:half -:half *:ticket 3867:ticket =:ticket
EXPR: 0 | POS | FRA | 22 | 5703 | 37007189.5 | ((9570*3867)-x)=0.5 | 9570 3867 * x - 0.5 = | 9570:ticket 3867:half *:half x:half -:half 0.5:half =:half
EXPR: 0 | POS | FRA | 22 | 5703 | 5702.5 | ((9570-x)-0.5)=3867 | 9570 x - 0.5 - 3867 = | 9570:ticket x:ticket -:ticket 0.5:ticket -:ticket 3867:ticket =:ticket
EXPR: 0 | POS | FRA | 22 | 5703 | 0.808150470219436 | (x*9570)=(3867/0.5) | x 9570 * 3867 0.5 / = | x:ticket 9570:half *:ticket 3867:ticket 0.5:half /:ticket =:ticket
EXPR: 0 | POS | FRA | 22 | 5703 | 0.202037617554859 | (x*9570)=(3867*0.5) | x 9570 * 3867 0.5 * = | x:ticket 9570:half *:ticket 3867:ticket 0.5:half *:ticket =:ticket
EXPR: 0 | POS | FRA | 22 | 5703 | 13436.5 | ((x-9570)+0.5)=3867 | x 9570 - 0.5 + 3867 = | x:ticket 9570:ticket -:ticket 0.5:ticket +:ticket 3867:ticket =:ticket
EXPR: 0 | POS | INT | 22 | 5703 | 18503595 | (9570*3867)=(x/0.5) | 9570 3867 * x 0.5 / = | 9570:half 3867:ticket *:ticket x:ticket 0.5:half /:ticket =:ticket
EXPR: 0 | POS | FRA | 22 | 5703 | 37009123.4999999 | 3867=(x/(9570+0.5)) | 3867 x 9570 0.5 + / = | 3867:ticket x:ticket 9570:half 0.5:half +:half /:ticket =:ticket
EXPR: 0 | POS | INT | 22 | 5703 | 8652 | (9570*0.5)=(x-3867) | 9570 0.5 * x 3867 - = | 9570:ticket 0.5:half *:ticket x:ticket 3867:ticket -:ticket =:ticket
EXPR: 0 | POS | FRA | 22 | 5703 | 13436.5 | ((3867-x)+9570)=0.5 | 3867 x - 9570 + 0.5 = | 3867:ticket x:ticket -:ticket 9570:ticket +:ticket 0.5:ticket =:ticket
EXPR: 0 | POS | FRA | 22 | 5703 | 37007190.5 | (x-(9570*3867))=0.5 | x 9570 3867 * - 0.5 = | x:half 9570:ticket 3867:half *:half -:half 0.5:half =:half
EXPR: 0 | POS | FRA | 22 | 5703 | 13437.5 | 3867=(x-(9570+0.5)) | 3867 x 9570 0.5 + - = | 3867:ticket x:ticket 9570:ticket 0.5:ticket +:ticket -:ticket =:ticket
EXPR: 0 | POS | FRA | 22 | 5703 | 0.404054124653884 | 3867=(x*(9570+0.5)) | 3867 x 9570 0.5 + * = | 3867:ticket x:ticket 9570:half 0.5:half +:half *:ticket =:ticket
EXPR: 0 | POS | FRA | 22 | 5703 | 0.404096347771566 | 3867=(x*(9570-0.5)) | 3867 x 9570 0.5 - * = | 3867:ticket x:ticket 9570:half 0.5:half -:half *:ticket =:ticket
EXPR: 0 | POS | FRA | 22 | 5703 | 13437.5 | 3867=((x-9570)-0.5) | 3867 x 9570 - 0.5 - = | 3867:ticket x:ticket 9570:ticket -:ticket 0.5:ticket -:ticket =:ticket
EXPR: 0 | POS | FRA | 22 | 5703 | 13437.5 | ((x-9570)-0.5)=3867 | x 9570 - 0.5 - 3867 = | x:ticket 9570:ticket -:ticket 0.5:ticket -:ticket 3867:ticket =:ticket
EXPR: 0 | POS | FRA | 22 | 5703 | 1.97478665632273 | 3867=(9570/(0.5+x)) | 3867 9570 0.5 x + / = | 3867:ticket 9570:ticket 0.5:half x:half +:half /:ticket =:ticket
EXPR: 0 | POS | FRA | 22 | 5703 | 0.404127481713689 | 9570=((3867+0.5)/x) | 9570 3867 0.5 + x / = | 9570:ticket 3867:ticket 0.5:ticket +:ticket x:half /:ticket =:ticket
EXPR: 0 | POS | FRA | 22 | 5703 | 2.97478665632273 | (x-(9570/3867))=0.5 | x 9570 3867 / - 0.5 = | x:half 9570:half 3867:ticket /:half -:half 0.5:half =:half
EXPR: 0 | POS | FRA | 22 | 5703 | 37005256.4999998 | 3867=(x/(9570-0.5)) | 3867 x 9570 0.5 - / = | 3867:ticket x:ticket 9570:half 0.5:half -:half /:ticket =:ticket
EXPR: 0 | POS | FRA | 22 | 5703 | 2.47491595552108 | 9570=((3867*x)-0.5) | 9570 3867 x * 0.5 - = | 9570:ticket 3867:ticket x:half *:ticket 0.5:ticket -:ticket =:ticket
EXPR: 0 | POS | FRA | 22 | 5703 | 1.97478665632273 | 3867=(9570/(x+0.5)) | 3867 9570 x 0.5 + / = | 3867:ticket 9570:ticket x:half 0.5:half +:half /:ticket =:ticket
EXPR: 0 | POS | FRA | 22 | 5703 | 2.97478665632273 | 3867=(9570/(x-0.5)) | 3867 9570 x 0.5 - / = | 3867:ticket 9570:ticket x:half 0.5:half -:half /:ticket =:ticket
EXPR: 0 | POS | FRA | 22 | 5703 | 13436.5 | 3867=(x-(9570-0.5)) | 3867 x 9570 0.5 - - = | 3867:ticket x:ticket 9570:ticket 0.5:ticket -:ticket -:ticket =:ticket
EXPR: 0 | POS | INT | 22 | 5703 | 74014380 | (9570*3867)=(x*0.5) | 9570 3867 * x 0.5 * = | 9570:ticket 3867:half *:half x:ticket 0.5:half *:half =:half
EXPR: 0 | POS | FRA | 22 | 5703 | 37005256.4999998 | (x/(9570-0.5))=3867 | x 9570 0.5 - / 3867 = | x:ticket 9570:half 0.5:half -:half /:ticket 3867:ticket =:ticket
EXPR: 0 | POS | FRA | 22 | 5703 | 0.404127481713689 | ((x*9570)-3867)=0.5 | x 9570 * 3867 - 0.5 = | x:ticket 9570:half *:ticket 3867:ticket -:ticket 0.5:ticket =:ticket
EXPR: 0 | POS | FRA | 22 | 5703 | 2.47465735712439 | 9570=((3867*x)+0.5) | 9570 3867 x * 0.5 + = | 9570:ticket 3867:ticket x:half *:ticket 0.5:ticket +:ticket =:ticket
EXPR: 0 | POS | FRA | 22 | 5703 | 4.94957331264546 | (9570/3867)=(x*0.5) | 9570 3867 / x 0.5 * = | 9570:half 3867:ticket /:half x:ticket 0.5:half *:half =:half
EXPR: 0 | POS | FRA | 22 | 5703 | 13437.5 | 9570=((x-0.5)-3867) | 9570 x 0.5 - 3867 - = | 9570:ticket x:ticket 0.5:ticket -:ticket 3867:ticket -:ticket =:ticket
EXPR: 0 | POS | FRA | 22 | 5703 | 0.904075235109718 | 3867=(9570*(x-0.5)) | 3867 9570 x 0.5 - * = | 3867:ticket 9570:ticket x:half 0.5:half -:half *:ticket =:ticket
EXPR: 0 | POS | INT | 22 | 5703 | 74014380 | (9570*3867)=(0.5*x) | 9570 3867 * 0.5 x * = | 9570:ticket 3867:half *:ticket 0.5:half x:ticket *:ticket =:ticket
EXPR: 0 | POS | INT | 22 | 5703 | 1.35108880193281e-8 | (9570*3867)=(0.5/x) | 9570 3867 * 0.5 x / = | 9570:half 3867:ticket *:half 0.5:half x:ticket /:half =:half
EXPR: 0 | POS | FRA | 22 | 5703 | 13436.5 | 9570=((x+0.5)-3867) | 9570 x 0.5 + 3867 - = | 9570:ticket x:ticket 0.5:ticket +:ticket 3867:ticket -:ticket =:ticket
EXPR: 0 | POS | FRA | 22 | 5703 | 0.404127481713689 | ((9570*x)-3867)=0.5 | 9570 x * 3867 - 0.5 = | 9570:half x:ticket *:ticket 3867:ticket -:ticket 0.5:ticket =:ticket
EXPR: 0 | POS | FRA | 22 | 5703 | 0.404096347771566 | 3867=((9570-0.5)*x) | 3867 9570 0.5 - x * = | 3867:ticket 9570:half 0.5:half -:half x:ticket *:ticket =:ticket
EXPR: 0 | POS | FRA | 22 | 5703 | 13436.5 | 9570=((0.5+x)-3867) | 9570 0.5 x + 3867 - = | 9570:ticket 0.5:ticket x:ticket +:ticket 3867:ticket -:ticket =:ticket
EXPR: 0 | POS | FRA | 22 | 5703 | 5702.5 | 9570=((0.5+x)+3867) | 9570 0.5 x + 3867 + = | 9570:ticket 0.5:ticket x:ticket +:ticket 3867:ticket +:ticket =:ticket
EXPR: 0 | POS | FRA | 22 | 5703 | 2.47465735712439 | (9570-(x*3867))=0.5 | 9570 x 3867 * - 0.5 = | 9570:ticket x:ticket 3867:half *:ticket -:ticket 0.5:ticket =:ticket
EXPR: 0 | POS | FRA | 22 | 5703 | 37009123.4999999 | (x/(9570+0.5))=3867 | x 9570 0.5 + / 3867 = | x:ticket 9570:half 0.5:half +:half /:ticket 3867:ticket =:ticket
EXPR: 0 | POS | FRA | 22 | 5703 | 5702.5 | 9570=((x+0.5)+3867) | 9570 x 0.5 + 3867 + = | 9570:ticket x:ticket 0.5:ticket +:ticket 3867:ticket +:ticket =:ticket
EXPR: 0 | POS | FRA | 22 | 5703 | 3867.0000522466 | ((x-3867)*9570)=0.5 | x 3867 - 9570 * 0.5 = | x:ticket 3867:ticket -:ticket 9570:half *:half 0.5:half =:half
EXPR: 0 | POS | FRA | 22 | 5703 | 37005256.4999999 | 9570=((x/3867)+0.5) | 9570 x 3867 / 0.5 + = | 9570:ticket x:ticket 3867:half /:ticket 0.5:ticket +:ticket =:ticket
EXPR: 0 | POS | FRA | 22 | 5703 | 0.404054124653884 | (x*(9570+0.5))=3867 | x 9570 0.5 + * 3867 = | x:ticket 9570:half 0.5:half +:half *:ticket 3867:ticket =:ticket
EXPR: 0 | POS | FRA | 22 | 5703 | 1.97478665632273 | 9570=((0.5+x)*3867) | 9570 0.5 x + 3867 * = | 9570:ticket 0.5:half x:half +:half 3867:ticket *:ticket =:ticket
EXPR: 0 | POS | FRA | 22 | 5703 | 1.97478665632273 | 9570=((x+0.5)*3867) | 9570 x 0.5 + 3867 * = | 9570:ticket x:half 0.5:half +:half 3867:ticket *:ticket =:ticket
EXPR: 0 | POS | FRA | 22 | 5703 | 0.202037617554859 | (9570*x)=(3867*0.5) | 9570 x * 3867 0.5 * = | 9570:ticket x:half *:half 3867:ticket 0.5:half *:half =:half
EXPR: 0 | POS | FRA | 22 | 5703 | 5702.5 | 3867=(9570-(0.5+x)) | 3867 9570 0.5 x + - = | 3867:ticket 9570:ticket 0.5:ticket x:ticket +:ticket -:ticket =:ticket
EXPR: 0 | POS | FRA | 22 | 5703 | 13436.5 | (3867+(9570-x))=0.5 | 3867 9570 x - + 0.5 = | 3867:ticket 9570:ticket x:ticket -:ticket +:ticket 0.5:ticket =:ticket
EXPR: 0 | POS | FRA | 22 | 5703 | 5702.5 | 3867=(9570-(x+0.5)) | 3867 9570 x 0.5 + - = | 3867:ticket 9570:ticket x:ticket 0.5:ticket +:ticket -:ticket =:ticket
EXPR: 0 | POS | INT | 22 | 5703 | 18503595 | (x/9570)=(3867*0.5) | x 9570 / 3867 0.5 * = | x:half 9570:ticket /:half 3867:ticket 0.5:half *:half =:half
EXPR: 0 | POS | FRA | 22 | 5703 | 3866.9999477534 | 9570=(0.5/(3867-x)) | 9570 0.5 3867 x - / = | 9570:half 0.5:half 3867:ticket x:ticket -:ticket /:half =:half
EXPR: 0 | POS | FRA | 22 | 5703 | 5703.5 | 3867=((9570-x)+0.5) | 3867 9570 x - 0.5 + = | 3867:ticket 9570:ticket x:ticket -:ticket 0.5:ticket +:ticket =:ticket
EXPR: 0 | POS | FRA | 22 | 5703 | 5703.5 | 9570=((x-0.5)+3867) | 9570 x 0.5 - 3867 + = | 9570:ticket x:ticket 0.5:ticket -:ticket 3867:ticket +:ticket =:ticket
EXPR: 0 | POS | FRA | 22 | 5703 | 0.404022988505747 | 9570=((3867-0.5)/x) | 9570 3867 0.5 - x / = | 9570:half 3867:half 0.5:half -:half x:ticket /:half =:half
EXPR: 0 | POS | FRA | 22 | 5703 | 0.0959247648902821 | 3867=(9570*(0.5-x)) | 3867 9570 0.5 x - * = | 3867:ticket 9570:ticket 0.5:half x:half -:half *:ticket =:ticket
EXPR: 0 | POS | FRA | 22 | 5703 | 13436.5 | 3867=((x-9570)+0.5) | 3867 x 9570 - 0.5 + = | 3867:ticket x:ticket 9570:ticket -:ticket 0.5:ticket +:ticket =:ticket
EXPR: 0 | POS | FRA | 22 | 5703 | 7636.5 | ((9570-x)/3867)=0.5 | 9570 x - 3867 / 0.5 = | 9570:ticket x:ticket -:ticket 3867:half /:ticket 0.5:ticket =:ticket
EXPR: 0 | POS | FRA | 22 | 5703 | 13436.5 | 9570=(0.5-(3867-x)) | 9570 0.5 3867 x - - = | 9570:ticket 0.5:ticket 3867:ticket x:ticket -:ticket -:ticket =:ticket
EXPR: 0 | POS | FRA | 22 | 5703 | 5703.5 | 9570=(x-(0.5-3867)) | 9570 x 0.5 3867 - - = | 9570:ticket x:ticket 0.5:ticket 3867:ticket -:ticket -:ticket =:ticket
EXPR: 0 | POS | FRA | 22 | 5703 | 1.97478665632273 | (9570/(0.5+x))=3867 | 9570 0.5 x + / 3867 = | 9570:ticket 0.5:half x:half +:half /:ticket 3867:ticket =:ticket
EXPR: 0 | POS | INT | 22 | 5703 | 15273 | (3867+x)=(9570/0.5) | 3867 x + 9570 0.5 / = | 3867:ticket x:ticket +:ticket 9570:ticket 0.5:half /:ticket =:ticket
EXPR: 0 | POS | FRA | 22 | 5703 | 5703.5 | (9570+(0.5-x))=3867 | 9570 0.5 x - + 3867 = | 9570:ticket 0.5:ticket x:ticket -:ticket +:ticket 3867:ticket =:ticket
EXPR: 0 | POS | INT | 22 | 5703 | 918 | (9570*0.5)=(3867+x) | 9570 0.5 * 3867 x + = | 9570:ticket 0.5:half *:ticket 3867:ticket x:ticket +:ticket =:ticket
EXPR: 0 | POS | FRA | 22 | 5703 | 5702.5 | (9570-x)=(3867+0.5) | 9570 x - 3867 0.5 + = | 9570:ticket x:ticket -:ticket 3867:ticket 0.5:ticket +:ticket =:ticket
EXPR: 0 | POS | FRA | 22 | 5703 | 9570.0001292992 | (3867*(x-9570))=0.5 | 3867 x 9570 - * 0.5 = | 3867:half x:ticket 9570:ticket -:ticket *:half 0.5:half =:half
EXPR: 0 | POS | FRA | 22 | 5703 | 13437.5 | ((x-3867)-9570)=0.5 | x 3867 - 9570 - 0.5 = | x:ticket 3867:ticket -:ticket 9570:ticket -:ticket 0.5:ticket =:ticket
EXPR: 0 | POS | FRA | 22 | 5703 | 13436.5 | 9570=((0.5-3867)+x) | 9570 0.5 3867 - x + = | 9570:ticket 0.5:ticket 3867:ticket -:ticket x:ticket +:ticket =:ticket
EXPR: 0 | POS | FRA | 22 | 5703 | 4.94957331264546 | (9570/x)=(3867*0.5) | 9570 x / 3867 0.5 * = | 9570:half x:ticket /:half 3867:ticket 0.5:half *:half =:half
EXPR: 0 | POS | FRA | 22 | 5703 | 13436.5 | (x-(9570-0.5))=3867 | x 9570 0.5 - - 3867 = | x:ticket 9570:ticket 0.5:ticket -:ticket -:ticket 3867:ticket =:ticket
EXPR: 0 | POS | FRA | 22 | 5703 | 5703.5 | (x+(3867-9570))=0.5 | x 3867 9570 - + 0.5 = | x:ticket 3867:ticket 9570:ticket -:ticket +:ticket 0.5:ticket =:ticket
EXPR: 0 | POS | FRA | 22 | 5703 | 5702.5 | 3867=((9570-x)-0.5) | 3867 9570 x - 0.5 - = | 3867:ticket 9570:ticket x:ticket -:ticket 0.5:ticket -:ticket =:ticket
EXPR: 0 | POS | INT | 22 | 5703 | 23007 | (x-3867)=(9570/0.5) | x 3867 - 9570 0.5 / = | x:ticket 3867:ticket -:ticket 9570:ticket 0.5:half /:ticket =:ticket
EXPR: 0 | POS | INT | 22 | 5703 | 15273 | (x+3867)=(9570/0.5) | x 3867 + 9570 0.5 / = | x:ticket 3867:ticket +:ticket 9570:ticket 0.5:half /:ticket =:ticket
EXPR: 0 | POS | INT | 22 | 5703 | 8652 | (x-3867)=(9570*0.5) | x 3867 - 9570 0.5 * = | x:ticket 3867:ticket -:ticket 9570:ticket 0.5:half *:ticket =:ticket
EXPR: 0 | POS | INT | 22 | 5703 | 918 | (x+3867)=(9570*0.5) | x 3867 + 9570 0.5 * = | x:ticket 3867:ticket +:ticket 9570:ticket 0.5:half *:ticket =:ticket
EXPR: 0 | POS | FRA | 22 | 5703 | 13436.5 | 9570=(x+(0.5-3867)) | 9570 x 0.5 3867 - + = | 9570:ticket x:ticket 0.5:ticket 3867:ticket -:ticket +:ticket =:ticket
EXPR: 0 | POS | FRA | 22 | 5703 | 5703.5 | (9570-x)=(3867-0.5) | 9570 x - 3867 0.5 - = | 9570:ticket x:ticket -:ticket 3867:ticket 0.5:ticket -:ticket =:ticket
EXPR: 0 | POS | INT | 22 | 5703 | 918 | (3867+x)=(9570*0.5) | 3867 x + 9570 0.5 * = | 3867:ticket x:ticket +:ticket 9570:ticket 0.5:half *:ticket =:ticket
EXPR: 0 | POS | FRA | 22 | 5703 | 0.404054124653884 | 3867=((9570+0.5)*x) | 3867 9570 0.5 + x * = | 3867:ticket 9570:half 0.5:half +:half x:ticket *:ticket =:ticket
EXPR: 0 | POS | FRA | 22 | 5703 | 5703.5 | 3867=(9570-(x-0.5)) | 3867 9570 x 0.5 - - = | 3867:ticket 9570:ticket x:ticket 0.5:ticket -:ticket -:ticket =:ticket
EXPR: 0 | POS | FRA | 22 | 5703 | 3867.0000522466 | 9570=(0.5/(x-3867)) | 9570 0.5 x 3867 - / = | 9570:half 0.5:half x:ticket 3867:ticket -:ticket /:half =:half
EXPR: 0 | POS | FRA | 22 | 5703 | 13436.5 | 9570=(0.5+(x-3867)) | 9570 0.5 x 3867 - + = | 9570:ticket 0.5:ticket x:ticket 3867:ticket -:ticket +:ticket =:ticket
EXPR: 0 | POS | FRA | 22 | 5703 | 5703.5 | (3867-(9570-x))=0.5 | 3867 9570 x - - 0.5 = | 3867:ticket 9570:ticket x:ticket -:ticket -:ticket 0.5:ticket =:ticket
EXPR: 0 | POS | FRA | 22 | 5703 | 5702.5 | 3867=((9570-0.5)-x) | 3867 9570 0.5 - x - = | 3867:ticket 9570:ticket 0.5:ticket -:ticket x:ticket -:ticket =:ticket
EXPR: 0 | POS | FRA | 22 | 5703 | 5702.5 | 9570=(0.5+(3867+x)) | 9570 0.5 3867 x + + = | 9570:ticket 0.5:ticket 3867:ticket x:ticket +:ticket +:ticket =:ticket
EXPR: 0 | POS | FRA | 22 | 5703 | 5702.5 | ((9570-0.5)-x)=3867 | 9570 0.5 - x - 3867 = | 9570:ticket 0.5:ticket -:ticket x:ticket -:ticket 3867:ticket =:ticket
EXPR: 0 | POS | FRA | 22 | 5703 | 8.76731544800982e-5 | 9570=(3867+(0.5/x)) | 9570 3867 0.5 x / + = | 9570:half 3867:half 0.5:half x:ticket /:half +:half =:half
EXPR: 0 | POS | FRA | 22 | 5703 | 0.404096347771566 | (x*(9570-0.5))=3867 | x 9570 0.5 - * 3867 = | x:ticket 9570:half 0.5:half -:half *:ticket 3867:ticket =:ticket
EXPR: 0 | POS | FRA | 22 | 5703 | 11503.5 | ((x-9570)/3867)=0.5 | x 9570 - 3867 / 0.5 = | x:half 9570:half -:half 3867:ticket /:half 0.5:half =:half
EXPR: 0 | POS | FRA | 22 | 5703 | 13437.5 | (9570+3867)=(x-0.5) | 9570 3867 + x 0.5 - = | 9570:ticket 3867:ticket +:ticket x:ticket 0.5:ticket -:ticket =:ticket
EXPR: 0 | POS | FRA | 22 | 5703 | 5703.5 | (9570-3867)=(x-0.5) | 9570 3867 - x 0.5 - = | 9570:ticket 3867:ticket -:ticket x:ticket 0.5:ticket -:ticket =:ticket
EXPR: 0 | POS | FRA | 22 | 5703 | 13436.5 | (9570+3867)=(x+0.5) | 9570 3867 + x 0.5 + = | 9570:ticket 3867:ticket +:ticket x:ticket 0.5:ticket +:ticket =:ticket
EXPR: 0 | POS | FRA | 22 | 5703 | 5702.5 | 9570=(0.5+(x+3867)) | 9570 0.5 x 3867 + + = | 9570:ticket 0.5:ticket x:ticket 3867:ticket +:ticket +:ticket =:ticket
EXPR: 0 | POS | FRA | 22 | 5703 | 5702.5 | (9570-3867)=(0.5+x) | 9570 3867 - 0.5 x + = | 9570:ticket 3867:ticket -:ticket 0.5:ticket x:ticket +:ticket =:ticket
EXPR: 0 | POS | FRA | 22 | 5703 | 13437.5 | (x-(9570+0.5))=3867 | x 9570 0.5 + - 3867 = | x:ticket 9570:ticket 0.5:ticket +:ticket -:ticket 3867:ticket =:ticket
EXPR: 0 | POS | INT | 22 | 5703 | 918 | (9570*0.5)=(x+3867) | 9570 0.5 * x 3867 + = | 9570:ticket 0.5:half *:ticket x:ticket 3867:ticket +:ticket =:ticket
EXPR: 0 | POS | FRA | 22 | 5703 | 5702.5 | (9570-3867)=(x+0.5) | 9570 3867 - x 0.5 + = | 9570:ticket 3867:ticket -:ticket x:ticket 0.5:ticket +:ticket =:ticket
EXPR: 0 | POS | FRA | 22 | 5703 | 1.97478665632273 | (9570/(x+0.5))=3867 | 9570 x 0.5 + / 3867 = | 9570:ticket x:half 0.5:half +:half /:ticket 3867:ticket =:ticket
EXPR: 0 | POS | FRA | 22 | 5703 | 0.404096347771566 | ((9570-0.5)*x)=3867 | 9570 0.5 - x * 3867 = | 9570:half 0.5:half -:half x:ticket *:ticket 3867:ticket =:ticket
EXPR: 0 | POS | FRA | 22 | 5703 | 0.404054124653884 | ((9570+0.5)*x)=3867 | 9570 0.5 + x * 3867 = | 9570:half 0.5:half +:half x:ticket *:ticket 3867:ticket =:ticket
EXPR: 0 | POS | INT | 22 | 5703 | 1836 | (3867/(9570-x))=0.5 | 3867 9570 x - / 0.5 = | 3867:half 9570:ticket x:ticket -:ticket /:half 0.5:half =:half
EXPR: 0 | POS | FRA | 22 | 5703 | 13436.5 | (9570+3867)=(0.5+x) | 9570 3867 + 0.5 x + = | 9570:ticket 3867:ticket +:ticket 0.5:ticket x:ticket +:ticket =:ticket
EXPR: 0 | POS | FRA | 22 | 5703 | 13437.5 | (x-9570)=(3867+0.5) | x 9570 - 3867 0.5 + = | x:ticket 9570:ticket -:ticket 3867:ticket 0.5:ticket +:ticket =:ticket
EXPR: 0 | POS | FRA | 22 | 5703 | 5703.5 | ((3867+x)-9570)=0.5 | 3867 x + 9570 - 0.5 = | 3867:ticket x:ticket +:ticket 9570:ticket -:ticket 0.5:ticket =:ticket
EXPR: 0 | POS | FRA | 22 | 5703 | 13436.5 | (x-9570)=(3867-0.5) | x 9570 - 3867 0.5 - = | x:ticket 9570:ticket -:ticket 3867:ticket 0.5:ticket -:ticket =:ticket
EXPR: 0 | POS | FRA | 22 | 5703 | 0.808150470219436 | (9570*x)=(3867/0.5) | 9570 x * 3867 0.5 / = | 9570:half x:ticket *:ticket 3867:ticket 0.5:half /:ticket =:ticket
EXPR: 0 | POS | FRA | 22 | 5703 | 4.94957331264546 | (9570/3867)=(0.5*x) | 9570 3867 / 0.5 x * = | 9570:ticket 3867:half /:ticket 0.5:half x:ticket *:ticket =:ticket
EXPR: 0 | POS | FRA | 22 | 5703 | 9569.9998707008 | (3867*(9570-x))=0.5 | 3867 9570 x - * 0.5 = | 3867:half 9570:ticket x:ticket -:ticket *:half 0.5:half =:half
EXPR: 0 | POS | INT | 22 | 5703 | 74014380 | (x/9570)=(3867/0.5) | x 9570 / 3867 0.5 / = | x:ticket 9570:half /:ticket 3867:ticket 0.5:half /:ticket =:ticket
EXPR: 0 | POS | FRA | 22 | 5703 | 1.23739332816137 | (9570/3867)=(x/0.5) | 9570 3867 / x 0.5 / = | 9570:ticket 3867:half /:ticket x:ticket 0.5:half /:ticket =:ticket
EXPR: 0 | POS | FRA | 22 | 5703 | 5703.5 | 3867=(9570+(0.5-x)) | 3867 9570 0.5 x - + = | 3867:ticket 9570:ticket 0.5:ticket x:ticket -:ticket +:ticket =:ticket
EXPR: 0 | POS | FRA | 22 | 5703 | 5703.5 | ((3867-9570)+x)=0.5 | 3867 9570 - x + 0.5 = | 3867:ticket 9570:ticket -:ticket x:ticket +:ticket 0.5:ticket =:ticket
EXPR: 0 | POS | FRA | 22 | 5703 | 5703.5 | 3867=((9570+0.5)-x) | 3867 9570 0.5 + x - = | 3867:ticket 9570:ticket 0.5:ticket +:ticket x:ticket -:ticket =:ticket
EXPR: 0 | POS | FRA | 22 | 5703 | 1.97478665632273 | ((9570/3867)-x)=0.5 | 9570 3867 / x - 0.5 = | 9570:ticket 3867:half /:ticket x:ticket -:ticket 0.5:ticket =:ticket
EXPR: 0 | POS | INT | 22 | 5703 | 37011975 | ((x/9570)-3867)=0.5 | x 9570 / 3867 - 0.5 = | x:half 9570:ticket /:half 3867:half -:half 0.5:half =:half
EXPR: 0 | POS | FRA | 22 | 5703 | 5703.5 | ((x+3867)-9570)=0.5 | x 3867 + 9570 - 0.5 = | x:ticket 3867:ticket +:ticket 9570:ticket -:ticket 0.5:ticket =:ticket
EXPR: 0 | POS | INT | 22 | 5703 | 15273 | (9570/0.5)=(x+3867) | 9570 0.5 / x 3867 + = | 9570:ticket 0.5:half /:ticket x:ticket 3867:ticket +:ticket =:ticket
EXPR: 0 | POS | FRA | 22 | 5703 | 5703.5 | ((9570+0.5)-x)=3867 | 9570 0.5 + x - 3867 = | 9570:ticket 0.5:ticket +:ticket x:ticket -:ticket 3867:ticket =:ticket
EXPR: 0 | POS | FRA | 22 | 5703 | 2.47446670976083 | ((9570/x)-3867)=0.5 | 9570 x / 3867 - 0.5 = | 9570:half x:ticket /:half 3867:half -:half 0.5:half =:half
EXPR: 0 | POS | FRA | 22 | 5703 | 5703.5 | (3867+(x-9570))=0.5 | 3867 x 9570 - + 0.5 = | 3867:ticket x:ticket 9570:ticket -:ticket +:ticket 0.5:ticket =:ticket
EXPR: 0 | POS | FRA | 22 | 5703 | 0.202037617554859 | (9570/3867)=(0.5/x) | 9570 3867 / 0.5 x / = | 9570:half 3867:ticket /:half 0.5:half x:ticket /:half =:half
EXPR: 0 | POS | FRA | 22 | 5703 | 1.23739332816137 | (9570/x)=(3867/0.5) | 9570 x / 3867 0.5 / = | 9570:ticket x:half /:ticket 3867:ticket 0.5:half /:ticket =:ticket
EXPR: 0 | POS | INT | 22 | 5703 | 23007 | (9570/0.5)=(x-3867) | 9570 0.5 / x 3867 - = | 9570:ticket 0.5:half /:ticket x:ticket 3867:ticket -:ticket =:ticket
EXPR: 0 | POS | INT | 22 | 5703 | 15273 | (9570/0.5)=(3867+x) | 9570 0.5 / 3867 x + = | 9570:ticket 0.5:half /:ticket 3867:ticket x:ticket +:ticket =:ticket
EXPR: 0 | POS | FRA | 22 | 5703 | 13436.5 | (3867-(x-9570))=0.5 | 3867 x 9570 - - 0.5 = | 3867:ticket x:ticket 9570:ticket -:ticket -:ticket 0.5:ticket =:ticket
EXPR: 0 | POS | FRA | 25 | 5703 | 11503.5 | ((3867*0.5)+9570)=x | 3867 0.5 * 9570 + x = | 3867:ticket 0.5:half *:ticket 9570:ticket +:ticket x:ticket =:ticket
EXPR: 0 | POS | FRA | 25 | 5703 | 6718.5 | x=(0.5*(9570+3867)) | x 0.5 9570 3867 + * = | x:ticket 0.5:half 9570:ticket 3867:ticket +:ticket *:ticket =:ticket
EXPR: 0 | POS | FRA | 25 | 5703 | 2851.5 | x=(0.5*(9570-3867)) | x 0.5 9570 3867 - * = | x:ticket 0.5:half 9570:ticket 3867:ticket -:ticket *:ticket =:ticket
EXPR: 0 | POS | FRA | 25 | 5703 | 6718.5 | (0.5*(9570+3867))=x | 0.5 9570 3867 + * x = | 0.5:half 9570:ticket 3867:ticket +:ticket *:ticket x:ticket =:ticket
EXPR: 0 | POS | INT | 25 | 5703 | 17304 | x=((3867/0.5)+9570) | x 3867 0.5 / 9570 + = | x:ticket 3867:ticket 0.5:half /:ticket 9570:ticket +:ticket =:ticket
EXPR: 0 | POS | FRA | 25 | 5703 | 11503.5 | x=((3867*0.5)+9570) | x 3867 0.5 * 9570 + = | x:ticket 3867:ticket 0.5:half *:ticket 9570:ticket +:ticket =:ticket
EXPR: 0 | POS | INT | 25 | 5703 | 17304 | ((3867/0.5)+9570)=x | 3867 0.5 / 9570 + x = | 3867:ticket 0.5:half /:ticket 9570:ticket +:ticket x:ticket =:ticket
EXPR: 0 | POS | FRA | 25 | 5703 | 2851.5 | (0.5*(9570-3867))=x | 0.5 9570 3867 - * x = | 0.5:half 9570:ticket 3867:ticket -:ticket *:ticket x:ticket =:ticket
EXPR: 0 | POS | INT | 27 | 5703 | 1836 | (x+(3867/0.5))=9570 | x 3867 0.5 / + 9570 = | x:ticket 3867:ticket 0.5:half /:ticket +:ticket 9570:ticket =:ticket
EXPR: 0 | POS | INT | 27 | 5703 | 17304 | (0.5*(x-9570))=3867 | 0.5 x 9570 - * 3867 = | 0.5:half x:ticket 9570:ticket -:ticket *:ticket 3867:ticket =:ticket
EXPR: 0 | POS | INT | 27 | 5703 | 918 | ((x+3867)/0.5)=9570 | x 3867 + 0.5 / 9570 = | x:ticket 3867:ticket +:ticket 0.5:half /:ticket 9570:ticket =:ticket
EXPR: 0 | POS | INT | 27 | 5703 | 15273 | ((x+3867)*0.5)=9570 | x 3867 + 0.5 * 9570 = | x:ticket 3867:ticket +:ticket 0.5:half *:ticket 9570:ticket =:ticket
EXPR: 0 | POS | INT | 27 | 5703 | 8652 | ((x-3867)/0.5)=9570 | x 3867 - 0.5 / 9570 = | x:ticket 3867:ticket -:ticket 0.5:half /:ticket 9570:ticket =:ticket
EXPR: 0 | POS | INT | 27 | 5703 | 26874 | ((0.5*x)-9570)=3867 | 0.5 x * 9570 - 3867 = | 0.5:half x:ticket *:ticket 9570:ticket -:ticket 3867:ticket =:ticket
EXPR: 0 | POS | FRA | 27 | 5703 | 6718.5 | 3867=((x/0.5)-9570) | 3867 x 0.5 / 9570 - = | 3867:ticket x:ticket 0.5:half /:ticket 9570:ticket -:ticket =:ticket
EXPR: 0 | POS | INT | 27 | 5703 | 23007 | ((x-3867)*0.5)=9570 | x 3867 - 0.5 * 9570 = | x:ticket 3867:ticket -:ticket 0.5:half *:ticket 9570:ticket =:ticket
EXPR: 0 | POS | INT | 27 | 5703 | 1836 | 3867=(0.5*(9570-x)) | 3867 0.5 9570 x - * = | 3867:ticket 0.5:half 9570:ticket x:ticket -:ticket *:ticket =:ticket
EXPR: 0 | POS | FRA | 27 | 5703 | 7636.5 | ((3867*0.5)+x)=9570 | 3867 0.5 * x + 9570 = | 3867:ticket 0.5:half *:ticket x:ticket +:ticket 9570:ticket =:ticket
EXPR: 0 | POS | INT | 27 | 5703 | 26874 | 3867=((x*0.5)-9570) | 3867 x 0.5 * 9570 - = | 3867:ticket x:ticket 0.5:half *:ticket 9570:ticket -:ticket =:ticket
EXPR: 0 | POS | INT | 27 | 5703 | 26874 | ((x*0.5)-9570)=3867 | x 0.5 * 9570 - 3867 = | x:ticket 0.5:half *:ticket 9570:ticket -:ticket 3867:ticket =:ticket
EXPR: 0 | POS | INT | 27 | 5703 | 17304 | 3867=(0.5*(x-9570)) | 3867 0.5 x 9570 - * = | 3867:ticket 0.5:half x:ticket 9570:ticket -:ticket *:ticket =:ticket
EXPR: 0 | POS | INT | 27 | 5703 | 11406 | (3867+(0.5*x))=9570 | 3867 0.5 x * + 9570 = | 3867:ticket 0.5:half x:ticket *:ticket +:ticket 9570:ticket =:ticket
EXPR: 0 | POS | INT | 27 | 5703 | 26874 | 3867=((0.5*x)-9570) | 3867 0.5 x * 9570 - = | 3867:ticket 0.5:half x:ticket *:ticket 9570:ticket -:ticket =:ticket
EXPR: 0 | POS | INT | 27 | 5703 | 918 | ((3867+x)/0.5)=9570 | 3867 x + 0.5 / 9570 = | 3867:ticket x:ticket +:ticket 0.5:half /:ticket 9570:ticket =:ticket
EXPR: 0 | POS | INT | 27 | 5703 | 15273 | ((3867+x)*0.5)=9570 | 3867 x + 0.5 * 9570 = | 3867:ticket x:ticket +:ticket 0.5:half *:ticket 9570:ticket =:ticket
EXPR: 0 | POS | FRA | 27 | 5703 | 7636.5 | (x+(3867*0.5))=9570 | x 3867 0.5 * + 9570 = | x:ticket 3867:ticket 0.5:half *:ticket +:ticket 9570:ticket =:ticket
EXPR: 0 | POS | FRA | 27 | 5703 | 11503.5 | (x-(3867*0.5))=9570 | x 3867 0.5 * - 9570 = | x:ticket 3867:ticket 0.5:half *:ticket -:ticket 9570:ticket =:ticket
EXPR: 0 | POS | INT | 27 | 5703 | 1836 | (0.5*(9570-x))=3867 | 0.5 9570 x - * 3867 = | 0.5:half 9570:ticket x:ticket -:ticket *:ticket 3867:ticket =:ticket
EXPR: 0 | POS | INT | 27 | 5703 | 1836 | ((3867/0.5)+x)=9570 | 3867 0.5 / x + 9570 = | 3867:ticket 0.5:half /:ticket x:ticket +:ticket 9570:ticket =:ticket
EXPR: 0 | POS | FRA | 27 | 5703 | 6718.5 | ((x/0.5)-9570)=3867 | x 0.5 / 9570 - 3867 = | x:ticket 0.5:half /:ticket 9570:ticket -:ticket 3867:ticket =:ticket
EXPR: 0 | POS | INT | 27 | 5703 | 11406 | (3867+(x*0.5))=9570 | 3867 x 0.5 * + 9570 = | 3867:ticket x:ticket 0.5:half *:ticket +:ticket 9570:ticket =:ticket
EXPR: 0 | POS | INT | 27 | 5703 | 17304 | (x-(3867/0.5))=9570 | x 3867 0.5 / - 9570 = | x:ticket 3867:ticket 0.5:half /:ticket -:ticket 9570:ticket =:ticket
EXPR: 0 | POS | FRA | 27 | 5703 | 2851.5 | (3867+(x/0.5))=9570 | 3867 x 0.5 / + 9570 = | 3867:ticket x:ticket 0.5:half /:ticket +:ticket 9570:ticket =:ticket
EXPR: 0 | POS | FRA | 30 | 5703 | 9570.0001292992 | x=(9570+(0.5/3867)) | x 9570 0.5 3867 / + = | x:half 9570:half 0.5:half 3867:ticket /:half +:half =:half
EXPR: 0 | POS | FRA | 30 | 5703 | 9569.9998707008 | x=(9570-(0.5/3867)) | x 9570 0.5 3867 / - = | x:ticket 9570:ticket 0.5:ticket 3867:half /:ticket -:ticket =:ticket
EXPR: 0 | POS | FRA | 30 | 5703 | 2.47491595552108 | ((9570+0.5)/3867)=x | 9570 0.5 + 3867 / x = | 9570:half 0.5:half +:half 3867:ticket /:half x:half =:half
EXPR: 0 | POS | FRA | 30 | 5703 | 2.47465735712439 | ((9570-0.5)/3867)=x | 9570 0.5 - 3867 / x = | 9570:half 0.5:half -:half 3867:ticket /:half x:half =:half
EXPR: 0 | POS | FRA | 30 | 5703 | 2.47465735712439 | x=((9570-0.5)/3867) | x 9570 0.5 - 3867 / = | x:half 9570:half 0.5:half -:half 3867:ticket /:half =:half
EXPR: 0 | POS | FRA | 30 | 5703 | 9569.9998707008 | (9570-(0.5/3867))=x | 9570 0.5 3867 / - x = | 9570:ticket 0.5:ticket 3867:half /:ticket -:ticket x:ticket =:ticket
EXPR: 0 | POS | FRA | 30 | 5703 | 2.47491595552108 | x=((9570+0.5)/3867) | x 9570 0.5 + 3867 / = | x:half 9570:half 0.5:half +:half 3867:ticket /:half =:half
EXPR: 0 | POS | FRA | 30 | 5703 | 0.904075235109718 | x=((3867/9570)+0.5) | x 3867 9570 / 0.5 + = | x:half 3867:half 9570:ticket /:half 0.5:half +:half =:half
EXPR: 0 | POS | FRA | 30 | 5703 | 9570.0001292992 | (9570+(0.5/3867))=x | 9570 0.5 3867 / + x = | 9570:half 0.5:half 3867:ticket /:half +:half x:half =:half
NET 383 unique, non-negative solutions found out of 1000 total solutions
