parameters: n=9 l=4 k=1 p=5 q=2 m=10
TOTAL 411 solutions found
SOLN: CORRECT | POS/NEG | INT/FRA | OBJ-SCORE | TRUE-ANS | ANS | INFIX | POSTFIX | TYPED-POSTFIX
EXPR: 0 | POS | FRA | 0 | 0.7 | 2.1 | ((2+1)*(0.8-0.1))=x | 2 1 + 0.8 0.1 - * x = | 2:worm 1:worm +:worm 0.8:inch 0.1:inch -:inch *:inch x:inch =:inch
EXPR: 0 | POS | FRA | 0 | 0.7 | 1.8 | (2*((1*0.8)+0.1))=x | 2 1 0.8 * 0.1 + * x = | 2:worm 1:worm 0.8:inch *:inch 0.1:inch +:inch *:inch x:inch =:inch
EXPR: 0 | POS | FRA | 0 | 0.7 | 2.7 | ((2+1)*(0.8+0.1))=x | 2 1 + 0.8 0.1 + * x = | 2:worm 1:worm +:worm 0.8:inch 0.1:inch +:inch *:inch x:inch =:inch
EXPR: 0 | POS | FRA | 0 | 0.7 | 1.4 | (2*((1*0.8)-0.1))=x | 2 1 0.8 * 0.1 - * x = | 2:worm 1:worm 0.8:inch *:inch 0.1:inch -:inch *:inch x:inch =:inch
EXPR: 0 | POS | FRA | 0 | 0.7 | 0.075 | ((2-(1/0.8))*0.1)=x | 2 1 0.8 / - 0.1 * x = | 2:worm 1:worm 0.8:inch /:worm -:worm 0.1:inch *:inch x:inch =:inch
EXPR: 0 | POS | FRA | 0 | 0.7 | 2.3 | (((2+1)*0.8)-0.1)=x | 2 1 + 0.8 * 0.1 - x = | 2:worm 1:worm +:worm 0.8:inch *:inch 0.1:inch -:inch x:inch =:inch
EXPR: 0 | POS | FRA | 0 | 0.7 | 2.5 | (((2+1)*0.8)+0.1)=x | 2 1 + 0.8 * 0.1 + x = | 2:worm 1:worm +:worm 0.8:inch *:inch 0.1:inch +:inch x:inch =:inch
EXPR: 0 | POS | FRA | 0 | 0.7 | 0.325 | ((2+(1/0.8))*0.1)=x | 2 1 0.8 / + 0.1 * x = | 2:worm 1:worm 0.8:inch /:worm +:worm 0.1:inch *:inch x:inch =:inch
EXPR: 0 | POS | FRA | 0 | 0.7 | 0.325 | x=((2+(1/0.8))*0.1) | x 2 1 0.8 / + 0.1 * = | x:inch 2:worm 1:worm 0.8:inch /:worm +:worm 0.1:inch *:inch =:inch
EXPR: 0 | POS | FRA | 0 | 0.7 | 0.075 | x=((2-(1/0.8))*0.1) | x 2 1 0.8 / - 0.1 * = | x:inch 2:worm 1:worm 0.8:inch /:worm -:worm 0.1:inch *:inch =:inch
EXPR: 0 | POS | FRA | 0 | 0.7 | 2.1 | x=((2+1)*(0.8-0.1)) | x 2 1 + 0.8 0.1 - * = | x:inch 2:worm 1:worm +:worm 0.8:inch 0.1:inch -:inch *:inch =:inch
EXPR: 0 | POS | FRA | 0 | 0.7 | 0.9 | ((2-1)*(0.8+0.1))=x | 2 1 - 0.8 0.1 + * x = | 2:worm 1:worm -:worm 0.8:inch 0.1:inch +:inch *:inch x:inch =:inch
EXPR: 1 | POS | FRA | 0 | 0.7 | 0.7 | (((2-1)*0.8)-0.1)=x | 2 1 - 0.8 * 0.1 - x = | 2:worm 1:worm -:worm 0.8:inch *:inch 0.1:inch -:inch x:inch =:inch
EXPR: 0 | POS | FRA | 0 | 0.7 | 0.28 | ((2+(1*0.8))*0.1)=x | 2 1 0.8 * + 0.1 * x = | 2:worm 1:worm 0.8:inch *:worm +:worm 0.1:inch *:inch x:inch =:inch
EXPR: 0 | POS | FRA | 0 | 0.7 | 0.9 | x=((2-1)*(0.8+0.1)) | x 2 1 - 0.8 0.1 + * = | x:inch 2:worm 1:worm -:worm 0.8:inch 0.1:inch +:inch *:inch =:inch
EXPR: 0 | POS | FRA | 0 | 0.7 | 0.9 | x=(((2-1)*0.8)+0.1) | x 2 1 - 0.8 * 0.1 + = | x:inch 2:worm 1:worm -:worm 0.8:inch *:inch 0.1:inch +:inch =:inch
EXPR: 0 | POS | FRA | 0 | 0.7 | 2.5 | x=(((2+1)*0.8)+0.1) | x 2 1 + 0.8 * 0.1 + = | x:inch 2:worm 1:worm +:worm 0.8:inch *:inch 0.1:inch +:inch =:inch
EXPR: 1 | POS | FRA | 0 | 0.7 | 0.7 | ((2-1)*(0.8-0.1))=x | 2 1 - 0.8 0.1 - * x = | 2:worm 1:worm -:worm 0.8:inch 0.1:inch -:inch *:inch x:inch =:inch
EXPR: 0 | POS | FRA | 0 | 0.7 | 0.12 | ((2-(1*0.8))*0.1)=x | 2 1 0.8 * - 0.1 * x = | 2:worm 1:worm 0.8:inch *:worm -:worm 0.1:inch *:inch x:inch =:inch
EXPR: 0 | POS | FRA | 0 | 0.7 | 0.9 | (((2-1)*0.8)+0.1)=x | 2 1 - 0.8 * 0.1 + x = | 2:worm 1:worm -:worm 0.8:inch *:inch 0.1:inch +:inch x:inch =:inch
EXPR: 0 | POS | FRA | 0 | 0.7 | 1.8 | x=(2*((1*0.8)+0.1)) | x 2 1 0.8 * 0.1 + * = | x:inch 2:worm 1:worm 0.8:inch *:inch 0.1:inch +:inch *:inch =:inch
EXPR: 0 | POS | FRA | 0 | 0.7 | 2.7 | x=((2+1)*(0.8+0.1)) | x 2 1 + 0.8 0.1 + * = | x:inch 2:worm 1:worm +:worm 0.8:inch 0.1:inch +:inch *:inch =:inch
EXPR: 1 | POS | FRA | 0 | 0.7 | 0.7 | x=(((2-1)*0.8)-0.1) | x 2 1 - 0.8 * 0.1 - = | x:inch 2:worm 1:worm -:worm 0.8:inch *:inch 0.1:inch -:inch =:inch
EXPR: 0 | POS | FRA | 0 | 0.7 | 2.3 | x=(((2+1)*0.8)-0.1) | x 2 1 + 0.8 * 0.1 - = | x:inch 2:worm 1:worm +:worm 0.8:inch *:inch 0.1:inch -:inch =:inch
EXPR: 0 | POS | FRA | 2 | 0.7 | 0.75 | (2*((1*0.8)-x))=0.1 | 2 1 0.8 * x - * 0.1 = | 2:worm 1:worm 0.8:inch *:inch x:inch -:inch *:inch 0.1:inch =:inch
EXPR: 0 | POS | FRA | 10 | 0.7 | 1.8 | (2*((1*0.1)+0.8))=x | 2 1 0.1 * 0.8 + * x = | 2:worm 1:worm 0.1:inch *:inch 0.8:inch +:inch *:inch x:inch =:inch
EXPR: 0 | POS | FRA | 10 | 0.7 | 1.1 | ((2*1)-(0.8+0.1))=x | 2 1 * 0.8 0.1 + - x = | 2:worm 1:inch *:inch 0.8:inch 0.1:inch +:inch -:inch x:inch =:inch
EXPR: 0 | POS | FRA | 10 | 0.7 | 3.33333333333333 | x=((2+1)/(0.8+0.1)) | x 2 1 + 0.8 0.1 + / = | x:worm 2:worm 1:worm +:worm 0.8:inch 0.1:inch +:inch /:worm =:worm
EXPR: 0 | POS | FRA | 10 | 0.7 | 4.28571428571429 | x=((2+1)/(0.8-0.1)) | x 2 1 + 0.8 0.1 - / = | x:worm 2:worm 1:worm +:worm 0.8:inch 0.1:inch -:inch /:worm =:worm
EXPR: 0 | POS | FRA | 10 | 0.7 | 1.1 | (((2+1)*0.1)+0.8)=x | 2 1 + 0.1 * 0.8 + x = | 2:worm 1:worm +:worm 0.1:inch *:inch 0.8:inch +:inch x:inch =:inch
EXPR: 0 | POS | FRA | 10 | 0.7 | 2.7 | x=((2*1)+(0.8-0.1)) | x 2 1 * 0.8 0.1 - + = | x:inch 2:worm 1:inch *:inch 0.8:inch 0.1:inch -:inch +:inch =:inch
EXPR: 0 | POS | FRA | 10 | 0.7 | 0.35 | x=((1+(2/0.8))*0.1) | x 1 2 0.8 / + 0.1 * = | x:inch 1:worm 2:worm 0.8:inch /:worm +:worm 0.1:inch *:inch =:inch
EXPR: 0 | POS | FRA | 10 | 0.7 | 1.7 | x=(1*((2*0.8)+0.1)) | x 1 2 0.8 * 0.1 + * = | x:inch 1:worm 2:worm 0.8:inch *:inch 0.1:inch +:inch *:inch =:inch
EXPR: 0 | POS | FRA | 10 | 0.7 | 3.5 | x=((2*(1+0.8))-0.1) | x 2 1 0.8 + * 0.1 - = | x:inch 2:worm 1:inch 0.8:inch +:inch *:inch 0.1:inch -:inch =:inch
EXPR: 0 | POS | FRA | 12 | 0.7 | 0.3 | (2*((1*0.1)+x))=0.8 | 2 1 0.1 * x + * 0.8 = | 2:worm 1:worm 0.1:inch *:inch x:inch +:inch *:inch 0.8:inch =:inch
EXPR: 0 | POS | FRA | 12 | 0.7 | 0.18 | (x/((2-1)+0.8))=0.1 | x 2 1 - 0.8 + / 0.1 = | x:inch 2:worm 1:worm -:worm 0.8:worm +:worm /:inch 0.1:inch =:inch
EXPR: 0 | POS | FRA | 12 | 0.7 | 9.2 | 2=(1+((x+0.8)*0.1)) | 2 1 x 0.8 + 0.1 * + = | 2:worm 1:worm x:inch 0.8:inch +:inch 0.1:worm *:worm +:worm =:worm
EXPR: 0 | POS | FRA | 12 | 0.7 | 0.233333333333333 | (((2+1)*x)+0.1)=0.8 | 2 1 + x * 0.1 + 0.8 = | 2:worm 1:worm +:worm x:inch *:inch 0.1:inch +:inch 0.8:inch =:inch
EXPR: 0 | POS | FRA | 12 | 0.7 | 0.9 | (((2-1)*x)-0.1)=0.8 | 2 1 - x * 0.1 - 0.8 = | 2:worm 1:worm -:worm x:inch *:inch 0.1:inch -:inch 0.8:inch =:inch
EXPR: 0 | POS | FRA | 20 | 0.7 | 0.12 | (((2*1)-0.8)*0.1)=x | 2 1 * 0.8 - 0.1 * x = | 2:inch 1:worm *:worm 0.8:worm -:worm 0.1:inch *:inch x:inch =:inch
EXPR: 0 | POS | FRA | 20 | 0.7 | 2.9 | (2+((1*0.1)+0.8))=x | 2 1 0.1 * 0.8 + + x = | 2:inch 1:worm 0.1:inch *:inch 0.8:inch +:inch +:inch x:inch =:inch
EXPR: 0 | POS | FRA | 20 | 0.7 | 1.44 | ((2*0.8)*(1-0.1))=x | 2 0.8 * 1 0.1 - * x = | 2:worm 0.8:inch *:inch 1:worm 0.1:worm -:worm *:inch x:inch =:inch
EXPR: 0 | POS | FRA | 20 | 0.7 | 2.625 | ((2+(1*0.1))/0.8)=x | 2 1 0.1 * + 0.8 / x = | 2:worm 1:worm 0.1:inch *:worm +:worm 0.8:inch /:worm x:worm =:worm
EXPR: 0 | POS | FRA | 20 | 0.7 | 2.375 | ((2-(1*0.1))/0.8)=x | 2 1 0.1 * - 0.8 / x = | 2:worm 1:worm 0.1:inch *:worm -:worm 0.8:inch /:worm x:worm =:worm
EXPR: 0 | POS | FRA | 20 | 0.7 | 0.2 | (2*(1-(0.8+0.1)))=x | 2 1 0.8 0.1 + - * x = | 2:worm 1:inch 0.8:inch 0.1:inch +:inch -:inch *:worm x:worm =:worm
EXPR: 0 | POS | FRA | 20 | 0.7 | 0.72 | (((2-1)-0.1)*0.8)=x | 2 1 - 0.1 - 0.8 * x = | 2:worm 1:worm -:worm 0.1:worm -:worm 0.8:inch *:inch x:inch =:inch
EXPR: 0 | POS | FRA | 20 | 0.7 | 0.6 | (2*(1-(0.8-0.1)))=x | 2 1 0.8 0.1 - - * x = | 2:worm 1:inch 0.8:inch 0.1:inch -:inch -:inch *:worm x:worm =:worm
EXPR: 0 | POS | FRA | 20 | 0.7 | 2.5 | x=((2*0.8)+(1-0.1)) | x 2 0.8 * 1 0.1 - + = | x:inch 2:worm 0.8:inch *:inch 1:inch 0.1:inch -:inch +:inch =:inch
EXPR: 0 | POS | FRA | 20 | 0.7 | 2.7 | x=(1*(2+(0.8-0.1))) | x 1 2 0.8 0.1 - + * = | x:inch 1:worm 2:inch 0.8:inch 0.1:inch -:inch +:inch *:inch =:inch
EXPR: 0 | POS | FRA | 20 | 0.7 | 2.9 | x=(1*(2+(0.8+0.1))) | x 1 2 0.8 0.1 + + * = | x:inch 1:worm 2:inch 0.8:inch 0.1:inch +:inch +:inch *:inch =:inch
EXPR: 0 | POS | FRA | 20 | 0.7 | 1.4 | x=((1/2)+(0.8+0.1)) | x 1 2 / 0.8 0.1 + + = | x:inch 1:inch 2:worm /:inch 0.8:inch 0.1:inch +:inch +:inch =:inch
EXPR: 0 | POS | FRA | 20 | 0.7 | 1.1 | x=(1*(2-(0.8+0.1))) | x 1 2 0.8 0.1 + - * = | x:inch 1:worm 2:inch 0.8:inch 0.1:inch +:inch -:inch *:inch =:inch
EXPR: 0 | POS | INT | 20 | 0.7 | 4 | x=(2+((1-0.8)/0.1)) | x 2 1 0.8 - 0.1 / + = | x:worm 2:worm 1:worm 0.8:worm -:worm 0.1:inch /:worm +:worm =:worm
EXPR: 0 | POS | FRA | 20 | 0.7 | 1.92 | x=((2*1)-(0.8*0.1)) | x 2 1 * 0.8 0.1 * - = | x:inch 2:worm 1:inch *:inch 0.8:inch 0.1:worm *:inch -:inch =:inch
EXPR: 0 | POS | FRA | 20 | 0.7 | 2.22222222222222 | x=((2*1)/(0.8+0.1)) | x 2 1 * 0.8 0.1 + / = | x:worm 2:worm 1:inch *:worm 0.8:inch 0.1:inch +:inch /:worm =:worm
EXPR: 0 | POS | FRA | 20 | 0.7 | 2.08 | x=((2*1)+(0.8*0.1)) | x 2 1 * 0.8 0.1 * + = | x:inch 2:worm 1:inch *:inch 0.8:worm 0.1:inch *:inch +:inch =:inch
EXPR: 0 | POS | FRA | 20 | 0.7 | 0.18 | x=((2+(0.8-1))*0.1) | x 2 0.8 1 - + 0.1 * = | x:inch 2:worm 0.8:worm 1:worm -:worm +:worm 0.1:inch *:inch =:inch
EXPR: 1 | POS | FRA | 20 | 0.7 | 0.7 | x=(((1-2)*0.1)+0.8) | x 1 2 - 0.1 * 0.8 + = | x:inch 1:worm 2:worm -:worm 0.1:inch *:inch 0.8:inch +:inch =:inch
EXPR: 0 | POS | FRA | 20 | 0.7 | 1.3 | x=(1*((2-0.8)+0.1)) | x 1 2 0.8 - 0.1 + * = | x:inch 1:worm 2:inch 0.8:inch -:inch 0.1:inch +:inch *:inch =:inch
EXPR: 0 | POS | FRA | 20 | 0.7 | 2.7 | x=(1*((2+0.8)-0.1)) | x 1 2 0.8 + 0.1 - * = | x:inch 1:worm 2:inch 0.8:inch +:inch 0.1:inch -:inch *:inch =:inch
EXPR: 0 | POS | FRA | 20 | 0.7 | 1.1 | x=(1*((2-0.8)-0.1)) | x 1 2 0.8 - 0.1 - * = | x:inch 1:worm 2:inch 0.8:inch -:inch 0.1:inch -:inch *:inch =:inch
EXPR: 0 | POS | FRA | 20 | 0.7 | 0.35 | x=((1/2)*(0.8-0.1)) | x 1 2 / 0.8 0.1 - * = | x:inch 1:worm 2:inch /:worm 0.8:inch 0.1:inch -:inch *:inch =:inch
EXPR: 0 | POS | FRA | 25 | 0.7 | 0.6 | x=((1*0.8)-(2*0.1)) | x 1 0.8 * 2 0.1 * - = | x:inch 1:worm 0.8:inch *:inch 2:worm 0.1:inch *:inch -:inch =:inch
EXPR: 0 | POS | FRA | 25 | 0.7 | 0.5 | x=(1*((0.8/2)+0.1)) | x 1 0.8 2 / 0.1 + * = | x:inch 1:worm 0.8:inch 2:worm /:inch 0.1:inch +:inch *:inch =:inch
EXPR: 0 | POS | INT | 30 | 0.7 | 11 | x=((2+1)+(0.8/0.1)) | x 2 1 + 0.8 0.1 / + = | x:inch 2:inch 1:inch +:inch 0.8:inch 0.1:worm /:inch +:inch =:inch
EXPR: 0 | POS | FRA | 30 | 0.7 | 0.72 | (1-((2+0.8)*0.1))=x | 1 2 0.8 + 0.1 * - x = | 1:inch 2:worm 0.8:worm +:worm 0.1:inch *:inch -:inch x:inch =:inch
EXPR: 0 | POS | FRA | 30 | 0.7 | 11.2 | x=((2+(1/0.1))-0.8) | x 2 1 0.1 / + 0.8 - = | x:worm 2:worm 1:worm 0.1:inch /:worm +:worm 0.8:worm -:worm =:worm
EXPR: 0 | POS | FRA | 30 | 0.7 | 1.3 | x=((2+(1*0.1))-0.8) | x 2 1 0.1 * + 0.8 - = | x:worm 2:worm 1:worm 0.1:inch *:worm +:worm 0.8:worm -:worm =:worm
EXPR: 0 | POS | FRA | 30 | 0.7 | 2.9 | (((2+0.8)*1)+0.1)=x | 2 0.8 + 1 * 0.1 + x = | 2:worm 0.8:worm +:worm 1:inch *:inch 0.1:inch +:inch x:inch =:inch
EXPR: 0 | POS | FRA | 30 | 0.7 | 2.54545454545455 | x=((2+0.8)/(1+0.1)) | x 2 0.8 + 1 0.1 + / = | x:inch 2:inch 0.8:inch +:inch 1:worm 0.1:worm +:worm /:inch =:inch
EXPR: 0 | POS | FRA | 30 | 0.7 | 1.01818181818182 | ((2/(1+0.1))-0.8)=x | 2 1 0.1 + / 0.8 - x = | 2:inch 1:worm 0.1:worm +:worm /:inch 0.8:inch -:inch x:inch =:inch
EXPR: 0 | POS | FRA | 30 | 0.7 | 1.12 | x=(2-((1+0.1)*0.8)) | x 2 1 0.1 + 0.8 * - = | x:worm 2:worm 1:worm 0.1:worm +:worm 0.8:inch *:worm -:worm =:worm
EXPR: 0 | POS | FRA | 30 | 0.7 | 3.8 | x=(2*((1+0.8)+0.1)) | x 2 1 0.8 + 0.1 + * = | x:inch 2:inch 1:worm 0.8:worm +:worm 0.1:worm +:worm *:inch =:inch
EXPR: 0 | POS | FRA | 30 | 0.7 | 1.5 | x=(1*((2*0.8)-0.1)) | x 1 2 0.8 * 0.1 - * = | x:inch 1:worm 2:inch 0.8:worm *:inch 0.1:inch -:inch *:inch =:inch
EXPR: 0 | POS | FRA | 30 | 0.7 | 1.68 | x=(((2*1)+0.1)*0.8) | x 2 1 * 0.1 + 0.8 * = | x:inch 2:worm 1:inch *:inch 0.1:inch +:inch 0.8:worm *:inch =:inch
EXPR: 0 | POS | FRA | 30 | 0.7 | 1.52 | x=(((2*1)-0.1)*0.8) | x 2 1 * 0.1 - 0.8 * = | x:inch 2:worm 1:inch *:inch 0.1:inch -:inch 0.8:worm *:inch =:inch
EXPR: 0 | POS | FRA | 32 | 0.7 | 3.625 | ((2-(x*0.8))+1)=0.1 | 2 x 0.8 * - 1 + 0.1 = | 2:worm x:worm 0.8:inch *:worm -:worm 1:worm +:worm 0.1:worm =:worm
EXPR: 0 | POS | FRA | 32 | 0.7 | 2.9 | (((x-2)*1)-0.1)=0.8 | x 2 - 1 * 0.1 - 0.8 = | x:worm 2:worm -:worm 1:inch *:inch 0.1:inch -:inch 0.8:inch =:inch
EXPR: 1 | POS | FRA | 35 | 0.7 | 0.7 | ((2*0.8)+(0.1-1))=x | 2 0.8 * 0.1 1 - + x = | 2:worm 0.8:inch *:inch 0.1:inch 1:inch -:inch +:inch x:inch =:inch
EXPR: 0 | POS | FRA | 35 | 0.7 | 0.72 | (((2-0.1)-1)*0.8)=x | 2 0.1 - 1 - 0.8 * x = | 2:worm 0.1:worm -:worm 1:worm -:worm 0.8:inch *:inch x:inch =:inch
EXPR: 0 | POS | FRA | 35 | 0.7 | 21.25 | x=((2/0.1)+(1/0.8)) | x 2 0.1 / 1 0.8 / + = | x:worm 2:worm 0.1:inch /:worm 1:worm 0.8:inch /:worm +:worm =:worm
EXPR: 0 | POS | FRA | 35 | 0.7 | 2.8 | x=((2*(0.8+0.1))+1) | x 2 0.8 0.1 + * 1 + = | x:inch 2:worm 0.8:inch 0.1:inch +:inch *:inch 1:inch +:inch =:inch
EXPR: 0 | POS | FRA | 35 | 0.7 | 2.5 | x=(((2*0.8)-0.1)+1) | x 2 0.8 * 0.1 - 1 + = | x:inch 2:worm 0.8:inch *:inch 0.1:inch -:inch 1:inch +:inch =:inch
EXPR: 0 | POS | FRA | 35 | 0.7 | 2.7 | x=(((2*0.8)+0.1)+1) | x 2 0.8 * 0.1 + 1 + = | x:inch 2:worm 0.8:inch *:inch 0.1:inch +:inch 1:inch +:inch =:inch
EXPR: 0 | POS | FRA | 37 | 0.7 | 0.6 | ((2*0.1)+x)=(1*0.8) | 2 0.1 * x + 1 0.8 * = | 2:worm 0.1:inch *:inch x:inch +:inch 1:worm 0.8:inch *:inch =:inch
EXPR: 0 | POS | FRA | 40 | 0.7 | 0.58 | x=((1/2)+(0.8*0.1)) | x 1 2 / 0.8 0.1 * + = | x:worm 1:worm 2:inch /:worm 0.8:inch 0.1:worm *:worm +:worm =:worm
EXPR: 0 | POS | INT | 40 | 0.7 | 4 | x=(2-((0.8-1)/0.1)) | x 2 0.8 1 - 0.1 / - = | x:inch 2:inch 0.8:inch 1:inch -:inch 0.1:worm /:inch -:inch =:inch
EXPR: 0 | POS | FRA | 40 | 0.7 | 0.6 | x=(2*(1+(0.1-0.8))) | x 2 1 0.1 0.8 - + * = | x:inch 2:inch 1:worm 0.1:worm 0.8:worm -:worm +:worm *:inch =:inch
EXPR: 0 | POS | FRA | 40 | 0.7 | 0.6 | x=(2*((1+0.1)-0.8)) | x 2 1 0.1 + 0.8 - * = | x:inch 2:inch 1:worm 0.1:worm +:worm 0.8:worm -:worm *:inch =:inch
EXPR: 0 | POS | FRA | 40 | 0.7 | 0.48 | x=(((1/2)+0.1)*0.8) | x 1 2 / 0.1 + 0.8 * = | x:inch 1:worm 2:inch /:worm 0.1:worm +:worm 0.8:inch *:inch =:inch
EXPR: 0 | POS | FRA | 40 | 0.7 | 0.32 | x=(((1/2)-0.1)*0.8) | x 1 2 / 0.1 - 0.8 * = | x:inch 1:worm 2:inch /:worm 0.1:worm -:worm 0.8:inch *:inch =:inch
EXPR: 0 | POS | FRA | 42 | 0.7 | 2.375 | ((2-(x*0.8))*1)=0.1 | 2 x 0.8 * - 1 * 0.1 = | 2:worm x:worm 0.8:inch *:worm -:worm 1:inch *:worm 0.1:worm =:worm
EXPR: 0 | POS | FRA | 42 | 0.7 | 1.45 | (((x-1)*2)-0.1)=0.8 | x 1 - 2 * 0.1 - 0.8 = | x:worm 1:worm -:worm 2:inch *:inch 0.1:inch -:inch 0.8:inch =:inch
EXPR: 0 | POS | FRA | 45 | 0.7 | 10.4 | x=((0.8/2)+(1/0.1)) | x 0.8 2 / 1 0.1 / + = | x:inch 0.8:inch 2:worm /:inch 1:inch 0.1:worm /:inch +:inch =:inch
EXPR: 0 | POS | FRA | 45 | 0.7 | 3.625 | (((2-0.1)+1)/0.8)=x | 2 0.1 - 1 + 0.8 / x = | 2:worm 0.1:worm -:worm 1:worm +:worm 0.8:inch /:worm x:worm =:worm
EXPR: 0 | POS | FRA | 45 | 0.7 | 2.5 | x=(0.1+((2+1)*0.8)) | x 0.1 2 1 + 0.8 * + = | x:inch 0.1:inch 2:worm 1:worm +:worm 0.8:inch *:inch +:inch =:inch
EXPR: 0 | POS | FRA | 45 | 0.7 | 0.72 | x=(0.8*(2-(1+0.1))) | x 0.8 2 1 0.1 + - * = | x:worm 0.8:inch 2:worm 1:worm 0.1:worm +:worm -:worm *:worm =:worm
EXPR: 0 | POS | FRA | 45 | 0.7 | 0.88 | x=(0.8*(2-(1-0.1))) | x 0.8 2 1 0.1 - - * = | x:worm 0.8:inch 2:worm 1:worm 0.1:worm -:worm -:worm *:worm =:worm
EXPR: 0 | POS | FRA | 45 | 0.7 | 2.08 | x=((2+(0.8*0.1))*1) | x 2 0.8 0.1 * + 1 * = | x:inch 2:worm 0.8:worm 0.1:inch *:worm +:worm 1:inch *:inch =:inch
EXPR: 0 | POS | FRA | 45 | 0.7 | 1.92 | x=((2-(0.8*0.1))*1) | x 2 0.8 0.1 * - 1 * = | x:inch 2:worm 0.8:worm 0.1:inch *:worm -:worm 1:inch *:inch =:inch
EXPR: 0 | POS | FRA | 47 | 0.7 | 3.625 | ((2-(0.1-1))/x)=0.8 | 2 0.1 1 - - x / 0.8 = | 2:worm 0.1:worm 1:worm -:worm -:worm x:inch /:worm 0.8:worm =:worm
EXPR: 0 | POS | FRA | 47 | 0.7 | 0.321428571428571 | (((2+0.8)*x)+0.1)=1 | 2 0.8 + x * 0.1 + 1 = | 2:worm 0.8:worm +:worm x:inch *:inch 0.1:inch +:inch 1:inch =:inch
EXPR: 0 | POS | FRA | 47 | 0.7 | 1.33333333333333 | 2=(0.8-((0.1-1)*x)) | 2 0.8 0.1 1 - x * - = | 2:inch 0.8:inch 0.1:worm 1:worm -:worm x:inch *:inch -:inch =:inch
EXPR: 0 | POS | FRA | 47 | 0.7 | 2.16 | 2=(x/((0.8*0.1)+1)) | 2 x 0.8 0.1 * 1 + / = | 2:inch x:inch 0.8:inch 0.1:worm *:worm 1:worm +:worm /:inch =:inch
EXPR: 0 | POS | FRA | 47 | 0.7 | 2.9 | 0.8=(((x-2)*1)-0.1) | 0.8 x 2 - 1 * 0.1 - = | 0.8:inch x:worm 2:worm -:worm 1:inch *:inch 0.1:inch -:inch =:inch
EXPR: 0 | POS | FRA | 47 | 0.7 | 1.8 | 0.8=(1*((x/2)-0.1)) | 0.8 1 x 2 / 0.1 - * = | 0.8:worm 1:worm x:inch 2:worm /:inch 0.1:inch -:inch *:worm =:worm
EXPR: 0 | POS | FRA | 47 | 0.7 | 0.0357142857142857 | 0.1=((2+(1*0.8))*x) | 0.1 2 1 0.8 * + x * = | 0.1:inch 2:worm 1:worm 0.8:inch *:worm +:worm x:inch *:inch =:inch
EXPR: 0 | POS | FRA | 47 | 0.7 | 0.0833333333333333 | 0.1=((2-(1*0.8))*x) | 0.1 2 1 0.8 * - x * = | 0.1:inch 2:worm 1:worm 0.8:inch *:worm -:worm x:inch *:inch =:inch
EXPR: 0 | POS | FRA | 47 | 0.7 | 2.3 | 0.1=(((2+1)*0.8)-x) | 0.1 2 1 + 0.8 * x - = | 0.1:inch 2:worm 1:worm +:worm 0.8:inch *:inch x:inch -:inch =:inch
EXPR: 0 | POS | FRA | 47 | 0.7 | 0.380952380952381 | 0.8=(((2*1)+0.1)*x) | 0.8 2 1 * 0.1 + x * = | 0.8:inch 2:inch 1:worm *:worm 0.1:worm +:worm x:inch *:inch =:inch
EXPR: 0 | POS | FRA | 47 | 0.7 | 0.421052631578947 | 0.8=(((2*1)-0.1)*x) | 0.8 2 1 * 0.1 - x * = | 0.8:inch 2:inch 1:worm *:worm 0.1:worm -:worm x:inch *:inch =:inch
EXPR: 0 | POS | FRA | 50 | 0.7 | 2.5 | (1+((2*0.8)-0.1))=x | 1 2 0.8 * 0.1 - + x = | 1:worm 2:inch 0.8:worm *:worm 0.1:worm -:worm +:worm x:worm =:worm
EXPR: 0 | POS | FRA | 50 | 0.7 | 0.588235294117647 | x=(1/((2*0.8)+0.1)) | x 1 2 0.8 * 0.1 + / = | x:inch 1:inch 2:inch 0.8:worm *:worm 0.1:worm +:worm /:inch =:inch
EXPR: 0 | POS | FRA | 50 | 0.7 | 3.375 | x=(1+((2-0.1)/0.8)) | x 1 2 0.1 - 0.8 / + = | x:inch 1:inch 2:inch 0.1:inch -:inch 0.8:worm /:inch +:inch =:inch
EXPR: 0 | POS | INT | 50 | 0.7 | 1 | x=(1*((2*0.1)+0.8)) | x 1 2 0.1 * 0.8 + * = | x:worm 1:worm 2:inch 0.1:worm *:inch 0.8:inch +:inch *:worm =:worm
EXPR: 0 | POS | FRA | 52 | 0.7 | 0.85 | 1=((x*2)+(0.1-0.8)) | 1 x 2 * 0.1 0.8 - + = | 1:inch x:worm 2:inch *:inch 0.1:inch 0.8:inch -:inch +:inch =:inch
EXPR: 0 | POS | INT | 52 | 0.7 | 13 | 1=(2*((0.1*x)-0.8)) | 1 2 0.1 x * 0.8 - * = | 1:worm 2:inch 0.1:inch x:worm *:worm 0.8:worm -:worm *:worm =:worm
EXPR: 0 | POS | FRA | 55 | 0.7 | 0.88 | ((2+(0.1-1))*0.8)=x | 2 0.1 1 - + 0.8 * x = | 2:inch 0.1:inch 1:inch -:inch +:inch 0.8:worm *:inch x:inch =:inch
EXPR: 0 | POS | FRA | 55 | 0.7 | 1.1 | x=((2-(0.8+0.1))*1) | x 2 0.8 0.1 + - 1 * = | x:inch 2:worm 0.8:worm 0.1:worm +:worm -:worm 1:inch *:inch =:inch
EXPR: 0 | POS | FRA | 55 | 0.7 | 3.78 | x=((1+0.8)*(2+0.1)) | x 1 0.8 + 2 0.1 + * = | x:worm 1:inch 0.8:inch +:inch 2:worm 0.1:worm +:worm *:worm =:worm
EXPR: 0 | POS | FRA | 55 | 0.7 | 2.68 | x=(((2+0.1)*0.8)+1) | x 2 0.1 + 0.8 * 1 + = | x:inch 2:worm 0.1:worm +:worm 0.8:inch *:inch 1:inch +:inch =:inch
EXPR: 0 | POS | FRA | 55 | 0.7 | 2.9 | x=((1*(0.8+0.1))+2) | x 1 0.8 0.1 + * 2 + = | x:inch 1:worm 0.8:inch 0.1:inch +:inch *:inch 2:inch +:inch =:inch
EXPR: 0 | POS | FRA | 55 | 0.7 | 1.3 | x=((0.1+(2*1))-0.8) | x 0.1 2 1 * + 0.8 - = | x:inch 0.1:inch 2:worm 1:inch *:inch +:inch 0.8:inch -:inch =:inch
EXPR: 0 | POS | FRA | 55 | 0.7 | 2.9 | x=(((1*0.8)+0.1)+2) | x 1 0.8 * 0.1 + 2 + = | x:inch 1:worm 0.8:inch *:inch 0.1:inch +:inch 2:inch +:inch =:inch
EXPR: 0 | POS | FRA | 57 | 0.7 | 0.3 | (2+((0.1-0.8)-x))=1 | 2 0.1 0.8 - x - + 1 = | 2:inch 0.1:inch 0.8:inch -:inch x:inch -:inch +:inch 1:inch =:inch
EXPR: 0 | POS | INT | 57 | 0.7 | 0 | 1=(0.8+((x+0.1)*2)) | 1 0.8 x 0.1 + 2 * + = | 1:inch 0.8:inch x:inch 0.1:inch +:inch 2:worm *:inch +:inch =:inch
EXPR: 0 | POS | FRA | 57 | 0.7 | 2.3 | (0.8*(2+1))=(0.1+x) | 0.8 2 1 + * 0.1 x + = | 0.8:inch 2:worm 1:worm +:worm *:worm 0.1:worm x:worm +:worm =:worm
EXPR: 0 | POS | INT | 57 | 0.7 | 1 | 0.8=((1*x)-(2*0.1)) | 0.8 1 x * 2 0.1 * - = | 0.8:inch 1:worm x:inch *:inch 2:inch 0.1:worm *:inch -:inch =:inch
EXPR: 0 | POS | FRA | 57 | 0.7 | 1.8 | (((x/2)-0.1)/0.8)=1 | x 2 / 0.1 - 0.8 / 1 = | x:inch 2:worm /:inch 0.1:inch -:inch 0.8:worm /:inch 1:inch =:inch
EXPR: 0 | POS | FRA | 57 | 0.7 | 1.45 | 0.8=(((x-1)*2)-0.1) | 0.8 x 1 - 2 * 0.1 - = | 0.8:inch x:worm 1:worm -:worm 2:inch *:inch 0.1:inch -:inch =:inch
EXPR: 0 | POS | FRA | 60 | 0.7 | 3.625 | (((1-0.1)+2)/0.8)=x | 1 0.1 - 2 + 0.8 / x = | 1:worm 0.1:worm -:worm 2:worm +:worm 0.8:inch /:worm x:worm =:worm
EXPR: 0 | POS | FRA | 60 | 0.7 | 19.8 | x=((0.8+(2/0.1))-1) | x 0.8 2 0.1 / + 1 - = | x:worm 0.8:worm 2:worm 0.1:inch /:worm +:worm 1:worm -:worm =:worm
EXPR: 0 | POS | INT | 60 | 0.7 |  | x=(1-((2*0.1)+0.8)) | x 1 2 0.1 * 0.8 + - = | x:worm 1:worm 2:inch 0.1:worm *:worm 0.8:worm +:worm -:worm =:worm
EXPR: 0 | POS | INT | 62 | 0.7 | 15 | ((x+1)*0.1)=(2*0.8) | x 1 + 0.1 * 2 0.8 * = | x:worm 1:worm +:worm 0.1:inch *:inch 2:worm 0.8:inch *:inch =:inch
EXPR: 0 | POS | FRA | 65 | 0.7 | 21.8 | (0.8+(1+(2/0.1)))=x | 0.8 1 2 0.1 / + + x = | 0.8:inch 1:inch 2:inch 0.1:worm /:inch +:inch +:inch x:inch =:inch
EXPR: 0 | POS | FRA | 65 | 0.7 | 0.13 | x=((0.8+(1/2))*0.1) | x 0.8 1 2 / + 0.1 * = | x:worm 0.8:worm 1:worm 2:inch /:worm +:worm 0.1:inch *:worm =:worm
EXPR: 0 | POS | FRA | 65 | 0.7 | 0.03 | x=((0.8-(1/2))*0.1) | x 0.8 1 2 / - 0.1 * = | x:worm 0.8:worm 1:worm 2:inch /:worm -:worm 0.1:inch *:worm =:worm
EXPR: 0 | POS | FRA | 65 | 0.7 | 1.3 | x=((1*0.1)-(0.8-2)) | x 1 0.1 * 0.8 2 - - = | x:inch 1:worm 0.1:inch *:inch 0.8:inch 2:inch -:inch -:inch =:inch
EXPR: 0 | POS | FRA | 65 | 0.7 | 3.125 | (2+((0.1/0.8)+1))=x | 2 0.1 0.8 / 1 + + x = | 2:inch 0.1:inch 0.8:worm /:inch 1:inch +:inch +:inch x:inch =:inch
EXPR: 0 | POS | FRA | 65 | 0.7 | 2.16 | x=((1+(0.8*0.1))*2) | x 1 0.8 0.1 * + 2 * = | x:inch 1:worm 0.8:worm 0.1:inch *:worm +:worm 2:inch *:inch =:inch
EXPR: 0 | POS | FRA | 67 | 0.7 | 1.22222222222222 | ((x+1)*(0.8+0.1))=2 | x 1 + 0.8 0.1 + * 2 = | x:worm 1:worm +:worm 0.8:inch 0.1:inch +:inch *:inch 2:inch =:inch
EXPR: 0 | POS | FRA | 67 | 0.7 | 0.96 | (((x/0.8)-1)/0.1)=2 | x 0.8 / 1 - 0.1 / 2 = | x:worm 0.8:inch /:worm 1:worm -:worm 0.1:inch /:worm 2:worm =:worm
EXPR: 0 | POS | FRA | 67 | 0.7 | 10.8 | (2-(0.1*(x-0.8)))=1 | 2 0.1 x 0.8 - * - 1 = | 2:inch 0.1:worm x:inch 0.8:inch -:inch *:inch -:inch 1:inch =:inch
EXPR: 1 | POS | FRA | 67 | 0.7 | 0.7 | 0.1=((x+1)-(2*0.8)) | 0.1 x 1 + 2 0.8 * - = | 0.1:inch x:inch 1:inch +:inch 2:worm 0.8:inch *:inch -:inch =:inch
EXPR: 0 | POS | INT | 67 | 0.7 | 4 | 0.8=(1-((x-2)*0.1)) | 0.8 1 x 2 - 0.1 * - = | 0.8:inch 1:inch x:inch 2:inch -:inch 0.1:worm *:inch -:inch =:inch
EXPR: 0 | POS | FRA | 67 | 0.7 | 0.575 | 0.8=(1/((x*2)+0.1)) | 0.8 1 x 2 * 0.1 + / = | 0.8:worm 1:worm x:worm 2:inch *:inch 0.1:inch +:inch /:worm =:worm
EXPR: 0 | POS | FRA | 67 | 0.7 | 2.1 | 0.1=(2-((x-1)+0.8)) | 0.1 2 x 1 - 0.8 + - = | 0.1:inch 2:inch x:inch 1:inch -:inch 0.8:inch +:inch -:inch =:inch
EXPR: 0 | POS | FRA | 67 | 0.7 | 1.1 | 0.1=(((2-x)*1)-0.8) | 0.1 2 x - 1 * 0.8 - = | 0.1:inch 2:worm x:worm -:worm 1:inch *:inch 0.8:inch -:inch =:inch
EXPR: 0 | POS | FRA | 67 | 0.7 | 0.6 | 0.1=((1/2)*(0.8-x)) | 0.1 1 2 / 0.8 x - * = | 0.1:inch 1:worm 2:inch /:worm 0.8:inch x:inch -:inch *:inch =:inch
EXPR: 0 | POS | FRA | 72 | 0.7 | 0.0952380952380952 | (0.8+((2+0.1)*x))=1 | 0.8 2 0.1 + x * + 1 = | 0.8:worm 2:inch 0.1:inch +:inch x:worm *:worm +:worm 1:worm =:worm
EXPR: 0 | POS | FRA | 72 | 0.7 | 1.3 | 0.8=(2*(x+(0.1-1))) | 0.8 2 x 0.1 1 - + * = | 0.8:inch 2:inch x:worm 0.1:worm 1:worm -:worm +:worm *:inch =:inch
EXPR: 0 | POS | FRA | 72 | 0.7 | 0.75 | (x*(0.8-2))=(0.1-1) | x 0.8 2 - * 0.1 1 - = | x:inch 0.8:worm 2:worm -:worm *:worm 0.1:worm 1:worm -:worm =:worm
EXPR: 0 | POS | FRA | 75 | 0.7 | 1.2 | x=((1/0.8)-(0.1/2)) | x 1 0.8 / 0.1 2 / - = | x:worm 1:worm 0.8:inch /:worm 0.1:worm 2:inch /:worm -:worm =:worm
EXPR: 0 | POS | FRA | 75 | 0.7 | 0.54 | ((1+(0.8*0.1))/2)=x | 1 0.8 0.1 * + 2 / x = | 1:worm 0.8:worm 0.1:inch *:worm +:worm 2:inch /:worm x:worm =:worm
EXPR: 0 | POS | FRA | 75 | 0.7 | 1.28 | x=((0.1*(2+0.8))+1) | x 0.1 2 0.8 + * 1 + = | x:worm 0.1:inch 2:worm 0.8:worm +:worm *:worm 1:worm +:worm =:worm
EXPR: 1 | POS | FRA | 75 | 0.7 | 0.7 | x=((0.1+(2*0.8))-1) | x 0.1 2 0.8 * + 1 - = | x:worm 0.1:worm 2:worm 0.8:inch *:worm +:worm 1:worm -:worm =:worm
EXPR: 0 | POS | FRA | 75 | 0.7 | 0.2 | x=((1-(0.8+0.1))*2) | x 1 0.8 0.1 + - 2 * = | x:inch 1:worm 0.8:worm 0.1:worm +:worm -:worm 2:inch *:inch =:inch
EXPR: 0 | POS | FRA | 75 | 0.7 | 1.7 | x=((0.1+(2*0.8))*1) | x 0.1 2 0.8 * + 1 * = | x:inch 0.1:worm 2:worm 0.8:inch *:worm +:worm 1:inch *:inch =:inch
EXPR: 0 | POS | FRA | 77 | 0.7 | 0.5 | 0.1=((1/2)-(x*0.8)) | 0.1 1 2 / x 0.8 * - = | 0.1:inch 1:inch 2:worm /:inch x:worm 0.8:inch *:inch -:inch =:inch
EXPR: 0 | POS | FRA | 77 | 0.7 | 2.66666666666667 | (0.8/(2+1))=(x*0.1) | 0.8 2 1 + / x 0.1 * = | 0.8:worm 2:inch 1:inch +:inch /:worm x:worm 0.1:inch *:worm =:worm
EXPR: 0 | POS | FRA | 77 | 0.7 | 1.375 | 0.1=((1-2)+(0.8*x)) | 0.1 1 2 - 0.8 x * + = | 0.1:worm 1:worm 2:worm -:worm 0.8:inch x:worm *:worm +:worm =:worm
EXPR: 0 | POS | FRA | 77 | 0.7 | 8.8 | (0.8+((1/0.1)-x))=2 | 0.8 1 0.1 / x - + 2 = | 0.8:worm 1:worm 0.1:inch /:worm x:worm -:worm +:worm 2:worm =:worm
EXPR: 0 | POS | FRA | 77 | 0.7 | 0.875 | 0.1=(((x-2)*0.8)+1) | 0.1 x 2 - 0.8 * 1 + = | 0.1:inch x:worm 2:worm -:worm 0.8:inch *:inch 1:inch +:inch =:inch
EXPR: 0 | POS | FRA | 77 | 0.7 | 19.2 | 0.1=((2*1)/(0.8+x)) | 0.1 2 1 * 0.8 x + / = | 0.1:inch 2:worm 1:inch *:inch 0.8:worm x:worm +:worm /:inch =:inch
EXPR: 0 | POS | FRA | 77 | 0.7 | 0.6 | 0.8=((1*x)+(2*0.1)) | 0.8 1 x * 2 0.1 * + = | 0.8:inch 1:inch x:worm *:inch 2:inch 0.1:worm *:inch +:inch =:inch
EXPR: 0 | POS | FRA | 80 | 0.7 | 0.5 | x=(((0.8/2)+0.1)*1) | x 0.8 2 / 0.1 + 1 * = | x:inch 0.8:worm 2:inch /:worm 0.1:worm +:worm 1:inch *:inch =:inch
EXPR: 0 | POS | FRA | 80 | 0.7 | 0.3 | x=(((0.8/2)-0.1)*1) | x 0.8 2 / 0.1 - 1 * = | x:inch 0.8:worm 2:inch /:worm 0.1:worm -:worm 1:inch *:inch =:inch
EXPR: 0 | POS | FRA | 82 | 0.7 | 1.3 | 0.1=((0.8-2)+(x*1)) | 0.1 0.8 2 - x 1 * + = | 0.1:inch 0.8:inch 2:inch -:inch x:inch 1:worm *:inch +:inch =:inch
EXPR: 0 | POS | FRA | 82 | 0.7 | 1.27619047619048 | ((x-0.8)*(2+0.1))=1 | x 0.8 - 2 0.1 + * 1 = | x:worm 0.8:worm -:worm 2:inch 0.1:inch +:inch *:inch 1:inch =:inch
EXPR: 0 | POS | FRA | 85 | 0.7 | 1.08333333333333 | x=((0.1/(2-0.8))+1) | x 0.1 2 0.8 - / 1 + = | x:worm 0.1:worm 2:inch 0.8:inch -:inch /:worm 1:worm +:worm =:worm
EXPR: 0 | POS | FRA | 85 | 0.7 | 0.0555555555555556 | x=(0.1/((2-1)+0.8)) | x 0.1 2 1 - 0.8 + / = | x:worm 0.1:worm 2:inch 1:inch -:inch 0.8:inch +:inch /:worm =:worm
EXPR: 0 | POS | FRA | 85 | 0.7 | 0.0454545454545455 | x=(0.1/((2+1)-0.8)) | x 0.1 2 1 + 0.8 - / = | x:worm 0.1:worm 2:inch 1:inch +:inch 0.8:inch -:inch /:worm =:worm
EXPR: 0 | POS | FRA | 85 | 0.7 | 2.9 | x=(0.1+((2+0.8)*1)) | x 0.1 2 0.8 + 1 * + = | x:worm 0.1:worm 2:inch 0.8:inch +:inch 1:worm *:worm +:worm =:worm
EXPR: 0 | POS | FRA | 85 | 0.7 | 1.12 | x=((0.1*(2-0.8))+1) | x 0.1 2 0.8 - * 1 + = | x:inch 0.1:worm 2:inch 0.8:inch -:inch *:inch 1:inch +:inch =:inch
EXPR: 0 | POS | FRA | 87 | 0.7 | 0.166666666666667 | (0.8/(2+1))=(0.1+x) | 0.8 2 1 + / 0.1 x + = | 0.8:worm 2:inch 1:inch +:inch /:worm 0.1:worm x:worm +:worm =:worm
EXPR: 0 | POS | FRA | 87 | 0.7 | 0.916666666666667 | 0.1=((x*(2-0.8))-1) | 0.1 x 2 0.8 - * 1 - = | 0.1:inch x:worm 2:inch 0.8:inch -:inch *:inch 1:inch -:inch =:inch
EXPR: 0 | POS | FRA | 87 | 0.7 | 0.15 | 0.1=((x*2)+(0.8-1)) | 0.1 x 2 * 0.8 1 - + = | 0.1:inch x:worm 2:inch *:inch 0.8:inch 1:inch -:inch +:inch =:inch
EXPR: 0 | POS | FRA | 87 | 0.7 | 1.12 | 1=((0.1*(0.8-2))+x) | 1 0.1 0.8 2 - * x + = | 1:inch 0.1:worm 0.8:inch 2:inch -:inch *:inch x:inch +:inch =:inch
EXPR: 0 | POS | FRA | 87 | 0.7 | 0.88 | (0.1-(1-2))=(x/0.8) | 0.1 1 2 - - x 0.8 / = | 0.1:worm 1:worm 2:worm -:worm -:worm x:worm 0.8:inch /:worm =:worm
EXPR: 0 | POS | FRA | 90 | 0.7 | 0.88 | x=((0.1*(0.8-2))+1) | x 0.1 0.8 2 - * 1 + = | x:worm 0.1:inch 0.8:worm 2:worm -:worm *:worm 1:worm +:worm =:worm
EXPR: 0 | POS | FRA | 90 | 0.7 | 1.08 | x=((0.1-1)*(0.8-2)) | x 0.1 1 - 0.8 2 - * = | x:inch 0.1:worm 1:worm -:worm 0.8:inch 2:inch -:inch *:inch =:inch
EXPR: 0 | POS | FRA | 90 | 0.7 | 1.28 | x=(((0.1-1)*0.8)+2) | x 0.1 1 - 0.8 * 2 + = | x:inch 0.1:worm 1:worm -:worm 0.8:inch *:inch 2:inch +:inch =:inch
EXPR: 0 | POS | FRA | 92 | 0.7 | 0.5 | 0.8=((0.1*(2+1))+x) | 0.8 0.1 2 1 + * x + = | 0.8:inch 0.1:worm 2:inch 1:inch +:inch *:inch x:inch +:inch =:inch
EXPR: 0 | POS | FRA | 92 | 0.7 | 1.17647058823529 | 0.8=((0.1+(2/x))-1) | 0.8 0.1 2 x / + 1 - = | 0.8:inch 0.1:inch 2:inch x:worm /:inch +:inch 1:inch -:inch =:inch
EXPR: 0 | POS | FRA | 92 | 0.7 | 0.85 | 0.1=((x-(1*0.8))*2) | 0.1 x 1 0.8 * - 2 * = | 0.1:inch x:worm 1:worm 0.8:inch *:worm -:worm 2:inch *:inch =:inch
EXPR: 0 | POS | FRA | 92 | 0.7 | 0.3 | 0.1=(((1-0.8)*2)-x) | 0.1 1 0.8 - 2 * x - = | 0.1:inch 1:worm 0.8:worm -:worm 2:inch *:inch x:inch -:inch =:inch
EXPR: 0 | POS | FRA | 97 | 0.7 | 0.8 | (((x+0.1)*2)-0.8)=1 | x 0.1 + 2 * 0.8 - 1 = | x:worm 0.1:worm +:worm 2:inch *:inch 0.8:inch -:inch 1:inch =:inch
EXPR: 0 | POS | INT | 97 | 0.7 | 1 | (((x-0.1)*2)-0.8)=1 | x 0.1 - 2 * 0.8 - 1 = | x:worm 0.1:worm -:worm 2:inch *:inch 0.8:inch -:inch 1:inch =:inch
EXPR: 0 | POS | FRA | 97 | 0.7 | 0.2 | (((x-0.1)*2)+0.8)=1 | x 0.1 - 2 * 0.8 + 1 = | x:worm 0.1:worm -:worm 2:inch *:inch 0.8:inch +:inch 1:inch =:inch
EXPR: 0 | POS | FRA | 100 | 0.7 | 4.5 | (((0.8/0.1)+1)/2)=x | 0.8 0.1 / 1 + 2 / x = | 0.8:worm 0.1:inch /:worm 1:worm +:worm 2:inch /:worm x:worm =:worm
EXPR: 0 | POS | FRA | 100 | 0.7 | 3.5 | (((0.8/0.1)-1)/2)=x | 0.8 0.1 / 1 - 2 / x = | 0.8:worm 0.1:inch /:worm 1:worm -:worm 2:inch /:worm x:worm =:worm
EXPR: 0 | POS | FRA | 100 | 0.7 | 2.7 | x=((0.1+(1/0.8))*2) | x 0.1 1 0.8 / + 2 * = | x:worm 0.1:worm 1:worm 0.8:inch /:worm +:worm 2:inch *:worm =:worm
EXPR: 0 | POS | FRA | 100 | 0.7 | 2.1 | ((0.8-0.1)*(2+1))=x | 0.8 0.1 - 2 1 + * x = | 0.8:worm 0.1:worm -:worm 2:inch 1:inch +:inch *:inch x:inch =:inch
EXPR: 0 | POS | FRA | 102 | 0.7 | 19.2 | ((x+0.8)*0.1)=(2*1) | x 0.8 + 0.1 * 2 1 * = | x:worm 0.8:worm +:worm 0.1:inch *:inch 2:worm 1:inch *:inch =:inch
EXPR: 0 | POS | FRA | 105 | 0.7 | 0.0666666666666667 | x=(0.1/((2/0.8)-1)) | x 0.1 2 0.8 / 1 - / = | x:worm 0.1:worm 2:inch 0.8:worm /:inch 1:inch -:inch /:worm =:worm
EXPR: 0 | POS | FRA | 107 | 0.7 | 0.9 | (0.1/(2-1))=(x-0.8) | 0.1 2 1 - / x 0.8 - = | 0.1:worm 2:inch 1:inch -:inch /:worm x:worm 0.8:worm -:worm =:worm
EXPR: 0 | POS | FRA | 110 | 0.7 | 0.5 | x=(0.1-((0.8-1)*2)) | x 0.1 0.8 1 - 2 * - = | x:worm 0.1:worm 0.8:inch 1:inch -:inch 2:worm *:worm -:worm =:worm
EXPR: 0 | POS | FRA | 110 | 0.7 | 0.5 | x=((0.1+(0.8/2))*1) | x 0.1 0.8 2 / + 1 * = | x:inch 0.1:worm 0.8:worm 2:inch /:worm +:worm 1:inch *:inch =:inch
EXPR: 0 | POS | FRA | 112 | 0.7 | 1.22222222222222 | ((0.8+0.1)*(1+x))=2 | 0.8 0.1 + 1 x + * 2 = | 0.8:worm 0.1:worm +:worm 1:inch x:inch +:inch *:inch 2:inch =:inch
NET 199 unique, non-negative solutions found out of 411 total solutions
