parameters: n=7 l=3 k=1 p=5 q=2 m=9
TOTAL 1000 solutions found
SOLN: CORRECT | POS/NEG | INT/FRA | OBJ-SCORE | TRUE-ANS | ANS | INFIX | POSTFIX | TYPED-POSTFIX
EXPR: 0 | POS | FRA | 0 | 0.4 | 1.4 | (1*(0.5+0.9))=x | 1 0.5 0.9 + * x = | 1:cat 0.5:food 0.9:food +:food *:food x:food =:food
EXPR: 0 | POS | FRA | 0 | 0.4 | 1.4 | x=((1*0.5)+0.9) | x 1 0.5 * 0.9 + = | x:food 1:cat 0.5:food *:food 0.9:food +:food =:food
EXPR: 0 | POS | FRA | 0 | 0.4 | 1.4 | ((1*0.5)+0.9)=x | 1 0.5 * 0.9 + x = | 1:cat 0.5:food *:food 0.9:food +:food x:food =:food
EXPR: 0 | POS | FRA | 0 | 0.4 | 1.4 | x=(1*(0.5+0.9)) | x 1 0.5 0.9 + * = | x:food 1:cat 0.5:food 0.9:food +:food *:food =:food
EXPR: 1 | POS | FRA | 2 | 0.4 | 0.4 | (1*(0.5+x))=0.9 | 1 0.5 x + * 0.9 = | 1:cat 0.5:food x:food +:food *:food 0.9:food =:food
EXPR: 1 | POS | FRA | 2 | 0.4 | 0.4 | ((1*0.5)+x)=0.9 | 1 0.5 * x + 0.9 = | 1:cat 0.5:food *:food x:food +:food 0.9:food =:food
EXPR: 1 | POS | FRA | 2 | 0.4 | 0.4 | ((x*1)+0.5)=0.9 | x 1 * 0.5 + 0.9 = | x:food 1:cat *:food 0.5:food +:food 0.9:food =:food
EXPR: 0 | POS | FRA | 2 | 0.4 | 1.4 | ((x*1)-0.5)=0.9 | x 1 * 0.5 - 0.9 = | x:food 1:cat *:food 0.5:food -:food 0.9:food =:food
EXPR: 0 | POS | FRA | 2 | 0.4 | 1.4 | ((1*x)-0.5)=0.9 | 1 x * 0.5 - 0.9 = | 1:cat x:food *:food 0.5:food -:food 0.9:food =:food
EXPR: 1 | POS | FRA | 2 | 0.4 | 0.4 | (x+(1*0.5))=0.9 | x 1 0.5 * + 0.9 = | x:food 1:cat 0.5:food *:food +:food 0.9:food =:food
EXPR: 0 | POS | FRA | 2 | 0.4 | 1.4 | (x-(1*0.5))=0.9 | x 1 0.5 * - 0.9 = | x:food 1:cat 0.5:food *:food -:food 0.9:food =:food
EXPR: 1 | POS | FRA | 2 | 0.4 | 0.4 | (1*(x+0.5))=0.9 | 1 x 0.5 + * 0.9 = | 1:cat x:food 0.5:food +:food *:food 0.9:food =:food
EXPR: 0 | POS | FRA | 2 | 0.4 | 1.4 | (1*(x-0.5))=0.9 | 1 x 0.5 - * 0.9 = | 1:cat x:food 0.5:food -:food *:food 0.9:food =:food
EXPR: 1 | POS | FRA | 2 | 0.4 | 0.4 | ((1*x)+0.5)=0.9 | 1 x * 0.5 + 0.9 = | 1:cat x:food *:food 0.5:food +:food 0.9:food =:food
EXPR: 0 | POS | FRA | 10 | 0.4 | 1.4 | ((1-0.5)+0.9)=x | 1 0.5 - 0.9 + x = | 1:food 0.5:food -:food 0.9:food +:food x:food =:food
EXPR: 0 | POS | FRA | 10 | 0.4 | 1.4 | x=(0.5+(1*0.9)) | x 0.5 1 0.9 * + = | x:food 0.5:food 1:cat 0.9:food *:food +:food =:food
EXPR: 0 | POS | FRA | 10 | 0.4 | 1.4 | x=((1*0.9)+0.5) | x 1 0.9 * 0.5 + = | x:food 1:cat 0.9:food *:food 0.5:food +:food =:food
EXPR: 0 | POS | FRA | 10 | 0.4 | 0.45 | ((1-0.5)*0.9)=x | 1 0.5 - 0.9 * x = | 1:cat 0.5:cat -:cat 0.9:food *:food x:food =:food
EXPR: 0 | POS | FRA | 10 | 0.4 | 0.6 | ((1+0.5)-0.9)=x | 1 0.5 + 0.9 - x = | 1:food 0.5:food +:food 0.9:food -:food x:food =:food
EXPR: 0 | POS | FRA | 10 | 0.4 | 1.35 | x=((1+0.5)*0.9) | x 1 0.5 + 0.9 * = | x:food 1:cat 0.5:cat +:cat 0.9:food *:food =:food
EXPR: 0 | POS | FRA | 10 | 0.4 | 0.45 | x=((1-0.5)*0.9) | x 1 0.5 - 0.9 * = | x:food 1:cat 0.5:cat -:cat 0.9:food *:food =:food
EXPR: 0 | POS | FRA | 10 | 0.4 | 1.35 | ((1+0.5)*0.9)=x | 1 0.5 + 0.9 * x = | 1:cat 0.5:cat +:cat 0.9:food *:food x:food =:food
EXPR: 0 | POS | FRA | 10 | 0.4 | 2.4 | x=((1+0.5)+0.9) | x 1 0.5 + 0.9 + = | x:food 1:food 0.5:food +:food 0.9:food +:food =:food
EXPR: 1 | POS | FRA | 10 | 0.4 | 0.4 | (1*(0.9-0.5))=x | 1 0.9 0.5 - * x = | 1:cat 0.9:food 0.5:food -:food *:food x:food =:food
EXPR: 0 | POS | FRA | 10 | 0.4 | 1.4 | ((1*0.9)+0.5)=x | 1 0.9 * 0.5 + x = | 1:cat 0.9:food *:food 0.5:food +:food x:food =:food
EXPR: 1 | POS | FRA | 10 | 0.4 | 0.4 | x=(1*(0.9-0.5)) | x 1 0.9 0.5 - * = | x:food 1:cat 0.9:food 0.5:food -:food *:food =:food
EXPR: 0 | POS | FRA | 10 | 0.4 | 0.714285714285714 | (1/(0.5+0.9))=x | 1 0.5 0.9 + / x = | 1:cat 0.5:food 0.9:food +:food /:cat x:cat =:cat
EXPR: 1 | POS | FRA | 10 | 0.4 | 0.4 | ((1*0.9)-0.5)=x | 1 0.9 * 0.5 - x = | 1:cat 0.9:food *:food 0.5:food -:food x:food =:food
EXPR: 0 | POS | FRA | 10 | 0.4 | 0.6 | x=((1+0.5)-0.9) | x 1 0.5 + 0.9 - = | x:food 1:food 0.5:food +:food 0.9:food -:food =:food
EXPR: 0 | POS | FRA | 10 | 0.4 | 0.6 | (1+(0.5-0.9))=x | 1 0.5 0.9 - + x = | 1:food 0.5:food 0.9:food -:food +:food x:food =:food
EXPR: 0 | POS | FRA | 10 | 0.4 | 1.4 | x=((1-0.5)+0.9) | x 1 0.5 - 0.9 + = | x:food 1:food 0.5:food -:food 0.9:food +:food =:food
EXPR: 0 | POS | FRA | 10 | 0.4 | 2.4 | (1+(0.5+0.9))=x | 1 0.5 0.9 + + x = | 1:food 0.5:food 0.9:food +:food +:food x:food =:food
EXPR: 0 | POS | FRA | 10 | 0.4 | 1.4 | (1-(0.5-0.9))=x | 1 0.5 0.9 - - x = | 1:food 0.5:food 0.9:food -:food -:food x:food =:food
EXPR: 0 | POS | FRA | 10 | 0.4 | 2.4 | ((1+0.5)+0.9)=x | 1 0.5 + 0.9 + x = | 1:food 0.5:food +:food 0.9:food +:food x:food =:food
EXPR: 0 | POS | FRA | 10 | 0.4 | 1.4 | (0.5+(1*0.9))=x | 0.5 1 0.9 * + x = | 0.5:food 1:cat 0.9:food *:food +:food x:food =:food
EXPR: 0 | POS | FRA | 10 | 0.4 | 2.4 | x=(1+(0.5+0.9)) | x 1 0.5 0.9 + + = | x:food 1:food 0.5:food 0.9:food +:food +:food =:food
EXPR: 0 | POS | FRA | 10 | 0.4 | 0.6 | x=(1+(0.5-0.9)) | x 1 0.5 0.9 - + = | x:food 1:food 0.5:food 0.9:food -:food +:food =:food
EXPR: 0 | POS | FRA | 10 | 0.4 | 1.4 | x=(1-(0.5-0.9)) | x 1 0.5 0.9 - - = | x:food 1:food 0.5:food 0.9:food -:food -:food =:food
EXPR: 1 | POS | FRA | 10 | 0.4 | 0.4 | x=((1*0.9)-0.5) | x 1 0.9 * 0.5 - = | x:food 1:cat 0.9:food *:food 0.5:food -:food =:food
EXPR: 0 | POS | FRA | 10 | 0.4 | 0.714285714285714 | x=(1/(0.5+0.9)) | x 1 0.5 0.9 + / = | x:cat 1:cat 0.5:food 0.9:food +:food /:cat =:cat
EXPR: 1 | POS | FRA | 12 | 0.4 | 0.4 | ((1-0.5)+x)=0.9 | 1 0.5 - x + 0.9 = | 1:food 0.5:food -:food x:food +:food 0.9:food =:food
EXPR: 0 | POS | FRA | 12 | 0.4 | 0.6 | ((1-x)+0.5)=0.9 | 1 x - 0.5 + 0.9 = | 1:food x:food -:food 0.5:food +:food 0.9:food =:food
EXPR: 0 | POS | FRA | 12 | 0.4 | 0.6 | ((1+0.5)-x)=0.9 | 1 0.5 + x - 0.9 = | 1:food 0.5:food +:food x:food -:food 0.9:food =:food
EXPR: 0 | POS | FRA | 12 | 0.4 | 1.4 | (1*x)=(0.5+0.9) | 1 x * 0.5 0.9 + = | 1:cat x:food *:food 0.5:food 0.9:food +:food =:food
EXPR: 0 | POS | FRA | 12 | 0.4 | 1.4 | 0.5=(x-(1*0.9)) | 0.5 x 1 0.9 * - = | 0.5:food x:food 1:cat 0.9:food *:food -:food =:food
EXPR: 1 | POS | FRA | 12 | 0.4 | 0.4 | 1=(0.5+(0.9-x)) | 1 0.5 0.9 x - + = | 1:food 0.5:food 0.9:food x:food -:food +:food =:food
EXPR: 1 | POS | FRA | 12 | 0.4 | 0.4 | ((1+x)-0.5)=0.9 | 1 x + 0.5 - 0.9 = | 1:food x:food +:food 0.5:food -:food 0.9:food =:food
EXPR: 0 | POS | FRA | 12 | 0.4 | 2.4 | (x-(1+0.5))=0.9 | x 1 0.5 + - 0.9 = | x:food 1:food 0.5:food +:food -:food 0.9:food =:food
EXPR: 1 | POS | FRA | 12 | 0.4 | 0.4 | (1+(x-0.5))=0.9 | 1 x 0.5 - + 0.9 = | 1:food x:food 0.5:food -:food +:food 0.9:food =:food
EXPR: 1 | POS | FRA | 12 | 0.4 | 0.4 | (x+(1-0.5))=0.9 | x 1 0.5 - + 0.9 = | x:food 1:food 0.5:food -:food +:food 0.9:food =:food
EXPR: 1 | POS | FRA | 12 | 0.4 | 0.4 | (0.5+(x*1))=0.9 | 0.5 x 1 * + 0.9 = | 0.5:food x:food 1:cat *:food +:food 0.9:food =:food
EXPR: 0 | POS | FRA | 12 | 0.4 | 1.4 | 1=((x+0.5)-0.9) | 1 x 0.5 + 0.9 - = | 1:food x:food 0.5:food +:food 0.9:food -:food =:food
EXPR: 0 | POS | FRA | 12 | 0.4 | 2.4 | 1=((x-0.5)-0.9) | 1 x 0.5 - 0.9 - = | 1:food x:food 0.5:food -:food 0.9:food -:food =:food
EXPR: 1 | POS | FRA | 12 | 0.4 | 0.4 | (1*(0.9-x))=0.5 | 1 0.9 x - * 0.5 = | 1:cat 0.9:food x:food -:food *:food 0.5:food =:food
EXPR: 0 | POS | FRA | 12 | 0.4 | 0.6 | 1=(x-(0.5-0.9)) | 1 x 0.5 0.9 - - = | 1:food x:food 0.5:food 0.9:food -:food -:food =:food
EXPR: 0 | POS | FRA | 12 | 0.4 | 1.8 | (x*(1-0.5))=0.9 | x 1 0.5 - * 0.9 = | x:food 1:cat 0.5:cat -:cat *:food 0.9:food =:food
EXPR: 0 | POS | FRA | 12 | 0.4 | 0.6 | (x*(1+0.5))=0.9 | x 1 0.5 + * 0.9 = | x:food 1:cat 0.5:cat +:cat *:food 0.9:food =:food
EXPR: 0 | POS | FRA | 12 | 0.4 | 1.4 | ((1*x)-0.9)=0.5 | 1 x * 0.9 - 0.5 = | 1:cat x:food *:food 0.9:food -:food 0.5:food =:food
EXPR: 1 | POS | FRA | 12 | 0.4 | 0.4 | ((1*0.9)-x)=0.5 | 1 0.9 * x - 0.5 = | 1:cat 0.9:food *:food x:food -:food 0.5:food =:food
EXPR: 0 | POS | FRA | 12 | 0.4 | 0.8 | ((x+1)*0.5)=0.9 | x 1 + 0.5 * 0.9 = | x:cat 1:cat +:cat 0.5:food *:food 0.9:food =:food
EXPR: 0 | POS | FRA | 12 | 0.4 | 1.1 | 1=(0.5*(x+0.9)) | 1 0.5 x 0.9 + * = | 1:cat 0.5:cat x:food 0.9:food +:food *:cat =:cat
EXPR: 0 | POS | FRA | 12 | 0.4 | 2.9 | 1=(0.5*(x-0.9)) | 1 0.5 x 0.9 - * = | 1:cat 0.5:cat x:food 0.9:food -:food *:cat =:cat
EXPR: 0 | POS | FRA | 12 | 0.4 | 0.45 | (x/(1-0.5))=0.9 | x 1 0.5 - / 0.9 = | x:food 1:cat 0.5:cat -:cat /:food 0.9:food =:food
EXPR: 0 | POS | FRA | 12 | 0.4 | 1.35 | (x/(1+0.5))=0.9 | x 1 0.5 + / 0.9 = | x:food 1:cat 0.5:cat +:cat /:food 0.9:food =:food
EXPR: 1 | POS | FRA | 12 | 0.4 | 0.4 | (1-(0.5-x))=0.9 | 1 0.5 x - - 0.9 = | 1:food 0.5:food x:food -:food -:food 0.9:food =:food
EXPR: 0 | POS | FRA | 12 | 0.4 | 1.4 | (x-(1-0.5))=0.9 | x 1 0.5 - - 0.9 = | x:food 1:food 0.5:food -:food -:food 0.9:food =:food
EXPR: 0 | POS | FRA | 12 | 0.4 | 1.4 | 1=(0.5/(x-0.9)) | 1 0.5 x 0.9 - / = | 1:cat 0.5:cat x:food 0.9:food -:food /:cat =:cat
EXPR: 0 | POS | FRA | 12 | 0.4 | 1.4 | (x-(1*0.9))=0.5 | x 1 0.9 * - 0.5 = | x:food 1:cat 0.9:food *:food -:food 0.5:food =:food
EXPR: 0 | POS | FRA | 12 | 0.4 | 0.6 | ((1+0.5)*x)=0.9 | 1 0.5 + x * 0.9 = | 1:cat 0.5:cat +:cat x:food *:food 0.9:food =:food
EXPR: 0 | POS | FRA | 12 | 0.4 | 0.6 | (1+(0.5-x))=0.9 | 1 0.5 x - + 0.9 = | 1:food 0.5:food x:food -:food +:food 0.9:food =:food
EXPR: 1 | POS | FRA | 12 | 0.4 | 0.4 | ((0.5+x)*1)=0.9 | 0.5 x + 1 * 0.9 = | 0.5:food x:food +:food 1:cat *:food 0.9:food =:food
EXPR: 0 | POS | FRA | 12 | 0.4 | 0.6 | (1-(x-0.5))=0.9 | 1 x 0.5 - - 0.9 = | 1:food x:food 0.5:food -:food -:food 0.9:food =:food
EXPR: 1 | POS | FRA | 12 | 0.4 | 0.4 | 1=(0.5-(x-0.9)) | 1 0.5 x 0.9 - - = | 1:food 0.5:food x:food 0.9:food -:food -:food =:food
EXPR: 0 | POS | FRA | 12 | 0.4 | 1.4 | 1=(0.5-(0.9-x)) | 1 0.5 0.9 x - - = | 1:food 0.5:food 0.9:food x:food -:food -:food =:food
EXPR: 1 | POS | FRA | 12 | 0.4 | 0.4 | 1=((0.5-x)+0.9) | 1 0.5 x - 0.9 + = | 1:food 0.5:food x:food -:food 0.9:food +:food =:food
EXPR: 0 | POS | FRA | 12 | 0.4 | 1.4 | 0.5=(1*(x-0.9)) | 0.5 1 x 0.9 - * = | 0.5:food 1:cat x:food 0.9:food -:food *:food =:food
EXPR: 0 | POS | FRA | 12 | 0.4 | 0.6 | 1=((x-0.5)+0.9) | 1 x 0.5 - 0.9 + = | 1:food x:food 0.5:food -:food 0.9:food +:food =:food
EXPR: 0 | POS | FRA | 12 | 0.4 | 1.4 | 1=((0.5-0.9)+x) | 1 0.5 0.9 - x + = | 1:food 0.5:food 0.9:food -:food x:food +:food =:food
EXPR: 0 | POS | FRA | 12 | 0.4 | 1.4 | (x*1)=(0.5+0.9) | x 1 * 0.5 0.9 + = | x:food 1:cat *:food 0.5:food 0.9:food +:food =:food
EXPR: 0 | POS | FRA | 12 | 0.4 | 2.8 | ((x-1)*0.5)=0.9 | x 1 - 0.5 * 0.9 = | x:cat 1:cat -:cat 0.5:food *:food 0.9:food =:food
EXPR: 0 | POS | FRA | 12 | 0.4 | 1.4 | (1*0.5)=(x-0.9) | 1 0.5 * x 0.9 - = | 1:cat 0.5:food *:food x:food 0.9:food -:food =:food
EXPR: 0 | POS | FRA | 12 | 0.4 | 0.714285714285714 | 1=(x*(0.5+0.9)) | 1 x 0.5 0.9 + * = | 1:cat x:cat 0.5:food 0.9:food +:food *:cat =:cat
EXPR: 0 | POS | FRA | 12 | 0.4 | 2.4 | 1=(x-(0.5+0.9)) | 1 x 0.5 0.9 + - = | 1:food x:food 0.5:food 0.9:food +:food -:food =:food
EXPR: 1 | POS | FRA | 12 | 0.4 | 0.4 | (1*0.5)=(0.9-x) | 1 0.5 * 0.9 x - = | 1:cat 0.5:food *:food 0.9:food x:food -:food =:food
EXPR: 0 | POS | FRA | 12 | 0.4 | 1.4 | 1=(x/(0.5+0.9)) | 1 x 0.5 0.9 + / = | 1:cat x:cat 0.5:food 0.9:food +:food /:cat =:cat
EXPR: 0 | POS | FRA | 12 | 0.4 | 1.1 | 1=(0.5*(0.9+x)) | 1 0.5 0.9 x + * = | 1:cat 0.5:cat 0.9:food x:food +:food *:cat =:cat
EXPR: 0 | POS | FRA | 12 | 0.4 | 0.714285714285714 | 1=((0.5+0.9)*x) | 1 0.5 0.9 + x * = | 1:cat 0.5:food 0.9:food +:food x:cat *:cat =:cat
EXPR: 0 | POS | FRA | 12 | 0.4 | 1.4 | 1=(x+(0.5-0.9)) | 1 x 0.5 0.9 - + = | 1:food x:food 0.5:food 0.9:food -:food +:food =:food
EXPR: 1 | POS | FRA | 12 | 0.4 | 0.4 | 1=(0.5/(0.9-x)) | 1 0.5 0.9 x - / = | 1:cat 0.5:cat 0.9:food x:food -:food /:cat =:cat
EXPR: 0 | POS | FRA | 12 | 0.4 | 0.611111111111111 | (1/(0.5+x))=0.9 | 1 0.5 x + / 0.9 = | 1:cat 0.5:food x:food +:food /:cat 0.9:cat =:cat
EXPR: 0 | POS | FRA | 12 | 0.4 | 1.8 | ((1-0.5)*x)=0.9 | 1 0.5 - x * 0.9 = | 1:cat 0.5:cat -:cat x:food *:food 0.9:food =:food
EXPR: 0 | POS | FRA | 12 | 0.4 | 1.4 | 1=(0.5+(x-0.9)) | 1 0.5 x 0.9 - + = | 1:food 0.5:food x:food 0.9:food -:food +:food =:food
EXPR: 1 | POS | FRA | 12 | 0.4 | 0.4 | ((x+0.5)*1)=0.9 | x 0.5 + 1 * 0.9 = | x:food 0.5:food +:food 1:cat *:food 0.9:food =:food
EXPR: 0 | POS | FRA | 12 | 0.4 | 0.611111111111111 | 1=((x+0.5)*0.9) | 1 x 0.5 + 0.9 * = | 1:cat x:food 0.5:food +:food 0.9:cat *:cat =:cat
EXPR: 1 | POS | FRA | 12 | 0.4 | 0.4 | (0.5+(1*x))=0.9 | 0.5 1 x * + 0.9 = | 0.5:food 1:cat x:food *:food +:food 0.9:food =:food
EXPR: 0 | POS | FRA | 12 | 0.4 | 1.4 | (1*(x-0.9))=0.5 | 1 x 0.9 - * 0.5 = | 1:cat x:food 0.9:food -:food *:food 0.5:food =:food
EXPR: 0 | POS | FRA | 12 | 0.4 | 0.611111111111111 | 1=((0.5+x)*0.9) | 1 0.5 x + 0.9 * = | 1:cat 0.5:food x:food +:food 0.9:cat *:cat =:cat
EXPR: 1 | POS | FRA | 12 | 0.4 | 0.4 | 1=((0.5+0.9)-x) | 1 0.5 0.9 + x - = | 1:food 0.5:food 0.9:food +:food x:food -:food =:food
EXPR: 0 | POS | FRA | 12 | 0.4 | 1.4 | ((x-0.5)*1)=0.9 | x 0.5 - 1 * 0.9 = | x:food 0.5:food -:food 1:cat *:food 0.9:food =:food
EXPR: 1 | POS | FRA | 12 | 0.4 | 0.4 | 0.5=((1*0.9)-x) | 0.5 1 0.9 * x - = | 0.5:food 1:cat 0.9:food *:food x:food -:food =:food
EXPR: 0 | POS | FRA | 12 | 0.4 | 0.8 | ((1+x)*0.5)=0.9 | 1 x + 0.5 * 0.9 = | 1:cat x:cat +:cat 0.5:food *:food 0.9:food =:food
EXPR: 0 | POS | FRA | 12 | 0.4 | 1.4 | 0.5=((1*x)-0.9) | 0.5 1 x * 0.9 - = | 0.5:food 1:cat x:food *:food 0.9:food -:food =:food
EXPR: 0 | POS | FRA | 12 | 0.4 | 1.4 | 1=((0.5+x)-0.9) | 1 0.5 x + 0.9 - = | 1:food 0.5:food x:food +:food 0.9:food -:food =:food
EXPR: 1 | POS | FRA | 12 | 0.4 | 0.4 | 0.5=(1*(0.9-x)) | 0.5 1 0.9 x - * = | 0.5:food 1:cat 0.9:food x:food -:food *:food =:food
EXPR: 0 | POS | FRA | 12 | 0.4 | 0.611111111111111 | (1/(x+0.5))=0.9 | 1 x 0.5 + / 0.9 = | 1:cat x:food 0.5:food +:food /:cat 0.9:cat =:cat
EXPR: 0 | POS | FRA | 12 | 0.4 | 1.61111111111111 | (1/(x-0.5))=0.9 | 1 x 0.5 - / 0.9 = | 1:cat x:food 0.5:food -:food /:cat 0.9:cat =:cat
EXPR: 0 | POS | FRA | 12 | 0.4 | 1.4 | 0.5=((x*1)-0.9) | 0.5 x 1 * 0.9 - = | 0.5:food x:food 1:cat *:food 0.9:food -:food =:food
EXPR: 0 | POS | FRA | 12 | 0.4 | 1.61111111111111 | 1=((x-0.5)*0.9) | 1 x 0.5 - 0.9 * = | 1:cat x:food 0.5:food -:food 0.9:cat *:cat =:cat
EXPR: 0 | POS | FRA | 12 | 0.4 | 1.4 | ((x-1)+0.5)=0.9 | x 1 - 0.5 + 0.9 = | x:food 1:food -:food 0.5:food +:food 0.9:food =:food
EXPR: 0 | POS | FRA | 12 | 0.4 | 1.4 | ((x*1)-0.9)=0.5 | x 1 * 0.9 - 0.5 = | x:food 1:cat *:food 0.9:food -:food 0.5:food =:food
EXPR: 1 | POS | FRA | 12 | 0.4 | 0.4 | ((x+1)-0.5)=0.9 | x 1 + 0.5 - 0.9 = | x:food 1:food +:food 0.5:food -:food 0.9:food =:food
EXPR: 0 | POS | FRA | 12 | 0.4 | 2.4 | ((x-1)-0.5)=0.9 | x 1 - 0.5 - 0.9 = | x:food 1:food -:food 0.5:food -:food 0.9:food =:food
EXPR: 0 | POS | FRA | 20 | 0.4 | 1.55555555555556 | (1+(0.5/0.9))=x | 1 0.5 0.9 / + x = | 1:cat 0.5:cat 0.9:food /:cat +:cat x:cat =:cat
EXPR: 0 | POS | FRA | 20 | 0.4 | 1.45 | x=(1+(0.5*0.9)) | x 1 0.5 0.9 * + = | x:food 1:food 0.5:cat 0.9:food *:food +:food =:food
EXPR: 0 | POS | FRA | 20 | 0.4 | 0.55 | x=(1-(0.5*0.9)) | x 1 0.5 0.9 * - = | x:food 1:food 0.5:cat 0.9:food *:food -:food =:food
EXPR: 0 | POS | FRA | 20 | 0.4 | 0.05 | ((1-0.9)*0.5)=x | 1 0.9 - 0.5 * x = | 1:cat 0.9:cat -:cat 0.5:food *:food x:food =:food
EXPR: 0 | POS | FRA | 20 | 0.4 | 1.55555555555556 | x=(1+(0.5/0.9)) | x 1 0.5 0.9 / + = | x:cat 1:cat 0.5:cat 0.9:food /:cat +:cat =:cat
EXPR: 0 | POS | FRA | 20 | 0.4 | 0.444444444444444 | x=(1-(0.5/0.9)) | x 1 0.5 0.9 / - = | x:cat 1:cat 0.5:cat 0.9:food /:cat -:cat =:cat
EXPR: 0 | POS | FRA | 20 | 0.4 | 0.555555555555556 | ((1-0.5)/0.9)=x | 1 0.5 - 0.9 / x = | 1:food 0.5:food -:food 0.9:cat /:food x:food =:food
EXPR: 0 | POS | FRA | 20 | 0.4 | 1.66666666666667 | ((1+0.5)/0.9)=x | 1 0.5 + 0.9 / x = | 1:food 0.5:food +:food 0.9:cat /:food x:food =:food
EXPR: 0 | POS | FRA | 20 | 0.4 | 1.4 | ((1+0.9)-0.5)=x | 1 0.9 + 0.5 - x = | 1:food 0.9:food +:food 0.5:food -:food x:food =:food
EXPR: 0 | POS | FRA | 20 | 0.4 | 0.95 | ((1+0.9)*0.5)=x | 1 0.9 + 0.5 * x = | 1:cat 0.9:cat +:cat 0.5:food *:food x:food =:food
EXPR: 0 | POS | FRA | 20 | 0.4 | 2.5 | (1/(0.9-0.5))=x | 1 0.9 0.5 - / x = | 1:cat 0.9:food 0.5:food -:food /:cat x:cat =:cat
EXPR: 0 | POS | FRA | 20 | 0.4 | 1.45 | (1+(0.5*0.9))=x | 1 0.5 0.9 * + x = | 1:food 0.5:cat 0.9:food *:food +:food x:food =:food
EXPR: 0 | POS | FRA | 20 | 0.4 | 0.55 | (1-(0.5*0.9))=x | 1 0.5 0.9 * - x = | 1:food 0.5:cat 0.9:food *:food -:food x:food =:food
EXPR: 0 | POS | FRA | 20 | 0.4 | 0.95 | x=(0.5*(1+0.9)) | x 0.5 1 0.9 + * = | x:food 0.5:food 1:cat 0.9:cat +:cat *:food =:food
EXPR: 0 | POS | FRA | 20 | 0.4 | 0.263157894736842 | x=(0.5/(1+0.9)) | x 0.5 1 0.9 + / = | x:food 0.5:food 1:cat 0.9:cat +:cat /:food =:food
EXPR: 0 | POS | FRA | 20 | 0.4 | 0.444444444444444 | (1-(0.5/0.9))=x | 1 0.5 0.9 / - x = | 1:food 0.5:food 0.9:cat /:food -:food x:food =:food
EXPR: 0 | POS | FRA | 20 | 0.4 | 0.6 | x=(0.5+(1-0.9)) | x 0.5 1 0.9 - + = | x:food 0.5:food 1:food 0.9:food -:food +:food =:food
EXPR: 0 | POS | FRA | 20 | 0.4 | 0.95 | x=((1+0.9)*0.5) | x 1 0.9 + 0.5 * = | x:food 1:cat 0.9:cat +:cat 0.5:food *:food =:food
EXPR: 0 | POS | FRA | 20 | 0.4 | 0.05 | x=((1-0.9)*0.5) | x 1 0.9 - 0.5 * = | x:food 1:cat 0.9:cat -:cat 0.5:food *:food =:food
EXPR: 0 | POS | FRA | 20 | 0.4 | 2.4 | x=(0.5+(1+0.9)) | x 0.5 1 0.9 + + = | x:food 0.5:food 1:food 0.9:food +:food +:food =:food
EXPR: 1 | POS | FRA | 20 | 0.4 | 0.4 | x=(0.5-(1-0.9)) | x 0.5 1 0.9 - - = | x:food 0.5:food 1:food 0.9:food -:food -:food =:food
EXPR: 0 | POS | FRA | 20 | 0.4 | 2.4 | ((1+0.9)+0.5)=x | 1 0.9 + 0.5 + x = | 1:food 0.9:food +:food 0.5:food +:food x:food =:food
EXPR: 0 | POS | FRA | 20 | 0.4 | 1.66666666666667 | x=((1+0.5)/0.9) | x 1 0.5 + 0.9 / = | x:cat 1:cat 0.5:cat +:cat 0.9:food /:cat =:cat
EXPR: 0 | POS | FRA | 20 | 0.4 | 1.4 | x=((1+0.9)-0.5) | x 1 0.9 + 0.5 - = | x:food 1:food 0.9:food +:food 0.5:food -:food =:food
EXPR: 0 | POS | FRA | 20 | 0.4 | 0.6 | ((1-0.9)+0.5)=x | 1 0.9 - 0.5 + x = | 1:food 0.9:food -:food 0.5:food +:food x:food =:food
EXPR: 1 | POS | FRA | 20 | 0.4 | 0.4 | ((0.5-1)+0.9)=x | 0.5 1 - 0.9 + x = | 0.5:food 1:food -:food 0.9:food +:food x:food =:food
EXPR: 0 | POS | FRA | 20 | 0.4 | 0.263157894736842 | (0.5/(1+0.9))=x | 0.5 1 0.9 + / x = | 0.5:food 1:cat 0.9:cat +:cat /:food x:food =:food
EXPR: 0 | POS | INT | 20 | 0.4 | 5 | (0.5/(1-0.9))=x | 0.5 1 0.9 - / x = | 0.5:food 1:cat 0.9:cat -:cat /:food x:food =:food
EXPR: 0 | POS | FRA | 20 | 0.4 | 0.555555555555556 | x=((1-0.5)/0.9) | x 1 0.5 - 0.9 / = | x:food 1:food 0.5:food -:food 0.9:cat /:food =:food
EXPR: 0 | POS | FRA | 20 | 0.4 | 2.4 | x=((1+0.9)+0.5) | x 1 0.9 + 0.5 + = | x:food 1:food 0.9:food +:food 0.5:food +:food =:food
EXPR: 0 | POS | FRA | 20 | 0.4 | 0.6 | x=((1-0.9)+0.5) | x 1 0.9 - 0.5 + = | x:food 1:food 0.9:food -:food 0.5:food +:food =:food
EXPR: 0 | POS | FRA | 20 | 0.4 | 0.05 | x=(0.5*(1-0.9)) | x 0.5 1 0.9 - * = | x:food 0.5:food 1:cat 0.9:cat -:cat *:food =:food
EXPR: 0 | POS | INT | 20 | 0.4 | 5 | x=(0.5/(1-0.9)) | x 0.5 1 0.9 - / = | x:food 0.5:food 1:cat 0.9:cat -:cat /:food =:food
EXPR: 0 | POS | FRA | 20 | 0.4 | 0.95 | (0.5*(1+0.9))=x | 0.5 1 0.9 + * x = | 0.5:food 1:cat 0.9:cat +:cat *:food x:food =:food
EXPR: 0 | POS | FRA | 20 | 0.4 | 0.05 | (0.5*(1-0.9))=x | 0.5 1 0.9 - * x = | 0.5:food 1:cat 0.9:cat -:cat *:food x:food =:food
EXPR: 1 | POS | FRA | 20 | 0.4 | 0.4 | x=((0.5-1)+0.9) | x 0.5 1 - 0.9 + = | x:food 0.5:food 1:food -:food 0.9:food +:food =:food
EXPR: 0 | POS | FRA | 20 | 0.4 | 1.4 | x=(1+(0.9-0.5)) | x 1 0.9 0.5 - + = | x:food 1:food 0.9:food 0.5:food -:food +:food =:food
EXPR: 0 | POS | FRA | 20 | 0.4 | 0.6 | x=(1-(0.9-0.5)) | x 1 0.9 0.5 - - = | x:food 1:food 0.9:food 0.5:food -:food -:food =:food
EXPR: 0 | POS | FRA | 20 | 0.4 | 1.1 | ((1/0.5)-0.9)=x | 1 0.5 / 0.9 - x = | 1:food 0.5:cat /:food 0.9:food -:food x:food =:food
EXPR: 0 | POS | FRA | 20 | 0.4 | 2.9 | ((1/0.5)+0.9)=x | 1 0.5 / 0.9 + x = | 1:food 0.5:cat /:food 0.9:food +:food x:food =:food
EXPR: 0 | POS | FRA | 20 | 0.4 | 2.9 | x=((1/0.5)+0.9) | x 1 0.5 / 0.9 + = | x:cat 1:cat 0.5:food /:cat 0.9:cat +:cat =:cat
EXPR: 0 | POS | FRA | 20 | 0.4 | 0.6 | (0.5+(1-0.9))=x | 0.5 1 0.9 - + x = | 0.5:food 1:food 0.9:food -:food +:food x:food =:food
EXPR: 0 | POS | FRA | 20 | 0.4 | 1.1 | x=((1/0.5)-0.9) | x 1 0.5 / 0.9 - = | x:cat 1:cat 0.5:food /:cat 0.9:cat -:cat =:cat
EXPR: 0 | POS | FRA | 20 | 0.4 | 2.5 | x=(1/(0.9-0.5)) | x 1 0.9 0.5 - / = | x:cat 1:cat 0.9:food 0.5:food -:food /:cat =:cat
EXPR: 0 | POS | FRA | 20 | 0.4 | 2.4 | (0.5+(1+0.9))=x | 0.5 1 0.9 + + x = | 0.5:food 1:food 0.9:food +:food +:food x:food =:food
EXPR: 1 | POS | FRA | 20 | 0.4 | 0.4 | (0.5-(1-0.9))=x | 0.5 1 0.9 - - x = | 0.5:food 1:food 0.9:food -:food -:food x:food =:food
EXPR: 0 | POS | FRA | 20 | 0.4 | 1.4 | (1+(0.9-0.5))=x | 1 0.9 0.5 - + x = | 1:food 0.9:food 0.5:food -:food +:food x:food =:food
EXPR: 0 | POS | FRA | 20 | 0.4 | 0.6 | (1-(0.9-0.5))=x | 1 0.9 0.5 - - x = | 1:food 0.9:food 0.5:food -:food -:food x:food =:food
EXPR: 0 | POS | FRA | 22 | 0.4 | 0.444444444444444 | 1=((0.5/0.9)+x) | 1 0.5 0.9 / x + = | 1:cat 0.5:cat 0.9:food /:cat x:cat +:cat =:cat
EXPR: 0 | POS | FRA | 22 | 0.4 | 0.555555555555556 | 1=(0.5+(x*0.9)) | 1 0.5 x 0.9 * + = | 1:food 0.5:food x:food 0.9:cat *:food +:food =:food
EXPR: 0 | POS | FRA | 22 | 0.4 | 0.555555555555556 | ((1-0.5)/x)=0.9 | 1 0.5 - x / 0.9 = | 1:food 0.5:food -:food x:cat /:food 0.9:food =:food
EXPR: 0 | POS | FRA | 22 | 0.4 | 0.714285714285714 | ((1/x)-0.5)=0.9 | 1 x / 0.5 - 0.9 = | 1:food x:cat /:food 0.5:food -:food 0.9:food =:food
EXPR: 0 | POS | FRA | 22 | 0.4 | 1.4 | ((1-x)+0.9)=0.5 | 1 x - 0.9 + 0.5 = | 1:food x:food -:food 0.9:food +:food 0.5:food =:food
EXPR: 0 | POS | FRA | 22 | 0.4 | 1.4 | ((0.5-1)+x)=0.9 | 0.5 1 - x + 0.9 = | 0.5:food 1:food -:food x:food +:food 0.9:food =:food
EXPR: 0 | POS | FRA | 22 | 0.4 | 0.555555555555556 | 1=(0.5+(0.9*x)) | 1 0.5 0.9 x * + = | 1:food 0.5:food 0.9:food x:cat *:food +:food =:food
EXPR: 0 | POS | FRA | 22 | 0.4 | 1.8 | 1=(0.5+(0.9/x)) | 1 0.5 0.9 x / + = | 1:food 0.5:food 0.9:food x:cat /:food +:food =:food
EXPR: 0 | POS | FRA | 22 | 0.4 | 0.555555555555556 | (x*1)=(0.5/0.9) | x 1 * 0.5 0.9 / = | x:food 1:cat *:cat 0.5:cat 0.9:food /:cat =:cat
EXPR: 0 | POS | FRA | 22 | 0.4 | 1.4 | 0.5=(1+(0.9-x)) | 0.5 1 0.9 x - + = | 0.5:food 1:food 0.9:food x:food -:food +:food =:food
EXPR: 0 | POS | FRA | 22 | 0.4 | 1.1 | 1=((0.9+x)*0.5) | 1 0.9 x + 0.5 * = | 1:cat 0.9:food x:food +:food 0.5:cat *:cat =:cat
EXPR: 0 | POS | FRA | 22 | 0.4 | 0.05 | (x/(1-0.9))=0.5 | x 1 0.9 - / 0.5 = | x:food 1:cat 0.9:cat -:cat /:food 0.5:food =:food
EXPR: 0 | POS | FRA | 22 | 0.4 | 0.95 | (x/(1+0.9))=0.5 | x 1 0.9 + / 0.5 = | x:food 1:cat 0.9:cat +:cat /:food 0.5:food =:food
EXPR: 0 | POS | FRA | 22 | 0.4 | 1.66666666666667 | ((1+0.5)/x)=0.9 | 1 0.5 + x / 0.9 = | 1:food 0.5:food +:food x:cat /:food 0.9:food =:food
EXPR: 0 | POS | FRA | 22 | 0.4 | 0.95 | 1=((x/0.5)-0.9) | 1 x 0.5 / 0.9 - = | 1:food x:food 0.5:cat /:food 0.9:food -:food =:food
EXPR: 0 | POS | FRA | 22 | 0.4 | 3.8 | 1=((x*0.5)-0.9) | 1 x 0.5 * 0.9 - = | 1:food x:food 0.5:cat *:food 0.9:food -:food =:food
EXPR: 1 | POS | FRA | 22 | 0.4 | 0.4 | 1=((x+0.5)/0.9) | 1 x 0.5 + 0.9 / = | 1:food x:food 0.5:food +:food 0.9:cat /:food =:food
EXPR: 0 | POS | FRA | 22 | 0.4 | 1.4 | 1=((x-0.5)/0.9) | 1 x 0.5 - 0.9 / = | 1:food x:food 0.5:food -:food 0.9:cat /:food =:food
EXPR: 0 | POS | FRA | 22 | 0.4 | 0.05 | (1-(x/0.5))=0.9 | 1 x 0.5 / - 0.9 = | 1:food x:food 0.5:cat /:food -:food 0.9:food =:food
EXPR: 0 | POS | FRA | 22 | 0.4 | 0.2 | (1-(x*0.5))=0.9 | 1 x 0.5 * - 0.9 = | 1:food x:food 0.5:cat *:food -:food 0.9:food =:food
EXPR: 0 | POS | FRA | 22 | 0.4 | 0.2 | (1-(0.5*x))=0.9 | 1 0.5 x * - 0.9 = | 1:food 0.5:cat x:food *:food -:food 0.9:food =:food
EXPR: 0 | POS | INT | 22 | 0.4 | 5 | (x*(1-0.9))=0.5 | x 1 0.9 - * 0.5 = | x:food 1:cat 0.9:cat -:cat *:food 0.5:food =:food
EXPR: 0 | POS | FRA | 22 | 0.4 | 0.263157894736842 | (x*(1+0.9))=0.5 | x 1 0.9 + * 0.5 = | x:food 1:cat 0.9:cat +:cat *:food 0.5:food =:food
EXPR: 0 | POS | FRA | 22 | 0.4 | 2.4 | 0.5=(x-(1+0.9)) | 0.5 x 1 0.9 + - = | 0.5:food x:food 1:food 0.9:food +:food -:food =:food
EXPR: 1 | POS | FRA | 22 | 0.4 | 0.4 | ((1+x)-0.9)=0.5 | 1 x + 0.9 - 0.5 = | 1:food x:food +:food 0.9:food -:food 0.5:food =:food
EXPR: 1 | POS | FRA | 22 | 0.4 | 0.4 | (1+(x-0.9))=0.5 | 1 x 0.9 - + 0.5 = | 1:food x:food 0.9:food -:food +:food 0.5:food =:food
EXPR: 0 | POS | FRA | 22 | 0.4 | 2.4 | (x-1)=(0.5+0.9) | x 1 - 0.5 0.9 + = | x:food 1:food -:food 0.5:food 0.9:food +:food =:food
EXPR: 0 | POS | FRA | 22 | 0.4 | 0.55 | 1=((0.5*0.9)+x) | 1 0.5 0.9 * x + = | 1:cat 0.5:food 0.9:cat *:cat x:cat +:cat =:cat
EXPR: 0 | POS | FRA | 22 | 0.4 | 2.22222222222222 | (1/x)=(0.5*0.9) | 1 x / 0.5 0.9 * = | 1:cat x:food /:cat 0.5:food 0.9:cat *:cat =:cat
EXPR: 1 | POS | FRA | 22 | 0.4 | 0.4 | 0.5=(1+(x-0.9)) | 0.5 1 x 0.9 - + = | 0.5:food 1:food x:food 0.9:food -:food +:food =:food
EXPR: 1 | POS | FRA | 22 | 0.4 | 0.4 | 0.5=(x+(1-0.9)) | 0.5 x 1 0.9 - + = | 0.5:food x:food 1:food 0.9:food -:food +:food =:food
EXPR: 0 | POS | FRA | 22 | 0.4 | 0.6 | ((0.5-x)+1)=0.9 | 0.5 x - 1 + 0.9 = | 0.5:food x:food -:food 1:food +:food 0.9:food =:food
EXPR: 1 | POS | FRA | 22 | 0.4 | 0.4 | (x+1)=(0.5+0.9) | x 1 + 0.5 0.9 + = | x:food 1:food +:food 0.5:food 0.9:food +:food =:food
EXPR: 0 | POS | FRA | 22 | 0.4 | 0.45 | (1*x)=(0.5*0.9) | 1 x * 0.5 0.9 * = | 1:cat x:food *:food 0.5:cat 0.9:food *:food =:food
EXPR: 0 | POS | FRA | 22 | 0.4 | 0.444444444444444 | ((1-x)*0.9)=0.5 | 1 x - 0.9 * 0.5 = | 1:cat x:cat -:cat 0.9:food *:food 0.5:food =:food
EXPR: 0 | POS | FRA | 22 | 0.4 | 0.6 | 1=(0.9+(x-0.5)) | 1 0.9 x 0.5 - + = | 1:food 0.9:food x:food 0.5:food -:food +:food =:food
EXPR: 1 | POS | FRA | 22 | 0.4 | 0.4 | (1*x)=(0.9-0.5) | 1 x * 0.9 0.5 - = | 1:cat x:food *:food 0.9:food 0.5:food -:food =:food
EXPR: 0 | POS | FRA | 22 | 0.4 | 1.4 | ((1+0.9)-x)=0.5 | 1 0.9 + x - 0.5 = | 1:food 0.9:food +:food x:food -:food 0.5:food =:food
EXPR: 0 | POS | FRA | 22 | 0.4 | 0.6 | 0.5=(x-(1-0.9)) | 0.5 x 1 0.9 - - = | 0.5:food x:food 1:food 0.9:food -:food -:food =:food
EXPR: 0 | POS | FRA | 22 | 0.4 | 1.4 | 1=((0.5+0.9)/x) | 1 0.5 0.9 + x / = | 1:cat 0.5:cat 0.9:cat +:cat x:food /:cat =:cat
EXPR: 0 | POS | FRA | 22 | 0.4 | 0.55 | 1=(x+(0.5*0.9)) | 1 x 0.5 0.9 * + = | 1:food x:food 0.5:cat 0.9:food *:food +:food =:food
EXPR: 0 | POS | INT | 22 | 0.4 | 5 | (1-(0.5/x))=0.9 | 1 0.5 x / - 0.9 = | 1:food 0.5:food x:cat /:food -:food 0.9:food =:food
EXPR: 1 | POS | FRA | 22 | 0.4 | 0.4 | ((1-0.9)+x)=0.5 | 1 0.9 - x + 0.5 = | 1:food 0.9:food -:food x:food +:food 0.5:food =:food
EXPR: 0 | POS | FRA | 22 | 0.4 | 0.6 | 1=(x+(0.9-0.5)) | 1 x 0.9 0.5 - + = | 1:food x:food 0.9:food 0.5:food -:food +:food =:food
EXPR: 0 | POS | FRA | 22 | 0.4 | 0.2 | 1=((x*0.5)+0.9) | 1 x 0.5 * 0.9 + = | 1:food x:food 0.5:cat *:food 0.9:food +:food =:food
EXPR: 1 | POS | FRA | 22 | 0.4 | 0.4 | (x*1)=(0.9-0.5) | x 1 * 0.9 0.5 - = | x:food 1:cat *:food 0.9:food 0.5:food -:food =:food
EXPR: 0 | POS | FRA | 22 | 0.4 | 1.45 | 1=(x-(0.5*0.9)) | 1 x 0.5 0.9 * - = | 1:cat x:cat 0.5:food 0.9:cat *:cat -:cat =:cat
EXPR: 0 | POS | INT | 22 | 0.4 | 5 | ((1-0.9)*x)=0.5 | 1 0.9 - x * 0.5 = | 1:cat 0.9:cat -:cat x:food *:food 0.5:food =:food
EXPR: 0 | POS | FRA | 22 | 0.4 | 0.611111111111111 | 1=(0.9*(x+0.5)) | 1 0.9 x 0.5 + * = | 1:cat 0.9:cat x:food 0.5:food +:food *:cat =:cat
EXPR: 0 | POS | FRA | 22 | 0.4 | 1.55555555555556 | 1=(x-(0.5/0.9)) | 1 x 0.5 0.9 / - = | 1:cat x:cat 0.5:cat 0.9:food /:cat -:cat =:cat
EXPR: 1 | POS | FRA | 22 | 0.4 | 0.4 | 1=(0.9/(x+0.5)) | 1 0.9 x 0.5 + / = | 1:cat 0.9:cat x:food 0.5:food +:food /:cat =:cat
EXPR: 0 | POS | FRA | 22 | 0.4 | 1.4 | (0.5+(x-1))=0.9 | 0.5 x 1 - + 0.9 = | 0.5:food x:food 1:food -:food +:food 0.9:food =:food
EXPR: 0 | POS | INT | 22 | 0.4 | 5 | 1=((0.5/x)+0.9) | 1 0.5 x / 0.9 + = | 1:food 0.5:food x:cat /:food 0.9:food +:food =:food
EXPR: 0 | POS | FRA | 22 | 0.4 | 0.263157894736842 | ((1+0.9)*x)=0.5 | 1 0.9 + x * 0.5 = | 1:cat 0.9:cat +:cat x:food *:food 0.5:food =:food
EXPR: 0 | POS | FRA | 22 | 0.4 | 0.6 | (0.5-(x-1))=0.9 | 0.5 x 1 - - 0.9 = | 0.5:food x:food 1:food -:food -:food 0.9:food =:food
EXPR: 0 | POS | FRA | 22 | 0.4 | 1.1 | 0.5=(1/(x+0.9)) | 0.5 1 x 0.9 + / = | 0.5:cat 1:cat x:food 0.9:food +:food /:cat =:cat
EXPR: 0 | POS | FRA | 22 | 0.4 | 0.05 | 1=((x/0.5)+0.9) | 1 x 0.5 / 0.9 + = | 1:food x:food 0.5:cat /:food 0.9:food +:food =:food
EXPR: 0 | POS | FRA | 22 | 0.4 | 0.2 | 1=((0.5*x)+0.9) | 1 0.5 x * 0.9 + = | 1:food 0.5:food x:cat *:food 0.9:food +:food =:food
EXPR: 0 | POS | FRA | 22 | 0.4 | 1.4 | 1=(x-(0.9-0.5)) | 1 x 0.9 0.5 - - = | 1:food x:food 0.9:food 0.5:food -:food -:food =:food
EXPR: 0 | POS | FRA | 22 | 0.4 | 1.61111111111111 | 1=(0.9*(x-0.5)) | 1 0.9 x 0.5 - * = | 1:cat 0.9:cat x:food 0.5:food -:food *:cat =:cat
EXPR: 0 | POS | FRA | 22 | 0.4 | 1.4 | 1=(0.9/(x-0.5)) | 1 0.9 x 0.5 - / = | 1:cat 0.9:cat x:food 0.5:food -:food /:cat =:cat
EXPR: 0 | POS | FRA | 22 | 0.4 | 0.45 | (x*1)=(0.5*0.9) | x 1 * 0.5 0.9 * = | x:food 1:cat *:cat 0.5:food 0.9:cat *:cat =:cat
EXPR: 0 | POS | FRA | 22 | 0.4 | 1.4 | 0.5=(1-(x-0.9)) | 0.5 1 x 0.9 - - = | 0.5:food 1:food x:food 0.9:food -:food -:food =:food
EXPR: 0 | POS | FRA | 22 | 0.4 | 0.6 | 0.5=((x-1)+0.9) | 0.5 x 1 - 0.9 + = | 0.5:food x:food 1:food -:food 0.9:food +:food =:food
EXPR: 0 | POS | FRA | 22 | 0.4 | 2.9 | (x-(1/0.5))=0.9 | x 1 0.5 / - 0.9 = | x:cat 1:cat 0.5:food /:cat -:cat 0.9:cat =:cat
EXPR: 0 | POS | FRA | 22 | 0.4 | 0.55 | ((1-x)/0.5)=0.9 | 1 x - 0.5 / 0.9 = | 1:food x:food -:food 0.5:cat /:food 0.9:food =:food
EXPR: 0 | POS | FRA | 22 | 0.4 | 1.55555555555556 | ((x-1)*0.9)=0.5 | x 1 - 0.9 * 0.5 = | x:cat 1:cat -:cat 0.9:food *:food 0.5:food =:food
EXPR: 1 | POS | FRA | 22 | 0.4 | 0.4 | 1=(0.9-(x-0.5)) | 1 0.9 x 0.5 - - = | 1:food 0.9:food x:food 0.5:food -:food -:food =:food
EXPR: 0 | POS | FRA | 22 | 0.4 | 2.22222222222222 | (1/0.5)=(0.9*x) | 1 0.5 / 0.9 x * = | 1:cat 0.5:food /:cat 0.9:food x:cat *:cat =:cat
EXPR: 0 | POS | FRA | 22 | 0.4 | 0.45 | 1=(0.5+(x/0.9)) | 1 0.5 x 0.9 / + = | 1:food 0.5:food x:food 0.9:cat /:food +:food =:food
EXPR: 0 | POS | FRA | 22 | 0.4 | 2.9 | 0.5=(1/(x-0.9)) | 0.5 1 x 0.9 - / = | 0.5:cat 1:cat x:food 0.9:food -:food /:cat =:cat
EXPR: 0 | POS | FRA | 22 | 0.4 | 0.444444444444444 | 1=(x+(0.5/0.9)) | 1 x 0.5 0.9 / + = | 1:food x:food 0.5:food 0.9:cat /:food +:food =:food
EXPR: 0 | POS | FRA | 22 | 0.4 | 1.8 | (1/x)=(0.5/0.9) | 1 x / 0.5 0.9 / = | 1:cat x:food /:cat 0.5:cat 0.9:food /:cat =:cat
EXPR: 0 | POS | FRA | 22 | 0.4 | 2.5 | 1=(x*(0.9-0.5)) | 1 x 0.9 0.5 - * = | 1:cat x:cat 0.9:food 0.5:food -:food *:cat =:cat
EXPR: 1 | POS | FRA | 22 | 0.4 | 0.4 | 1=(x/(0.9-0.5)) | 1 x 0.9 0.5 - / = | 1:cat x:cat 0.9:food 0.5:food -:food /:cat =:cat
EXPR: 0 | POS | INT | 22 | 0.4 | 5 | 0.5=((1-0.9)*x) | 0.5 1 0.9 - x * = | 0.5:food 1:cat 0.9:cat -:cat x:food *:food =:food
EXPR: 0 | POS | FRA | 22 | 0.4 | 1.1 | (1/(0.9+x))=0.5 | 1 0.9 x + / 0.5 = | 1:cat 0.9:food x:food +:food /:cat 0.5:cat =:cat
EXPR: 0 | POS | FRA | 22 | 0.4 | 1.4 | (1+(0.9-x))=0.5 | 1 0.9 x - + 0.5 = | 1:food 0.9:food x:food -:food +:food 0.5:food =:food
EXPR: 0 | POS | FRA | 22 | 0.4 | 0.263157894736842 | 0.5=((1+0.9)*x) | 0.5 1 0.9 + x * = | 0.5:food 1:cat 0.9:cat +:cat x:food *:food =:food
EXPR: 0 | POS | FRA | 22 | 0.4 | 0.555555555555556 | (1*0.5)=(x*0.9) | 1 0.5 * x 0.9 * = | 1:cat 0.5:food *:food x:cat 0.9:food *:food =:food
EXPR: 0 | POS | FRA | 22 | 0.4 | 1.4 | ((0.5+x)-1)=0.9 | 0.5 x + 1 - 0.9 = | 0.5:food x:food +:food 1:food -:food 0.9:food =:food
EXPR: 1 | POS | FRA | 22 | 0.4 | 0.4 | (x-(0.5-1))=0.9 | x 0.5 1 - - 0.9 = | x:food 0.5:food 1:food -:food -:food 0.9:food =:food
EXPR: 0 | POS | FRA | 22 | 0.4 | 1.1 | ((1/0.5)-x)=0.9 | 1 0.5 / x - 0.9 = | 1:food 0.5:cat /:food x:food -:food 0.9:food =:food
EXPR: 0 | POS | FRA | 22 | 0.4 | 0.611111111111111 | 1=(0.9*(0.5+x)) | 1 0.9 0.5 x + * = | 1:cat 0.9:cat 0.5:food x:food +:food *:cat =:cat
EXPR: 1 | POS | FRA | 22 | 0.4 | 0.4 | 1=(0.9/(0.5+x)) | 1 0.9 0.5 x + / = | 1:cat 0.9:cat 0.5:food x:food +:food /:cat =:cat
EXPR: 0 | POS | FRA | 22 | 0.4 | 0.555555555555556 | (1*0.5)=(0.9*x) | 1 0.5 * 0.9 x * = | 1:cat 0.5:food *:food 0.9:cat x:food *:food =:food
EXPR: 0 | POS | FRA | 22 | 0.4 | 3.8 | 1=((0.5*x)-0.9) | 1 0.5 x * 0.9 - = | 1:cat 0.5:food x:cat *:cat 0.9:cat -:cat =:cat
EXPR: 0 | POS | FRA | 22 | 0.4 | 1.4 | (x+(0.5-1))=0.9 | x 0.5 1 - + 0.9 = | x:food 0.5:food 1:food -:food +:food 0.9:food =:food
EXPR: 0 | POS | FRA | 22 | 0.4 | 1.1 | 1=((x+0.9)*0.5) | 1 x 0.9 + 0.5 * = | 1:cat x:food 0.9:food +:food 0.5:cat *:cat =:cat
EXPR: 0 | POS | FRA | 22 | 0.4 | 1.45 | ((x-1)/0.5)=0.9 | x 1 - 0.5 / 0.9 = | x:food 1:food -:food 0.5:cat /:food 0.9:food =:food
EXPR: 0 | POS | INT | 22 | 0.4 | 5 | 0.5=(x*(1-0.9)) | 0.5 x 1 0.9 - * = | 0.5:food x:food 1:cat 0.9:cat -:cat *:food =:food
EXPR: 0 | POS | FRA | 22 | 0.4 | 0.05 | 0.5=(x/(1-0.9)) | 0.5 x 1 0.9 - / = | 0.5:food x:food 1:cat 0.9:cat -:cat /:food =:food
EXPR: 0 | POS | FRA | 22 | 0.4 | 0.95 | 0.5=(x/(1+0.9)) | 0.5 x 1 0.9 + / = | 0.5:food x:food 1:cat 0.9:cat +:cat /:food =:food
EXPR: 0 | POS | FRA | 22 | 0.4 | 0.6 | 1=((0.9-0.5)+x) | 1 0.9 0.5 - x + = | 1:food 0.9:food 0.5:food -:food x:food +:food =:food
EXPR: 0 | POS | FRA | 22 | 0.4 | 0.444444444444444 | 0.5=((1-x)*0.9) | 0.5 1 x - 0.9 * = | 0.5:food 1:cat x:cat -:cat 0.9:food *:food =:food
EXPR: 0 | POS | FRA | 22 | 0.4 | 0.555555555555556 | (1*x)=(0.5/0.9) | 1 x * 0.5 0.9 / = | 1:cat x:food *:cat 0.5:cat 0.9:food /:cat =:cat
EXPR: 0 | POS | FRA | 22 | 0.4 | 1.55555555555556 | (0.5/(x-1))=0.9 | 0.5 x 1 - / 0.9 = | 0.5:food x:cat 1:cat -:cat /:food 0.9:food =:food
EXPR: 0 | POS | FRA | 22 | 0.4 | 0.263157894736842 | 0.5=(x*(1+0.9)) | 0.5 x 1 0.9 + * = | 0.5:food x:food 1:cat 0.9:cat +:cat *:food =:food
EXPR: 0 | POS | FRA | 22 | 0.4 | 0.45 | (1/0.5)=(0.9/x) | 1 0.5 / 0.9 x / = | 1:cat 0.5:food /:cat 0.9:cat x:food /:cat =:cat
EXPR: 1 | POS | FRA | 22 | 0.4 | 0.4 | 1=((0.9-x)+0.5) | 1 0.9 x - 0.5 + = | 1:food 0.9:food x:food -:food 0.5:food +:food =:food
EXPR: 0 | POS | FRA | 22 | 0.4 | 0.6 | (1+0.5)=(x+0.9) | 1 0.5 + x 0.9 + = | 1:food 0.5:food +:food x:food 0.9:food +:food =:food
EXPR: 0 | POS | FRA | 22 | 0.4 | 0.6 | 1=((0.9+x)-0.5) | 1 0.9 x + 0.5 - = | 1:food 0.9:food x:food +:food 0.5:food -:food =:food
EXPR: 1 | POS | FRA | 22 | 0.4 | 0.4 | (1*0.9)=(x+0.5) | 1 0.9 * x 0.5 + = | 1:cat 0.9:food *:food x:food 0.5:food +:food =:food
EXPR: 0 | POS | FRA | 22 | 0.4 | 1.8 | (1*0.5)=(0.9/x) | 1 0.5 * 0.9 x / = | 1:cat 0.5:food *:cat 0.9:cat x:food /:cat =:cat
EXPR: 0 | POS | FRA | 22 | 0.4 | 0.6 | (x-1)=(0.5-0.9) | x 1 - 0.5 0.9 - = | x:food 1:food -:food 0.5:food 0.9:food -:food =:food
EXPR: 0 | POS | FRA | 22 | 0.4 | 0.6 | 1=(0.9-(0.5-x)) | 1 0.9 0.5 x - - = | 1:food 0.9:food 0.5:food x:food -:food -:food =:food
EXPR: 0 | POS | FRA | 22 | 0.4 | 1.1 | 0.5=(1/(0.9+x)) | 0.5 1 0.9 x + / = | 0.5:cat 1:cat 0.9:food x:food +:food /:cat =:cat
EXPR: 0 | POS | FRA | 22 | 0.4 | 1.1 | (1/(x+0.9))=0.5 | 1 x 0.9 + / 0.5 = | 1:cat x:food 0.9:food +:food /:cat 0.5:cat =:cat
EXPR: 0 | POS | FRA | 22 | 0.4 | 2.9 | (1/(x-0.9))=0.5 | 1 x 0.9 - / 0.5 = | 1:cat x:food 0.9:food -:food /:cat 0.5:cat =:cat
EXPR: 1 | POS | FRA | 22 | 0.4 | 0.4 | 0.5=(1-(0.9-x)) | 0.5 1 0.9 x - - = | 0.5:food 1:food 0.9:food x:food -:food -:food =:food
EXPR: 0 | POS | FRA | 22 | 0.4 | 0.6 | (1+0.5)=(0.9+x) | 1 0.5 + 0.9 x + = | 1:food 0.5:food +:food 0.9:food x:food +:food =:food
EXPR: 0 | POS | FRA | 22 | 0.4 | 2.4 | (x-(1+0.9))=0.5 | x 1 0.9 + - 0.5 = | x:food 1:food 0.9:food +:food -:food 0.5:food =:food
EXPR: 0 | POS | FRA | 22 | 0.4 | 2.8 | (0.5*(x-1))=0.9 | 0.5 x 1 - * 0.9 = | 0.5:food x:cat 1:cat -:cat *:food 0.9:food =:food
EXPR: 0 | POS | FRA | 22 | 0.4 | 1.4 | 1=((x-0.9)+0.5) | 1 x 0.9 - 0.5 + = | 1:food x:food 0.9:food -:food 0.5:food +:food =:food
EXPR: 0 | POS | FRA | 22 | 0.4 | 1.4 | (0.5-(1-x))=0.9 | 0.5 1 x - - 0.9 = | 0.5:food 1:food x:food -:food -:food 0.9:food =:food
EXPR: 0 | POS | FRA | 22 | 0.4 | 0.6 | 1=((x+0.9)-0.5) | 1 x 0.9 + 0.5 - = | 1:food x:food 0.9:food +:food 0.5:food -:food =:food
EXPR: 0 | POS | FRA | 22 | 0.4 | 2.4 | 1=((x-0.9)-0.5) | 1 x 0.9 - 0.5 - = | 1:food x:food 0.9:food -:food 0.5:food -:food =:food
EXPR: 0 | POS | FRA | 22 | 0.4 | 1.4 | (1-0.5)=(x-0.9) | 1 0.5 - x 0.9 - = | 1:food 0.5:food -:food x:food 0.9:food -:food =:food
EXPR: 0 | POS | FRA | 22 | 0.4 | 2.5 | ((1/x)+0.5)=0.9 | 1 x / 0.5 + 0.9 = | 1:cat x:food /:cat 0.5:cat +:cat 0.9:cat =:cat
EXPR: 1 | POS | FRA | 22 | 0.4 | 0.4 | (x+(1-0.9))=0.5 | x 1 0.9 - + 0.5 = | x:food 1:food 0.9:food -:food +:food 0.5:food =:food
EXPR: 0 | POS | FRA | 22 | 0.4 | 2.4 | (1+0.5)=(x-0.9) | 1 0.5 + x 0.9 - = | 1:food 0.5:food +:food x:food 0.9:food -:food =:food
EXPR: 0 | POS | FRA | 22 | 0.4 | 0.6 | (0.5+(1-x))=0.9 | 0.5 1 x - + 0.9 = | 0.5:food 1:food x:food -:food +:food 0.9:food =:food
EXPR: 0 | POS | FRA | 22 | 0.4 | 1.4 | (1*0.9)=(x-0.5) | 1 0.9 * x 0.5 - = | 1:cat 0.9:food *:food x:food 0.5:food -:food =:food
EXPR: 1 | POS | FRA | 22 | 0.4 | 0.4 | (1-(0.9-x))=0.5 | 1 0.9 x - - 0.5 = | 1:food 0.9:food x:food -:food -:food 0.5:food =:food
EXPR: 1 | POS | FRA | 22 | 0.4 | 0.4 | (1*0.9)=(0.5+x) | 1 0.9 * 0.5 x + = | 1:cat 0.9:food *:food 0.5:food x:food +:food =:food
EXPR: 1 | POS | FRA | 22 | 0.4 | 0.4 | 1=((0.5+x)/0.9) | 1 0.5 x + 0.9 / = | 1:food 0.5:food x:food +:food 0.9:cat /:food =:food
EXPR: 0 | POS | FRA | 22 | 0.4 | 0.8 | (0.5*(x+1))=0.9 | 0.5 x 1 + * 0.9 = | 0.5:food x:cat 1:cat +:cat *:food 0.9:food =:food
EXPR: 1 | POS | FRA | 22 | 0.4 | 0.4 | (0.5+x)=(1*0.9) | 0.5 x + 1 0.9 * = | 0.5:food x:food +:food 1:cat 0.9:food *:food =:food
EXPR: 0 | POS | FRA | 22 | 0.4 | 1.8 | (1/0.5)=(x/0.9) | 1 0.5 / x 0.9 / = | 1:cat 0.5:food /:cat x:cat 0.9:food /:cat =:cat
EXPR: 0 | POS | FRA | 22 | 0.4 | 0.6 | (x-(1-0.9))=0.5 | x 1 0.9 - - 0.5 = | x:food 1:food 0.9:food -:food -:food 0.5:food =:food
EXPR: 0 | POS | FRA | 22 | 0.4 | 2.22222222222222 | (1/0.5)=(x*0.9) | 1 0.5 / x 0.9 * = | 1:cat 0.5:food /:cat x:cat 0.9:food *:cat =:cat
EXPR: 1 | POS | FRA | 22 | 0.4 | 0.4 | 1=(0.9+(0.5-x)) | 1 0.9 0.5 x - + = | 1:food 0.9:food 0.5:food x:food -:food +:food =:food
EXPR: 0 | POS | FRA | 22 | 0.4 | 0.8 | (0.5*(1+x))=0.9 | 0.5 1 x + * 0.9 = | 0.5:food 1:cat x:cat +:cat *:food 0.9:food =:food
EXPR: 0 | POS | FRA | 22 | 0.4 | 1.4 | 0.5=((1+0.9)-x) | 0.5 1 0.9 + x - = | 0.5:food 1:food 0.9:food +:food x:food -:food =:food
EXPR: 0 | POS | FRA | 22 | 0.4 | 1.4 | (1-(x-0.9))=0.5 | 1 x 0.9 - - 0.5 = | 1:food x:food 0.9:food -:food -:food 0.5:food =:food
EXPR: 0 | POS | FRA | 22 | 0.4 | 0.45 | (1*0.5)=(x/0.9) | 1 0.5 * x 0.9 / = | 1:cat 0.5:food *:cat x:cat 0.9:food /:cat =:cat
EXPR: 1 | POS | FRA | 22 | 0.4 | 0.4 | (1+x)=(0.5+0.9) | 1 x + 0.5 0.9 + = | 1:food x:food +:food 0.5:food 0.9:food +:food =:food
EXPR: 0 | POS | FRA | 22 | 0.4 | 0.444444444444444 | (0.5/(1-x))=0.9 | 0.5 1 x - / 0.9 = | 0.5:food 1:cat x:cat -:cat /:food 0.9:food =:food
EXPR: 0 | POS | FRA | 22 | 0.4 | 1.4 | (x-0.5)=(1*0.9) | x 0.5 - 1 0.9 * = | x:food 0.5:food -:food 1:cat 0.9:food *:food =:food
EXPR: 1 | POS | FRA | 22 | 0.4 | 0.4 | (1-0.5)=(0.9-x) | 1 0.5 - 0.9 x - = | 1:food 0.5:food -:food 0.9:food x:food -:food =:food
EXPR: 0 | POS | FRA | 22 | 0.4 | 1.4 | (1-x)=(0.5-0.9) | 1 x - 0.5 0.9 - = | 1:food x:food -:food 0.5:food 0.9:food -:food =:food
EXPR: 0 | POS | FRA | 22 | 0.4 | 0.263157894736842 | 1=((0.5/x)-0.9) | 1 0.5 x / 0.9 - = | 1:food 0.5:food x:cat /:food 0.9:food -:food =:food
EXPR: 1 | POS | FRA | 22 | 0.4 | 0.4 | 0.5=((1+x)-0.9) | 0.5 1 x + 0.9 - = | 0.5:food 1:food x:food +:food 0.9:food -:food =:food
EXPR: 0 | POS | FRA | 22 | 0.4 | 2.5 | 1=((0.9-0.5)*x) | 1 0.9 0.5 - x * = | 1:cat 0.9:food 0.5:food -:food x:cat *:cat =:cat
EXPR: 0 | POS | FRA | 22 | 0.4 | 1.55555555555556 | 0.5=((x-1)*0.9) | 0.5 x 1 - 0.9 * = | 0.5:food x:cat 1:cat -:cat 0.9:food *:food =:food
EXPR: 0 | POS | FRA | 22 | 0.4 | 2.9 | 1=((x-0.9)*0.5) | 1 x 0.9 - 0.5 * = | 1:cat x:food 0.9:food -:food 0.5:cat *:cat =:cat
EXPR: 0 | POS | FRA | 22 | 0.4 | 1.4 | 0.5=((1-x)+0.9) | 0.5 1 x - 0.9 + = | 0.5:food 1:food x:food -:food 0.9:food +:food =:food
EXPR: 1 | POS | FRA | 22 | 0.4 | 0.4 | (x+0.5)=(1*0.9) | x 0.5 + 1 0.9 * = | x:food 0.5:food +:food 1:cat 0.9:food *:food =:food
EXPR: 0 | POS | FRA | 22 | 0.4 | 0.6 | ((x-1)+0.9)=0.5 | x 1 - 0.9 + 0.5 = | x:food 1:food -:food 0.9:food +:food 0.5:food =:food
EXPR: 0 | POS | FRA | 22 | 0.4 | 2.4 | ((x-1)-0.9)=0.5 | x 1 - 0.9 - 0.5 = | x:food 1:food -:food 0.9:food -:food 0.5:food =:food
EXPR: 1 | POS | FRA | 22 | 0.4 | 0.4 | 0.5=((x+1)-0.9) | 0.5 x 1 + 0.9 - = | 0.5:food x:food 1:food +:food 0.9:food -:food =:food
EXPR: 0 | POS | FRA | 22 | 0.4 | 2.4 | 0.5=((x-1)-0.9) | 0.5 x 1 - 0.9 - = | 0.5:food x:food 1:food -:food 0.9:food -:food =:food
EXPR: 1 | POS | FRA | 22 | 0.4 | 0.4 | 0.5=((1-0.9)+x) | 0.5 1 0.9 - x + = | 0.5:food 1:food 0.9:food -:food x:food +:food =:food
EXPR: 1 | POS | FRA | 22 | 0.4 | 0.4 | ((x-0.5)+1)=0.9 | x 0.5 - 1 + 0.9 = | x:food 0.5:food -:food 1:food +:food 0.9:food =:food
EXPR: 1 | POS | FRA | 22 | 0.4 | 0.4 | ((x+1)-0.9)=0.5 | x 1 + 0.9 - 0.5 = | x:food 1:food +:food 0.9:food -:food 0.5:food =:food
EXPR: 0 | POS | FRA | 22 | 0.4 | 2.4 | ((x-0.5)-1)=0.9 | x 0.5 - 1 - 0.9 = | x:food 0.5:food -:food 1:food -:food 0.9:food =:food
EXPR: 0 | POS | FRA | 22 | 0.4 | 1.4 | ((x+0.5)-1)=0.9 | x 0.5 + 1 - 0.9 = | x:food 0.5:food +:food 1:food -:food 0.9:food =:food
EXPR: 0 | POS | FRA | 25 | 0.4 | 1.4 | x=(0.9+(1*0.5)) | x 0.9 1 0.5 * + = | x:food 0.9:food 1:cat 0.5:food *:food +:food =:food
EXPR: 1 | POS | FRA | 25 | 0.4 | 0.4 | x=(0.9-(1*0.5)) | x 0.9 1 0.5 * - = | x:food 0.9:food 1:cat 0.5:food *:food -:food =:food
EXPR: 0 | POS | FRA | 25 | 0.4 | 1.4 | x=((0.5+0.9)*1) | x 0.5 0.9 + 1 * = | x:food 0.5:food 0.9:food +:food 1:cat *:food =:food
EXPR: 0 | POS | FRA | 25 | 0.4 | 1.4 | (0.9+(1*0.5))=x | 0.9 1 0.5 * + x = | 0.9:food 1:cat 0.5:food *:food +:food x:food =:food
EXPR: 1 | POS | FRA | 25 | 0.4 | 0.4 | (0.9-(1*0.5))=x | 0.9 1 0.5 * - x = | 0.9:food 1:cat 0.5:food *:food -:food x:food =:food
EXPR: 0 | POS | FRA | 25 | 0.4 | 1.4 | ((0.5+0.9)*1)=x | 0.5 0.9 + 1 * x = | 0.5:food 0.9:food +:food 1:cat *:food x:food =:food
EXPR: 0 | POS | FRA | 27 | 0.4 | 1.4 | 0.9=(1*(x-0.5)) | 0.9 1 x 0.5 - * = | 0.9:food 1:cat x:food 0.5:food -:food *:food =:food
EXPR: 1 | POS | FRA | 27 | 0.4 | 0.4 | 0.9=(1*(x+0.5)) | 0.9 1 x 0.5 + * = | 0.9:food 1:cat x:food 0.5:food +:food *:food =:food
EXPR: 0 | POS | FRA | 27 | 0.4 | 1.4 | 0.9=((x*1)-0.5) | 0.9 x 1 * 0.5 - = | 0.9:food x:food 1:cat *:food 0.5:food -:food =:food
EXPR: 1 | POS | FRA | 27 | 0.4 | 0.4 | (0.9-(x*1))=0.5 | 0.9 x 1 * - 0.5 = | 0.9:food x:food 1:cat *:food -:food 0.5:food =:food
EXPR: 1 | POS | FRA | 27 | 0.4 | 0.4 | 0.5=((0.9-x)*1) | 0.5 0.9 x - 1 * = | 0.5:food 0.9:food x:food -:food 1:cat *:food =:food
EXPR: 0 | POS | FRA | 27 | 0.4 | 1.4 | ((x-0.9)*1)=0.5 | x 0.9 - 1 * 0.5 = | x:food 0.9:food -:food 1:cat *:food 0.5:food =:food
EXPR: 1 | POS | FRA | 27 | 0.4 | 0.4 | 0.5=(0.9-(x*1)) | 0.5 0.9 x 1 * - = | 0.5:food 0.9:food x:food 1:cat *:food -:food =:food
EXPR: 1 | POS | FRA | 27 | 0.4 | 0.4 | 0.5=(0.9-(1*x)) | 0.5 0.9 1 x * - = | 0.5:food 0.9:food 1:cat x:food *:food -:food =:food
EXPR: 1 | POS | FRA | 27 | 0.4 | 0.4 | ((0.9-x)*1)=0.5 | 0.9 x - 1 * 0.5 = | 0.9:food x:food -:food 1:cat *:food 0.5:food =:food
EXPR: 1 | POS | FRA | 27 | 0.4 | 0.4 | 0.9=((x*1)+0.5) | 0.9 x 1 * 0.5 + = | 0.9:food x:food 1:cat *:food 0.5:food +:food =:food
EXPR: 1 | POS | FRA | 27 | 0.4 | 0.4 | (0.9-(1*x))=0.5 | 0.9 1 x * - 0.5 = | 0.9:food 1:cat x:food *:food -:food 0.5:food =:food
EXPR: 1 | POS | FRA | 27 | 0.4 | 0.4 | 0.9=((1*0.5)+x) | 0.9 1 0.5 * x + = | 0.9:food 1:cat 0.5:food *:food x:food +:food =:food
EXPR: 1 | POS | FRA | 27 | 0.4 | 0.4 | 0.9=((1*x)+0.5) | 0.9 1 x * 0.5 + = | 0.9:food 1:cat x:food *:food 0.5:food +:food =:food
EXPR: 1 | POS | FRA | 27 | 0.4 | 0.4 | 0.9=(1*(0.5+x)) | 0.9 1 0.5 x + * = | 0.9:food 1:cat 0.5:food x:food +:food *:food =:food
EXPR: 0 | POS | FRA | 27 | 0.4 | 1.4 | 0.9=((1*x)-0.5) | 0.9 1 x * 0.5 - = | 0.9:food 1:cat x:food *:food 0.5:food -:food =:food
EXPR: 1 | POS | FRA | 27 | 0.4 | 0.4 | 0.9=(x+(1*0.5)) | 0.9 x 1 0.5 * + = | 0.9:food x:food 1:cat 0.5:food *:food +:food =:food
EXPR: 0 | POS | FRA | 27 | 0.4 | 1.4 | 0.9=(x-(1*0.5)) | 0.9 x 1 0.5 * - = | 0.9:food x:food 1:cat 0.5:food *:food -:food =:food
EXPR: 0 | POS | FRA | 27 | 0.4 | 1.4 | 0.5=((x-0.9)*1) | 0.5 x 0.9 - 1 * = | 0.5:food x:food 0.9:food -:food 1:cat *:food =:food
EXPR: 0 | POS | FRA | 30 | 0.4 | 1.61111111111111 | (0.5+(1/0.9))=x | 0.5 1 0.9 / + x = | 0.5:cat 1:cat 0.9:food /:cat +:cat x:cat =:cat
EXPR: 0 | POS | FRA | 30 | 0.4 | 2.8 | (1+(0.9/0.5))=x | 1 0.9 0.5 / + x = | 1:cat 0.9:cat 0.5:food /:cat +:cat x:cat =:cat
EXPR: 0 | POS | FRA | 30 | 0.4 | 3.8 | x=((1+0.9)/0.5) | x 1 0.9 + 0.5 / = | x:food 1:food 0.9:food +:food 0.5:cat /:food =:food
EXPR: 0 | POS | FRA | 30 | 0.4 | 0.2 | x=((1-0.9)/0.5) | x 1 0.9 - 0.5 / = | x:food 1:food 0.9:food -:food 0.5:cat /:food =:food
EXPR: 0 | POS | FRA | 30 | 0.4 | 0.611111111111111 | ((1/0.9)-0.5)=x | 1 0.9 / 0.5 - x = | 1:food 0.9:cat /:food 0.5:food -:food x:food =:food
EXPR: 0 | POS | FRA | 30 | 0.4 | 1.61111111111111 | ((1/0.9)+0.5)=x | 1 0.9 / 0.5 + x = | 1:food 0.9:cat /:food 0.5:food +:food x:food =:food
EXPR: 0 | POS | FRA | 30 | 0.4 | 2.8 | x=(1+(0.9/0.5)) | x 1 0.9 0.5 / + = | x:cat 1:cat 0.9:cat 0.5:food /:cat +:cat =:cat
EXPR: 0 | POS | FRA | 30 | 0.4 | 3.8 | ((1+0.9)/0.5)=x | 1 0.9 + 0.5 / x = | 1:cat 0.9:cat +:cat 0.5:food /:cat x:cat =:cat
EXPR: 0 | POS | FRA | 30 | 0.4 | 1.61111111111111 | x=((1/0.9)+0.5) | x 1 0.9 / 0.5 + = | x:food 1:food 0.9:cat /:food 0.5:food +:food =:food
EXPR: 0 | POS | FRA | 30 | 0.4 | 0.2 | ((1-0.9)/0.5)=x | 1 0.9 - 0.5 / x = | 1:cat 0.9:cat -:cat 0.5:food /:cat x:cat =:cat
EXPR: 0 | POS | FRA | 30 | 0.4 | 0.611111111111111 | x=((1/0.9)-0.5) | x 1 0.9 / 0.5 - = | x:food 1:food 0.9:cat /:food 0.5:food -:food =:food
EXPR: 0 | POS | FRA | 30 | 0.4 | 1.61111111111111 | x=(0.5+(1/0.9)) | x 0.5 1 0.9 / + = | x:cat 0.5:cat 1:cat 0.9:food /:cat +:cat =:cat
NET 353 unique, non-negative solutions found out of 1000 total solutions
