parameters: n=7 l=3 k=1 p=5 q=2 m=9
TOTAL 1000 solutions found
SOLN: CORRECT | POS/NEG | INT/FRA | OBJ-SCORE | TRUE-ANS | ANS | INFIX | POSTFIX | TYPED-POSTFIX
EXPR: 0 | POS | INT | 0 | 10.3333 | 24 | (2*(11.166666666666666+0.8333333333333334))=x | 2 11.166666666666666 0.8333333333333334 + * x = | 2:piece 11.166666666666666:pound 0.8333333333333334:pound +:pound *:pound x:pound =:pound
EXPR: 0 | POS | FRA | 0 | 10.3333 | 23.1666666666667 | ((2*11.166666666666666)+0.8333333333333334)=x | 2 11.166666666666666 * 0.8333333333333334 + x = | 2:piece 11.166666666666666:pound *:pound 0.8333333333333334:pound +:pound x:pound =:pound
EXPR: 0 | POS | FRA | 0 | 10.3333 | 21.5 | x=((2*11.166666666666666)-0.8333333333333334) | x 2 11.166666666666666 * 0.8333333333333334 - = | x:pound 2:piece 11.166666666666666:pound *:pound 0.8333333333333334:pound -:pound =:pound
EXPR: 0 | POS | FRA | 0 | 10.3333 | 23.1666666666667 | x=((2*11.166666666666666)+0.8333333333333334) | x 2 11.166666666666666 * 0.8333333333333334 + = | x:pound 2:piece 11.166666666666666:pound *:pound 0.8333333333333334:pound +:pound =:pound
EXPR: 0 | POS | INT | 0 | 10.3333 | 24 | x=(2*(11.166666666666666+0.8333333333333334)) | x 2 11.166666666666666 0.8333333333333334 + * = | x:pound 2:piece 11.166666666666666:pound 0.8333333333333334:pound +:pound *:pound =:pound
EXPR: 0 | POS | FRA | 0 | 10.3333 | 20.6666666666667 | x=(2*(11.166666666666666-0.8333333333333334)) | x 2 11.166666666666666 0.8333333333333334 - * = | x:pound 2:piece 11.166666666666666:pound 0.8333333333333334:pound -:pound *:pound =:pound
EXPR: 0 | POS | FRA | 0 | 10.3333 | 21.5 | ((2*11.166666666666666)-0.8333333333333334)=x | 2 11.166666666666666 * 0.8333333333333334 - x = | 2:piece 11.166666666666666:pound *:pound 0.8333333333333334:pound -:pound x:pound =:pound
EXPR: 0 | POS | FRA | 0 | 10.3333 | 20.6666666666667 | (2*(11.166666666666666-0.8333333333333334))=x | 2 11.166666666666666 0.8333333333333334 - * x = | 2:piece 11.166666666666666:pound 0.8333333333333334:pound -:pound *:pound x:pound =:pound
EXPR: 0 | POS | FRA | 2 | 10.3333 | 10.75 | (2*(11.166666666666666-x))=0.8333333333333334 | 2 11.166666666666666 x - * 0.8333333333333334 = | 2:piece 11.166666666666666:pound x:pound -:pound *:pound 0.8333333333333334:pound =:pound
EXPR: 0 | POS | INT | 2 | 10.3333 | 6 | ((2*x)-11.166666666666666)=0.8333333333333334 | 2 x * 11.166666666666666 - 0.8333333333333334 = | 2:piece x:pound *:pound 11.166666666666666:pound -:pound 0.8333333333333334:pound =:pound
EXPR: 0 | POS | INT | 2 | 10.3333 | 24 | ((x/2)-11.166666666666666)=0.8333333333333334 | x 2 / 11.166666666666666 - 0.8333333333333334 = | x:pound 2:piece /:pound 11.166666666666666:pound -:pound 0.8333333333333334:pound =:pound
EXPR: 0 | POS | FRA | 2 | 10.3333 | 21.5 | ((2*11.166666666666666)-x)=0.8333333333333334 | 2 11.166666666666666 * x - 0.8333333333333334 = | 2:piece 11.166666666666666:pound *:pound x:pound -:pound 0.8333333333333334:pound =:pound
EXPR: 0 | POS | FRA | 2 | 10.3333 | 11.5833333333333 | (2*(x-11.166666666666666))=0.8333333333333334 | 2 x 11.166666666666666 - * 0.8333333333333334 = | 2:piece x:pound 11.166666666666666:pound -:pound *:pound 0.8333333333333334:pound =:pound
EXPR: 0 | POS | INT | 2 | 10.3333 | 6 | ((x*2)-11.166666666666666)=0.8333333333333334 | x 2 * 11.166666666666666 - 0.8333333333333334 = | x:pound 2:piece *:pound 11.166666666666666:pound -:pound 0.8333333333333334:pound =:pound
EXPR: 0 | POS | FRA | 2 | 10.3333 | 23.1666666666667 | (x-(2*11.166666666666666))=0.8333333333333334 | x 2 11.166666666666666 * - 0.8333333333333334 = | x:pound 2:piece 11.166666666666666:pound *:pound -:pound 0.8333333333333334:pound =:pound
EXPR: 0 | POS | FRA | 10 | 10.3333 | 10.9722222222222 | x=((2+11.166666666666666)*0.8333333333333334) | x 2 11.166666666666666 + 0.8333333333333334 * = | x:pound 2:piece 11.166666666666666:piece +:piece 0.8333333333333334:pound *:pound =:pound
EXPR: 0 | POS | FRA | 10 | 10.3333 | 12.8333333333333 | ((2*0.8333333333333334)+11.166666666666666)=x | 2 0.8333333333333334 * 11.166666666666666 + x = | 2:piece 0.8333333333333334:pound *:pound 11.166666666666666:pound +:pound x:pound =:pound
EXPR: 0 | POS | FRA | 10 | 10.3333 | 12.8333333333333 | x=((2*0.8333333333333334)+11.166666666666666) | x 2 0.8333333333333334 * 11.166666666666666 + = | x:pound 2:piece 0.8333333333333334:pound *:pound 11.166666666666666:pound +:pound =:pound
EXPR: 0 | POS | FRA | 10 | 10.3333 | 6.41666666666667 | ((11.166666666666666/2)+0.8333333333333334)=x | 11.166666666666666 2 / 0.8333333333333334 + x = | 11.166666666666666:pound 2:piece /:pound 0.8333333333333334:pound +:pound x:pound =:pound
EXPR: 0 | POS | FRA | 10 | 10.3333 | 4.75 | ((11.166666666666666/2)-0.8333333333333334)=x | 11.166666666666666 2 / 0.8333333333333334 - x = | 11.166666666666666:pound 2:piece /:pound 0.8333333333333334:pound -:pound x:pound =:pound
EXPR: 0 | POS | FRA | 10 | 10.3333 | 0.193548387096774 | (2/(11.166666666666666-0.8333333333333334))=x | 2 11.166666666666666 0.8333333333333334 - / x = | 2:piece 11.166666666666666:pound 0.8333333333333334:pound -:pound /:piece x:piece =:piece
EXPR: 0 | POS | FRA | 10 | 10.3333 | 12.3333333333333 | (2+(11.166666666666666-0.8333333333333334))=x | 2 11.166666666666666 0.8333333333333334 - + x = | 2:pound 11.166666666666666:pound 0.8333333333333334:pound -:pound +:pound x:pound =:pound
EXPR: 0 | POS | FRA | 10 | 10.3333 | 12.8333333333333 | (11.166666666666666+(2*0.8333333333333334))=x | 11.166666666666666 2 0.8333333333333334 * + x = | 11.166666666666666:pound 2:piece 0.8333333333333334:pound *:pound +:pound x:pound =:pound
EXPR: 0 | POS | FRA | 10 | 10.3333 | 9.5 | (11.166666666666666-(2*0.8333333333333334))=x | 11.166666666666666 2 0.8333333333333334 * - x = | 11.166666666666666:pound 2:piece 0.8333333333333334:pound *:pound -:pound x:pound =:pound
EXPR: 0 | POS | FRA | 10 | 10.3333 | 12.3333333333333 | ((2+11.166666666666666)-0.8333333333333334)=x | 2 11.166666666666666 + 0.8333333333333334 - x = | 2:pound 11.166666666666666:pound +:pound 0.8333333333333334:pound -:pound x:pound =:pound
EXPR: 0 | POS | FRA | 10 | 10.3333 | 10.9722222222222 | ((2+11.166666666666666)*0.8333333333333334)=x | 2 11.166666666666666 + 0.8333333333333334 * x = | 2:piece 11.166666666666666:piece +:piece 0.8333333333333334:pound *:pound x:pound =:pound
EXPR: 0 | POS | INT | 10 | 10.3333 | 14 | x=((2+11.166666666666666)+0.8333333333333334) | x 2 11.166666666666666 + 0.8333333333333334 + = | x:pound 2:pound 11.166666666666666:pound +:pound 0.8333333333333334:pound +:pound =:pound
EXPR: 0 | POS | FRA | 10 | 10.3333 | 9.5 | x=(11.166666666666666-(2*0.8333333333333334)) | x 11.166666666666666 2 0.8333333333333334 * - = | x:pound 11.166666666666666:pound 2:piece 0.8333333333333334:pound *:pound -:pound =:pound
EXPR: 0 | POS | FRA | 10 | 10.3333 | 12.8333333333333 | x=(11.166666666666666+(2*0.8333333333333334)) | x 11.166666666666666 2 0.8333333333333334 * + = | x:pound 11.166666666666666:pound 2:piece 0.8333333333333334:pound *:pound +:pound =:pound
EXPR: 0 | POS | FRA | 10 | 10.3333 | 0.166666666666667 | (2/(11.166666666666666+0.8333333333333334))=x | 2 11.166666666666666 0.8333333333333334 + / x = | 2:piece 11.166666666666666:pound 0.8333333333333334:pound +:pound /:piece x:piece =:piece
EXPR: 0 | POS | FRA | 10 | 10.3333 | 0.166666666666667 | x=(2/(11.166666666666666+0.8333333333333334)) | x 2 11.166666666666666 0.8333333333333334 + / = | x:piece 2:piece 11.166666666666666:pound 0.8333333333333334:pound +:pound /:piece =:piece
EXPR: 0 | POS | FRA | 10 | 10.3333 | 0.193548387096774 | x=(2/(11.166666666666666-0.8333333333333334)) | x 2 11.166666666666666 0.8333333333333334 - / = | x:piece 2:piece 11.166666666666666:pound 0.8333333333333334:pound -:pound /:piece =:piece
EXPR: 0 | POS | FRA | 10 | 10.3333 | 12.3333333333333 | x=(2+(11.166666666666666-0.8333333333333334)) | x 2 11.166666666666666 0.8333333333333334 - + = | x:pound 2:pound 11.166666666666666:pound 0.8333333333333334:pound -:pound +:pound =:pound
EXPR: 0 | POS | INT | 10 | 10.3333 | 14 | ((2+11.166666666666666)+0.8333333333333334)=x | 2 11.166666666666666 + 0.8333333333333334 + x = | 2:pound 11.166666666666666:pound +:pound 0.8333333333333334:pound +:pound x:pound =:pound
EXPR: 0 | POS | FRA | 10 | 10.3333 | 12.3333333333333 | x=((2+11.166666666666666)-0.8333333333333334) | x 2 11.166666666666666 + 0.8333333333333334 - = | x:pound 2:pound 11.166666666666666:pound +:pound 0.8333333333333334:pound -:pound =:pound
EXPR: 0 | POS | INT | 10 | 10.3333 | 14 | x=(2+(11.166666666666666+0.8333333333333334)) | x 2 11.166666666666666 0.8333333333333334 + + = | x:pound 2:pound 11.166666666666666:pound 0.8333333333333334:pound +:pound +:pound =:pound
EXPR: 0 | POS | INT | 10 | 10.3333 | 14 | (2+(11.166666666666666+0.8333333333333334))=x | 2 11.166666666666666 0.8333333333333334 + + x = | 2:pound 11.166666666666666:pound 0.8333333333333334:pound +:pound +:pound x:pound =:pound
EXPR: 0 | POS | FRA | 10 | 10.3333 | 4.75 | x=((11.166666666666666/2)-0.8333333333333334) | x 11.166666666666666 2 / 0.8333333333333334 - = | x:pound 11.166666666666666:pound 2:piece /:pound 0.8333333333333334:pound -:pound =:pound
EXPR: 0 | POS | FRA | 10 | 10.3333 | 6.41666666666667 | x=((11.166666666666666/2)+0.8333333333333334) | x 11.166666666666666 2 / 0.8333333333333334 + = | x:pound 11.166666666666666:pound 2:piece /:pound 0.8333333333333334:pound +:pound =:pound
EXPR: 0 | POS | FRA | 12 | 10.3333 | 0.0632911392405063 | (x*(2+11.166666666666666))=0.8333333333333334 | x 2 11.166666666666666 + * 0.8333333333333334 = | x:pound 2:piece 11.166666666666666:piece +:piece *:pound 0.8333333333333334:pound =:pound
EXPR: 0 | POS | FRA | 12 | 10.3333 | 10.9722222222222 | (x/(2+11.166666666666666))=0.8333333333333334 | x 2 11.166666666666666 + / 0.8333333333333334 = | x:pound 2:piece 11.166666666666666:piece +:piece /:pound 0.8333333333333334:pound =:pound
EXPR: 0 | POS | FRA | 12 | 10.3333 | 8.76666666666667 | (2/(11.166666666666666-x))=0.8333333333333334 | 2 11.166666666666666 x - / 0.8333333333333334 = | 2:piece 11.166666666666666:pound x:pound -:pound /:piece 0.8333333333333334:piece =:piece
EXPR: 0 | POS | INT | 12 | 10.3333 | 10 | (x+(2-11.166666666666666))=0.8333333333333334 | x 2 11.166666666666666 - + 0.8333333333333334 = | x:pound 2:pound 11.166666666666666:pound -:pound +:pound 0.8333333333333334:pound =:pound
EXPR: 0 | POS | FRA | 12 | 10.3333 | 5.16666666666667 | ((2*x)+0.8333333333333334)=11.166666666666666 | 2 x * 0.8333333333333334 + 11.166666666666666 = | 2:piece x:pound *:pound 0.8333333333333334:pound +:pound 11.166666666666666:pound =:pound
EXPR: 0 | POS | INT | 12 | 10.3333 | 6 | ((2*x)-0.8333333333333334)=11.166666666666666 | 2 x * 0.8333333333333334 - 11.166666666666666 = | 2:piece x:pound *:pound 0.8333333333333334:pound -:pound 11.166666666666666:pound =:pound
EXPR: 0 | POS | FRA | 12 | 10.3333 | 12.3333333333333 | ((2+11.166666666666666)-x)=0.8333333333333334 | 2 11.166666666666666 + x - 0.8333333333333334 = | 2:pound 11.166666666666666:pound +:pound x:pound -:pound 0.8333333333333334:pound =:pound
EXPR: 0 | POS | FRA | 12 | 10.3333 | 12.3333333333333 | (2-(x-11.166666666666666))=0.8333333333333334 | 2 x 11.166666666666666 - - 0.8333333333333334 = | 2:pound x:pound 11.166666666666666:pound -:pound -:pound 0.8333333333333334:pound =:pound
EXPR: 0 | POS | FRA | 12 | 10.3333 | 5.16666666666667 | 11.166666666666666=((x*2)+0.8333333333333334) | 11.166666666666666 x 2 * 0.8333333333333334 + = | 11.166666666666666:pound x:pound 2:piece *:pound 0.8333333333333334:pound +:pound =:pound
EXPR: 0 | POS | FRA | 12 | 10.3333 | 5.16666666666667 | (2*x)=(11.166666666666666-0.8333333333333334) | 2 x * 11.166666666666666 0.8333333333333334 - = | 2:piece x:pound *:pound 11.166666666666666:pound 0.8333333333333334:pound -:pound =:pound
EXPR: 0 | POS | INT | 12 | 10.3333 | 14 | (x-(2+11.166666666666666))=0.8333333333333334 | x 2 11.166666666666666 + - 0.8333333333333334 = | x:pound 2:pound 11.166666666666666:pound +:pound -:pound 0.8333333333333334:pound =:pound
EXPR: 0 | POS | INT | 12 | 10.3333 | 6 | (2*x)=(11.166666666666666+0.8333333333333334) | 2 x * 11.166666666666666 0.8333333333333334 + = | 2:piece x:pound *:pound 11.166666666666666:pound 0.8333333333333334:pound +:pound =:pound
EXPR: 0 | POS | FRA | 12 | 10.3333 | 4.75 | (2*(x+0.8333333333333334))=11.166666666666666 | 2 x 0.8333333333333334 + * 11.166666666666666 = | 2:piece x:pound 0.8333333333333334:pound +:pound *:pound 11.166666666666666:pound =:pound
EXPR: 0 | POS | FRA | 12 | 10.3333 | 0.166666666666667 | 2=(x*(11.166666666666666+0.8333333333333334)) | 2 x 11.166666666666666 0.8333333333333334 + * = | 2:piece x:piece 11.166666666666666:pound 0.8333333333333334:pound +:pound *:piece =:piece
EXPR: 0 | POS | INT | 12 | 10.3333 | 24 | 2=(x/(11.166666666666666+0.8333333333333334)) | 2 x 11.166666666666666 0.8333333333333334 + / = | 2:piece x:piece 11.166666666666666:pound 0.8333333333333334:pound +:pound /:piece =:piece
EXPR: 0 | POS | FRA | 12 | 10.3333 | 1.92537313432836 | ((2-x)*11.166666666666666)=0.8333333333333334 | 2 x - 11.166666666666666 * 0.8333333333333334 = | 2:piece x:piece -:piece 11.166666666666666:pound *:pound 0.8333333333333334:pound =:pound
EXPR: 0 | POS | INT | 12 | 10.3333 | 6 | 11.166666666666666=((2*x)-0.8333333333333334) | 11.166666666666666 2 x * 0.8333333333333334 - = | 11.166666666666666:pound 2:piece x:pound *:pound 0.8333333333333334:pound -:pound =:pound
EXPR: 0 | POS | FRA | 12 | 10.3333 | 5.16666666666667 | 11.166666666666666=((2*x)+0.8333333333333334) | 11.166666666666666 2 x * 0.8333333333333334 + = | 11.166666666666666:pound 2:piece x:pound *:pound 0.8333333333333334:pound +:pound =:pound
EXPR: 0 | POS | FRA | 12 | 10.3333 | 0.193548387096774 | 2=(x*(11.166666666666666-0.8333333333333334)) | 2 x 11.166666666666666 0.8333333333333334 - * = | 2:piece x:piece 11.166666666666666:pound 0.8333333333333334:pound -:pound *:piece =:piece
EXPR: 0 | POS | FRA | 12 | 10.3333 | 6.41666666666667 | (2*(x-0.8333333333333334))=11.166666666666666 | 2 x 0.8333333333333334 - * 11.166666666666666 = | 2:piece x:pound 0.8333333333333334:pound -:pound *:pound 11.166666666666666:pound =:pound
EXPR: 0 | POS | FRA | 12 | 10.3333 | 12.3333333333333 | (2+(11.166666666666666-x))=0.8333333333333334 | 2 11.166666666666666 x - + 0.8333333333333334 = | 2:pound 11.166666666666666:pound x:pound -:pound +:pound 0.8333333333333334:pound =:pound
EXPR: 0 | POS | INT | 12 | 10.3333 | 24 | ((x/2)-0.8333333333333334)=11.166666666666666 | x 2 / 0.8333333333333334 - 11.166666666666666 = | x:pound 2:piece /:pound 0.8333333333333334:pound -:pound 11.166666666666666:pound =:pound
EXPR: 0 | POS | FRA | 12 | 10.3333 | 20.6666666666667 | ((x/2)+0.8333333333333334)=11.166666666666666 | x 2 / 0.8333333333333334 + 11.166666666666666 = | x:pound 2:piece /:pound 0.8333333333333334:pound +:pound 11.166666666666666:pound =:pound
EXPR: 0 | POS | FRA | 12 | 10.3333 | 23.1666666666667 | (2*11.166666666666666)=(x-0.8333333333333334) | 2 11.166666666666666 * x 0.8333333333333334 - = | 2:piece 11.166666666666666:pound *:pound x:pound 0.8333333333333334:pound -:pound =:pound
EXPR: 0 | POS | FRA | 12 | 10.3333 | 21.5 | (2*11.166666666666666)=(x+0.8333333333333334) | 2 11.166666666666666 * x 0.8333333333333334 + = | 2:piece 11.166666666666666:pound *:pound x:pound 0.8333333333333334:pound +:pound =:pound
EXPR: 0 | POS | FRA | 12 | 10.3333 | 20.6666666666667 | 2=(x/(11.166666666666666-0.8333333333333334)) | 2 x 11.166666666666666 0.8333333333333334 - / = | 2:piece x:piece 11.166666666666666:pound 0.8333333333333334:pound -:pound /:piece =:piece
EXPR: 0 | POS | FRA | 12 | 10.3333 | 0.0632911392405063 | ((2+11.166666666666666)*x)=0.8333333333333334 | 2 11.166666666666666 + x * 0.8333333333333334 = | 2:piece 11.166666666666666:piece +:piece x:pound *:pound 0.8333333333333334:pound =:pound
EXPR: 0 | POS | FRA | 12 | 10.3333 | 21.5 | (2*11.166666666666666)=(0.8333333333333334+x) | 2 11.166666666666666 * 0.8333333333333334 x + = | 2:piece 11.166666666666666:pound *:pound 0.8333333333333334:pound x:pound +:pound =:pound
EXPR: 0 | POS | FRA | 12 | 10.3333 | 2.07462686567164 | ((x-2)*11.166666666666666)=0.8333333333333334 | x 2 - 11.166666666666666 * 0.8333333333333334 = | x:piece 2:piece -:piece 11.166666666666666:pound *:pound 0.8333333333333334:pound =:pound
EXPR: 0 | POS | FRA | 12 | 10.3333 | 5.16666666666667 | (11.166666666666666-(2*x))=0.8333333333333334 | 11.166666666666666 2 x * - 0.8333333333333334 = | 11.166666666666666:pound 2:piece x:pound *:pound -:pound 0.8333333333333334:pound =:pound
EXPR: 0 | POS | INT | 12 | 10.3333 | 10 | ((2+x)-11.166666666666666)=0.8333333333333334 | 2 x + 11.166666666666666 - 0.8333333333333334 = | 2:pound x:pound +:pound 11.166666666666666:pound -:pound 0.8333333333333334:pound =:pound
EXPR: 0 | POS | INT | 12 | 10.3333 | 14 | ((x-2)-11.166666666666666)=0.8333333333333334 | x 2 - 11.166666666666666 - 0.8333333333333334 = | x:pound 2:pound -:pound 11.166666666666666:pound -:pound 0.8333333333333334:pound =:pound
EXPR: 0 | POS | INT | 12 | 10.3333 | 24 | (x/2)=(11.166666666666666+0.8333333333333334) | x 2 / 11.166666666666666 0.8333333333333334 + = | x:pound 2:piece /:pound 11.166666666666666:pound 0.8333333333333334:pound +:pound =:pound
EXPR: 0 | POS | FRA | 12 | 10.3333 | 4.75 | ((11.166666666666666/2)-x)=0.8333333333333334 | 11.166666666666666 2 / x - 0.8333333333333334 = | 11.166666666666666:pound 2:piece /:pound x:pound -:pound 0.8333333333333334:pound =:pound
EXPR: 0 | POS | INT | 12 | 10.3333 | 10 | ((x+2)-11.166666666666666)=0.8333333333333334 | x 2 + 11.166666666666666 - 0.8333333333333334 = | x:pound 2:pound +:pound 11.166666666666666:pound -:pound 0.8333333333333334:pound =:pound
EXPR: 0 | POS | INT | 12 | 10.3333 | 10 | (2-(11.166666666666666-x))=0.8333333333333334 | 2 11.166666666666666 x - - 0.8333333333333334 = | 2:pound 11.166666666666666:pound x:pound -:pound -:pound 0.8333333333333334:pound =:pound
EXPR: 0 | POS | INT | 12 | 10.3333 | 6 | 11.166666666666666=((x*2)-0.8333333333333334) | 11.166666666666666 x 2 * 0.8333333333333334 - = | 11.166666666666666:pound x:pound 2:piece *:pound 0.8333333333333334:pound -:pound =:pound
EXPR: 0 | POS | INT | 12 | 10.3333 | 10 | 2=((11.166666666666666-x)+0.8333333333333334) | 2 11.166666666666666 x - 0.8333333333333334 + = | 2:pound 11.166666666666666:pound x:pound -:pound 0.8333333333333334:pound +:pound =:pound
EXPR: 0 | POS | FRA | 12 | 10.3333 | 9.5 | ((2*0.8333333333333334)+x)=11.166666666666666 | 2 0.8333333333333334 * x + 11.166666666666666 = | 2:piece 0.8333333333333334:pound *:pound x:pound +:pound 11.166666666666666:pound =:pound
EXPR: 0 | POS | FRA | 12 | 10.3333 | 5.16666666666667 | (x*2)=(11.166666666666666-0.8333333333333334) | x 2 * 11.166666666666666 0.8333333333333334 - = | x:pound 2:piece *:pound 11.166666666666666:pound 0.8333333333333334:pound -:pound =:pound
EXPR: 0 | POS | FRA | 12 | 10.3333 | 20.6666666666667 | (x/2)=(11.166666666666666-0.8333333333333334) | x 2 / 11.166666666666666 0.8333333333333334 - = | x:pound 2:piece /:pound 11.166666666666666:pound 0.8333333333333334:pound -:pound =:pound
EXPR: 0 | POS | FRA | 12 | 10.3333 | 8.33333333333333 | 2=((11.166666666666666-x)-0.8333333333333334) | 2 11.166666666666666 x - 0.8333333333333334 - = | 2:pound 11.166666666666666:pound x:pound -:pound 0.8333333333333334:pound -:pound =:pound
EXPR: 0 | POS | INT | 12 | 10.3333 | 10 | 2=((11.166666666666666+0.8333333333333334)-x) | 2 11.166666666666666 0.8333333333333334 + x - = | 2:pound 11.166666666666666:pound 0.8333333333333334:pound +:pound x:pound -:pound =:pound
EXPR: 0 | POS | INT | 12 | 10.3333 | 10 | (2+(x-11.166666666666666))=0.8333333333333334 | 2 x 11.166666666666666 - + 0.8333333333333334 = | 2:pound x:pound 11.166666666666666:pound -:pound +:pound 0.8333333333333334:pound =:pound
EXPR: 0 | POS | FRA | 12 | 10.3333 | 9.5 | 11.166666666666666=((2*0.8333333333333334)+x) | 11.166666666666666 2 0.8333333333333334 * x + = | 11.166666666666666:pound 2:piece 0.8333333333333334:pound *:pound x:pound +:pound =:pound
EXPR: 0 | POS | FRA | 12 | 10.3333 | 8.33333333333333 | 2=((11.166666666666666-0.8333333333333334)-x) | 2 11.166666666666666 0.8333333333333334 - x - = | 2:pound 11.166666666666666:pound 0.8333333333333334:pound -:pound x:pound -:pound =:pound
EXPR: 0 | POS | INT | 12 | 10.3333 | 10 | ((2-11.166666666666666)+x)=0.8333333333333334 | 2 11.166666666666666 - x + 0.8333333333333334 = | 2:pound 11.166666666666666:pound -:pound x:pound +:pound 0.8333333333333334:pound =:pound
EXPR: 0 | POS | FRA | 12 | 10.3333 | 10.75 | ((11.166666666666666-x)*2)=0.8333333333333334 | 11.166666666666666 x - 2 * 0.8333333333333334 = | 11.166666666666666:pound x:pound -:pound 2:piece *:pound 0.8333333333333334:pound =:pound
EXPR: 0 | POS | FRA | 12 | 10.3333 | 9.5 | ((11.166666666666666-x)/2)=0.8333333333333334 | 11.166666666666666 x - 2 / 0.8333333333333334 = | 11.166666666666666:pound x:pound -:pound 2:piece /:pound 0.8333333333333334:pound =:pound
EXPR: 0 | POS | INT | 12 | 10.3333 | 6 | ((x*2)-0.8333333333333334)=11.166666666666666 | x 2 * 0.8333333333333334 - 11.166666666666666 = | x:pound 2:piece *:pound 0.8333333333333334:pound -:pound 11.166666666666666:pound =:pound
EXPR: 0 | POS | FRA | 12 | 10.3333 | 5.16666666666667 | ((x*2)+0.8333333333333334)=11.166666666666666 | x 2 * 0.8333333333333334 + 11.166666666666666 = | x:pound 2:piece *:pound 0.8333333333333334:pound +:pound 11.166666666666666:pound =:pound
EXPR: 0 | POS | INT | 12 | 10.3333 | 6 | (x*2)=(11.166666666666666+0.8333333333333334) | x 2 * 11.166666666666666 0.8333333333333334 + = | x:pound 2:piece *:pound 11.166666666666666:pound 0.8333333333333334:pound +:pound =:pound
EXPR: 0 | POS | FRA | 12 | 10.3333 | 20.6666666666667 | (11.166666666666666-(x/2))=0.8333333333333334 | 11.166666666666666 x 2 / - 0.8333333333333334 = | 11.166666666666666:pound x:pound 2:piece /:pound -:pound 0.8333333333333334:pound =:pound
EXPR: 0 | POS | FRA | 12 | 10.3333 | 6.41666666666667 | (x-(11.166666666666666/2))=0.8333333333333334 | x 11.166666666666666 2 / - 0.8333333333333334 = | x:pound 11.166666666666666:pound 2:piece /:pound -:pound 0.8333333333333334:pound =:pound
EXPR: 0 | POS | FRA | 12 | 10.3333 | 9.5 | 11.166666666666666=(x+(2*0.8333333333333334)) | 11.166666666666666 x 2 0.8333333333333334 * + = | 11.166666666666666:pound x:pound 2:piece 0.8333333333333334:pound *:pound +:pound =:pound
EXPR: 0 | POS | FRA | 12 | 10.3333 | 11.5833333333333 | ((x-11.166666666666666)*2)=0.8333333333333334 | x 11.166666666666666 - 2 * 0.8333333333333334 = | x:pound 11.166666666666666:pound -:pound 2:piece *:pound 0.8333333333333334:pound =:pound
EXPR: 0 | POS | FRA | 12 | 10.3333 | 12.8333333333333 | ((x-11.166666666666666)/2)=0.8333333333333334 | x 11.166666666666666 - 2 / 0.8333333333333334 = | x:pound 11.166666666666666:pound -:pound 2:piece /:pound 0.8333333333333334:pound =:pound
EXPR: 0 | POS | FRA | 12 | 10.3333 | 12.3333333333333 | 2=((x-11.166666666666666)+0.8333333333333334) | 2 x 11.166666666666666 - 0.8333333333333334 + = | 2:pound x:pound 11.166666666666666:pound -:pound 0.8333333333333334:pound +:pound =:pound
EXPR: 0 | POS | INT | 12 | 10.3333 | 14 | 2=((x-11.166666666666666)-0.8333333333333334) | 2 x 11.166666666666666 - 0.8333333333333334 - = | 2:pound x:pound 11.166666666666666:pound -:pound 0.8333333333333334:pound -:pound =:pound
EXPR: 0 | POS | FRA | 12 | 10.3333 | 5.16666666666667 | (11.166666666666666-(x*2))=0.8333333333333334 | 11.166666666666666 x 2 * - 0.8333333333333334 = | 11.166666666666666:pound x:pound 2:piece *:pound -:pound 0.8333333333333334:pound =:pound
EXPR: 0 | POS | FRA | 12 | 10.3333 | 12.8333333333333 | 11.166666666666666=(x-(2*0.8333333333333334)) | 11.166666666666666 x 2 0.8333333333333334 * - = | 11.166666666666666:pound x:pound 2:piece 0.8333333333333334:pound *:pound -:pound =:pound
EXPR: 0 | POS | INT | 12 | 10.3333 | 10 | 2=(11.166666666666666+(0.8333333333333334-x)) | 2 11.166666666666666 0.8333333333333334 x - + = | 2:pound 11.166666666666666:pound 0.8333333333333334:pound x:pound -:pound +:pound =:pound
EXPR: 0 | POS | INT | 12 | 10.3333 | 14 | 2=(x-(11.166666666666666+0.8333333333333334)) | 2 x 11.166666666666666 0.8333333333333334 + - = | 2:pound x:pound 11.166666666666666:pound 0.8333333333333334:pound +:pound -:pound =:pound
EXPR: 0 | POS | FRA | 12 | 10.3333 | 4.75 | (2*(0.8333333333333334+x))=11.166666666666666 | 2 0.8333333333333334 x + * 11.166666666666666 = | 2:piece 0.8333333333333334:pound x:pound +:pound *:pound 11.166666666666666:pound =:pound
EXPR: 0 | POS | FRA | 12 | 10.3333 | 8.33333333333333 | 2=(11.166666666666666-(0.8333333333333334+x)) | 2 11.166666666666666 0.8333333333333334 x + - = | 2:pound 11.166666666666666:pound 0.8333333333333334:pound x:pound +:pound -:pound =:pound
EXPR: 0 | POS | FRA | 12 | 10.3333 | 9.5 | (x+(2*0.8333333333333334))=11.166666666666666 | x 2 0.8333333333333334 * + 11.166666666666666 = | x:pound 2:piece 0.8333333333333334:pound *:pound +:pound 11.166666666666666:pound =:pound
EXPR: 0 | POS | FRA | 12 | 10.3333 | 4.75 | 11.166666666666666=(2*(x+0.8333333333333334)) | 11.166666666666666 2 x 0.8333333333333334 + * = | 11.166666666666666:pound 2:piece x:pound 0.8333333333333334:pound +:pound *:pound =:pound
EXPR: 0 | POS | FRA | 12 | 10.3333 | 13.5666666666667 | (2/(x-11.166666666666666))=0.8333333333333334 | 2 x 11.166666666666666 - / 0.8333333333333334 = | 2:piece x:pound 11.166666666666666:pound -:pound /:piece 0.8333333333333334:piece =:piece
EXPR: 0 | POS | FRA | 12 | 10.3333 | 6.41666666666667 | 11.166666666666666=(2*(x-0.8333333333333334)) | 11.166666666666666 2 x 0.8333333333333334 - * = | 11.166666666666666:pound 2:piece x:pound 0.8333333333333334:pound -:pound *:pound =:pound
EXPR: 0 | POS | FRA | 12 | 10.3333 | 20.6666666666667 | 11.166666666666666=((x/2)+0.8333333333333334) | 11.166666666666666 x 2 / 0.8333333333333334 + = | 11.166666666666666:pound x:pound 2:piece /:pound 0.8333333333333334:pound +:pound =:pound
EXPR: 0 | POS | FRA | 12 | 10.3333 | 4.75 | 2=(11.166666666666666/(0.8333333333333334+x)) | 2 11.166666666666666 0.8333333333333334 x + / = | 2:piece 11.166666666666666:piece 0.8333333333333334:pound x:pound +:pound /:piece =:piece
EXPR: 0 | POS | FRA | 12 | 10.3333 | 0.654228855721393 | 2=(11.166666666666666*(0.8333333333333334-x)) | 2 11.166666666666666 0.8333333333333334 x - * = | 2:piece 11.166666666666666:piece 0.8333333333333334:pound x:pound -:pound *:piece =:piece
EXPR: 0 | POS | INT | 12 | 10.3333 | 24 | 11.166666666666666=((x/2)-0.8333333333333334) | 11.166666666666666 x 2 / 0.8333333333333334 - = | 11.166666666666666:pound x:pound 2:piece /:pound 0.8333333333333334:pound -:pound =:pound
EXPR: 0 | POS | FRA | 12 | 10.3333 | 4.75 | 11.166666666666666=(2*(0.8333333333333334+x)) | 11.166666666666666 2 0.8333333333333334 x + * = | 11.166666666666666:pound 2:piece 0.8333333333333334:pound x:pound +:pound *:pound =:pound
EXPR: 0 | POS | FRA | 12 | 10.3333 | 12.3333333333333 | ((2-x)+11.166666666666666)=0.8333333333333334 | 2 x - 11.166666666666666 + 0.8333333333333334 = | 2:pound x:pound -:pound 11.166666666666666:pound +:pound 0.8333333333333334:pound =:pound
EXPR: 0 | POS | FRA | 12 | 10.3333 | 4.75 | 2=(11.166666666666666/(x+0.8333333333333334)) | 2 11.166666666666666 x 0.8333333333333334 + / = | 2:piece 11.166666666666666:piece x:pound 0.8333333333333334:pound +:pound /:piece =:piece
EXPR: 0 | POS | FRA | 12 | 10.3333 | 6.41666666666667 | 2=(11.166666666666666/(x-0.8333333333333334)) | 2 11.166666666666666 x 0.8333333333333334 - / = | 2:piece 11.166666666666666:piece x:pound 0.8333333333333334:pound -:pound /:piece =:piece
EXPR: 0 | POS | FRA | 12 | 10.3333 | 8.33333333333333 | 2=(11.166666666666666-(x+0.8333333333333334)) | 2 11.166666666666666 x 0.8333333333333334 + - = | 2:pound 11.166666666666666:pound x:pound 0.8333333333333334:pound +:pound -:pound =:pound
EXPR: 0 | POS | FRA | 12 | 10.3333 | 12.3333333333333 | 2=(x-(11.166666666666666-0.8333333333333334)) | 2 x 11.166666666666666 0.8333333333333334 - - = | 2:pound x:pound 11.166666666666666:pound 0.8333333333333334:pound -:pound -:pound =:pound
EXPR: 0 | POS | FRA | 12 | 10.3333 | 12.8333333333333 | (x-(2*0.8333333333333334))=11.166666666666666 | x 2 0.8333333333333334 * - 11.166666666666666 = | x:pound 2:piece 0.8333333333333334:pound *:pound -:pound 11.166666666666666:pound =:pound
EXPR: 0 | POS | FRA | 12 | 10.3333 | 13.5666666666667 | 2=((x-11.166666666666666)*0.8333333333333334) | 2 x 11.166666666666666 - 0.8333333333333334 * = | 2:piece x:pound 11.166666666666666:pound -:pound 0.8333333333333334:piece *:piece =:piece
EXPR: 0 | POS | INT | 12 | 10.3333 | 10 | 2=(11.166666666666666-(x-0.8333333333333334)) | 2 11.166666666666666 x 0.8333333333333334 - - = | 2:pound 11.166666666666666:pound x:pound 0.8333333333333334:pound -:pound -:pound =:pound
EXPR: 0 | POS | FRA | 12 | 10.3333 | 1.01243781094527 | 2=(11.166666666666666*(x-0.8333333333333334)) | 2 11.166666666666666 x 0.8333333333333334 - * = | 2:piece 11.166666666666666:piece x:pound 0.8333333333333334:pound -:pound *:piece =:piece
EXPR: 0 | POS | FRA | 12 | 10.3333 | 0.166666666666667 | 2=((11.166666666666666+0.8333333333333334)*x) | 2 11.166666666666666 0.8333333333333334 + x * = | 2:piece 11.166666666666666:pound 0.8333333333333334:pound +:pound x:piece *:piece =:piece
EXPR: 0 | POS | FRA | 12 | 10.3333 | 8.76666666666667 | 2=((11.166666666666666-x)*0.8333333333333334) | 2 11.166666666666666 x - 0.8333333333333334 * = | 2:piece 11.166666666666666:pound x:pound -:pound 0.8333333333333334:piece *:piece =:piece
EXPR: 0 | POS | FRA | 12 | 10.3333 | 0.193548387096774 | 2=((11.166666666666666-0.8333333333333334)*x) | 2 11.166666666666666 0.8333333333333334 - x * = | 2:piece 11.166666666666666:pound 0.8333333333333334:pound -:pound x:piece *:piece =:piece
EXPR: 0 | POS | FRA | 20 | 10.3333 | 31.6388888888889 | x=((2+0.8333333333333334)*11.166666666666666) | x 2 0.8333333333333334 + 11.166666666666666 * = | x:pound 2:piece 0.8333333333333334:piece +:piece 11.166666666666666:pound *:pound =:pound
EXPR: 0 | POS | FRA | 20 | 10.3333 | 13.0277777777778 | x=((2-0.8333333333333334)*11.166666666666666) | x 2 0.8333333333333334 - 11.166666666666666 * = | x:pound 2:piece 0.8333333333333334:piece -:piece 11.166666666666666:pound *:pound =:pound
EXPR: 0 | POS | FRA | 20 | 10.3333 | 31.6388888888889 | ((2+0.8333333333333334)*11.166666666666666)=x | 2 0.8333333333333334 + 11.166666666666666 * x = | 2:piece 0.8333333333333334:piece +:piece 11.166666666666666:pound *:pound x:pound =:pound
EXPR: 0 | POS | FRA | 20 | 10.3333 | 7.63888888888889 | ((11.166666666666666-2)*0.8333333333333334)=x | 11.166666666666666 2 - 0.8333333333333334 * x = | 11.166666666666666:piece 2:piece -:piece 0.8333333333333334:pound *:pound x:pound =:pound
EXPR: 0 | POS | FRA | 20 | 10.3333 | 11.3055555555556 | (2+(11.166666666666666*0.8333333333333334))=x | 2 11.166666666666666 0.8333333333333334 * + x = | 2:piece 11.166666666666666:pound 0.8333333333333334:piece *:piece +:piece x:piece =:piece
EXPR: 0 | POS | FRA | 20 | 10.3333 | 15.8 | ((2+11.166666666666666)/0.8333333333333334)=x | 2 11.166666666666666 + 0.8333333333333334 / x = | 2:piece 11.166666666666666:piece +:piece 0.8333333333333334:pound /:piece x:piece =:piece
EXPR: 0 | POS | INT | 20 | 10.3333 | 14 | ((2+0.8333333333333334)+11.166666666666666)=x | 2 0.8333333333333334 + 11.166666666666666 + x = | 2:pound 0.8333333333333334:pound +:pound 11.166666666666666:pound +:pound x:pound =:pound
EXPR: 0 | POS | FRA | 20 | 10.3333 | 12.3333333333333 | (2-(0.8333333333333334-11.166666666666666))=x | 2 0.8333333333333334 11.166666666666666 - - x = | 2:pound 0.8333333333333334:pound 11.166666666666666:pound -:pound -:pound x:pound =:pound
EXPR: 0 | POS | FRA | 20 | 10.3333 | 8.33333333333333 | x=(11.166666666666666-(2+0.8333333333333334)) | x 11.166666666666666 2 0.8333333333333334 + - = | x:pound 11.166666666666666:pound 2:pound 0.8333333333333334:pound +:pound -:pound =:pound
EXPR: 0 | POS | FRA | 20 | 10.3333 | 15.8 | x=((2+11.166666666666666)/0.8333333333333334) | x 2 11.166666666666666 + 0.8333333333333334 / = | x:piece 2:piece 11.166666666666666:piece +:piece 0.8333333333333334:pound /:piece =:piece
EXPR: 0 | POS | INT | 20 | 10.3333 | 10 | (11.166666666666666-(2-0.8333333333333334))=x | 11.166666666666666 2 0.8333333333333334 - - x = | 11.166666666666666:pound 2:pound 0.8333333333333334:pound -:pound -:pound x:pound =:pound
EXPR: 0 | POS | FRA | 20 | 10.3333 | 13.0277777777778 | ((2-0.8333333333333334)*11.166666666666666)=x | 2 0.8333333333333334 - 11.166666666666666 * x = | 2:piece 0.8333333333333334:piece -:piece 11.166666666666666:pound *:pound x:pound =:pound
EXPR: 0 | POS | FRA | 20 | 10.3333 | 1.01243781094527 | x=((2/11.166666666666666)+0.8333333333333334) | x 2 11.166666666666666 / 0.8333333333333334 + = | x:pound 2:pound 11.166666666666666:piece /:pound 0.8333333333333334:pound +:pound =:pound
EXPR: 0 | POS | FRA | 20 | 10.3333 | 3.94117647058824 | x=(11.166666666666666/(2+0.8333333333333334)) | x 11.166666666666666 2 0.8333333333333334 + / = | x:pound 11.166666666666666:pound 2:piece 0.8333333333333334:piece +:piece /:pound =:pound
EXPR: 0 | POS | FRA | 20 | 10.3333 | 9.57142857142857 | x=(11.166666666666666/(2-0.8333333333333334)) | x 11.166666666666666 2 0.8333333333333334 - / = | x:pound 11.166666666666666:pound 2:piece 0.8333333333333334:piece -:piece /:pound =:pound
EXPR: 0 | POS | FRA | 20 | 10.3333 | 31.6388888888889 | x=(11.166666666666666*(2+0.8333333333333334)) | x 11.166666666666666 2 0.8333333333333334 + * = | x:pound 11.166666666666666:pound 2:piece 0.8333333333333334:piece +:piece *:pound =:pound
EXPR: 0 | POS | FRA | 20 | 10.3333 | 1.01243781094527 | ((2/11.166666666666666)+0.8333333333333334)=x | 2 11.166666666666666 / 0.8333333333333334 + x = | 2:piece 11.166666666666666:pound /:piece 0.8333333333333334:piece +:piece x:piece =:piece
EXPR: 0 | POS | INT | 20 | 10.3333 | 10 | x=(11.166666666666666-(2-0.8333333333333334)) | x 11.166666666666666 2 0.8333333333333334 - - = | x:pound 11.166666666666666:pound 2:pound 0.8333333333333334:pound -:pound -:pound =:pound
EXPR: 0 | POS | FRA | 20 | 10.3333 | 13.0277777777778 | (11.166666666666666*(2-0.8333333333333334))=x | 11.166666666666666 2 0.8333333333333334 - * x = | 11.166666666666666:pound 2:piece 0.8333333333333334:piece -:piece *:pound x:pound =:pound
EXPR: 0 | POS | FRA | 20 | 10.3333 | 9.57142857142857 | (11.166666666666666/(2-0.8333333333333334))=x | 11.166666666666666 2 0.8333333333333334 - / x = | 11.166666666666666:pound 2:piece 0.8333333333333334:piece -:piece /:pound x:pound =:pound
EXPR: 0 | POS | INT | 20 | 10.3333 | 14 | x=((2+0.8333333333333334)+11.166666666666666) | x 2 0.8333333333333334 + 11.166666666666666 + = | x:pound 2:pound 0.8333333333333334:pound +:pound 11.166666666666666:pound +:pound =:pound
EXPR: 0 | POS | FRA | 20 | 10.3333 | 12.3333333333333 | x=((2-0.8333333333333334)+11.166666666666666) | x 2 0.8333333333333334 - 11.166666666666666 + = | x:pound 2:pound 0.8333333333333334:pound -:pound 11.166666666666666:pound +:pound =:pound
EXPR: 0 | POS | FRA | 20 | 10.3333 | 12.3333333333333 | x=(2-(0.8333333333333334-11.166666666666666)) | x 2 0.8333333333333334 11.166666666666666 - - = | x:pound 2:pound 0.8333333333333334:pound 11.166666666666666:pound -:pound -:pound =:pound
EXPR: 0 | POS | FRA | 20 | 10.3333 | 15.4 | (2+(11.166666666666666/0.8333333333333334))=x | 2 11.166666666666666 0.8333333333333334 / + x = | 2:piece 11.166666666666666:piece 0.8333333333333334:pound /:piece +:piece x:piece =:piece
EXPR: 0 | POS | FRA | 20 | 10.3333 | 12.3333333333333 | x=(11.166666666666666+(2-0.8333333333333334)) | x 11.166666666666666 2 0.8333333333333334 - + = | x:pound 11.166666666666666:pound 2:pound 0.8333333333333334:pound -:pound +:pound =:pound
EXPR: 0 | POS | FRA | 20 | 10.3333 | 13.0277777777778 | x=(11.166666666666666*(2-0.8333333333333334)) | x 11.166666666666666 2 0.8333333333333334 - * = | x:pound 11.166666666666666:pound 2:piece 0.8333333333333334:piece -:piece *:pound =:pound
EXPR: 0 | POS | INT | 20 | 10.3333 | 14 | x=(11.166666666666666+(2+0.8333333333333334)) | x 11.166666666666666 2 0.8333333333333334 + + = | x:pound 11.166666666666666:pound 2:pound 0.8333333333333334:pound +:pound +:pound =:pound
EXPR: 0 | POS | FRA | 20 | 10.3333 | 11.3055555555556 | x=(2+(11.166666666666666*0.8333333333333334)) | x 2 11.166666666666666 0.8333333333333334 * + = | x:pound 2:pound 11.166666666666666:piece 0.8333333333333334:pound *:pound +:pound =:pound
EXPR: 0 | POS | FRA | 20 | 10.3333 | 8.33333333333333 | (11.166666666666666-(2+0.8333333333333334))=x | 11.166666666666666 2 0.8333333333333334 + - x = | 11.166666666666666:pound 2:pound 0.8333333333333334:pound +:pound -:pound x:pound =:pound
EXPR: 0 | POS | FRA | 20 | 10.3333 | 15.4 | x=(2+(11.166666666666666/0.8333333333333334)) | x 2 11.166666666666666 0.8333333333333334 / + = | x:piece 2:piece 11.166666666666666:piece 0.8333333333333334:pound /:piece +:piece =:piece
EXPR: 0 | POS | INT | 20 | 10.3333 | 14 | (11.166666666666666+(2+0.8333333333333334))=x | 11.166666666666666 2 0.8333333333333334 + + x = | 11.166666666666666:pound 2:pound 0.8333333333333334:pound +:pound +:pound x:pound =:pound
EXPR: 0 | POS | FRA | 20 | 10.3333 | 31.6388888888889 | (11.166666666666666*(2+0.8333333333333334))=x | 11.166666666666666 2 0.8333333333333334 + * x = | 11.166666666666666:pound 2:piece 0.8333333333333334:piece +:piece *:pound x:pound =:pound
EXPR: 0 | POS | FRA | 20 | 10.3333 | 3.94117647058824 | (11.166666666666666/(2+0.8333333333333334))=x | 11.166666666666666 2 0.8333333333333334 + / x = | 11.166666666666666:pound 2:piece 0.8333333333333334:piece +:piece /:pound x:pound =:pound
EXPR: 0 | POS | FRA | 20 | 10.3333 | 12.3333333333333 | (11.166666666666666+(2-0.8333333333333334))=x | 11.166666666666666 2 0.8333333333333334 - + x = | 11.166666666666666:pound 2:pound 0.8333333333333334:pound -:pound +:pound x:pound =:pound
EXPR: 0 | POS | INT | 20 | 10.3333 | 10 | x=((11.166666666666666-2)+0.8333333333333334) | x 11.166666666666666 2 - 0.8333333333333334 + = | x:pound 11.166666666666666:pound 2:pound -:pound 0.8333333333333334:pound +:pound =:pound
EXPR: 0 | POS | FRA | 20 | 10.3333 | 7.63888888888889 | x=((11.166666666666666-2)*0.8333333333333334) | x 11.166666666666666 2 - 0.8333333333333334 * = | x:pound 11.166666666666666:piece 2:piece -:piece 0.8333333333333334:pound *:pound =:pound
EXPR: 0 | POS | FRA | 20 | 10.3333 | 12.3333333333333 | ((2-0.8333333333333334)+11.166666666666666)=x | 2 0.8333333333333334 - 11.166666666666666 + x = | 2:pound 0.8333333333333334:pound -:pound 11.166666666666666:pound +:pound x:pound =:pound
EXPR: 0 | POS | FRA | 20 | 10.3333 | 8.33333333333333 | x=((11.166666666666666-2)-0.8333333333333334) | x 11.166666666666666 2 - 0.8333333333333334 - = | x:pound 11.166666666666666:pound 2:pound -:pound 0.8333333333333334:pound -:pound =:pound
EXPR: 0 | POS | INT | 20 | 10.3333 | 10 | ((11.166666666666666-2)+0.8333333333333334)=x | 11.166666666666666 2 - 0.8333333333333334 + x = | 11.166666666666666:pound 2:pound -:pound 0.8333333333333334:pound +:pound x:pound =:pound
EXPR: 0 | POS | FRA | 20 | 10.3333 | 8.33333333333333 | ((11.166666666666666-2)-0.8333333333333334)=x | 11.166666666666666 2 - 0.8333333333333334 - x = | 11.166666666666666:pound 2:pound -:pound 0.8333333333333334:pound -:pound x:pound =:pound
EXPR: 0 | POS | FRA | 22 | 10.3333 | 12.8333333333333 | 2=((x-11.166666666666666)/0.8333333333333334) | 2 x 11.166666666666666 - 0.8333333333333334 / = | 2:piece x:piece 11.166666666666666:piece -:piece 0.8333333333333334:pound /:piece =:piece
EXPR: 0 | POS | FRA | 22 | 10.3333 | 8.33333333333333 | ((2+x)+0.8333333333333334)=11.166666666666666 | 2 x + 0.8333333333333334 + 11.166666666666666 = | 2:pound x:pound +:pound 0.8333333333333334:pound +:pound 11.166666666666666:pound =:pound
EXPR: 0 | POS | FRA | 22 | 10.3333 | 12.3333333333333 | (x-(2-0.8333333333333334))=11.166666666666666 | x 2 0.8333333333333334 - - 11.166666666666666 = | x:pound 2:pound 0.8333333333333334:pound -:pound -:pound 11.166666666666666:pound =:pound
EXPR: 0 | POS | INT | 22 | 10.3333 | 10 | (x+(2-0.8333333333333334))=11.166666666666666 | x 2 0.8333333333333334 - + 11.166666666666666 = | x:pound 2:pound 0.8333333333333334:pound -:pound +:pound 11.166666666666666:pound =:pound
EXPR: 0 | POS | FRA | 22 | 10.3333 | 8.33333333333333 | ((2+0.8333333333333334)+x)=11.166666666666666 | 2 0.8333333333333334 + x + 11.166666666666666 = | 2:pound 0.8333333333333334:pound +:pound x:pound +:pound 11.166666666666666:pound =:pound
EXPR: 0 | POS | FRA | 22 | 10.3333 | 0.0909090909090909 | (x*(11.166666666666666-2))=0.8333333333333334 | x 11.166666666666666 2 - * 0.8333333333333334 = | x:pound 11.166666666666666:piece 2:piece -:piece *:pound 0.8333333333333334:pound =:pound
EXPR: 0 | POS | FRA | 22 | 10.3333 | 7.63888888888889 | (x/(11.166666666666666-2))=0.8333333333333334 | x 11.166666666666666 2 - / 0.8333333333333334 = | x:pound 11.166666666666666:piece 2:piece -:piece /:pound 0.8333333333333334:pound =:pound
EXPR: 0 | POS | FRA | 22 | 10.3333 | 11.4 | ((x+2)*0.8333333333333334)=11.166666666666666 | x 2 + 0.8333333333333334 * 11.166666666666666 = | x:piece 2:piece +:piece 0.8333333333333334:pound *:pound 11.166666666666666:pound =:pound
EXPR: 0 | POS | FRA | 22 | 10.3333 | 13.0277777777778 | (2-(x/11.166666666666666))=0.8333333333333334 | 2 x 11.166666666666666 / - 0.8333333333333334 = | 2:pound x:pound 11.166666666666666:piece /:pound -:pound 0.8333333333333334:pound =:pound
EXPR: 0 | POS | FRA | 22 | 10.3333 | 0.0909090909090909 | ((11.166666666666666-2)*x)=0.8333333333333334 | 11.166666666666666 2 - x * 0.8333333333333334 = | 11.166666666666666:piece 2:piece -:piece x:pound *:pound 0.8333333333333334:pound =:pound
EXPR: 0 | POS | FRA | 22 | 10.3333 | 11.4 | ((2+x)*0.8333333333333334)=11.166666666666666 | 2 x + 0.8333333333333334 * 11.166666666666666 = | 2:piece x:piece +:piece 0.8333333333333334:pound *:pound 11.166666666666666:pound =:pound
EXPR: 0 | POS | FRA | 22 | 10.3333 | 0.104477611940299 | (2-(11.166666666666666*x))=0.8333333333333334 | 2 11.166666666666666 x * - 0.8333333333333334 = | 2:pound 11.166666666666666:piece x:pound *:pound -:pound 0.8333333333333334:pound =:pound
EXPR: 0 | POS | INT | 22 | 10.3333 | 14 | (x-(2+0.8333333333333334))=11.166666666666666 | x 2 0.8333333333333334 + - 11.166666666666666 = | x:pound 2:pound 0.8333333333333334:pound +:pound -:pound 11.166666666666666:pound =:pound
EXPR: 0 | POS | FRA | 22 | 10.3333 | 0.253731343283582 | 2=((11.166666666666666*x)-0.8333333333333334) | 2 11.166666666666666 x * 0.8333333333333334 - = | 2:pound 11.166666666666666:piece x:pound *:pound 0.8333333333333334:pound -:pound =:pound
EXPR: 0 | POS | FRA | 22 | 10.3333 | 0.104477611940299 | 2=((11.166666666666666*x)+0.8333333333333334) | 2 11.166666666666666 x * 0.8333333333333334 + = | 2:pound 11.166666666666666:piece x:pound *:pound 0.8333333333333334:pound +:pound =:pound
EXPR: 0 | POS | FRA | 22 | 10.3333 | 0.654228855721393 | ((2/11.166666666666666)+x)=0.8333333333333334 | 2 11.166666666666666 / x + 0.8333333333333334 = | 2:pound 11.166666666666666:piece /:pound x:pound +:pound 0.8333333333333334:pound =:pound
EXPR: 0 | POS | FRA | 22 | 10.3333 | 8.33333333333333 | (11.166666666666666-(2+x))=0.8333333333333334 | 11.166666666666666 2 x + - 0.8333333333333334 = | 11.166666666666666:pound 2:pound x:pound +:pound -:pound 0.8333333333333334:pound =:pound
EXPR: 0 | POS | FRA | 22 | 10.3333 | 3.94117647058824 | ((2+0.8333333333333334)*x)=11.166666666666666 | 2 0.8333333333333334 + x * 11.166666666666666 = | 2:piece 0.8333333333333334:piece +:piece x:pound *:pound 11.166666666666666:pound =:pound
EXPR: 0 | POS | FRA | 22 | 10.3333 | 11.3055555555556 | 2=(x-(11.166666666666666*0.8333333333333334)) | 2 x 11.166666666666666 0.8333333333333334 * - = | 2:piece x:piece 11.166666666666666:piece 0.8333333333333334:pound *:piece -:piece =:piece
EXPR: 0 | POS | INT | 22 | 10.3333 | 6 | 2=((11.166666666666666+0.8333333333333334)/x) | 2 11.166666666666666 0.8333333333333334 + x / = | 2:piece 11.166666666666666:piece 0.8333333333333334:piece +:piece x:pound /:piece =:piece
EXPR: 0 | POS | FRA | 22 | 10.3333 | 5.16666666666667 | 2=((11.166666666666666-0.8333333333333334)/x) | 2 11.166666666666666 0.8333333333333334 - x / = | 2:piece 11.166666666666666:piece 0.8333333333333334:piece -:piece x:pound /:piece =:piece
EXPR: 0 | POS | INT | 22 | 10.3333 | 10 | ((x+2)-0.8333333333333334)=11.166666666666666 | x 2 + 0.8333333333333334 - 11.166666666666666 = | x:pound 2:pound +:pound 0.8333333333333334:pound -:pound 11.166666666666666:pound =:pound
EXPR: 0 | POS | INT | 22 | 10.3333 | 10 | (2-(0.8333333333333334-x))=11.166666666666666 | 2 0.8333333333333334 x - - 11.166666666666666 = | 2:pound 0.8333333333333334:pound x:pound -:pound -:pound 11.166666666666666:pound =:pound
EXPR: 0 | POS | FRA | 22 | 10.3333 | 13.0277777777778 | 2=((x/11.166666666666666)+0.8333333333333334) | 2 x 11.166666666666666 / 0.8333333333333334 + = | 2:pound x:pound 11.166666666666666:piece /:pound 0.8333333333333334:pound +:pound =:pound
EXPR: 0 | POS | FRA | 22 | 10.3333 | 15.4 | ((x-2)*0.8333333333333334)=11.166666666666666 | x 2 - 0.8333333333333334 * 11.166666666666666 = | x:piece 2:piece -:piece 0.8333333333333334:pound *:pound 11.166666666666666:pound =:pound
EXPR: 0 | POS | FRA | 22 | 10.3333 | 9.57142857142857 | (2-(11.166666666666666/x))=0.8333333333333334 | 2 11.166666666666666 x / - 0.8333333333333334 = | 2:piece 11.166666666666666:piece x:pound /:piece -:piece 0.8333333333333334:piece =:piece
EXPR: 0 | POS | FRA | 22 | 10.3333 | 8.33333333333333 | ((x+2)+0.8333333333333334)=11.166666666666666 | x 2 + 0.8333333333333334 + 11.166666666666666 = | x:pound 2:pound +:pound 0.8333333333333334:pound +:pound 11.166666666666666:pound =:pound
EXPR: 0 | POS | INT | 22 | 10.3333 | 11 | 2=(11.166666666666666-(x*0.8333333333333334)) | 2 11.166666666666666 x 0.8333333333333334 * - = | 2:piece 11.166666666666666:piece x:pound 0.8333333333333334:piece *:piece -:piece =:piece
EXPR: 0 | POS | FRA | 22 | 10.3333 | 12.8333333333333 | (2*0.8333333333333334)=(x-11.166666666666666) | 2 0.8333333333333334 * x 11.166666666666666 - = | 2:piece 0.8333333333333334:pound *:pound x:pound 11.166666666666666:pound -:pound =:pound
EXPR: 0 | POS | INT | 22 | 10.3333 | 14 | ((x-2)-0.8333333333333334)=11.166666666666666 | x 2 - 0.8333333333333334 - 11.166666666666666 = | x:pound 2:pound -:pound 0.8333333333333334:pound -:pound 11.166666666666666:pound =:pound
EXPR: 0 | POS | FRA | 22 | 10.3333 | 12.3333333333333 | ((x-2)+0.8333333333333334)=11.166666666666666 | x 2 - 0.8333333333333334 + 11.166666666666666 = | x:pound 2:pound -:pound 0.8333333333333334:pound +:pound 11.166666666666666:pound =:pound
EXPR: 0 | POS | FRA | 22 | 10.3333 | 31.6388888888889 | 2=((x/11.166666666666666)-0.8333333333333334) | 2 x 11.166666666666666 / 0.8333333333333334 - = | 2:pound x:pound 11.166666666666666:piece /:pound 0.8333333333333334:pound -:pound =:pound
EXPR: 0 | POS | FRA | 22 | 10.3333 | 0.104477611940299 | 2=((x*11.166666666666666)+0.8333333333333334) | 2 x 11.166666666666666 * 0.8333333333333334 + = | 2:pound x:pound 11.166666666666666:piece *:pound 0.8333333333333334:pound +:pound =:pound
EXPR: 0 | POS | FRA | 22 | 10.3333 | 3.94117647058824 | 2=((11.166666666666666/x)-0.8333333333333334) | 2 11.166666666666666 x / 0.8333333333333334 - = | 2:pound 11.166666666666666:pound x:piece /:pound 0.8333333333333334:pound -:pound =:pound
EXPR: 0 | POS | FRA | 22 | 10.3333 | 9.57142857142857 | 2=((11.166666666666666/x)+0.8333333333333334) | 2 11.166666666666666 x / 0.8333333333333334 + = | 2:pound 11.166666666666666:pound x:piece /:pound 0.8333333333333334:pound +:pound =:pound
EXPR: 0 | POS | FRA | 22 | 10.3333 | 6.7 | (x*2)=(11.166666666666666/0.8333333333333334) | x 2 * 11.166666666666666 0.8333333333333334 / = | x:pound 2:piece *:piece 11.166666666666666:piece 0.8333333333333334:pound /:piece =:piece
EXPR: 0 | POS | INT | 22 | 10.3333 | 10 | (x-(11.166666666666666-2))=0.8333333333333334 | x 11.166666666666666 2 - - 0.8333333333333334 = | x:pound 11.166666666666666:pound 2:pound -:pound -:pound 0.8333333333333334:pound =:pound
EXPR: 0 | POS | FRA | 22 | 10.3333 | 8.33333333333333 | (x+2)=(11.166666666666666-0.8333333333333334) | x 2 + 11.166666666666666 0.8333333333333334 - = | x:pound 2:pound +:pound 11.166666666666666:pound 0.8333333333333334:pound -:pound =:pound
EXPR: 0 | POS | FRA | 22 | 10.3333 | 0.253731343283582 | 2=((x*11.166666666666666)-0.8333333333333334) | 2 x 11.166666666666666 * 0.8333333333333334 - = | 2:pound x:pound 11.166666666666666:piece *:pound 0.8333333333333334:pound -:pound =:pound
EXPR: 0 | POS | FRA | 22 | 10.3333 | 9.5 | 2=((11.166666666666666-x)/0.8333333333333334) | 2 11.166666666666666 x - 0.8333333333333334 / = | 2:piece 11.166666666666666:piece x:piece -:piece 0.8333333333333334:pound /:piece =:piece
EXPR: 0 | POS | FRA | 22 | 10.3333 | 8.33333333333333 | (2+(0.8333333333333334+x))=11.166666666666666 | 2 0.8333333333333334 x + + 11.166666666666666 = | 2:pound 0.8333333333333334:pound x:pound +:pound +:pound 11.166666666666666:pound =:pound
EXPR: 0 | POS | FRA | 22 | 10.3333 | 12.3333333333333 | (11.166666666666666-(x-2))=0.8333333333333334 | 11.166666666666666 x 2 - - 0.8333333333333334 = | 11.166666666666666:pound x:pound 2:pound -:pound -:pound 0.8333333333333334:pound =:pound
EXPR: 0 | POS | FRA | 22 | 10.3333 | 7.30555555555556 | 2=((11.166666666666666*0.8333333333333334)-x) | 2 11.166666666666666 0.8333333333333334 * x - = | 2:pound 11.166666666666666:piece 0.8333333333333334:pound *:pound x:pound -:pound =:pound
EXPR: 0 | POS | FRA | 22 | 10.3333 | 12.3333333333333 | (x-2)=(11.166666666666666-0.8333333333333334) | x 2 - 11.166666666666666 0.8333333333333334 - = | x:pound 2:pound -:pound 11.166666666666666:pound 0.8333333333333334:pound -:pound =:pound
EXPR: 0 | POS | INT | 22 | 10.3333 | 10 | 11.166666666666666=((2+x)-0.8333333333333334) | 11.166666666666666 2 x + 0.8333333333333334 - = | 11.166666666666666:pound 2:pound x:pound +:pound 0.8333333333333334:pound -:pound =:pound
EXPR: 0 | POS | FRA | 22 | 10.3333 | 11.4 | (11.166666666666666/(x+2))=0.8333333333333334 | 11.166666666666666 x 2 + / 0.8333333333333334 = | 11.166666666666666:pound x:piece 2:piece +:piece /:pound 0.8333333333333334:pound =:pound
EXPR: 0 | POS | FRA | 22 | 10.3333 | 12.3333333333333 | 2=((x+0.8333333333333334)-11.166666666666666) | 2 x 0.8333333333333334 + 11.166666666666666 - = | 2:pound x:pound 0.8333333333333334:pound +:pound 11.166666666666666:pound -:pound =:pound
EXPR: 0 | POS | FRA | 22 | 10.3333 | 11.3055555555556 | ((x-2)/11.166666666666666)=0.8333333333333334 | x 2 - 11.166666666666666 / 0.8333333333333334 = | x:pound 2:pound -:pound 11.166666666666666:piece /:pound 0.8333333333333334:pound =:pound
EXPR: 0 | POS | INT | 22 | 10.3333 | 10 | (x+2)=(11.166666666666666+0.8333333333333334) | x 2 + 11.166666666666666 0.8333333333333334 + = | x:pound 2:pound +:pound 11.166666666666666:pound 0.8333333333333334:pound +:pound =:pound
EXPR: 0 | POS | FRA | 22 | 10.3333 | 9.5 | (11.166666666666666-x)=(2*0.8333333333333334) | 11.166666666666666 x - 2 0.8333333333333334 * = | 11.166666666666666:pound x:pound -:pound 2:piece 0.8333333333333334:pound *:pound =:pound
EXPR: 0 | POS | FRA | 22 | 10.3333 | 8.33333333333333 | 11.166666666666666=((2+x)+0.8333333333333334) | 11.166666666666666 2 x + 0.8333333333333334 + = | 11.166666666666666:pound 2:pound x:pound +:pound 0.8333333333333334:pound +:pound =:pound
EXPR: 0 | POS | FRA | 22 | 10.3333 | 0.104477611940299 | (2-(x*11.166666666666666))=0.8333333333333334 | 2 x 11.166666666666666 * - 0.8333333333333334 = | 2:piece x:piece 11.166666666666666:pound *:piece -:piece 0.8333333333333334:piece =:piece
EXPR: 0 | POS | INT | 22 | 10.3333 | 14 | ((x-11.166666666666666)-2)=0.8333333333333334 | x 11.166666666666666 - 2 - 0.8333333333333334 = | x:pound 11.166666666666666:pound -:pound 2:pound -:pound 0.8333333333333334:pound =:pound
EXPR: 0 | POS | INT | 22 | 10.3333 | 10 | ((x-11.166666666666666)+2)=0.8333333333333334 | x 11.166666666666666 - 2 + 0.8333333333333334 = | x:pound 11.166666666666666:pound -:pound 2:pound +:pound 0.8333333333333334:pound =:pound
EXPR: 0 | POS | FRA | 22 | 10.3333 | 12.3333333333333 | 2=((0.8333333333333334+x)-11.166666666666666) | 2 0.8333333333333334 x + 11.166666666666666 - = | 2:pound 0.8333333333333334:pound x:pound +:pound 11.166666666666666:pound -:pound =:pound
EXPR: 0 | POS | FRA | 22 | 10.3333 | 15.8 | ((2+11.166666666666666)/x)=0.8333333333333334 | 2 11.166666666666666 + x / 0.8333333333333334 = | 2:piece 11.166666666666666:piece +:piece x:pound /:piece 0.8333333333333334:piece =:piece
EXPR: 0 | POS | FRA | 22 | 10.3333 | 7.30555555555556 | ((2+x)/11.166666666666666)=0.8333333333333334 | 2 x + 11.166666666666666 / 0.8333333333333334 = | 2:piece x:piece +:piece 11.166666666666666:pound /:piece 0.8333333333333334:piece =:piece
EXPR: 0 | POS | INT | 22 | 10.3333 | 10 | ((2+x)-0.8333333333333334)=11.166666666666666 | 2 x + 0.8333333333333334 - 11.166666666666666 = | 2:pound x:pound +:pound 0.8333333333333334:pound -:pound 11.166666666666666:pound =:pound
EXPR: 0 | POS | FRA | 22 | 10.3333 | 4.65277777777778 | (2*x)=(11.166666666666666*0.8333333333333334) | 2 x * 11.166666666666666 0.8333333333333334 * = | 2:piece x:pound *:pound 11.166666666666666:piece 0.8333333333333334:pound *:pound =:pound
EXPR: 0 | POS | FRA | 22 | 10.3333 | 26.8 | (2*11.166666666666666)=(x*0.8333333333333334) | 2 11.166666666666666 * x 0.8333333333333334 * = | 2:piece 11.166666666666666:pound *:pound x:piece 0.8333333333333334:pound *:pound =:pound
EXPR: 0 | POS | INT | 22 | 10.3333 | 14 | (x-2)=(11.166666666666666+0.8333333333333334) | x 2 - 11.166666666666666 0.8333333333333334 + = | x:pound 2:pound -:pound 11.166666666666666:pound 0.8333333333333334:pound +:pound =:pound
EXPR: 0 | POS | FRA | 22 | 10.3333 | 9.57142857142857 | (x*(2-0.8333333333333334))=11.166666666666666 | x 2 0.8333333333333334 - * 11.166666666666666 = | x:pound 2:piece 0.8333333333333334:piece -:piece *:pound 11.166666666666666:pound =:pound
EXPR: 0 | POS | FRA | 22 | 10.3333 | 9.57142857142857 | ((2-0.8333333333333334)*x)=11.166666666666666 | 2 0.8333333333333334 - x * 11.166666666666666 = | 2:piece 0.8333333333333334:piece -:piece x:pound *:pound 11.166666666666666:pound =:pound
EXPR: 0 | POS | FRA | 22 | 10.3333 | 4.65277777777778 | (x*2)=(11.166666666666666*0.8333333333333334) | x 2 * 11.166666666666666 0.8333333333333334 * = | x:pound 2:piece *:piece 11.166666666666666:piece 0.8333333333333334:pound *:piece =:piece
EXPR: 0 | POS | FRA | 22 | 10.3333 | 13.0277777777778 | (x/(2-0.8333333333333334))=11.166666666666666 | x 2 0.8333333333333334 - / 11.166666666666666 = | x:pound 2:piece 0.8333333333333334:piece -:piece /:pound 11.166666666666666:pound =:pound
EXPR: 0 | POS | FRA | 22 | 10.3333 | 8.33333333333333 | (11.166666666666666-(x+2))=0.8333333333333334 | 11.166666666666666 x 2 + - 0.8333333333333334 = | 11.166666666666666:pound x:pound 2:pound +:pound -:pound 0.8333333333333334:pound =:pound
EXPR: 0 | POS | FRA | 22 | 10.3333 | 8.33333333333333 | (2+(x+0.8333333333333334))=11.166666666666666 | 2 x 0.8333333333333334 + + 11.166666666666666 = | 2:pound x:pound 0.8333333333333334:pound +:pound +:pound 11.166666666666666:pound =:pound
EXPR: 0 | POS | FRA | 22 | 10.3333 | 8.33333333333333 | 11.166666666666666=((2+0.8333333333333334)+x) | 11.166666666666666 2 0.8333333333333334 + x + = | 11.166666666666666:pound 2:pound 0.8333333333333334:pound +:pound x:pound +:pound =:pound
EXPR: 0 | POS | FRA | 22 | 10.3333 | 0.214925373134328 | (2/x)=(11.166666666666666*0.8333333333333334) | 2 x / 11.166666666666666 0.8333333333333334 * = | 2:piece x:pound /:piece 11.166666666666666:piece 0.8333333333333334:pound *:piece =:piece
EXPR: 0 | POS | FRA | 22 | 10.3333 | 26.8 | (2*11.166666666666666)=(0.8333333333333334*x) | 2 11.166666666666666 * 0.8333333333333334 x * = | 2:piece 11.166666666666666:pound *:pound 0.8333333333333334:piece x:pound *:pound =:pound
EXPR: 0 | POS | INT | 22 | 10.3333 | 10 | (2+(x-0.8333333333333334))=11.166666666666666 | 2 x 0.8333333333333334 - + 11.166666666666666 = | 2:pound x:pound 0.8333333333333334:pound -:pound +:pound 11.166666666666666:pound =:pound
EXPR: 0 | POS | FRA | 22 | 10.3333 | 1.01243781094527 | (2/(x-0.8333333333333334))=11.166666666666666 | 2 x 0.8333333333333334 - / 11.166666666666666 = | 2:piece x:pound 0.8333333333333334:pound -:pound /:piece 11.166666666666666:piece =:piece
EXPR: 0 | POS | FRA | 22 | 10.3333 | 11.4 | 2=((11.166666666666666/0.8333333333333334)-x) | 2 11.166666666666666 0.8333333333333334 / x - = | 2:pound 11.166666666666666:pound 0.8333333333333334:piece /:pound x:pound -:pound =:pound
EXPR: 0 | POS | FRA | 22 | 10.3333 | 31.6388888888889 | 11.166666666666666=(x/(2+0.8333333333333334)) | 11.166666666666666 x 2 0.8333333333333334 + / = | 11.166666666666666:pound x:pound 2:piece 0.8333333333333334:piece +:piece /:pound =:pound
EXPR: 0 | POS | FRA | 22 | 10.3333 | 13.0277777777778 | 11.166666666666666=(x/(2-0.8333333333333334)) | 11.166666666666666 x 2 0.8333333333333334 - / = | 11.166666666666666:pound x:pound 2:piece 0.8333333333333334:piece -:piece /:pound =:pound
EXPR: 0 | POS | INT | 22 | 10.3333 | 10 | 11.166666666666666=((2-0.8333333333333334)+x) | 11.166666666666666 2 0.8333333333333334 - x + = | 11.166666666666666:pound 2:pound 0.8333333333333334:pound -:pound x:pound +:pound =:pound
EXPR: 0 | POS | FRA | 22 | 10.3333 | 12.3333333333333 | ((11.166666666666666-x)+2)=0.8333333333333334 | 11.166666666666666 x - 2 + 0.8333333333333334 = | 11.166666666666666:pound x:pound -:pound 2:pound +:pound 0.8333333333333334:pound =:pound
EXPR: 0 | POS | INT | 22 | 10.3333 | 10 | ((2-0.8333333333333334)+x)=11.166666666666666 | 2 0.8333333333333334 - x + 11.166666666666666 = | 2:pound 0.8333333333333334:pound -:pound x:pound +:pound 11.166666666666666:pound =:pound
EXPR: 0 | POS | FRA | 22 | 10.3333 | 8.33333333333333 | ((11.166666666666666-x)-2)=0.8333333333333334 | 11.166666666666666 x - 2 - 0.8333333333333334 = | 11.166666666666666:pound x:pound -:pound 2:pound -:pound 0.8333333333333334:pound =:pound
EXPR: 0 | POS | FRA | 22 | 10.3333 | 15.4 | 2=(x-(11.166666666666666/0.8333333333333334)) | 2 x 11.166666666666666 0.8333333333333334 / - = | 2:piece x:piece 11.166666666666666:piece 0.8333333333333334:pound /:piece -:piece =:piece
EXPR: 0 | POS | FRA | 22 | 10.3333 | 12.3333333333333 | 2=((0.8333333333333334-11.166666666666666)+x) | 2 0.8333333333333334 11.166666666666666 - x + = | 2:pound 0.8333333333333334:pound 11.166666666666666:pound -:pound x:pound +:pound =:pound
EXPR: 0 | POS | FRA | 22 | 10.3333 | 0.214925373134328 | (2/11.166666666666666)=(x*0.8333333333333334) | 2 11.166666666666666 / x 0.8333333333333334 * = | 2:piece 11.166666666666666:pound /:piece x:piece 0.8333333333333334:pound *:piece =:piece
EXPR: 0 | POS | FRA | 22 | 10.3333 | 18.6111111111111 | (2*11.166666666666666)=(x/0.8333333333333334) | 2 11.166666666666666 * x 0.8333333333333334 / = | 2:piece 11.166666666666666:pound *:piece x:piece 0.8333333333333334:pound /:piece =:piece
EXPR: 0 | POS | FRA | 22 | 10.3333 | 0.149253731343284 | (2/11.166666666666666)=(x/0.8333333333333334) | 2 11.166666666666666 / x 0.8333333333333334 / = | 2:piece 11.166666666666666:pound /:piece x:piece 0.8333333333333334:pound /:piece =:piece
EXPR: 0 | POS | INT | 22 | 10.3333 | 10 | 2=((0.8333333333333334-x)+11.166666666666666) | 2 0.8333333333333334 x - 11.166666666666666 + = | 2:pound 0.8333333333333334:pound x:pound -:pound 11.166666666666666:pound +:pound =:pound
EXPR: 0 | POS | FRA | 22 | 10.3333 | 6.7 | (2*x)=(11.166666666666666/0.8333333333333334) | 2 x * 11.166666666666666 0.8333333333333334 / = | 2:piece x:pound *:piece 11.166666666666666:piece 0.8333333333333334:pound /:piece =:piece
EXPR: 0 | POS | FRA | 22 | 10.3333 | 0.654228855721393 | (x+(2/11.166666666666666))=0.8333333333333334 | x 2 11.166666666666666 / + 0.8333333333333334 = | x:piece 2:piece 11.166666666666666:pound /:piece +:piece 0.8333333333333334:piece =:piece
EXPR: 0 | POS | FRA | 22 | 10.3333 | 1.01243781094527 | (x-(2/11.166666666666666))=0.8333333333333334 | x 2 11.166666666666666 / - 0.8333333333333334 = | x:piece 2:piece 11.166666666666666:pound /:piece -:piece 0.8333333333333334:piece =:piece
EXPR: 0 | POS | FRA | 22 | 10.3333 | 0.214925373134328 | (2/11.166666666666666)=(0.8333333333333334*x) | 2 11.166666666666666 / 0.8333333333333334 x * = | 2:piece 11.166666666666666:pound /:piece 0.8333333333333334:piece x:pound *:piece =:piece
EXPR: 0 | POS | FRA | 22 | 10.3333 | 8.33333333333333 | ((11.166666666666666-2)-x)=0.8333333333333334 | 11.166666666666666 2 - x - 0.8333333333333334 = | 11.166666666666666:pound 2:pound -:pound x:pound -:pound 0.8333333333333334:pound =:pound
EXPR: 0 | POS | INT | 22 | 10.3333 | 11 | 2=(11.166666666666666-(0.8333333333333334*x)) | 2 11.166666666666666 0.8333333333333334 x * - = | 2:pound 11.166666666666666:pound 0.8333333333333334:piece x:pound *:pound -:pound =:pound
EXPR: 0 | POS | FRA | 22 | 10.3333 | 7.63888888888889 | 2=(11.166666666666666-(x/0.8333333333333334)) | 2 11.166666666666666 x 0.8333333333333334 / - = | 2:piece 11.166666666666666:piece x:piece 0.8333333333333334:pound /:piece -:piece =:piece
EXPR: 0 | POS | FRA | 22 | 10.3333 | 0.0373134328358209 | (2*11.166666666666666)=(0.8333333333333334/x) | 2 11.166666666666666 * 0.8333333333333334 x / = | 2:piece 11.166666666666666:pound *:piece 0.8333333333333334:piece x:pound /:piece =:piece
EXPR: 0 | POS | FRA | 22 | 10.3333 | 0.0909090909090909 | 2=(11.166666666666666-(0.8333333333333334/x)) | 2 11.166666666666666 0.8333333333333334 x / - = | 2:piece 11.166666666666666:piece 0.8333333333333334:piece x:pound /:piece -:piece =:piece
EXPR: 0 | POS | FRA | 22 | 10.3333 | 1.92537313432836 | (11.166666666666666*(2-x))=0.8333333333333334 | 11.166666666666666 2 x - * 0.8333333333333334 = | 11.166666666666666:pound 2:piece x:piece -:piece *:pound 0.8333333333333334:pound =:pound
EXPR: 0 | POS | FRA | 22 | 10.3333 | 8.33333333333333 | (x+(2+0.8333333333333334))=11.166666666666666 | x 2 0.8333333333333334 + + 11.166666666666666 = | x:pound 2:pound 0.8333333333333334:pound +:pound +:pound 11.166666666666666:pound =:pound
EXPR: 0 | POS | FRA | 22 | 10.3333 | 7.30555555555556 | ((x+2)/11.166666666666666)=0.8333333333333334 | x 2 + 11.166666666666666 / 0.8333333333333334 = | x:pound 2:pound +:pound 11.166666666666666:piece /:pound 0.8333333333333334:pound =:pound
EXPR: 0 | POS | FRA | 22 | 10.3333 | 0.149253731343284 | (2/x)=(11.166666666666666/0.8333333333333334) | 2 x / 11.166666666666666 0.8333333333333334 / = | 2:piece x:pound /:piece 11.166666666666666:piece 0.8333333333333334:pound /:piece =:piece
EXPR: 0 | POS | FRA | 22 | 10.3333 | 0.654228855721393 | (2/(0.8333333333333334-x))=11.166666666666666 | 2 0.8333333333333334 x - / 11.166666666666666 = | 2:piece 0.8333333333333334:pound x:pound -:pound /:piece 11.166666666666666:piece =:piece
EXPR: 0 | POS | INT | 22 | 10.3333 | 10 | 11.166666666666666=(x+(2-0.8333333333333334)) | 11.166666666666666 x 2 0.8333333333333334 - + = | 11.166666666666666:pound x:pound 2:pound 0.8333333333333334:pound -:pound +:pound =:pound
EXPR: 0 | POS | FRA | 22 | 10.3333 | 8.33333333333333 | 11.166666666666666=(x+(2+0.8333333333333334)) | 11.166666666666666 x 2 0.8333333333333334 + + = | 11.166666666666666:pound x:pound 2:pound 0.8333333333333334:pound +:pound +:pound =:pound
EXPR: 0 | POS | FRA | 22 | 10.3333 | 3.94117647058824 | 11.166666666666666=(x*(2+0.8333333333333334)) | 11.166666666666666 x 2 0.8333333333333334 + * = | 11.166666666666666:pound x:pound 2:piece 0.8333333333333334:piece +:piece *:pound =:pound
EXPR: 0 | POS | FRA | 22 | 10.3333 | 8.33333333333333 | 11.166666666666666=((x+2)+0.8333333333333334) | 11.166666666666666 x 2 + 0.8333333333333334 + = | 11.166666666666666:pound x:pound 2:pound +:pound 0.8333333333333334:pound +:pound =:pound
EXPR: 0 | POS | FRA | 22 | 10.3333 | 9.57142857142857 | 11.166666666666666=(x*(2-0.8333333333333334)) | 11.166666666666666 x 2 0.8333333333333334 - * = | 11.166666666666666:pound x:pound 2:piece 0.8333333333333334:piece -:piece *:pound =:pound
EXPR: 0 | POS | FRA | 22 | 10.3333 | 11.4 | (11.166666666666666/(2+x))=0.8333333333333334 | 11.166666666666666 2 x + / 0.8333333333333334 = | 11.166666666666666:pound 2:piece x:piece +:piece /:pound 0.8333333333333334:pound =:pound
EXPR: 0 | POS | FRA | 22 | 10.3333 | 12.3333333333333 | 11.166666666666666=(x-(2-0.8333333333333334)) | 11.166666666666666 x 2 0.8333333333333334 - - = | 11.166666666666666:pound x:pound 2:pound 0.8333333333333334:pound -:pound -:pound =:pound
EXPR: 0 | POS | INT | 22 | 10.3333 | 14 | 11.166666666666666=(x-(2+0.8333333333333334)) | 11.166666666666666 x 2 0.8333333333333334 + - = | 11.166666666666666:pound x:pound 2:pound 0.8333333333333334:pound +:pound -:pound =:pound
EXPR: 0 | POS | INT | 22 | 10.3333 | 10 | 11.166666666666666=((x+2)-0.8333333333333334) | 11.166666666666666 x 2 + 0.8333333333333334 - = | 11.166666666666666:pound x:pound 2:pound +:pound 0.8333333333333334:pound -:pound =:pound
EXPR: 0 | POS | INT | 22 | 10.3333 | 14 | (2+11.166666666666666)=(x-0.8333333333333334) | 2 11.166666666666666 + x 0.8333333333333334 - = | 2:pound 11.166666666666666:pound +:pound x:pound 0.8333333333333334:pound -:pound =:pound
EXPR: 0 | POS | FRA | 22 | 10.3333 | 12.3333333333333 | (2+11.166666666666666)=(x+0.8333333333333334) | 2 11.166666666666666 + x 0.8333333333333334 + = | 2:pound 11.166666666666666:pound +:pound x:pound 0.8333333333333334:pound +:pound =:pound
EXPR: 0 | POS | INT | 22 | 10.3333 | 10 | 2=(0.8333333333333334+(11.166666666666666-x)) | 2 0.8333333333333334 11.166666666666666 x - + = | 2:pound 0.8333333333333334:pound 11.166666666666666:pound x:pound -:pound +:pound =:pound
EXPR: 0 | POS | INT | 22 | 10.3333 | 10 | 11.166666666666666=(2+(x-0.8333333333333334)) | 11.166666666666666 2 x 0.8333333333333334 - + = | 11.166666666666666:pound 2:pound x:pound 0.8333333333333334:pound -:pound +:pound =:pound
EXPR: 0 | POS | FRA | 22 | 10.3333 | 12.3333333333333 | 11.166666666666666=((x-2)+0.8333333333333334) | 11.166666666666666 x 2 - 0.8333333333333334 + = | 11.166666666666666:pound x:pound 2:pound -:pound 0.8333333333333334:pound +:pound =:pound
EXPR: 0 | POS | FRA | 22 | 10.3333 | 4.65277777777778 | (2/11.166666666666666)=(0.8333333333333334/x) | 2 11.166666666666666 / 0.8333333333333334 x / = | 2:piece 11.166666666666666:pound /:piece 0.8333333333333334:piece x:pound /:piece =:piece
EXPR: 0 | POS | FRA | 22 | 10.3333 | 15.4 | 11.166666666666666=((x-2)*0.8333333333333334) | 11.166666666666666 x 2 - 0.8333333333333334 * = | 11.166666666666666:pound x:piece 2:piece -:piece 0.8333333333333334:pound *:pound =:pound
EXPR: 0 | POS | FRA | 22 | 10.3333 | 11.4 | 11.166666666666666=((x+2)*0.8333333333333334) | 11.166666666666666 x 2 + 0.8333333333333334 * = | 11.166666666666666:pound x:piece 2:piece +:piece 0.8333333333333334:pound *:pound =:pound
EXPR: 0 | POS | INT | 22 | 10.3333 | 14 | 2=((x-0.8333333333333334)-11.166666666666666) | 2 x 0.8333333333333334 - 11.166666666666666 - = | 2:pound x:pound 0.8333333333333334:pound -:pound 11.166666666666666:pound -:pound =:pound
EXPR: 0 | POS | FRA | 22 | 10.3333 | 8.33333333333333 | 11.166666666666666=(2+(0.8333333333333334+x)) | 11.166666666666666 2 0.8333333333333334 x + + = | 11.166666666666666:pound 2:pound 0.8333333333333334:pound x:pound +:pound +:pound =:pound
EXPR: 0 | POS | FRA | 22 | 10.3333 | 9.5 | (2*0.8333333333333334)=(11.166666666666666-x) | 2 0.8333333333333334 * 11.166666666666666 x - = | 2:piece 0.8333333333333334:pound *:pound 11.166666666666666:pound x:pound -:pound =:pound
EXPR: 0 | POS | FRA | 22 | 10.3333 | 8.33333333333333 | 11.166666666666666=(2+(x+0.8333333333333334)) | 11.166666666666666 2 x 0.8333333333333334 + + = | 11.166666666666666:pound 2:pound x:pound 0.8333333333333334:pound +:pound +:pound =:pound
EXPR: 0 | POS | FRA | 22 | 10.3333 | 18.6111111111111 | (x/2)=(11.166666666666666*0.8333333333333334) | x 2 / 11.166666666666666 0.8333333333333334 * = | x:pound 2:piece /:pound 11.166666666666666:pound 0.8333333333333334:piece *:pound =:pound
EXPR: 0 | POS | FRA | 22 | 10.3333 | 12.3333333333333 | (2+11.166666666666666)=(0.8333333333333334+x) | 2 11.166666666666666 + 0.8333333333333334 x + = | 2:pound 11.166666666666666:pound +:pound 0.8333333333333334:pound x:pound +:pound =:pound
EXPR: 0 | POS | FRA | 22 | 10.3333 | 12.3333333333333 | (11.166666666666666+(2-x))=0.8333333333333334 | 11.166666666666666 2 x - + 0.8333333333333334 = | 11.166666666666666:pound 2:pound x:pound -:pound +:pound 0.8333333333333334:pound =:pound
EXPR: 0 | POS | FRA | 22 | 10.3333 | 12.3333333333333 | 2=(0.8333333333333334+(x-11.166666666666666)) | 2 0.8333333333333334 x 11.166666666666666 - + = | 2:pound 0.8333333333333334:pound x:pound 11.166666666666666:pound -:pound +:pound =:pound
EXPR: 0 | POS | FRA | 22 | 10.3333 | 1.01243781094527 | 2=((x-0.8333333333333334)*11.166666666666666) | 2 x 0.8333333333333334 - 11.166666666666666 * = | 2:piece x:pound 0.8333333333333334:pound -:pound 11.166666666666666:piece *:piece =:piece
EXPR: 0 | POS | INT | 22 | 10.3333 | 10 | (2-11.166666666666666)=(0.8333333333333334-x) | 2 11.166666666666666 - 0.8333333333333334 x - = | 2:pound 11.166666666666666:pound -:pound 0.8333333333333334:pound x:pound -:pound =:pound
EXPR: 0 | POS | INT | 22 | 10.3333 | 14 | 11.166666666666666=((x-2)-0.8333333333333334) | 11.166666666666666 x 2 - 0.8333333333333334 - = | 11.166666666666666:pound x:pound 2:pound -:pound 0.8333333333333334:pound -:pound =:pound
EXPR: 0 | POS | FRA | 22 | 10.3333 | 11.4 | 11.166666666666666=((2+x)*0.8333333333333334) | 11.166666666666666 2 x + 0.8333333333333334 * = | 11.166666666666666:pound 2:piece x:piece +:piece 0.8333333333333334:pound *:pound =:pound
EXPR: 0 | POS | FRA | 22 | 10.3333 | 3.94117647058824 | (x*(2+0.8333333333333334))=11.166666666666666 | x 2 0.8333333333333334 + * 11.166666666666666 = | x:pound 2:piece 0.8333333333333334:piece +:piece *:pound 11.166666666666666:pound =:pound
EXPR: 0 | POS | FRA | 22 | 10.3333 | 31.6388888888889 | (x/(2+0.8333333333333334))=11.166666666666666 | x 2 0.8333333333333334 + / 11.166666666666666 = | x:pound 2:piece 0.8333333333333334:piece +:piece /:pound 11.166666666666666:pound =:pound
EXPR: 0 | POS | FRA | 22 | 10.3333 | 12.3333333333333 | 2=(0.8333333333333334-(11.166666666666666-x)) | 2 0.8333333333333334 11.166666666666666 x - - = | 2:pound 0.8333333333333334:pound 11.166666666666666:pound x:pound -:pound -:pound =:pound
EXPR: 0 | POS | FRA | 22 | 10.3333 | 0.654228855721393 | 2=((0.8333333333333334-x)*11.166666666666666) | 2 0.8333333333333334 x - 11.166666666666666 * = | 2:piece 0.8333333333333334:pound x:pound -:pound 11.166666666666666:piece *:piece =:piece
EXPR: 0 | POS | FRA | 22 | 10.3333 | 3.94117647058824 | 11.166666666666666=((2+0.8333333333333334)*x) | 11.166666666666666 2 0.8333333333333334 + x * = | 11.166666666666666:pound 2:piece 0.8333333333333334:piece +:piece x:pound *:pound =:pound
EXPR: 0 | POS | FRA | 22 | 10.3333 | 9.57142857142857 | 11.166666666666666=((2-0.8333333333333334)*x) | 11.166666666666666 2 0.8333333333333334 - x * = | 11.166666666666666:pound 2:piece 0.8333333333333334:piece -:piece x:pound *:pound =:pound
EXPR: 0 | POS | FRA | 22 | 10.3333 | 4.75 | (11.166666666666666/2)=(x+0.8333333333333334) | 11.166666666666666 2 / x 0.8333333333333334 + = | 11.166666666666666:pound 2:piece /:pound x:pound 0.8333333333333334:pound +:pound =:pound
EXPR: 0 | POS | FRA | 22 | 10.3333 | 6.41666666666667 | (11.166666666666666/2)=(x-0.8333333333333334) | 11.166666666666666 2 / x 0.8333333333333334 - = | 11.166666666666666:pound 2:piece /:pound x:pound 0.8333333333333334:pound -:pound =:pound
EXPR: 0 | POS | FRA | 22 | 10.3333 | 8.33333333333333 | (2+x)=(11.166666666666666-0.8333333333333334) | 2 x + 11.166666666666666 0.8333333333333334 - = | 2:pound x:pound +:pound 11.166666666666666:pound 0.8333333333333334:pound -:pound =:pound
EXPR: 0 | POS | INT | 22 | 10.3333 | 10 | (2+x)=(11.166666666666666+0.8333333333333334) | 2 x + 11.166666666666666 0.8333333333333334 + = | 2:pound x:pound +:pound 11.166666666666666:pound 0.8333333333333334:pound +:pound =:pound
EXPR: 0 | POS | FRA | 22 | 10.3333 | 0.166666666666667 | ((2/x)-11.166666666666666)=0.8333333333333334 | 2 x / 11.166666666666666 - 0.8333333333333334 = | 2:pound x:piece /:pound 11.166666666666666:pound -:pound 0.8333333333333334:pound =:pound
EXPR: 0 | POS | INT | 22 | 10.3333 | 10 | 11.166666666666666=(2-(0.8333333333333334-x)) | 11.166666666666666 2 0.8333333333333334 x - - = | 11.166666666666666:pound 2:pound 0.8333333333333334:pound x:pound -:pound -:pound =:pound
EXPR: 0 | POS | FRA | 22 | 10.3333 | 26.8 | (x/2)=(11.166666666666666/0.8333333333333334) | x 2 / 11.166666666666666 0.8333333333333334 / = | x:pound 2:piece /:pound 11.166666666666666:pound 0.8333333333333334:piece /:pound =:pound
EXPR: 0 | POS | FRA | 22 | 10.3333 | 2.07462686567164 | (11.166666666666666*(x-2))=0.8333333333333334 | 11.166666666666666 x 2 - * 0.8333333333333334 = | 11.166666666666666:pound x:piece 2:piece -:piece *:pound 0.8333333333333334:pound =:pound
EXPR: 0 | POS | FRA | 22 | 10.3333 | 15.4 | (11.166666666666666/(x-2))=0.8333333333333334 | 11.166666666666666 x 2 - / 0.8333333333333334 = | 11.166666666666666:pound x:piece 2:piece -:piece /:pound 0.8333333333333334:pound =:pound
EXPR: 0 | POS | FRA | 22 | 10.3333 | 4.75 | (11.166666666666666/2)=(0.8333333333333334+x) | 11.166666666666666 2 / 0.8333333333333334 x + = | 11.166666666666666:pound 2:piece /:pound 0.8333333333333334:pound x:pound +:pound =:pound
EXPR: 0 | POS | FRA | 22 | 10.3333 | 12.8333333333333 | (x-11.166666666666666)=(2*0.8333333333333334) | x 11.166666666666666 - 2 0.8333333333333334 * = | x:pound 11.166666666666666:pound -:pound 2:piece 0.8333333333333334:pound *:pound =:pound
EXPR: 0 | POS | FRA | 22 | 10.3333 | 0.654228855721393 | 11.166666666666666=(2/(0.8333333333333334-x)) | 11.166666666666666 2 0.8333333333333334 x - / = | 11.166666666666666:piece 2:piece 0.8333333333333334:pound x:pound -:pound /:piece =:piece
EXPR: 0 | POS | FRA | 22 | 10.3333 | 12.3333333333333 | 2=(x+(0.8333333333333334-11.166666666666666)) | 2 x 0.8333333333333334 11.166666666666666 - + = | 2:pound x:pound 0.8333333333333334:pound 11.166666666666666:pound -:pound +:pound =:pound
EXPR: 0 | POS | FRA | 22 | 10.3333 | 11.5833333333333 | 2=(0.8333333333333334/(x-11.166666666666666)) | 2 0.8333333333333334 x 11.166666666666666 - / = | 2:piece 0.8333333333333334:piece x:pound 11.166666666666666:pound -:pound /:piece =:piece
EXPR: 0 | POS | FRA | 22 | 10.3333 | 10.75 | 2=(0.8333333333333334/(11.166666666666666-x)) | 2 0.8333333333333334 11.166666666666666 x - / = | 2:piece 0.8333333333333334:piece 11.166666666666666:pound x:pound -:pound /:piece =:piece
EXPR: 0 | POS | FRA | 22 | 10.3333 | 1.01243781094527 | 11.166666666666666=(2/(x-0.8333333333333334)) | 11.166666666666666 2 x 0.8333333333333334 - / = | 11.166666666666666:piece 2:piece x:pound 0.8333333333333334:pound -:pound /:piece =:piece
EXPR: 0 | POS | FRA | 22 | 10.3333 | 8.76666666666667 | 2=(0.8333333333333334*(11.166666666666666-x)) | 2 0.8333333333333334 11.166666666666666 x - * = | 2:piece 0.8333333333333334:piece 11.166666666666666:pound x:pound -:pound *:piece =:piece
EXPR: 0 | POS | INT | 22 | 10.3333 | 10 | 2=(0.8333333333333334-(x-11.166666666666666)) | 2 0.8333333333333334 x 11.166666666666666 - - = | 2:pound 0.8333333333333334:pound x:pound 11.166666666666666:pound -:pound -:pound =:pound
EXPR: 0 | POS | FRA | 22 | 10.3333 | 13.5666666666667 | 2=(0.8333333333333334*(x-11.166666666666666)) | 2 0.8333333333333334 x 11.166666666666666 - * = | 2:piece 0.8333333333333334:piece x:pound 11.166666666666666:pound -:pound *:piece =:piece
EXPR: 0 | POS | INT | 25 | 10.3333 | 24 | ((11.166666666666666+0.8333333333333334)*2)=x | 11.166666666666666 0.8333333333333334 + 2 * x = | 11.166666666666666:pound 0.8333333333333334:pound +:pound 2:piece *:pound x:pound =:pound
EXPR: 0 | POS | INT | 25 | 10.3333 | 6 | ((11.166666666666666+0.8333333333333334)/2)=x | 11.166666666666666 0.8333333333333334 + 2 / x = | 11.166666666666666:pound 0.8333333333333334:pound +:pound 2:piece /:pound x:pound =:pound
EXPR: 0 | POS | FRA | 25 | 10.3333 | 23.1666666666667 | x=(0.8333333333333334+(2*11.166666666666666)) | x 0.8333333333333334 2 11.166666666666666 * + = | x:pound 0.8333333333333334:pound 2:piece 11.166666666666666:pound *:pound +:pound =:pound
EXPR: 0 | POS | FRA | 25 | 10.3333 | 11.5833333333333 | (11.166666666666666+(0.8333333333333334/2))=x | 11.166666666666666 0.8333333333333334 2 / + x = | 11.166666666666666:pound 0.8333333333333334:pound 2:piece /:pound +:pound x:pound =:pound
EXPR: 0 | POS | FRA | 25 | 10.3333 | 11.5833333333333 | ((0.8333333333333334/2)+11.166666666666666)=x | 0.8333333333333334 2 / 11.166666666666666 + x = | 0.8333333333333334:pound 2:piece /:pound 11.166666666666666:pound +:pound x:pound =:pound
EXPR: 0 | POS | FRA | 25 | 10.3333 | 5.16666666666667 | x=((11.166666666666666-0.8333333333333334)/2) | x 11.166666666666666 0.8333333333333334 - 2 / = | x:pound 11.166666666666666:pound 0.8333333333333334:pound -:pound 2:piece /:pound =:pound
EXPR: 0 | POS | FRA | 25 | 10.3333 | 11.5833333333333 | x=(11.166666666666666+(0.8333333333333334/2)) | x 11.166666666666666 0.8333333333333334 2 / + = | x:pound 11.166666666666666:pound 0.8333333333333334:pound 2:piece /:pound +:pound =:pound
EXPR: 0 | POS | FRA | 25 | 10.3333 | 23.1666666666667 | (0.8333333333333334+(2*11.166666666666666))=x | 0.8333333333333334 2 11.166666666666666 * + x = | 0.8333333333333334:pound 2:piece 11.166666666666666:pound *:pound +:pound x:pound =:pound
EXPR: 0 | POS | FRA | 25 | 10.3333 | 20.6666666666667 | x=((11.166666666666666-0.8333333333333334)*2) | x 11.166666666666666 0.8333333333333334 - 2 * = | x:pound 11.166666666666666:pound 0.8333333333333334:pound -:pound 2:piece *:pound =:pound
EXPR: 0 | POS | FRA | 25 | 10.3333 | 10.75 | x=(11.166666666666666-(0.8333333333333334/2)) | x 11.166666666666666 0.8333333333333334 2 / - = | x:pound 11.166666666666666:pound 0.8333333333333334:pound 2:piece /:pound -:pound =:pound
EXPR: 0 | POS | INT | 25 | 10.3333 | 24 | x=((11.166666666666666+0.8333333333333334)*2) | x 11.166666666666666 0.8333333333333334 + 2 * = | x:pound 11.166666666666666:pound 0.8333333333333334:pound +:pound 2:piece *:pound =:pound
EXPR: 0 | POS | INT | 25 | 10.3333 | 6 | x=((11.166666666666666+0.8333333333333334)/2) | x 11.166666666666666 0.8333333333333334 + 2 / = | x:pound 11.166666666666666:pound 0.8333333333333334:pound +:pound 2:piece /:pound =:pound
EXPR: 0 | POS | FRA | 25 | 10.3333 | 10.75 | (11.166666666666666-(0.8333333333333334/2))=x | 11.166666666666666 0.8333333333333334 2 / - x = | 11.166666666666666:pound 0.8333333333333334:pound 2:piece /:pound -:pound x:pound =:pound
EXPR: 0 | POS | FRA | 25 | 10.3333 | 20.6666666666667 | ((11.166666666666666-0.8333333333333334)*2)=x | 11.166666666666666 0.8333333333333334 - 2 * x = | 11.166666666666666:pound 0.8333333333333334:pound -:pound 2:piece *:pound x:pound =:pound
EXPR: 0 | POS | FRA | 25 | 10.3333 | 5.16666666666667 | ((11.166666666666666-0.8333333333333334)/2)=x | 11.166666666666666 0.8333333333333334 - 2 / x = | 11.166666666666666:pound 0.8333333333333334:pound -:pound 2:piece /:pound x:pound =:pound
EXPR: 0 | POS | FRA | 25 | 10.3333 | 11.5833333333333 | x=((0.8333333333333334/2)+11.166666666666666) | x 0.8333333333333334 2 / 11.166666666666666 + = | x:pound 0.8333333333333334:pound 2:piece /:pound 11.166666666666666:pound +:pound =:pound
EXPR: 0 | POS | INT | 27 | 10.3333 | 6 | 0.8333333333333334=((2*x)-11.166666666666666) | 0.8333333333333334 2 x * 11.166666666666666 - = | 0.8333333333333334:pound 2:piece x:pound *:pound 11.166666666666666:pound -:pound =:pound
EXPR: 0 | POS | FRA | 27 | 10.3333 | 5.16666666666667 | (0.8333333333333334+(2*x))=11.166666666666666 | 0.8333333333333334 2 x * + 11.166666666666666 = | 0.8333333333333334:pound 2:piece x:pound *:pound +:pound 11.166666666666666:pound =:pound
EXPR: 0 | POS | FRA | 27 | 10.3333 | 10.75 | ((0.8333333333333334/2)+x)=11.166666666666666 | 0.8333333333333334 2 / x + 11.166666666666666 = | 0.8333333333333334:pound 2:piece /:pound x:pound +:pound 11.166666666666666:pound =:pound
EXPR: 0 | POS | FRA | 27 | 10.3333 | 5.16666666666667 | 11.166666666666666=(0.8333333333333334+(x*2)) | 11.166666666666666 0.8333333333333334 x 2 * + = | 11.166666666666666:pound 0.8333333333333334:pound x:pound 2:piece *:pound +:pound =:pound
EXPR: 0 | POS | FRA | 27 | 10.3333 | 20.6666666666667 | 11.166666666666666=(0.8333333333333334+(x/2)) | 11.166666666666666 0.8333333333333334 x 2 / + = | 11.166666666666666:pound 0.8333333333333334:pound x:pound 2:piece /:pound +:pound =:pound
EXPR: 0 | POS | FRA | 27 | 10.3333 | 10.75 | 11.166666666666666=(x+(0.8333333333333334/2)) | 11.166666666666666 x 0.8333333333333334 2 / + = | 11.166666666666666:pound x:pound 0.8333333333333334:pound 2:piece /:pound +:pound =:pound
EXPR: 0 | POS | FRA | 27 | 10.3333 | 21.5 | 0.8333333333333334=((2*11.166666666666666)-x) | 0.8333333333333334 2 11.166666666666666 * x - = | 0.8333333333333334:pound 2:piece 11.166666666666666:pound *:pound x:pound -:pound =:pound
EXPR: 0 | POS | FRA | 27 | 10.3333 | 11.5833333333333 | 11.166666666666666=(x-(0.8333333333333334/2)) | 11.166666666666666 x 0.8333333333333334 2 / - = | 11.166666666666666:pound x:pound 0.8333333333333334:pound 2:piece /:pound -:pound =:pound
EXPR: 0 | POS | FRA | 27 | 10.3333 | 23.1666666666667 | 0.8333333333333334=(x-(2*11.166666666666666)) | 0.8333333333333334 x 2 11.166666666666666 * - = | 0.8333333333333334:pound x:pound 2:piece 11.166666666666666:pound *:pound -:pound =:pound
EXPR: 0 | POS | FRA | 27 | 10.3333 | 10.75 | 11.166666666666666=((0.8333333333333334/2)+x) | 11.166666666666666 0.8333333333333334 2 / x + = | 11.166666666666666:pound 0.8333333333333334:pound 2:piece /:pound x:pound +:pound =:pound
EXPR: 0 | POS | INT | 27 | 10.3333 | 24 | 0.8333333333333334=((x/2)-11.166666666666666) | 0.8333333333333334 x 2 / 11.166666666666666 - = | 0.8333333333333334:pound x:pound 2:piece /:pound 11.166666666666666:pound -:pound =:pound
EXPR: 0 | POS | FRA | 27 | 10.3333 | 20.6666666666667 | (0.8333333333333334+(x/2))=11.166666666666666 | 0.8333333333333334 x 2 / + 11.166666666666666 = | 0.8333333333333334:pound x:pound 2:piece /:pound +:pound 11.166666666666666:pound =:pound
EXPR: 0 | POS | FRA | 27 | 10.3333 | 11.5833333333333 | 0.8333333333333334=(2*(x-11.166666666666666)) | 0.8333333333333334 2 x 11.166666666666666 - * = | 0.8333333333333334:pound 2:piece x:pound 11.166666666666666:pound -:pound *:pound =:pound
EXPR: 0 | POS | FRA | 27 | 10.3333 | 21.5 | ((0.8333333333333334+x)/2)=11.166666666666666 | 0.8333333333333334 x + 2 / 11.166666666666666 = | 0.8333333333333334:pound x:pound +:pound 2:piece /:pound 11.166666666666666:pound =:pound
EXPR: 0 | POS | FRA | 27 | 10.3333 | 10.75 | (x+(0.8333333333333334/2))=11.166666666666666 | x 0.8333333333333334 2 / + 11.166666666666666 = | x:pound 0.8333333333333334:pound 2:piece /:pound +:pound 11.166666666666666:pound =:pound
EXPR: 0 | POS | FRA | 27 | 10.3333 | 4.75 | ((x+0.8333333333333334)*2)=11.166666666666666 | x 0.8333333333333334 + 2 * 11.166666666666666 = | x:pound 0.8333333333333334:pound +:pound 2:piece *:pound 11.166666666666666:pound =:pound
EXPR: 0 | POS | FRA | 27 | 10.3333 | 4.75 | ((0.8333333333333334+x)*2)=11.166666666666666 | 0.8333333333333334 x + 2 * 11.166666666666666 = | 0.8333333333333334:pound x:pound +:pound 2:piece *:pound 11.166666666666666:pound =:pound
EXPR: 0 | POS | FRA | 27 | 10.3333 | 21.5 | ((x+0.8333333333333334)/2)=11.166666666666666 | x 0.8333333333333334 + 2 / 11.166666666666666 = | x:pound 0.8333333333333334:pound +:pound 2:piece /:pound 11.166666666666666:pound =:pound
EXPR: 0 | POS | INT | 27 | 10.3333 | 6 | 0.8333333333333334=((x*2)-11.166666666666666) | 0.8333333333333334 x 2 * 11.166666666666666 - = | 0.8333333333333334:pound x:pound 2:piece *:pound 11.166666666666666:pound -:pound =:pound
EXPR: 0 | POS | FRA | 27 | 10.3333 | 6.41666666666667 | ((x-0.8333333333333334)*2)=11.166666666666666 | x 0.8333333333333334 - 2 * 11.166666666666666 = | x:pound 0.8333333333333334:pound -:pound 2:piece *:pound 11.166666666666666:pound =:pound
EXPR: 0 | POS | FRA | 27 | 10.3333 | 23.1666666666667 | ((x-0.8333333333333334)/2)=11.166666666666666 | x 0.8333333333333334 - 2 / 11.166666666666666 = | x:pound 0.8333333333333334:pound -:pound 2:piece /:pound 11.166666666666666:pound =:pound
EXPR: 0 | POS | FRA | 27 | 10.3333 | 21.5 | 11.166666666666666=((x+0.8333333333333334)/2) | 11.166666666666666 x 0.8333333333333334 + 2 / = | 11.166666666666666:pound x:pound 0.8333333333333334:pound +:pound 2:piece /:pound =:pound
EXPR: 0 | POS | FRA | 27 | 10.3333 | 23.1666666666667 | 11.166666666666666=((x-0.8333333333333334)/2) | 11.166666666666666 x 0.8333333333333334 - 2 / = | 11.166666666666666:pound x:pound 0.8333333333333334:pound -:pound 2:piece /:pound =:pound
EXPR: 0 | POS | FRA | 27 | 10.3333 | 5.16666666666667 | 11.166666666666666=(0.8333333333333334+(2*x)) | 11.166666666666666 0.8333333333333334 2 x * + = | 11.166666666666666:pound 0.8333333333333334:pound 2:piece x:pound *:pound +:pound =:pound
EXPR: 0 | POS | FRA | 27 | 10.3333 | 21.5 | 11.166666666666666=((0.8333333333333334+x)/2) | 11.166666666666666 0.8333333333333334 x + 2 / = | 11.166666666666666:pound 0.8333333333333334:pound x:pound +:pound 2:piece /:pound =:pound
EXPR: 0 | POS | FRA | 27 | 10.3333 | 11.5833333333333 | (x-(0.8333333333333334/2))=11.166666666666666 | x 0.8333333333333334 2 / - 11.166666666666666 = | x:pound 0.8333333333333334:pound 2:piece /:pound -:pound 11.166666666666666:pound =:pound
EXPR: 0 | POS | FRA | 27 | 10.3333 | 5.16666666666667 | (0.8333333333333334+(x*2))=11.166666666666666 | 0.8333333333333334 x 2 * + 11.166666666666666 = | 0.8333333333333334:pound x:pound 2:piece *:pound +:pound 11.166666666666666:pound =:pound
EXPR: 0 | POS | FRA | 27 | 10.3333 | 6.41666666666667 | 11.166666666666666=((x-0.8333333333333334)*2) | 11.166666666666666 x 0.8333333333333334 - 2 * = | 11.166666666666666:pound x:pound 0.8333333333333334:pound -:pound 2:piece *:pound =:pound
EXPR: 0 | POS | FRA | 27 | 10.3333 | 4.75 | 11.166666666666666=((x+0.8333333333333334)*2) | 11.166666666666666 x 0.8333333333333334 + 2 * = | 11.166666666666666:pound x:pound 0.8333333333333334:pound +:pound 2:piece *:pound =:pound
EXPR: 0 | POS | FRA | 27 | 10.3333 | 4.75 | 11.166666666666666=((0.8333333333333334+x)*2) | 11.166666666666666 0.8333333333333334 x + 2 * = | 11.166666666666666:pound 0.8333333333333334:pound x:pound +:pound 2:piece *:pound =:pound
EXPR: 0 | POS | FRA | 27 | 10.3333 | 10.75 | 0.8333333333333334=(2*(11.166666666666666-x)) | 0.8333333333333334 2 11.166666666666666 x - * = | 0.8333333333333334:pound 2:piece 11.166666666666666:pound x:pound -:pound *:pound =:pound
EXPR: 0 | POS | FRA | 30 | 10.3333 | 0.104477611940299 | x=((2-0.8333333333333334)/11.166666666666666) | x 2 0.8333333333333334 - 11.166666666666666 / = | x:piece 2:piece 0.8333333333333334:piece -:piece 11.166666666666666:pound /:piece =:piece
EXPR: 0 | POS | FRA | 30 | 10.3333 | 0.104477611940299 | ((2-0.8333333333333334)/11.166666666666666)=x | 2 0.8333333333333334 - 11.166666666666666 / x = | 2:piece 0.8333333333333334:piece -:piece 11.166666666666666:pound /:piece x:piece =:piece
EXPR: 0 | POS | FRA | 30 | 10.3333 | 0.253731343283582 | x=((2+0.8333333333333334)/11.166666666666666) | x 2 0.8333333333333334 + 11.166666666666666 / = | x:piece 2:piece 0.8333333333333334:piece +:piece 11.166666666666666:pound /:piece =:piece
EXPR: 0 | POS | FRA | 30 | 10.3333 | 13.5666666666667 | x=((2/0.8333333333333334)+11.166666666666666) | x 2 0.8333333333333334 / 11.166666666666666 + = | x:pound 2:pound 0.8333333333333334:piece /:pound 11.166666666666666:pound +:pound =:pound
EXPR: 0 | POS | FRA | 30 | 10.3333 | 13.5666666666667 | ((2/0.8333333333333334)+11.166666666666666)=x | 2 0.8333333333333334 / 11.166666666666666 + x = | 2:piece 0.8333333333333334:pound /:piece 11.166666666666666:piece +:piece x:piece =:piece
EXPR: 0 | POS | INT | 30 | 10.3333 | 11 | ((11.166666666666666-2)/0.8333333333333334)=x | 11.166666666666666 2 - 0.8333333333333334 / x = | 11.166666666666666:piece 2:piece -:piece 0.8333333333333334:pound /:piece x:piece =:piece
EXPR: 0 | POS | FRA | 30 | 10.3333 | 0.253731343283582 | ((2+0.8333333333333334)/11.166666666666666)=x | 2 0.8333333333333334 + 11.166666666666666 / x = | 2:pound 0.8333333333333334:pound +:pound 11.166666666666666:piece /:pound x:pound =:pound
EXPR: 0 | POS | FRA | 30 | 10.3333 | 1.92537313432836 | x=(2-(0.8333333333333334/11.166666666666666)) | x 2 0.8333333333333334 11.166666666666666 / - = | x:pound 2:pound 0.8333333333333334:pound 11.166666666666666:piece /:pound -:pound =:pound
EXPR: 0 | POS | FRA | 30 | 10.3333 | 2.07462686567164 | x=(2+(0.8333333333333334/11.166666666666666)) | x 2 0.8333333333333334 11.166666666666666 / + = | x:pound 2:pound 0.8333333333333334:pound 11.166666666666666:piece /:pound +:pound =:pound
EXPR: 0 | POS | FRA | 30 | 10.3333 | 8.76666666666667 | x=(11.166666666666666-(2/0.8333333333333334)) | x 11.166666666666666 2 0.8333333333333334 / - = | x:piece 11.166666666666666:piece 2:piece 0.8333333333333334:pound /:piece -:piece =:piece
EXPR: 0 | POS | FRA | 30 | 10.3333 | 13.5666666666667 | x=(11.166666666666666+(2/0.8333333333333334)) | x 11.166666666666666 2 0.8333333333333334 / + = | x:piece 11.166666666666666:piece 2:piece 0.8333333333333334:pound /:piece +:piece =:piece
NET 376 unique, non-negative solutions found out of 1000 total solutions
