parameters: n=7 l=3 k=1 p=5 q=3 m=9
TOTAL 1000 solutions found
SOLN: CORRECT | POS/NEG | INT/FRA | OBJ-SCORE | TRUE-ANS | ANS | INFIX | POSTFIX | TYPED-POSTFIX
EXPR: 0 | POS | FRA | 10 | 9.12 | 5.76 | (2*(6-3.12))=x | 2 6 3.12 - * x = | 2:ball 6:pound 3.12:pound -:pound *:ball x:ball =:ball
EXPR: 0 | POS | FRA | 10 | 9.12 | 0.694444444444444 | x=(2/(6-3.12)) | x 2 6 3.12 - / = | x:ball 2:ball 6:pound 3.12:pound -:pound /:ball =:ball
EXPR: 0 | POS | FRA | 10 | 9.12 | 0.219298245614035 | x=(2/(6+3.12)) | x 2 6 3.12 + / = | x:ball 2:ball 6:pound 3.12:pound +:pound /:ball =:ball
EXPR: 0 | POS | FRA | 10 | 9.12 | 5.76 | x=(2*(6-3.12)) | x 2 6 3.12 - * = | x:pound 2:ball 6:pound 3.12:pound -:pound *:pound =:pound
EXPR: 0 | POS | FRA | 10 | 9.12 | 18.24 | x=(2*(6+3.12)) | x 2 6 3.12 + * = | x:pound 2:ball 6:pound 3.12:pound +:pound *:pound =:pound
EXPR: 0 | POS | FRA | 10 | 9.12 | 18.24 | (2*(6+3.12))=x | 2 6 3.12 + * x = | 2:ball 6:pound 3.12:pound +:pound *:pound x:pound =:pound
EXPR: 0 | POS | FRA | 10 | 9.12 | 15.12 | ((2*6)+3.12)=x | 2 6 * 3.12 + x = | 2:ball 6:pound *:pound 3.12:pound +:pound x:pound =:pound
EXPR: 0 | POS | FRA | 10 | 9.12 | 8.88 | ((2*6)-3.12)=x | 2 6 * 3.12 - x = | 2:ball 6:pound *:pound 3.12:pound -:pound x:pound =:pound
EXPR: 0 | POS | FRA | 10 | 9.12 | 0.219298245614035 | (2/(6+3.12))=x | 2 6 3.12 + / x = | 2:UNKNOWN 6:pound 3.12:pound +:pound /:UNKNOWN x:UNKNOWN =:UNKNOWN
EXPR: 0 | POS | FRA | 10 | 9.12 | 0.694444444444444 | (2/(6-3.12))=x | 2 6 3.12 - / x = | 2:ball 6:pound 3.12:pound -:pound /:ball x:ball =:ball
EXPR: 0 | POS | FRA | 10 | 9.12 | 8.88 | x=((2*6)-3.12) | x 2 6 * 3.12 - = | x:pound 2:ball 6:pound *:pound 3.12:pound -:pound =:pound
EXPR: 0 | POS | FRA | 10 | 9.12 | 15.12 | x=((2*6)+3.12) | x 2 6 * 3.12 + = | x:pound 2:ball 6:pound *:pound 3.12:pound +:pound =:pound
EXPR: 0 | POS | FRA | 12 | 9.12 | 8.88 | ((2*6)-x)=3.12 | 2 6 * x - 3.12 = | 2:ball 6:pound *:pound x:pound -:pound 3.12:pound =:pound
EXPR: 0 | POS | FRA | 12 | 9.12 | 4.56 | ((2*x)-6)=3.12 | 2 x * 6 - 3.12 = | 2:ball x:pound *:pound 6:pound -:pound 3.12:pound =:pound
EXPR: 0 | POS | FRA | 12 | 9.12 | 0.39 | ((2+6)*x)=3.12 | 2 6 + x * 3.12 = | 2:pound 6:pound +:pound x:UNKNOWN *:pound 3.12:pound =:pound
EXPR: 0 | POS | FRA | 12 | 9.12 | 15.12 | (x-(2*6))=3.12 | x 2 6 * - 3.12 = | x:pound 2:ball 6:pound *:pound -:pound 3.12:pound =:pound
EXPR: 0 | POS | FRA | 12 | 9.12 | 4.56 | ((x*2)-6)=3.12 | x 2 * 6 - 3.12 = | x:UNKNOWN 2:pound *:pound 6:pound -:pound 3.12:pound =:pound
EXPR: 0 | POS | FRA | 12 | 9.12 | 5.76 | 2=(x/(6-3.12)) | 2 x 6 3.12 - / = | 2:ball x:ball 6:pound 3.12:pound -:pound /:ball =:ball
EXPR: 0 | POS | FRA | 12 | 9.12 | 18.24 | 2=(x/(6+3.12)) | 2 x 6 3.12 + / = | 2:ball x:ball 6:pound 3.12:pound +:pound /:ball =:ball
EXPR: 0 | POS | FRA | 12 | 9.12 | 2.56410256410256 | ((2+6)/x)=3.12 | 2 6 + x / 3.12 = | 2:pound 6:pound +:pound x:UNKNOWN /:pound 3.12:pound =:pound
EXPR: 0 | POS | FRA | 12 | 9.12 | 0.186666666666667 | (2+(x*6))=3.12 | 2 x 6 * + 3.12 = | 2:pound x:UNKNOWN 6:pound *:pound +:pound 3.12:pound =:pound
EXPR: 0 | POS | FRA | 12 | 9.12 | 4.44 | (2*(6-x))=3.12 | 2 6 x - * 3.12 = | 2:ball 6:pound x:pound -:pound *:pound 3.12:pound =:pound
EXPR: 0 | POS | FRA | 12 | 9.12 | 0.853333333333333 | 2=((6*x)-3.12) | 2 6 x * 3.12 - = | 2:pound 6:pound x:UNKNOWN *:pound 3.12:pound -:pound =:pound
EXPR: 0 | POS | FRA | 12 | 9.12 | 1.28205128205128 | 2=(6-(3.12*x)) | 2 6 3.12 x * - = | 2:pound 6:pound 3.12:pound x:UNKNOWN *:pound -:pound =:pound
EXPR: 0 | POS | FRA | 12 | 9.12 | 0.186666666666667 | (2+(6*x))=3.12 | 2 6 x * + 3.12 = | 2:pound 6:pound x:UNKNOWN *:pound +:pound 3.12:pound =:pound
EXPR: 0 | POS | FRA | 12 | 9.12 | 1.48 | ((2-x)*6)=3.12 | 2 x - 6 * 3.12 = | 2:UNKNOWN x:UNKNOWN -:UNKNOWN 6:pound *:pound 3.12:pound =:pound
EXPR: 0 | POS | FRA | 12 | 9.12 | 0.694444444444444 | 2=((6-3.12)*x) | 2 6 3.12 - x * = | 2:pound 6:pound 3.12:pound -:pound x:UNKNOWN *:pound =:pound
EXPR: 0 | POS | FRA | 12 | 9.12 | 0.219298245614035 | 2=((6+3.12)*x) | 2 6 3.12 + x * = | 2:UNKNOWN 6:pound 3.12:pound +:pound x:UNKNOWN *:UNKNOWN =:UNKNOWN
EXPR: 0 | POS | FRA | 12 | 9.12 | 0.39 | (x*(2+6))=3.12 | x 2 6 + * 3.12 = | x:UNKNOWN 2:pound 6:pound +:pound *:pound 3.12:pound =:pound
EXPR: 0 | POS | FRA | 20 | 9.12 | 4.88 | x=((2+6)-3.12) | x 2 6 + 3.12 - = | x:pound 2:pound 6:pound +:pound 3.12:pound -:pound =:pound
EXPR: 0 | POS | FRA | 20 | 9.12 | 11.12 | (2+(6+3.12))=x | 2 6 3.12 + + x = | 2:pound 6:pound 3.12:pound +:pound +:pound x:pound =:pound
EXPR: 0 | POS | FRA | 20 | 9.12 | 12.24 | ((2*3.12)+6)=x | 2 3.12 * 6 + x = | 2:ball 3.12:pound *:pound 6:pound +:pound x:pound =:pound
EXPR: 0 | POS | FRA | 20 | 9.12 | 20.72 | x=(2+(6*3.12)) | x 2 6 3.12 * + = | x:UNKNOWN 2:UNKNOWN 6:UNKNOWN 3.12:pound *:UNKNOWN +:UNKNOWN =:UNKNOWN
EXPR: 0 | POS | FRA | 20 | 9.12 | 0.24 | ((2*3.12)-6)=x | 2 3.12 * 6 - x = | 2:ball 3.12:pound *:pound 6:pound -:pound x:pound =:pound
EXPR: 0 | POS | FRA | 20 | 9.12 | 3.45333333333333 | x=((2/6)+3.12) | x 2 6 / 3.12 + = | x:ball 2:ball 6:pound /:ball 3.12:ball +:ball =:ball
EXPR: 0 | POS | FRA | 20 | 9.12 | 24.96 | ((2+6)*3.12)=x | 2 6 + 3.12 * x = | 2:pound 6:pound +:pound 3.12:UNKNOWN *:UNKNOWN x:UNKNOWN =:UNKNOWN
EXPR: 0 | POS | FRA | 20 | 9.12 | 0.0769230769230769 | x=(2-(6/3.12)) | x 2 6 3.12 / - = | x:ball 2:ball 6:ball 3.12:pound /:ball -:ball =:ball
EXPR: 0 | POS | FRA | 20 | 9.12 | 3.92307692307692 | x=(2+(6/3.12)) | x 2 6 3.12 / + = | x:ball 2:ball 6:ball 3.12:pound /:ball +:ball =:ball
EXPR: 0 | POS | FRA | 20 | 9.12 | 0.24 | x=((2*3.12)-6) | x 2 3.12 * 6 - = | x:pound 2:ball 3.12:pound *:pound 6:pound -:pound =:pound
EXPR: 0 | POS | FRA | 20 | 9.12 | 12.24 | x=((2*3.12)+6) | x 2 3.12 * 6 + = | x:pound 2:ball 3.12:pound *:pound 6:pound +:pound =:pound
EXPR: 0 | POS | FRA | 20 | 9.12 | 12.24 | x=(6+(2*3.12)) | x 6 2 3.12 * + = | x:pound 6:pound 2:ball 3.12:pound *:pound +:pound =:pound
EXPR: 0 | POS | FRA | 20 | 9.12 | 24.96 | x=((2+6)*3.12) | x 2 6 + 3.12 * = | x:pound 2:ball 6:ball +:ball 3.12:pound *:pound =:pound
EXPR: 0 | POS | FRA | 20 | 9.12 | 6.12 | ((6/2)+3.12)=x | 6 2 / 3.12 + x = | 6:pound 2:ball /:pound 3.12:pound +:pound x:pound =:pound
EXPR: 0 | POS | FRA | 20 | 9.12 | 3.45333333333333 | ((2/6)+3.12)=x | 2 6 / 3.12 + x = | 2:ball 6:pound /:ball 3.12:ball +:ball x:ball =:ball
EXPR: 0 | POS | FRA | 20 | 9.12 | 12.24 | (6+(2*3.12))=x | 6 2 3.12 * + x = | 6:pound 2:ball 3.12:pound *:pound +:pound x:pound =:pound
EXPR: 0 | POS | FRA | 20 | 9.12 | 20.72 | (2+(6*3.12))=x | 2 6 3.12 * + x = | 2:UNKNOWN 6:UNKNOWN 3.12:pound *:UNKNOWN +:UNKNOWN x:UNKNOWN =:UNKNOWN
EXPR: 0 | POS | FRA | 20 | 9.12 | 3.92307692307692 | (2+(6/3.12))=x | 2 6 3.12 / + x = | 2:UNKNOWN 6:UNKNOWN 3.12:pound /:UNKNOWN +:UNKNOWN x:UNKNOWN =:UNKNOWN
EXPR: 0 | POS | FRA | 20 | 9.12 | 0.0769230769230769 | (2-(6/3.12))=x | 2 6 3.12 / - x = | 2:UNKNOWN 6:UNKNOWN 3.12:pound /:UNKNOWN -:UNKNOWN x:UNKNOWN =:UNKNOWN
EXPR: 0 | POS | FRA | 20 | 9.12 | 4.88 | (2+(6-3.12))=x | 2 6 3.12 - + x = | 2:pound 6:pound 3.12:pound -:pound +:pound x:pound =:pound
EXPR: 0 | POS | FRA | 20 | 9.12 | 6.12 | x=((6/2)+3.12) | x 6 2 / 3.12 + = | x:pound 6:pound 2:ball /:pound 3.12:pound +:pound =:pound
EXPR: 0 | POS | FRA | 22 | 9.12 | 0.186666666666667 | ((x*6)+2)=3.12 | x 6 * 2 + 3.12 = | x:UNKNOWN 6:pound *:pound 2:pound +:pound 3.12:pound =:pound
EXPR: 0 | POS | FRA | 22 | 9.12 | 1.44 | (6-(x*2))=3.12 | 6 x 2 * - 3.12 = | 6:pound x:UNKNOWN 2:pound *:pound -:pound 3.12:pound =:pound
EXPR: 0 | POS | FRA | 22 | 9.12 | 1.171875 | 2=((6/x)-3.12) | 2 6 x / 3.12 - = | 2:ball 6:ball x:UNKNOWN /:ball 3.12:ball -:ball =:ball
EXPR: 0 | POS | FRA | 22 | 9.12 | 0.0769230769230769 | (6/(2-x))=3.12 | 6 2 x - / 3.12 = | 6:pound 2:ball x:ball -:ball /:pound 3.12:pound =:pound
EXPR: 0 | POS | FRA | 22 | 9.12 | 16.72 | 2=((6*3.12)-x) | 2 6 3.12 * x - = | 2:ball 6:ball 3.12:pound *:ball x:ball -:ball =:ball
EXPR: 0 | POS | FRA | 22 | 9.12 | 0.853333333333333 | 2=((x*6)-3.12) | 2 x 6 * 3.12 - = | 2:ball x:UNKNOWN 6:ball *:ball 3.12:ball -:ball =:ball
EXPR: 0 | POS | FRA | 22 | 9.12 | 1.44 | (6-(2*x))=3.12 | 6 2 x * - 3.12 = | 6:pound 2:pound x:UNKNOWN *:pound -:pound 3.12:pound =:pound
EXPR: 0 | POS | FRA | 22 | 9.12 | 0.694444444444444 | (6-(2/x))=3.12 | 6 2 x / - 3.12 = | 6:pound 2:pound x:UNKNOWN /:pound -:pound 3.12:pound =:pound
EXPR: 0 | POS | FRA | 22 | 9.12 | 0.12 | (2*(3.12-x))=6 | 2 3.12 x - * 6 = | 2:ball 3.12:pound x:pound -:pound *:pound 6:pound =:pound
EXPR: 0 | POS | FRA | 22 | 9.12 | 0.12 | 6=(2*(3.12-x)) | 6 2 3.12 x - * = | 6:pound 2:ball 3.12:pound x:pound -:pound *:pound =:pound
EXPR: 0 | POS | FRA | 22 | 9.12 | 1.28205128205128 | 6=(2+(x*3.12)) | 6 2 x 3.12 * + = | 6:pound 2:pound x:UNKNOWN 3.12:pound *:pound +:pound =:pound
EXPR: 0 | POS | FRA | 22 | 9.12 | 4.56 | ((2*x)-3.12)=6 | 2 x * 3.12 - 6 = | 2:ball x:pound *:pound 3.12:pound -:pound 6:pound =:pound
EXPR: 0 | POS | FRA | 22 | 9.12 | 1.171875 | ((2+3.12)*x)=6 | 2 3.12 + x * 6 = | 2:pound 3.12:pound +:pound x:UNKNOWN *:pound 6:pound =:pound
EXPR: 0 | POS | FRA | 22 | 9.12 | 1.171875 | 6=(x*(2+3.12)) | 6 x 2 3.12 + * = | 6:pound x:UNKNOWN 2:pound 3.12:pound +:pound *:pound =:pound
EXPR: 0 | POS | FRA | 22 | 9.12 | 2.78666666666667 | 2=(6*(3.12-x)) | 2 6 3.12 x - * = | 2:UNKNOWN 6:pound 3.12:UNKNOWN x:UNKNOWN -:UNKNOWN *:UNKNOWN =:UNKNOWN
EXPR: 0 | POS | FRA | 22 | 9.12 | 6.12 | 6=(2*(x-3.12)) | 6 2 x 3.12 - * = | 6:pound 2:ball x:pound 3.12:pound -:pound *:pound =:pound
EXPR: 0 | POS | FRA | 22 | 9.12 | 24.96 | (x/(2+6))=3.12 | x 2 6 + / 3.12 = | x:UNKNOWN 2:pound 6:pound +:pound /:UNKNOWN 3.12:UNKNOWN =:UNKNOWN
EXPR: 0 | POS | FRA | 22 | 9.12 | 1.171875 | ((6/x)-2)=3.12 | 6 x / 2 - 3.12 = | 6:pound x:UNKNOWN /:pound 2:pound -:pound 3.12:pound =:pound
EXPR: 0 | POS | FRA | 22 | 9.12 | 5.35714285714286 | ((6/x)+2)=3.12 | 6 x / 2 + 3.12 = | 6:pound x:UNKNOWN /:pound 2:pound +:pound 3.12:pound =:pound
EXPR: 0 | POS | FRA | 22 | 9.12 | 1.44 | 2=((6-3.12)/x) | 2 6 3.12 - x / = | 2:pound 6:pound 3.12:pound -:pound x:ball /:pound =:pound
EXPR: 0 | POS | FRA | 22 | 9.12 | 4.56 | 2=((6+3.12)/x) | 2 6 3.12 + x / = | 2:pound 6:pound 3.12:pound +:pound x:ball /:pound =:pound
EXPR: 0 | POS | FRA | 22 | 9.12 | 4.88 | (2-(x-6))=3.12 | 2 x 6 - - 3.12 = | 2:pound x:pound 6:pound -:pound -:pound 3.12:pound =:pound
EXPR: 0 | POS | FRA | 22 | 9.12 | 0.853333333333333 | ((6*x)-2)=3.12 | 6 x * 2 - 3.12 = | 6:pound x:UNKNOWN *:pound 2:pound -:pound 3.12:pound =:pound
EXPR: 0 | POS | FRA | 22 | 9.12 | 0.186666666666667 | ((6*x)+2)=3.12 | 6 x * 2 + 3.12 = | 6:pound x:UNKNOWN *:pound 2:pound +:pound 3.12:pound =:pound
EXPR: 0 | POS | FRA | 22 | 9.12 | 20.72 | 2=(x-(6*3.12)) | 2 x 6 3.12 * - = | 2:UNKNOWN x:UNKNOWN 6:UNKNOWN 3.12:pound *:UNKNOWN -:UNKNOWN =:UNKNOWN
EXPR: 0 | POS | FRA | 22 | 9.12 | 6.64102564102564 | (2/(x-6))=3.12 | 2 x 6 - / 3.12 = | 2:ball x:pound 6:pound -:pound /:ball 3.12:ball =:ball
EXPR: 0 | POS | FRA | 22 | 9.12 | 3.84615384615385 | (2*6)=(x*3.12) | 2 6 * x 3.12 * = | 2:ball 6:UNKNOWN *:UNKNOWN x:UNKNOWN 3.12:pound *:UNKNOWN =:UNKNOWN
EXPR: 0 | POS | FRA | 22 | 9.12 | 1.04 | (x*6)=(2*3.12) | x 6 * 2 3.12 * = | x:UNKNOWN 6:pound *:pound 2:ball 3.12:pound *:pound =:pound
EXPR: 0 | POS | FRA | 22 | 9.12 | 30.72 | 2=((x/6)-3.12) | 2 x 6 / 3.12 - = | 2:UNKNOWN x:UNKNOWN 6:pound /:UNKNOWN 3.12:UNKNOWN -:UNKNOWN =:UNKNOWN
EXPR: 0 | POS | FRA | 22 | 9.12 | 7.12 | (2-(6-x))=3.12 | 2 6 x - - 3.12 = | 2:pound 6:pound x:pound -:pound -:pound 3.12:pound =:pound
EXPR: 0 | POS | FRA | 22 | 9.12 | 6.64102564102564 | 2=((x-6)*3.12) | 2 x 6 - 3.12 * = | 2:ball x:pound 6:pound -:pound 3.12:ball *:ball =:ball
EXPR: 0 | POS | FRA | 22 | 9.12 | 0.12 | ((6/2)+x)=3.12 | 6 2 / x + 3.12 = | 6:pound 2:ball /:pound x:pound +:pound 3.12:pound =:pound
EXPR: 0 | POS | FRA | 22 | 9.12 | 7.56 | (2*(x-6))=3.12 | 2 x 6 - * 3.12 = | 2:UNKNOWN x:pound 6:pound -:pound *:pound 3.12:pound =:pound
EXPR: 0 | POS | FRA | 22 | 9.12 | 6.12 | 2=(6/(x-3.12)) | 2 6 x 3.12 - / = | 2:ball 6:ball x:UNKNOWN 3.12:UNKNOWN -:UNKNOWN /:ball =:ball
EXPR: 0 | POS | FRA | 22 | 9.12 | 3.45333333333333 | 2=(6*(x-3.12)) | 2 6 x 3.12 - * = | 2:ball 6:ball x:UNKNOWN 3.12:UNKNOWN -:UNKNOWN *:ball =:ball
EXPR: 0 | POS | FRA | 22 | 9.12 | 4.56 | 6=((2*x)-3.12) | 6 2 x * 3.12 - = | 6:pound 2:pound x:UNKNOWN *:pound 3.12:pound -:pound =:pound
EXPR: 0 | POS | FRA | 22 | 9.12 | 1.44 | 6=((2*x)+3.12) | 6 2 x * 3.12 + = | 6:pound 2:pound x:UNKNOWN *:pound 3.12:pound +:pound =:pound
EXPR: 0 | POS | FRA | 22 | 9.12 | 4.88 | (2+(6-x))=3.12 | 2 6 x - + 3.12 = | 2:pound 6:pound x:pound -:pound +:pound 3.12:pound =:pound
EXPR: 0 | POS | FRA | 22 | 9.12 | 0.219298245614035 | ((2/x)-3.12)=6 | 2 x / 3.12 - 6 = | 2:pound x:UNKNOWN /:pound 3.12:pound -:pound 6:pound =:pound
EXPR: 0 | POS | FRA | 22 | 9.12 | 0.694444444444444 | ((2/x)+3.12)=6 | 2 x / 3.12 + 6 = | 2:pound x:UNKNOWN /:pound 3.12:pound +:pound 6:pound =:pound
EXPR: 0 | POS | FRA | 22 | 9.12 | 0.12 | 2=(6/(3.12-x)) | 2 6 3.12 x - / = | 2:ball 6:ball 3.12:UNKNOWN x:UNKNOWN -:UNKNOWN /:ball =:ball
EXPR: 0 | POS | FRA | 22 | 9.12 | 7.12 | (2+(x-6))=3.12 | 2 x 6 - + 3.12 = | 2:pound x:pound 6:pound -:pound +:pound 3.12:pound =:pound
EXPR: 0 | POS | FRA | 22 | 9.12 | 5.76 | (x/2)=(6-3.12) | x 2 / 6 3.12 - = | x:pound 2:ball /:pound 6:pound 3.12:pound -:pound =:pound
EXPR: 0 | POS | FRA | 22 | 9.12 | 18.24 | (x/2)=(6+3.12) | x 2 / 6 3.12 + = | x:pound 2:ball /:pound 6:pound 3.12:pound +:pound =:pound
EXPR: 0 | POS | FRA | 22 | 9.12 | 1.44 | (x*2)=(6-3.12) | x 2 * 6 3.12 - = | x:pound 2:ball *:pound 6:pound 3.12:pound -:pound =:pound
EXPR: 0 | POS | FRA | 22 | 9.12 | 4.56 | (x*2)=(6+3.12) | x 2 * 6 3.12 + = | x:pound 2:ball *:pound 6:pound 3.12:pound +:pound =:pound
EXPR: 0 | POS | FRA | 22 | 9.12 | 1.44 | ((2*x)+3.12)=6 | 2 x * 3.12 + 6 = | 2:pound x:UNKNOWN *:pound 3.12:pound +:pound 6:pound =:pound
EXPR: 0 | POS | FRA | 22 | 9.12 | 5.35897435897436 | 2=((6-x)*3.12) | 2 6 x - 3.12 * = | 2:ball 6:UNKNOWN x:UNKNOWN -:UNKNOWN 3.12:ball *:ball =:ball
EXPR: 0 | POS | FRA | 22 | 9.12 | 0.0769230769230769 | 2=((6/3.12)+x) | 2 6 3.12 / x + = | 2:ball 6:ball 3.12:pound /:ball x:ball +:ball =:ball
EXPR: 0 | POS | FRA | 22 | 9.12 | 5.35897435897436 | (2/(6-x))=3.12 | 2 6 x - / 3.12 = | 2:pound 6:UNKNOWN x:UNKNOWN -:UNKNOWN /:pound 3.12:pound =:pound
EXPR: 0 | POS | FRA | 22 | 9.12 | 12.24 | 6=(x-(2*3.12)) | 6 x 2 3.12 * - = | 6:pound x:pound 2:ball 3.12:pound *:pound -:pound =:pound
EXPR: 0 | POS | FRA | 22 | 9.12 | 0.853333333333333 | ((2+3.12)/x)=6 | 2 3.12 + x / 6 = | 2:pound 3.12:pound +:pound x:UNKNOWN /:pound 6:pound =:pound
EXPR: 0 | POS | FRA | 22 | 9.12 | 0.0769230769230769 | ((2-x)*3.12)=6 | 2 x - 3.12 * 6 = | 2:UNKNOWN x:UNKNOWN -:UNKNOWN 3.12:pound *:pound 6:pound =:pound
EXPR: 0 | POS | FRA | 22 | 9.12 | 6.72 | (2+(x/6))=3.12 | 2 x 6 / + 3.12 = | 2:UNKNOWN x:UNKNOWN 6:pound /:UNKNOWN +:UNKNOWN 3.12:UNKNOWN =:UNKNOWN
EXPR: 0 | POS | FRA | 22 | 9.12 | 6.12 | (x-(6/2))=3.12 | x 6 2 / - 3.12 = | x:pound 6:pound 2:ball /:pound -:pound 3.12:pound =:pound
EXPR: 0 | POS | FRA | 22 | 9.12 | 0.12 | (x+(6/2))=3.12 | x 6 2 / + 3.12 = | x:pound 6:pound 2:ball /:pound +:pound 3.12:pound =:pound
EXPR: 0 | POS | FRA | 22 | 9.12 | 0.961538461538462 | (6/x)=(2*3.12) | 6 x / 2 3.12 * = | 6:pound x:UNKNOWN /:pound 2:ball 3.12:pound *:pound =:pound
EXPR: 0 | POS | FRA | 30 | 9.12 | 30.72 | x=(6*(2+3.12)) | x 6 2 3.12 + * = | x:UNKNOWN 6:UNKNOWN 2:pound 3.12:pound +:pound *:UNKNOWN =:UNKNOWN
EXPR: 0 | POS | FRA | 30 | 9.12 | 30.72 | ((2+3.12)*6)=x | 2 3.12 + 6 * x = | 2:pound 3.12:pound +:pound 6:UNKNOWN *:UNKNOWN x:UNKNOWN =:UNKNOWN
EXPR: 0 | POS | FRA | 30 | 9.12 | 30.72 | (6*(2+3.12))=x | 6 2 3.12 + * x = | 6:pound 2:UNKNOWN 3.12:UNKNOWN +:UNKNOWN *:UNKNOWN x:UNKNOWN =:UNKNOWN
EXPR: 0 | POS | FRA | 30 | 9.12 | 12.48 | ((6-2)*3.12)=x | 6 2 - 3.12 * x = | 6:ball 2:ball -:ball 3.12:pound *:pound x:pound =:pound
EXPR: 0 | POS | FRA | 30 | 9.12 | 12.48 | x=((6-2)*3.12) | x 6 2 - 3.12 * = | x:pound 6:ball 2:ball -:ball 3.12:pound *:pound =:pound
EXPR: 0 | POS | FRA | 30 | 9.12 | 30.72 | x=((2+3.12)*6) | x 2 3.12 + 6 * = | x:ball 2:ball 3.12:ball +:ball 6:pound *:ball =:ball
EXPR: 0 | POS | FRA | 30 | 9.12 | 11.12 | x=((2+6)+3.12) | x 2 6 + 3.12 + = | x:ball 2:ball 6:ball +:ball 3.12:ball +:ball =:ball
EXPR: 0 | POS | FRA | 30 | 9.12 | 5.35897435897436 | (6-(2/3.12))=x | 6 2 3.12 / - x = | 6:UNKNOWN 2:UNKNOWN 3.12:pound /:UNKNOWN -:UNKNOWN x:UNKNOWN =:UNKNOWN
EXPR: 0 | POS | FRA | 30 | 9.12 | 6.64102564102564 | (6+(2/3.12))=x | 6 2 3.12 / + x = | 6:UNKNOWN 2:UNKNOWN 3.12:pound /:UNKNOWN +:UNKNOWN x:UNKNOWN =:UNKNOWN
EXPR: 0 | POS | FRA | 30 | 9.12 | 4.88 | ((2+6)-3.12)=x | 2 6 + 3.12 - x = | 2:ball 6:ball +:ball 3.12:ball -:ball x:ball =:ball
EXPR: 0 | POS | FRA | 30 | 9.12 | 0.853333333333333 | x=((2+3.12)/6) | x 2 3.12 + 6 / = | x:ball 2:ball 3.12:ball +:ball 6:pound /:ball =:ball
EXPR: 0 | POS | FRA | 30 | 9.12 | 4.88 | x=((2-3.12)+6) | x 2 3.12 - 6 + = | x:pound 2:pound 3.12:pound -:pound 6:pound +:pound =:pound
EXPR: 0 | POS | FRA | 30 | 9.12 | 1.171875 | (6/(2+3.12))=x | 6 2 3.12 + / x = | 6:pound 2:ball 3.12:ball +:ball /:pound x:pound =:pound
EXPR: 0 | POS | FRA | 30 | 9.12 | 1.171875 | x=(6/(2+3.12)) | x 6 2 3.12 + / = | x:UNKNOWN 6:UNKNOWN 2:ball 3.12:ball +:ball /:UNKNOWN =:UNKNOWN
EXPR: 0 | POS | FRA | 30 | 9.12 | 2.52 | x=(2+(3.12/6)) | x 2 3.12 6 / + = | x:UNKNOWN 2:UNKNOWN 3.12:UNKNOWN 6:pound /:UNKNOWN +:UNKNOWN =:UNKNOWN
EXPR: 0 | POS | FRA | 30 | 9.12 | 6.64102564102564 | x=((2/3.12)+6) | x 2 3.12 / 6 + = | x:UNKNOWN 2:UNKNOWN 3.12:pound /:UNKNOWN 6:UNKNOWN +:UNKNOWN =:UNKNOWN
EXPR: 0 | POS | FRA | 30 | 9.12 | 4.88 | (6+(2-3.12))=x | 6 2 3.12 - + x = | 6:pound 2:pound 3.12:pound -:pound +:pound x:pound =:pound
EXPR: 0 | POS | FRA | 30 | 9.12 | 7.12 | (6-(2-3.12))=x | 6 2 3.12 - - x = | 6:pound 2:pound 3.12:pound -:pound -:pound x:pound =:pound
EXPR: 0 | POS | FRA | 30 | 9.12 | 11.12 | (6+(2+3.12))=x | 6 2 3.12 + + x = | 6:pound 2:pound 3.12:pound +:pound +:pound x:pound =:pound
EXPR: 0 | POS | FRA | 30 | 9.12 | 6.64102564102564 | x=(6+(2/3.12)) | x 6 2 3.12 / + = | x:UNKNOWN 6:UNKNOWN 2:UNKNOWN 3.12:pound /:UNKNOWN +:UNKNOWN =:UNKNOWN
EXPR: 0 | POS | FRA | 30 | 9.12 | 5.35897435897436 | x=(6-(2/3.12)) | x 6 2 3.12 / - = | x:UNKNOWN 6:UNKNOWN 2:UNKNOWN 3.12:pound /:UNKNOWN -:UNKNOWN =:UNKNOWN
EXPR: 0 | POS | FRA | 30 | 9.12 | 2.56410256410256 | ((2+6)/3.12)=x | 2 6 + 3.12 / x = | 2:pound 6:pound +:pound 3.12:ball /:pound x:pound =:pound
EXPR: 0 | POS | FRA | 30 | 9.12 | 1.48 | x=(2-(3.12/6)) | x 2 3.12 6 / - = | x:UNKNOWN 2:UNKNOWN 3.12:UNKNOWN 6:pound /:UNKNOWN -:UNKNOWN =:UNKNOWN
EXPR: 0 | POS | FRA | 30 | 9.12 | 1.48 | (2-(3.12/6))=x | 2 3.12 6 / - x = | 2:UNKNOWN 3.12:UNKNOWN 6:pound /:UNKNOWN -:UNKNOWN x:UNKNOWN =:UNKNOWN
EXPR: 0 | POS | FRA | 30 | 9.12 | 2.52 | (2+(3.12/6))=x | 2 3.12 6 / + x = | 2:UNKNOWN 3.12:UNKNOWN 6:pound /:UNKNOWN +:UNKNOWN x:UNKNOWN =:UNKNOWN
EXPR: 0 | POS | FRA | 30 | 9.12 | 0.88 | (6-(2+3.12))=x | 6 2 3.12 + - x = | 6:pound 2:pound 3.12:pound +:pound -:pound x:pound =:pound
EXPR: 0 | POS | FRA | 32 | 9.12 | 4.56 | 6=((x*2)-3.12) | 6 x 2 * 3.12 - = | 6:pound x:pound 2:UNKNOWN *:pound 3.12:pound -:pound =:pound
EXPR: 0 | POS | FRA | 32 | 9.12 | 3.45333333333333 | 6=(2/(x-3.12)) | 6 2 x 3.12 - / = | 6:ball 2:ball x:UNKNOWN 3.12:UNKNOWN -:UNKNOWN /:ball =:ball
EXPR: 0 | POS | FRA | 32 | 9.12 | 37.44 | (x/2)=(6*3.12) | x 2 / 6 3.12 * = | x:UNKNOWN 2:pound /:UNKNOWN 6:pound 3.12:UNKNOWN *:UNKNOWN =:UNKNOWN
EXPR: 0 | POS | FRA | 32 | 9.12 | 4.56 | ((x*2)-3.12)=6 | x 2 * 3.12 - 6 = | x:ball 2:pound *:pound 3.12:pound -:pound 6:pound =:pound
EXPR: 0 | POS | FRA | 32 | 9.12 | 0.186666666666667 | 2=(3.12-(x*6)) | 2 3.12 x 6 * - = | 2:pound 3.12:pound x:ball 6:pound *:pound -:pound =:pound
EXPR: 0 | POS | FRA | 32 | 9.12 | 1.171875 | (x*(2+3.12))=6 | x 2 3.12 + * 6 = | x:UNKNOWN 2:ball 3.12:ball +:ball *:UNKNOWN 6:UNKNOWN =:UNKNOWN
EXPR: 0 | POS | FRA | 32 | 9.12 | 1.44 | ((x*2)+3.12)=6 | x 2 * 3.12 + 6 = | x:ball 2:pound *:pound 3.12:pound +:pound 6:pound =:pound
EXPR: 0 | POS | FRA | 32 | 9.12 | 15.12 | (2*6)=(x-3.12) | 2 6 * x 3.12 - = | 2:ball 6:pound *:ball x:ball 3.12:ball -:ball =:ball
EXPR: 0 | POS | FRA | 32 | 9.12 | 8.88 | (2*6)=(x+3.12) | 2 6 * x 3.12 + = | 2:ball 6:pound *:ball x:ball 3.12:ball +:ball =:ball
EXPR: 0 | POS | FRA | 32 | 9.12 | 5.35897435897436 | ((2/3.12)+x)=6 | 2 3.12 / x + 6 = | 2:ball 3.12:pound /:ball x:ball +:ball 6:ball =:ball
EXPR: 0 | POS | FRA | 32 | 9.12 | 16.72 | (x+2)=(6*3.12) | x 2 + 6 3.12 * = | x:UNKNOWN 2:UNKNOWN +:UNKNOWN 6:pound 3.12:UNKNOWN *:UNKNOWN =:UNKNOWN
EXPR: 0 | POS | FRA | 32 | 9.12 | 20.72 | (x-2)=(6*3.12) | x 2 - 6 3.12 * = | x:UNKNOWN 2:UNKNOWN -:UNKNOWN 6:pound 3.12:UNKNOWN *:UNKNOWN =:UNKNOWN
EXPR: 0 | POS | FRA | 32 | 9.12 | 12.48 | 6=(2+(x/3.12)) | 6 2 x 3.12 / + = | 6:ball 2:ball x:ball 3.12:pound /:ball +:ball =:ball
EXPR: 0 | POS | FRA | 32 | 9.12 | 0.88 | (2+(x+3.12))=6 | 2 x 3.12 + + 6 = | 2:pound x:pound 3.12:pound +:pound +:pound 6:pound =:pound
EXPR: 0 | POS | FRA | 32 | 9.12 | 0.88 | (6-(x+2))=3.12 | 6 x 2 + - 3.12 = | 6:pound x:pound 2:pound +:pound -:pound 3.12:pound =:pound
EXPR: 0 | POS | FRA | 32 | 9.12 | 1.28205128205128 | (2+(x*3.12))=6 | 2 x 3.12 * + 6 = | 2:ball x:UNKNOWN 3.12:ball *:ball +:ball 6:ball =:ball
EXPR: 0 | POS | FRA | 32 | 9.12 | 0.24 | ((6+x)/2)=3.12 | 6 x + 2 / 3.12 = | 6:pound x:pound +:pound 2:UNKNOWN /:pound 3.12:pound =:pound
EXPR: 0 | POS | FRA | 32 | 9.12 | 2.52 | (6*(x-2))=3.12 | 6 x 2 - * 3.12 = | 6:pound x:ball 2:ball -:ball *:ball 3.12:ball =:ball
EXPR: 0 | POS | FRA | 32 | 9.12 | 12.24 | (x-(2*3.12))=6 | x 2 3.12 * - 6 = | x:pound 2:UNKNOWN 3.12:pound *:pound -:pound 6:pound =:pound
EXPR: 0 | POS | FRA | 32 | 9.12 | 5.35897435897436 | 2=(3.12*(6-x)) | 2 3.12 6 x - * = | 2:UNKNOWN 3.12:pound 6:UNKNOWN x:UNKNOWN -:UNKNOWN *:UNKNOWN =:UNKNOWN
EXPR: 0 | POS | FRA | 32 | 9.12 | 1.04 | (2*3.12)=(x*6) | 2 3.12 * x 6 * = | 2:ball 3.12:UNKNOWN *:UNKNOWN x:UNKNOWN 6:pound *:UNKNOWN =:UNKNOWN
EXPR: 0 | POS | FRA | 32 | 9.12 | 1.48 | (6*(2-x))=3.12 | 6 2 x - * 3.12 = | 6:pound 2:UNKNOWN x:UNKNOWN -:UNKNOWN *:UNKNOWN 3.12:UNKNOWN =:UNKNOWN
EXPR: 0 | POS | FRA | 32 | 9.12 | 2.78666666666667 | ((2/6)+x)=3.12 | 2 6 / x + 3.12 = | 2:pound 6:UNKNOWN /:pound x:pound +:pound 3.12:pound =:pound
EXPR: 0 | POS | FRA | 32 | 9.12 | 6.12 | (2*(x-3.12))=6 | 2 x 3.12 - * 6 = | 2:ball x:UNKNOWN 3.12:UNKNOWN -:UNKNOWN *:ball 6:ball =:ball
EXPR: 0 | POS | FRA | 32 | 9.12 | 4.44 | ((6-x)*2)=3.12 | 6 x - 2 * 3.12 = | 6:UNKNOWN x:UNKNOWN -:UNKNOWN 2:ball *:UNKNOWN 3.12:UNKNOWN =:UNKNOWN
EXPR: 0 | POS | FRA | 32 | 9.12 | 1.48 | 2=(x+(3.12/6)) | 2 x 3.12 6 / + = | 2:UNKNOWN x:UNKNOWN 3.12:UNKNOWN 6:pound /:UNKNOWN +:UNKNOWN =:UNKNOWN
EXPR: 0 | POS | FRA | 32 | 9.12 | 0.88 | (x+2)=(6-3.12) | x 2 + 6 3.12 - = | x:pound 2:pound +:pound 6:pound 3.12:pound -:pound =:pound
EXPR: 0 | POS | FRA | 32 | 9.12 | 9.36 | (x*2)=(6*3.12) | x 2 * 6 3.12 * = | x:UNKNOWN 2:pound *:pound 6:ball 3.12:pound *:pound =:pound
EXPR: 0 | POS | FRA | 32 | 9.12 | 30.72 | 6=(x/(2+3.12)) | 6 x 2 3.12 + / = | 6:pound x:pound 2:ball 3.12:ball +:ball /:pound =:pound
EXPR: 0 | POS | FRA | 32 | 9.12 | 0.78 | ((6-2)*x)=3.12 | 6 2 - x * 3.12 = | 6:ball 2:ball -:ball x:pound *:pound 3.12:pound =:pound
EXPR: 0 | POS | FRA | 32 | 9.12 | 0.24 | 2=((6+x)/3.12) | 2 6 x + 3.12 / = | 2:pound 6:pound x:pound +:pound 3.12:ball /:pound =:pound
EXPR: 0 | POS | FRA | 32 | 9.12 | 3.45333333333333 | (2/(x-3.12))=6 | 2 x 3.12 - / 6 = | 2:ball x:pound 3.12:pound -:pound /:ball 6:ball =:ball
EXPR: 0 | POS | FRA | 32 | 9.12 | 24.96 | 2=((x/3.12)-6) | 2 x 3.12 / 6 - = | 2:UNKNOWN x:UNKNOWN 3.12:pound /:UNKNOWN 6:UNKNOWN -:UNKNOWN =:UNKNOWN
EXPR: 0 | POS | FRA | 32 | 9.12 | 24.96 | (2+6)=(x/3.12) | 2 6 + x 3.12 / = | 2:ball 6:ball +:ball x:ball 3.12:pound /:ball =:ball
EXPR: 0 | POS | FRA | 32 | 9.12 | 0.961538461538462 | (x*2)=(6/3.12) | x 2 * 6 3.12 / = | x:UNKNOWN 2:ball *:ball 6:ball 3.12:UNKNOWN /:ball =:ball
EXPR: 0 | POS | FRA | 32 | 9.12 | 2.78666666666667 | (x+(2/6))=3.12 | x 2 6 / + 3.12 = | x:ball 2:ball 6:UNKNOWN /:ball +:ball 3.12:ball =:ball
EXPR: 0 | POS | FRA | 32 | 9.12 | 0.78 | (x*(6-2))=3.12 | x 6 2 - * 3.12 = | x:UNKNOWN 6:ball 2:ball -:ball *:ball 3.12:ball =:ball
EXPR: 0 | POS | FRA | 32 | 9.12 | 3.45333333333333 | (x-(2/6))=3.12 | x 2 6 / - 3.12 = | x:ball 2:ball 6:UNKNOWN /:ball -:ball 3.12:ball =:ball
EXPR: 0 | POS | FRA | 32 | 9.12 | 0.853333333333333 | 6=((2+3.12)/x) | 6 2 3.12 + x / = | 6:pound 2:pound 3.12:pound +:pound x:ball /:pound =:pound
EXPR: 0 | POS | FRA | 32 | 9.12 | 5.35897435897436 | 6=((2/3.12)+x) | 6 2 3.12 / x + = | 6:UNKNOWN 2:UNKNOWN 3.12:pound /:UNKNOWN x:UNKNOWN +:UNKNOWN =:UNKNOWN
EXPR: 0 | POS | FRA | 32 | 9.12 | 2.52 | ((x-2)*6)=3.12 | x 2 - 6 * 3.12 = | x:pound 2:pound -:pound 6:UNKNOWN *:pound 3.12:pound =:pound
EXPR: 0 | POS | FRA | 32 | 9.12 | 1.04 | (6/2)=(3.12/x) | 6 2 / 3.12 x / = | 6:pound 2:ball /:pound 3.12:pound x:ball /:pound =:pound
EXPR: 0 | POS | FRA | 32 | 9.12 | 5.76 | (6-(x/2))=3.12 | 6 x 2 / - 3.12 = | 6:pound x:pound 2:UNKNOWN /:pound -:pound 3.12:pound =:pound
EXPR: 0 | POS | FRA | 32 | 9.12 | 2.56410256410256 | 2=((x*3.12)-6) | 2 x 3.12 * 6 - = | 2:ball x:UNKNOWN 3.12:ball *:ball 6:ball -:ball =:ball
EXPR: 0 | POS | FRA | 32 | 9.12 | 16.72 | 6=((2+x)/3.12) | 6 2 x + 3.12 / = | 6:ball 2:ball x:ball +:ball 3.12:pound /:ball =:ball
EXPR: 0 | POS | FRA | 32 | 9.12 | 16.72 | ((2+x)/3.12)=6 | 2 x + 3.12 / 6 = | 2:UNKNOWN x:UNKNOWN +:UNKNOWN 3.12:pound /:UNKNOWN 6:UNKNOWN =:UNKNOWN
EXPR: 0 | POS | FRA | 32 | 9.12 | 7.12 | ((2+x)-6)=3.12 | 2 x + 6 - 3.12 = | 2:ball x:ball +:ball 6:ball -:ball 3.12:ball =:ball
EXPR: 0 | POS | FRA | 32 | 9.12 | 7.12 | 2=((6-x)+3.12) | 2 6 x - 3.12 + = | 2:ball 6:ball x:ball -:ball 3.12:ball +:ball =:ball
EXPR: 0 | POS | FRA | 32 | 9.12 | 4.44 | 2=(3.12/(6-x)) | 2 3.12 6 x - / = | 2:ball 3.12:ball 6:UNKNOWN x:UNKNOWN -:UNKNOWN /:ball =:ball
EXPR: 0 | POS | FRA | 32 | 9.12 | 0.24 | ((2*3.12)-x)=6 | 2 3.12 * x - 6 = | 2:ball 3.12:pound *:ball x:ball -:ball 6:ball =:ball
EXPR: 0 | POS | FRA | 32 | 9.12 | 16.72 | ((2+x)/6)=3.12 | 2 x + 6 / 3.12 = | 2:pound x:pound +:pound 6:UNKNOWN /:pound 3.12:pound =:pound
EXPR: 0 | POS | FRA | 32 | 9.12 | 3.45333333333333 | 2=((x-3.12)*6) | 2 x 3.12 - 6 * = | 2:ball x:pound 3.12:pound -:pound 6:ball *:ball =:ball
EXPR: 0 | POS | FRA | 32 | 9.12 | 0.186666666666667 | 2=(3.12-(6*x)) | 2 3.12 6 x * - = | 2:ball 3.12:ball 6:pound x:ball *:ball -:ball =:ball
EXPR: 0 | POS | FRA | 32 | 9.12 | 1.48 | 2=((3.12/6)+x) | 2 3.12 6 / x + = | 2:ball 3.12:ball 6:pound /:ball x:ball +:ball =:ball
EXPR: 0 | POS | FRA | 32 | 9.12 | 0.106837606837607 | (2/6)=(x*3.12) | 2 6 / x 3.12 * = | 2:ball 6:UNKNOWN /:ball x:UNKNOWN 3.12:ball *:ball =:ball
EXPR: 0 | POS | FRA | 32 | 9.12 | 16.72 | ((x+2)/3.12)=6 | x 2 + 3.12 / 6 = | x:UNKNOWN 2:UNKNOWN +:UNKNOWN 3.12:pound /:UNKNOWN 6:UNKNOWN =:UNKNOWN
EXPR: 0 | POS | FRA | 32 | 9.12 | 2.78666666666667 | 2=((3.12-x)*6) | 2 3.12 x - 6 * = | 2:ball 3.12:UNKNOWN x:UNKNOWN -:UNKNOWN 6:ball *:ball =:ball
EXPR: 0 | POS | FRA | 32 | 9.12 | 20.72 | ((x-2)/3.12)=6 | x 2 - 3.12 / 6 = | x:UNKNOWN 2:UNKNOWN -:UNKNOWN 3.12:pound /:UNKNOWN 6:UNKNOWN =:UNKNOWN
EXPR: 0 | POS | FRA | 32 | 9.12 | 6.64102564102564 | 2=(3.12*(x-6)) | 2 3.12 x 6 - * = | 2:UNKNOWN 3.12:pound x:UNKNOWN 6:UNKNOWN -:UNKNOWN *:UNKNOWN =:UNKNOWN
EXPR: 0 | POS | FRA | 32 | 9.12 | 1.44 | (2*x)=(6-3.12) | 2 x * 6 3.12 - = | 2:ball x:UNKNOWN *:ball 6:ball 3.12:ball -:ball =:ball
EXPR: 0 | POS | FRA | 32 | 9.12 | 4.56 | (2*x)=(6+3.12) | 2 x * 6 3.12 + = | 2:ball x:UNKNOWN *:ball 6:ball 3.12:ball +:ball =:ball
EXPR: 0 | POS | FRA | 32 | 9.12 | 2.78666666666667 | (2/(3.12-x))=6 | 2 3.12 x - / 6 = | 2:ball 3.12:pound x:pound -:pound /:ball 6:ball =:ball
EXPR: 0 | POS | FRA | 32 | 9.12 | 0.106837606837607 | (2/x)=(6*3.12) | 2 x / 6 3.12 * = | 2:pound x:UNKNOWN /:pound 6:ball 3.12:pound *:pound =:pound
EXPR: 0 | POS | FRA | 32 | 9.12 | 0.88 | (6-(2+x))=3.12 | 6 2 x + - 3.12 = | 6:pound 2:pound x:pound +:pound -:pound 3.12:pound =:pound
EXPR: 0 | POS | FRA | 32 | 9.12 | 0.219298245614035 | (2/x)=(6+3.12) | 2 x / 6 3.12 + = | 2:ball x:UNKNOWN /:ball 6:ball 3.12:ball +:ball =:ball
EXPR: 0 | POS | FRA | 32 | 9.12 | 3.92307692307692 | ((x-2)*3.12)=6 | x 2 - 3.12 * 6 = | x:UNKNOWN 2:UNKNOWN -:UNKNOWN 3.12:pound *:UNKNOWN 6:UNKNOWN =:UNKNOWN
EXPR: 0 | POS | FRA | 32 | 9.12 | 4.88 | (6-(x-2))=3.12 | 6 x 2 - - 3.12 = | 6:pound x:pound 2:pound -:pound -:pound 3.12:pound =:pound
EXPR: 0 | POS | FRA | 32 | 9.12 | 2.56410256410256 | (2+6)=(3.12*x) | 2 6 + 3.12 x * = | 2:UNKNOWN 6:UNKNOWN +:UNKNOWN 3.12:pound x:UNKNOWN *:UNKNOWN =:UNKNOWN
EXPR: 0 | POS | FRA | 32 | 9.12 | 7.56 | 2=(3.12/(x-6)) | 2 3.12 x 6 - / = | 2:ball 3.12:ball x:pound 6:pound -:pound /:ball =:ball
EXPR: 0 | POS | FRA | 32 | 9.12 | 0.26 | (2*6)=(3.12/x) | 2 6 * 3.12 x / = | 2:ball 6:pound *:ball 3.12:ball x:pound /:ball =:ball
EXPR: 0 | POS | FRA | 35 | 9.12 | 5.76 | ((6-3.12)*2)=x | 6 3.12 - 2 * x = | 6:pound 3.12:pound -:pound 2:ball *:pound x:pound =:pound
EXPR: 0 | POS | FRA | 35 | 9.12 | 18.24 | ((6+3.12)*2)=x | 6 3.12 + 2 * x = | 6:pound 3.12:pound +:pound 2:ball *:pound x:pound =:pound
EXPR: 0 | POS | FRA | 35 | 9.12 | 18.24 | x=((6+3.12)*2) | x 6 3.12 + 2 * = | x:ball 6:pound 3.12:pound +:pound 2:ball *:ball =:ball
EXPR: 0 | POS | FRA | 35 | 9.12 | 15.12 | x=(3.12+(2*6)) | x 3.12 2 6 * + = | x:pound 3.12:pound 2:ball 6:pound *:pound +:pound =:pound
EXPR: 0 | POS | FRA | 35 | 9.12 | 15.12 | (3.12+(2*6))=x | 3.12 2 6 * + x = | 3.12:pound 2:ball 6:pound *:pound +:pound x:pound =:pound
EXPR: 0 | POS | FRA | 35 | 9.12 | 7.56 | x=((3.12/2)+6) | x 3.12 2 / 6 + = | x:pound 3.12:pound 2:ball /:pound 6:pound +:pound =:pound
EXPR: 0 | POS | FRA | 35 | 9.12 | 1.44 | ((6-3.12)/2)=x | 6 3.12 - 2 / x = | 6:pound 3.12:pound -:pound 2:ball /:pound x:pound =:pound
EXPR: 0 | POS | FRA | 35 | 9.12 | 4.56 | ((6+3.12)/2)=x | 6 3.12 + 2 / x = | 6:pound 3.12:pound +:pound 2:ball /:pound x:pound =:pound
EXPR: 0 | POS | FRA | 37 | 9.12 | 1.28205128205128 | 6=((x*3.12)+2) | 6 x 3.12 * 2 + = | 6:pound x:UNKNOWN 3.12:pound *:pound 2:pound +:pound =:pound
EXPR: 0 | POS | FRA | 37 | 9.12 | 8.88 | ((3.12+x)/2)=6 | 3.12 x + 2 / 6 = | 3.12:pound x:pound +:pound 2:ball /:pound 6:pound =:pound
EXPR: 0 | POS | FRA | 37 | 9.12 | 18.24 | (x/(6+3.12))=2 | x 6 3.12 + / 2 = | x:ball 6:pound 3.12:pound +:pound /:ball 2:ball =:ball
EXPR: 0 | POS | FRA | 37 | 9.12 | 0.39 | 3.12=(x*(2+6)) | 3.12 x 2 6 + * = | 3.12:pound x:UNKNOWN 2:pound 6:pound +:pound *:pound =:pound
EXPR: 0 | POS | FRA | 37 | 9.12 | 0.0769230769230769 | (3.12*(2-x))=6 | 3.12 2 x - * 6 = | 3.12:pound 2:ball x:ball -:ball *:pound 6:pound =:pound
EXPR: 0 | POS | FRA | 37 | 9.12 | 1.44 | 6=(3.12+(x*2)) | 6 3.12 x 2 * + = | 6:pound 3.12:pound x:UNKNOWN 2:pound *:pound +:pound =:pound
EXPR: 0 | POS | FRA | 37 | 9.12 | 0.694444444444444 | (x*(6-3.12))=2 | x 6 3.12 - * 2 = | x:UNKNOWN 6:pound 3.12:pound -:pound *:pound 2:pound =:pound
EXPR: 0 | POS | FRA | 37 | 9.12 | 2.56410256410256 | 3.12=((2+6)/x) | 3.12 2 6 + x / = | 3.12:pound 2:pound 6:pound +:pound x:UNKNOWN /:pound =:pound
EXPR: 0 | POS | FRA | 37 | 9.12 | 5.76 | 6=(3.12+(x/2)) | 6 3.12 x 2 / + = | 6:pound 3.12:pound x:pound 2:ball /:pound +:pound =:pound
EXPR: 0 | POS | FRA | 37 | 9.12 | 5.35714285714286 | (x*(3.12-2))=6 | x 3.12 2 - * 6 = | x:UNKNOWN 3.12:pound 2:pound -:pound *:pound 6:pound =:pound
EXPR: 0 | POS | FRA | 37 | 9.12 | 1.44 | 6=(3.12+(2*x)) | 6 3.12 2 x * + = | 6:pound 3.12:pound 2:pound x:UNKNOWN *:pound +:pound =:pound
EXPR: 0 | POS | FRA | 37 | 9.12 | 2.52 | 6=(3.12/(x-2)) | 6 3.12 x 2 - / = | 6:pound 3.12:pound x:UNKNOWN 2:UNKNOWN -:UNKNOWN /:pound =:pound
EXPR: 0 | POS | FRA | 37 | 9.12 | 0.26 | (6*x)=(3.12/2) | 6 x * 3.12 2 / = | 6:pound x:UNKNOWN *:pound 3.12:pound 2:ball /:pound =:pound
EXPR: 0 | POS | FRA | 37 | 9.12 | 0.853333333333333 | ((x*6)-3.12)=2 | x 6 * 3.12 - 2 = | x:UNKNOWN 6:pound *:pound 3.12:pound -:pound 2:pound =:pound
EXPR: 0 | POS | FRA | 37 | 9.12 | 3.92307692307692 | 6=(3.12*(x-2)) | 6 3.12 x 2 - * = | 6:pound 3.12:pound x:UNKNOWN 2:UNKNOWN -:UNKNOWN *:pound =:pound
EXPR: 0 | POS | FRA | 37 | 9.12 | 3.84615384615385 | (x*3.12)=(2*6) | x 3.12 * 2 6 * = | x:UNKNOWN 3.12:pound *:pound 2:ball 6:pound *:pound =:pound
EXPR: 0 | POS | FRA | 37 | 9.12 | 3.84615384615385 | (6/x)=(3.12/2) | 6 x / 3.12 2 / = | 6:pound x:UNKNOWN /:pound 3.12:pound 2:ball /:pound =:pound
EXPR: 0 | POS | FRA | 37 | 9.12 | 8.88 | 6=((3.12+x)/2) | 6 3.12 x + 2 / = | 6:pound 3.12:pound x:pound +:pound 2:ball /:pound =:pound
EXPR: 0 | POS | FRA | 37 | 9.12 | 1.48 | 6=(3.12/(2-x)) | 6 3.12 2 x - / = | 6:pound 3.12:pound 2:ball x:ball -:ball /:pound =:pound
EXPR: 0 | POS | FRA | 37 | 9.12 | 0.0769230769230769 | 6=(3.12*(2-x)) | 6 3.12 2 x - * = | 6:pound 3.12:pound 2:ball x:ball -:ball *:pound =:pound
EXPR: 0 | POS | FRA | 37 | 9.12 | 0.39 | 3.12=((2+6)*x) | 3.12 2 6 + x * = | 3.12:pound 2:pound 6:pound +:pound x:UNKNOWN *:pound =:pound
EXPR: 0 | POS | FRA | 37 | 9.12 | 3.92307692307692 | (3.12*(x-2))=6 | 3.12 x 2 - * 6 = | 3.12:pound x:ball 2:ball -:ball *:pound 6:pound =:pound
EXPR: 0 | POS | FRA | 37 | 9.12 | 4.56 | 3.12=((x*2)-6) | 3.12 x 2 * 6 - = | 3.12:pound x:pound 2:ball *:pound 6:pound -:pound =:pound
EXPR: 0 | POS | FRA | 37 | 9.12 | 0.219298245614035 | (x*(6+3.12))=2 | x 6 3.12 + * 2 = | x:ball 6:pound 3.12:pound +:pound *:ball 2:ball =:ball
EXPR: 0 | POS | FRA | 37 | 9.12 | 0.186666666666667 | 3.12=(2+(x*6)) | 3.12 2 x 6 * + = | 3.12:pound 2:pound x:UNKNOWN 6:pound *:pound +:pound =:pound
EXPR: 0 | POS | FRA | 37 | 9.12 | 5.35714285714286 | ((3.12-2)*x)=6 | 3.12 2 - x * 6 = | 3.12:pound 2:pound -:pound x:UNKNOWN *:pound 6:pound =:pound
EXPR: 0 | POS | FRA | 37 | 9.12 | 5.35714285714286 | 6=((3.12-2)*x) | 6 3.12 2 - x * = | 6:pound 3.12:pound 2:pound -:pound x:UNKNOWN *:pound =:pound
EXPR: 0 | POS | FRA | 37 | 9.12 | 0.694444444444444 | ((6-3.12)*x)=2 | 6 3.12 - x * 2 = | 6:pound 3.12:pound -:pound x:ball *:ball 2:ball =:ball
EXPR: 0 | POS | FRA | 37 | 9.12 | 0.219298245614035 | ((6+3.12)*x)=2 | 6 3.12 + x * 2 = | 6:pound 3.12:pound +:pound x:ball *:ball 2:ball =:ball
EXPR: 0 | POS | FRA | 37 | 9.12 | 0.78 | (6-(3.12/x))=2 | 6 3.12 x / - 2 = | 6:pound 3.12:pound x:UNKNOWN /:pound -:pound 2:pound =:pound
EXPR: 0 | POS | FRA | 37 | 9.12 | 2.56410256410256 | 6=((3.12*x)-2) | 6 3.12 x * 2 - = | 6:pound 3.12:pound x:UNKNOWN *:pound 2:pound -:pound =:pound
EXPR: 0 | POS | FRA | 37 | 9.12 | 1.28205128205128 | 6=((3.12*x)+2) | 6 3.12 x * 2 + = | 6:pound 3.12:pound x:UNKNOWN *:pound 2:pound +:pound =:pound
EXPR: 0 | POS | FRA | 37 | 9.12 | 15.12 | 3.12=(x-(2*6)) | 3.12 x 2 6 * - = | 3.12:pound x:pound 2:ball 6:pound *:pound -:pound =:pound
EXPR: 0 | POS | FRA | 37 | 9.12 | 2.56410256410256 | 6=((x*3.12)-2) | 6 x 3.12 * 2 - = | 6:pound x:UNKNOWN 3.12:pound *:pound 2:pound -:pound =:pound
EXPR: 0 | POS | FRA | 37 | 9.12 | 7.56 | 3.12=(2*(x-6)) | 3.12 2 x 6 - * = | 3.12:pound 2:ball x:pound 6:pound -:pound *:pound =:pound
EXPR: 0 | POS | FRA | 37 | 9.12 | 4.44 | ((3.12/2)+x)=6 | 3.12 2 / x + 6 = | 3.12:pound 2:ball /:pound x:pound +:pound 6:pound =:pound
EXPR: 0 | POS | FRA | 37 | 9.12 | 7.56 | (x-(3.12/2))=6 | x 3.12 2 / - 6 = | x:pound 3.12:pound 2:ball /:pound -:pound 6:pound =:pound
EXPR: 0 | POS | FRA | 37 | 9.12 | 0.26 | (3.12/x)=(2*6) | 3.12 x / 2 6 * = | 3.12:pound x:UNKNOWN /:pound 2:ball 6:pound *:pound =:pound
EXPR: 0 | POS | FRA | 37 | 9.12 | 4.44 | (x+(3.12/2))=6 | x 3.12 2 / + 6 = | x:pound 3.12:pound 2:ball /:pound +:pound 6:pound =:pound
EXPR: 0 | POS | FRA | 40 | 9.12 | 1.28205128205128 | ((6-2)/3.12)=x | 6 2 - 3.12 / x = | 6:pound 2:pound -:pound 3.12:UNKNOWN /:pound x:pound =:pound
EXPR: 0 | POS | FRA | 40 | 9.12 | 0.88 | ((6-2)-3.12)=x | 6 2 - 3.12 - x = | 6:ball 2:ball -:ball 3.12:ball -:ball x:ball =:ball
EXPR: 0 | POS | FRA | 40 | 9.12 | 4.88 | ((2-3.12)+6)=x | 2 3.12 - 6 + x = | 2:ball 3.12:ball -:ball 6:ball +:ball x:ball =:ball
EXPR: 0 | POS | FRA | 40 | 9.12 | 0.853333333333333 | ((2+3.12)/6)=x | 2 3.12 + 6 / x = | 2:pound 3.12:pound +:pound 6:UNKNOWN /:pound x:pound =:pound
EXPR: 0 | POS | FRA | 40 | 9.12 | 7.12 | ((6-2)+3.12)=x | 6 2 - 3.12 + x = | 6:ball 2:ball -:ball 3.12:ball +:ball x:ball =:ball
EXPR: 0 | POS | FRA | 40 | 9.12 | 11.12 | ((2+3.12)+6)=x | 2 3.12 + 6 + x = | 2:ball 3.12:ball +:ball 6:ball +:ball x:ball =:ball
NET 256 unique, non-negative solutions found out of 1000 total solutions
