parameters: n=9 l=4 k=1 p=5 q=2 m=10
TOTAL 396 solutions found
SOLN: CORRECT | POS/NEG | INT/FRA | OBJ-SCORE | TRUE-ANS | ANS | INFIX | POSTFIX | TYPED-POSTFIX
EXPR: 0 | POS | FRA | 0 | 12.7 | 33.4 | (((2*4)+8.7)*2)=x | 2 4 * 8.7 + 2 * x = | 2:pumpkin 4:pound *:pound 8.7:pound +:pound 2:pumpkin *:pumpkin x:pumpkin =:pumpkin
EXPR: 0 | POS | FRA | 0 | 12.7 | 25.4 | x=((2*4)+(8.7*2)) | x 2 4 * 8.7 2 * + = | x:pumpkin 2:pumpkin 4:pound *:pumpkin 8.7:pound 2:pumpkin *:pumpkin +:pumpkin =:pumpkin
EXPR: 0 | POS | FRA | 0 | 12.7 | 27.4 | x=(2+((4+8.7)*2)) | x 2 4 8.7 + 2 * + = | x:pumpkin 2:pumpkin 4:pound 8.7:pound +:pound 2:pumpkin *:pumpkin +:pumpkin =:pumpkin
EXPR: 0 | POS | FRA | 0 | 12.7 | 17.9 | x=((2/4)+(8.7*2)) | x 2 4 / 8.7 2 * + = | x:pumpkin 2:pumpkin 4:pound /:pumpkin 8.7:pound 2:pumpkin *:pumpkin +:pumpkin =:pumpkin
EXPR: 0 | POS | FRA | 0 | 12.7 | 11.4 | (2-((4-8.7)*2))=x | 2 4 8.7 - 2 * - x = | 2:pumpkin 4:pound 8.7:pound -:pound 2:pumpkin *:pumpkin -:pumpkin x:pumpkin =:pumpkin
EXPR: 0 | POS | INT | 2 | 12.7 | 0 | (2+((4-8.7)*x))=2 | 2 4 8.7 - x * + 2 = | 2:pumpkin 4:pound 8.7:pound -:pound x:pumpkin *:pumpkin +:pumpkin 2:pumpkin =:pumpkin
EXPR: 0 | POS | INT | 2 | 12.7 | 0 | (2-((4+8.7)*x))=2 | 2 4 8.7 + x * - 2 = | 2:pumpkin 4:pound 8.7:pound +:pound x:pumpkin *:pumpkin -:pumpkin 2:pumpkin =:pumpkin
EXPR: 0 | POS | INT | 2 | 12.7 | 0 | (2-((4-8.7)*x))=2 | 2 4 8.7 - x * - 2 = | 2:pumpkin 4:pound 8.7:pound -:pound x:pumpkin *:pumpkin -:pumpkin 2:pumpkin =:pumpkin
EXPR: 0 | POS | FRA | 10 | 12.7 | 44.8 | x=(2+(4*(8.7+2))) | x 2 4 8.7 2 + * + = | x:pumpkin 2:pumpkin 4:pound 8.7:pumpkin 2:pumpkin +:pumpkin *:pumpkin +:pumpkin =:pumpkin
EXPR: 0 | POS | FRA | 10 | 12.7 | 18.7 | (((2*4)+8.7)+2)=x | 2 4 * 8.7 + 2 + x = | 2:pumpkin 4:pound *:pumpkin 8.7:pumpkin +:pumpkin 2:pumpkin +:pumpkin x:pumpkin =:pumpkin
EXPR: 0 | POS | FRA | 10 | 12.7 | 7.77011494252874 | ((2*4)-(2/8.7))=x | 2 4 * 2 8.7 / - x = | 2:pumpkin 4:pound *:pumpkin 2:pumpkin 8.7:pound /:pumpkin -:pumpkin x:pumpkin =:pumpkin
EXPR: 0 | POS | FRA | 10 | 12.7 | 0.270114942528736 | x=((2/4)-(2/8.7)) | x 2 4 / 2 8.7 / - = | x:pumpkin 2:pumpkin 4:pound /:pumpkin 2:pumpkin 8.7:pound /:pumpkin -:pumpkin =:pumpkin
EXPR: 0 | POS | FRA | 10 | 12.7 | 0.270114942528736 | ((2/4)-(2/8.7))=x | 2 4 / 2 8.7 / - x = | 2:pumpkin 4:pound /:pumpkin 2:pumpkin 8.7:pound /:pumpkin -:pumpkin x:pumpkin =:pumpkin
EXPR: 0 | POS | FRA | 10 | 12.7 | 34.8 | (2+((4*8.7)-2))=x | 2 4 8.7 * 2 - + x = | 2:pumpkin 4:pumpkin 8.7:pound *:pumpkin 2:pumpkin -:pumpkin +:pumpkin x:pumpkin =:pumpkin
EXPR: 0 | POS | FRA | 10 | 12.7 | 42.8 | (((2*8.7)+4)*2)=x | 2 8.7 * 4 + 2 * x = | 2:pumpkin 8.7:pound *:pound 4:pound +:pound 2:pumpkin *:pumpkin x:pumpkin =:pumpkin
EXPR: 0 | POS | FRA | 10 | 12.7 | 25.4 | x=((2*8.7)+(4*2)) | x 2 8.7 * 4 2 * + = | x:pumpkin 2:pumpkin 8.7:pound *:pumpkin 4:pound 2:pumpkin *:pumpkin +:pumpkin =:pumpkin
EXPR: 0 | POS | FRA | 10 | 12.7 | 8.22988505747126 | x=((2/8.7)+(4*2)) | x 2 8.7 / 4 2 * + = | x:pumpkin 2:pumpkin 8.7:pound /:pumpkin 4:pound 2:pumpkin *:pumpkin +:pumpkin =:pumpkin
EXPR: 0 | POS | FRA | 20 | 12.7 | 4.91954022988506 | x=(2*((4/8.7)+2)) | x 2 4 8.7 / 2 + * = | x:pumpkin 2:pumpkin 4:pound 8.7:pumpkin /:pound 2:pound +:pound *:pumpkin =:pumpkin
EXPR: 0 | POS | FRA | 20 | 12.7 | 8.7 | (2-(4-(8.7+2)))=x | 2 4 8.7 2 + - - x = | 2:pumpkin 4:pumpkin 8.7:pumpkin 2:pumpkin +:pumpkin -:pumpkin -:pumpkin x:pumpkin =:pumpkin
EXPR: 0 | POS | FRA | 20 | 12.7 | 21.4 | (2*(8.7+(4-2)))=x | 2 8.7 4 2 - + * x = | 2:pumpkin 8.7:pound 4:pound 2:pound -:pound +:pound *:pumpkin x:pumpkin =:pumpkin
EXPR: 0 | POS | FRA | 20 | 12.7 | 65.6 | x=(2*((4*8.7)-2)) | x 2 4 8.7 * 2 - * = | x:pumpkin 2:pound 4:pumpkin 8.7:pound *:pumpkin 2:pumpkin -:pumpkin *:pumpkin =:pumpkin
EXPR: 0 | POS | FRA | 20 | 12.7 | 73.6 | x=(2*((4*8.7)+2)) | x 2 4 8.7 * 2 + * = | x:pumpkin 2:pound 4:pumpkin 8.7:pound *:pumpkin 2:pumpkin +:pumpkin *:pumpkin =:pumpkin
EXPR: 0 | POS | FRA | 20 | 12.7 | 40.8 | ((4*(2+8.7))-2)=x | 4 2 8.7 + * 2 - x = | 4:pound 2:pumpkin 8.7:pumpkin +:pumpkin *:pumpkin 2:pumpkin -:pumpkin x:pumpkin =:pumpkin
EXPR: 0 | POS | FRA | 20 | 12.7 | 65.6 | (2*((4*8.7)-2))=x | 2 4 8.7 * 2 - * x = | 2:pumpkin 4:pumpkin 8.7:pound *:pound 2:pound -:pound *:pumpkin x:pumpkin =:pumpkin
EXPR: 0 | POS | FRA | 20 | 12.7 | 73.6 | (2*((4*8.7)+2))=x | 2 4 8.7 * 2 + * x = | 2:pumpkin 4:pumpkin 8.7:pound *:pound 2:pound +:pound *:pumpkin x:pumpkin =:pumpkin
EXPR: 0 | POS | FRA | 20 | 12.7 | 1.77011494252874 | ((4-(2/8.7))-2)=x | 4 2 8.7 / - 2 - x = | 4:pumpkin 2:pumpkin 8.7:pound /:pumpkin -:pumpkin 2:pumpkin -:pumpkin x:pumpkin =:pumpkin
EXPR: 0 | POS | FRA | 20 | 12.7 | 2.22988505747126 | ((4+(2/8.7))-2)=x | 4 2 8.7 / + 2 - x = | 4:pumpkin 2:pumpkin 8.7:pound /:pumpkin +:pumpkin 2:pumpkin -:pumpkin x:pumpkin =:pumpkin
EXPR: 0 | POS | FRA | 20 | 12.7 | 33.4 | x=(2*((4*2)+8.7)) | x 2 4 2 * 8.7 + * = | x:pound 2:pumpkin 4:pound 2:pumpkin *:pound 8.7:pound +:pound *:pound =:pound
EXPR: 0 | POS | FRA | 20 | 12.7 | 54.2 | (2+(8.7*(4+2)))=x | 2 8.7 4 2 + * + x = | 2:pumpkin 8.7:pound 4:pumpkin 2:pumpkin +:pumpkin *:pumpkin +:pumpkin x:pumpkin =:pumpkin
EXPR: 0 | POS | FRA | 20 | 12.7 | 0.675 | (((2+8.7)/4)-2)=x | 2 8.7 + 4 / 2 - x = | 2:pumpkin 8.7:pumpkin +:pumpkin 4:pound /:pumpkin 2:pumpkin -:pumpkin x:pumpkin =:pumpkin
EXPR: 0 | POS | FRA | 20 | 12.7 | 1.3 | x=((2*4)+(2-8.7)) | x 2 4 * 2 8.7 - + = | x:pumpkin 2:pumpkin 4:pound *:pumpkin 2:pumpkin 8.7:pumpkin -:pumpkin +:pumpkin =:pumpkin
EXPR: 0 | POS | FRA | 20 | 12.7 | 23.4 | x=(4+(2+(8.7*2))) | x 4 2 8.7 2 * + + = | x:pumpkin 4:pumpkin 2:pumpkin 8.7:pound 2:pumpkin *:pumpkin +:pumpkin +:pumpkin =:pumpkin
EXPR: 0 | POS | FRA | 20 | 12.7 | 18.7 | x=(2+(8.7+(4*2))) | x 2 8.7 4 2 * + + = | x:pumpkin 2:pumpkin 8.7:pumpkin 4:pound 2:pumpkin *:pumpkin +:pumpkin +:pumpkin =:pumpkin
EXPR: 0 | POS | FRA | 20 | 12.7 | 10.35 | (2+(4+(8.7/2)))=x | 2 4 8.7 2 / + + x = | 2:pound 4:pound 8.7:pound 2:pumpkin /:pound +:pound +:pound x:pound =:pound
EXPR: 0 | POS | FRA | 20 | 12.7 | 2.22988505747126 | (((4-2)/8.7)+2)=x | 4 2 - 8.7 / 2 + x = | 4:pumpkin 2:pumpkin -:pumpkin 8.7:pound /:pumpkin 2:pumpkin +:pumpkin x:pumpkin =:pumpkin
EXPR: 0 | POS | FRA | 22 | 12.7 | 6.175 | ((x-2)-(8.7/4))=2 | x 2 - 8.7 4 / - 2 = | x:pumpkin 2:pumpkin -:pumpkin 8.7:pumpkin 4:pound /:pumpkin -:pumpkin 2:pumpkin =:pumpkin
EXPR: 0 | POS | FRA | 22 | 12.7 | 1.77011494252874 | 4=(2+(8.7*(2-x))) | 4 2 8.7 2 x - * + = | 4:pumpkin 2:pumpkin 8.7:pound 2:pumpkin x:pumpkin -:pumpkin *:pumpkin +:pumpkin =:pumpkin
EXPR: 0 | POS | FRA | 22 | 12.7 | 19.4 | 4=(x+(2-(8.7*2))) | 4 x 2 8.7 2 * - + = | 4:pumpkin x:pumpkin 2:pumpkin 8.7:pound 2:pumpkin *:pumpkin -:pumpkin +:pumpkin =:pumpkin
EXPR: 0 | POS | FRA | 22 | 12.7 | 0.212765957446809 | ((2*x)*(8.7-4))=2 | 2 x * 8.7 4 - * 2 = | 2:pumpkin x:pound *:pumpkin 8.7:pound 4:pound -:pound *:pumpkin 2:pumpkin =:pumpkin
EXPR: 0 | POS | FRA | 25 | 12.7 | 16.9 | ((2*8.7)-(2/4))=x | 2 8.7 * 2 4 / - x = | 2:pumpkin 8.7:pound *:pumpkin 2:pumpkin 4:pound /:pumpkin -:pumpkin x:pumpkin =:pumpkin
EXPR: 0 | POS | FRA | 30 | 12.7 | 1.40298507462687 | ((4/(2-8.7))+2)=x | 4 2 8.7 - / 2 + x = | 4:pumpkin 2:pound 8.7:pound -:pound /:pumpkin 2:pumpkin +:pumpkin x:pumpkin =:pumpkin
EXPR: 0 | POS | INT | 30 | 12.7 | zoo | ((4/(2-2))-8.7)=x | 4 2 2 - / 8.7 - x = | 4:pound 2:pumpkin 2:pumpkin -:pumpkin /:pound 8.7:pound -:pound x:pound =:pound
EXPR: 0 | POS | FRA | 30 | 12.7 | 0.119760479041916 | x=(2/((4*2)+8.7)) | x 2 4 2 * 8.7 + / = | x:pumpkin 2:pumpkin 4:pumpkin 2:pound *:pound 8.7:pound +:pound /:pumpkin =:pumpkin
EXPR: 0 | POS | FRA | 30 | 12.7 | 3.35 | x=((2+(8.7-4))/2) | x 2 8.7 4 - + 2 / = | x:pound 2:pound 8.7:pound 4:pound -:pound +:pound 2:pumpkin /:pound =:pound
EXPR: 0 | POS | FRA | 30 | 12.7 | 13.4 | x=((2+(8.7-4))*2) | x 2 8.7 4 - + 2 * = | x:pound 2:pound 8.7:pound 4:pound -:pound +:pound 2:pumpkin *:pound =:pound
EXPR: 0 | POS | FRA | 30 | 12.7 | 7.35 | (4-((2-8.7)/2))=x | 4 2 8.7 - 2 / - x = | 4:pound 2:pound 8.7:pound -:pound 2:pumpkin /:pound -:pound x:pound =:pound
EXPR: 0 | POS | FRA | 30 | 12.7 | 3.3 | x=(((2+4)*2)-8.7) | x 2 4 + 2 * 8.7 - = | x:pound 2:pound 4:pound +:pound 2:pumpkin *:pound 8.7:pound -:pound =:pound
EXPR: 0 | POS | FRA | 32 | 12.7 | 0.557471264367816 | (((4*x)-2)*8.7)=2 | 4 x * 2 - 8.7 * 2 = | 4:pumpkin x:pound *:pumpkin 2:pumpkin -:pumpkin 8.7:pound *:pumpkin 2:pumpkin =:pumpkin
EXPR: 0 | POS | INT | 32 | 12.7 | 0 | 4=(2+(2+(8.7*x))) | 4 2 2 8.7 x * + + = | 4:pumpkin 2:pumpkin 2:pumpkin 8.7:pound x:pumpkin *:pumpkin +:pumpkin +:pumpkin =:pumpkin
EXPR: 0 | POS | INT | 32 | 12.7 | 4 | 2=((8.7*(4-x))+2) | 2 8.7 4 x - * 2 + = | 2:pumpkin 8.7:pumpkin 4:pound x:pound -:pound *:pumpkin 2:pumpkin +:pumpkin =:pumpkin
EXPR: 0 | POS | FRA | 32 | 12.7 | 3.54022988505747 | 2=((8.7*(4-x))-2) | 2 8.7 4 x - * 2 - = | 2:pumpkin 8.7:pumpkin 4:pound x:pound -:pound *:pumpkin 2:pumpkin -:pumpkin =:pumpkin
EXPR: 0 | POS | FRA | 32 | 12.7 | 2.22988505747126 | (((2-4)+x)*8.7)=2 | 2 4 - x + 8.7 * 2 = | 2:pound 4:pound -:pound x:pound +:pound 8.7:pumpkin *:pumpkin 2:pumpkin =:pumpkin
EXPR: 0 | POS | FRA | 32 | 12.7 | 3.35 | (((2-4)*x)+8.7)=2 | 2 4 - x * 8.7 + 2 = | 2:pumpkin 4:pumpkin -:pumpkin x:pound *:pound 8.7:pound +:pound 2:pound =:pound
EXPR: 0 | POS | INT | 35 | 12.7 | zoo | x=(4-(8.7/(2-2))) | x 4 8.7 2 2 - / - = | x:pound 4:pound 8.7:pound 2:pumpkin 2:pumpkin -:pumpkin /:pound -:pound =:pound
EXPR: 0 | POS | FRA | 35 | 12.7 | 15.4 | x=((2+(8.7*2))-4) | x 2 8.7 2 * + 4 - = | x:pumpkin 2:pumpkin 8.7:pound 2:pumpkin *:pumpkin +:pumpkin 4:pumpkin -:pumpkin =:pumpkin
EXPR: 0 | POS | INT | 35 | 12.7 | 0 | ((2+(2-4))/8.7)=x | 2 2 4 - + 8.7 / x = | 2:pumpkin 2:pumpkin 4:pumpkin -:pumpkin +:pumpkin 8.7:pound /:pumpkin x:pumpkin =:pumpkin
EXPR: 0 | POS | FRA | 35 | 12.7 | 30.8 | x=((4*8.7)-(2+2)) | x 4 8.7 * 2 2 + - = | x:pumpkin 4:pumpkin 8.7:pound *:pumpkin 2:pumpkin 2:pumpkin +:pumpkin -:pumpkin =:pumpkin
EXPR: 0 | POS | FRA | 35 | 12.7 | 7.3 | (((2+2)*4)-8.7)=x | 2 2 + 4 * 8.7 - x = | 2:pumpkin 2:pumpkin +:pumpkin 4:pound *:pound 8.7:pound -:pound x:pound =:pound
EXPR: 0 | POS | INT | 35 | 12.7 |  | x=((4*8.7)*(2-2)) | x 4 8.7 * 2 2 - * = | x:pumpkin 4:pumpkin 8.7:pound *:pound 2:pumpkin 2:pumpkin -:pumpkin *:pumpkin =:pumpkin
EXPR: 0 | POS | FRA | 35 | 12.7 | 139.2 | x=((4*8.7)*(2+2)) | x 4 8.7 * 2 2 + * = | x:pumpkin 4:pumpkin 8.7:pound *:pound 2:pumpkin 2:pumpkin +:pumpkin *:pumpkin =:pumpkin
EXPR: 0 | POS | FRA | 37 | 12.7 | 1.77011494252874 | ((2/8.7)+(2+x))=4 | 2 8.7 / 2 x + + 4 = | 2:pumpkin 8.7:pound /:pumpkin 2:pumpkin x:pumpkin +:pumpkin +:pumpkin 4:pumpkin =:pumpkin
EXPR: 0 | POS | FRA | 37 | 12.7 | 15.4 | (((2*8.7)-x)+2)=4 | 2 8.7 * x - 2 + 4 = | 2:pumpkin 8.7:pound *:pumpkin x:pumpkin -:pumpkin 2:pumpkin +:pumpkin 4:pumpkin =:pumpkin
EXPR: 0 | POS | FRA | 37 | 12.7 | 30.8 | (((4+x)/8.7)-2)=2 | 4 x + 8.7 / 2 - 2 = | 4:pumpkin x:pumpkin +:pumpkin 8.7:pound /:pumpkin 2:pumpkin -:pumpkin 2:pumpkin =:pumpkin
EXPR: 0 | POS | FRA | 37 | 12.7 | 5.77011494252874 | (((2/8.7)-2)+x)=4 | 2 8.7 / 2 - x + 4 = | 2:pumpkin 8.7:pound /:pumpkin 2:pumpkin -:pumpkin x:pumpkin +:pumpkin 4:pumpkin =:pumpkin
EXPR: 0 | POS | FRA | 40 | 12.7 | 25.4 | x=(4+(2*(8.7+2))) | x 4 2 8.7 2 + * + = | x:pumpkin 4:pumpkin 2:pound 8.7:pumpkin 2:pumpkin +:pumpkin *:pumpkin +:pumpkin =:pumpkin
EXPR: 0 | POS | FRA | 40 | 12.7 | 0.919540229885057 | ((4+(2*2))/8.7)=x | 4 2 2 * + 8.7 / x = | 4:pumpkin 2:pumpkin 2:pound *:pumpkin +:pumpkin 8.7:pound /:pumpkin x:pumpkin =:pumpkin
EXPR: 1 | POS | FRA | 40 | 12.7 | 12.7 | (4+(2-(2-8.7)))=x | 4 2 2 8.7 - - + x = | 4:pumpkin 2:pumpkin 2:pumpkin 8.7:pumpkin -:pumpkin -:pumpkin +:pumpkin x:pumpkin =:pumpkin
EXPR: 0 | POS | FRA | 40 | 12.7 | 4.45977011494253 | x=((2+(4/8.7))+2) | x 2 4 8.7 / + 2 + = | x:pound 2:pound 4:pound 8.7:pumpkin /:pound +:pound 2:pound +:pound =:pound
EXPR: 0 | POS | FRA | 40 | 12.7 | 23.4 | x=((4+(2*8.7))+2) | x 4 2 8.7 * + 2 + = | x:pumpkin 4:pumpkin 2:pound 8.7:pumpkin *:pumpkin +:pumpkin 2:pumpkin +:pumpkin =:pumpkin
EXPR: 0 | POS | FRA | 40 | 12.7 | 69.6 | ((4+(2*2))*8.7)=x | 4 2 2 * + 8.7 * x = | 4:pumpkin 2:pound 2:pumpkin *:pumpkin +:pumpkin 8.7:pound *:pumpkin x:pumpkin =:pumpkin
EXPR: 0 | POS | FRA | 40 | 12.7 | 43.5 | ((4+(2/2))*8.7)=x | 4 2 2 / + 8.7 * x = | 4:pumpkin 2:pumpkin 2:pound /:pumpkin +:pumpkin 8.7:pound *:pumpkin x:pumpkin =:pumpkin
EXPR: 0 | POS | FRA | 40 | 12.7 | 50.8 | (4*(2+(8.7+2)))=x | 4 2 8.7 2 + + * x = | 4:pumpkin 2:pound 8.7:pound 2:pound +:pound +:pound *:pumpkin x:pumpkin =:pumpkin
EXPR: 0 | POS | FRA | 40 | 12.7 | 26.1 | ((4-(2/2))*8.7)=x | 4 2 2 / - 8.7 * x = | 4:pumpkin 2:pumpkin 2:pound /:pumpkin -:pumpkin 8.7:pound *:pumpkin x:pumpkin =:pumpkin
EXPR: 1 | POS | FRA | 40 | 12.7 | 12.7 | ((2+(4-2))+8.7)=x | 2 4 2 - + 8.7 + x = | 2:pound 4:pound 2:pound -:pound +:pound 8.7:pound +:pound x:pound =:pound
EXPR: 0 | POS | FRA | 42 | 12.7 | 1.35 | (((4+x)*2)-2)=8.7 | 4 x + 2 * 2 - 8.7 = | 4:pound x:pound +:pound 2:pumpkin *:pumpkin 2:pumpkin -:pumpkin 8.7:pumpkin =:pumpkin
EXPR: 0 | POS | FRA | 42 | 12.7 | 7.4 | (x+2)=((8.7-4)*2) | x 2 + 8.7 4 - 2 * = | x:pound 2:pound +:pound 8.7:pound 4:pound -:pound 2:pumpkin *:pound =:pound
EXPR: 0 | POS | FRA | 42 | 12.7 | 2.0875 | (4*((x*2)-2))=8.7 | 4 x 2 * 2 - * 8.7 = | 4:pound x:pound 2:pumpkin *:pumpkin 2:pumpkin -:pumpkin *:pumpkin 8.7:pumpkin =:pumpkin
EXPR: 0 | POS | FRA | 42 | 12.7 | 0.0875 | (4*((x*2)+2))=8.7 | 4 x 2 * 2 + * 8.7 = | 4:pound x:pound 2:pumpkin *:pumpkin 2:pumpkin +:pumpkin *:pumpkin 8.7:pumpkin =:pumpkin
EXPR: 0 | POS | INT | 42 | 12.7 | - | ((4*x)*(2-2))=8.7 | 4 x * 2 2 - * 8.7 = | 4:pound x:pumpkin *:pound 2:pumpkin 2:pumpkin -:pumpkin *:pound 8.7:pound =:pound
EXPR: 0 | POS | FRA | 42 | 12.7 | 5.77011494252874 | ((4-(x-2))*8.7)=2 | 4 x 2 - - 8.7 * 2 = | 4:pound x:pound 2:pound -:pound -:pound 8.7:pumpkin *:pumpkin 2:pumpkin =:pumpkin
EXPR: 0 | POS | FRA | 45 | 12.7 | 8.7 | x=(8.7+(4*(2-2))) | x 8.7 4 2 2 - * + = | x:pumpkin 8.7:pumpkin 4:pound 2:pumpkin 2:pumpkin -:pumpkin *:pumpkin +:pumpkin =:pumpkin
EXPR: 0 | POS | FRA | 45 | 12.7 | 10.35 | x=((2+(8.7/2))+4) | x 2 8.7 2 / + 4 + = | x:pound 2:pound 8.7:pound 2:pumpkin /:pound +:pound 4:pound +:pound =:pound
EXPR: 0 | POS | FRA | 45 | 12.7 | 42.8 | ((4+(8.7*2))*2)=x | 4 8.7 2 * + 2 * x = | 4:pound 8.7:pound 2:pumpkin *:pound +:pound 2:pumpkin *:pumpkin x:pumpkin =:pumpkin
EXPR: 0 | POS | FRA | 45 | 12.7 | 4.6 | ((8.7+(2/4))/2)=x | 8.7 2 4 / + 2 / x = | 8.7:pumpkin 2:pumpkin 4:pound /:pumpkin +:pumpkin 2:pound /:pumpkin x:pumpkin =:pumpkin
EXPR: 0 | POS | FRA | 45 | 12.7 | 28.8 | ((4*(8.7-2))+2)=x | 4 8.7 2 - * 2 + x = | 4:pumpkin 8.7:pound 2:pound -:pound *:pumpkin 2:pumpkin +:pumpkin x:pumpkin =:pumpkin
EXPR: 1 | POS | FRA | 45 | 12.7 | 12.7 | x=((2+8.7)-(2-4)) | x 2 8.7 + 2 4 - - = | x:pumpkin 2:pumpkin 8.7:pumpkin +:pumpkin 2:pumpkin 4:pumpkin -:pumpkin -:pumpkin =:pumpkin
EXPR: 0 | POS | FRA | 45 | 12.7 | 16.7 | x=((2*2)+(4+8.7)) | x 2 2 * 4 8.7 + + = | x:pound 2:pound 2:pumpkin *:pound 4:pound 8.7:pound +:pound +:pound =:pound
EXPR: 0 | POS | FRA | 45 | 12.7 | 8.7 | (8.7+(4*(2-2)))=x | 8.7 4 2 2 - * + x = | 8.7:pumpkin 4:pound 2:pumpkin 2:pumpkin -:pumpkin *:pumpkin +:pumpkin x:pumpkin =:pumpkin
EXPR: 0 | POS | FRA | 45 | 12.7 | 16.7 | ((4+8.7)+(2*2))=x | 4 8.7 + 2 2 * + x = | 4:pound 8.7:pound +:pound 2:pound 2:pumpkin *:pound +:pound x:pound =:pound
EXPR: 0 | POS | FRA | 45 | 12.7 | 8.7 | (4+(8.7-(2*2)))=x | 4 8.7 2 2 * - + x = | 4:pound 8.7:pound 2:pumpkin 2:pound *:pound -:pound +:pound x:pound =:pound
EXPR: 0 | POS | INT | 47 | 12.7 | - | ((2*2)+(8.7/x))=4 | 2 2 * 8.7 x / + 4 = | 2:pumpkin 2:pound *:pound 8.7:pound x:pumpkin /:pound +:pound 4:pound =:pound
EXPR: 0 | POS | FRA | 47 | 12.7 | 9.7 | (2+((x-8.7)*2))=4 | 2 x 8.7 - 2 * + 4 = | 2:pound x:pound 8.7:pound -:pound 2:pumpkin *:pound +:pound 4:pound =:pound
EXPR: 0 | POS | FRA | 47 | 12.7 | 6.35 | 8.7=(((x+2)-4)*2) | 8.7 x 2 + 4 - 2 * = | 8.7:pound x:pumpkin 2:pumpkin +:pumpkin 4:pumpkin -:pumpkin 2:pound *:pound =:pound
EXPR: 0 | POS | FRA | 47 | 12.7 | 2.425 | (((4*x)-8.7)*2)=2 | 4 x * 8.7 - 2 * 2 = | 4:pumpkin x:pound *:pound 8.7:pound -:pound 2:pumpkin *:pumpkin 2:pumpkin =:pumpkin
EXPR: 0 | POS | FRA | 47 | 12.7 | 2.35 | ((4-(8.7/2))+x)=2 | 4 8.7 2 / - x + 2 = | 4:pound 8.7:pound 2:pumpkin /:pound -:pound x:pound +:pound 2:pound =:pound
EXPR: 0 | POS | FRA | 50 | 12.7 | 34.8 | (8.7*(2-(2-4)))=x | 8.7 2 2 4 - - * x = | 8.7:pound 2:pumpkin 2:pumpkin 4:pumpkin -:pumpkin -:pumpkin *:pumpkin x:pumpkin =:pumpkin
EXPR: 0 | POS | INT | 50 | 12.7 | 0 | (8.7*(2+(2-4)))=x | 8.7 2 2 4 - + * x = | 8.7:pound 2:pumpkin 2:pumpkin 4:pumpkin -:pumpkin +:pumpkin *:pumpkin x:pumpkin =:pumpkin
EXPR: 0 | POS | INT | 50 | 12.7 | 4 | (4+((2-2)/8.7))=x | 4 2 2 - 8.7 / + x = | 4:pumpkin 2:pumpkin 2:pumpkin -:pumpkin 8.7:pound /:pumpkin +:pumpkin x:pumpkin =:pumpkin
EXPR: 0 | POS | FRA | 52 | 12.7 | 8.7 | (2+((8.7-x)/4))=2 | 2 8.7 x - 4 / + 2 = | 2:pound 8.7:pound x:pound -:pound 4:pumpkin /:pound +:pound 2:pound =:pound
EXPR: 0 | POS | FRA | 52 | 12.7 | 2.175 | ((4+(2-2))*x)=8.7 | 4 2 2 - + x * 8.7 = | 4:pound 2:pound 2:pound -:pound +:pound x:pumpkin *:pumpkin 8.7:pumpkin =:pumpkin
EXPR: 0 | POS | FRA | 52 | 12.7 | 4.7 | (((4-2)+x)+2)=8.7 | 4 2 - x + 2 + 8.7 = | 4:pound 2:pound -:pound x:pound +:pound 2:pound +:pound 8.7:pound =:pound
EXPR: 1 | POS | FRA | 55 | 12.7 | 12.7 | (8.7+((4-2)*2))=x | 8.7 4 2 - 2 * + x = | 8.7:pound 4:pound 2:pound -:pound 2:pumpkin *:pound +:pound x:pound =:pound
EXPR: 0 | POS | FRA | 55 | 12.7 | 8.7 | (8.7+(2-(4/2)))=x | 8.7 2 4 2 / - + x = | 8.7:pumpkin 2:pumpkin 4:pumpkin 2:pound /:pumpkin -:pumpkin +:pumpkin x:pumpkin =:pumpkin
EXPR: 0 | POS | FRA | 55 | 12.7 | 0.7 | (8.7-(4+(2+2)))=x | 8.7 4 2 2 + + - x = | 8.7:pumpkin 4:pumpkin 2:pumpkin 2:pumpkin +:pumpkin +:pumpkin -:pumpkin x:pumpkin =:pumpkin
EXPR: 0 | POS | FRA | 55 | 12.7 | 8.7 | (2+(2-(4-8.7)))=x | 2 2 4 8.7 - - + x = | 2:pound 2:pound 4:pound 8.7:pound -:pound -:pound +:pound x:pound =:pound
EXPR: 0 | POS | FRA | 55 | 12.7 | 19.4 | x=((8.7*(4-2))+2) | x 8.7 4 2 - * 2 + = | x:pumpkin 8.7:pumpkin 4:pound 2:pound -:pound *:pumpkin 2:pumpkin +:pumpkin =:pumpkin
EXPR: 1 | POS | FRA | 55 | 12.7 | 12.7 | (4+(8.7-(2-2)))=x | 4 8.7 2 2 - - + x = | 4:pound 8.7:pound 2:pound 2:pound -:pound -:pound +:pound x:pound =:pound
EXPR: 0 | POS | FRA | 55 | 12.7 | 0.136054421768707 | x=(2/((2+4)+8.7)) | x 2 2 4 + 8.7 + / = | x:pumpkin 2:pumpkin 2:pound 4:pound +:pound 8.7:pound +:pound /:pumpkin =:pumpkin
EXPR: 0 | POS | INT | 55 | 12.7 | zoo | (4+(8.7/(2-2)))=x | 4 8.7 2 2 - / + x = | 4:pound 8.7:pound 2:pumpkin 2:pumpkin -:pumpkin /:pound +:pound x:pound =:pound
EXPR: 0 | POS | INT | 55 | 12.7 | 0 | ((4*8.7)*(2-2))=x | 4 8.7 * 2 2 - * x = | 4:pumpkin 8.7:pound *:pound 2:pumpkin 2:pumpkin -:pumpkin *:pumpkin x:pumpkin =:pumpkin
EXPR: 0 | POS | INT | 55 | 12.7 |  | x=((8.7-4)*(2-2)) | x 8.7 4 - 2 2 - * = | x:pumpkin 8.7:pound 4:pound -:pound 2:pumpkin 2:pumpkin -:pumpkin *:pumpkin =:pumpkin
EXPR: 0 | POS | FRA | 55 | 12.7 | 11.7 | (8.7+(4-(2/2)))=x | 8.7 4 2 2 / - + x = | 8.7:pound 4:pound 2:pound 2:pumpkin /:pound -:pound +:pound x:pound =:pound
EXPR: 0 | POS | FRA | 55 | 12.7 | 8.35 | (((4+8.7)/2)+2)=x | 4 8.7 + 2 / 2 + x = | 4:pumpkin 8.7:pumpkin +:pumpkin 2:pound /:pumpkin 2:pumpkin +:pumpkin x:pumpkin =:pumpkin
EXPR: 0 | POS | FRA | 57 | 12.7 | 1.35 | 8.7=(2+(4+(2*x))) | 8.7 2 4 2 x * + + = | 8.7:pumpkin 2:pumpkin 4:pumpkin 2:pound x:pumpkin *:pumpkin +:pumpkin +:pumpkin =:pumpkin
EXPR: 0 | POS | FRA | 57 | 12.7 | 5.7 | (((4-8.7)+x)*2)=2 | 4 8.7 - x + 2 * 2 = | 4:pound 8.7:pound -:pound x:pound +:pound 2:pumpkin *:pumpkin 2:pumpkin =:pumpkin
EXPR: 0 | POS | FRA | 57 | 12.7 | 4.7 | ((2-(x+2))+8.7)=4 | 2 x 2 + - 8.7 + 4 = | 2:pumpkin x:pumpkin 2:pumpkin +:pumpkin -:pumpkin 8.7:pumpkin +:pumpkin 4:pumpkin =:pumpkin
EXPR: 0 | POS | FRA | 57 | 12.7 | 34.8 | ((4*8.7)-(x-2))=2 | 4 8.7 * x 2 - - 2 = | 4:pound 8.7:pumpkin *:pumpkin x:pumpkin 2:pumpkin -:pumpkin -:pumpkin 2:pumpkin =:pumpkin
EXPR: 0 | POS | FRA | 57 | 12.7 | 7.7 | (2-((x-8.7)*2))=4 | 2 x 8.7 - 2 * - 4 = | 2:pound x:pumpkin 8.7:pumpkin -:pumpkin 2:pound *:pound -:pound 4:pound =:pound
EXPR: 1 | POS | FRA | 57 | 12.7 | 12.7 | 8.7=(x-(2+(4-2))) | 8.7 x 2 4 2 - + - = | 8.7:pound x:pound 2:pound 4:pound 2:pound -:pound +:pound -:pound =:pound
EXPR: 0 | POS | FRA | 60 | 12.7 | 1.77011494252874 | (4-(2+(2/8.7)))=x | 4 2 2 8.7 / + - x = | 4:pound 2:pound 2:pound 8.7:pumpkin /:pound +:pound -:pound x:pound =:pound
EXPR: 0 | POS | FRA | 60 | 12.7 | 9.7 | (((4-2)/2)+8.7)=x | 4 2 - 2 / 8.7 + x = | 4:pound 2:pound -:pound 2:pumpkin /:pound 8.7:pound +:pound x:pound =:pound
EXPR: 0 | POS | FRA | 62 | 12.7 | 4.7 | (((8.7-2)-x)+2)=4 | 8.7 2 - x - 2 + 4 = | 8.7:pumpkin 2:pumpkin -:pumpkin x:pumpkin -:pumpkin 2:pumpkin +:pumpkin 4:pumpkin =:pumpkin
EXPR: 0 | POS | INT | 62 | 12.7 | - | ((8.7*x)*(2-2))=4 | 8.7 x * 2 2 - * 4 = | 8.7:pound x:pumpkin *:pound 2:pumpkin 2:pumpkin -:pumpkin *:pound 4:pound =:pound
EXPR: 0 | POS | FRA | 65 | 12.7 | 1.77011494252874 | (2-((4-2)/8.7))=x | 2 4 2 - 8.7 / - x = | 2:pumpkin 4:pumpkin 2:pumpkin -:pumpkin 8.7:pound /:pumpkin -:pumpkin x:pumpkin =:pumpkin
EXPR: 0 | POS | FRA | 65 | 12.7 | 7.2 | ((8.7+(2/4))-2)=x | 8.7 2 4 / + 2 - x = | 8.7:pound 2:pound 4:pumpkin /:pound +:pound 2:pound -:pound x:pound =:pound
EXPR: 0 | POS | FRA | 65 | 12.7 | 4.7 | x=(8.7-(4-(2-2))) | x 8.7 4 2 2 - - - = | x:pound 8.7:pound 4:pound 2:pound 2:pound -:pound -:pound -:pound =:pound
EXPR: 0 | POS | FRA | 65 | 12.7 | 8.7 | x=(8.7-(4*(2-2))) | x 8.7 4 2 2 - * - = | x:pumpkin 8.7:pumpkin 4:pound 2:pumpkin 2:pumpkin -:pumpkin *:pumpkin -:pumpkin =:pumpkin
EXPR: 0 | POS | INT | 65 | 12.7 | zoo | ((4*8.7)/(2-2))=x | 4 8.7 * 2 2 - / x = | 4:pumpkin 8.7:pound *:pound 2:pumpkin 2:pumpkin -:pumpkin /:pound x:pound =:pound
EXPR: 0 | POS | FRA | 65 | 12.7 | 4.7 | x=(2-(2-(8.7-4))) | x 2 2 8.7 4 - - - = | x:pound 2:pound 2:pound 8.7:pound 4:pound -:pound -:pound -:pound =:pound
EXPR: 1 | POS | FRA | 65 | 12.7 | 12.7 | (8.7+(4-(2-2)))=x | 8.7 4 2 2 - - + x = | 8.7:pound 4:pound 2:pound 2:pound -:pound -:pound +:pound x:pound =:pound
EXPR: 0 | POS | FRA | 65 | 12.7 | 34.8 | x=(((2+8.7)-2)*4) | x 2 8.7 + 2 - 4 * = | x:pound 2:pound 8.7:pound +:pound 2:pound -:pound 4:pumpkin *:pound =:pound
EXPR: 0 | POS | FRA | 65 | 12.7 | 2.59701492537313 | ((4/(8.7-2))+2)=x | 4 8.7 2 - / 2 + x = | 4:pumpkin 8.7:pound 2:pound -:pound /:pumpkin 2:pumpkin +:pumpkin x:pumpkin =:pumpkin
EXPR: 0 | POS | FRA | 67 | 12.7 | 33.8 | 2=(2*((4*8.7)-x)) | 2 2 4 8.7 * x - * = | 2:pumpkin 2:pound 4:pound 8.7:pumpkin *:pumpkin x:pumpkin -:pumpkin *:pumpkin =:pumpkin
EXPR: 0 | POS | FRA | 67 | 12.7 | 1.825 | ((8.7/4)-(2-x))=2 | 8.7 4 / 2 x - - 2 = | 8.7:pumpkin 4:pound /:pumpkin 2:pumpkin x:pumpkin -:pumpkin -:pumpkin 2:pumpkin =:pumpkin
EXPR: 0 | POS | FRA | 67 | 12.7 | 33.8 | (((4*8.7)-x)*2)=2 | 4 8.7 * x - 2 * 2 = | 4:pumpkin 8.7:pound *:pound x:pound -:pound 2:pumpkin *:pumpkin 2:pumpkin =:pumpkin
EXPR: 0 | POS | INT | 67 | 12.7 | 0 | (2*2)=(4-(x*8.7)) | 2 2 * 4 x 8.7 * - = | 2:pumpkin 2:pound *:pound 4:pound x:pound 8.7:pumpkin *:pound -:pound =:pound
EXPR: 0 | POS | FRA | 67 | 12.7 | 0.689655172413793 | 2=((2*4)-(x*8.7)) | 2 2 4 * x 8.7 * - = | 2:pumpkin 2:pumpkin 4:pound *:pumpkin x:pound 8.7:pumpkin *:pumpkin -:pumpkin =:pumpkin
EXPR: 0 | POS | FRA | 67 | 12.7 | 18.4 | ((4*8.7)+2)=(2*x) | 4 8.7 * 2 + 2 x * = | 4:pumpkin 8.7:pound *:pound 2:pound +:pound 2:pound x:pumpkin *:pound =:pound
EXPR: 0 | POS | FRA | 67 | 12.7 | 1.40298507462687 | ((4/(x-2))+8.7)=2 | 4 x 2 - / 8.7 + 2 = | 4:pound x:pumpkin 2:pumpkin -:pumpkin /:pound 8.7:pound +:pound 2:pound =:pound
EXPR: 1 | POS | FRA | 67 | 12.7 | 12.7 | ((8.7-(x-4))+2)=2 | 8.7 x 4 - - 2 + 2 = | 8.7:pound x:pound 4:pound -:pound -:pound 2:pound +:pound 2:pound =:pound
EXPR: 1 | POS | FRA | 70 | 12.7 | 12.7 | x=(8.7+(2-(2-4))) | x 8.7 2 2 4 - - + = | x:pound 8.7:pound 2:pound 2:pound 4:pound -:pound -:pound +:pound =:pound
EXPR: 0 | POS | FRA | 70 | 12.7 | 8.7 | x=(8.7-(2+(2-4))) | x 8.7 2 2 4 - + - = | x:pound 8.7:pound 2:pound 2:pound 4:pound -:pound +:pound -:pound =:pound
EXPR: 0 | POS | FRA | 70 | 12.7 | 8.7 | x=(8.7+(2+(2-4))) | x 8.7 2 2 4 - + + = | x:pound 8.7:pound 2:pound 2:pound 4:pound -:pound +:pound +:pound =:pound
EXPR: 0 | POS | FRA | 72 | 12.7 | 0.919540229885057 | ((x*8.7)-(2+2))=4 | x 8.7 * 2 2 + - 4 = | x:pound 8.7:pumpkin *:pumpkin 2:pumpkin 2:pumpkin +:pumpkin -:pumpkin 4:pumpkin =:pumpkin
EXPR: 0 | POS | FRA | 72 | 12.7 | 2.11494252873563 | 8.7=(2/((2*x)-4)) | 8.7 2 2 x * 4 - / = | 8.7:pound 2:pound 2:pound x:pumpkin *:pumpkin 4:pumpkin -:pumpkin /:pound =:pound
EXPR: 0 | POS | FRA | 72 | 12.7 | 8.95 | 4=((2/2)/(x-8.7)) | 4 2 2 / x 8.7 - / = | 4:pumpkin 2:pumpkin 2:pound /:pumpkin x:pound 8.7:pound -:pound /:pumpkin =:pumpkin
EXPR: 0 | POS | FRA | 75 | 12.7 | 14.7 | ((8.7+(4*2))-2)=x | 8.7 4 2 * + 2 - x = | 8.7:pound 4:pound 2:pumpkin *:pound +:pound 2:pound -:pound x:pound =:pound
EXPR: 0 | POS | FRA | 75 | 12.7 | 8.7 | ((8.7+(4/2))-2)=x | 8.7 4 2 / + 2 - x = | 8.7:pound 4:pound 2:pumpkin /:pound +:pound 2:pound -:pound x:pound =:pound
EXPR: 0 | POS | FRA | 75 | 12.7 | 1.65 | ((4-(8.7/2))+2)=x | 4 8.7 2 / - 2 + x = | 4:pumpkin 8.7:pumpkin 2:pound /:pumpkin -:pumpkin 2:pumpkin +:pumpkin x:pumpkin =:pumpkin
EXPR: 1 | POS | FRA | 75 | 12.7 | 12.7 | ((4+8.7)-(2-2))=x | 4 8.7 + 2 2 - - x = | 4:pound 8.7:pound +:pound 2:pound 2:pound -:pound -:pound x:pound =:pound
EXPR: 0 | POS | FRA | 77 | 12.7 | 0.7 | (8.7-(4+(x+2)))=2 | 8.7 4 x 2 + + - 2 = | 8.7:pumpkin 4:pumpkin x:pumpkin 2:pumpkin +:pumpkin +:pumpkin -:pumpkin 2:pumpkin =:pumpkin
EXPR: 1 | POS | FRA | 77 | 12.7 | 12.7 | (((2-4)*2)+x)=8.7 | 2 4 - 2 * x + 8.7 = | 2:pound 4:pound -:pound 2:pumpkin *:pumpkin x:pumpkin +:pumpkin 8.7:pumpkin =:pumpkin
EXPR: 0 | POS | FRA | 77 | 12.7 | 4.7 | 4=(2+((8.7-x)/2)) | 4 2 8.7 x - 2 / + = | 4:pound 2:pound 8.7:pound x:pound -:pound 2:pumpkin /:pound +:pound =:pound
EXPR: 0 | POS | FRA | 77 | 12.7 | 1.78333333333333 | (((4+2)*x)-8.7)=2 | 4 2 + x * 8.7 - 2 = | 4:pound 2:pound +:pound x:pumpkin *:pound 8.7:pound -:pound 2:pound =:pound
EXPR: 0 | POS | FRA | 77 | 12.7 | 0.298507462686567 | (4+(x*(2-8.7)))=2 | 4 x 2 8.7 - * + 2 = | 4:pumpkin x:pumpkin 2:pound 8.7:pound -:pound *:pumpkin +:pumpkin 2:pumpkin =:pumpkin
EXPR: 0 | POS | FRA | 77 | 12.7 | 8.7 | (((4+8.7)-x)-2)=2 | 4 8.7 + x - 2 - 2 = | 4:pound 8.7:pound +:pound x:pound -:pound 2:pound -:pound 2:pound =:pound
EXPR: 0 | POS | FRA | 77 | 12.7 | 0.7 | 4=(8.7-(2+(2+x))) | 4 8.7 2 2 x + + - = | 4:pound 8.7:pound 2:pound 2:pound x:pound +:pound +:pound -:pound =:pound
EXPR: 0 | POS | FRA | 77 | 12.7 | 9.7 | ((4/(x-8.7))-2)=2 | 4 x 8.7 - / 2 - 2 = | 4:pound x:pumpkin 8.7:pumpkin -:pumpkin /:pound 2:pound -:pound 2:pound =:pound
EXPR: 0 | POS | FRA | 77 | 12.7 | 4.29850746268657 | ((2/(2-8.7))+x)=4 | 2 2 8.7 - / x + 4 = | 2:pumpkin 2:pound 8.7:pound -:pound /:pumpkin x:pumpkin +:pumpkin 4:pumpkin =:pumpkin
EXPR: 0 | POS | FRA | 77 | 12.7 | 0.675 | 8.7=((4*(2+x))-2) | 8.7 4 2 x + * 2 - = | 8.7:pound 4:pumpkin 2:pound x:pound +:pound *:pound 2:pound -:pound =:pound
EXPR: 0 | POS | FRA | 77 | 12.7 | 9.7 | 2=((4-2)*(x-8.7)) | 2 4 2 - x 8.7 - * = | 2:pumpkin 4:pound 2:pound -:pound x:pumpkin 8.7:pumpkin -:pumpkin *:pumpkin =:pumpkin
EXPR: 0 | POS | FRA | 82 | 12.7 | 0.325 | 2=(x+((8.7-2)/4)) | 2 x 8.7 2 - 4 / + = | 2:pumpkin x:pumpkin 8.7:pumpkin 2:pumpkin -:pumpkin 4:pound /:pumpkin +:pumpkin =:pumpkin
EXPR: 0 | POS | FRA | 87 | 12.7 | 4.7 | 8.7=(x+(4+(2-2))) | 8.7 x 4 2 2 - + + = | 8.7:pound x:pound 4:pound 2:pound 2:pound -:pound +:pound +:pound =:pound
EXPR: 0 | POS | FRA | 87 | 12.7 | 4.7 | 8.7=(x+(4-(2-2))) | 8.7 x 4 2 2 - - + = | 8.7:pound x:pound 4:pound 2:pound 2:pound -:pound -:pound +:pound =:pound
EXPR: 0 | POS | FRA | 90 | 12.7 | 0.55 | (2-(8.7/(2+4)))=x | 2 8.7 2 4 + / - x = | 2:pumpkin 8.7:pumpkin 2:pound 4:pound +:pound /:pumpkin -:pumpkin x:pumpkin =:pumpkin
EXPR: 0 | POS | FRA | 90 | 12.7 | 4.7 | x=((8.7-(2-2))-4) | x 8.7 2 2 - - 4 - = | x:pound 8.7:pound 2:pound 2:pound -:pound -:pound 4:pound -:pound =:pound
EXPR: 0 | POS | FRA | 90 | 12.7 | 16.7 | x=(8.7+(2+(2+4))) | x 8.7 2 2 4 + + + = | x:pound 8.7:pound 2:pound 2:pound 4:pound +:pound +:pound +:pound =:pound
EXPR: 0 | POS | INT | 92 | 12.7 | - | 8.7=(x*((2-4)+2)) | 8.7 x 2 4 - 2 + * = | 8.7:pound x:pumpkin 2:pound 4:pound -:pound 2:pound +:pound *:pound =:pound
EXPR: 0 | POS | FRA | 92 | 12.7 | 4.7 | 8.7=(x+((2-2)+4)) | 8.7 x 2 2 - 4 + + = | 8.7:pound x:pound 2:pound 2:pound -:pound 4:pound +:pound +:pound =:pound
EXPR: 0 | POS | FRA | 100 | 12.7 | 8.7 | x=((8.7-(2-4))-2) | x 8.7 2 4 - - 2 - = | x:pound 8.7:pound 2:pound 4:pound -:pound -:pound 2:pound -:pound =:pound
EXPR: 0 | POS | FRA | 100 | 12.7 | 34.8 | x=((2+(8.7-2))*4) | x 2 8.7 2 - + 4 * = | x:pumpkin 2:pound 8.7:pound 2:pound -:pound +:pound 4:pumpkin *:pumpkin =:pumpkin
EXPR: 1 | POS | FRA | 100 | 12.7 | 12.7 | (8.7+(2*(4-2)))=x | 8.7 2 4 2 - * + x = | 8.7:pumpkin 2:pound 4:pumpkin 2:pumpkin -:pumpkin *:pumpkin +:pumpkin x:pumpkin =:pumpkin
EXPR: 0 | POS | FRA | 100 | 12.7 | 4.7 | x=(((8.7-2)-4)+2) | x 8.7 2 - 4 - 2 + = | x:pound 8.7:pound 2:pound -:pound 4:pound -:pound 2:pound +:pound =:pound
EXPR: 0 | POS | FRA | 102 | 12.7 | 1.65 | 2=(8.7/(4+(2-x))) | 2 8.7 4 2 x - + / = | 2:pound 8.7:pound 4:pumpkin 2:pumpkin x:pumpkin -:pumpkin +:pumpkin /:pound =:pound
EXPR: 0 | POS | FRA | 102 | 12.7 | 4.7 | (2+(4-(8.7-x)))=2 | 2 4 8.7 x - - + 2 = | 2:pound 4:pound 8.7:pound x:pound -:pound -:pound +:pound 2:pound =:pound
EXPR: 0 | POS | FRA | 112 | 12.7 | 19.4 | (((8.7*2)+4)-x)=2 | 8.7 2 * 4 + x - 2 = | 8.7:pumpkin 2:pound *:pound 4:pound +:pound x:pound -:pound 2:pound =:pound
EXPR: 0 | POS | FRA | 112 | 12.7 | 1.31034482758621 | 2=((8.7*(2-x))-4) | 2 8.7 2 x - * 4 - = | 2:pumpkin 8.7:pumpkin 2:pound x:pound -:pound *:pumpkin 4:pumpkin -:pumpkin =:pumpkin
EXPR: 0 | POS | FRA | 112 | 12.7 | 0.7 | 2=(8.7-(4+(2+x))) | 2 8.7 4 2 x + + - = | 2:pound 8.7:pound 4:pound 2:pound x:pound +:pound +:pound -:pound =:pound
EXPR: 0 | POS | FRA | 112 | 12.7 | 34.8 | ((2-(x/4))+8.7)=2 | 2 x 4 / - 8.7 + 2 = | 2:pound x:pound 4:pumpkin /:pound -:pound 8.7:pound +:pound 2:pound =:pound
EXPR: 0 | POS | FRA | 120 | 12.7 | 21.4 | x=(2*(8.7+(4-2))) | x 2 8.7 4 2 - + * = | x:pound 2:pound 8.7:pumpkin 4:pumpkin 2:pumpkin -:pumpkin +:pumpkin *:pound =:pound
EXPR: 0 | POS | FRA | 120 | 12.7 | 8.91954022988506 | x=(((2/8.7)+2)*4) | x 2 8.7 / 2 + 4 * = | x:pound 2:pound 8.7:pumpkin /:pound 2:pound +:pound 4:pumpkin *:pound =:pound
NET 181 unique, non-negative solutions found out of 396 total solutions
