parameters: n=7 l=3 k=1 p=5 q=2 m=9
TOTAL 1000 solutions found
SOLN: CORRECT | POS/NEG | INT/FRA | OBJ-SCORE | TRUE-ANS | ANS | INFIX | POSTFIX | TYPED-POSTFIX
EXPR: 0 | POS | INT | 2 | 562 | 5 | ((695/x)-6)=133 | 695 x / 6 - 133 = | 695:card x:pokemon /:card 6:card -:card 133:card =:card
EXPR: 0 | POS | INT | 2 | 562 | 138 | 695=((x*6)-133) | 695 x 6 * 133 - = | 695:card x:pokemon 6:card *:card 133:card -:card =:card
EXPR: 0 | POS | INT | 2 | 562 | 5 | 695=((6+133)*x) | 695 6 133 + x * = | 695:card 6:card 133:card +:card x:pokemon *:card =:card
EXPR: 0 | POS | INT | 2 | 562 | 5 | 695=(x*(6+133)) | 695 x 6 133 + * = | 695:card x:pokemon 6:card 133:card +:card *:card =:card
EXPR: 0 | POS | INT | 2 | 562 | 138 | 695=((6*x)-133) | 695 6 x * 133 - = | 695:card 6:card x:pokemon *:card 133:card -:card =:card
EXPR: 0 | POS | INT | 10 | 562 | 5 | (695/(6+133))=x | 695 6 133 + / x = | 695:pokemon 6:card 133:card +:card /:pokemon x:pokemon =:pokemon
EXPR: 0 | POS | INT | 10 | 562 | 5 | x=(695/(6+133)) | x 695 6 133 + / = | x:pokemon 695:pokemon 6:card 133:card +:card /:pokemon =:pokemon
EXPR: 0 | POS | INT | 10 | 562 | 96605 | x=(695*(6+133)) | x 695 6 133 + * = | x:pokemon 695:pokemon 6:card 133:card +:card *:pokemon =:pokemon
EXPR: 0 | POS | INT | 10 | 562 | 91637 | ((695-6)*133)=x | 695 6 - 133 * x = | 695:card 6:card -:card 133:pokemon *:pokemon x:pokemon =:pokemon
EXPR: 0 | POS | INT | 10 | 562 | 93233 | ((695+6)*133)=x | 695 6 + 133 * x = | 695:card 6:card +:card 133:pokemon *:pokemon x:pokemon =:pokemon
EXPR: 0 | POS | INT | 10 | 562 | 556 | (695-(6+133))=x | 695 6 133 + - x = | 695:card 6:card 133:card +:card -:card x:card =:card
EXPR: 0 | POS | INT | 10 | 562 | 834 | (695+(6+133))=x | 695 6 133 + + x = | 695:card 6:card 133:card +:card +:card x:card =:card
EXPR: 0 | POS | INT | 10 | 562 | 834 | x=((695+6)+133) | x 695 6 + 133 + = | x:card 695:card 6:card +:card 133:card +:card =:card
EXPR: 0 | POS | INT | 10 | 562 | 568 | x=((695+6)-133) | x 695 6 + 133 - = | x:card 695:card 6:card +:card 133:card -:card =:card
EXPR: 0 | POS | INT | 10 | 562 | 556 | x=((695-6)-133) | x 695 6 - 133 - = | x:card 695:card 6:card -:card 133:card -:card =:card
EXPR: 0 | POS | INT | 10 | 562 | 556 | x=(695-(6+133)) | x 695 6 133 + - = | x:card 695:card 6:card 133:card +:card -:card =:card
EXPR: 0 | POS | INT | 10 | 562 | 822 | x=((695-6)+133) | x 695 6 - 133 + = | x:card 695:card 6:card -:card 133:card +:card =:card
EXPR: 0 | POS | INT | 10 | 562 | 556 | ((695-6)-133)=x | 695 6 - 133 - x = | 695:card 6:card -:card 133:card -:card x:card =:card
EXPR: 0 | POS | INT | 10 | 562 | 568 | (695+(6-133))=x | 695 6 133 - + x = | 695:card 6:card 133:card -:card +:card x:card =:card
EXPR: 0 | POS | INT | 10 | 562 | 93233 | x=((695+6)*133) | x 695 6 + 133 * = | x:pokemon 695:card 6:card +:card 133:pokemon *:pokemon =:pokemon
EXPR: 0 | POS | INT | 10 | 562 | 822 | x=(695-(6-133)) | x 695 6 133 - - = | x:card 695:card 6:card 133:card -:card -:card =:card
EXPR: 0 | POS | INT | 10 | 562 | 91637 | x=((695-6)*133) | x 695 6 - 133 * = | x:pokemon 695:card 6:card -:card 133:pokemon *:pokemon =:pokemon
EXPR: 0 | POS | INT | 10 | 562 | 822 | ((695-6)+133)=x | 695 6 - 133 + x = | 695:card 6:card -:card 133:card +:card x:card =:card
EXPR: 0 | POS | INT | 10 | 562 | 834 | x=(695+(6+133)) | x 695 6 133 + + = | x:card 695:card 6:card 133:card +:card +:card =:card
EXPR: 0 | POS | INT | 10 | 562 | 568 | x=(695+(6-133)) | x 695 6 133 - + = | x:card 695:card 6:card 133:card -:card +:card =:card
EXPR: 0 | POS | INT | 10 | 562 | 822 | (695-(6-133))=x | 695 6 133 - - x = | 695:card 6:card 133:card -:card -:card x:card =:card
EXPR: 0 | POS | INT | 10 | 562 | 568 | ((695+6)-133)=x | 695 6 + 133 - x = | 695:card 6:card +:card 133:card -:card x:card =:card
EXPR: 0 | POS | INT | 10 | 562 | 834 | ((695+6)+133)=x | 695 6 + 133 + x = | 695:card 6:card +:card 133:card +:card x:card =:card
EXPR: 0 | POS | INT | 10 | 562 | 96605 | (695*(6+133))=x | 695 6 133 + * x = | 695:pokemon 6:card 133:card +:card *:pokemon x:pokemon =:pokemon
EXPR: 0 | POS | INT | 12 | 562 | 138 | ((x*6)-695)=133 | x 6 * 695 - 133 = | x:pokemon 6:card *:card 695:card -:card 133:card =:card
EXPR: 0 | POS | INT | 12 | 562 | 5 | ((695/x)-133)=6 | 695 x / 133 - 6 = | 695:card x:pokemon /:card 133:card -:card 6:card =:card
EXPR: 0 | POS | INT | 12 | 562 | 556 | 695=(6+(133+x)) | 695 6 133 x + + = | 695:card 6:card 133:card x:card +:card +:card =:card
EXPR: 0 | POS | INT | 12 | 562 | 5 | (695/x)=(6+133) | 695 x / 6 133 + = | 695:card x:pokemon /:card 6:card 133:card +:card =:card
EXPR: 0 | POS | INT | 12 | 562 | 556 | 695=(6+(x+133)) | 695 6 x 133 + + = | 695:card 6:card x:card 133:card +:card +:card =:card
EXPR: 0 | POS | INT | 12 | 562 | 822 | 695=(6+(x-133)) | 695 6 x 133 - + = | 695:card 6:card x:card 133:card -:card +:card =:card
EXPR: 0 | POS | INT | 12 | 562 | 568 | 695=(x-(6-133)) | 695 x 6 133 - - = | 695:card x:card 6:card 133:card -:card -:card =:card
EXPR: 0 | POS | INT | 12 | 562 | 834 | 695=(x-(6+133)) | 695 x 6 133 + - = | 695:card x:card 6:card 133:card +:card -:card =:card
EXPR: 0 | POS | INT | 12 | 562 | 822 | 695=(x+(6-133)) | 695 x 6 133 - + = | 695:card x:card 6:card 133:card -:card +:card =:card
EXPR: 0 | POS | INT | 12 | 562 | 822 | 695=(6-(133-x)) | 695 6 133 x - - = | 695:card 6:card 133:card x:card -:card -:card =:card
EXPR: 0 | POS | INT | 12 | 562 | 822 | 695=((6-133)+x) | 695 6 133 - x + = | 695:card 6:card 133:card -:card x:card +:card =:card
EXPR: 0 | POS | INT | 12 | 562 | 556 | ((695-6)-x)=133 | 695 6 - x - 133 = | 695:card 6:card -:card x:card -:card 133:card =:card
EXPR: 0 | POS | INT | 12 | 562 | 568 | ((695+6)-x)=133 | 695 6 + x - 133 = | 695:card 6:card +:card x:card -:card 133:card =:card
EXPR: 0 | POS | INT | 12 | 562 | 96605 | 695=(x/(6+133)) | 695 x 6 133 + / = | 695:pokemon x:pokemon 6:card 133:card +:card /:pokemon =:pokemon
EXPR: 0 | POS | INT | 12 | 562 | 834 | ((x-695)-6)=133 | x 695 - 6 - 133 = | x:card 695:card -:card 6:card -:card 133:card =:card
EXPR: 0 | POS | INT | 12 | 562 | 5 | 6=((695/x)-133) | 6 695 x / 133 - = | 6:card 695:card x:pokemon /:card 133:card -:card =:card
EXPR: 0 | POS | INT | 12 | 562 | 556 | (695-(x+6))=133 | 695 x 6 + - 133 = | 695:card x:card 6:card +:card -:card 133:card =:card
EXPR: 0 | POS | INT | 12 | 562 | 834 | 695=((x-6)-133) | 695 x 6 - 133 - = | 695:card x:card 6:card -:card 133:card -:card =:card
EXPR: 0 | POS | INT | 12 | 562 | 822 | ((x-695)+6)=133 | x 695 - 6 + 133 = | x:card 695:card -:card 6:card +:card 133:card =:card
EXPR: 0 | POS | INT | 12 | 562 | 138 | ((695+133)/x)=6 | 695 133 + x / 6 = | 695:card 133:card +:card x:pokemon /:card 6:card =:card
EXPR: 0 | POS | INT | 12 | 562 | 93233 | (x/(695+6))=133 | x 695 6 + / 133 = | x:pokemon 695:card 6:card +:card /:pokemon 133:pokemon =:pokemon
EXPR: 0 | POS | INT | 12 | 562 | 556 | (695-(6+x))=133 | 695 6 x + - 133 = | 695:card 6:card x:card +:card -:card 133:card =:card
EXPR: 0 | POS | INT | 12 | 562 | 138 | ((6*x)-695)=133 | 6 x * 695 - 133 = | 6:card x:pokemon *:card 695:card -:card 133:card =:card
EXPR: 0 | POS | INT | 12 | 562 | 568 | ((695-x)+6)=133 | 695 x - 6 + 133 = | 695:card x:card -:card 6:card +:card 133:card =:card
EXPR: 0 | POS | INT | 12 | 562 | 568 | (695+(6-x))=133 | 695 6 x - + 133 = | 695:card 6:card x:card -:card +:card 133:card =:card
EXPR: 0 | POS | INT | 12 | 562 | 138 | 6=((695+133)/x) | 6 695 133 + x / = | 6:card 695:card 133:card +:card x:pokemon /:card =:card
EXPR: 0 | POS | INT | 12 | 562 | 556 | ((695-x)-6)=133 | 695 x - 6 - 133 = | 695:card x:card -:card 6:card -:card 133:card =:card
EXPR: 0 | POS | INT | 12 | 562 | 568 | 695=((x-6)+133) | 695 x 6 - 133 + = | 695:card x:card 6:card -:card 133:card +:card =:card
EXPR: 0 | POS | INT | 12 | 562 | 556 | 695=(x+(6+133)) | 695 x 6 133 + + = | 695:card x:card 6:card 133:card +:card +:card =:card
EXPR: 0 | POS | INT | 12 | 562 | 834 | (x-(695+6))=133 | x 695 6 + - 133 = | x:card 695:card 6:card +:card -:card 133:card =:card
EXPR: 0 | POS | INT | 12 | 562 | 822 | (x-(695-6))=133 | x 695 6 - - 133 = | x:card 695:card 6:card -:card -:card 133:card =:card
EXPR: 0 | POS | INT | 12 | 562 | 568 | (695-(x-6))=133 | 695 x 6 - - 133 = | 695:card x:card 6:card -:card -:card 133:card =:card
EXPR: 0 | POS | INT | 12 | 562 | 91637 | (x/(695-6))=133 | x 695 6 - / 133 = | x:pokemon 695:card 6:card -:card /:pokemon 133:pokemon =:pokemon
EXPR: 0 | POS | INT | 12 | 562 | 556 | 695=((6+133)+x) | 695 6 133 + x + = | 695:card 6:card 133:card +:card x:card +:card =:card
EXPR: 0 | POS | INT | 12 | 562 | 822 | 695=((6+x)-133) | 695 6 x + 133 - = | 695:card 6:card x:card +:card 133:card -:card =:card
EXPR: 0 | POS | INT | 12 | 562 | 822 | 695=((x+6)-133) | 695 x 6 + 133 - = | 695:card x:card 6:card +:card 133:card -:card =:card
EXPR: 0 | POS | INT | 12 | 562 | 556 | 695=((x+6)+133) | 695 x 6 + 133 + = | 695:card x:card 6:card +:card 133:card +:card =:card
EXPR: 0 | POS | INT | 12 | 562 | 556 | 695=((6+x)+133) | 695 6 x + 133 + = | 695:card 6:card x:card +:card 133:card +:card =:card
EXPR: 0 | POS | INT | 20 | 562 | 4037 | ((695*6)-133)=x | 695 6 * 133 - x = | 695:pokemon 6:card *:card 133:card -:card x:card =:card
EXPR: 0 | POS | INT | 20 | 562 | 4303 | ((695*6)+133)=x | 695 6 * 133 + x = | 695:pokemon 6:card *:card 133:card +:card x:card =:card
EXPR: 0 | POS | INT | 20 | 562 | 4037 | x=((695*6)-133) | x 695 6 * 133 - = | x:pokemon 695:card 6:pokemon *:pokemon 133:pokemon -:pokemon =:pokemon
EXPR: 0 | POS | INT | 20 | 562 | 4303 | x=((695*6)+133) | x 695 6 * 133 + = | x:pokemon 695:card 6:pokemon *:pokemon 133:pokemon +:pokemon =:pokemon
EXPR: 0 | POS | INT | 20 | 562 | 1493 | (695+(6*133))=x | 695 6 133 * + x = | 695:pokemon 6:card 133:pokemon *:pokemon +:pokemon x:pokemon =:pokemon
EXPR: 0 | POS | INT | 20 | 562 | 3372 | (6*(695-133))=x | 6 695 133 - * x = | 6:pokemon 695:card 133:card -:card *:pokemon x:pokemon =:pokemon
EXPR: 0 | POS | INT | 20 | 562 | 1493 | x=(695+(6*133)) | x 695 6 133 * + = | x:card 695:card 6:card 133:pokemon *:card +:card =:card
EXPR: 0 | POS | INT | 20 | 562 | 4968 | (6*(695+133))=x | 6 695 133 + * x = | 6:pokemon 695:card 133:card +:card *:pokemon x:pokemon =:pokemon
EXPR: 0 | POS | INT | 20 | 562 | 834 | (6+(695+133))=x | 6 695 133 + + x = | 6:card 695:card 133:card +:card +:card x:card =:card
EXPR: 0 | POS | INT | 20 | 562 | 88265 | (695*(133-6))=x | 695 133 6 - * x = | 695:pokemon 133:card 6:card -:card *:pokemon x:pokemon =:pokemon
EXPR: 0 | POS | INT | 20 | 562 | 4968 | x=((695+133)*6) | x 695 133 + 6 * = | x:pokemon 695:card 133:card +:card 6:pokemon *:pokemon =:pokemon
EXPR: 0 | POS | INT | 20 | 562 | 3372 | ((695-133)*6)=x | 695 133 - 6 * x = | 695:card 133:card -:card 6:pokemon *:pokemon x:pokemon =:pokemon
EXPR: 0 | POS | INT | 20 | 562 | 834 | x=((695+133)+6) | x 695 133 + 6 + = | x:card 695:card 133:card +:card 6:card +:card =:card
EXPR: 0 | POS | INT | 20 | 562 | 4968 | ((695+133)*6)=x | 695 133 + 6 * x = | 695:card 133:card +:card 6:pokemon *:pokemon x:pokemon =:pokemon
EXPR: 0 | POS | INT | 20 | 562 | 822 | x=((695+133)-6) | x 695 133 + 6 - = | x:card 695:card 133:card +:card 6:card -:card =:card
EXPR: 0 | POS | INT | 20 | 562 | 822 | (695+(133-6))=x | 695 133 6 - + x = | 695:card 133:card 6:card -:card +:card x:card =:card
EXPR: 0 | POS | INT | 20 | 562 | 568 | (6+(695-133))=x | 6 695 133 - + x = | 6:card 695:card 133:card -:card +:card x:card =:card
EXPR: 0 | POS | INT | 20 | 562 | 568 | (695-(133-6))=x | 695 133 6 - - x = | 695:card 133:card 6:card -:card -:card x:card =:card
EXPR: 0 | POS | INT | 20 | 562 | 4968 | x=(6*(695+133)) | x 6 695 133 + * = | x:pokemon 6:pokemon 695:card 133:card +:card *:pokemon =:pokemon
EXPR: 0 | POS | INT | 20 | 562 | 3372 | x=(6*(695-133)) | x 6 695 133 - * = | x:pokemon 6:pokemon 695:card 133:card -:card *:pokemon =:pokemon
EXPR: 0 | POS | INT | 20 | 562 | 3372 | x=((695-133)*6) | x 695 133 - 6 * = | x:pokemon 695:card 133:card -:card 6:pokemon *:pokemon =:pokemon
EXPR: 0 | POS | INT | 20 | 562 | 556 | x=((695-133)-6) | x 695 133 - 6 - = | x:card 695:card 133:card -:card 6:card -:card =:card
EXPR: 0 | POS | INT | 20 | 562 | 568 | x=((695-133)+6) | x 695 133 - 6 + = | x:card 695:card 133:card -:card 6:card +:card =:card
EXPR: 0 | POS | INT | 20 | 562 | 556 | ((695-133)-6)=x | 695 133 - 6 - x = | 695:card 133:card -:card 6:card -:card x:card =:card
EXPR: 0 | POS | INT | 20 | 562 | 88265 | x=(695*(133-6)) | x 695 133 6 - * = | x:pokemon 695:pokemon 133:card 6:card -:card *:pokemon =:pokemon
EXPR: 0 | POS | INT | 20 | 562 | 568 | ((695-133)+6)=x | 695 133 - 6 + x = | 695:card 133:card -:card 6:card +:card x:card =:card
EXPR: 0 | POS | INT | 20 | 562 | 568 | x=(695-(133-6)) | x 695 133 6 - - = | x:card 695:card 133:card 6:card -:card -:card =:card
EXPR: 0 | POS | INT | 20 | 562 | 822 | x=(695+(133-6)) | x 695 133 6 - + = | x:card 695:card 133:card 6:card -:card +:card =:card
EXPR: 0 | POS | INT | 20 | 562 | 822 | ((695+133)-6)=x | 695 133 + 6 - x = | 695:card 133:card +:card 6:card -:card x:card =:card
EXPR: 0 | POS | INT | 20 | 562 | 834 | ((695+133)+6)=x | 695 133 + 6 + x = | 695:card 133:card +:card 6:card +:card x:card =:card
EXPR: 0 | POS | INT | 20 | 562 | 834 | x=(6+(695+133)) | x 6 695 133 + + = | x:card 6:card 695:card 133:card +:card +:card =:card
EXPR: 0 | POS | INT | 20 | 562 | 568 | x=(6+(695-133)) | x 6 695 133 - + = | x:card 6:card 695:card 133:card -:card +:card =:card
EXPR: 0 | POS | INT | 22 | 562 | 1493 | 695=(x-(6*133)) | 695 x 6 133 * - = | 695:card x:card 6:pokemon 133:card *:card -:card =:card
EXPR: 0 | POS | INT | 22 | 562 | 4303 | (x-(695*6))=133 | x 695 6 * - 133 = | x:card 695:pokemon 6:card *:card -:card 133:card =:card
EXPR: 0 | POS | INT | 22 | 562 | 4968 | 695=((x/6)-133) | 695 x 6 / 133 - = | 695:card x:card 6:pokemon /:card 133:card -:card =:card
EXPR: 0 | POS | INT | 22 | 562 | 3372 | (695-(x/6))=133 | 695 x 6 / - 133 = | 695:card x:card 6:pokemon /:card -:card 133:card =:card
EXPR: 0 | POS | INT | 22 | 562 | 92429 | 695=((x+6)/133) | 695 x 6 + 133 / = | 695:card x:card 6:card +:card 133:pokemon /:card =:card
EXPR: 0 | POS | INT | 22 | 562 | 103 | 695=((6*133)-x) | 695 6 133 * x - = | 695:card 6:card 133:pokemon *:card x:card -:card =:card
EXPR: 0 | POS | INT | 22 | 562 | 568 | (x-695)=(6-133) | x 695 - 6 133 - = | x:card 695:card -:card 6:card 133:card -:card =:card
EXPR: 0 | POS | INT | 22 | 562 | 4037 | ((695*6)-x)=133 | 695 6 * x - 133 = | 695:card 6:pokemon *:pokemon x:pokemon -:pokemon 133:pokemon =:pokemon
EXPR: 0 | POS | INT | 22 | 562 | 822 | 695=((x-133)+6) | 695 x 133 - 6 + = | 695:card x:card 133:card -:card 6:card +:card =:card
EXPR: 0 | POS | INT | 22 | 562 | 822 | ((6-695)+x)=133 | 6 695 - x + 133 = | 6:card 695:card -:card x:card +:card 133:card =:card
EXPR: 0 | POS | INT | 22 | 562 | 556 | ((695-133)-x)=6 | 695 133 - x - 6 = | 695:card 133:card -:card x:card -:card 6:card =:card
EXPR: 0 | POS | INT | 22 | 562 | 568 | (6+(695-x))=133 | 6 695 x - + 133 = | 6:card 695:card x:card -:card +:card 133:card =:card
EXPR: 0 | POS | INT | 22 | 562 | 92429 | 695=((6+x)/133) | 695 6 x + 133 / = | 695:card 6:card x:card +:card 133:pokemon /:card =:card
EXPR: 0 | POS | INT | 22 | 562 | 822 | ((695+133)-x)=6 | 695 133 + x - 6 = | 695:card 133:card +:card x:card -:card 6:card =:card
EXPR: 0 | POS | INT | 22 | 562 | 4968 | 6=(x/(695+133)) | 6 x 695 133 + / = | 6:pokemon x:pokemon 695:card 133:card +:card /:pokemon =:pokemon
EXPR: 0 | POS | INT | 22 | 562 | 3372 | 6=(x/(695-133)) | 6 x 695 133 - / = | 6:pokemon x:pokemon 695:card 133:card -:card /:pokemon =:pokemon
EXPR: 0 | POS | INT | 22 | 562 | 822 | (6-(695-x))=133 | 6 695 x - - 133 = | 6:card 695:card x:card -:card -:card 133:card =:card
EXPR: 0 | POS | INT | 22 | 562 | 568 | ((6-x)+695)=133 | 6 x - 695 + 133 = | 6:card x:card -:card 695:card +:card 133:card =:card
EXPR: 0 | POS | INT | 22 | 562 | 554610 | (x/695)=(6*133) | x 695 / 6 133 * = | x:pokemon 695:card /:pokemon 6:card 133:pokemon *:pokemon =:pokemon
EXPR: 0 | POS | INT | 22 | 562 | 568 | 695=(x+(133-6)) | 695 x 133 6 - + = | 695:card x:card 133:card 6:card -:card +:card =:card
EXPR: 0 | POS | INT | 22 | 562 | 92441 | 695=((x-6)/133) | 695 x 6 - 133 / = | 695:card x:card 6:card -:card 133:pokemon /:card =:card
EXPR: 0 | POS | INT | 22 | 562 | 138 | (x*6)=(695+133) | x 6 * 695 133 + = | x:pokemon 6:card *:card 695:card 133:card +:card =:card
EXPR: 0 | POS | INT | 22 | 562 | 554610 | (695*6)=(x/133) | 695 6 * x 133 / = | 695:pokemon 6:card *:pokemon x:pokemon 133:card /:pokemon =:pokemon
EXPR: 0 | POS | INT | 22 | 562 | 568 | 695=((133-6)+x) | 695 133 6 - x + = | 695:card 133:card 6:card -:card x:card +:card =:card
EXPR: 0 | POS | INT | 22 | 562 | 91637 | 695=(6+(x/133)) | 695 6 x 133 / + = | 695:pokemon 6:pokemon x:pokemon 133:card /:pokemon +:pokemon =:pokemon
EXPR: 0 | POS | INT | 22 | 562 | 556 | 695=(133+(x+6)) | 695 133 x 6 + + = | 695:card 133:card x:card 6:card +:card +:card =:card
EXPR: 0 | POS | INT | 22 | 562 | 103 | ((695+x)/6)=133 | 695 x + 6 / 133 = | 695:card x:card +:card 6:pokemon /:card 133:card =:card
EXPR: 0 | POS | INT | 22 | 562 | 568 | 695=(133-(6-x)) | 695 133 6 x - - = | 695:card 133:card 6:card x:card -:card -:card =:card
EXPR: 0 | POS | INT | 22 | 562 | 556 | 695=(133+(6+x)) | 695 133 6 x + + = | 695:card 133:card 6:card x:card +:card +:card =:card
EXPR: 0 | POS | INT | 22 | 562 | 822 | (x+(6-695))=133 | x 6 695 - + 133 = | x:card 6:card 695:card -:card +:card 133:card =:card
EXPR: 0 | POS | INT | 22 | 562 | 556 | (695-6)=(x+133) | 695 6 - x 133 + = | 695:card 6:card -:card x:card 133:card +:card =:card
EXPR: 0 | POS | INT | 22 | 562 | 822 | (695-x)=(6-133) | 695 x - 6 133 - = | 695:card x:card -:card 6:card 133:card -:card =:card
EXPR: 0 | POS | INT | 22 | 562 | 834 | (x-695)=(6+133) | x 695 - 6 133 + = | x:card 695:card -:card 6:card 133:card +:card =:card
EXPR: 0 | POS | INT | 22 | 562 | 556 | (695-(133+x))=6 | 695 133 x + - 6 = | 695:card 133:card x:card +:card -:card 6:card =:card
EXPR: 0 | POS | INT | 22 | 562 | 568 | 6=((x-695)+133) | 6 x 695 - 133 + = | 6:card x:card 695:card -:card 133:card +:card =:card
EXPR: 0 | POS | INT | 22 | 562 | 822 | (695-6)=(x-133) | 695 6 - x 133 - = | 695:card 6:card -:card x:card 133:card -:card =:card
EXPR: 0 | POS | INT | 22 | 562 | 568 | (695+6)=(x+133) | 695 6 + x 133 + = | 695:card 6:card +:card x:card 133:card +:card =:card
EXPR: 0 | POS | INT | 22 | 562 | 834 | (695+6)=(x-133) | 695 6 + x 133 - = | 695:card 6:card +:card x:card 133:card -:card =:card
EXPR: 0 | POS | INT | 22 | 562 | 556 | (695-x)=(6+133) | 695 x - 6 133 + = | 695:card x:card -:card 6:card 133:card +:card =:card
EXPR: 0 | POS | INT | 22 | 562 | 556 | (695-6)=(133+x) | 695 6 - 133 x + = | 695:card 6:card -:card 133:card x:card +:card =:card
EXPR: 0 | POS | INT | 22 | 562 | 834 | 695=((x-133)-6) | 695 x 133 - 6 - = | 695:card x:card 133:card -:card 6:card -:card =:card
EXPR: 0 | POS | INT | 22 | 562 | 568 | (695+6)=(133+x) | 695 6 + 133 x + = | 695:card 6:card +:card 133:card x:card +:card =:card
EXPR: 0 | POS | INT | 22 | 562 | 556 | 6=((695-x)-133) | 6 695 x - 133 - = | 6:card 695:card x:card -:card 133:card -:card =:card
EXPR: 0 | POS | INT | 22 | 562 | 822 | 695=(x-(133-6)) | 695 x 133 6 - - = | 695:card x:card 133:card 6:card -:card -:card =:card
EXPR: 0 | POS | INT | 22 | 562 | 568 | 695=(133+(x-6)) | 695 133 x 6 - + = | 695:card 133:card x:card 6:card -:card +:card =:card
EXPR: 0 | POS | INT | 22 | 562 | 138 | (695+133)=(x*6) | 695 133 + x 6 * = | 695:card 133:card +:card x:pokemon 6:card *:card =:card
EXPR: 0 | POS | INT | 22 | 562 | 88265 | 695=(x/(133-6)) | 695 x 133 6 - / = | 695:pokemon x:pokemon 133:card 6:card -:card /:pokemon =:pokemon
EXPR: 0 | POS | INT | 22 | 562 | 834 | ((x-6)-695)=133 | x 6 - 695 - 133 = | x:card 6:card -:card 695:card -:card 133:card =:card
EXPR: 0 | POS | INT | 22 | 562 | 3372 | 695=((x/6)+133) | 695 x 6 / 133 + = | 695:card x:card 6:pokemon /:card 133:card +:card =:card
EXPR: 0 | POS | INT | 22 | 562 | 4968 | (x/(695+133))=6 | x 695 133 + / 6 = | x:pokemon 695:card 133:card +:card /:pokemon 6:pokemon =:pokemon
EXPR: 0 | POS | INT | 22 | 562 | 822 | 6=((695-x)+133) | 6 695 x - 133 + = | 6:card 695:card x:card -:card 133:card +:card =:card
EXPR: 0 | POS | INT | 22 | 562 | 138 | (6*x)=(695+133) | 6 x * 695 133 + = | 6:card x:pokemon *:card 695:card 133:card +:card =:card
EXPR: 0 | POS | INT | 22 | 562 | 834 | 6=((x-695)-133) | 6 x 695 - 133 - = | 6:card x:card 695:card -:card 133:card -:card =:card
EXPR: 0 | POS | INT | 22 | 562 | 822 | (695+(133-x))=6 | 695 133 x - + 6 = | 695:card 133:card x:card -:card +:card 6:card =:card
EXPR: 0 | POS | INT | 22 | 562 | 568 | (6-(x-695))=133 | 6 x 695 - - 133 = | 6:card x:card 695:card -:card -:card 133:card =:card
EXPR: 0 | POS | INT | 22 | 562 | 822 | (6+(x-695))=133 | 6 x 695 - + 133 = | 6:card x:card 695:card -:card +:card 133:card =:card
EXPR: 0 | POS | INT | 22 | 562 | 138 | (695+133)=(6*x) | 695 133 + 6 x * = | 695:card 133:card +:card 6:card x:pokemon *:card =:card
EXPR: 0 | POS | INT | 22 | 562 | 3372 | (x/(695-133))=6 | x 695 133 - / 6 = | x:pokemon 695:card 133:card -:card /:pokemon 6:pokemon =:pokemon
EXPR: 0 | POS | INT | 22 | 562 | 96605 | ((x/695)-6)=133 | x 695 / 6 - 133 = | x:pokemon 695:card /:pokemon 6:pokemon -:pokemon 133:pokemon =:pokemon
EXPR: 0 | POS | INT | 22 | 562 | 88265 | ((x/695)+6)=133 | x 695 / 6 + 133 = | x:pokemon 695:card /:pokemon 6:pokemon +:pokemon 133:pokemon =:pokemon
EXPR: 0 | POS | INT | 22 | 562 | 1493 | ((x-695)/6)=133 | x 695 - 6 / 133 = | x:pokemon 695:pokemon -:pokemon 6:card /:pokemon 133:pokemon =:pokemon
EXPR: 0 | POS | INT | 22 | 562 | 103 | ((x+695)/6)=133 | x 695 + 6 / 133 = | x:pokemon 695:pokemon +:pokemon 6:card /:pokemon 133:pokemon =:pokemon
EXPR: 0 | POS | INT | 22 | 562 | 834 | ((x-695)-133)=6 | x 695 - 133 - 6 = | x:card 695:card -:card 133:card -:card 6:card =:card
EXPR: 0 | POS | INT | 22 | 562 | 568 | ((x-695)+133)=6 | x 695 - 133 + 6 = | x:card 695:card -:card 133:card +:card 6:card =:card
EXPR: 0 | POS | INT | 22 | 562 | 556 | ((695-x)-133)=6 | 695 x - 133 - 6 = | 695:card x:card -:card 133:card -:card 6:card =:card
EXPR: 0 | POS | INT | 22 | 562 | 556 | 6=(695-(133+x)) | 6 695 133 x + - = | 6:card 695:card 133:card x:card +:card -:card =:card
EXPR: 0 | POS | INT | 22 | 562 | 822 | ((695-x)+133)=6 | 695 x - 133 + 6 = | 695:card x:card -:card 133:card +:card 6:card =:card
EXPR: 0 | POS | INT | 22 | 562 | 834 | (x-(695+133))=6 | x 695 133 + - 6 = | x:card 695:card 133:card +:card -:card 6:card =:card
EXPR: 0 | POS | INT | 22 | 562 | 556 | 6=(695-(x+133)) | 6 695 x 133 + - = | 6:card 695:card x:card 133:card +:card -:card =:card
EXPR: 0 | POS | INT | 22 | 562 | 568 | (x-(695-133))=6 | x 695 133 - - 6 = | x:card 695:card 133:card -:card -:card 6:card =:card
EXPR: 0 | POS | INT | 22 | 562 | 822 | ((x+6)-695)=133 | x 6 + 695 - 133 = | x:card 6:card +:card 695:card -:card 133:card =:card
EXPR: 0 | POS | INT | 22 | 562 | 556 | (695-(x+133))=6 | 695 x 133 + - 6 = | 695:card x:card 133:card +:card -:card 6:card =:card
EXPR: 0 | POS | INT | 22 | 562 | 822 | 6=(695+(133-x)) | 6 695 133 x - + = | 6:card 695:card 133:card x:card -:card +:card =:card
EXPR: 0 | POS | INT | 22 | 562 | 822 | 6=((695+133)-x) | 6 695 133 + x - = | 6:card 695:card 133:card +:card x:card -:card =:card
EXPR: 0 | POS | INT | 22 | 562 | 822 | 6=(695-(x-133)) | 6 695 x 133 - - = | 6:card 695:card x:card 133:card -:card -:card =:card
EXPR: 0 | POS | INT | 22 | 562 | 556 | 6=((695-133)-x) | 6 695 133 - x - = | 6:card 695:card 133:card -:card x:card -:card =:card
EXPR: 0 | POS | INT | 22 | 562 | 822 | (695-(x-133))=6 | 695 x 133 - - 6 = | 695:card x:card 133:card -:card -:card 6:card =:card
EXPR: 0 | POS | INT | 22 | 562 | 822 | ((6+x)-695)=133 | 6 x + 695 - 133 = | 6:card x:card +:card 695:card -:card 133:card =:card
EXPR: 0 | POS | INT | 22 | 562 | 834 | 6=(x-(695+133)) | 6 x 695 133 + - = | 6:card x:card 695:card 133:card +:card -:card =:card
EXPR: 0 | POS | INT | 22 | 562 | 568 | 6=(x-(695-133)) | 6 x 695 133 - - = | 6:card x:card 695:card 133:card -:card -:card =:card
EXPR: 0 | POS | INT | 22 | 562 | 568 | 695=((133+x)-6) | 695 133 x + 6 - = | 695:card 133:card x:card +:card 6:card -:card =:card
EXPR: 0 | POS | INT | 22 | 562 | 556 | 695=((133+x)+6) | 695 133 x + 6 + = | 695:card 133:card x:card +:card 6:card +:card =:card
EXPR: 0 | POS | INT | 22 | 562 | 568 | 695=((x+133)-6) | 695 x 133 + 6 - = | 695:card x:card 133:card +:card 6:card -:card =:card
EXPR: 0 | POS | INT | 22 | 562 | 556 | 695=((x+133)+6) | 695 x 133 + 6 + = | 695:card x:card 133:card +:card 6:card +:card =:card
EXPR: 0 | POS | INT | 27 | 562 | 5 | 133=((695/x)-6) | 133 695 x / 6 - = | 133:card 695:card x:pokemon /:card 6:card -:card =:card
EXPR: 0 | POS | INT | 27 | 562 | 138 | ((6*x)-133)=695 | 6 x * 133 - 695 = | 6:card x:pokemon *:card 133:card -:card 695:card =:card
EXPR: 0 | POS | INT | 27 | 562 | 138 | ((x*6)-133)=695 | x 6 * 133 - 695 = | x:pokemon 6:card *:card 133:card -:card 695:card =:card
EXPR: 0 | POS | INT | 27 | 562 | 5 | (x*(6+133))=695 | x 6 133 + * 695 = | x:pokemon 6:card 133:card +:card *:card 695:card =:card
EXPR: 0 | POS | INT | 27 | 562 | 5 | ((6+133)*x)=695 | 6 133 + x * 695 = | 6:card 133:card +:card x:pokemon *:card 695:card =:card
EXPR: 0 | POS | INT | 30 | 562 | 92441 | ((695*133)+6)=x | 695 133 * 6 + x = | 695:pokemon 133:card *:card 6:card +:card x:card =:card
EXPR: 0 | POS | INT | 30 | 562 | 92441 | (6+(695*133))=x | 6 695 133 * + x = | 6:card 695:pokemon 133:card *:card +:card x:card =:card
EXPR: 0 | POS | INT | 30 | 562 | 138 | ((695+133)/6)=x | 695 133 + 6 / x = | 695:pokemon 133:pokemon +:pokemon 6:card /:pokemon x:pokemon =:pokemon
EXPR: 0 | POS | INT | 30 | 562 | 92429 | ((695*133)-6)=x | 695 133 * 6 - x = | 695:card 133:pokemon *:card 6:card -:card x:card =:card
EXPR: 0 | POS | INT | 30 | 562 | 138 | x=((695+133)/6) | x 695 133 + 6 / = | x:pokemon 695:pokemon 133:pokemon +:pokemon 6:card /:pokemon =:pokemon
EXPR: 0 | POS | INT | 30 | 562 | 92441 | x=((695*133)+6) | x 695 133 * 6 + = | x:pokemon 695:card 133:pokemon *:pokemon 6:pokemon +:pokemon =:pokemon
EXPR: 0 | POS | INT | 30 | 562 | 92441 | x=(6+(695*133)) | x 6 695 133 * + = | x:card 6:card 695:card 133:pokemon *:card +:card =:card
EXPR: 0 | POS | INT | 30 | 562 | 92429 | x=((695*133)-6) | x 695 133 * 6 - = | x:card 695:card 133:pokemon *:card 6:card -:card =:card
NET 196 unique, non-negative, integer-valued solutions found out of 1000 total solutions
