parameters: n=7 l=3 k=1 p=5 q=3 m=9
TOTAL 1000 solutions found
SOLN: CORRECT | POS/NEG | INT/FRA | OBJ-SCORE | TRUE-ANS | ANS | INFIX | POSTFIX | TYPED-POSTFIX
EXPR: 0 | POS | FRA | 10 | 5.88 | 117.6 | x=((1.08+4.80)*20) | x 1.08 4.80 + 20 * = | x:bill 1.08:dollar 4.80:dollar +:dollar 20:bill *:bill =:bill
EXPR: 0 | POS | FRA | 10 | 5.88 | 0.294 | x=((1.08+4.80)/20) | x 1.08 4.80 + 20 / = | x:dollar 1.08:dollar 4.80:dollar +:dollar 20:bill /:dollar =:dollar
EXPR: 0 | POS | FRA | 10 | 5.88 | 117.6 | ((1.08+4.80)*20)=x | 1.08 4.80 + 20 * x = | 1.08:dollar 4.80:dollar +:dollar 20:bill *:dollar x:dollar =:dollar
EXPR: 0 | POS | FRA | 10 | 5.88 | 0.294 | ((1.08+4.80)/20)=x | 1.08 4.80 + 20 / x = | 1.08:dollar 4.80:dollar +:dollar 20:bill /:dollar x:dollar =:dollar
EXPR: 0 | POS | FRA | 10 | 5.88 | 1.32 | (1.08+(4.80/20))=x | 1.08 4.80 20 / + x = | 1.08:dollar 4.80:dollar 20:bill /:dollar +:dollar x:dollar =:dollar
EXPR: 0 | POS | FRA | 10 | 5.88 | 0.84 | (1.08-(4.80/20))=x | 1.08 4.80 20 / - x = | 1.08:dollar 4.80:dollar 20:bill /:dollar -:dollar x:dollar =:dollar
EXPR: 0 | POS | FRA | 10 | 5.88 | 97.08 | (1.08+(4.80*20))=x | 1.08 4.80 20 * + x = | 1.08:dollar 4.80:dollar 20:bill *:dollar +:dollar x:dollar =:dollar
EXPR: 0 | POS | FRA | 10 | 5.88 | 0.84 | x=(1.08-(4.80/20)) | x 1.08 4.80 20 / - = | x:dollar 1.08:dollar 4.80:dollar 20:bill /:dollar -:dollar =:dollar
EXPR: 0 | POS | FRA | 10 | 5.88 | 1.32 | x=(1.08+(4.80/20)) | x 1.08 4.80 20 / + = | x:dollar 1.08:dollar 4.80:dollar 20:bill /:dollar +:dollar =:dollar
EXPR: 0 | POS | FRA | 10 | 5.88 | 97.08 | x=(1.08+(4.80*20)) | x 1.08 4.80 20 * + = | x:dollar 1.08:dollar 4.80:dollar 20:bill *:dollar +:dollar =:dollar
EXPR: 0 | POS | FRA | 12 | 5.88 | 3.40136054421769 | ((1.08+4.80)*x)=20 | 1.08 4.80 + x * 20 = | 1.08:dollar 4.80:dollar +:dollar x:total *:total 20:total =:total
EXPR: 0 | POS | FRA | 12 | 5.88 | 22.962962962963 | ((x*1.08)-4.80)=20 | x 1.08 * 4.80 - 20 = | x:total 1.08:dollar *:dollar 4.80:dollar -:dollar 20:dollar =:dollar
EXPR: 0 | POS | FRA | 12 | 5.88 | 0.0435483870967742 | 1.08=(x*(4.80+20)) | 1.08 x 4.80 20 + * = | 1.08:dollar x:total 4.80:dollar 20:dollar +:dollar *:dollar =:dollar
EXPR: 0 | POS | FRA | 12 | 5.88 | 4.746 | 1.08=((4.80-x)*20) | 1.08 4.80 x - 20 * = | 1.08:dollar 4.80:dollar x:dollar -:dollar 20:bill *:dollar =:dollar
EXPR: 0 | POS | FRA | 12 | 5.88 | 20.225 | 1.08=(4.80*(x-20)) | 1.08 4.80 x 20 - * = | 1.08:dollar 4.80:dollar x:bill 20:bill -:bill *:dollar =:dollar
EXPR: 0 | POS | FRA | 12 | 5.88 | 24.4444444444444 | 1.08=(4.80/(x-20)) | 1.08 4.80 x 20 - / = | 1.08:dollar 4.80:dollar x:bill 20:bill -:bill /:dollar =:dollar
EXPR: 0 | POS | FRA | 12 | 5.88 | 74.4 | 1.08=(4.80-(x/20)) | 1.08 4.80 x 20 / - = | 1.08:dollar 4.80:dollar x:dollar 20:bill /:dollar -:dollar =:dollar
EXPR: 0 | POS | FRA | 12 | 5.88 | 97.08 | 1.08=(x-(4.80*20)) | 1.08 x 4.80 20 * - = | 1.08:dollar x:dollar 4.80:dollar 20:bill *:dollar -:dollar =:dollar
EXPR: 0 | POS | FRA | 12 | 5.88 | 1.32 | 1.08=(x-(4.80/20)) | 1.08 x 4.80 20 / - = | 1.08:dollar x:dollar 4.80:dollar 20:bill /:dollar -:dollar =:dollar
EXPR: 0 | POS | FRA | 12 | 5.88 | 0.84 | 1.08=(x+(4.80/20)) | 1.08 x 4.80 20 / + = | 1.08:dollar x:dollar 4.80:dollar 20:bill /:dollar +:dollar =:dollar
EXPR: 0 | POS | FRA | 12 | 5.88 | 4.39166666666667 | 1.08=((4.80*x)-20) | 1.08 4.80 x * 20 - = | 1.08:dollar 4.80:dollar x:total *:dollar 20:dollar -:dollar =:dollar
EXPR: 0 | POS | FRA | 12 | 5.88 | 0.186 | 1.08=(4.80-(x*20)) | 1.08 4.80 x 20 * - = | 1.08:dollar 4.80:dollar x:dollar 20:bill *:dollar -:dollar =:dollar
EXPR: 0 | POS | FRA | 12 | 5.88 | 14.0740740740741 | ((x*1.08)+4.80)=20 | x 1.08 * 4.80 + 20 = | x:total 1.08:dollar *:dollar 4.80:dollar +:dollar 20:dollar =:dollar
EXPR: 0 | POS | FRA | 12 | 5.88 | 0.0435483870967742 | 1.08=((4.80+20)*x) | 1.08 4.80 20 + x * = | 1.08:dollar 4.80:dollar 20:dollar +:dollar x:total *:dollar =:dollar
EXPR: 0 | POS | FRA | 12 | 5.88 | 22.962962962963 | 1.08=((4.80+20)/x) | 1.08 4.80 20 + x / = | 1.08:dollar 4.80:dollar 20:dollar +:dollar x:total /:dollar =:dollar
EXPR: 0 | POS | FRA | 12 | 5.88 | 3.94166666666667 | (1.08+(x*4.80))=20 | 1.08 x 4.80 * + 20 = | 1.08:dollar x:total 4.80:dollar *:dollar +:dollar 20:dollar =:dollar
EXPR: 0 | POS | FRA | 12 | 5.88 | 0.186 | 1.08=(4.80-(20*x)) | 1.08 4.80 20 x * - = | 1.08:dollar 4.80:dollar 20:dollar x:total *:dollar -:dollar =:dollar
EXPR: 0 | POS | FRA | 12 | 5.88 | 5.37634408602151 | 1.08=(4.80-(20/x)) | 1.08 4.80 20 x / - = | 1.08:dollar 4.80:dollar 20:dollar x:total /:dollar -:dollar =:dollar
EXPR: 0 | POS | FRA | 12 | 5.88 | 16.8 | 1.08=((4.80+x)/20) | 1.08 4.80 x + 20 / = | 1.08:dollar 4.80:dollar x:dollar +:dollar 20:bill /:dollar =:dollar
EXPR: 0 | POS | FRA | 12 | 5.88 | 0.84 | 1.08=((4.80/20)+x) | 1.08 4.80 20 / x + = | 1.08:dollar 4.80:dollar 20:bill /:dollar x:dollar +:dollar =:dollar
EXPR: 0 | POS | FRA | 12 | 5.88 | 94.92 | 1.08=((4.80*20)-x) | 1.08 4.80 20 * x - = | 1.08:dollar 4.80:dollar 20:bill *:dollar x:dollar -:dollar =:dollar
EXPR: 0 | POS | FRA | 20 | 5.88 | 20.225 | x=((1.08/4.80)+20) | x 1.08 4.80 / 20 + = | x:bill 1.08:bill 4.80:dollar /:bill 20:bill +:bill =:bill
EXPR: 0 | POS | FRA | 20 | 5.88 | 0.186 | x=((4.80-1.08)/20) | x 4.80 1.08 - 20 / = | x:dollar 4.80:dollar 1.08:dollar -:dollar 20:bill /:dollar =:dollar
EXPR: 0 | POS | FRA | 20 | 5.88 | 16.28 | ((1.08-4.80)+20)=x | 1.08 4.80 - 20 + x = | 1.08:dollar 4.80:dollar -:dollar 20:dollar +:dollar x:dollar =:dollar
EXPR: 0 | POS | FRA | 20 | 5.88 | 0.0435483870967742 | x=(1.08/(4.80+20)) | x 1.08 4.80 20 + / = | x:total 1.08:total 4.80:dollar 20:dollar +:dollar /:total =:total
EXPR: 0 | POS | FRA | 20 | 5.88 | 74.4 | ((4.80-1.08)*20)=x | 4.80 1.08 - 20 * x = | 4.80:dollar 1.08:dollar -:dollar 20:bill *:dollar x:dollar =:dollar
EXPR: 0 | POS | FRA | 20 | 5.88 | 0.186 | ((4.80-1.08)/20)=x | 4.80 1.08 - 20 / x = | 4.80:dollar 1.08:dollar -:dollar 20:bill /:dollar x:dollar =:dollar
EXPR: 0 | POS | FRA | 20 | 5.88 | 74.4 | x=((4.80-1.08)*20) | x 4.80 1.08 - 20 * = | x:total 4.80:dollar 1.08:dollar -:dollar 20:total *:total =:total
EXPR: 0 | POS | FRA | 20 | 5.88 | 25.184 | ((1.08*4.80)+20)=x | 1.08 4.80 * 20 + x = | 1.08:dollar 4.80:bill *:bill 20:bill +:bill x:bill =:bill
EXPR: 0 | POS | FRA | 20 | 5.88 | 20.225 | ((1.08/4.80)+20)=x | 1.08 4.80 / 20 + x = | 1.08:bill 4.80:dollar /:bill 20:bill +:bill x:bill =:bill
EXPR: 0 | POS | FRA | 20 | 5.88 | 26.784 | (1.08*(4.80+20))=x | 1.08 4.80 20 + * x = | 1.08:dollar 4.80:bill 20:bill +:bill *:dollar x:dollar =:dollar
EXPR: 0 | POS | FRA | 20 | 5.88 | 4.854 | (4.80+(1.08/20))=x | 4.80 1.08 20 / + x = | 4.80:dollar 1.08:dollar 20:bill /:dollar +:dollar x:dollar =:dollar
EXPR: 0 | POS | FRA | 20 | 5.88 | 4.746 | (4.80-(1.08/20))=x | 4.80 1.08 20 / - x = | 4.80:dollar 1.08:dollar 20:bill /:dollar -:dollar x:dollar =:dollar
EXPR: 0 | POS | FRA | 20 | 5.88 | 4.746 | x=(4.80-(1.08/20)) | x 4.80 1.08 20 / - = | x:dollar 4.80:dollar 1.08:dollar 20:bill /:dollar -:dollar =:dollar
EXPR: 0 | POS | FRA | 20 | 5.88 | 4.854 | x=(4.80+(1.08/20)) | x 4.80 1.08 20 / + = | x:dollar 4.80:dollar 1.08:dollar 20:bill /:dollar +:dollar =:dollar
EXPR: 0 | POS | FRA | 20 | 5.88 | 25.88 | ((1.08+4.80)+20)=x | 1.08 4.80 + 20 + x = | 1.08:dollar 4.80:dollar +:dollar 20:dollar +:dollar x:dollar =:dollar
EXPR: 0 | POS | FRA | 20 | 5.88 | 16.28 | (1.08-(4.80-20))=x | 1.08 4.80 20 - - x = | 1.08:dollar 4.80:dollar 20:dollar -:dollar -:dollar x:dollar =:dollar
EXPR: 0 | POS | FRA | 20 | 5.88 | 25.88 | (1.08+(4.80+20))=x | 1.08 4.80 20 + + x = | 1.08:dollar 4.80:dollar 20:dollar +:dollar +:dollar x:dollar =:dollar
EXPR: 0 | POS | FRA | 20 | 5.88 | 16.8 | ((1.08*20)-4.80)=x | 1.08 20 * 4.80 - x = | 1.08:dollar 20:bill *:dollar 4.80:dollar -:dollar x:dollar =:dollar
EXPR: 0 | POS | FRA | 20 | 5.88 | 26.784 | x=(1.08*(4.80+20)) | x 1.08 4.80 20 + * = | x:dollar 1.08:dollar 4.80:bill 20:bill +:bill *:dollar =:dollar
EXPR: 0 | POS | FRA | 20 | 5.88 | 4.854 | ((1.08/20)+4.80)=x | 1.08 20 / 4.80 + x = | 1.08:dollar 20:bill /:dollar 4.80:dollar +:dollar x:dollar =:dollar
EXPR: 0 | POS | FRA | 20 | 5.88 | 16.28 | x=(1.08-(4.80-20)) | x 1.08 4.80 20 - - = | x:dollar 1.08:dollar 4.80:dollar 20:dollar -:dollar -:dollar =:dollar
EXPR: 0 | POS | FRA | 20 | 5.88 | 25.88 | x=(1.08+(4.80+20)) | x 1.08 4.80 20 + + = | x:dollar 1.08:dollar 4.80:dollar 20:dollar +:dollar +:dollar =:dollar
EXPR: 0 | POS | FRA | 22 | 5.88 | 25.184 | (x-(1.08*4.80))=20 | x 1.08 4.80 * - 20 = | x:bill 1.08:bill 4.80:dollar *:bill -:bill 20:bill =:bill
EXPR: 0 | POS | FRA | 22 | 5.88 | 16.8 | 1.08=((x+4.80)/20) | 1.08 x 4.80 + 20 / = | 1.08:total x:total 4.80:total +:total 20:bill /:total =:total
EXPR: 0 | POS | FRA | 22 | 5.88 | 5.24666666666667 | ((x-1.08)*4.80)=20 | x 1.08 - 4.80 * 20 = | x:total 1.08:total -:total 4.80:dollar *:dollar 20:dollar =:dollar
EXPR: 0 | POS | FRA | 22 | 5.88 | 0.0710526315789474 | 1.08=(x*(20-4.80)) | 1.08 x 20 4.80 - * = | 1.08:dollar x:total 20:dollar 4.80:dollar -:dollar *:dollar =:dollar
EXPR: 0 | POS | FRA | 22 | 5.88 | 3.08666666666667 | ((x+1.08)*4.80)=20 | x 1.08 + 4.80 * 20 = | x:total 1.08:total +:total 4.80:dollar *:total 20:total =:total
EXPR: 0 | POS | FRA | 22 | 5.88 | 24.4444444444444 | (1.08*(x-20))=4.80 | 1.08 x 20 - * 4.80 = | 1.08:dollar x:bill 20:bill -:bill *:dollar 4.80:dollar =:dollar
EXPR: 0 | POS | FRA | 22 | 5.88 | 5.37634408602151 | ((4.80-1.08)*x)=20 | 4.80 1.08 - x * 20 = | 4.80:dollar 1.08:dollar -:dollar x:bill *:bill 20:bill =:bill
EXPR: 0 | POS | FRA | 22 | 5.88 | 13.7185185185185 | (1.08*(4.80+x))=20 | 1.08 4.80 x + * 20 = | 1.08:dollar 4.80:bill x:bill +:bill *:bill 20:bill =:bill
EXPR: 0 | POS | FRA | 22 | 5.88 | 0.84 | 4.80=((1.08-x)*20) | 4.80 1.08 x - 20 * = | 4.80:dollar 1.08:dollar x:dollar -:dollar 20:bill *:dollar =:dollar
EXPR: 0 | POS | FRA | 22 | 5.88 | 4.854 | (1.08/(x-4.80))=20 | 1.08 x 4.80 - / 20 = | 1.08:bill x:total 4.80:total -:total /:bill 20:bill =:bill
EXPR: 0 | POS | FRA | 22 | 5.88 | 26.4 | (x-(1.08*20))=4.80 | x 1.08 20 * - 4.80 = | x:dollar 1.08:dollar 20:bill *:dollar -:dollar 4.80:dollar =:dollar
EXPR: 0 | POS | FRA | 22 | 5.88 | 4.854 | (x-(1.08/20))=4.80 | x 1.08 20 / - 4.80 = | x:dollar 1.08:dollar 20:bill /:dollar -:dollar 4.80:dollar =:dollar
EXPR: 0 | POS | FRA | 22 | 5.88 | 4.854 | 1.08=((x-4.80)*20) | 1.08 x 4.80 - 20 * = | 1.08:bill x:total 4.80:total -:total 20:bill *:bill =:bill
EXPR: 0 | POS | FRA | 22 | 5.88 | 23.72 | (1.08-(4.80-x))=20 | 1.08 4.80 x - - 20 = | 1.08:dollar 4.80:dollar x:dollar -:dollar -:dollar 20:dollar =:dollar
EXPR: 0 | POS | FRA | 22 | 5.88 | 14.12 | (1.08+(4.80+x))=20 | 1.08 4.80 x + + 20 = | 1.08:dollar 4.80:dollar x:dollar +:dollar +:dollar 20:dollar =:dollar
EXPR: 0 | POS | FRA | 22 | 5.88 | 4.746 | (1.08/(4.80-x))=20 | 1.08 4.80 x - / 20 = | 1.08:bill 4.80:total x:total -:total /:bill 20:bill =:bill
EXPR: 0 | POS | FRA | 22 | 5.88 | 0.25369978858351 | (1.08+(4.80/x))=20 | 1.08 4.80 x / + 20 = | 1.08:dollar 4.80:dollar x:bill /:dollar +:dollar 20:dollar =:dollar
EXPR: 0 | POS | FRA | 22 | 5.88 | 24.4444444444444 | 4.80=(1.08*(x-20)) | 4.80 1.08 x 20 - * = | 4.80:dollar 1.08:dollar x:bill 20:bill -:bill *:dollar =:dollar
EXPR: 0 | POS | FRA | 22 | 5.88 | 4.39166666666667 | ((1.08+20)/x)=4.80 | 1.08 20 + x / 4.80 = | 1.08:dollar 20:dollar +:dollar x:total /:dollar 4.80:dollar =:dollar
EXPR: 0 | POS | FRA | 22 | 5.88 | 3.94166666666667 | (1.08+(4.80*x))=20 | 1.08 4.80 x * + 20 = | 1.08:dollar 4.80:dollar x:bill *:dollar +:dollar 20:dollar =:dollar
EXPR: 0 | POS | FRA | 22 | 5.88 | 0.227703984819734 | ((1.08+20)*x)=4.80 | 1.08 20 + x * 4.80 = | 1.08:dollar 20:dollar +:dollar x:total *:dollar 4.80:dollar =:dollar
EXPR: 0 | POS | FRA | 22 | 5.88 | 20.225 | (x-(1.08/4.80))=20 | x 1.08 4.80 / - 20 = | x:total 1.08:total 4.80:dollar /:total -:total 20:total =:total
EXPR: 0 | POS | FRA | 22 | 5.88 | 0.294 | (1.08+4.80)=(x*20) | 1.08 4.80 + x 20 * = | 1.08:dollar 4.80:dollar +:dollar x:dollar 20:bill *:dollar =:dollar
EXPR: 0 | POS | FRA | 22 | 5.88 | 117.6 | (1.08+4.80)=(x/20) | 1.08 4.80 + x 20 / = | 1.08:dollar 4.80:dollar +:dollar x:dollar 20:bill /:dollar =:dollar
EXPR: 0 | POS | FRA | 22 | 5.88 | 4.39166666666667 | 1.08=((x*4.80)-20) | 1.08 x 4.80 * 20 - = | 1.08:dollar x:bill 4.80:dollar *:dollar 20:dollar -:dollar =:dollar
EXPR: 0 | POS | FRA | 22 | 5.88 | 97.08 | ((x-1.08)/4.80)=20 | x 1.08 - 4.80 / 20 = | x:bill 1.08:bill -:bill 4.80:dollar /:bill 20:bill =:bill
EXPR: 0 | POS | FRA | 22 | 5.88 | 94.92 | ((x+1.08)/4.80)=20 | x 1.08 + 4.80 / 20 = | x:bill 1.08:bill +:bill 4.80:dollar /:bill 20:bill =:bill
EXPR: 0 | POS | FRA | 22 | 5.88 | 0.84 | ((1.08-x)*20)=4.80 | 1.08 x - 20 * 4.80 = | 1.08:dollar x:dollar -:dollar 20:bill *:dollar 4.80:dollar =:dollar
EXPR: 0 | POS | FRA | 22 | 5.88 | 22.962962962963 | ((x*1.08)-20)=4.80 | x 1.08 * 20 - 4.80 = | x:total 1.08:dollar *:dollar 20:dollar -:dollar 4.80:dollar =:dollar
EXPR: 0 | POS | FRA | 22 | 5.88 | 103.68 | (1.08*4.80)=(x/20) | 1.08 4.80 * x 20 / = | 1.08:total 4.80:dollar *:total x:total 20:bill /:total =:total
EXPR: 0 | POS | FRA | 22 | 5.88 | 16.416 | ((x/1.08)+4.80)=20 | x 1.08 / 4.80 + 20 = | x:bill 1.08:dollar /:bill 4.80:bill +:bill 20:bill =:bill
EXPR: 0 | POS | FRA | 22 | 5.88 | 26.784 | ((x/1.08)-4.80)=20 | x 1.08 / 4.80 - 20 = | x:bill 1.08:dollar /:bill 4.80:bill -:bill 20:bill =:bill
EXPR: 0 | POS | FRA | 22 | 5.88 | 26.4 | 4.80=(x-(1.08*20)) | 4.80 x 1.08 20 * - = | 4.80:dollar x:dollar 1.08:dollar 20:bill *:dollar -:dollar =:dollar
EXPR: 0 | POS | FRA | 22 | 5.88 | 4.854 | 4.80=(x-(1.08/20)) | 4.80 x 1.08 20 / - = | 4.80:dollar x:dollar 1.08:dollar 20:bill /:dollar -:dollar =:dollar
EXPR: 0 | POS | FRA | 22 | 5.88 | 4.746 | 4.80=(x+(1.08/20)) | 4.80 x 1.08 20 / + = | 4.80:dollar x:dollar 1.08:dollar 20:bill /:dollar +:dollar =:dollar
EXPR: 0 | POS | FRA | 22 | 5.88 | 0.186 | (1.08+(20*x))=4.80 | 1.08 20 x * + 4.80 = | 1.08:dollar 20:dollar x:total *:dollar +:dollar 4.80:dollar =:dollar
EXPR: 0 | POS | FRA | 22 | 5.88 | 4.746 | 1.08=(20*(4.80-x)) | 1.08 20 4.80 x - * = | 1.08:dollar 20:bill 4.80:dollar x:dollar -:dollar *:dollar =:dollar
EXPR: 0 | POS | FRA | 22 | 5.88 | 0.294 | 1.08=((20*x)-4.80) | 1.08 20 x * 4.80 - = | 1.08:dollar 20:dollar x:total *:dollar 4.80:dollar -:dollar =:dollar
EXPR: 0 | POS | FRA | 22 | 5.88 | 3.40136054421769 | 1.08=((20/x)-4.80) | 1.08 20 x / 4.80 - = | 1.08:dollar 20:dollar x:total /:dollar 4.80:dollar -:dollar =:dollar
EXPR: 0 | POS | FRA | 22 | 5.88 | 94.92 | ((1.08+x)/4.80)=20 | 1.08 x + 4.80 / 20 = | 1.08:bill x:bill +:bill 4.80:dollar /:bill 20:bill =:bill
EXPR: 0 | POS | FRA | 22 | 5.88 | 0.222222222222222 | (x*1.08)=(4.80/20) | x 1.08 * 4.80 20 / = | x:bill 1.08:dollar *:dollar 4.80:dollar 20:bill /:dollar =:dollar
EXPR: 0 | POS | FRA | 22 | 5.88 | 14.0740740740741 | 1.08=((20-4.80)/x) | 1.08 20 4.80 - x / = | 1.08:dollar 20:dollar 4.80:dollar -:dollar x:total /:dollar =:dollar
EXPR: 0 | POS | FRA | 22 | 5.88 | 23.3185185185185 | (1.08*(x-4.80))=20 | 1.08 x 4.80 - * 20 = | 1.08:dollar x:total 4.80:total -:total *:total 20:total =:total
EXPR: 0 | POS | FRA | 22 | 5.88 | 13.7185185185185 | (1.08*(x+4.80))=20 | 1.08 x 4.80 + * 20 = | 1.08:dollar x:total 4.80:total +:total *:total 20:total =:total
EXPR: 0 | POS | FRA | 22 | 5.88 | 14.0740740740741 | (4.80+(x*1.08))=20 | 4.80 x 1.08 * + 20 = | 4.80:dollar x:total 1.08:dollar *:dollar +:dollar 20:dollar =:dollar
EXPR: 0 | POS | FRA | 22 | 5.88 | 0.294 | ((1.08+4.80)/x)=20 | 1.08 4.80 + x / 20 = | 1.08:dollar 4.80:dollar +:dollar x:bill /:dollar 20:dollar =:dollar
EXPR: 0 | POS | FRA | 22 | 5.88 | 19.775 | 1.08=((20-x)*4.80) | 1.08 20 x - 4.80 * = | 1.08:dollar 20:total x:total -:total 4.80:dollar *:dollar =:dollar
EXPR: 0 | POS | FRA | 22 | 5.88 | 3.08666666666667 | ((1.08+x)*4.80)=20 | 1.08 x + 4.80 * 20 = | 1.08:bill x:bill +:bill 4.80:dollar *:bill 20:bill =:bill
EXPR: 0 | POS | FRA | 22 | 5.88 | 20.225 | 4.80=(1.08/(x-20)) | 4.80 1.08 x 20 - / = | 4.80:dollar 1.08:dollar x:bill 20:bill -:bill /:dollar =:dollar
EXPR: 0 | POS | FRA | 22 | 5.88 | 14.816 | (x+(1.08*4.80))=20 | x 1.08 4.80 * + 20 = | x:bill 1.08:dollar 4.80:bill *:bill +:bill 20:bill =:bill
EXPR: 0 | POS | FRA | 22 | 5.88 | 1.32 | ((x-1.08)*20)=4.80 | x 1.08 - 20 * 4.80 = | x:dollar 1.08:dollar -:dollar 20:bill *:dollar 4.80:dollar =:dollar
EXPR: 0 | POS | FRA | 22 | 5.88 | 97.08 | ((x-1.08)/20)=4.80 | x 1.08 - 20 / 4.80 = | x:dollar 1.08:dollar -:dollar 20:bill /:dollar 4.80:dollar =:dollar
EXPR: 0 | POS | FRA | 22 | 5.88 | 20.225 | 1.08=((x-20)*4.80) | 1.08 x 20 - 4.80 * = | 1.08:dollar x:total 20:total -:total 4.80:dollar *:dollar =:dollar
EXPR: 0 | POS | FRA | 22 | 5.88 | 101.184 | 1.08=((x/4.80)-20) | 1.08 x 4.80 / 20 - = | 1.08:bill x:bill 4.80:dollar /:bill 20:bill -:bill =:bill
EXPR: 0 | POS | FRA | 22 | 5.88 | 15.5555555555556 | 4.80=(1.08*(20-x)) | 4.80 1.08 20 x - * = | 4.80:dollar 1.08:dollar 20:bill x:bill -:bill *:dollar =:dollar
EXPR: 0 | POS | FRA | 22 | 5.88 | 16.28 | 1.08=((x+4.80)-20) | 1.08 x 4.80 + 20 - = | 1.08:dollar x:dollar 4.80:dollar +:dollar 20:dollar -:dollar =:dollar
EXPR: 0 | POS | FRA | 22 | 5.88 | 0.227703984819734 | ((4.80/x)-1.08)=20 | 4.80 x / 1.08 - 20 = | 4.80:dollar x:total /:dollar 1.08:dollar -:dollar 20:dollar =:dollar
EXPR: 0 | POS | FRA | 22 | 5.88 | 4.39166666666667 | ((4.80*x)-1.08)=20 | 4.80 x * 1.08 - 20 = | 4.80:dollar x:total *:dollar 1.08:dollar -:dollar 20:dollar =:dollar
EXPR: 0 | POS | FRA | 22 | 5.88 | 3.94166666666667 | ((4.80*x)+1.08)=20 | 4.80 x * 1.08 + 20 = | 4.80:dollar x:total *:dollar 1.08:dollar +:dollar 20:dollar =:dollar
EXPR: 0 | POS | FRA | 22 | 5.88 | 88.8888888888889 | (x*1.08)=(4.80*20) | x 1.08 * 4.80 20 * = | x:bill 1.08:dollar *:dollar 4.80:dollar 20:bill *:dollar =:dollar
EXPR: 0 | POS | FRA | 22 | 5.88 | 23.72 | 1.08=((4.80+20)-x) | 1.08 4.80 20 + x - = | 1.08:dollar 4.80:dollar 20:dollar +:dollar x:dollar -:dollar =:dollar
EXPR: 0 | POS | FRA | 22 | 5.88 | 0.25369978858351 | ((4.80/x)+1.08)=20 | 4.80 x / 1.08 + 20 = | 4.80:dollar x:total /:dollar 1.08:dollar +:dollar 20:dollar =:dollar
EXPR: 0 | POS | FRA | 22 | 5.88 | 0.227703984819734 | 4.80=(x*(1.08+20)) | 4.80 x 1.08 20 + * = | 4.80:dollar x:total 1.08:dollar 20:dollar +:dollar *:dollar =:dollar
EXPR: 0 | POS | FRA | 22 | 5.88 | 26.784 | 1.08=(x/(4.80+20)) | 1.08 x 4.80 20 + / = | 1.08:total x:total 4.80:bill 20:bill +:bill /:total =:total
EXPR: 0 | POS | FRA | 22 | 5.88 | 94.92 | ((1.08+x)/20)=4.80 | 1.08 x + 20 / 4.80 = | 1.08:dollar x:dollar +:dollar 20:bill /:dollar 4.80:dollar =:dollar
EXPR: 0 | POS | FRA | 22 | 5.88 | 0.2592 | (1.08*4.80)=(x*20) | 1.08 4.80 * x 20 * = | 1.08:dollar 4.80:bill *:bill x:total 20:bill *:bill =:bill
EXPR: 0 | POS | FRA | 22 | 5.88 | 25.88 | 1.08=((x-4.80)-20) | 1.08 x 4.80 - 20 - = | 1.08:dollar x:dollar 4.80:dollar -:dollar 20:dollar -:dollar =:dollar
EXPR: 0 | POS | FRA | 22 | 5.88 | 14.12 | ((1.08+x)+4.80)=20 | 1.08 x + 4.80 + 20 = | 1.08:dollar x:dollar +:dollar 4.80:dollar +:dollar 20:dollar =:dollar
EXPR: 0 | POS | FRA | 22 | 5.88 | 74.4 | 4.80=(1.08+(x/20)) | 4.80 1.08 x 20 / + = | 4.80:dollar 1.08:dollar x:dollar 20:bill /:dollar +:dollar =:dollar
EXPR: 0 | POS | FRA | 22 | 5.88 | 90.816 | (1.08+(x/4.80))=20 | 1.08 x 4.80 / + 20 = | 1.08:bill x:bill 4.80:dollar /:bill +:bill 20:bill =:bill
EXPR: 0 | POS | FRA | 22 | 5.88 | 22.962962962963 | 4.80=((x*1.08)-20) | 4.80 x 1.08 * 20 - = | 4.80:dollar x:total 1.08:dollar *:dollar 20:dollar -:dollar =:dollar
EXPR: 0 | POS | FRA | 22 | 5.88 | 19.775 | 4.80=(1.08/(20-x)) | 4.80 1.08 20 x - / = | 4.80:dollar 1.08:dollar 20:bill x:bill -:bill /:dollar =:dollar
EXPR: 0 | POS | FRA | 22 | 5.88 | 23.72 | ((1.08+x)-4.80)=20 | 1.08 x + 4.80 - 20 = | 1.08:dollar x:dollar +:dollar 4.80:dollar -:dollar 20:dollar =:dollar
EXPR: 0 | POS | FRA | 22 | 5.88 | 74.4 | (1.08+(x/20))=4.80 | 1.08 x 20 / + 4.80 = | 1.08:dollar x:dollar 20:bill /:dollar +:dollar 4.80:dollar =:dollar
EXPR: 0 | POS | FRA | 22 | 5.88 | 14.816 | ((1.08*4.80)+x)=20 | 1.08 4.80 * x + 20 = | 1.08:dollar 4.80:bill *:bill x:bill +:bill 20:bill =:bill
EXPR: 0 | POS | FRA | 22 | 5.88 | 0.186 | 4.80=(1.08+(x*20)) | 4.80 1.08 x 20 * + = | 4.80:dollar 1.08:dollar x:dollar 20:bill *:dollar +:dollar =:dollar
EXPR: 0 | POS | FRA | 30 | 5.88 | 16.416 | x=(1.08*(20-4.80)) | x 1.08 20 4.80 - * = | x:total 1.08:total 20:dollar 4.80:dollar -:dollar *:total =:total
EXPR: 0 | POS | FRA | 30 | 5.88 | 101.184 | (4.80*(1.08+20))=x | 4.80 1.08 20 + * x = | 4.80:total 1.08:bill 20:bill +:bill *:total x:total =:total
EXPR: 0 | POS | FRA | 30 | 5.88 | 0.0710526315789474 | x=(1.08/(20-4.80)) | x 1.08 20 4.80 - / = | x:total 1.08:total 20:dollar 4.80:dollar -:dollar /:total =:total
EXPR: 0 | POS | FRA | 30 | 5.88 | 101.184 | x=((1.08+20)*4.80) | x 1.08 20 + 4.80 * = | x:total 1.08:dollar 20:dollar +:dollar 4.80:total *:total =:total
EXPR: 0 | POS | FRA | 30 | 5.88 | 26.4 | x=((1.08*20)+4.80) | x 1.08 20 * 4.80 + = | x:bill 1.08:dollar 20:bill *:bill 4.80:bill +:bill =:bill
EXPR: 0 | POS | FRA | 30 | 5.88 | 101.184 | ((1.08+20)*4.80)=x | 1.08 20 + 4.80 * x = | 1.08:dollar 20:dollar +:dollar 4.80:total *:total x:total =:total
EXPR: 0 | POS | FRA | 30 | 5.88 | 25.184 | x=((1.08*4.80)+20) | x 1.08 4.80 * 20 + = | x:bill 1.08:total 4.80:bill *:bill 20:bill +:bill =:bill
EXPR: 0 | POS | FRA | 30 | 5.88 | 23.72 | (4.80-(1.08-20))=x | 4.80 1.08 20 - - x = | 4.80:dollar 1.08:dollar 20:dollar -:dollar -:dollar x:dollar =:dollar
EXPR: 0 | POS | FRA | 30 | 5.88 | 25.88 | (4.80+(1.08+20))=x | 4.80 1.08 20 + + x = | 4.80:dollar 1.08:dollar 20:dollar +:dollar +:dollar x:dollar =:dollar
EXPR: 0 | POS | FRA | 30 | 5.88 | 24.4444444444444 | ((4.80/1.08)+20)=x | 4.80 1.08 / 20 + x = | 4.80:bill 1.08:dollar /:bill 20:bill +:bill x:bill =:bill
EXPR: 0 | POS | FRA | 30 | 5.88 | 16.416 | (1.08*(20-4.80))=x | 1.08 20 4.80 - * x = | 1.08:dollar 20:bill 4.80:bill -:bill *:dollar x:dollar =:dollar
EXPR: 0 | POS | FRA | 30 | 5.88 | 0.0710526315789474 | (1.08/(20-4.80))=x | 1.08 20 4.80 - / x = | 1.08:dollar 20:bill 4.80:bill -:bill /:dollar x:dollar =:dollar
EXPR: 0 | POS | FRA | 30 | 5.88 | 0.227703984819734 | (4.80/(1.08+20))=x | 4.80 1.08 20 + / x = | 4.80:total 1.08:dollar 20:dollar +:dollar /:total x:total =:total
EXPR: 0 | POS | FRA | 30 | 5.88 | 4.39166666666667 | ((1.08+20)/4.80)=x | 1.08 20 + 4.80 / x = | 1.08:bill 20:bill +:bill 4.80:dollar /:bill x:bill =:bill
EXPR: 0 | POS | FRA | 30 | 5.88 | 5.24666666666667 | x=(1.08+(20/4.80)) | x 1.08 20 4.80 / + = | x:total 1.08:total 20:total 4.80:dollar /:total +:total =:total
EXPR: 0 | POS | FRA | 30 | 5.88 | 5.24666666666667 | (1.08+(20/4.80))=x | 1.08 20 4.80 / + x = | 1.08:total 20:total 4.80:dollar /:total +:total x:total =:total
EXPR: 0 | POS | FRA | 30 | 5.88 | 101.184 | x=(4.80*(1.08+20)) | x 4.80 1.08 20 + * = | x:dollar 4.80:dollar 1.08:bill 20:bill +:bill *:dollar =:dollar
EXPR: 0 | POS | FRA | 30 | 5.88 | 0.227703984819734 | x=(4.80/(1.08+20)) | x 4.80 1.08 20 + / = | x:dollar 4.80:dollar 1.08:bill 20:bill +:bill /:dollar =:dollar
EXPR: 0 | POS | FRA | 30 | 5.88 | 16.28 | x=((1.08-4.80)+20) | x 1.08 4.80 - 20 + = | x:total 1.08:total 4.80:total -:total 20:total +:total =:total
EXPR: 0 | POS | FRA | 30 | 5.88 | 16.28 | ((1.08+20)-4.80)=x | 1.08 20 + 4.80 - x = | 1.08:dollar 20:dollar +:dollar 4.80:dollar -:dollar x:dollar =:dollar
EXPR: 0 | POS | FRA | 30 | 5.88 | 16.28 | x=(1.08+(20-4.80)) | x 1.08 20 4.80 - + = | x:dollar 1.08:dollar 20:dollar 4.80:dollar -:dollar +:dollar =:dollar
EXPR: 0 | POS | FRA | 30 | 5.88 | 26.4 | (4.80+(1.08*20))=x | 4.80 1.08 20 * + x = | 4.80:dollar 1.08:dollar 20:total *:dollar +:dollar x:dollar =:dollar
EXPR: 0 | POS | FRA | 30 | 5.88 | 26.4 | ((1.08*20)+4.80)=x | 1.08 20 * 4.80 + x = | 1.08:dollar 20:total *:total 4.80:total +:total x:total =:total
EXPR: 0 | POS | FRA | 30 | 5.88 | 25.88 | x=((1.08+4.80)+20) | x 1.08 4.80 + 20 + = | x:bill 1.08:bill 4.80:bill +:bill 20:bill +:bill =:bill
EXPR: 0 | POS | FRA | 32 | 5.88 | 103.68 | (x/1.08)=(4.80*20) | x 1.08 / 4.80 20 * = | x:total 1.08:dollar /:total 4.80:bill 20:total *:total =:total
EXPR: 0 | POS | FRA | 32 | 5.88 | 19.775 | (x+(1.08/4.80))=20 | x 1.08 4.80 / + 20 = | x:dollar 1.08:dollar 4.80:bill /:dollar +:dollar 20:dollar =:dollar
EXPR: 0 | POS | FRA | 32 | 5.88 | 19.775 | 1.08=(4.80*(20-x)) | 1.08 4.80 20 x - * = | 1.08:bill 4.80:bill 20:total x:total -:total *:bill =:bill
EXPR: 0 | POS | FRA | 32 | 5.88 | 94.92 | ((x+1.08)/20)=4.80 | x 1.08 + 20 / 4.80 = | x:total 1.08:total +:total 20:bill /:total 4.80:total =:total
EXPR: 0 | POS | FRA | 32 | 5.88 | 14.816 | 1.08=((20-x)/4.80) | 1.08 20 x - 4.80 / = | 1.08:bill 20:bill x:bill -:bill 4.80:dollar /:bill =:bill
EXPR: 0 | POS | FRA | 32 | 5.88 | 0.25369978858351 | 1.08=(20-(4.80/x)) | 1.08 20 4.80 x / - = | 1.08:dollar 20:dollar 4.80:dollar x:bill /:dollar -:dollar =:dollar
EXPR: 0 | POS | FRA | 32 | 5.88 | 16.28 | 4.80=(1.08+(20-x)) | 4.80 1.08 20 x - + = | 4.80:dollar 1.08:dollar 20:dollar x:dollar -:dollar +:dollar =:dollar
EXPR: 0 | POS | FRA | 32 | 5.88 | 25.184 | (1.08*4.80)=(x-20) | 1.08 4.80 * x 20 - = | 1.08:dollar 4.80:bill *:bill x:bill 20:bill -:bill =:bill
EXPR: 0 | POS | FRA | 32 | 5.88 | 23.72 | ((x+1.08)-4.80)=20 | x 1.08 + 4.80 - 20 = | x:bill 1.08:bill +:bill 4.80:bill -:bill 20:bill =:bill
EXPR: 0 | POS | FRA | 32 | 5.88 | 16.8 | ((1.08*20)-x)=4.80 | 1.08 20 * x - 4.80 = | 1.08:dollar 20:bill *:bill x:bill -:bill 4.80:bill =:bill
EXPR: 0 | POS | FRA | 32 | 5.88 | 0.227703984819734 | 4.80=((1.08+20)*x) | 4.80 1.08 20 + x * = | 4.80:total 1.08:dollar 20:dollar +:dollar x:total *:total =:total
EXPR: 0 | POS | FRA | 32 | 5.88 | 23.3185185185185 | ((x-4.80)*1.08)=20 | x 4.80 - 1.08 * 20 = | x:dollar 4.80:dollar -:dollar 1.08:bill *:bill 20:bill =:bill
EXPR: 0 | POS | FRA | 32 | 5.88 | 13.7185185185185 | ((x+4.80)*1.08)=20 | x 4.80 + 1.08 * 20 = | x:dollar 4.80:dollar +:dollar 1.08:bill *:bill 20:bill =:bill
EXPR: 0 | POS | FRA | 32 | 5.88 | 23.72 | ((x+1.08)-20)=4.80 | x 1.08 + 20 - 4.80 = | x:dollar 1.08:dollar +:dollar 20:dollar -:dollar 4.80:dollar =:dollar
EXPR: 0 | POS | FRA | 32 | 5.88 | 23.72 | (x+(1.08-20))=4.80 | x 1.08 20 - + 4.80 = | x:dollar 1.08:dollar 20:dollar -:dollar +:dollar 4.80:dollar =:dollar
EXPR: 0 | POS | FRA | 32 | 5.88 | 94.92 | 4.80=((x+1.08)/20) | 4.80 x 1.08 + 20 / = | 4.80:dollar x:dollar 1.08:dollar +:dollar 20:total /:dollar =:dollar
EXPR: 0 | POS | FRA | 32 | 5.88 | 22.962962962963 | (1.08*x)=(4.80+20) | 1.08 x * 4.80 20 + = | 1.08:dollar x:bill *:bill 4.80:bill 20:bill +:bill =:bill
EXPR: 0 | POS | FRA | 32 | 5.88 | 23.72 | 1.08=(4.80+(20-x)) | 1.08 4.80 20 x - + = | 1.08:bill 4.80:bill 20:bill x:bill -:bill +:bill =:bill
EXPR: 0 | POS | FRA | 32 | 5.88 | 1.32 | 4.80=((x-1.08)*20) | 4.80 x 1.08 - 20 * = | 4.80:bill x:dollar 1.08:dollar -:dollar 20:bill *:bill =:bill
EXPR: 0 | POS | FRA | 32 | 5.88 | 26.784 | ((x/1.08)-20)=4.80 | x 1.08 / 20 - 4.80 = | x:bill 1.08:dollar /:bill 20:bill -:bill 4.80:bill =:bill
EXPR: 0 | POS | FRA | 32 | 5.88 | 24.4444444444444 | (x-(4.80/1.08))=20 | x 4.80 1.08 / - 20 = | x:bill 4.80:bill 1.08:dollar /:bill -:bill 20:bill =:bill
EXPR: 0 | POS | FRA | 32 | 5.88 | 0.222222222222222 | (4.80/1.08)=(20*x) | 4.80 1.08 / 20 x * = | 4.80:total 1.08:dollar /:total 20:bill x:total *:total =:total
EXPR: 0 | POS | FRA | 32 | 5.88 | 16.28 | 4.80=((1.08-x)+20) | 4.80 1.08 x - 20 + = | 4.80:dollar 1.08:dollar x:dollar -:dollar 20:dollar +:dollar =:dollar
EXPR: 0 | POS | FRA | 32 | 5.88 | 23.72 | 4.80=((1.08-20)+x) | 4.80 1.08 20 - x + = | 4.80:dollar 1.08:dollar 20:dollar -:dollar x:dollar +:dollar =:dollar
EXPR: 0 | POS | FRA | 32 | 5.88 | 25.88 | 1.08=(x-(4.80+20)) | 1.08 x 4.80 20 + - = | 1.08:bill x:bill 4.80:bill 20:bill +:bill -:bill =:bill
EXPR: 0 | POS | FRA | 32 | 5.88 | 16.28 | 1.08=(x+(4.80-20)) | 1.08 x 4.80 20 - + = | 1.08:bill x:bill 4.80:bill 20:bill -:bill +:bill =:bill
EXPR: 0 | POS | FRA | 32 | 5.88 | 25.88 | ((x-1.08)-20)=4.80 | x 1.08 - 20 - 4.80 = | x:dollar 1.08:dollar -:dollar 20:dollar -:dollar 4.80:dollar =:dollar
EXPR: 0 | POS | FRA | 32 | 5.88 | 90.816 | ((x/4.80)+1.08)=20 | x 4.80 / 1.08 + 20 = | x:bill 4.80:dollar /:bill 1.08:bill +:bill 20:bill =:bill
EXPR: 0 | POS | FRA | 32 | 5.88 | 25.88 | ((x-1.08)-4.80)=20 | x 1.08 - 4.80 - 20 = | x:bill 1.08:bill -:bill 4.80:bill -:bill 20:bill =:bill
EXPR: 0 | POS | FRA | 32 | 5.88 | 16.28 | ((x-1.08)+4.80)=20 | x 1.08 - 4.80 + 20 = | x:bill 1.08:bill -:bill 4.80:bill +:bill 20:bill =:bill
EXPR: 0 | POS | FRA | 32 | 5.88 | 4.39166666666667 | ((x*4.80)-1.08)=20 | x 4.80 * 1.08 - 20 = | x:bill 4.80:dollar *:bill 1.08:bill -:bill 20:bill =:bill
EXPR: 0 | POS | FRA | 32 | 5.88 | 22.962962962963 | ((1.08*x)-20)=4.80 | 1.08 x * 20 - 4.80 = | 1.08:dollar x:total *:total 20:total -:total 4.80:total =:total
EXPR: 0 | POS | FRA | 32 | 5.88 | 25.88 | (x-(1.08+4.80))=20 | x 1.08 4.80 + - 20 = | x:total 1.08:total 4.80:total +:total -:total 20:total =:total
EXPR: 0 | POS | FRA | 32 | 5.88 | 101.184 | (x/(1.08+20))=4.80 | x 1.08 20 + / 4.80 = | x:total 1.08:dollar 20:dollar +:dollar /:total 4.80:total =:total
EXPR: 0 | POS | FRA | 32 | 5.88 | 26.4 | (1.08*20)=(x-4.80) | 1.08 20 * x 4.80 - = | 1.08:dollar 20:bill *:dollar x:dollar 4.80:dollar -:dollar =:dollar
EXPR: 0 | POS | FRA | 32 | 5.88 | 0.01125 | (1.08/4.80)=(x*20) | 1.08 4.80 / x 20 * = | 1.08:dollar 4.80:total /:dollar x:dollar 20:bill *:dollar =:dollar
EXPR: 0 | POS | FRA | 32 | 5.88 | 13.7185185185185 | 1.08=(20/(x+4.80)) | 1.08 20 x 4.80 + / = | 1.08:dollar 20:dollar x:total 4.80:total +:total /:dollar =:dollar
EXPR: 0 | POS | FRA | 32 | 5.88 | 25.88 | (x-(1.08+20))=4.80 | x 1.08 20 + - 4.80 = | x:dollar 1.08:dollar 20:dollar +:dollar -:dollar 4.80:dollar =:dollar
EXPR: 0 | POS | FRA | 32 | 5.88 | 26.4 | ((x-4.80)/1.08)=20 | x 4.80 - 1.08 / 20 = | x:bill 4.80:bill -:bill 1.08:dollar /:bill 20:bill =:bill
EXPR: 0 | POS | FRA | 32 | 5.88 | 16.8 | ((x+4.80)/1.08)=20 | x 4.80 + 1.08 / 20 = | x:bill 4.80:bill +:bill 1.08:dollar /:bill 20:bill =:bill
EXPR: 0 | POS | FRA | 32 | 5.88 | 0.0710526315789474 | 1.08=((20-4.80)*x) | 1.08 20 4.80 - x * = | 1.08:dollar 20:bill 4.80:bill -:bill x:dollar *:dollar =:dollar
EXPR: 0 | POS | FRA | 32 | 5.88 | 14.12 | 1.08=(20-(4.80+x)) | 1.08 20 4.80 x + - = | 1.08:dollar 20:dollar 4.80:dollar x:dollar +:dollar -:dollar =:dollar
EXPR: 0 | POS | FRA | 32 | 5.88 | 0.186 | (1.08+(x*20))=4.80 | 1.08 x 20 * + 4.80 = | 1.08:dollar x:dollar 20:total *:dollar +:dollar 4.80:dollar =:dollar
EXPR: 0 | POS | FRA | 32 | 5.88 | 16.8 | ((4.80+x)/1.08)=20 | 4.80 x + 1.08 / 20 = | 4.80:bill x:bill +:bill 1.08:dollar /:bill 20:bill =:bill
EXPR: 0 | POS | FRA | 32 | 5.88 | 19.775 | ((1.08/4.80)+x)=20 | 1.08 4.80 / x + 20 = | 1.08:bill 4.80:total /:bill x:bill +:bill 20:bill =:bill
EXPR: 0 | POS | FRA | 32 | 5.88 | 16.28 | 1.08=(4.80-(20-x)) | 1.08 4.80 20 x - - = | 1.08:bill 4.80:bill 20:bill x:bill -:bill -:bill =:bill
EXPR: 0 | POS | FRA | 32 | 5.88 | 23.3185185185185 | 1.08=(20/(x-4.80)) | 1.08 20 x 4.80 - / = | 1.08:dollar 20:dollar x:total 4.80:total -:total /:dollar =:dollar
EXPR: 0 | POS | FRA | 32 | 5.88 | 16.8 | 4.80=((1.08*20)-x) | 4.80 1.08 20 * x - = | 4.80:bill 1.08:dollar 20:bill *:bill x:bill -:bill =:bill
EXPR: 0 | POS | FRA | 32 | 5.88 | 0.294 | 1.08=((x*20)-4.80) | 1.08 x 20 * 4.80 - = | 1.08:dollar x:bill 20:dollar *:dollar 4.80:dollar -:dollar =:dollar
EXPR: 0 | POS | FRA | 32 | 5.88 | 26.784 | 4.80=((x/1.08)-20) | 4.80 x 1.08 / 20 - = | 4.80:bill x:bill 1.08:dollar /:bill 20:bill -:bill =:bill
EXPR: 0 | POS | FRA | 32 | 5.88 | 25.88 | 4.80=(x-(1.08+20)) | 4.80 x 1.08 20 + - = | 4.80:dollar x:dollar 1.08:dollar 20:dollar +:dollar -:dollar =:dollar
EXPR: 0 | POS | FRA | 32 | 5.88 | 0.227703984819734 | (x*(1.08+20))=4.80 | x 1.08 20 + * 4.80 = | x:total 1.08:dollar 20:dollar +:dollar *:total 4.80:total =:total
EXPR: 0 | POS | FRA | 32 | 5.88 | 14.12 | ((4.80+x)+1.08)=20 | 4.80 x + 1.08 + 20 = | 4.80:dollar x:dollar +:dollar 1.08:dollar +:dollar 20:dollar =:dollar
EXPR: 0 | POS | FRA | 32 | 5.88 | 15.5555555555556 | (x+(4.80/1.08))=20 | x 4.80 1.08 / + 20 = | x:bill 4.80:bill 1.08:dollar /:bill +:bill 20:bill =:bill
EXPR: 0 | POS | FRA | 32 | 5.88 | 88.8888888888889 | (1.08*x)=(4.80*20) | 1.08 x * 4.80 20 * = | 1.08:dollar x:bill *:bill 4.80:total 20:bill *:bill =:bill
EXPR: 0 | POS | FRA | 32 | 5.88 | 15.5555555555556 | (1.08*(20-x))=4.80 | 1.08 20 x - * 4.80 = | 1.08:dollar 20:total x:total -:total *:total 4.80:total =:total
EXPR: 0 | POS | FRA | 32 | 5.88 | 23.72 | (1.08+(x-20))=4.80 | 1.08 x 20 - + 4.80 = | 1.08:dollar x:dollar 20:dollar -:dollar +:dollar 4.80:dollar =:dollar
EXPR: 0 | POS | FRA | 32 | 5.88 | 25.88 | 1.08=((x-20)-4.80) | 1.08 x 20 - 4.80 - = | 1.08:dollar x:dollar 20:dollar -:dollar 4.80:dollar -:dollar =:dollar
EXPR: 0 | POS | FRA | 32 | 5.88 | 5.37634408602151 | 4.80=(1.08+(20/x)) | 4.80 1.08 20 x / + = | 4.80:dollar 1.08:dollar 20:dollar x:bill /:dollar +:dollar =:dollar
EXPR: 0 | POS | FRA | 32 | 5.88 | 23.72 | (1.08-4.80)=(20-x) | 1.08 4.80 - 20 x - = | 1.08:dollar 4.80:dollar -:dollar 20:dollar x:dollar -:dollar =:dollar
EXPR: 0 | POS | FRA | 32 | 5.88 | 16.28 | 1.08=((x-20)+4.80) | 1.08 x 20 - 4.80 + = | 1.08:dollar x:dollar 20:dollar -:dollar 4.80:dollar +:dollar =:dollar
EXPR: 0 | POS | FRA | 32 | 5.88 | 3.85802469135802 | (x*1.08)=(20/4.80) | x 1.08 * 20 4.80 / = | x:bill 1.08:dollar *:bill 20:bill 4.80:dollar /:bill =:bill
EXPR: 0 | POS | FRA | 32 | 5.88 | 0.84 | (4.80/(1.08-x))=20 | 4.80 1.08 x - / 20 = | 4.80:bill 1.08:total x:total -:total /:bill 20:bill =:bill
EXPR: 0 | POS | FRA | 32 | 5.88 | 4.854 | (1.08/20)=(x-4.80) | 1.08 20 / x 4.80 - = | 1.08:dollar 20:bill /:dollar x:dollar 4.80:dollar -:dollar =:dollar
EXPR: 0 | POS | FRA | 32 | 5.88 | 14.12 | (1.08+4.80)=(20-x) | 1.08 4.80 + 20 x - = | 1.08:dollar 4.80:dollar +:dollar 20:dollar x:dollar -:dollar =:dollar
EXPR: 0 | POS | FRA | 32 | 5.88 | 117.6 | 1.08=((x/20)-4.80) | 1.08 x 20 / 4.80 - = | 1.08:dollar x:dollar 20:total /:dollar 4.80:dollar -:dollar =:dollar
EXPR: 0 | POS | FRA | 32 | 5.88 | 13.7185185185185 | ((4.80+x)*1.08)=20 | 4.80 x + 1.08 * 20 = | 4.80:total x:total +:total 1.08:dollar *:total 20:total =:total
EXPR: 0 | POS | FRA | 32 | 5.88 | 0.186 | 4.80=(1.08+(20*x)) | 4.80 1.08 20 x * + = | 4.80:dollar 1.08:dollar 20:dollar x:bill *:dollar +:dollar =:dollar
EXPR: 0 | POS | FRA | 32 | 5.88 | 16.28 | 1.08=(4.80+(x-20)) | 1.08 4.80 x 20 - + = | 1.08:bill 4.80:bill x:bill 20:bill -:bill +:bill =:bill
EXPR: 0 | POS | FRA | 32 | 5.88 | 13.7185185185185 | 1.08=(20/(4.80+x)) | 1.08 20 4.80 x + / = | 1.08:bill 20:bill 4.80:total x:total +:total /:bill =:bill
EXPR: 0 | POS | FRA | 35 | 5.88 | 3.40136054421769 | x=(20/(1.08+4.80)) | x 20 1.08 4.80 + / = | x:total 20:total 1.08:dollar 4.80:dollar +:dollar /:total =:total
EXPR: 0 | POS | FRA | 37 | 5.88 | 3.40136054421769 | ((20/x)-1.08)=4.80 | 20 x / 1.08 - 4.80 = | 20:dollar x:total /:dollar 1.08:dollar -:dollar 4.80:dollar =:dollar
EXPR: 0 | POS | FRA | 37 | 5.88 | 3.40136054421769 | 20=((1.08+4.80)*x) | 20 1.08 4.80 + x * = | 20:total 1.08:dollar 4.80:dollar +:dollar x:total *:total =:total
EXPR: 0 | POS | FRA | 37 | 5.88 | 22.962962962963 | ((4.80+20)/x)=1.08 | 4.80 20 + x / 1.08 = | 4.80:dollar 20:dollar +:dollar x:total /:dollar 1.08:dollar =:dollar
EXPR: 0 | POS | FRA | 37 | 5.88 | 0.0435483870967742 | ((4.80+20)*x)=1.08 | 4.80 20 + x * 1.08 = | 4.80:dollar 20:dollar +:dollar x:total *:dollar 1.08:dollar =:dollar
EXPR: 0 | POS | FRA | 37 | 5.88 | 22.962962962963 | 20=((1.08*x)-4.80) | 20 1.08 x * 4.80 - = | 20:dollar 1.08:dollar x:total *:dollar 4.80:dollar -:dollar =:dollar
EXPR: 0 | POS | FRA | 37 | 5.88 | 14.0740740740741 | 20=((1.08*x)+4.80) | 20 1.08 x * 4.80 + = | 20:dollar 1.08:dollar x:total *:dollar 4.80:dollar +:dollar =:dollar
EXPR: 0 | POS | FRA | 37 | 5.88 | 24.4444444444444 | ((x-20)*1.08)=4.80 | x 20 - 1.08 * 4.80 = | x:bill 20:bill -:bill 1.08:dollar *:dollar 4.80:dollar =:dollar
EXPR: 0 | POS | FRA | 37 | 5.88 | 4.39166666666667 | ((x*4.80)-20)=1.08 | x 4.80 * 20 - 1.08 = | x:total 4.80:dollar *:dollar 20:dollar -:dollar 1.08:dollar =:dollar
EXPR: 0 | POS | FRA | 37 | 5.88 | 0.84 | 4.80=(20*(1.08-x)) | 4.80 20 1.08 x - * = | 4.80:dollar 20:bill 1.08:dollar x:dollar -:dollar *:dollar =:dollar
EXPR: 0 | POS | FRA | 37 | 5.88 | 74.4 | ((x/20)+1.08)=4.80 | x 20 / 1.08 + 4.80 = | x:dollar 20:bill /:dollar 1.08:dollar +:dollar 4.80:dollar =:dollar
EXPR: 0 | POS | FRA | 37 | 5.88 | 88.8888888888889 | (4.80*20)=(x*1.08) | 4.80 20 * x 1.08 * = | 4.80:dollar 20:bill *:dollar x:total 1.08:dollar *:dollar =:dollar
EXPR: 0 | POS | FRA | 37 | 5.88 | 0.222222222222222 | (4.80/20)=(x*1.08) | 4.80 20 / x 1.08 * = | 4.80:dollar 20:bill /:dollar x:total 1.08:dollar *:dollar =:dollar
EXPR: 0 | POS | FRA | 37 | 5.88 | 0.25369978858351 | (x*(20-1.08))=4.80 | x 20 1.08 - * 4.80 = | x:total 20:dollar 1.08:dollar -:dollar *:dollar 4.80:dollar =:dollar
EXPR: 0 | POS | FRA | 37 | 5.88 | 0.186 | 4.80=((20*x)+1.08) | 4.80 20 x * 1.08 + = | 4.80:dollar 20:dollar x:total *:dollar 1.08:dollar +:dollar =:dollar
EXPR: 0 | POS | FRA | 37 | 5.88 | 0.294 | 4.80=((20*x)-1.08) | 4.80 20 x * 1.08 - = | 4.80:dollar 20:bill x:dollar *:dollar 1.08:dollar -:dollar =:dollar
EXPR: 0 | POS | FRA | 37 | 5.88 | 117.6 | ((x/20)-1.08)=4.80 | x 20 / 1.08 - 4.80 = | x:dollar 20:bill /:dollar 1.08:dollar -:dollar 4.80:dollar =:dollar
EXPR: 0 | POS | FRA | 37 | 5.88 | 3.40136054421769 | 4.80=((20/x)-1.08) | 4.80 20 x / 1.08 - = | 4.80:dollar 20:dollar x:total /:dollar 1.08:dollar -:dollar =:dollar
EXPR: 0 | POS | FRA | 37 | 5.88 | 0.186 | ((x*20)+1.08)=4.80 | x 20 * 1.08 + 4.80 = | x:dollar 20:bill *:dollar 1.08:dollar +:dollar 4.80:dollar =:dollar
EXPR: 0 | POS | FRA | 37 | 5.88 | 15.5555555555556 | 4.80=((20-x)*1.08) | 4.80 20 x - 1.08 * = | 4.80:dollar 20:total x:total -:total 1.08:dollar *:dollar =:dollar
EXPR: 0 | POS | FRA | 37 | 5.88 | 4.746 | ((4.80-x)*20)=1.08 | 4.80 x - 20 * 1.08 = | 4.80:dollar x:dollar -:dollar 20:bill *:dollar 1.08:dollar =:dollar
EXPR: 0 | POS | FRA | 37 | 5.88 | 0.25369978858351 | ((20-1.08)*x)=4.80 | 20 1.08 - x * 4.80 = | 20:dollar 1.08:dollar -:dollar x:total *:dollar 4.80:dollar =:dollar
EXPR: 0 | POS | FRA | 37 | 5.88 | 3.94166666666667 | ((20-1.08)/x)=4.80 | 20 1.08 - x / 4.80 = | 20:dollar 1.08:dollar -:dollar x:total /:dollar 4.80:dollar =:dollar
EXPR: 0 | POS | FRA | 37 | 5.88 | 3.40136054421769 | 20=(x*(1.08+4.80)) | 20 x 1.08 4.80 + * = | 20:dollar x:total 1.08:dollar 4.80:dollar +:dollar *:dollar =:dollar
EXPR: 0 | POS | FRA | 37 | 5.88 | 0.25369978858351 | 4.80=(x*(20-1.08)) | 4.80 x 20 1.08 - * = | 4.80:dollar x:total 20:dollar 1.08:dollar -:dollar *:dollar =:dollar
EXPR: 0 | POS | FRA | 37 | 5.88 | 16.8 | ((4.80+x)/20)=1.08 | 4.80 x + 20 / 1.08 = | 4.80:dollar x:dollar +:dollar 20:bill /:dollar 1.08:dollar =:dollar
EXPR: 0 | POS | FRA | 37 | 5.88 | 0.0435483870967742 | (x*(4.80+20))=1.08 | x 4.80 20 + * 1.08 = | x:total 4.80:dollar 20:dollar +:dollar *:dollar 1.08:dollar =:dollar
EXPR: 0 | POS | FRA | 37 | 5.88 | 97.08 | (x-(4.80*20))=1.08 | x 4.80 20 * - 1.08 = | x:dollar 4.80:dollar 20:bill *:dollar -:dollar 1.08:dollar =:dollar
EXPR: 0 | POS | FRA | 37 | 5.88 | 1.32 | (x-(4.80/20))=1.08 | x 4.80 20 / - 1.08 = | x:dollar 4.80:dollar 20:bill /:dollar -:dollar 1.08:dollar =:dollar
EXPR: 0 | POS | FRA | 37 | 5.88 | 3.94166666666667 | 20=(1.08+(4.80*x)) | 20 1.08 4.80 x * + = | 20:dollar 1.08:dollar 4.80:dollar x:total *:dollar +:dollar =:dollar
EXPR: 0 | POS | FRA | 37 | 5.88 | 0.25369978858351 | 20=(1.08+(4.80/x)) | 20 1.08 4.80 x / + = | 20:dollar 1.08:dollar 4.80:dollar x:total /:dollar +:dollar =:dollar
EXPR: 0 | POS | FRA | 37 | 5.88 | 5.37634408602151 | ((20/x)+1.08)=4.80 | 20 x / 1.08 + 4.80 = | 20:dollar x:total /:dollar 1.08:dollar +:dollar 4.80:dollar =:dollar
EXPR: 0 | POS | FRA | 37 | 5.88 | 1.32 | 4.80=(20*(x-1.08)) | 4.80 20 x 1.08 - * = | 4.80:dollar 20:bill x:dollar 1.08:dollar -:dollar *:dollar =:dollar
EXPR: 0 | POS | FRA | 37 | 5.88 | 0.294 | ((20*x)-1.08)=4.80 | 20 x * 1.08 - 4.80 = | 20:bill x:dollar *:dollar 1.08:dollar -:dollar 4.80:dollar =:dollar
EXPR: 0 | POS | FRA | 37 | 5.88 | 0.186 | ((20*x)+1.08)=4.80 | 20 x * 1.08 + 4.80 = | 20:bill x:dollar *:dollar 1.08:dollar +:dollar 4.80:dollar =:dollar
EXPR: 0 | POS | FRA | 37 | 5.88 | 4.854 | ((x-4.80)*20)=1.08 | x 4.80 - 20 * 1.08 = | x:dollar 4.80:dollar -:dollar 20:bill *:dollar 1.08:dollar =:dollar
EXPR: 0 | POS | FRA | 37 | 5.88 | 22.962962962963 | 20=((x*1.08)-4.80) | 20 x 1.08 * 4.80 - = | 20:dollar x:total 1.08:dollar *:dollar 4.80:dollar -:dollar =:dollar
EXPR: 0 | POS | FRA | 37 | 5.88 | 117.6 | 4.80=((x/20)-1.08) | 4.80 x 20 / 1.08 - = | 4.80:dollar x:dollar 20:bill /:dollar 1.08:dollar -:dollar =:dollar
EXPR: 0 | POS | FRA | 37 | 5.88 | 74.4 | 4.80=((x/20)+1.08) | 4.80 x 20 / 1.08 + = | 4.80:dollar x:dollar 20:bill /:dollar 1.08:dollar +:dollar =:dollar
EXPR: 0 | POS | FRA | 40 | 5.88 | 26.4 | x=(4.80+(1.08*20)) | x 4.80 1.08 20 * + = | x:dollar 4.80:dollar 1.08:total 20:dollar *:dollar +:dollar =:dollar
EXPR: 0 | POS | FRA | 40 | 5.88 | 23.72 | x=(4.80-(1.08-20)) | x 4.80 1.08 20 - - = | x:bill 4.80:bill 1.08:bill 20:bill -:bill -:bill =:bill
EXPR: 0 | POS | FRA | 40 | 5.88 | 25.88 | x=(4.80+(1.08+20)) | x 4.80 1.08 20 + + = | x:bill 4.80:bill 1.08:bill 20:bill +:bill +:bill =:bill
EXPR: 0 | POS | FRA | 40 | 5.88 | 16.28 | (1.08+(20-4.80))=x | 1.08 20 4.80 - + x = | 1.08:bill 20:bill 4.80:bill -:bill +:bill x:bill =:bill
EXPR: 0 | POS | FRA | 40 | 5.88 | 0.0435483870967742 | (1.08/(4.80+20))=x | 1.08 4.80 20 + / x = | 1.08:bill 4.80:total 20:total +:total /:bill x:bill =:bill
EXPR: 0 | POS | FRA | 40 | 5.88 | 23.72 | ((4.80-1.08)+20)=x | 4.80 1.08 - 20 + x = | 4.80:total 1.08:total -:total 20:total +:total x:total =:total
EXPR: 0 | POS | FRA | 40 | 5.88 | 16.8 | x=((1.08*20)-4.80) | x 1.08 20 * 4.80 - = | x:bill 1.08:total 20:bill *:bill 4.80:bill -:bill =:bill
EXPR: 0 | POS | FRA | 42 | 5.88 | 16.416 | (4.80+(x/1.08))=20 | 4.80 x 1.08 / + 20 = | 4.80:dollar x:dollar 1.08:bill /:dollar +:dollar 20:dollar =:dollar
EXPR: 0 | POS | FRA | 42 | 5.88 | 14.0740740740741 | (1.08*x)=(20-4.80) | 1.08 x * 20 4.80 - = | 1.08:dollar x:bill *:bill 20:bill 4.80:bill -:bill =:bill
EXPR: 0 | POS | FRA | 42 | 5.88 | 0.186 | ((4.80-1.08)/x)=20 | 4.80 1.08 - x / 20 = | 4.80:bill 1.08:bill -:bill x:dollar /:bill 20:bill =:bill
EXPR: 0 | POS | FRA | 42 | 5.88 | 0.294 | (1.08+4.80)=(20*x) | 1.08 4.80 + 20 x * = | 1.08:bill 4.80:bill +:bill 20:bill x:dollar *:bill =:bill
EXPR: 0 | POS | FRA | 42 | 5.88 | 90.816 | 1.08=(20-(x/4.80)) | 1.08 20 x 4.80 / - = | 1.08:dollar 20:dollar x:dollar 4.80:bill /:dollar -:dollar =:dollar
EXPR: 0 | POS | FRA | 42 | 5.88 | 19.775 | (1.08/(20-x))=4.80 | 1.08 20 x - / 4.80 = | 1.08:bill 20:total x:total -:total /:bill 4.80:bill =:bill
EXPR: 0 | POS | FRA | 42 | 5.88 | 16.8 | (1.08*20)=(x+4.80) | 1.08 20 * x 4.80 + = | 1.08:dollar 20:bill *:bill x:bill 4.80:bill +:bill =:bill
EXPR: 0 | POS | FRA | 42 | 5.88 | 0.222222222222222 | (4.80/1.08)=(x*20) | 4.80 1.08 / x 20 * = | 4.80:dollar 1.08:total /:dollar x:total 20:dollar *:dollar =:dollar
EXPR: 0 | POS | FRA | 42 | 5.88 | 4.5 | (4.80*x)=(1.08*20) | 4.80 x * 1.08 20 * = | 4.80:dollar x:bill *:bill 1.08:total 20:bill *:bill =:bill
EXPR: 0 | POS | FRA | 42 | 5.88 | 74.4 | (4.80-1.08)=(x/20) | 4.80 1.08 - x 20 / = | 4.80:total 1.08:total -:total x:total 20:bill /:total =:total
EXPR: 0 | POS | FRA | 42 | 5.88 | 0.186 | (4.80-1.08)=(x*20) | 4.80 1.08 - x 20 * = | 4.80:total 1.08:total -:total x:total 20:bill *:total =:total
EXPR: 0 | POS | FRA | 42 | 5.88 | 103.68 | (x/4.80)=(1.08*20) | x 4.80 / 1.08 20 * = | x:total 4.80:dollar /:total 1.08:bill 20:total *:total =:total
EXPR: 0 | POS | FRA | 42 | 5.88 | 16.8 | (1.08*20)=(4.80+x) | 1.08 20 * 4.80 x + = | 1.08:dollar 20:bill *:bill 4.80:bill x:bill +:bill =:bill
EXPR: 0 | POS | FRA | 42 | 5.88 | 23.72 | 1.08=(20+(4.80-x)) | 1.08 20 4.80 x - + = | 1.08:bill 20:bill 4.80:bill x:bill -:bill +:bill =:bill
EXPR: 0 | POS | FRA | 42 | 5.88 | 5.24666666666667 | (x-1.08)=(20/4.80) | x 1.08 - 20 4.80 / = | x:bill 1.08:bill -:bill 20:bill 4.80:dollar /:bill =:bill
EXPR: 0 | POS | FRA | 42 | 5.88 | 3.08666666666667 | (x+1.08)=(20/4.80) | x 1.08 + 20 4.80 / = | x:bill 1.08:bill +:bill 20:bill 4.80:dollar /:bill =:bill
EXPR: 0 | POS | FRA | 42 | 5.88 | 101.184 | ((x/4.80)-1.08)=20 | x 4.80 / 1.08 - 20 = | x:dollar 4.80:total /:dollar 1.08:dollar -:dollar 20:dollar =:dollar
EXPR: 0 | POS | FRA | 42 | 5.88 | 4.5 | (1.08*20)=(4.80*x) | 1.08 20 * 4.80 x * = | 1.08:total 20:bill *:total 4.80:bill x:total *:total =:total
EXPR: 0 | POS | FRA | 42 | 5.88 | 0.01125 | (1.08/20)=(4.80*x) | 1.08 20 / 4.80 x * = | 1.08:total 20:bill /:total 4.80:bill x:total *:total =:total
EXPR: 0 | POS | FRA | 42 | 5.88 | 16.28 | (4.80-(1.08-x))=20 | 4.80 1.08 x - - 20 = | 4.80:total 1.08:total x:total -:total -:total 20:total =:total
NET 289 unique, non-negative solutions found out of 1000 total solutions
