parameters: n=7 l=3 k=1 p=5 q=1 m=9
TOTAL 480 solutions found
SOLN: CORRECT | POS/NEG | INT/FRA | OBJ-SCORE | TRUE-ANS | ANS | INFIX | POSTFIX | TYPED-POSTFIX
EXPR: 0 | POS | FRA | 0 | 224.87 | 229.45 | (118.54+(106.33+4.58))=x | 118.54 106.33 4.58 + + x = | 118.54:dollar 106.33:dollar 4.58:dollar +:dollar +:dollar x:dollar =:dollar
EXPR: 0 | POS | FRA | 0 | 224.87 | 220.29 | x=((118.54+106.33)-4.58) | x 118.54 106.33 + 4.58 - = | x:dollar 118.54:dollar 106.33:dollar +:dollar 4.58:dollar -:dollar =:dollar
EXPR: 0 | POS | FRA | 0 | 224.87 | 16.79 | x=((118.54-106.33)+4.58) | x 118.54 106.33 - 4.58 + = | x:dollar 118.54:dollar 106.33:dollar -:dollar 4.58:dollar +:dollar =:dollar
EXPR: 0 | POS | FRA | 0 | 224.87 | 16.79 | x=(118.54-(106.33-4.58)) | x 118.54 106.33 4.58 - - = | x:dollar 118.54:dollar 106.33:dollar 4.58:dollar -:dollar -:dollar =:dollar
EXPR: 0 | POS | FRA | 0 | 224.87 | 7.63000000000001 | x=(118.54-(106.33+4.58)) | x 118.54 106.33 4.58 + - = | x:dollar 118.54:dollar 106.33:dollar 4.58:dollar +:dollar -:dollar =:dollar
EXPR: 0 | POS | FRA | 0 | 224.87 | 229.45 | x=(118.54+(106.33+4.58)) | x 118.54 106.33 4.58 + + = | x:dollar 118.54:dollar 106.33:dollar 4.58:dollar +:dollar +:dollar =:dollar
EXPR: 0 | POS | FRA | 0 | 224.87 | 7.63000000000001 | x=((118.54-106.33)-4.58) | x 118.54 106.33 - 4.58 - = | x:dollar 118.54:dollar 106.33:dollar -:dollar 4.58:dollar -:dollar =:dollar
EXPR: 0 | POS | FRA | 0 | 224.87 | 220.29 | x=(118.54+(106.33-4.58)) | x 118.54 106.33 4.58 - + = | x:dollar 118.54:dollar 106.33:dollar 4.58:dollar -:dollar +:dollar =:dollar
EXPR: 0 | POS | FRA | 0 | 224.87 | 229.45 | x=((118.54+106.33)+4.58) | x 118.54 106.33 + 4.58 + = | x:dollar 118.54:dollar 106.33:dollar +:dollar 4.58:dollar +:dollar =:dollar
EXPR: 0 | POS | FRA | 0 | 224.87 | 220.29 | ((118.54+106.33)-4.58)=x | 118.54 106.33 + 4.58 - x = | 118.54:dollar 106.33:dollar +:dollar 4.58:dollar -:dollar x:dollar =:dollar
EXPR: 0 | POS | FRA | 0 | 224.87 | 7.63000000000001 | ((118.54-106.33)-4.58)=x | 118.54 106.33 - 4.58 - x = | 118.54:dollar 106.33:dollar -:dollar 4.58:dollar -:dollar x:dollar =:dollar
EXPR: 0 | POS | FRA | 0 | 224.87 | 16.79 | (118.54-(106.33-4.58))=x | 118.54 106.33 4.58 - - x = | 118.54:dollar 106.33:dollar 4.58:dollar -:dollar -:dollar x:dollar =:dollar
EXPR: 0 | POS | FRA | 0 | 224.87 | 220.29 | (118.54+(106.33-4.58))=x | 118.54 106.33 4.58 - + x = | 118.54:dollar 106.33:dollar 4.58:dollar -:dollar +:dollar x:dollar =:dollar
EXPR: 0 | POS | FRA | 0 | 224.87 | 16.79 | ((118.54-106.33)+4.58)=x | 118.54 106.33 - 4.58 + x = | 118.54:dollar 106.33:dollar -:dollar 4.58:dollar +:dollar x:dollar =:dollar
EXPR: 0 | POS | FRA | 0 | 224.87 | 7.63000000000001 | (118.54-(106.33+4.58))=x | 118.54 106.33 4.58 + - x = | 118.54:dollar 106.33:dollar 4.58:dollar +:dollar -:dollar x:dollar =:dollar
EXPR: 0 | POS | FRA | 0 | 224.87 | 229.45 | ((118.54+106.33)+4.58)=x | 118.54 106.33 + 4.58 + x = | 118.54:dollar 106.33:dollar +:dollar 4.58:dollar +:dollar x:dollar =:dollar
EXPR: 0 | POS | FRA | 2 | 224.87 | 229.45 | 118.54=((x-106.33)-4.58) | 118.54 x 106.33 - 4.58 - = | 118.54:dollar x:dollar 106.33:dollar -:dollar 4.58:dollar -:dollar =:dollar
EXPR: 0 | POS | FRA | 2 | 224.87 | 16.79 | 118.54=(106.33-(4.58-x)) | 118.54 106.33 4.58 x - - = | 118.54:dollar 106.33:dollar 4.58:dollar x:dollar -:dollar -:dollar =:dollar
EXPR: 0 | POS | FRA | 2 | 224.87 | 7.63000000000001 | 118.54=(106.33+(4.58+x)) | 118.54 106.33 4.58 x + + = | 118.54:dollar 106.33:dollar 4.58:dollar x:dollar +:dollar +:dollar =:dollar
EXPR: 0 | POS | FRA | 2 | 224.87 | 16.79 | 118.54=((106.33+x)-4.58) | 118.54 106.33 x + 4.58 - = | 118.54:dollar 106.33:dollar x:dollar +:dollar 4.58:dollar -:dollar =:dollar
EXPR: 0 | POS | FRA | 2 | 224.87 | 7.63000000000001 | ((118.54-106.33)-x)=4.58 | 118.54 106.33 - x - 4.58 = | 118.54:dollar 106.33:dollar -:dollar x:dollar -:dollar 4.58:dollar =:dollar
EXPR: 0 | POS | FRA | 2 | 224.87 | 220.29 | ((118.54+106.33)-x)=4.58 | 118.54 106.33 + x - 4.58 = | 118.54:dollar 106.33:dollar +:dollar x:dollar -:dollar 4.58:dollar =:dollar
EXPR: 0 | POS | FRA | 2 | 224.87 | 7.63000000000001 | (118.54-(x+106.33))=4.58 | 118.54 x 106.33 + - 4.58 = | 118.54:dollar x:dollar 106.33:dollar +:dollar -:dollar 4.58:dollar =:dollar
EXPR: 0 | POS | FRA | 2 | 224.87 | 229.45 | 118.54=(x-(106.33+4.58)) | 118.54 x 106.33 4.58 + - = | 118.54:dollar x:dollar 106.33:dollar 4.58:dollar +:dollar -:dollar =:dollar
EXPR: 0 | POS | FRA | 2 | 224.87 | 220.29 | 118.54=(x-(106.33-4.58)) | 118.54 x 106.33 4.58 - - = | 118.54:dollar x:dollar 106.33:dollar 4.58:dollar -:dollar -:dollar =:dollar
EXPR: 0 | POS | FRA | 2 | 224.87 | 16.79 | 118.54=((106.33-4.58)+x) | 118.54 106.33 4.58 - x + = | 118.54:dollar 106.33:dollar 4.58:dollar -:dollar x:dollar +:dollar =:dollar
EXPR: 0 | POS | FRA | 2 | 224.87 | 7.63000000000001 | 118.54=((106.33+x)+4.58) | 118.54 106.33 x + 4.58 + = | 118.54:dollar 106.33:dollar x:dollar +:dollar 4.58:dollar +:dollar =:dollar
EXPR: 0 | POS | FRA | 2 | 224.87 | 16.79 | 118.54=(x+(106.33-4.58)) | 118.54 x 106.33 4.58 - + = | 118.54:dollar x:dollar 106.33:dollar 4.58:dollar -:dollar +:dollar =:dollar
EXPR: 0 | POS | FRA | 2 | 224.87 | 16.79 | 118.54=((x+106.33)-4.58) | 118.54 x 106.33 + 4.58 - = | 118.54:dollar x:dollar 106.33:dollar +:dollar 4.58:dollar -:dollar =:dollar
EXPR: 0 | POS | FRA | 2 | 224.87 | 7.63000000000001 | 118.54=((x+106.33)+4.58) | 118.54 x 106.33 + 4.58 + = | 118.54:dollar x:dollar 106.33:dollar +:dollar 4.58:dollar +:dollar =:dollar
EXPR: 0 | POS | FRA | 2 | 224.87 | 220.29 | 118.54=((x-106.33)+4.58) | 118.54 x 106.33 - 4.58 + = | 118.54:dollar x:dollar 106.33:dollar -:dollar 4.58:dollar +:dollar =:dollar
EXPR: 0 | POS | FRA | 2 | 224.87 | 7.63000000000001 | 118.54=(x+(106.33+4.58)) | 118.54 x 106.33 4.58 + + = | 118.54:dollar x:dollar 106.33:dollar 4.58:dollar +:dollar +:dollar =:dollar
EXPR: 0 | POS | FRA | 2 | 224.87 | 229.45 | (x-(118.54+106.33))=4.58 | x 118.54 106.33 + - 4.58 = | x:dollar 118.54:dollar 106.33:dollar +:dollar -:dollar 4.58:dollar =:dollar
EXPR: 0 | POS | FRA | 2 | 224.87 | 16.79 | ((x-118.54)+106.33)=4.58 | x 118.54 - 106.33 + 4.58 = | x:dollar 118.54:dollar -:dollar 106.33:dollar +:dollar 4.58:dollar =:dollar
EXPR: 0 | POS | FRA | 2 | 224.87 | 7.63000000000001 | (118.54-(106.33+x))=4.58 | 118.54 106.33 x + - 4.58 = | 118.54:dollar 106.33:dollar x:dollar +:dollar -:dollar 4.58:dollar =:dollar
EXPR: 0 | POS | FRA | 2 | 224.87 | 220.29 | (118.54+(106.33-x))=4.58 | 118.54 106.33 x - + 4.58 = | 118.54:dollar 106.33:dollar x:dollar -:dollar +:dollar 4.58:dollar =:dollar
EXPR: 0 | POS | FRA | 2 | 224.87 | 229.45 | ((x-118.54)-106.33)=4.58 | x 118.54 - 106.33 - 4.58 = | x:dollar 118.54:dollar -:dollar 106.33:dollar -:dollar 4.58:dollar =:dollar
EXPR: 0 | POS | FRA | 2 | 224.87 | 7.63000000000001 | 118.54=((106.33+4.58)+x) | 118.54 106.33 4.58 + x + = | 118.54:dollar 106.33:dollar 4.58:dollar +:dollar x:dollar +:dollar =:dollar
EXPR: 0 | POS | FRA | 2 | 224.87 | 16.79 | (x-(118.54-106.33))=4.58 | x 118.54 106.33 - - 4.58 = | x:dollar 118.54:dollar 106.33:dollar -:dollar -:dollar 4.58:dollar =:dollar
EXPR: 0 | POS | FRA | 2 | 224.87 | 220.29 | ((118.54-x)+106.33)=4.58 | 118.54 x - 106.33 + 4.58 = | 118.54:dollar x:dollar -:dollar 106.33:dollar +:dollar 4.58:dollar =:dollar
EXPR: 0 | POS | FRA | 2 | 224.87 | 220.29 | (118.54-(x-106.33))=4.58 | 118.54 x 106.33 - - 4.58 = | 118.54:dollar x:dollar 106.33:dollar -:dollar -:dollar 4.58:dollar =:dollar
EXPR: 0 | POS | FRA | 2 | 224.87 | 7.63000000000001 | ((118.54-x)-106.33)=4.58 | 118.54 x - 106.33 - 4.58 = | 118.54:dollar x:dollar -:dollar 106.33:dollar -:dollar 4.58:dollar =:dollar
EXPR: 0 | POS | FRA | 2 | 224.87 | 16.79 | 118.54=(106.33+(x-4.58)) | 118.54 106.33 x 4.58 - + = | 118.54:dollar 106.33:dollar x:dollar 4.58:dollar -:dollar +:dollar =:dollar
EXPR: 0 | POS | FRA | 2 | 224.87 | 7.63000000000001 | 118.54=(106.33+(x+4.58)) | 118.54 106.33 x 4.58 + + = | 118.54:dollar 106.33:dollar x:dollar 4.58:dollar +:dollar +:dollar =:dollar
EXPR: 0 | POS | FRA | 10 | 224.87 | 229.45 | x=(106.33+(118.54+4.58)) | x 106.33 118.54 4.58 + + = | x:dollar 106.33:dollar 118.54:dollar 4.58:dollar +:dollar +:dollar =:dollar
EXPR: 0 | POS | FRA | 10 | 224.87 | 7.63000000000001 | x=((118.54-4.58)-106.33) | x 118.54 4.58 - 106.33 - = | x:dollar 118.54:dollar 4.58:dollar -:dollar 106.33:dollar -:dollar =:dollar
EXPR: 0 | POS | FRA | 10 | 224.87 | 16.79 | (118.54+(4.58-106.33))=x | 118.54 4.58 106.33 - + x = | 118.54:dollar 4.58:dollar 106.33:dollar -:dollar +:dollar x:dollar =:dollar
EXPR: 0 | POS | FRA | 10 | 224.87 | 220.29 | (118.54-(4.58-106.33))=x | 118.54 4.58 106.33 - - x = | 118.54:dollar 4.58:dollar 106.33:dollar -:dollar -:dollar x:dollar =:dollar
EXPR: 0 | POS | FRA | 10 | 224.87 | 16.79 | x=((118.54+4.58)-106.33) | x 118.54 4.58 + 106.33 - = | x:dollar 118.54:dollar 4.58:dollar +:dollar 106.33:dollar -:dollar =:dollar
EXPR: 0 | POS | FRA | 10 | 224.87 | 220.29 | x=(118.54-(4.58-106.33)) | x 118.54 4.58 106.33 - - = | x:dollar 118.54:dollar 4.58:dollar 106.33:dollar -:dollar -:dollar =:dollar
EXPR: 0 | POS | FRA | 10 | 224.87 | 220.29 | ((118.54-4.58)+106.33)=x | 118.54 4.58 - 106.33 + x = | 118.54:dollar 4.58:dollar -:dollar 106.33:dollar +:dollar x:dollar =:dollar
EXPR: 0 | POS | FRA | 10 | 224.87 | 7.63000000000001 | ((118.54-4.58)-106.33)=x | 118.54 4.58 - 106.33 - x = | 118.54:dollar 4.58:dollar -:dollar 106.33:dollar -:dollar x:dollar =:dollar
EXPR: 0 | POS | FRA | 10 | 224.87 | 16.79 | ((118.54+4.58)-106.33)=x | 118.54 4.58 + 106.33 - x = | 118.54:dollar 4.58:dollar +:dollar 106.33:dollar -:dollar x:dollar =:dollar
EXPR: 0 | POS | FRA | 10 | 224.87 | 229.45 | ((118.54+4.58)+106.33)=x | 118.54 4.58 + 106.33 + x = | 118.54:dollar 4.58:dollar +:dollar 106.33:dollar +:dollar x:dollar =:dollar
EXPR: 0 | POS | FRA | 10 | 224.87 | 229.45 | x=((118.54+4.58)+106.33) | x 118.54 4.58 + 106.33 + = | x:dollar 118.54:dollar 4.58:dollar +:dollar 106.33:dollar +:dollar =:dollar
EXPR: 0 | POS | FRA | 10 | 224.87 | 16.79 | x=(118.54+(4.58-106.33)) | x 118.54 4.58 106.33 - + = | x:dollar 118.54:dollar 4.58:dollar 106.33:dollar -:dollar +:dollar =:dollar
EXPR: 0 | POS | FRA | 10 | 224.87 | 220.29 | (106.33+(118.54-4.58))=x | 106.33 118.54 4.58 - + x = | 106.33:dollar 118.54:dollar 4.58:dollar -:dollar +:dollar x:dollar =:dollar
EXPR: 0 | POS | FRA | 10 | 224.87 | 220.29 | x=((118.54-4.58)+106.33) | x 118.54 4.58 - 106.33 + = | x:dollar 118.54:dollar 4.58:dollar -:dollar 106.33:dollar +:dollar =:dollar
EXPR: 0 | POS | FRA | 10 | 224.87 | 229.45 | (106.33+(118.54+4.58))=x | 106.33 118.54 4.58 + + x = | 106.33:dollar 118.54:dollar 4.58:dollar +:dollar +:dollar x:dollar =:dollar
EXPR: 0 | POS | FRA | 10 | 224.87 | 220.29 | x=(106.33+(118.54-4.58)) | x 106.33 118.54 4.58 - + = | x:dollar 106.33:dollar 118.54:dollar 4.58:dollar -:dollar +:dollar =:dollar
EXPR: 0 | POS | FRA | 12 | 224.87 | 7.63000000000001 | 106.33=((118.54-x)-4.58) | 106.33 118.54 x - 4.58 - = | 106.33:dollar 118.54:dollar x:dollar -:dollar 4.58:dollar -:dollar =:dollar
EXPR: 0 | POS | FRA | 12 | 224.87 | 16.79 | (118.54-x)=(106.33-4.58) | 118.54 x - 106.33 4.58 - = | 118.54:dollar x:dollar -:dollar 106.33:dollar 4.58:dollar -:dollar =:dollar
EXPR: 0 | POS | FRA | 12 | 224.87 | 220.29 | 106.33=((x-118.54)+4.58) | 106.33 x 118.54 - 4.58 + = | 106.33:dollar x:dollar 118.54:dollar -:dollar 4.58:dollar +:dollar =:dollar
EXPR: 0 | POS | FRA | 12 | 224.87 | 16.79 | 106.33=(118.54-(x-4.58)) | 106.33 118.54 x 4.58 - - = | 106.33:dollar 118.54:dollar x:dollar 4.58:dollar -:dollar -:dollar =:dollar
EXPR: 0 | POS | FRA | 12 | 224.87 | 220.29 | ((x-118.54)+4.58)=106.33 | x 118.54 - 4.58 + 106.33 = | x:dollar 118.54:dollar -:dollar 4.58:dollar +:dollar 106.33:dollar =:dollar
EXPR: 0 | POS | FRA | 12 | 224.87 | 16.79 | 118.54=(x-(4.58-106.33)) | 118.54 x 4.58 106.33 - - = | 118.54:dollar x:dollar 4.58:dollar 106.33:dollar -:dollar -:dollar =:dollar
EXPR: 0 | POS | FRA | 12 | 224.87 | 16.79 | (106.33-(118.54-x))=4.58 | 106.33 118.54 x - - 4.58 = | 106.33:dollar 118.54:dollar x:dollar -:dollar -:dollar 4.58:dollar =:dollar
EXPR: 0 | POS | FRA | 12 | 224.87 | 16.79 | 106.33=((118.54-x)+4.58) | 106.33 118.54 x - 4.58 + = | 106.33:dollar 118.54:dollar x:dollar -:dollar 4.58:dollar +:dollar =:dollar
EXPR: 0 | POS | FRA | 12 | 224.87 | 229.45 | (x-118.54)=(106.33+4.58) | x 118.54 - 106.33 4.58 + = | x:dollar 118.54:dollar -:dollar 106.33:dollar 4.58:dollar +:dollar =:dollar
EXPR: 0 | POS | FRA | 12 | 224.87 | 7.63000000000001 | (118.54-106.33)=(x+4.58) | 118.54 106.33 - x 4.58 + = | 118.54:dollar 106.33:dollar -:dollar x:dollar 4.58:dollar +:dollar =:dollar
EXPR: 0 | POS | FRA | 12 | 224.87 | 16.79 | (118.54+(4.58-x))=106.33 | 118.54 4.58 x - + 106.33 = | 118.54:dollar 4.58:dollar x:dollar -:dollar +:dollar 106.33:dollar =:dollar
EXPR: 0 | POS | FRA | 12 | 224.87 | 220.29 | 118.54=((4.58+x)-106.33) | 118.54 4.58 x + 106.33 - = | 118.54:dollar 4.58:dollar x:dollar +:dollar 106.33:dollar -:dollar =:dollar
EXPR: 0 | POS | FRA | 12 | 224.87 | 16.79 | ((106.33-118.54)+x)=4.58 | 106.33 118.54 - x + 4.58 = | 106.33:dollar 118.54:dollar -:dollar x:dollar +:dollar 4.58:dollar =:dollar
EXPR: 0 | POS | FRA | 12 | 224.87 | 7.63000000000001 | 106.33=((118.54-4.58)-x) | 106.33 118.54 4.58 - x - = | 106.33:dollar 118.54:dollar 4.58:dollar -:dollar x:dollar -:dollar =:dollar
EXPR: 0 | POS | FRA | 12 | 224.87 | 220.29 | (106.33+(118.54-x))=4.58 | 106.33 118.54 x - + 4.58 = | 106.33:dollar 118.54:dollar x:dollar -:dollar +:dollar 4.58:dollar =:dollar
EXPR: 0 | POS | FRA | 12 | 224.87 | 7.63000000000001 | ((118.54-x)-4.58)=106.33 | 118.54 x - 4.58 - 106.33 = | 118.54:dollar x:dollar -:dollar 4.58:dollar -:dollar 106.33:dollar =:dollar
EXPR: 0 | POS | FRA | 12 | 224.87 | 7.63000000000001 | (118.54-106.33)=(4.58+x) | 118.54 106.33 - 4.58 x + = | 118.54:dollar 106.33:dollar -:dollar 4.58:dollar x:dollar +:dollar =:dollar
EXPR: 0 | POS | FRA | 12 | 224.87 | 7.63000000000001 | 118.54=((4.58+x)+106.33) | 118.54 4.58 x + 106.33 + = | 118.54:dollar 4.58:dollar x:dollar +:dollar 106.33:dollar +:dollar =:dollar
EXPR: 0 | POS | FRA | 12 | 224.87 | 16.79 | (x+(106.33-118.54))=4.58 | x 106.33 118.54 - + 4.58 = | x:dollar 106.33:dollar 118.54:dollar -:dollar +:dollar 4.58:dollar =:dollar
EXPR: 0 | POS | FRA | 12 | 224.87 | 229.45 | 106.33=((x-118.54)-4.58) | 106.33 x 118.54 - 4.58 - = | 106.33:dollar x:dollar 118.54:dollar -:dollar 4.58:dollar -:dollar =:dollar
EXPR: 0 | POS | FRA | 12 | 224.87 | 7.63000000000001 | 106.33=(118.54-(x+4.58)) | 106.33 118.54 x 4.58 + - = | 106.33:dollar 118.54:dollar x:dollar 4.58:dollar +:dollar -:dollar =:dollar
EXPR: 0 | POS | FRA | 12 | 224.87 | 7.63000000000001 | 106.33=(118.54-(4.58+x)) | 106.33 118.54 4.58 x + - = | 106.33:dollar 118.54:dollar 4.58:dollar x:dollar +:dollar -:dollar =:dollar
EXPR: 0 | POS | FRA | 12 | 224.87 | 220.29 | 118.54=((x+4.58)-106.33) | 118.54 x 4.58 + 106.33 - = | 118.54:dollar x:dollar 4.58:dollar +:dollar 106.33:dollar -:dollar =:dollar
EXPR: 0 | POS | FRA | 12 | 224.87 | 7.63000000000001 | 118.54=((x+4.58)+106.33) | 118.54 x 4.58 + 106.33 + = | 118.54:dollar x:dollar 4.58:dollar +:dollar 106.33:dollar +:dollar =:dollar
EXPR: 0 | POS | FRA | 12 | 224.87 | 220.29 | 118.54=(x+(4.58-106.33)) | 118.54 x 4.58 106.33 - + = | 118.54:dollar x:dollar 4.58:dollar 106.33:dollar -:dollar +:dollar =:dollar
EXPR: 0 | POS | FRA | 12 | 224.87 | 220.29 | (x-(118.54-4.58))=106.33 | x 118.54 4.58 - - 106.33 = | x:dollar 118.54:dollar 4.58:dollar -:dollar -:dollar 106.33:dollar =:dollar
EXPR: 0 | POS | FRA | 12 | 224.87 | 220.29 | 118.54=((4.58-106.33)+x) | 118.54 4.58 106.33 - x + = | 118.54:dollar 4.58:dollar 106.33:dollar -:dollar x:dollar +:dollar =:dollar
EXPR: 0 | POS | FRA | 12 | 224.87 | 16.79 | ((x+106.33)-118.54)=4.58 | x 106.33 + 118.54 - 4.58 = | x:dollar 106.33:dollar +:dollar 118.54:dollar -:dollar 4.58:dollar =:dollar
EXPR: 0 | POS | FRA | 12 | 224.87 | 229.45 | 106.33=(x-(118.54+4.58)) | 106.33 x 118.54 4.58 + - = | 106.33:dollar x:dollar 118.54:dollar 4.58:dollar +:dollar -:dollar =:dollar
EXPR: 0 | POS | FRA | 12 | 224.87 | 16.79 | ((118.54-x)+4.58)=106.33 | 118.54 x - 4.58 + 106.33 = | 118.54:dollar x:dollar -:dollar 4.58:dollar +:dollar 106.33:dollar =:dollar
EXPR: 0 | POS | FRA | 12 | 224.87 | 16.79 | 106.33=((118.54+4.58)-x) | 106.33 118.54 4.58 + x - = | 106.33:dollar 118.54:dollar 4.58:dollar +:dollar x:dollar -:dollar =:dollar
EXPR: 0 | POS | FRA | 12 | 224.87 | 220.29 | (x-118.54)=(106.33-4.58) | x 118.54 - 106.33 4.58 - = | x:dollar 118.54:dollar -:dollar 106.33:dollar 4.58:dollar -:dollar =:dollar
EXPR: 0 | POS | FRA | 12 | 224.87 | 16.79 | (118.54-(x-4.58))=106.33 | 118.54 x 4.58 - - 106.33 = | 118.54:dollar x:dollar 4.58:dollar -:dollar -:dollar 106.33:dollar =:dollar
EXPR: 0 | POS | FRA | 12 | 224.87 | 7.63000000000001 | 118.54=(4.58+(x+106.33)) | 118.54 4.58 x 106.33 + + = | 118.54:dollar 4.58:dollar x:dollar 106.33:dollar +:dollar +:dollar =:dollar
EXPR: 0 | POS | FRA | 12 | 224.87 | 229.45 | (x-(118.54+4.58))=106.33 | x 118.54 4.58 + - 106.33 = | x:dollar 118.54:dollar 4.58:dollar +:dollar -:dollar 106.33:dollar =:dollar
EXPR: 0 | POS | FRA | 12 | 224.87 | 229.45 | ((x-106.33)-118.54)=4.58 | x 106.33 - 118.54 - 4.58 = | x:dollar 106.33:dollar -:dollar 118.54:dollar -:dollar 4.58:dollar =:dollar
EXPR: 0 | POS | FRA | 12 | 224.87 | 220.29 | 118.54=(4.58-(106.33-x)) | 118.54 4.58 106.33 x - - = | 118.54:dollar 4.58:dollar 106.33:dollar x:dollar -:dollar -:dollar =:dollar
EXPR: 0 | POS | FRA | 12 | 224.87 | 220.29 | 118.54=(4.58+(x-106.33)) | 118.54 4.58 x 106.33 - + = | 118.54:dollar 4.58:dollar x:dollar 106.33:dollar -:dollar +:dollar =:dollar
EXPR: 0 | POS | FRA | 12 | 224.87 | 7.63000000000001 | ((118.54-4.58)-x)=106.33 | 118.54 4.58 - x - 106.33 = | 118.54:dollar 4.58:dollar -:dollar x:dollar -:dollar 106.33:dollar =:dollar
EXPR: 0 | POS | FRA | 12 | 224.87 | 220.29 | 106.33=(x-(118.54-4.58)) | 106.33 x 118.54 4.58 - - = | 106.33:dollar x:dollar 118.54:dollar 4.58:dollar -:dollar -:dollar =:dollar
EXPR: 0 | POS | FRA | 12 | 224.87 | 16.79 | ((106.33+x)-118.54)=4.58 | 106.33 x + 118.54 - 4.58 = | 106.33:dollar x:dollar +:dollar 118.54:dollar -:dollar 4.58:dollar =:dollar
EXPR: 0 | POS | FRA | 12 | 224.87 | 16.79 | 106.33=(118.54+(4.58-x)) | 106.33 118.54 4.58 x - + = | 106.33:dollar 118.54:dollar 4.58:dollar x:dollar -:dollar +:dollar =:dollar
EXPR: 0 | POS | FRA | 12 | 224.87 | 229.45 | ((x-118.54)-4.58)=106.33 | x 118.54 - 4.58 - 106.33 = | x:dollar 118.54:dollar -:dollar 4.58:dollar -:dollar 106.33:dollar =:dollar
EXPR: 0 | POS | FRA | 12 | 224.87 | 7.63000000000001 | 118.54=(4.58+(106.33+x)) | 118.54 4.58 106.33 x + + = | 118.54:dollar 4.58:dollar 106.33:dollar x:dollar +:dollar +:dollar =:dollar
EXPR: 0 | POS | FRA | 12 | 224.87 | 229.45 | 118.54=((x-4.58)-106.33) | 118.54 x 4.58 - 106.33 - = | 118.54:dollar x:dollar 4.58:dollar -:dollar 106.33:dollar -:dollar =:dollar
EXPR: 0 | POS | FRA | 12 | 224.87 | 7.63000000000001 | (118.54-(4.58+x))=106.33 | 118.54 4.58 x + - 106.33 = | 118.54:dollar 4.58:dollar x:dollar +:dollar -:dollar 106.33:dollar =:dollar
EXPR: 0 | POS | FRA | 12 | 224.87 | 220.29 | ((106.33-x)+118.54)=4.58 | 106.33 x - 118.54 + 4.58 = | 106.33:dollar x:dollar -:dollar 118.54:dollar +:dollar 4.58:dollar =:dollar
EXPR: 0 | POS | FRA | 12 | 224.87 | 220.29 | (106.33-(x-118.54))=4.58 | 106.33 x 118.54 - - 4.58 = | 106.33:dollar x:dollar 118.54:dollar -:dollar -:dollar 4.58:dollar =:dollar
EXPR: 0 | POS | FRA | 12 | 224.87 | 7.63000000000001 | (118.54-(x+4.58))=106.33 | 118.54 x 4.58 + - 106.33 = | 118.54:dollar x:dollar 4.58:dollar +:dollar -:dollar 106.33:dollar =:dollar
EXPR: 0 | POS | FRA | 12 | 224.87 | 16.79 | ((118.54+4.58)-x)=106.33 | 118.54 4.58 + x - 106.33 = | 118.54:dollar 4.58:dollar +:dollar x:dollar -:dollar 106.33:dollar =:dollar
EXPR: 0 | POS | FRA | 12 | 224.87 | 16.79 | (106.33+(x-118.54))=4.58 | 106.33 x 118.54 - + 4.58 = | 106.33:dollar x:dollar 118.54:dollar -:dollar +:dollar 4.58:dollar =:dollar
EXPR: 0 | POS | FRA | 12 | 224.87 | 220.29 | (118.54+106.33)=(4.58+x) | 118.54 106.33 + 4.58 x + = | 118.54:dollar 106.33:dollar +:dollar 4.58:dollar x:dollar +:dollar =:dollar
EXPR: 0 | POS | FRA | 12 | 224.87 | 16.79 | (118.54-106.33)=(x-4.58) | 118.54 106.33 - x 4.58 - = | 118.54:dollar 106.33:dollar -:dollar x:dollar 4.58:dollar -:dollar =:dollar
EXPR: 0 | POS | FRA | 12 | 224.87 | 229.45 | (118.54+106.33)=(x-4.58) | 118.54 106.33 + x 4.58 - = | 118.54:dollar 106.33:dollar +:dollar x:dollar 4.58:dollar -:dollar =:dollar
EXPR: 0 | POS | FRA | 12 | 224.87 | 220.29 | (118.54+106.33)=(x+4.58) | 118.54 106.33 + x 4.58 + = | 118.54:dollar 106.33:dollar +:dollar x:dollar 4.58:dollar +:dollar =:dollar
EXPR: 0 | POS | FRA | 12 | 224.87 | 16.79 | 118.54=((x-4.58)+106.33) | 118.54 x 4.58 - 106.33 + = | 118.54:dollar x:dollar 4.58:dollar -:dollar 106.33:dollar +:dollar =:dollar
EXPR: 0 | POS | FRA | 12 | 224.87 | 7.63000000000001 | (118.54-x)=(106.33+4.58) | 118.54 x - 106.33 4.58 + = | 118.54:dollar x:dollar -:dollar 106.33:dollar 4.58:dollar +:dollar =:dollar
EXPR: 0 | POS | FRA | 22 | 224.87 | 229.45 | (x-106.33)=(118.54+4.58) | x 106.33 - 118.54 4.58 + = | x:dollar 106.33:dollar -:dollar 118.54:dollar 4.58:dollar +:dollar =:dollar
EXPR: 0 | POS | FRA | 22 | 224.87 | 220.29 | (x-106.33)=(118.54-4.58) | x 106.33 - 118.54 4.58 - = | x:dollar 106.33:dollar -:dollar 118.54:dollar 4.58:dollar -:dollar =:dollar
EXPR: 0 | POS | FRA | 22 | 224.87 | 16.79 | (x-118.54)=(4.58-106.33) | x 118.54 - 4.58 106.33 - = | x:dollar 118.54:dollar -:dollar 4.58:dollar 106.33:dollar -:dollar =:dollar
EXPR: 0 | POS | FRA | 22 | 224.87 | 220.29 | (118.54-x)=(4.58-106.33) | 118.54 x - 4.58 106.33 - = | 118.54:dollar x:dollar -:dollar 4.58:dollar 106.33:dollar -:dollar =:dollar
EXPR: 0 | POS | FRA | 22 | 224.87 | 7.63000000000001 | (118.54-4.58)=(106.33+x) | 118.54 4.58 - 106.33 x + = | 118.54:dollar 4.58:dollar -:dollar 106.33:dollar x:dollar +:dollar =:dollar
EXPR: 0 | POS | FRA | 22 | 224.87 | 7.63000000000001 | (118.54-4.58)=(x+106.33) | 118.54 4.58 - x 106.33 + = | 118.54:dollar 4.58:dollar -:dollar x:dollar 106.33:dollar +:dollar =:dollar
EXPR: 0 | POS | FRA | 22 | 224.87 | 220.29 | (118.54-4.58)=(x-106.33) | 118.54 4.58 - x 106.33 - = | 118.54:dollar 4.58:dollar -:dollar x:dollar 106.33:dollar -:dollar =:dollar
EXPR: 0 | POS | FRA | 22 | 224.87 | 7.63000000000001 | (106.33+x)=(118.54-4.58) | 106.33 x + 118.54 4.58 - = | 106.33:dollar x:dollar +:dollar 118.54:dollar 4.58:dollar -:dollar =:dollar
EXPR: 0 | POS | FRA | 22 | 224.87 | 7.63000000000001 | (x+106.33)=(118.54-4.58) | x 106.33 + 118.54 4.58 - = | x:dollar 106.33:dollar +:dollar 118.54:dollar 4.58:dollar -:dollar =:dollar
EXPR: 0 | POS | FRA | 22 | 224.87 | 229.45 | (118.54+4.58)=(x-106.33) | 118.54 4.58 + x 106.33 - = | 118.54:dollar 4.58:dollar +:dollar x:dollar 106.33:dollar -:dollar =:dollar
EXPR: 0 | POS | FRA | 22 | 224.87 | 16.79 | (118.54+4.58)=(106.33+x) | 118.54 4.58 + 106.33 x + = | 118.54:dollar 4.58:dollar +:dollar 106.33:dollar x:dollar +:dollar =:dollar
EXPR: 0 | POS | FRA | 22 | 224.87 | 16.79 | (106.33+x)=(118.54+4.58) | 106.33 x + 118.54 4.58 + = | 106.33:dollar x:dollar +:dollar 118.54:dollar 4.58:dollar +:dollar =:dollar
EXPR: 0 | POS | FRA | 22 | 224.87 | 16.79 | (118.54+4.58)=(x+106.33) | 118.54 4.58 + x 106.33 + = | 118.54:dollar 4.58:dollar +:dollar x:dollar 106.33:dollar +:dollar =:dollar
EXPR: 0 | POS | FRA | 22 | 224.87 | 16.79 | (x+106.33)=(118.54+4.58) | x 106.33 + 118.54 4.58 + = | x:dollar 106.33:dollar +:dollar 118.54:dollar 4.58:dollar +:dollar =:dollar
EXPR: 0 | POS | FRA | 22 | 224.87 | 16.79 | (106.33-118.54)=(4.58-x) | 106.33 118.54 - 4.58 x - = | 106.33:dollar 118.54:dollar -:dollar 4.58:dollar x:dollar -:dollar =:dollar
EXPR: 0 | POS | FRA | 25 | 224.87 | 220.29 | x=((106.33-4.58)+118.54) | x 106.33 4.58 - 118.54 + = | x:dollar 106.33:dollar 4.58:dollar -:dollar 118.54:dollar +:dollar =:dollar
EXPR: 0 | POS | FRA | 25 | 224.87 | 229.45 | (4.58+(118.54+106.33))=x | 4.58 118.54 106.33 + + x = | 4.58:dollar 118.54:dollar 106.33:dollar +:dollar +:dollar x:dollar =:dollar
EXPR: 0 | POS | FRA | 25 | 224.87 | 220.29 | x=(106.33-(4.58-118.54)) | x 106.33 4.58 118.54 - - = | x:dollar 106.33:dollar 4.58:dollar 118.54:dollar -:dollar -:dollar =:dollar
EXPR: 0 | POS | FRA | 25 | 224.87 | 16.79 | x=(4.58+(118.54-106.33)) | x 4.58 118.54 106.33 - + = | x:dollar 4.58:dollar 118.54:dollar 106.33:dollar -:dollar +:dollar =:dollar
EXPR: 0 | POS | FRA | 25 | 224.87 | 220.29 | (106.33-(4.58-118.54))=x | 106.33 4.58 118.54 - - x = | 106.33:dollar 4.58:dollar 118.54:dollar -:dollar -:dollar x:dollar =:dollar
EXPR: 0 | POS | FRA | 25 | 224.87 | 16.79 | (4.58+(118.54-106.33))=x | 4.58 118.54 106.33 - + x = | 4.58:dollar 118.54:dollar 106.33:dollar -:dollar +:dollar x:dollar =:dollar
EXPR: 0 | POS | FRA | 25 | 224.87 | 229.45 | x=((106.33+4.58)+118.54) | x 106.33 4.58 + 118.54 + = | x:dollar 106.33:dollar 4.58:dollar +:dollar 118.54:dollar +:dollar =:dollar
EXPR: 0 | POS | FRA | 25 | 224.87 | 229.45 | ((106.33+4.58)+118.54)=x | 106.33 4.58 + 118.54 + x = | 106.33:dollar 4.58:dollar +:dollar 118.54:dollar +:dollar x:dollar =:dollar
EXPR: 0 | POS | FRA | 25 | 224.87 | 229.45 | x=(4.58+(118.54+106.33)) | x 4.58 118.54 106.33 + + = | x:dollar 4.58:dollar 118.54:dollar 106.33:dollar +:dollar +:dollar =:dollar
EXPR: 0 | POS | FRA | 25 | 224.87 | 220.29 | ((106.33-4.58)+118.54)=x | 106.33 4.58 - 118.54 + x = | 106.33:dollar 4.58:dollar -:dollar 118.54:dollar +:dollar x:dollar =:dollar
EXPR: 0 | POS | FRA | 27 | 224.87 | 229.45 | 4.58=((x-118.54)-106.33) | 4.58 x 118.54 - 106.33 - = | 4.58:dollar x:dollar 118.54:dollar -:dollar 106.33:dollar -:dollar =:dollar
EXPR: 0 | POS | FRA | 27 | 224.87 | 16.79 | ((x+106.33)-4.58)=118.54 | x 106.33 + 4.58 - 118.54 = | x:dollar 106.33:dollar +:dollar 4.58:dollar -:dollar 118.54:dollar =:dollar
EXPR: 0 | POS | FRA | 27 | 224.87 | 220.29 | ((x-106.33)+4.58)=118.54 | x 106.33 - 4.58 + 118.54 = | x:dollar 106.33:dollar -:dollar 4.58:dollar +:dollar 118.54:dollar =:dollar
EXPR: 0 | POS | FRA | 27 | 224.87 | 220.29 | ((x+4.58)-118.54)=106.33 | x 4.58 + 118.54 - 106.33 = | x:dollar 4.58:dollar +:dollar 118.54:dollar -:dollar 106.33:dollar =:dollar
EXPR: 0 | POS | FRA | 27 | 224.87 | 16.79 | ((106.33+x)-4.58)=118.54 | 106.33 x + 4.58 - 118.54 = | 106.33:dollar x:dollar +:dollar 4.58:dollar -:dollar 118.54:dollar =:dollar
EXPR: 0 | POS | FRA | 27 | 224.87 | 229.45 | ((x-106.33)-4.58)=118.54 | x 106.33 - 4.58 - 118.54 = | x:dollar 106.33:dollar -:dollar 4.58:dollar -:dollar 118.54:dollar =:dollar
EXPR: 0 | POS | FRA | 27 | 224.87 | 7.63000000000001 | 4.58=(118.54-(106.33+x)) | 4.58 118.54 106.33 x + - = | 4.58:dollar 118.54:dollar 106.33:dollar x:dollar +:dollar -:dollar =:dollar
EXPR: 0 | POS | FRA | 27 | 224.87 | 220.29 | 106.33=(x+(4.58-118.54)) | 106.33 x 4.58 118.54 - + = | 106.33:dollar x:dollar 4.58:dollar 118.54:dollar -:dollar +:dollar =:dollar
EXPR: 0 | POS | FRA | 27 | 224.87 | 7.63000000000001 | 4.58=((118.54-106.33)-x) | 4.58 118.54 106.33 - x - = | 4.58:dollar 118.54:dollar 106.33:dollar -:dollar x:dollar -:dollar =:dollar
EXPR: 0 | POS | FRA | 27 | 224.87 | 220.29 | 4.58=(118.54+(106.33-x)) | 4.58 118.54 106.33 x - + = | 4.58:dollar 118.54:dollar 106.33:dollar x:dollar -:dollar +:dollar =:dollar
EXPR: 0 | POS | FRA | 27 | 224.87 | 7.63000000000001 | 4.58=(118.54-(x+106.33)) | 4.58 118.54 x 106.33 + - = | 4.58:dollar 118.54:dollar x:dollar 106.33:dollar +:dollar -:dollar =:dollar
EXPR: 0 | POS | FRA | 27 | 224.87 | 220.29 | 106.33=((4.58-118.54)+x) | 106.33 4.58 118.54 - x + = | 106.33:dollar 4.58:dollar 118.54:dollar -:dollar x:dollar +:dollar =:dollar
EXPR: 0 | POS | FRA | 27 | 224.87 | 220.29 | (4.58-(118.54-x))=106.33 | 4.58 118.54 x - - 106.33 = | 4.58:dollar 118.54:dollar x:dollar -:dollar -:dollar 106.33:dollar =:dollar
EXPR: 0 | POS | FRA | 27 | 224.87 | 16.79 | (4.58+(118.54-x))=106.33 | 4.58 118.54 x - + 106.33 = | 4.58:dollar 118.54:dollar x:dollar -:dollar +:dollar 106.33:dollar =:dollar
EXPR: 0 | POS | FRA | 27 | 224.87 | 220.29 | 106.33=((x+4.58)-118.54) | 106.33 x 4.58 + 118.54 - = | 106.33:dollar x:dollar 4.58:dollar +:dollar 118.54:dollar -:dollar =:dollar
EXPR: 0 | POS | FRA | 27 | 224.87 | 220.29 | (x-(106.33-4.58))=118.54 | x 106.33 4.58 - - 118.54 = | x:dollar 106.33:dollar 4.58:dollar -:dollar -:dollar 118.54:dollar =:dollar
EXPR: 0 | POS | FRA | 27 | 224.87 | 16.79 | ((106.33-4.58)+x)=118.54 | 106.33 4.58 - x + 118.54 = | 106.33:dollar 4.58:dollar -:dollar x:dollar +:dollar 118.54:dollar =:dollar
EXPR: 0 | POS | FRA | 27 | 224.87 | 220.29 | 106.33=(4.58-(118.54-x)) | 106.33 4.58 118.54 x - - = | 106.33:dollar 4.58:dollar 118.54:dollar x:dollar -:dollar -:dollar =:dollar
EXPR: 0 | POS | FRA | 27 | 224.87 | 16.79 | 106.33=((4.58-x)+118.54) | 106.33 4.58 x - 118.54 + = | 106.33:dollar 4.58:dollar x:dollar -:dollar 118.54:dollar +:dollar =:dollar
EXPR: 0 | POS | FRA | 27 | 224.87 | 7.63000000000001 | ((x+106.33)+4.58)=118.54 | x 106.33 + 4.58 + 118.54 = | x:dollar 106.33:dollar +:dollar 4.58:dollar +:dollar 118.54:dollar =:dollar
EXPR: 0 | POS | FRA | 27 | 224.87 | 229.45 | ((x-4.58)-118.54)=106.33 | x 4.58 - 118.54 - 106.33 = | x:dollar 4.58:dollar -:dollar 118.54:dollar -:dollar 106.33:dollar =:dollar
EXPR: 0 | POS | FRA | 27 | 224.87 | 7.63000000000001 | ((106.33+x)+4.58)=118.54 | 106.33 x + 4.58 + 118.54 = | 106.33:dollar x:dollar +:dollar 4.58:dollar +:dollar 118.54:dollar =:dollar
EXPR: 0 | POS | FRA | 27 | 224.87 | 16.79 | 106.33=(4.58-(x-118.54)) | 106.33 4.58 x 118.54 - - = | 106.33:dollar 4.58:dollar x:dollar 118.54:dollar -:dollar -:dollar =:dollar
EXPR: 0 | POS | FRA | 27 | 224.87 | 220.29 | 106.33=((4.58+x)-118.54) | 106.33 4.58 x + 118.54 - = | 106.33:dollar 4.58:dollar x:dollar +:dollar 118.54:dollar -:dollar =:dollar
EXPR: 0 | POS | FRA | 27 | 224.87 | 220.29 | 4.58=((118.54+106.33)-x) | 4.58 118.54 106.33 + x - = | 4.58:dollar 118.54:dollar 106.33:dollar +:dollar x:dollar -:dollar =:dollar
EXPR: 0 | POS | FRA | 27 | 224.87 | 220.29 | ((4.58-118.54)+x)=106.33 | 4.58 118.54 - x + 106.33 = | 4.58:dollar 118.54:dollar -:dollar x:dollar +:dollar 106.33:dollar =:dollar
EXPR: 0 | POS | FRA | 27 | 224.87 | 229.45 | (x-(106.33+4.58))=118.54 | x 106.33 4.58 + - 118.54 = | x:dollar 106.33:dollar 4.58:dollar +:dollar -:dollar 118.54:dollar =:dollar
EXPR: 0 | POS | FRA | 27 | 224.87 | 16.79 | 4.58=((x-118.54)+106.33) | 4.58 x 118.54 - 106.33 + = | 4.58:dollar x:dollar 118.54:dollar -:dollar 106.33:dollar +:dollar =:dollar
EXPR: 0 | POS | FRA | 27 | 224.87 | 16.79 | (106.33-(4.58-x))=118.54 | 106.33 4.58 x - - 118.54 = | 106.33:dollar 4.58:dollar x:dollar -:dollar -:dollar 118.54:dollar =:dollar
EXPR: 0 | POS | FRA | 27 | 224.87 | 220.29 | 106.33=(4.58+(x-118.54)) | 106.33 4.58 x 118.54 - + = | 106.33:dollar 4.58:dollar x:dollar 118.54:dollar -:dollar +:dollar =:dollar
EXPR: 0 | POS | FRA | 27 | 224.87 | 16.79 | (x+(106.33-4.58))=118.54 | x 106.33 4.58 - + 118.54 = | x:dollar 106.33:dollar 4.58:dollar -:dollar +:dollar 118.54:dollar =:dollar
EXPR: 0 | POS | FRA | 27 | 224.87 | 220.29 | ((4.58+x)-118.54)=106.33 | 4.58 x + 118.54 - 106.33 = | 4.58:dollar x:dollar +:dollar 118.54:dollar -:dollar 106.33:dollar =:dollar
EXPR: 0 | POS | FRA | 27 | 224.87 | 7.63000000000001 | 4.58=((118.54-x)-106.33) | 4.58 118.54 x - 106.33 - = | 4.58:dollar 118.54:dollar x:dollar -:dollar 106.33:dollar -:dollar =:dollar
EXPR: 0 | POS | FRA | 27 | 224.87 | 229.45 | 106.33=((x-4.58)-118.54) | 106.33 x 4.58 - 118.54 - = | 106.33:dollar x:dollar 4.58:dollar -:dollar 118.54:dollar -:dollar =:dollar
EXPR: 0 | POS | FRA | 27 | 224.87 | 7.63000000000001 | ((106.33+4.58)+x)=118.54 | 106.33 4.58 + x + 118.54 = | 106.33:dollar 4.58:dollar +:dollar x:dollar +:dollar 118.54:dollar =:dollar
EXPR: 0 | POS | FRA | 27 | 224.87 | 229.45 | 4.58=(x-(118.54+106.33)) | 4.58 x 118.54 106.33 + - = | 4.58:dollar x:dollar 118.54:dollar 106.33:dollar +:dollar -:dollar =:dollar
EXPR: 0 | POS | FRA | 27 | 224.87 | 16.79 | 4.58=(x-(118.54-106.33)) | 4.58 x 118.54 106.33 - - = | 4.58:dollar x:dollar 118.54:dollar 106.33:dollar -:dollar -:dollar =:dollar
EXPR: 0 | POS | FRA | 27 | 224.87 | 7.63000000000001 | (106.33+(4.58+x))=118.54 | 106.33 4.58 x + + 118.54 = | 106.33:dollar 4.58:dollar x:dollar +:dollar +:dollar 118.54:dollar =:dollar
EXPR: 0 | POS | FRA | 27 | 224.87 | 7.63000000000001 | (x+(106.33+4.58))=118.54 | x 106.33 4.58 + + 118.54 = | x:dollar 106.33:dollar 4.58:dollar +:dollar +:dollar 118.54:dollar =:dollar
EXPR: 0 | POS | FRA | 27 | 224.87 | 16.79 | ((4.58-x)+118.54)=106.33 | 4.58 x - 118.54 + 106.33 = | 4.58:dollar x:dollar -:dollar 118.54:dollar +:dollar 106.33:dollar =:dollar
EXPR: 0 | POS | FRA | 27 | 224.87 | 16.79 | 106.33=(4.58+(118.54-x)) | 106.33 4.58 118.54 x - + = | 106.33:dollar 4.58:dollar 118.54:dollar x:dollar -:dollar +:dollar =:dollar
EXPR: 0 | POS | FRA | 27 | 224.87 | 220.29 | 4.58=(118.54-(x-106.33)) | 4.58 118.54 x 106.33 - - = | 4.58:dollar 118.54:dollar x:dollar 106.33:dollar -:dollar -:dollar =:dollar
EXPR: 0 | POS | FRA | 27 | 224.87 | 220.29 | 4.58=((118.54-x)+106.33) | 4.58 118.54 x - 106.33 + = | 4.58:dollar 118.54:dollar x:dollar -:dollar 106.33:dollar +:dollar =:dollar
EXPR: 0 | POS | FRA | 27 | 224.87 | 220.29 | (x+(4.58-118.54))=106.33 | x 4.58 118.54 - + 106.33 = | x:dollar 4.58:dollar 118.54:dollar -:dollar +:dollar 106.33:dollar =:dollar
EXPR: 0 | POS | FRA | 27 | 224.87 | 16.79 | (4.58-(x-118.54))=106.33 | 4.58 x 118.54 - - 106.33 = | 4.58:dollar x:dollar 118.54:dollar -:dollar -:dollar 106.33:dollar =:dollar
EXPR: 0 | POS | FRA | 27 | 224.87 | 16.79 | (106.33+(x-4.58))=118.54 | 106.33 x 4.58 - + 118.54 = | 106.33:dollar x:dollar 4.58:dollar -:dollar +:dollar 118.54:dollar =:dollar
EXPR: 0 | POS | FRA | 27 | 224.87 | 7.63000000000001 | (106.33+(x+4.58))=118.54 | 106.33 x 4.58 + + 118.54 = | 106.33:dollar x:dollar 4.58:dollar +:dollar +:dollar 118.54:dollar =:dollar
EXPR: 0 | POS | FRA | 27 | 224.87 | 220.29 | (4.58+(x-118.54))=106.33 | 4.58 x 118.54 - + 106.33 = | 4.58:dollar x:dollar 118.54:dollar -:dollar +:dollar 106.33:dollar =:dollar
EXPR: 0 | POS | FRA | 35 | 224.87 | 16.79 | x=(4.58-(106.33-118.54)) | x 4.58 106.33 118.54 - - = | x:dollar 4.58:dollar 106.33:dollar 118.54:dollar -:dollar -:dollar =:dollar
EXPR: 0 | POS | FRA | 35 | 224.87 | 16.79 | (4.58-(106.33-118.54))=x | 4.58 106.33 118.54 - - x = | 4.58:dollar 106.33:dollar 118.54:dollar -:dollar -:dollar x:dollar =:dollar
EXPR: 0 | POS | FRA | 35 | 224.87 | 16.79 | ((4.58-106.33)+118.54)=x | 4.58 106.33 - 118.54 + x = | 4.58:dollar 106.33:dollar -:dollar 118.54:dollar +:dollar x:dollar =:dollar
EXPR: 0 | POS | FRA | 35 | 224.87 | 16.79 | x=((4.58-106.33)+118.54) | x 4.58 106.33 - 118.54 + = | x:dollar 4.58:dollar 106.33:dollar -:dollar 118.54:dollar +:dollar =:dollar
EXPR: 0 | POS | FRA | 37 | 224.87 | 220.29 | (4.58+(x-106.33))=118.54 | 4.58 x 106.33 - + 118.54 = | 4.58:dollar x:dollar 106.33:dollar -:dollar +:dollar 118.54:dollar =:dollar
EXPR: 0 | POS | FRA | 37 | 224.87 | 7.63000000000001 | ((x+4.58)+106.33)=118.54 | x 4.58 + 106.33 + 118.54 = | x:dollar 4.58:dollar +:dollar 106.33:dollar +:dollar 118.54:dollar =:dollar
EXPR: 0 | POS | FRA | 37 | 224.87 | 220.29 | (4.58-(106.33-x))=118.54 | 4.58 106.33 x - - 118.54 = | 4.58:dollar 106.33:dollar x:dollar -:dollar -:dollar 118.54:dollar =:dollar
EXPR: 0 | POS | FRA | 37 | 224.87 | 220.29 | ((x+4.58)-106.33)=118.54 | x 4.58 + 106.33 - 118.54 = | x:dollar 4.58:dollar +:dollar 106.33:dollar -:dollar 118.54:dollar =:dollar
EXPR: 0 | POS | FRA | 37 | 224.87 | 16.79 | 4.58=((106.33+x)-118.54) | 4.58 106.33 x + 118.54 - = | 4.58:dollar 106.33:dollar x:dollar +:dollar 118.54:dollar -:dollar =:dollar
EXPR: 0 | POS | FRA | 37 | 224.87 | 220.29 | (106.33-x)=(4.58-118.54) | 106.33 x - 4.58 118.54 - = | 106.33:dollar x:dollar -:dollar 4.58:dollar 118.54:dollar -:dollar =:dollar
EXPR: 0 | POS | FRA | 37 | 224.87 | 220.29 | (x+(4.58-106.33))=118.54 | x 4.58 106.33 - + 118.54 = | x:dollar 4.58:dollar 106.33:dollar -:dollar +:dollar 118.54:dollar =:dollar
EXPR: 0 | POS | FRA | 37 | 224.87 | 7.63000000000001 | ((4.58+x)+106.33)=118.54 | 4.58 x + 106.33 + 118.54 = | 4.58:dollar x:dollar +:dollar 106.33:dollar +:dollar 118.54:dollar =:dollar
EXPR: 0 | POS | FRA | 37 | 224.87 | 7.63000000000001 | (4.58+(x+106.33))=118.54 | 4.58 x 106.33 + + 118.54 = | 4.58:dollar x:dollar 106.33:dollar +:dollar +:dollar 118.54:dollar =:dollar
EXPR: 0 | POS | FRA | 37 | 224.87 | 220.29 | 4.58=(106.33+(118.54-x)) | 4.58 106.33 118.54 x - + = | 4.58:dollar 106.33:dollar 118.54:dollar x:dollar -:dollar +:dollar =:dollar
EXPR: 0 | POS | FRA | 37 | 224.87 | 16.79 | 4.58=((x+106.33)-118.54) | 4.58 x 106.33 + 118.54 - = | 4.58:dollar x:dollar 106.33:dollar +:dollar 118.54:dollar -:dollar =:dollar
EXPR: 0 | POS | FRA | 37 | 224.87 | 16.79 | 4.58=((106.33-118.54)+x) | 4.58 106.33 118.54 - x + = | 4.58:dollar 106.33:dollar 118.54:dollar -:dollar x:dollar +:dollar =:dollar
EXPR: 0 | POS | FRA | 37 | 224.87 | 16.79 | 4.58=(x+(106.33-118.54)) | 4.58 x 106.33 118.54 - + = | 4.58:dollar x:dollar 106.33:dollar 118.54:dollar -:dollar +:dollar =:dollar
EXPR: 0 | POS | FRA | 37 | 224.87 | 229.45 | ((x-4.58)-106.33)=118.54 | x 4.58 - 106.33 - 118.54 = | x:dollar 4.58:dollar -:dollar 106.33:dollar -:dollar 118.54:dollar =:dollar
EXPR: 0 | POS | FRA | 37 | 224.87 | 16.79 | (x-(4.58-106.33))=118.54 | x 4.58 106.33 - - 118.54 = | x:dollar 4.58:dollar 106.33:dollar -:dollar -:dollar 118.54:dollar =:dollar
EXPR: 0 | POS | FRA | 37 | 224.87 | 229.45 | (x-4.58)=(118.54+106.33) | x 4.58 - 118.54 106.33 + = | x:dollar 4.58:dollar -:dollar 118.54:dollar 106.33:dollar +:dollar =:dollar
EXPR: 0 | POS | FRA | 37 | 224.87 | 16.79 | ((x-4.58)+106.33)=118.54 | x 4.58 - 106.33 + 118.54 = | x:dollar 4.58:dollar -:dollar 106.33:dollar +:dollar 118.54:dollar =:dollar
EXPR: 0 | POS | FRA | 37 | 224.87 | 16.79 | 4.58=(106.33-(118.54-x)) | 4.58 106.33 118.54 x - - = | 4.58:dollar 106.33:dollar 118.54:dollar x:dollar -:dollar -:dollar =:dollar
EXPR: 0 | POS | FRA | 37 | 224.87 | 7.63000000000001 | (4.58+x)=(118.54-106.33) | 4.58 x + 118.54 106.33 - = | 4.58:dollar x:dollar +:dollar 118.54:dollar 106.33:dollar -:dollar =:dollar
EXPR: 0 | POS | FRA | 37 | 224.87 | 220.29 | ((4.58-106.33)+x)=118.54 | 4.58 106.33 - x + 118.54 = | 4.58:dollar 106.33:dollar -:dollar x:dollar +:dollar 118.54:dollar =:dollar
EXPR: 0 | POS | FRA | 37 | 224.87 | 220.29 | (4.58+x)=(118.54+106.33) | 4.58 x + 118.54 106.33 + = | 4.58:dollar x:dollar +:dollar 118.54:dollar 106.33:dollar +:dollar =:dollar
EXPR: 0 | POS | FRA | 37 | 224.87 | 229.45 | 4.58=((x-106.33)-118.54) | 4.58 x 106.33 - 118.54 - = | 4.58:dollar x:dollar 106.33:dollar -:dollar 118.54:dollar -:dollar =:dollar
EXPR: 0 | POS | FRA | 37 | 224.87 | 220.29 | ((4.58+x)-106.33)=118.54 | 4.58 x + 106.33 - 118.54 = | 4.58:dollar x:dollar +:dollar 106.33:dollar -:dollar 118.54:dollar =:dollar
EXPR: 0 | POS | FRA | 37 | 224.87 | 16.79 | (106.33-4.58)=(118.54-x) | 106.33 4.58 - 118.54 x - = | 106.33:dollar 4.58:dollar -:dollar 118.54:dollar x:dollar -:dollar =:dollar
EXPR: 0 | POS | FRA | 37 | 224.87 | 7.63000000000001 | (4.58+(106.33+x))=118.54 | 4.58 106.33 x + + 118.54 = | 4.58:dollar 106.33:dollar x:dollar +:dollar +:dollar 118.54:dollar =:dollar
EXPR: 0 | POS | FRA | 37 | 224.87 | 220.29 | 4.58=((106.33-x)+118.54) | 4.58 106.33 x - 118.54 + = | 4.58:dollar 106.33:dollar x:dollar -:dollar 118.54:dollar +:dollar =:dollar
EXPR: 0 | POS | FRA | 37 | 224.87 | 7.63000000000001 | (106.33+4.58)=(118.54-x) | 106.33 4.58 + 118.54 x - = | 106.33:dollar 4.58:dollar +:dollar 118.54:dollar x:dollar -:dollar =:dollar
EXPR: 0 | POS | FRA | 37 | 224.87 | 7.63000000000001 | (x+4.58)=(118.54-106.33) | x 4.58 + 118.54 106.33 - = | x:dollar 4.58:dollar +:dollar 118.54:dollar 106.33:dollar -:dollar =:dollar
EXPR: 0 | POS | FRA | 37 | 224.87 | 220.29 | (x+4.58)=(118.54+106.33) | x 4.58 + 118.54 106.33 + = | x:dollar 4.58:dollar +:dollar 118.54:dollar 106.33:dollar +:dollar =:dollar
EXPR: 0 | POS | FRA | 37 | 224.87 | 220.29 | 4.58=(106.33-(x-118.54)) | 4.58 106.33 x 118.54 - - = | 4.58:dollar 106.33:dollar x:dollar 118.54:dollar -:dollar -:dollar =:dollar
EXPR: 0 | POS | FRA | 37 | 224.87 | 220.29 | (106.33-4.58)=(x-118.54) | 106.33 4.58 - x 118.54 - = | 106.33:dollar 4.58:dollar -:dollar x:dollar 118.54:dollar -:dollar =:dollar
EXPR: 0 | POS | FRA | 37 | 224.87 | 229.45 | (106.33+4.58)=(x-118.54) | 106.33 4.58 + x 118.54 - = | 106.33:dollar 4.58:dollar +:dollar x:dollar 118.54:dollar -:dollar =:dollar
EXPR: 0 | POS | FRA | 37 | 224.87 | 16.79 | (x-4.58)=(118.54-106.33) | x 4.58 - 118.54 106.33 - = | x:dollar 4.58:dollar -:dollar 118.54:dollar 106.33:dollar -:dollar =:dollar
EXPR: 0 | POS | FRA | 37 | 224.87 | 220.29 | (4.58-118.54)=(106.33-x) | 4.58 118.54 - 106.33 x - = | 4.58:dollar 118.54:dollar -:dollar 106.33:dollar x:dollar -:dollar =:dollar
EXPR: 0 | POS | FRA | 37 | 224.87 | 16.79 | 4.58=(106.33+(x-118.54)) | 4.58 106.33 x 118.54 - + = | 4.58:dollar 106.33:dollar x:dollar 118.54:dollar -:dollar +:dollar =:dollar
EXPR: 0 | POS | FRA | 47 | 224.87 | 220.29 | (4.58-106.33)=(118.54-x) | 4.58 106.33 - 118.54 x - = | 4.58:dollar 106.33:dollar -:dollar 118.54:dollar x:dollar -:dollar =:dollar
EXPR: 0 | POS | FRA | 47 | 224.87 | 16.79 | (4.58-x)=(106.33-118.54) | 4.58 x - 106.33 118.54 - = | 4.58:dollar x:dollar -:dollar 106.33:dollar 118.54:dollar -:dollar =:dollar
EXPR: 0 | POS | FRA | 47 | 224.87 | 16.79 | (4.58-106.33)=(x-118.54) | 4.58 106.33 - x 118.54 - = | 4.58:dollar 106.33:dollar -:dollar x:dollar 118.54:dollar -:dollar =:dollar
NET 232 unique, non-negative solutions found out of 480 total solutions
