parameters: n=9 l=4 k=1 p=5 q=2 m=10
TOTAL 248 solutions found
SOLN: CORRECT | POS/NEG | INT/FRA | OBJ-SCORE | TRUE-ANS | ANS | INFIX | POSTFIX | TYPED-POSTFIX
EXPR: 0 | POS | FRA | 0 | 22.58 | 43.43 | (((4*6.95)+7.90)+7.73)=x | 4 6.95 * 7.90 + 7.73 + x = | 4:game 6.95:dollar *:dollar 7.90:dollar +:dollar 7.73:dollar +:dollar x:dollar =:dollar
EXPR: 0 | POS | FRA | 0 | 22.58 | 51.67 | x=((4*(6.95+7.90))-7.73) | x 4 6.95 7.90 + * 7.73 - = | x:dollar 4:game 6.95:dollar 7.90:dollar +:dollar *:dollar 7.73:dollar -:dollar =:dollar
EXPR: 0 | POS | FRA | 0 | 22.58 | 90.32 | x=(4*((6.95+7.90)+7.73)) | x 4 6.95 7.90 + 7.73 + * = | x:dollar 4:game 6.95:dollar 7.90:dollar +:dollar 7.73:dollar +:dollar *:dollar =:dollar
EXPR: 0 | POS | FRA | 0 | 22.58 | 28.48 | x=(4*((6.95+7.90)-7.73)) | x 4 6.95 7.90 + 7.73 - * = | x:dollar 4:game 6.95:dollar 7.90:dollar +:dollar 7.73:dollar -:dollar *:dollar =:dollar
EXPR: 0 | POS | FRA | 0 | 22.58 | 67.13 | x=((4*(6.95+7.90))+7.73) | x 4 6.95 7.90 + * 7.73 + = | x:dollar 4:game 6.95:dollar 7.90:dollar +:dollar *:dollar 7.73:dollar +:dollar =:dollar
EXPR: 0 | POS | FRA | 0 | 22.58 | 27.97 | (((4*6.95)+7.90)-7.73)=x | 4 6.95 * 7.90 + 7.73 - x = | 4:game 6.95:dollar *:dollar 7.90:dollar +:dollar 7.73:dollar -:dollar x:dollar =:dollar
EXPR: 0 | POS | FRA | 0 | 22.58 | 12.17 | (((4*6.95)-7.90)-7.73)=x | 4 6.95 * 7.90 - 7.73 - x = | 4:game 6.95:dollar *:dollar 7.90:dollar -:dollar 7.73:dollar -:dollar x:dollar =:dollar
EXPR: 0 | POS | FRA | 0 | 22.58 | 3.93 | ((4*(6.95-7.90))+7.73)=x | 4 6.95 7.90 - * 7.73 + x = | 4:game 6.95:dollar 7.90:dollar -:dollar *:dollar 7.73:dollar +:dollar x:dollar =:dollar
EXPR: 0 | POS | FRA | 2 | 22.58 | 27.97 | ((4*6.95)+(7.90-x))=7.73 | 4 6.95 * 7.90 x - + 7.73 = | 4:game 6.95:dollar *:dollar 7.90:dollar x:dollar -:dollar +:dollar 7.73:dollar =:dollar
EXPR: 0 | POS | FRA | 10 | 22.58 | 24.1195569620253 | ((4-(6.95/7.90))*7.73)=x | 4 6.95 7.90 / - 7.73 * x = | 4:game 6.95:game 7.90:dollar /:game -:game 7.73:dollar *:dollar x:dollar =:dollar
EXPR: 0 | POS | FRA | 10 | 22.58 | 37.7204430379747 | ((4+(6.95/7.90))*7.73)=x | 4 6.95 7.90 / + 7.73 * x = | 4:game 6.95:game 7.90:dollar /:game +:game 7.73:dollar *:dollar x:dollar =:dollar
EXPR: 0 | POS | FRA | 10 | 22.58 | 78.775 | (((4+6.95)*7.90)-7.73)=x | 4 6.95 + 7.90 * 7.73 - x = | 4:game 6.95:game +:game 7.90:dollar *:dollar 7.73:dollar -:dollar x:dollar =:dollar
EXPR: 0 | POS | FRA | 10 | 22.58 | 1.8615 | ((4+6.95)*(7.90-7.73))=x | 4 6.95 + 7.90 7.73 - * x = | 4:game 6.95:game +:game 7.90:dollar 7.73:dollar -:dollar *:dollar x:dollar =:dollar
EXPR: 0 | POS | FRA | 10 | 22.58 | 27.63 | ((4*6.95)+(7.73-7.90))=x | 4 6.95 * 7.73 7.90 - + x = | 4:game 6.95:dollar *:dollar 7.73:dollar 7.90:dollar -:dollar +:dollar x:dollar =:dollar
EXPR: 0 | POS | FRA | 10 | 22.58 | 30.82 | ((4*7.90)+(6.95-7.73))=x | 4 7.90 * 6.95 7.73 - + x = | 4:game 7.90:dollar *:dollar 6.95:dollar 7.73:dollar -:dollar +:dollar x:dollar =:dollar
EXPR: 0 | POS | FRA | 20 | 22.58 | 12.68 | (((4-6.95)+7.73)+7.90)=x | 4 6.95 - 7.73 + 7.90 + x = | 4:dollar 6.95:dollar -:dollar 7.73:dollar +:dollar 7.90:dollar +:dollar x:dollar =:dollar
EXPR: 0 | POS | FRA | 20 | 22.58 | 434.514 | ((4*6.95)*(7.90+7.73))=x | 4 6.95 * 7.90 7.73 + * x = | 4:game 6.95:dollar *:dollar 7.90:game 7.73:game +:game *:dollar x:dollar =:dollar
EXPR: 0 | POS | FRA | 20 | 22.58 | 72.017 | x=((4+6.95)+(7.90*7.73)) | x 4 6.95 + 7.90 7.73 * + = | x:dollar 4:dollar 6.95:dollar +:dollar 7.90:dollar 7.73:game *:dollar +:dollar =:dollar
EXPR: 0 | POS | FRA | 20 | 22.58 | 12.68 | x=(((4-6.95)+7.73)+7.90) | x 4 6.95 - 7.73 + 7.90 + = | x:dollar 4:dollar 6.95:dollar -:dollar 7.73:dollar +:dollar 7.90:dollar +:dollar =:dollar
EXPR: 0 | POS | FRA | 20 | 22.58 | 85.3235 | ((4*7.90)+(6.95*7.73))=x | 4 7.90 * 6.95 7.73 * + x = | 4:game 7.90:dollar *:dollar 6.95:dollar 7.73:game *:dollar +:dollar x:dollar =:dollar
EXPR: 0 | POS | FRA | 20 | 22.58 | 1.9075 | x=((6.95/4)-(7.73-7.90)) | x 6.95 4 / 7.73 7.90 - - = | x:dollar 6.95:dollar 4:game /:dollar 7.73:dollar 7.90:dollar -:dollar -:dollar =:dollar
EXPR: 0 | POS | FRA | 20 | 22.58 | 0.5015 | x=((6.95-4)*(7.90-7.73)) | x 6.95 4 - 7.90 7.73 - * = | x:dollar 6.95:game 4:game -:game 7.90:dollar 7.73:dollar -:dollar *:dollar =:dollar
EXPR: 0 | POS | FRA | 22 | 22.58 | 10.78 | (((4-x)+6.95)+7.73)=7.90 | 4 x - 6.95 + 7.73 + 7.90 = | 4:dollar x:dollar -:dollar 6.95:dollar +:dollar 7.73:dollar +:dollar 7.90:dollar =:dollar
EXPR: 0 | POS | FRA | 22 | 22.58 | 1.19962675572144 | ((6.95-(4/7.90))*x)=7.73 | 6.95 4 7.90 / - x * 7.73 = | 6.95:game 4:game 7.90:dollar /:game -:game x:dollar *:dollar 7.73:dollar =:dollar
EXPR: 0 | POS | FRA | 22 | 22.58 | 0.200518806744488 | ((6.95+(4*7.90))*x)=7.73 | 6.95 4 7.90 * + x * 7.73 = | 6.95:game 4:game 7.90:dollar *:game +:game x:dollar *:dollar 7.73:dollar =:dollar
EXPR: 0 | POS | FRA | 25 | 22.58 | 24.648 | x=((4*7.90)*(7.73-6.95)) | x 4 7.90 * 7.73 6.95 - * = | x:dollar 4:game 7.90:dollar *:game 7.73:dollar 6.95:dollar -:dollar *:dollar =:dollar
EXPR: 0 | POS | FRA | 25 | 22.58 | 0.39493670886076 | x=((4/7.90)*(7.73-6.95)) | x 4 7.90 / 7.73 6.95 - * = | x:dollar 4:game 7.90:dollar /:game 7.73:dollar 6.95:dollar -:dollar *:dollar =:dollar
EXPR: 0 | POS | FRA | 25 | 22.58 | 32.38 | ((4*7.90)+(7.73-6.95))=x | 4 7.90 * 7.73 6.95 - + x = | 4:game 7.90:dollar *:dollar 7.73:dollar 6.95:dollar -:dollar +:dollar x:dollar =:dollar
EXPR: 0 | POS | FRA | 25 | 22.58 | 34.72 | x=(4*(7.90+(7.73-6.95))) | x 4 7.90 7.73 6.95 - + * = | x:dollar 4:game 7.90:dollar 7.73:dollar 6.95:dollar -:dollar +:dollar *:dollar =:dollar
EXPR: 0 | POS | FRA | 25 | 22.58 | 30.82 | x=((4*7.90)-(7.73-6.95)) | x 4 7.90 * 7.73 6.95 - - = | x:dollar 4:game 7.90:dollar *:dollar 7.73:dollar 6.95:dollar -:dollar -:dollar =:dollar
EXPR: 0 | POS | FRA | 27 | 22.58 | 29.97 | (((4*7.73)+6.95)-x)=7.90 | 4 7.73 * 6.95 + x - 7.90 = | 4:game 7.73:dollar *:dollar 6.95:dollar +:dollar x:dollar -:dollar 7.90:dollar =:dollar
EXPR: 0 | POS | FRA | 30 | 22.58 | 43.43 | (((4*6.95)+7.73)+7.90)=x | 4 6.95 * 7.73 + 7.90 + x = | 4:dollar 6.95:game *:dollar 7.73:dollar +:dollar 7.90:dollar +:dollar x:dollar =:dollar
EXPR: 0 | POS | FRA | 30 | 22.58 | 7.99936026936027 | x=((4/(6.95+7.90))+7.73) | x 4 6.95 7.90 + / 7.73 + = | x:dollar 4:dollar 6.95:game 7.90:game +:game /:dollar 7.73:dollar +:dollar =:dollar
EXPR: 0 | POS | FRA | 30 | 22.58 | 26.6185 | x=(6.95*((4-7.90)+7.73)) | x 6.95 4 7.90 - 7.73 + * = | x:dollar 6.95:game 4:dollar 7.90:dollar -:dollar 7.73:dollar +:dollar *:dollar =:dollar
EXPR: 0 | POS | FRA | 30 | 22.58 | 28.9815 | x=(6.95*(4+(7.90-7.73))) | x 6.95 4 7.90 7.73 - + * = | x:dollar 6.95:game 4:dollar 7.90:dollar 7.73:dollar -:dollar +:dollar *:dollar =:dollar
EXPR: 0 | POS | FRA | 30 | 22.58 | 27.157125 | x=((6.95/4)*(7.90+7.73)) | x 6.95 4 / 7.90 7.73 + * = | x:dollar 6.95:game 4:dollar /:game 7.90:dollar 7.73:dollar +:dollar *:dollar =:dollar
EXPR: 0 | POS | FRA | 30 | 22.58 | 3.97199223803364 | x=((6.95-4)+(7.90/7.73)) | x 6.95 4 - 7.90 7.73 / + = | x:dollar 6.95:dollar 4:dollar -:dollar 7.90:dollar 7.73:game /:dollar +:dollar =:dollar
EXPR: 0 | POS | FRA | 32 | 22.58 | 0.407594936708861 | 4=((x*7.90)-(6.95-7.73)) | 4 x 7.90 * 6.95 7.73 - - = | 4:dollar x:game 7.90:dollar *:dollar 6.95:dollar 7.73:dollar -:dollar -:dollar =:dollar
EXPR: 0 | POS | FRA | 32 | 22.58 | 1.40362225097025 | 6.95=((4-7.90)+(7.73*x)) | 6.95 4 7.90 - 7.73 x * + = | 6.95:dollar 4:dollar 7.90:dollar -:dollar 7.73:dollar x:game *:dollar +:dollar =:dollar
EXPR: 0 | POS | FRA | 35 | 22.58 | 31.87 | x=((7.90-6.95)+(4*7.73)) | x 7.90 6.95 - 4 7.73 * + = | x:dollar 7.90:dollar 6.95:dollar -:dollar 4:game 7.73:dollar *:dollar +:dollar =:dollar
EXPR: 0 | POS | FRA | 35 | 22.58 | 10.78 | x=(((4-7.90)+7.73)+6.95) | x 4 7.90 - 7.73 + 6.95 + = | x:dollar 4:dollar 7.90:dollar -:dollar 7.73:dollar +:dollar 6.95:dollar +:dollar =:dollar
EXPR: 0 | POS | FRA | 35 | 22.58 | 10.78 | x=((4+7.73)+(6.95-7.90)) | x 4 7.73 + 6.95 7.90 - + = | x:dollar 4:dollar 7.73:dollar +:dollar 6.95:dollar 7.90:dollar -:dollar +:dollar =:dollar
EXPR: 0 | POS | FRA | 35 | 22.58 | 22.813381294964 | ((4-(7.73/6.95))*7.90)=x | 4 7.73 6.95 / - 7.90 * x = | 4:game 7.73:game 6.95:dollar /:game -:game 7.90:dollar *:dollar x:dollar =:dollar
EXPR: 0 | POS | FRA | 37 | 22.58 | 0.428490325462786 | 7.90=((4-(x*6.95))*7.73) | 7.90 4 x 6.95 * - 7.73 * = | 7.90:dollar 4:game x:dollar 6.95:game *:game -:game 7.73:dollar *:dollar =:dollar
EXPR: 0 | POS | FRA | 37 | 22.58 | 3.042 | ((x/(4-7.90))+7.73)=6.95 | x 4 7.90 - / 7.73 + 6.95 = | x:dollar 4:game 7.90:game -:game /:dollar 7.73:dollar +:dollar 6.95:dollar =:dollar
EXPR: 0 | POS | FRA | 37 | 22.58 | 3.90126582278481 | (((x-4)*7.90)+7.73)=6.95 | x 4 - 7.90 * 7.73 + 6.95 = | x:game 4:game -:game 7.90:dollar *:dollar 7.73:dollar +:dollar 6.95:dollar =:dollar
EXPR: 0 | POS | FRA | 37 | 22.58 | 6.27651321398124 | ((4+7.73)*(6.95-x))=7.90 | 4 7.73 + 6.95 x - * 7.90 = | 4:game 7.73:game +:game 6.95:dollar x:dollar -:dollar *:dollar 7.90:dollar =:dollar
EXPR: 0 | POS | FRA | 37 | 22.58 | 36.8823529411765 | ((4+x)*(7.90-7.73))=6.95 | 4 x + 7.90 7.73 - * 6.95 = | 4:game x:game +:game 7.90:dollar 7.73:dollar -:dollar *:dollar 6.95:dollar =:dollar
EXPR: 0 | POS | FRA | 40 | 22.58 | 26.6185 | x=(6.95*(4+(7.73-7.90))) | x 6.95 4 7.73 7.90 - + * = | x:dollar 6.95:game 4:dollar 7.73:dollar 7.90:dollar -:dollar +:dollar *:dollar =:dollar
EXPR: 0 | POS | FRA | 42 | 22.58 | 0.964596263120834 | ((4/7.90)+6.95)=(x*7.73) | 4 7.90 / 6.95 + x 7.73 * = | 4:game 7.90:dollar /:game 6.95:game +:game x:dollar 7.73:game *:game =:game
EXPR: 0 | POS | FRA | 42 | 22.58 | 57.6235 | (x+4)=(7.90+(6.95*7.73)) | x 4 + 7.90 6.95 7.73 * + = | x:dollar 4:dollar +:dollar 7.90:dollar 6.95:dollar 7.73:game *:dollar +:dollar =:dollar
EXPR: 0 | POS | FRA | 42 | 22.58 | 3.92848101265823 | (x+(4-6.95))=(7.73/7.90) | x 4 6.95 - + 7.73 7.90 / = | x:dollar 4:dollar 6.95:dollar -:dollar +:dollar 7.73:dollar 7.90:game /:dollar =:dollar
EXPR: 0 | POS | FRA | 42 | 22.58 | 392.81565 | 4=((6.95*7.73)-(x/7.90)) | 4 6.95 7.73 * x 7.90 / - = | 4:dollar 6.95:dollar 7.73:game *:dollar x:dollar 7.90:game /:dollar -:dollar =:dollar
EXPR: 0 | POS | FRA | 45 | 22.58 | 459.162 | x=((4*7.73)*(6.95+7.90)) | x 4 7.73 * 6.95 7.90 + * = | x:dollar 4:dollar 7.73:game *:game 6.95:dollar 7.90:dollar +:dollar *:dollar =:dollar
EXPR: 0 | POS | FRA | 45 | 22.58 | 43.175 | (((6.95*7.90)-4)-7.73)=x | 6.95 7.90 * 4 - 7.73 - x = | 6.95:game 7.90:dollar *:dollar 4:dollar -:dollar 7.73:dollar -:dollar x:dollar =:dollar
EXPR: 0 | POS | FRA | 45 | 22.58 | 25.438 | x=(7.90*(4+(6.95-7.73))) | x 7.90 4 6.95 7.73 - + * = | x:dollar 7.90:game 4:dollar 6.95:dollar 7.73:dollar -:dollar +:dollar *:dollar =:dollar
EXPR: 0 | POS | FRA | 45 | 22.58 | 45.77 | x=((4*7.73)+(6.95+7.90)) | x 4 7.73 * 6.95 7.90 + + = | x:dollar 4:dollar 7.73:game *:dollar 6.95:dollar 7.90:dollar +:dollar +:dollar =:dollar
EXPR: 0 | POS | FRA | 45 | 22.58 | 15.3674644243208 | x=((4/7.73)+(6.95+7.90)) | x 4 7.73 / 6.95 7.90 + + = | x:dollar 4:dollar 7.73:game /:dollar 6.95:dollar 7.90:dollar +:dollar +:dollar =:dollar
EXPR: 0 | POS | FRA | 47 | 22.58 | 1.42739726027397 | 7.90=((x*(4+6.95))-7.73) | 7.90 x 4 6.95 + * 7.73 - = | 7.90:dollar x:game 4:dollar 6.95:dollar +:dollar *:dollar 7.73:dollar -:dollar =:dollar
EXPR: 0 | POS | FRA | 47 | 22.58 | 12.9175 | 7.73=(4*(6.95+(7.90-x))) | 7.73 4 6.95 7.90 x - + * = | 7.73:dollar 4:game 6.95:dollar 7.90:dollar x:dollar -:dollar +:dollar *:dollar =:dollar
EXPR: 0 | POS | FRA | 47 | 22.58 | 27.63 | (7.90+(x-(4*6.95)))=7.73 | 7.90 x 4 6.95 * - + 7.73 = | 7.90:dollar x:dollar 4:dollar 6.95:game *:dollar -:dollar +:dollar 7.73:dollar =:dollar
EXPR: 0 | POS | FRA | 47 | 22.58 | 27.97 | ((x+7.73)-(4*6.95))=7.90 | x 7.73 + 4 6.95 * - 7.90 = | x:dollar 7.73:dollar +:dollar 4:game 6.95:dollar *:dollar -:dollar 7.90:dollar =:dollar
EXPR: 0 | POS | FRA | 47 | 22.58 | 18.58 | (x+4)=(7.73+(6.95+7.90)) | x 4 + 7.73 6.95 7.90 + + = | x:dollar 4:dollar +:dollar 7.73:dollar 6.95:dollar 7.90:dollar +:dollar +:dollar =:dollar
EXPR: 0 | POS | FRA | 47 | 22.58 | 1.695 | (((x*4)+7.90)-7.73)=6.95 | x 4 * 7.90 + 7.73 - 6.95 = | x:game 4:dollar *:dollar 7.90:dollar +:dollar 7.73:dollar -:dollar 6.95:dollar =:dollar
EXPR: 0 | POS | FRA | 47 | 22.58 | 3.3435 | (((x+4)/7.73)+6.95)=7.90 | x 4 + 7.73 / 6.95 + 7.90 = | x:dollar 4:dollar +:dollar 7.73:game /:dollar 6.95:dollar +:dollar 7.90:dollar =:dollar
EXPR: 0 | POS | FRA | 47 | 22.58 | 2.45341614906832 | 7.90=(x*(4+(6.95-7.73))) | 7.90 x 4 6.95 7.73 - + * = | 7.90:dollar x:dollar 4:game 6.95:game 7.73:game -:game +:game *:dollar =:dollar
EXPR: 0 | POS | FRA | 47 | 22.58 | 25.438 | 7.90=(x/(4+(6.95-7.73))) | 7.90 x 4 6.95 7.73 - + / = | 7.90:dollar x:dollar 4:game 6.95:game 7.73:game -:game +:game /:dollar =:dollar
EXPR: 0 | POS | FRA | 47 | 22.58 | 1.78 | ((x*4)+(7.73-6.95))=7.90 | x 4 * 7.73 6.95 - + 7.90 = | x:game 4:dollar *:dollar 7.73:dollar 6.95:dollar -:dollar +:dollar 7.90:dollar =:dollar
EXPR: 0 | POS | FRA | 47 | 22.58 | 52.9725 | 4=(7.73/((6.95*7.90)-x)) | 4 7.73 6.95 7.90 * x - / = | 4:game 7.73:game 6.95:dollar 7.90:game *:dollar x:dollar -:dollar /:game =:game
EXPR: 0 | POS | FRA | 47 | 22.58 | 12.9175 | 7.73=(4*((6.95+7.90)-x)) | 7.73 4 6.95 7.90 + x - * = | 7.73:dollar 4:game 6.95:dollar 7.90:dollar +:dollar x:dollar -:dollar *:dollar =:dollar
EXPR: 0 | POS | FRA | 47 | 22.58 | 2.15258855585831 | 7.90=((x/4)*(6.95+7.73)) | 7.90 x 4 / 6.95 7.73 + * = | 7.90:dollar x:game 4:dollar /:game 6.95:dollar 7.73:dollar +:dollar *:dollar =:dollar
EXPR: 0 | POS | FRA | 47 | 22.58 | 28.9815 | (x/((4+7.90)-7.73))=6.95 | x 4 7.90 + 7.73 - / 6.95 = | x:dollar 4:game 7.90:game +:game 7.73:game -:game /:dollar 6.95:dollar =:dollar
EXPR: 0 | POS | FRA | 47 | 22.58 | 2.45341614906832 | (x*(4-(7.73-6.95)))=7.90 | x 4 7.73 6.95 - - * 7.90 = | x:game 4:dollar 7.73:dollar 6.95:dollar -:dollar -:dollar *:dollar 7.90:dollar =:dollar
EXPR: 0 | POS | FRA | 50 | 22.58 | 58.5013777490298 | x=(6.95*((4/7.73)+7.90)) | x 6.95 4 7.73 / 7.90 + * = | x:dollar 6.95:game 4:dollar 7.73:game /:dollar 7.90:dollar +:dollar *:dollar =:dollar
EXPR: 0 | POS | FRA | 50 | 22.58 | 7.43291139240506 | x=((4/7.90)*(6.95+7.73)) | x 4 7.90 / 6.95 7.73 + * = | x:dollar 4:dollar 7.90:game /:dollar 6.95:game 7.73:game +:game *:dollar =:dollar
EXPR: 0 | POS | FRA | 50 | 22.58 | 3.042 | x=((7.90-4)*(7.73-6.95)) | x 7.90 4 - 7.73 6.95 - * = | x:dollar 7.90:game 4:game -:game 7.73:dollar 6.95:dollar -:dollar *:dollar =:dollar
EXPR: 0 | POS | FRA | 52 | 22.58 | 0.706839562674803 | 6.95=(x*((7.73/4)+7.90)) | 6.95 x 7.73 4 / 7.90 + * = | 6.95:dollar x:game 7.73:dollar 4:game /:dollar 7.90:dollar +:dollar *:dollar =:dollar
EXPR: 0 | POS | FRA | 52 | 22.58 | 26.58 | 7.90=(x-((4+7.73)+6.95)) | 7.90 x 4 7.73 + 6.95 + - = | 7.90:dollar x:dollar 4:dollar 7.73:dollar +:dollar 6.95:dollar +:dollar -:dollar =:dollar
EXPR: 0 | POS | FRA | 52 | 22.58 | 3.98123324396783 | 6.95=((x*(7.73-4))-7.90) | 6.95 x 7.73 4 - * 7.90 - = | 6.95:dollar x:dollar 7.73:game 4:game -:game *:dollar 7.90:dollar -:dollar =:dollar
EXPR: 0 | POS | FRA | 52 | 22.58 | 55.3905000000001 | 6.95=((x/(7.73-4))-7.90) | 6.95 x 7.73 4 - / 7.90 - = | 6.95:dollar x:dollar 7.73:game 4:game -:game /:dollar 7.90:dollar -:dollar =:dollar
EXPR: 0 | POS | FRA | 52 | 22.58 | 0.833592611394043 | (4/7.90)=(6.95-(x*7.73)) | 4 7.90 / 6.95 x 7.73 * - = | 4:dollar 7.90:game /:dollar 6.95:dollar x:dollar 7.73:game *:dollar -:dollar =:dollar
EXPR: 0 | POS | FRA | 55 | 22.58 | 7.20591810620601 | x=((4/(7.90+7.73))+6.95) | x 4 7.90 7.73 + / 6.95 + = | x:dollar 4:dollar 7.90:game 7.73:game +:game /:dollar 6.95:dollar +:dollar =:dollar
EXPR: 0 | POS | FRA | 55 | 22.58 | 272.068 | x=((6.95+(7.90*7.73))*4) | x 6.95 7.90 7.73 * + 4 * = | x:dollar 6.95:dollar 7.90:dollar 7.73:game *:dollar +:dollar 4:game *:dollar =:dollar
EXPR: 0 | POS | FRA | 55 | 22.58 | 11.9284810126582 | x=(4+((7.73/7.90)+6.95)) | x 4 7.73 7.90 / 6.95 + + = | x:dollar 4:dollar 7.73:dollar 7.90:game /:dollar 6.95:dollar +:dollar +:dollar =:dollar
EXPR: 0 | POS | FRA | 55 | 22.58 | 26.58 | (((6.95+7.90)+7.73)+4)=x | 6.95 7.90 + 7.73 + 4 + x = | 6.95:dollar 7.90:dollar +:dollar 7.73:dollar +:dollar 4:dollar +:dollar x:dollar =:dollar
EXPR: 0 | POS | FRA | 55 | 22.58 | 32.38 | x=((7.73-6.95)+(4*7.90)) | x 7.73 6.95 - 4 7.90 * + = | x:dollar 7.73:dollar 6.95:dollar -:dollar 4:game 7.90:dollar *:dollar +:dollar =:dollar
EXPR: 0 | POS | FRA | 57 | 22.58 | 2.78 | 7.73=(4-(6.95-(x+7.90))) | 7.73 4 6.95 x 7.90 + - - = | 7.73:dollar 4:dollar 6.95:dollar x:dollar 7.90:dollar +:dollar -:dollar -:dollar =:dollar
EXPR: 0 | POS | FRA | 57 | 22.58 | 28.8219922380336 | 7.90=((x-(4*6.95))*7.73) | 7.90 x 4 6.95 * - 7.73 * = | 7.90:dollar x:game 4:dollar 6.95:game *:game -:game 7.73:dollar *:dollar =:dollar
EXPR: 0 | POS | FRA | 57 | 22.58 | 0.9825 | 7.73=(4*(x+(7.90-6.95))) | 7.73 4 x 7.90 6.95 - + * = | 7.73:dollar 4:game x:dollar 7.90:dollar 6.95:dollar -:dollar +:dollar *:dollar =:dollar
EXPR: 0 | POS | FRA | 57 | 22.58 | 0.131228248875308 | 7.73=((4+(6.95*7.90))*x) | 7.73 4 6.95 7.90 * + x * = | 7.73:dollar 4:game 6.95:dollar 7.90:game *:game +:game x:dollar *:dollar =:dollar
EXPR: 0 | POS | FRA | 57 | 22.58 | 0.0739139272317386 | 4=(x*((7.90*7.73)-6.95)) | 4 x 7.90 7.73 * 6.95 - * = | 4:dollar x:dollar 7.90:dollar 7.73:game *:game 6.95:game -:game *:dollar =:dollar
EXPR: 0 | POS | FRA | 57 | 22.58 | 216.468 | 4=(x/((7.90*7.73)-6.95)) | 4 x 7.90 7.73 * 6.95 - / = | 4:dollar x:dollar 7.90:dollar 7.73:game *:game 6.95:game -:game /:dollar =:dollar
EXPR: 0 | POS | FRA | 57 | 22.58 | 78.775 | 7.73=(((4+6.95)*7.90)-x) | 7.73 4 6.95 + 7.90 * x - = | 7.73:dollar 4:game 6.95:game +:game 7.90:dollar *:dollar x:dollar -:dollar =:dollar
EXPR: 0 | POS | FRA | 57 | 22.58 | 2.78 | 7.73=((4-6.95)+(7.90+x)) | 7.73 4 6.95 - 7.90 x + + = | 7.73:dollar 4:dollar 6.95:dollar -:dollar 7.90:dollar x:dollar +:dollar +:dollar =:dollar
EXPR: 0 | POS | FRA | 57 | 22.58 | 15.575 | ((7.90*(6.95-4))-x)=7.73 | 7.90 6.95 4 - * x - 7.73 = | 7.90:game 6.95:dollar 4:dollar -:dollar *:dollar x:dollar -:dollar 7.73:dollar =:dollar
EXPR: 0 | POS | FRA | 60 | 22.58 | 27.63 | (((4*6.95)+7.73)-7.90)=x | 4 6.95 * 7.73 + 7.90 - x = | 4:dollar 6.95:game *:game 7.73:game +:game 7.90:game -:game x:game =:game
EXPR: 0 | POS | FRA | 60 | 22.58 | 26.6185 | x=(6.95*(7.73+(4-7.90))) | x 6.95 7.73 4 7.90 - + * = | x:dollar 6.95:game 7.73:dollar 4:dollar 7.90:dollar -:dollar +:dollar *:dollar =:dollar
EXPR: 0 | POS | FRA | 65 | 22.58 | 35.1963777490298 | x=(((6.95/7.73)+7.90)*4) | x 6.95 7.73 / 7.90 + 4 * = | x:dollar 6.95:dollar 7.73:game /:dollar 7.90:dollar +:dollar 4:game *:dollar =:dollar
EXPR: 0 | POS | FRA | 65 | 22.58 | 9.76327077747989 | (7.90+(6.95/(7.73-4)))=x | 7.90 6.95 7.73 4 - / + x = | 7.90:dollar 6.95:dollar 7.73:game 4:game -:game /:dollar +:dollar x:dollar =:dollar
EXPR: 0 | POS | FRA | 65 | 22.58 | 20.9995569620253 | x=((4-(7.73/7.90))*6.95) | x 4 7.73 7.90 / - 6.95 * = | x:dollar 4:dollar 7.73:dollar 7.90:game /:dollar -:dollar 6.95:game *:dollar =:dollar
EXPR: 0 | POS | FRA | 65 | 22.58 | 0.434750933430471 | x=((4-(7.73/7.90))/6.95) | x 4 7.73 7.90 / - 6.95 / = | x:dollar 4:dollar 7.73:dollar 7.90:game /:dollar -:dollar 6.95:game /:dollar =:dollar
EXPR: 0 | POS | FRA | 65 | 22.58 | 0.716328203260177 | x=((4+(7.73/7.90))/6.95) | x 4 7.73 7.90 / + 6.95 / = | x:dollar 4:dollar 7.73:dollar 7.90:game /:dollar +:dollar 6.95:game /:dollar =:dollar
EXPR: 0 | POS | FRA | 65 | 22.58 | 4.96794871794872 | ((7.73/(4-7.90))+6.95)=x | 7.73 4 7.90 - / 6.95 + x = | 7.73:dollar 4:game 7.90:game -:game /:dollar 6.95:dollar +:dollar x:dollar =:dollar
EXPR: 0 | POS | FRA | 65 | 22.58 | 204.79565 | x=((6.95*7.90)*(7.73-4)) | x 6.95 7.90 * 7.73 4 - * = | x:dollar 6.95:game 7.90:dollar *:game 7.73:dollar 4:dollar -:dollar *:dollar =:dollar
EXPR: 0 | POS | FRA | 67 | 22.58 | 2.80044303797467 | 6.95=((7.90/7.73)*(4+x)) | 6.95 7.90 7.73 / 4 x + * = | 6.95:dollar 7.90:dollar 7.73:game /:dollar 4:game x:game +:game *:dollar =:dollar
EXPR: 0 | POS | FRA | 67 | 22.58 | 2.82446043165468 | (((6.95*x)-7.90)-7.73)=4 | 6.95 x * 7.90 - 7.73 - 4 = | 6.95:game x:dollar *:dollar 7.90:dollar -:dollar 7.73:dollar -:dollar 4:dollar =:dollar
EXPR: 0 | POS | FRA | 67 | 22.58 | 0.739700374531835 | 7.73=((4-6.95)+(7.90/x)) | 7.73 4 6.95 - 7.90 x / + = | 7.73:dollar 4:dollar 6.95:dollar -:dollar 7.90:dollar x:game /:dollar +:dollar =:dollar
EXPR: 0 | POS | FRA | 67 | 22.58 | 4.68 | ((7.73-4)-x)=(6.95-7.90) | 7.73 4 - x - 6.95 7.90 - = | 7.73:dollar 4:dollar -:dollar x:dollar -:dollar 6.95:dollar 7.90:dollar -:dollar =:dollar
EXPR: 0 | POS | FRA | 67 | 22.58 | 0.745539568345324 | 7.73=((4/6.95)+(7.90-x)) | 7.73 4 6.95 / 7.90 x - + = | 7.73:dollar 4:dollar 6.95:game /:dollar 7.90:dollar x:dollar -:dollar +:dollar =:dollar
EXPR: 0 | POS | FRA | 67 | 22.58 | 0.177147918511957 | 7.73=((4/x)-(6.95+7.90)) | 7.73 4 x / 6.95 7.90 + - = | 7.73:dollar 4:dollar x:game /:dollar 6.95:dollar 7.90:dollar +:dollar -:dollar =:dollar
EXPR: 0 | POS | FRA | 67 | 22.58 | 12.1368421052632 | 7.73=((x-4)*(7.90-6.95)) | 7.73 x 4 - 7.90 6.95 - * = | 7.73:dollar x:game 4:game -:game 7.90:dollar 6.95:dollar -:dollar *:dollar =:dollar
EXPR: 0 | POS | FRA | 67 | 22.58 | 3.98123324396783 | ((x*(7.73-4))-6.95)=7.90 | x 7.73 4 - * 6.95 - 7.90 = | x:game 7.73:dollar 4:dollar -:dollar *:dollar 6.95:dollar -:dollar 7.90:dollar =:dollar
EXPR: 0 | POS | FRA | 70 | 22.58 | 26.58 | (7.90+(7.73+(4+6.95)))=x | 7.90 7.73 4 6.95 + + + x = | 7.90:dollar 7.73:dollar 4:dollar 6.95:dollar +:dollar +:dollar +:dollar x:dollar =:dollar
EXPR: 0 | POS | FRA | 70 | 22.58 | 7.19406392694064 | (7.90-(7.73/(4+6.95)))=x | 7.90 7.73 4 6.95 + / - x = | 7.90:dollar 7.73:dollar 4:game 6.95:game +:game /:dollar -:dollar x:dollar =:dollar
EXPR: 0 | POS | FRA | 72 | 22.58 | 0.176709890668701 | 6.95=((7.73+(4*7.90))*x) | 6.95 7.73 4 7.90 * + x * = | 6.95:dollar 7.73:game 4:dollar 7.90:game *:game +:game x:dollar *:dollar =:dollar
EXPR: 0 | POS | FRA | 72 | 22.58 | 4.51457983193277 | (6.95*7.73)=((4+7.90)*x) | 6.95 7.73 * 4 7.90 + x * = | 6.95:game 7.73:dollar *:dollar 4:game 7.90:game +:game x:dollar *:dollar =:dollar
EXPR: 0 | POS | FRA | 72 | 22.58 | 11.12 | 7.90=((7.73-(4+6.95))+x) | 7.90 7.73 4 6.95 + - x + = | 7.90:dollar 7.73:dollar 4:dollar 6.95:dollar +:dollar -:dollar x:dollar +:dollar =:dollar
EXPR: 0 | POS | FRA | 72 | 22.58 | 4.83203753351206 | 7.90=((7.73-4)*(6.95-x)) | 7.90 7.73 4 - 6.95 x - * = | 7.90:dollar 7.73:game 4:game -:game 6.95:dollar x:dollar -:dollar *:dollar =:dollar
EXPR: 0 | POS | FRA | 75 | 22.58 | 16.92 | (((4*7.90)-7.73)-6.95)=x | 4 7.90 * 7.73 - 6.95 - x = | 4:dollar 7.90:game *:game 7.73:game -:game 6.95:game -:game x:game =:game
EXPR: 0 | POS | FRA | 77 | 22.58 | 9.3621582733813 | 6.95=(((7.90*7.73)+4)/x) | 6.95 7.90 7.73 * 4 + x / = | 6.95:dollar 7.90:game 7.73:dollar *:dollar 4:dollar +:dollar x:game /:dollar =:dollar
EXPR: 0 | POS | FRA | 77 | 22.58 | 8.21107913669065 | 6.95=(((7.90*7.73)-4)/x) | 6.95 7.90 7.73 * 4 - x / = | 6.95:dollar 7.90:game 7.73:dollar *:dollar 4:dollar -:dollar x:game /:dollar =:dollar
EXPR: 0 | POS | FRA | 77 | 22.58 | 3.5435 | ((x/(6.95-7.90))+7.73)=4 | x 6.95 7.90 - / 7.73 + 4 = | x:dollar 6.95:game 7.90:game -:game /:dollar 7.73:dollar +:dollar 4:dollar =:dollar
EXPR: 0 | POS | FRA | 77 | 22.58 | 1.56161616161616 | 7.73=(x*((4+7.90)-6.95)) | 7.73 x 4 7.90 + 6.95 - * = | 7.73:dollar x:game 4:dollar 7.90:dollar +:dollar 6.95:dollar -:dollar *:dollar =:dollar
EXPR: 0 | POS | FRA | 77 | 22.58 | 6.47784810126582 | (((x-6.95)*7.90)+7.73)=4 | x 6.95 - 7.90 * 7.73 + 4 = | x:game 6.95:game -:game 7.90:dollar *:dollar 7.73:dollar +:dollar 4:dollar =:dollar
EXPR: 0 | POS | FRA | 77 | 22.58 | 4.51457983193278 | ((x/7.73)*(4+7.90))=6.95 | x 7.73 / 4 7.90 + * 6.95 = | x:game 7.73:dollar /:game 4:dollar 7.90:dollar +:dollar *:dollar 6.95:dollar =:dollar
EXPR: 0 | POS | FRA | 82 | 22.58 | 5.6589928057554 | 6.95=((7.73+(4*7.90))/x) | 6.95 7.73 4 7.90 * + x / = | 6.95:game 7.73:game 4:dollar 7.90:game *:game +:game x:dollar /:game =:game
EXPR: 0 | POS | FRA | 87 | 22.58 | 0.605901101903288 | 7.73=(6.95*((4/7.90)+x)) | 7.73 6.95 4 7.90 / x + * = | 7.73:dollar 6.95:game 4:dollar 7.90:game /:dollar x:dollar +:dollar *:dollar =:dollar
EXPR: 0 | POS | FRA | 87 | 22.58 | 8.31403361344538 | ((x-7.73)*(4+7.90))=6.95 | x 7.73 - 4 7.90 + * 6.95 = | x:game 7.73:game -:game 4:dollar 7.90:dollar +:dollar *:dollar 6.95:dollar =:dollar
EXPR: 0 | POS | FRA | 90 | 22.58 | 26.6185 | ((7.73-(7.90-4))*6.95)=x | 7.73 7.90 4 - - 6.95 * x = | 7.73:game 7.90:game 4:game -:game -:game 6.95:dollar *:dollar x:dollar =:dollar
EXPR: 0 | POS | FRA | 90 | 22.58 | 80.8285 | ((7.73+(7.90-4))*6.95)=x | 7.73 7.90 4 - + 6.95 * x = | 7.73:game 7.90:game 4:game -:game +:game 6.95:dollar *:dollar x:dollar =:dollar
EXPR: 0 | POS | FRA | 92 | 22.58 | 19.375 | 7.73=((6.95*(7.90-4))-x) | 7.73 6.95 7.90 4 - * x - = | 7.73:dollar 6.95:game 7.90:dollar 4:dollar -:dollar *:dollar x:dollar -:dollar =:dollar
EXPR: 0 | POS | FRA | 92 | 22.58 | 0.739700374531835 | 7.90=(x*(7.73+(6.95-4))) | 7.90 x 7.73 6.95 4 - + * = | 7.90:dollar x:game 7.73:dollar 6.95:dollar 4:dollar -:dollar +:dollar *:dollar =:dollar
EXPR: 0 | POS | FRA | 102 | 22.58 | 15.575 | 7.73=((7.90*(6.95-4))-x) | 7.73 7.90 6.95 4 - * x - = | 7.73:dollar 7.90:game 6.95:dollar 4:dollar -:dollar *:dollar x:dollar -:dollar =:dollar
EXPR: 0 | POS | FRA | 102 | 22.58 | 0.722588811227861 | 7.90=(7.73*((x*6.95)-4)) | 7.90 7.73 x 6.95 * 4 - * = | 7.90:dollar 7.73:game x:game 6.95:dollar *:dollar 4:dollar -:dollar *:dollar =:dollar
NET 134 unique, non-negative solutions found out of 248 total solutions
