parameters: n=9 l=4 k=1 p=5 q=2 m=10
TOTAL 695 solutions found
SOLN: CORRECT | POS/NEG | INT/FRA | OBJ-SCORE | TRUE-ANS | ANS | INFIX | POSTFIX | TYPED-POSTFIX
EXPR: 0 | POS | INT | 0 | 24 | 30 | (((9+8)-7)*3)=x | 9 8 + 7 - 3 * x = | 9:game 8:game +:game 7:game -:game 3:dollar *:game x:game =:game
EXPR: 0 | POS | INT | 0 | 24 | 4 | (9-((8+7)/3))=x | 9 8 7 + 3 / - x = | 9:game 8:game 7:game +:game 3:dollar /:game -:game x:game =:game
EXPR: 0 | POS | INT | 0 | 24 | 72 | x=((9+(8+7))*3) | x 9 8 7 + + 3 * = | x:game 9:game 8:game 7:game +:game +:game 3:dollar *:game =:game
EXPR: 0 | POS | INT | 0 | 24 | 22 | (9-(8-(7*3)))=x | 9 8 7 3 * - - x = | 9:game 8:game 7:game 3:dollar *:game -:game -:game x:game =:game
EXPR: 0 | POS | INT | 0 | 24 | 38 | (9+(8+(7*3)))=x | 9 8 7 3 * + + x = | 9:game 8:game 7:game 3:dollar *:game +:game +:game x:game =:game
EXPR: 0 | POS | INT | 0 | 24 | 14 | (9+((8+7)/3))=x | 9 8 7 + 3 / + x = | 9:game 8:game 7:game +:game 3:dollar /:game +:game x:game =:game
EXPR: 0 | POS | INT | 0 | 24 | 8 | x=((9+(8+7))/3) | x 9 8 7 + + 3 / = | x:game 9:game 8:game 7:game +:game +:game 3:dollar /:game =:game
EXPR: 0 | POS | INT | 0 | 24 | 22 | ((9-8)+(7*3))=x | 9 8 - 7 3 * + x = | 9:game 8:game -:game 7:game 3:dollar *:game +:game x:game =:game
EXPR: 1 | POS | INT | 0 | 24 | 24 | (((9-8)+7)*3)=x | 9 8 - 7 + 3 * x = | 9:game 8:game -:game 7:game +:game 3:dollar *:game x:game =:game
EXPR: 0 | POS | INT | 0 | 24 | 8 | (((9+8)+7)/3)=x | 9 8 + 7 + 3 / x = | 9:game 8:game +:game 7:game +:game 3:dollar /:game x:game =:game
EXPR: 0 | POS | INT | 0 | 24 | 54 | (9+((8+7)*3))=x | 9 8 7 + 3 * + x = | 9:game 8:game 7:game +:game 3:dollar *:game +:game x:game =:game
EXPR: 0 | POS | INT | 0 | 24 | 12 | (9+((8-7)*3))=x | 9 8 7 - 3 * + x = | 9:game 8:game 7:game -:game 3:dollar *:game +:game x:game =:game
EXPR: 0 | POS | INT | 0 | 24 | 38 | ((9+8)+(7*3))=x | 9 8 + 7 3 * + x = | 9:game 8:game +:game 7:game 3:dollar *:game +:game x:game =:game
EXPR: 0 | POS | INT | 0 | 24 | 12 | x=(9+((8-7)*3)) | x 9 8 7 - 3 * + = | x:game 9:game 8:game 7:game -:game 3:dollar *:game +:game =:game
EXPR: 0 | POS | INT | 0 | 24 | 72 | (((9+8)+7)*3)=x | 9 8 + 7 + 3 * x = | 9:game 8:game +:game 7:game +:game 3:dollar *:game x:game =:game
EXPR: 0 | POS | INT | 0 | 24 | 6 | (9-((8-7)*3))=x | 9 8 7 - 3 * - x = | 9:game 8:game 7:game -:game 3:dollar *:game -:game x:game =:game
EXPR: 0 | POS | INT | 0 | 24 | 54 | x=(9+((8+7)*3)) | x 9 8 7 + 3 * + = | x:game 9:game 8:game 7:game +:game 3:dollar *:game +:game =:game
EXPR: 0 | POS | INT | 0 | 24 | 14 | x=(9+((8+7)/3)) | x 9 8 7 + 3 / + = | x:game 9:game 8:game 7:game +:game 3:dollar /:game +:game =:game
EXPR: 0 | POS | INT | 0 | 24 | 38 | x=(9+(8+(7*3))) | x 9 8 7 3 * + + = | x:game 9:game 8:game 7:game 3:dollar *:game +:game +:game =:game
EXPR: 0 | POS | INT | 0 | 24 | 22 | x=(9-(8-(7*3))) | x 9 8 7 3 * - - = | x:game 9:game 8:game 7:game 3:dollar *:game -:game -:game =:game
EXPR: 0 | POS | INT | 0 | 24 | 4 | x=(9-((8+7)/3)) | x 9 8 7 + 3 / - = | x:game 9:game 8:game 7:game +:game 3:dollar /:game -:game =:game
EXPR: 0 | POS | INT | 0 | 24 | 22 | x=((9-8)+(7*3)) | x 9 8 - 7 3 * + = | x:game 9:game 8:game -:game 7:game 3:dollar *:game +:game =:game
EXPR: 0 | POS | INT | 0 | 24 | 8 | x=(((9+8)+7)/3) | x 9 8 + 7 + 3 / = | x:game 9:game 8:game +:game 7:game +:game 3:dollar /:game =:game
EXPR: 1 | POS | INT | 0 | 24 | 24 | x=(((9-8)+7)*3) | x 9 8 - 7 + 3 * = | x:game 9:game 8:game -:game 7:game +:game 3:dollar *:game =:game
EXPR: 0 | POS | INT | 0 | 24 | 72 | x=(((9+8)+7)*3) | x 9 8 + 7 + 3 * = | x:game 9:game 8:game +:game 7:game +:game 3:dollar *:game =:game
EXPR: 0 | POS | INT | 0 | 24 | 38 | x=((9+8)+(7*3)) | x 9 8 + 7 3 * + = | x:game 9:game 8:game +:game 7:game 3:dollar *:game +:game =:game
EXPR: 0 | POS | INT | 0 | 24 | 30 | x=(((9+8)-7)*3) | x 9 8 + 7 - 3 * = | x:game 9:game 8:game +:game 7:game -:game 3:dollar *:game =:game
EXPR: 0 | POS | INT | 0 | 24 | 30 | ((9+(8-7))*3)=x | 9 8 7 - + 3 * x = | 9:game 8:game 7:game -:game +:game 3:dollar *:game x:game =:game
EXPR: 0 | POS | INT | 0 | 24 | 72 | ((9+(8+7))*3)=x | 9 8 7 + + 3 * x = | 9:game 8:game 7:game +:game +:game 3:dollar *:game x:game =:game
EXPR: 0 | POS | INT | 0 | 24 | 8 | ((9+(8+7))/3)=x | 9 8 7 + + 3 / x = | 9:game 8:game 7:game +:game +:game 3:dollar /:game x:game =:game
EXPR: 0 | POS | INT | 0 | 24 | 6 | x=(9-((8-7)*3)) | x 9 8 7 - 3 * - = | x:game 9:game 8:game 7:game -:game 3:dollar *:game -:game =:game
EXPR: 0 | POS | INT | 0 | 24 | 30 | x=((9+(8-7))*3) | x 9 8 7 - + 3 * = | x:game 9:game 8:game 7:game -:game +:game 3:dollar *:game =:game
EXPR: 1 | POS | INT | 0 | 24 | 24 | ((9-(8-7))*3)=x | 9 8 7 - - 3 * x = | 9:game 8:game 7:game -:game -:game 3:dollar *:game x:game =:game
EXPR: 1 | POS | INT | 0 | 24 | 24 | x=((9-(8-7))*3) | x 9 8 7 - - 3 * = | x:game 9:game 8:game 7:game -:game -:game 3:dollar *:game =:game
EXPR: 0 | POS | INT | 2 | 24 | 22 | 9=((8-(7*3))+x) | 9 8 7 3 * - x + = | 9:game 8:game 7:game 3:dollar *:game -:game x:game +:game =:game
EXPR: 0 | POS | INT | 10 | 24 | 5 | (((9-8)+7)-3)=x | 9 8 - 7 + 3 - x = | 9:game 8:game -:game 7:game +:game 3:game -:game x:game =:game
EXPR: 0 | POS | INT | 10 | 24 | 11 | (9+(8/(7-3)))=x | 9 8 7 3 - / + x = | 9:game 8:game 7:dollar 3:dollar -:dollar /:game +:game x:game =:game
EXPR: 0 | POS | INT | 10 | 24 | 13 | (9+(8-(7-3)))=x | 9 8 7 3 - - + x = | 9:game 8:game 7:game 3:game -:game -:game +:game x:game =:game
EXPR: 0 | POS | INT | 10 | 24 | 21 | x=(9+((8+7)-3)) | x 9 8 7 + 3 - + = | x:game 9:game 8:game 7:game +:game 3:game -:game +:game =:game
EXPR: 0 | POS | INT | 10 | 24 | 21 | (((9+8)+7)-3)=x | 9 8 + 7 + 3 - x = | 9:game 8:game +:game 7:game +:game 3:game -:game x:game =:game
EXPR: 0 | POS | INT | 10 | 24 | 27 | (((9+8)+7)+3)=x | 9 8 + 7 + 3 + x = | 9:game 8:game +:game 7:game +:game 3:game +:game x:game =:game
EXPR: 0 | POS | INT | 10 | 24 | 5 | (9-(8-(7-3)))=x | 9 8 7 3 - - - x = | 9:game 8:game 7:game 3:game -:game -:game -:game x:game =:game
EXPR: 0 | POS | INT | 10 | 24 | 21 | (9+(8+(7-3)))=x | 9 8 7 3 - + + x = | 9:game 8:game 7:game 3:game -:game +:game +:game x:game =:game
EXPR: 0 | POS | INT | 10 | 24 | 41 | (9+(8*(7-3)))=x | 9 8 7 3 - * + x = | 9:game 8:game 7:dollar 3:dollar -:dollar *:game +:game x:game =:game
EXPR: 1 | POS | INT | 10 | 24 | 24 | (((9+7)-8)*3)=x | 9 7 + 8 - 3 * x = | 9:game 7:game +:game 8:game -:game 3:dollar *:game x:game =:game
EXPR: 0 | POS | INT | 10 | 24 | 8 | (((9+7)+8)/3)=x | 9 7 + 8 + 3 / x = | 9:game 7:game +:game 8:game +:game 3:dollar /:game x:game =:game
EXPR: 0 | POS | INT | 10 | 24 | 11 | x=(9-((8-7)-3)) | x 9 8 7 - 3 - - = | x:game 9:game 8:game 7:game -:game 3:game -:game -:game =:game
EXPR: 0 | POS | INT | 10 | 24 | 18 | ((8-(9-7))*3)=x | 8 9 7 - - 3 * x = | 8:game 9:game 7:game -:game -:game 3:dollar *:game x:game =:game
EXPR: 0 | POS | INT | 10 | 24 | 2 | ((8-(9-7))/3)=x | 8 9 7 - - 3 / x = | 8:game 9:game 7:game -:game -:game 3:dollar /:game x:game =:game
EXPR: 0 | POS | INT | 10 | 24 | 14 | x=(8+((9-7)*3)) | x 8 9 7 - 3 * + = | x:game 8:game 9:game 7:game -:game 3:dollar *:game +:game =:game
EXPR: 0 | POS | INT | 10 | 24 | 2 | x=(((8-9)+7)/3) | x 8 9 - 7 + 3 / = | x:game 8:game 9:game -:game 7:game +:game 3:dollar /:game =:game
EXPR: 0 | POS | INT | 10 | 24 | 72 | ((8+(9+7))*3)=x | 8 9 7 + + 3 * x = | 8:game 9:game 7:game +:game +:game 3:dollar *:game x:game =:game
EXPR: 0 | POS | INT | 10 | 24 | 8 | ((8+(9+7))/3)=x | 8 9 7 + + 3 / x = | 8:game 9:game 7:game +:game +:game 3:dollar /:game x:game =:game
EXPR: 0 | POS | INT | 10 | 24 | 56 | x=(8+((9+7)*3)) | x 8 9 7 + 3 * + = | x:game 8:game 9:game 7:game +:game 3:dollar *:game +:game =:game
EXPR: 0 | POS | INT | 10 | 24 | 21 | x=(((9+8)+7)-3) | x 9 8 + 7 + 3 - = | x:game 9:game 8:game +:game 7:game +:game 3:game -:game =:game
EXPR: 0 | POS | INT | 10 | 24 | 18 | x=(((8-9)+7)*3) | x 8 9 - 7 + 3 * = | x:game 8:game 9:game -:game 7:game +:game 3:dollar *:game =:game
EXPR: 0 | POS | INT | 10 | 24 | 30 | ((8+(9-7))*3)=x | 8 9 7 - + 3 * x = | 8:game 9:game 7:game -:game +:game 3:dollar *:game x:game =:game
EXPR: 0 | POS | INT | 10 | 24 | 20 | x=((8-9)+(7*3)) | x 8 9 - 7 3 * + = | x:game 8:game 9:game -:game 7:game 3:dollar *:game +:game =:game
EXPR: 0 | POS | INT | 10 | 24 | 20 | x=(8-(9-(7*3))) | x 8 9 7 3 * - - = | x:game 8:game 9:game 7:game 3:dollar *:game -:game -:game =:game
EXPR: 0 | POS | INT | 20 | 24 | 176 | ((9+7)*(8+3))=x | 9 7 + 8 3 + * x = | 9:game 7:game +:game 8:dollar 3:dollar +:dollar *:game x:game =:game
EXPR: 0 | POS | INT | 20 | 24 | 30 | (((9-7)+8)*3)=x | 9 7 - 8 + 3 * x = | 9:game 7:game -:game 8:game +:game 3:dollar *:dollar x:dollar =:dollar
EXPR: 0 | POS | INT | 20 | 24 | 21 | (((9+7)+8)-3)=x | 9 7 + 8 + 3 - x = | 9:game 7:game +:game 8:game +:game 3:game -:game x:game =:game
EXPR: 0 | POS | INT | 20 | 24 | 30 | ((9-(7-8))*3)=x | 9 7 8 - - 3 * x = | 9:game 7:game 8:game -:game -:game 3:dollar *:dollar x:dollar =:dollar
EXPR: 1 | POS | INT | 20 | 24 | 24 | ((9+(7-8))*3)=x | 9 7 8 - + 3 * x = | 9:game 7:game 8:game -:game +:game 3:dollar *:dollar x:dollar =:dollar
EXPR: 0 | POS | INT | 20 | 24 | 4 | x=((8+(9/3))-7) | x 8 9 3 / + 7 - = | x:game 8:game 9:game 3:dollar /:game +:game 7:game -:game =:game
EXPR: 0 | POS | INT | 20 | 24 | 72 | (((9+7)+8)*3)=x | 9 7 + 8 + 3 * x = | 9:game 7:game +:game 8:game +:game 3:dollar *:dollar x:dollar =:dollar
EXPR: 0 | POS | INT | 20 | 24 | 76 | x=(((9*8)+7)-3) | x 9 8 * 7 + 3 - = | x:game 9:dollar 8:game *:game 7:game +:game 3:game -:game =:game
EXPR: 0 | POS | INT | 20 | 24 | 5 | x=(((9-8)-3)+7) | x 9 8 - 3 - 7 + = | x:game 9:game 8:game -:game 3:game -:game 7:game +:game =:game
EXPR: 0 | POS | INT | 20 | 24 | 108 | x=(9*((8+7)-3)) | x 9 8 7 + 3 - * = | x:game 9:dollar 8:game 7:game +:game 3:game -:game *:game =:game
EXPR: 0 | POS | INT | 22 | 24 | 7 | 9=((7-(8-3))+x) | 9 7 8 3 - - x + = | 9:game 7:game 8:game 3:game -:game -:game x:game +:game =:game
EXPR: 0 | POS | INT | 25 | 24 | 22 | x=((7-9)+(8*3)) | x 7 9 - 8 3 * + = | x:game 7:game 9:game -:game 8:game 3:dollar *:game +:game =:game
EXPR: 0 | POS | INT | 25 | 24 | 4 | x=(7-((9-8)*3)) | x 7 9 8 - 3 * - = | x:game 7:game 9:game 8:game -:game 3:dollar *:game -:game =:game
EXPR: 0 | POS | INT | 25 | 24 | 14 | (8-((7-9)*3))=x | 8 7 9 - 3 * - x = | 8:game 7:game 9:game -:game 3:dollar *:game -:game x:game =:game
EXPR: 0 | POS | INT | 25 | 24 | 2 | (8+((7-9)*3))=x | 8 7 9 - 3 * + x = | 8:game 7:game 9:game -:game 3:dollar *:game +:game x:game =:game
EXPR: 0 | POS | INT | 27 | 24 | 8 | (((9+x)+7)/3)=8 | 9 x + 7 + 3 / 8 = | 9:game x:game +:game 7:game +:game 3:dollar /:game 8:game =:game
EXPR: 0 | POS | INT | 27 | 24 | 28 | 8=((7-(9*3))+x) | 8 7 9 3 * - x + = | 8:game 7:game 9:game 3:dollar *:game -:game x:game +:game =:game
EXPR: 0 | POS | INT | 30 | 24 | 140 | x=((9+(8+3))*7) | x 9 8 3 + + 7 * = | x:game 9:dollar 8:dollar 3:dollar +:dollar +:dollar 7:game *:game =:game
EXPR: 0 | POS | INT | 30 | 24 | 2 | (((9+8)-3)/7)=x | 9 8 + 3 - 7 / x = | 9:game 8:game +:game 3:game -:game 7:dollar /:game x:game =:game
EXPR: 0 | POS | INT | 30 | 24 | 98 | (((9+8)-3)*7)=x | 9 8 + 3 - 7 * x = | 9:game 8:game +:game 3:game -:game 7:dollar *:game x:game =:game
EXPR: 0 | POS | INT | 30 | 24 | 26 | x=((9+(8*3))-7) | x 9 8 3 * + 7 - = | x:game 9:game 8:dollar 3:game *:game +:game 7:game -:game =:game
EXPR: 0 | POS | INT | 30 | 24 | 477 | x=(9*((8*7)-3)) | x 9 8 7 * 3 - * = | x:game 9:dollar 8:game 7:dollar *:game 3:game -:game *:game =:game
EXPR: 0 | POS | INT | 30 | 24 | 21 | x=((8+(9-3))+7) | x 8 9 3 - + 7 + = | x:game 8:game 9:game 3:game -:game +:game 7:game +:game =:game
EXPR: 0 | POS | INT | 30 | 24 | 35 | x=((8-(9/3))*7) | x 8 9 3 / - 7 * = | x:game 8:game 9:game 3:dollar /:game -:game 7:dollar *:game =:game
EXPR: 0 | POS | INT | 30 | 24 | 77 | x=((8+(9/3))*7) | x 8 9 3 / + 7 * = | x:game 8:game 9:game 3:dollar /:game +:game 7:dollar *:game =:game
EXPR: 0 | POS | INT | 30 | 24 | 50 | x=(8+((9-3)*7)) | x 8 9 3 - 7 * + = | x:game 8:game 9:dollar 3:dollar -:dollar 7:game *:game +:game =:game
EXPR: 0 | POS | INT | 30 | 24 | 44 | x=(9+((8-3)*7)) | x 9 8 3 - 7 * + = | x:game 9:game 8:game 3:game -:game 7:dollar *:game +:game =:game
EXPR: 0 | POS | INT | 30 | 24 | 2 | x=((9+(8-3))/7) | x 9 8 3 - + 7 / = | x:game 9:game 8:game 3:game -:game +:game 7:dollar /:game =:game
EXPR: 0 | POS | INT | 30 | 24 | 5 | x=((8+(9*3))/7) | x 8 9 3 * + 7 / = | x:game 8:game 9:game 3:dollar *:game +:game 7:dollar /:game =:game
EXPR: 0 | POS | INT | 30 | 24 | 40 | x=(8*(9-(7-3))) | x 8 9 7 3 - - * = | x:game 8:game 9:dollar 7:dollar 3:dollar -:dollar -:dollar *:game =:game
EXPR: 0 | POS | INT | 30 | 24 | 104 | x=(8*(9+(7-3))) | x 8 9 7 3 - + * = | x:game 8:game 9:dollar 7:dollar 3:dollar -:dollar +:dollar *:game =:game
EXPR: 0 | POS | INT | 30 | 24 | 245 | x=((8+(9*3))*7) | x 8 9 3 * + 7 * = | x:game 8:game 9:game 3:dollar *:game +:game 7:dollar *:game =:game
EXPR: 0 | POS | INT | 30 | 24 | 531 | x=(9*((8*7)+3)) | x 9 8 7 * 3 + * = | x:game 9:dollar 8:game 7:dollar *:game 3:game +:game *:game =:game
EXPR: 0 | POS | INT | 30 | 24 | 3 | x=(((8-9)-3)+7) | x 8 9 - 3 - 7 + = | x:game 8:game 9:game -:game 3:game -:game 7:game +:game =:game
EXPR: 0 | POS | INT | 30 | 24 | 92 | x=(8+((9+3)*7)) | x 8 9 3 + 7 * + = | x:game 8:game 9:dollar 3:dollar +:dollar 7:game *:game +:game =:game
EXPR: 0 | POS | INT | 30 | 24 | 7 | x=((8+(9-3))-7) | x 8 9 3 - + 7 - = | x:game 8:game 9:game 3:game -:game +:game 7:game -:game =:game
EXPR: 0 | POS | INT | 32 | 24 | 2 | (((9+8)-3)/x)=7 | 9 8 + 3 - x / 7 = | 9:game 8:game +:game 3:game -:game x:dollar /:game 7:game =:game
EXPR: 0 | POS | INT | 32 | 24 | 8 | (((9+7)+8)/x)=3 | 9 7 + 8 + x / 3 = | 9:game 7:game +:game 8:game +:game x:dollar /:game 3:game =:game
EXPR: 0 | POS | INT | 35 | 24 | 2 | x=(7-(8-(9/3))) | x 7 8 9 3 / - - = | x:game 7:game 8:game 9:game 3:dollar /:game -:game -:game =:game
EXPR: 0 | POS | INT | 35 | 24 | 26 | x=((7-8)+(9*3)) | x 7 8 - 9 3 * + = | x:game 7:game 8:game -:game 9:game 3:dollar *:game +:game =:game
EXPR: 0 | POS | INT | 35 | 24 | 2 | x=((7-8)+(9/3)) | x 7 8 - 9 3 / + = | x:game 7:game 8:game -:game 9:game 3:dollar /:game +:game =:game
EXPR: 0 | POS | INT | 35 | 24 | 53 | x=((8*7)-(9/3)) | x 8 7 * 9 3 / - = | x:game 8:dollar 7:game *:game 9:game 3:dollar /:game -:game =:game
EXPR: 0 | POS | INT | 35 | 24 | 10 | x=(7-((8-9)*3)) | x 7 8 9 - 3 * - = | x:game 7:game 8:game 9:game -:game 3:dollar *:game -:game =:game
EXPR: 0 | POS | INT | 35 | 24 | 59 | ((9/3)+(8*7))=x | 9 3 / 8 7 * + x = | 9:game 3:dollar /:game 8:game 7:dollar *:game +:game x:game =:game
EXPR: 0 | POS | INT | 37 | 24 | 26 | (((9*3)-x)+7)=8 | 9 3 * x - 7 + 8 = | 9:game 3:dollar *:game x:game -:game 7:game +:game 8:game =:game
EXPR: 0 | POS | INT | 37 | 24 | 2 | (((9/3)-x)+7)=8 | 9 3 / x - 7 + 8 = | 9:game 3:dollar /:game x:game -:game 7:game +:game 8:game =:game
EXPR: 0 | POS | INT | 37 | 24 | 27 | (x-(9+(7+3)))=8 | x 9 7 3 + + - 8 = | x:game 9:game 7:game 3:game +:game +:game -:game 8:game =:game
EXPR: 0 | POS | INT | 37 | 24 | 3 | ((9+3)-(8-x))=7 | 9 3 + 8 x - - 7 = | 9:game 3:game +:game 8:game x:game -:game -:game 7:game =:game
EXPR: 0 | POS | INT | 37 | 24 | 10 | 9=((7/(x-3))+8) | 9 7 x 3 - / 8 + = | 9:game 7:game x:dollar 3:dollar -:dollar /:game 8:game +:game =:game
EXPR: 0 | POS | INT | 37 | 24 | 7 | 8=((7-(9-3))+x) | 8 7 9 3 - - x + = | 8:game 7:game 9:game 3:game -:game -:game x:game +:game =:game
EXPR: 0 | POS | INT | 37 | 24 | 7 | 8=((7-(9-x))+3) | 8 7 9 x - - 3 + = | 8:game 7:game 9:game x:game -:game -:game 3:game +:game =:game
EXPR: 0 | POS | INT | 40 | 24 | 26 | (((8*3)+9)-7)=x | 8 3 * 9 + 7 - x = | 8:game 3:dollar *:game 9:game +:game 7:game -:game x:game =:game
EXPR: 0 | POS | INT | 40 | 24 | 104 | (8*((9+7)-3))=x | 8 9 7 + 3 - * x = | 8:game 9:dollar 7:dollar +:dollar 3:dollar -:dollar *:dollar x:dollar =:dollar
EXPR: 0 | POS | INT | 40 | 24 | 480 | x=(8*((9*7)-3)) | x 8 9 7 * 3 - * = | x:game 8:dollar 9:dollar 7:game *:game 3:game -:game *:game =:game
EXPR: 0 | POS | INT | 40 | 24 | 2 | x=((8+(9-3))/7) | x 8 9 3 - + 7 / = | x:game 8:game 9:game 3:game -:game +:game 7:dollar /:game =:game
EXPR: 0 | POS | INT | 40 | 24 | 98 | x=((8+(9-3))*7) | x 8 9 3 - + 7 * = | x:game 8:game 9:game 3:game -:game +:game 7:dollar *:game =:game
EXPR: 0 | POS | INT | 40 | 24 | 528 | x=(8*((9*7)+3)) | x 8 9 7 * 3 + * = | x:game 8:dollar 9:dollar 7:game *:game 3:game +:game *:game =:game
EXPR: 0 | POS | INT | 45 | 24 | 28 | (((9+3)-8)*7)=x | 9 3 + 8 - 7 * x = | 9:game 3:game +:game 8:game -:game 7:dollar *:game x:game =:game
EXPR: 0 | POS | INT | 45 | 24 | 483 | (7*((9*8)-3))=x | 7 9 8 * 3 - * x = | 7:game 9:dollar 8:game *:dollar 3:dollar -:dollar *:dollar x:dollar =:dollar
EXPR: 0 | POS | INT | 45 | 24 | 28 | (8-(7-(9*3)))=x | 8 7 9 3 * - - x = | 8:game 7:game 9:dollar 3:game *:game -:game -:game x:game =:game
EXPR: 0 | POS | INT | 45 | 24 | 34 | x=(((9-3)*7)-8) | x 9 3 - 7 * 8 - = | x:game 9:dollar 3:dollar -:dollar 7:game *:game 8:game -:game =:game
EXPR: 0 | POS | INT | 45 | 24 | 44 | x=(((8*7)-9)-3) | x 8 7 * 9 - 3 - = | x:game 8:dollar 7:game *:game 9:game -:game 3:game -:game =:game
EXPR: 0 | POS | INT | 45 | 24 | 76 | x=(((9+3)*7)-8) | x 9 3 + 7 * 8 - = | x:game 9:dollar 3:dollar +:dollar 7:game *:game 8:game -:game =:game
EXPR: 0 | POS | INT | 45 | 24 | 82 | x=((9*(7+3))-8) | x 9 7 3 + * 8 - = | x:game 9:dollar 7:game 3:game +:game *:game 8:game -:game =:game
EXPR: 0 | POS | INT | 47 | 24 | 21 | ((8+7)+9)=(x+3) | 8 7 + 9 + x 3 + = | 8:game 7:game +:game 9:game +:game x:game 3:game +:game =:game
EXPR: 0 | POS | INT | 47 | 24 | 22 | ((8+x)-(7*3))=9 | 8 x + 7 3 * - 9 = | 8:game x:game +:game 7:game 3:dollar *:game -:game 9:game =:game
EXPR: 0 | POS | INT | 47 | 24 | 38 | (8-((7+x)/9))=3 | 8 7 x + 9 / - 3 = | 8:game 7:game x:game +:game 9:dollar /:game -:game 3:game =:game
EXPR: 0 | POS | INT | 47 | 24 | 12 | (((8+7)-x)*3)=9 | 8 7 + x - 3 * 9 = | 8:game 7:game +:game x:game -:game 3:dollar *:game 9:game =:game
EXPR: 0 | POS | INT | 50 | 24 | 7 | (((8-3)+9)-7)=x | 8 3 - 9 + 7 - x = | 8:game 3:game -:game 9:game +:game 7:game -:game x:game =:game
EXPR: 0 | POS | INT | 50 | 24 | 13 | (((8+3)+9)-7)=x | 8 3 + 9 + 7 - x = | 8:game 3:game +:game 9:game +:game 7:game -:game x:game =:game
EXPR: 0 | POS | INT | 50 | 24 | 27 | (((8+3)+9)+7)=x | 8 3 + 9 + 7 + x = | 8:game 3:game +:game 9:game +:game 7:game +:game x:game =:game
EXPR: 0 | POS | INT | 50 | 24 | 32 | x=((7-(9/3))*8) | x 7 9 3 / - 8 * = | x:game 7:game 9:game 3:dollar /:game -:game 8:dollar *:game =:game
EXPR: 0 | POS | INT | 52 | 24 | 5 | ((8+3)-(9-x))=7 | 8 3 + 9 x - - 7 = | 8:game 3:game +:game 9:game x:game -:game -:game 7:game =:game
EXPR: 0 | POS | INT | 55 | 24 | 98 | (((9-3)+8)*7)=x | 9 3 - 8 + 7 * x = | 9:game 3:game -:game 8:game +:game 7:dollar *:dollar x:dollar =:dollar
EXPR: 0 | POS | INT | 57 | 24 | 27 | (x-(8+(7+3)))=9 | x 8 7 3 + + - 9 = | x:game 8:game 7:game 3:game +:game +:game -:game 9:game =:game
EXPR: 0 | POS | INT | 57 | 24 | 26 | (8+x)=(7+(9*3)) | 8 x + 7 9 3 * + = | 8:game x:game +:game 7:game 9:dollar 3:game *:game +:game =:game
EXPR: 0 | POS | INT | 57 | 24 | 5 | ((8+x)-(7-3))=9 | 8 x + 7 3 - - 9 = | 8:game x:game +:game 7:game 3:game -:game -:game 9:game =:game
EXPR: 0 | POS | INT | 57 | 24 | 28 | (9+3)=(8+(x/7)) | 9 3 + 8 x 7 / + = | 9:game 3:game +:game 8:game x:game 7:dollar /:game +:game =:game
EXPR: 0 | POS | INT | 57 | 24 | 9 | 3=(((9-8)-7)+x) | 3 9 8 - 7 - x + = | 3:game 9:game 8:game -:game 7:game -:game x:game +:game =:game
EXPR: 0 | POS | INT | 57 | 24 | 5 | 3=(((9-8)+7)-x) | 3 9 8 - 7 + x - = | 3:game 9:game 8:game -:game 7:game +:game x:game -:game =:game
EXPR: 0 | POS | INT | 57 | 24 | 7 | 3=(((9+8)-7)-x) | 3 9 8 + 7 - x - = | 3:game 9:game 8:game +:game 7:game -:game x:game -:game =:game
EXPR: 0 | POS | INT | 65 | 24 | 162 | x=((8+(7+3))*9) | x 8 7 3 + + 9 * = | x:game 8:dollar 7:dollar 3:dollar +:dollar +:dollar 9:game *:game =:game
EXPR: 0 | POS | INT | 65 | 24 | 13 | ((8+3)-(7-9))=x | 8 3 + 7 9 - - x = | 8:game 3:game +:game 7:game 9:game -:game -:game x:game =:game
EXPR: 0 | POS | INT | 67 | 24 | 152 | (((x/8)-7)-3)=9 | x 8 / 7 - 3 - 9 = | x:game 8:dollar /:game 7:game -:game 3:game -:game 9:game =:game
EXPR: 0 | POS | INT | 67 | 24 | 12 | (((7-x)+8)*3)=9 | 7 x - 8 + 3 * 9 = | 7:game x:game -:game 8:game +:game 3:dollar *:dollar 9:dollar =:dollar
EXPR: 0 | POS | INT | 67 | 24 | 5 | ((8+3)-(7-x))=9 | 8 3 + 7 x - - 9 = | 8:game 3:game +:game 7:game x:game -:game -:game 9:game =:game
EXPR: 0 | POS | INT | 67 | 24 | 76 | ((3+x)-(9*8))=7 | 3 x + 9 8 * - 7 = | 3:game x:game +:game 9:game 8:dollar *:game -:game 7:game =:game
EXPR: 0 | POS | INT | 70 | 24 | 56 | x=(8+(3*(9+7))) | x 8 3 9 7 + * + = | x:game 8:game 3:game 9:dollar 7:dollar +:dollar *:game +:game =:game
EXPR: 0 | POS | INT | 70 | 24 | 140 | (((8+3)+9)*7)=x | 8 3 + 9 + 7 * x = | 8:game 3:game +:game 9:game +:game 7:dollar *:dollar x:dollar =:dollar
EXPR: 0 | POS | INT | 70 | 24 | 27 | ((7+3)+(9+8))=x | 7 3 + 9 8 + + x = | 7:game 3:game +:game 9:game 8:game +:game +:game x:game =:game
EXPR: 0 | POS | INT | 80 | 24 | 22 | ((8+3)*(9-7))=x | 8 3 + 9 7 - * x = | 8:game 3:game +:game 9:dollar 7:dollar -:dollar *:dollar x:dollar =:dollar
EXPR: 0 | POS | INT | 92 | 24 | 2 | (((7+3)+8)/x)=9 | 7 3 + 8 + x / 9 = | 7:game 3:game +:game 8:game +:game x:dollar /:game 9:game =:game
EXPR: 0 | POS | INT | 92 | 24 | 62 | ((3+x)-(8*7))=9 | 3 x + 8 7 * - 9 = | 3:game x:game +:game 8:game 7:dollar *:game -:game 9:game =:game
EXPR: 0 | POS | INT | 97 | 24 | 131 | (x-3)=((9+7)*8) | x 3 - 9 7 + 8 * = | x:game 3:game -:game 9:dollar 7:dollar +:dollar 8:game *:game =:game
EXPR: 0 | POS | INT | 120 | 24 | 18 | (3*((8+7)-9))=x | 3 8 7 + 9 - * x = | 3:game 8:dollar 7:dollar +:dollar 9:dollar -:dollar *:dollar x:dollar =:dollar
NET 154 unique, non-negative, integer-valued solutions found out of 695 total solutions
