parameters: n=9 l=4 k=1 p=5 q=2 m=10
TOTAL 1000 solutions found
SOLN: CORRECT | POS/NEG | INT/FRA | OBJ-SCORE | TRUE-ANS | ANS | INFIX | POSTFIX | TYPED-POSTFIX
EXPR: 0 | POS | INT | 0 | 18 | 20 | (((5+6)-7)*5)=x | 5 6 + 7 - 5 * x = | 5:balloon 6:balloon +:balloon 7:balloon -:balloon 5:dollar *:balloon x:balloon =:balloon
EXPR: 0 | POS | INT | 0 | 18 | 90 | x=((5+(6+7))*5) | x 5 6 7 + + 5 * = | x:balloon 5:balloon 6:balloon 7:balloon +:balloon +:balloon 5:dollar *:balloon =:balloon
EXPR: 0 | POS | INT | 0 | 18 | 34 | (5-(6-(7*5)))=x | 5 6 7 5 * - - x = | 5:balloon 6:balloon 7:balloon 5:dollar *:balloon -:balloon -:balloon x:balloon =:balloon
EXPR: 0 | POS | INT | 0 | 18 | 46 | (5+(6+(7*5)))=x | 5 6 7 5 * + + x = | 5:balloon 6:balloon 7:balloon 5:dollar *:balloon +:balloon +:balloon x:balloon =:balloon
EXPR: 0 | POS | INT | 0 | 18 | 34 | ((5-6)+(7*5))=x | 5 6 - 7 5 * + x = | 5:balloon 6:balloon -:balloon 7:balloon 5:dollar *:balloon +:balloon x:balloon =:balloon
EXPR: 0 | POS | INT | 0 | 18 | 30 | (((5-6)+7)*5)=x | 5 6 - 7 + 5 * x = | 5:balloon 6:balloon -:balloon 7:balloon +:balloon 5:dollar *:balloon x:balloon =:balloon
EXPR: 0 | POS | INT | 0 | 18 | 70 | (5+((6+7)*5))=x | 5 6 7 + 5 * + x = | 5:balloon 6:balloon 7:balloon +:balloon 5:dollar *:balloon +:balloon x:balloon =:balloon
EXPR: 0 | POS | INT | 0 | 18 | 0 | (5+((6-7)*5))=x | 5 6 7 - 5 * + x = | 5:balloon 6:balloon 7:balloon -:balloon 5:dollar *:balloon +:balloon x:balloon =:balloon
EXPR: 0 | POS | INT | 0 | 18 | 46 | ((5+6)+(7*5))=x | 5 6 + 7 5 * + x = | 5:balloon 6:balloon +:balloon 7:balloon 5:dollar *:balloon +:balloon x:balloon =:balloon
EXPR: 0 | POS | INT | 0 | 18 |  | x=(5+((6-7)*5)) | x 5 6 7 - 5 * + = | x:balloon 5:balloon 6:balloon 7:balloon -:balloon 5:dollar *:balloon +:balloon =:balloon
EXPR: 0 | POS | INT | 0 | 18 | 90 | (((5+6)+7)*5)=x | 5 6 + 7 + 5 * x = | 5:balloon 6:balloon +:balloon 7:balloon +:balloon 5:dollar *:balloon x:balloon =:balloon
EXPR: 0 | POS | INT | 0 | 18 | 10 | (5-((6-7)*5))=x | 5 6 7 - 5 * - x = | 5:balloon 6:balloon 7:balloon -:balloon 5:dollar *:balloon -:balloon x:balloon =:balloon
EXPR: 0 | POS | INT | 0 | 18 | 70 | x=(5+((6+7)*5)) | x 5 6 7 + 5 * + = | x:balloon 5:balloon 6:balloon 7:balloon +:balloon 5:dollar *:balloon +:balloon =:balloon
EXPR: 0 | POS | INT | 0 | 18 | 46 | x=(5+(6+(7*5))) | x 5 6 7 5 * + + = | x:balloon 5:balloon 6:balloon 7:balloon 5:dollar *:balloon +:balloon +:balloon =:balloon
EXPR: 0 | POS | INT | 0 | 18 | 34 | x=(5-(6-(7*5))) | x 5 6 7 5 * - - = | x:balloon 5:balloon 6:balloon 7:balloon 5:dollar *:balloon -:balloon -:balloon =:balloon
EXPR: 0 | POS | INT | 0 | 18 | 30 | x=(((5-6)+7)*5) | x 5 6 - 7 + 5 * = | x:balloon 5:balloon 6:balloon -:balloon 7:balloon +:balloon 5:dollar *:balloon =:balloon
EXPR: 0 | POS | INT | 0 | 18 | 90 | ((5+(6+7))*5)=x | 5 6 7 + + 5 * x = | 5:balloon 6:balloon 7:balloon +:balloon +:balloon 5:dollar *:balloon x:balloon =:balloon
EXPR: 0 | POS | INT | 0 | 18 | 90 | x=(((5+6)+7)*5) | x 5 6 + 7 + 5 * = | x:balloon 5:balloon 6:balloon +:balloon 7:balloon +:balloon 5:dollar *:balloon =:balloon
EXPR: 0 | POS | INT | 0 | 18 | 30 | ((5-(6-7))*5)=x | 5 6 7 - - 5 * x = | 5:balloon 6:balloon 7:balloon -:balloon -:balloon 5:dollar *:balloon x:balloon =:balloon
EXPR: 0 | POS | INT | 0 | 18 | 20 | x=(((5+6)-7)*5) | x 5 6 + 7 - 5 * = | x:balloon 5:balloon 6:balloon +:balloon 7:balloon -:balloon 5:dollar *:balloon =:balloon
EXPR: 0 | POS | INT | 0 | 18 | 34 | x=((5-6)+(7*5)) | x 5 6 - 7 5 * + = | x:balloon 5:balloon 6:balloon -:balloon 7:balloon 5:dollar *:balloon +:balloon =:balloon
EXPR: 0 | POS | INT | 0 | 18 | 10 | x=(5-((6-7)*5)) | x 5 6 7 - 5 * - = | x:balloon 5:balloon 6:balloon 7:balloon -:balloon 5:dollar *:balloon -:balloon =:balloon
EXPR: 0 | POS | INT | 0 | 18 | 46 | x=((5+6)+(7*5)) | x 5 6 + 7 5 * + = | x:balloon 5:balloon 6:balloon +:balloon 7:balloon 5:dollar *:balloon +:balloon =:balloon
EXPR: 0 | POS | INT | 0 | 18 | 20 | x=((5+(6-7))*5) | x 5 6 7 - + 5 * = | x:balloon 5:balloon 6:balloon 7:balloon -:balloon +:balloon 5:dollar *:balloon =:balloon
EXPR: 0 | POS | INT | 0 | 18 | 30 | x=((5-(6-7))*5) | x 5 6 7 - - 5 * = | x:balloon 5:balloon 6:balloon 7:balloon -:balloon -:balloon 5:dollar *:balloon =:balloon
EXPR: 0 | POS | INT | 0 | 18 | 20 | ((5+(6-7))*5)=x | 5 6 7 - + 5 * x = | 5:balloon 6:balloon 7:balloon -:balloon +:balloon 5:dollar *:balloon x:balloon =:balloon
EXPR: 0 | POS | INT | 2 | 18 | 34 | 5=((6-(7*5))+x) | 5 6 7 5 * - x + = | 5:balloon 6:balloon 7:balloon 5:dollar *:balloon -:balloon x:balloon +:balloon =:balloon
EXPR: 0 | POS | INT | 10 | 18 | 1 | (((5-6)+7)-5)=x | 5 6 - 7 + 5 - x = | 5:balloon 6:balloon -:balloon 7:balloon +:balloon 5:balloon -:balloon x:balloon =:balloon
EXPR: 0 | POS | INT | 10 | 18 | 8 | (5+(6/(7-5)))=x | 5 6 7 5 - / + x = | 5:balloon 6:balloon 7:dollar 5:dollar -:dollar /:balloon +:balloon x:balloon =:balloon
EXPR: 0 | POS | INT | 10 | 18 | 9 | (5+(6-(7-5)))=x | 5 6 7 5 - - + x = | 5:balloon 6:balloon 7:balloon 5:balloon -:balloon -:balloon +:balloon x:balloon =:balloon
EXPR: 0 | POS | INT | 10 | 18 | 13 | x=(5+((6+7)-5)) | x 5 6 7 + 5 - + = | x:balloon 5:balloon 6:balloon 7:balloon +:balloon 5:balloon -:balloon +:balloon =:balloon
EXPR: 0 | POS | INT | 10 | 18 | 13 | (((5+6)+7)-5)=x | 5 6 + 7 + 5 - x = | 5:balloon 6:balloon +:balloon 7:balloon +:balloon 5:balloon -:balloon x:balloon =:balloon
EXPR: 0 | POS | INT | 10 | 18 | 23 | (((5+6)+7)+5)=x | 5 6 + 7 + 5 + x = | 5:balloon 6:balloon +:balloon 7:balloon +:balloon 5:balloon +:balloon x:balloon =:balloon
EXPR: 0 | POS | INT | 10 | 18 | 1 | (5-(6-(7-5)))=x | 5 6 7 5 - - - x = | 5:balloon 6:balloon 7:balloon 5:balloon -:balloon -:balloon -:balloon x:balloon =:balloon
EXPR: 0 | POS | INT | 10 | 18 | 13 | (5+(6+(7-5)))=x | 5 6 7 5 - + + x = | 5:balloon 6:balloon 7:balloon 5:balloon -:balloon +:balloon +:balloon x:balloon =:balloon
EXPR: 0 | POS | INT | 10 | 18 | 17 | (5+(6*(7-5)))=x | 5 6 7 5 - * + x = | 5:balloon 6:balloon 7:dollar 5:dollar -:dollar *:balloon +:balloon x:balloon =:balloon
EXPR: 0 | POS | INT | 10 | 18 | 30 | (((5+7)-6)*5)=x | 5 7 + 6 - 5 * x = | 5:balloon 7:balloon +:balloon 6:balloon -:balloon 5:dollar *:balloon x:balloon =:balloon
EXPR: 0 | POS | INT | 10 | 18 | 11 | x=(5-((6-7)-5)) | x 5 6 7 - 5 - - = | x:balloon 5:balloon 6:balloon 7:balloon -:balloon 5:balloon -:balloon -:balloon =:balloon
EXPR: 0 | POS | INT | 10 | 18 | 40 | ((6-(5-7))*5)=x | 6 5 7 - - 5 * x = | 6:balloon 5:balloon 7:balloon -:balloon -:balloon 5:dollar *:balloon x:balloon =:balloon
EXPR: 0 | POS | INT | 10 | 18 | 90 | ((6+(5+7))*5)=x | 6 5 7 + + 5 * x = | 6:balloon 5:balloon 7:balloon +:balloon +:balloon 5:dollar *:balloon x:balloon =:balloon
EXPR: 0 | POS | INT | 10 | 18 | 66 | x=(6+((5+7)*5)) | x 6 5 7 + 5 * + = | x:balloon 6:balloon 5:balloon 7:balloon +:balloon 5:dollar *:balloon +:balloon =:balloon
EXPR: 0 | POS | INT | 10 | 18 | 40 | x=(((6-5)+7)*5) | x 6 5 - 7 + 5 * = | x:balloon 6:balloon 5:balloon -:balloon 7:balloon +:balloon 5:dollar *:balloon =:balloon
EXPR: 0 | POS | INT | 10 | 18 | 13 | x=(((5+6)+7)-5) | x 5 6 + 7 + 5 - = | x:balloon 5:balloon 6:balloon +:balloon 7:balloon +:balloon 5:balloon -:balloon =:balloon
EXPR: 0 | POS | INT | 10 | 18 | 20 | ((6+(5-7))*5)=x | 6 5 7 - + 5 * x = | 6:balloon 5:balloon 7:balloon -:balloon +:balloon 5:dollar *:balloon x:balloon =:balloon
EXPR: 0 | POS | INT | 10 | 18 | 36 | x=((6-5)+(7*5)) | x 6 5 - 7 5 * + = | x:balloon 6:balloon 5:balloon -:balloon 7:balloon 5:dollar *:balloon +:balloon =:balloon
EXPR: 0 | POS | INT | 10 | 18 | 9 | x=(((5+6)-7)+5) | x 5 6 + 7 - 5 + = | x:balloon 5:balloon 6:balloon +:balloon 7:balloon -:balloon 5:balloon +:balloon =:balloon
EXPR: 0 | POS | INT | 10 | 18 | 16 | x=(6-((5-7)*5)) | x 6 5 7 - 5 * - = | x:balloon 6:balloon 5:balloon 7:balloon -:balloon 5:dollar *:balloon -:balloon =:balloon
EXPR: 0 | POS | INT | 10 | 18 | 185 | x=(5*((6*7)-5)) | x 5 6 7 * 5 - * = | x:balloon 5:balloon 6:balloon 7:dollar *:dollar 5:dollar -:dollar *:balloon =:balloon
EXPR: 0 | POS | INT | 10 | 18 | 13 | x=((5+(6+7))-5) | x 5 6 7 + + 5 - = | x:balloon 5:balloon 6:balloon 7:balloon +:balloon +:balloon 5:balloon -:balloon =:balloon
EXPR: 0 | POS | INT | 10 | 18 | 20 | x=((6+(5-7))*5) | x 6 5 7 - + 5 * = | x:balloon 6:balloon 5:balloon 7:balloon -:balloon +:balloon 5:dollar *:balloon =:balloon
EXPR: 0 | POS | INT | 10 | 18 | 23 | x=(((5+6)+7)+5) | x 5 6 + 7 + 5 + = | x:balloon 5:balloon 6:balloon +:balloon 7:balloon +:balloon 5:balloon +:balloon =:balloon
EXPR: 0 | POS | INT | 10 | 18 | 235 | x=(5*((6*7)+5)) | x 5 6 7 * 5 + * = | x:balloon 5:balloon 6:balloon 7:dollar *:dollar 5:dollar +:dollar *:balloon =:balloon
EXPR: 0 | POS | INT | 10 | 18 | 42 | ((5+7)+(6*5))=x | 5 7 + 6 5 * + x = | 5:balloon 7:balloon +:balloon 6:balloon 5:dollar *:balloon +:balloon x:balloon =:balloon
EXPR: 0 | POS | INT | 12 | 18 | 1 | (((5+x)+6)-7)=5 | 5 x + 6 + 7 - 5 = | 5:balloon x:balloon +:balloon 6:balloon +:balloon 7:balloon -:balloon 5:balloon =:balloon
EXPR: 0 | POS | INT | 12 | 18 | 16 | 5=(((6-x)/5)+7) | 5 6 x - 5 / 7 + = | 5:balloon 6:balloon x:balloon -:balloon 5:dollar /:balloon 7:balloon +:balloon =:balloon
EXPR: 0 | POS | INT | 12 | 18 | 1 | ((5+6)-(7-x))=5 | 5 6 + 7 x - - 5 = | 5:balloon 6:balloon +:balloon 7:balloon x:balloon -:balloon -:balloon 5:balloon =:balloon
EXPR: 0 | POS | INT | 20 | 18 | 132 | ((5+7)*(6+5))=x | 5 7 + 6 5 + * x = | 5:balloon 7:balloon +:balloon 6:dollar 5:dollar +:dollar *:balloon x:balloon =:balloon
EXPR: 0 | POS | INT | 20 | 18 | 20 | (((5-7)+6)*5)=x | 5 7 - 6 + 5 * x = | 5:balloon 7:balloon -:balloon 6:balloon +:balloon 5:dollar *:dollar x:dollar =:dollar
EXPR: 0 | POS | INT | 20 | 18 | 13 | (((5+7)+6)-5)=x | 5 7 + 6 + 5 - x = | 5:balloon 7:balloon +:balloon 6:balloon +:balloon 5:balloon -:balloon x:balloon =:balloon
EXPR: 0 | POS | INT | 20 | 18 | 20 | ((5-(7-6))*5)=x | 5 7 6 - - 5 * x = | 5:balloon 7:balloon 6:balloon -:balloon -:balloon 5:dollar *:dollar x:dollar =:dollar
EXPR: 0 | POS | INT | 20 | 18 | 30 | ((5+(7-6))*5)=x | 5 7 6 - + 5 * x = | 5:balloon 7:balloon 6:balloon -:balloon +:balloon 5:dollar *:dollar x:dollar =:dollar
EXPR: 0 | POS | INT | 20 | 18 |  | x=((6+(5/5))-7) | x 6 5 5 / + 7 - = | x:balloon 6:balloon 5:balloon 5:dollar /:balloon +:balloon 7:balloon -:balloon =:balloon
EXPR: 0 | POS | INT | 20 | 18 | 90 | (((5+7)+6)*5)=x | 5 7 + 6 + 5 * x = | 5:balloon 7:balloon +:balloon 6:balloon +:balloon 5:dollar *:dollar x:dollar =:dollar
EXPR: 0 | POS | INT | 20 | 18 | 13 | x=((5+(6-5))+7) | x 5 6 5 - + 7 + = | x:balloon 5:balloon 6:balloon 5:balloon -:balloon +:balloon 7:balloon +:balloon =:balloon
EXPR: 0 | POS | INT | 20 | 18 | 9 | x=(((5+6)+5)-7) | x 5 6 + 5 + 7 - = | x:balloon 5:balloon 6:balloon +:balloon 5:balloon +:balloon 7:balloon -:balloon =:balloon
EXPR: 0 | POS | INT | 20 | 18 | 9 | x=((5+(6+5))-7) | x 5 6 5 + + 7 - = | x:balloon 5:balloon 6:balloon 5:balloon +:balloon +:balloon 7:balloon -:balloon =:balloon
EXPR: 0 | POS | INT | 20 | 18 | 1 | x=((5-(6+5))+7) | x 5 6 5 + - 7 + = | x:balloon 5:balloon 6:balloon 5:balloon +:balloon -:balloon 7:balloon +:balloon =:balloon
EXPR: 0 | POS | INT | 20 | 18 | 9 | (5-(7-(6+5)))=x | 5 7 6 5 + - - x = | 5:balloon 7:balloon 6:balloon 5:balloon +:balloon -:balloon -:balloon x:balloon =:balloon
EXPR: 0 | POS | INT | 20 | 18 | 42 | x=(5+((6*7)-5)) | x 5 6 7 * 5 - + = | x:balloon 5:balloon 6:balloon 7:dollar *:balloon 5:balloon -:balloon +:balloon =:balloon
EXPR: 0 | POS | INT | 20 | 18 | 23 | x=((5+(6+5))+7) | x 5 6 5 + + 7 + = | x:balloon 5:balloon 6:balloon 5:balloon +:balloon +:balloon 7:balloon +:balloon =:balloon
EXPR: 0 | POS | INT | 20 | 18 | 28 | x=(((5*6)-7)+5) | x 5 6 * 7 - 5 + = | x:balloon 5:balloon 6:dollar *:balloon 7:balloon -:balloon 5:balloon +:balloon =:balloon
EXPR: 0 | POS | INT | 20 | 18 | 180 | x=(6*((5*7)-5)) | x 6 5 7 * 5 - * = | x:balloon 6:balloon 5:balloon 7:dollar *:dollar 5:dollar -:dollar *:balloon =:balloon
EXPR: 0 | POS | INT | 20 | 18 | 9 | x=(5+((6+5)-7)) | x 5 6 5 + 7 - + = | x:balloon 5:balloon 6:balloon 5:balloon +:balloon 7:balloon -:balloon +:balloon =:balloon
EXPR: 0 | POS | INT | 20 | 18 | 23 | x=(5+((6+5)+7)) | x 5 6 5 + 7 + + = | x:balloon 5:balloon 6:balloon 5:balloon +:balloon 7:balloon +:balloon +:balloon =:balloon
EXPR: 0 | POS | INT | 22 | 18 |  | (5-((6+7)*x))=5 | 5 6 7 + x * - 5 = | 5:balloon 6:balloon 7:balloon +:balloon x:dollar *:balloon -:balloon 5:balloon =:balloon
EXPR: 0 | POS | INT | 22 | 18 | 24 | (((5+x)+6)/7)=5 | 5 x + 6 + 7 / 5 = | 5:balloon x:balloon +:balloon 6:balloon +:balloon 7:dollar /:balloon 5:balloon =:balloon
EXPR: 0 | POS | INT | 25 | 18 | 32 | x=((7-5)+(6*5)) | x 7 5 - 6 5 * + = | x:balloon 7:balloon 5:balloon -:balloon 6:balloon 5:dollar *:balloon +:balloon =:balloon
EXPR: 0 | POS | INT | 25 | 18 | 12 | x=(7-((5-6)*5)) | x 7 5 6 - 5 * - = | x:balloon 7:balloon 5:balloon 6:balloon -:balloon 5:dollar *:balloon -:balloon =:balloon
EXPR: 0 | POS | INT | 25 | 18 | 24 | (((5*5)+6)-7)=x | 5 5 * 6 + 7 - x = | 5:balloon 5:dollar *:balloon 6:balloon +:balloon 7:balloon -:balloon x:balloon =:balloon
EXPR: 0 | POS | INT | 25 | 18 | 0 | (((5/5)+6)-7)=x | 5 5 / 6 + 7 - x = | 5:balloon 5:dollar /:balloon 6:balloon +:balloon 7:balloon -:balloon x:balloon =:balloon
EXPR: 0 | POS | INT | 25 | 18 | 62 | x=(7+((5+6)*5)) | x 7 5 6 + 5 * + = | x:balloon 7:balloon 5:balloon 6:balloon +:balloon 5:dollar *:balloon +:balloon =:balloon
EXPR: 1 | POS | INT | 27 | 18 | 18 | (((5+x)+7)/5)=6 | 5 x + 7 + 5 / 6 = | 5:balloon x:balloon +:balloon 7:balloon +:balloon 5:dollar /:balloon 6:balloon =:balloon
EXPR: 0 | POS | INT | 27 | 18 | 12 | ((x+(5/5))-6)=7 | x 5 5 / + 6 - 7 = | x:balloon 5:balloon 5:dollar /:balloon +:balloon 6:balloon -:balloon 7:balloon =:balloon
EXPR: 0 | POS | INT | 27 | 18 |  | ((x+(5/5))+6)=7 | x 5 5 / + 6 + 7 = | x:balloon 5:balloon 5:dollar /:balloon +:balloon 6:balloon +:balloon 7:balloon =:balloon
EXPR: 0 | POS | INT | 30 | 18 | 112 | x=((5+(6+5))*7) | x 5 6 5 + + 7 * = | x:balloon 5:dollar 6:dollar 5:dollar +:dollar +:dollar 7:balloon *:balloon =:balloon
EXPR: 0 | POS | INT | 30 | 18 | 42 | (((5+6)-5)*7)=x | 5 6 + 5 - 7 * x = | 5:balloon 6:balloon +:balloon 5:balloon -:balloon 7:dollar *:balloon x:balloon =:balloon
EXPR: 0 | POS | INT | 30 | 18 | 28 | x=((5+(6*5))-7) | x 5 6 5 * + 7 - = | x:balloon 5:balloon 6:dollar 5:balloon *:balloon +:balloon 7:balloon -:balloon =:balloon
EXPR: 0 | POS | INT | 30 | 18 | 13 | x=((6+(5-5))+7) | x 6 5 5 - + 7 + = | x:balloon 6:balloon 5:balloon 5:balloon -:balloon +:balloon 7:balloon +:balloon =:balloon
EXPR: 0 | POS | INT | 30 | 18 | 35 | x=((6-(5/5))*7) | x 6 5 5 / - 7 * = | x:balloon 6:balloon 5:balloon 5:dollar /:balloon -:balloon 7:dollar *:balloon =:balloon
EXPR: 0 | POS | INT | 30 | 18 | 49 | x=((6+(5/5))*7) | x 6 5 5 / + 7 * = | x:balloon 6:balloon 5:balloon 5:dollar /:balloon +:balloon 7:dollar *:balloon =:balloon
EXPR: 0 | POS | INT | 30 | 18 | 6 | x=(6+((5-5)*7)) | x 6 5 5 - 7 * + = | x:balloon 6:balloon 5:dollar 5:dollar -:dollar 7:balloon *:balloon +:balloon =:balloon
EXPR: 0 | POS | INT | 30 | 18 | 12 | x=(5+((6-5)*7)) | x 5 6 5 - 7 * + = | x:balloon 5:balloon 6:balloon 5:balloon -:balloon 7:dollar *:balloon +:balloon =:balloon
EXPR: 0 | POS | INT | 30 | 18 | 1 | x=((6+(5/5))/7) | x 6 5 5 / + 7 / = | x:balloon 6:balloon 5:balloon 5:dollar /:balloon +:balloon 7:dollar /:balloon =:balloon
EXPR: 0 | POS | INT | 30 | 18 | 82 | x=(5+((6+5)*7)) | x 5 6 5 + 7 * + = | x:balloon 5:balloon 6:balloon 5:balloon +:balloon 7:dollar *:balloon +:balloon =:balloon
EXPR: 0 | POS | INT | 30 | 18 | 42 | (6*((5+7)-5))=x | 6 5 7 + 5 - * x = | 6:balloon 5:dollar 7:dollar +:dollar 5:dollar -:dollar *:balloon x:balloon =:balloon
EXPR: 0 | POS | INT | 30 | 18 | 42 | x=((5+(6-5))*7) | x 5 6 5 - + 7 * = | x:balloon 5:balloon 6:balloon 5:balloon -:balloon +:balloon 7:dollar *:balloon =:balloon
EXPR: 0 | POS | INT | 30 | 18 | 217 | x=((6+(5*5))*7) | x 6 5 5 * + 7 * = | x:balloon 6:balloon 5:balloon 5:dollar *:balloon +:balloon 7:dollar *:balloon =:balloon
EXPR: 0 | POS | INT | 30 | 18 | 102 | x=(6*(5+(7+5))) | x 6 5 7 5 + + * = | x:balloon 6:balloon 5:dollar 7:dollar 5:dollar +:dollar +:dollar *:balloon =:balloon
EXPR: 0 | POS | INT | 30 | 18 | 32 | x=(((5*6)-5)+7) | x 5 6 * 5 - 7 + = | x:balloon 5:balloon 6:dollar *:balloon 5:balloon -:balloon 7:balloon +:balloon =:balloon
EXPR: 0 | POS | INT | 30 | 18 | 30 | x=(5*((7-6)+5)) | x 5 7 6 - 5 + * = | x:balloon 5:dollar 7:balloon 6:balloon -:balloon 5:balloon +:balloon *:balloon =:balloon
EXPR: 0 | POS | INT | 30 | 18 | 46 | x=(((5*7)+6)+5) | x 5 7 * 6 + 5 + = | x:balloon 5:dollar 7:balloon *:balloon 6:balloon +:balloon 5:balloon +:balloon =:balloon
EXPR: 0 | POS | INT | 32 | 18 | 28 | 5=((7-(6*5))+x) | 5 7 6 5 * - x + = | 5:balloon 7:balloon 6:dollar 5:balloon *:balloon -:balloon x:balloon +:balloon =:balloon
EXPR: 0 | POS | INT | 35 | 18 | 2 | x=(7-(6-(5/5))) | x 7 6 5 5 / - - = | x:balloon 7:balloon 6:balloon 5:balloon 5:dollar /:balloon -:balloon -:balloon =:balloon
EXPR: 0 | POS | INT | 35 | 18 | 26 | x=((7-6)+(5*5)) | x 7 6 - 5 5 * + = | x:balloon 7:balloon 6:balloon -:balloon 5:balloon 5:dollar *:balloon +:balloon =:balloon
EXPR: 0 | POS | INT | 35 | 18 | 2 | x=((7-6)+(5/5)) | x 7 6 - 5 5 / + = | x:balloon 7:balloon 6:balloon -:balloon 5:balloon 5:dollar /:balloon +:balloon =:balloon
EXPR: 0 | POS | INT | 35 | 18 | 26 | (((5*5)+7)-6)=x | 5 5 * 7 + 6 - x = | 5:balloon 5:dollar *:balloon 7:balloon +:balloon 6:balloon -:balloon x:balloon =:balloon
EXPR: 0 | POS | INT | 35 | 18 | 2 | (((5/5)+7)-6)=x | 5 5 / 7 + 6 - x = | 5:balloon 5:dollar /:balloon 7:balloon +:balloon 6:balloon -:balloon x:balloon =:balloon
EXPR: 0 | POS | INT | 35 | 18 | 7 | x=(((5-5)*6)+7) | x 5 5 - 6 * 7 + = | x:balloon 5:dollar 5:dollar -:dollar 6:balloon *:balloon 7:balloon +:balloon =:balloon
EXPR: 0 | POS | INT | 35 | 18 | 53 | x=(((5+5)*6)-7) | x 5 5 + 6 * 7 - = | x:balloon 5:dollar 5:dollar +:dollar 6:balloon *:balloon 7:balloon -:balloon =:balloon
EXPR: 0 | POS | INT | 35 | 18 | 2 | x=(7-((6-5)*5)) | x 7 6 5 - 5 * - = | x:balloon 7:balloon 6:balloon 5:balloon -:balloon 5:dollar *:balloon -:balloon =:balloon
EXPR: 0 | POS | INT | 35 | 18 | 67 | x=(((5+5)*6)+7) | x 5 5 + 6 * 7 + = | x:balloon 5:dollar 5:dollar +:dollar 6:balloon *:balloon 7:balloon +:balloon =:balloon
EXPR: 0 | POS | INT | 35 | 18 | 185 | x=(((6*7)-5)*5) | x 6 7 * 5 - 5 * = | x:balloon 6:dollar 7:balloon *:balloon 5:balloon -:balloon 5:dollar *:balloon =:balloon
EXPR: 0 | POS | INT | 35 | 18 | 0 | ((7-6)-(5/5))=x | 7 6 - 5 5 / - x = | 7:balloon 6:balloon -:balloon 5:balloon 5:dollar /:balloon -:balloon x:balloon =:balloon
EXPR: 0 | POS | INT | 35 | 18 | 43 | ((5/5)+(6*7))=x | 5 5 / 6 7 * + x = | 5:balloon 5:dollar /:balloon 6:balloon 7:dollar *:balloon +:balloon x:balloon =:balloon
EXPR: 0 | POS | INT | 35 | 18 | 12 | x=(7+(6-(5/5))) | x 7 6 5 5 / - + = | x:balloon 7:balloon 6:balloon 5:balloon 5:dollar /:balloon -:balloon +:balloon =:balloon
EXPR: 0 | POS | INT | 35 | 18 | 240 | x=((5+(7*5))*6) | x 5 7 5 * + 6 * = | x:balloon 5:dollar 7:balloon 5:dollar *:dollar +:dollar 6:balloon *:balloon =:balloon
EXPR: 0 | POS | INT | 35 | 18 | 245 | x=(7*((5*6)+5)) | x 7 5 6 * 5 + * = | x:balloon 7:balloon 5:balloon 6:dollar *:dollar 5:dollar +:dollar *:balloon =:balloon
EXPR: 0 | POS | INT | 37 | 18 | 26 | (((5*5)-x)+7)=6 | 5 5 * x - 7 + 6 = | 5:balloon 5:dollar *:balloon x:balloon -:balloon 7:balloon +:balloon 6:balloon =:balloon
EXPR: 0 | POS | INT | 37 | 18 | 2 | (((5/5)-x)+7)=6 | 5 5 / x - 7 + 6 = | 5:balloon 5:dollar /:balloon x:balloon -:balloon 7:balloon +:balloon 6:balloon =:balloon
EXPR: 0 | POS | INT | 37 | 18 | 23 | (x-(5+(7+5)))=6 | x 5 7 5 + + - 6 = | x:balloon 5:balloon 7:balloon 5:balloon +:balloon +:balloon -:balloon 6:balloon =:balloon
EXPR: 0 | POS | INT | 37 | 18 | 40 | (6+7)=(5+(x/5)) | 6 7 + 5 x 5 / + = | 6:balloon 7:balloon +:balloon 5:balloon x:balloon 5:dollar /:balloon +:balloon =:balloon
EXPR: 0 | POS | INT | 40 | 18 | 28 | (((6*5)+5)-7)=x | 6 5 * 5 + 7 - x = | 6:balloon 5:dollar *:balloon 5:balloon +:balloon 7:balloon -:balloon x:balloon =:balloon
EXPR: 0 | POS | INT | 40 | 18 | 2 | x=(6/(5+(5-7))) | x 6 5 5 7 - + / = | x:balloon 6:balloon 5:dollar 5:dollar 7:dollar -:dollar +:dollar /:balloon =:balloon
EXPR: 0 | POS | INT | 40 | 18 | 2 | x=(((6-5)*7)-5) | x 6 5 - 7 * 5 - = | x:balloon 6:dollar 5:dollar -:dollar 7:balloon *:balloon 5:balloon -:balloon =:balloon
EXPR: 0 | POS | INT | 40 | 18 | 42 | x=((6+(5-5))*7) | x 6 5 5 - + 7 * = | x:balloon 6:balloon 5:balloon 5:balloon -:balloon +:balloon 7:dollar *:balloon =:balloon
EXPR: 0 | POS | INT | 40 | 18 | 240 | x=(6*((5*7)+5)) | x 6 5 7 * 5 + * = | x:balloon 6:dollar 5:dollar 7:balloon *:balloon 5:balloon +:balloon *:balloon =:balloon
EXPR: 0 | POS | INT | 40 | 18 |  | x=((7-(5/5))-6) | x 7 5 5 / - 6 - = | x:balloon 7:balloon 5:balloon 5:dollar /:balloon -:balloon 6:balloon -:balloon =:balloon
EXPR: 0 | POS | INT | 40 | 18 | 12 | x=(((6-5)*7)+5) | x 6 5 - 7 * 5 + = | x:balloon 6:dollar 5:dollar -:dollar 7:balloon *:balloon 5:balloon +:balloon =:balloon
EXPR: 0 | POS | INT | 40 | 18 | 76 | x=(6+((5+5)*7)) | x 6 5 5 + 7 * + = | x:balloon 6:balloon 5:balloon 5:balloon +:balloon 7:dollar *:balloon +:balloon =:balloon
EXPR: 0 | POS | INT | 40 | 18 | 42 | x=((6-(5-5))*7) | x 6 5 5 - - 7 * = | x:balloon 6:balloon 5:balloon 5:balloon -:balloon -:balloon 7:dollar *:balloon =:balloon
EXPR: 0 | POS | INT | 40 | 18 | 42 | x=(6*(5-(5-7))) | x 6 5 5 7 - - * = | x:balloon 6:dollar 5:balloon 5:balloon 7:balloon -:balloon -:balloon *:balloon =:balloon
EXPR: 1 | POS | INT | 40 | 18 | 18 | x=(6*(5+(5-7))) | x 6 5 5 7 - + * = | x:balloon 6:dollar 5:balloon 5:balloon 7:balloon -:balloon +:balloon *:balloon =:balloon
EXPR: 0 | POS | INT | 40 | 18 | 112 | x=((6+(5+5))*7) | x 6 5 5 + + 7 * = | x:balloon 6:dollar 5:dollar 5:dollar +:dollar +:dollar 7:balloon *:balloon =:balloon
EXPR: 0 | POS | INT | 40 | 18 | 62 | x=(((5+6)*5)+7) | x 5 6 + 5 * 7 + = | x:balloon 5:dollar 6:dollar +:dollar 5:balloon *:balloon 7:balloon +:balloon =:balloon
EXPR: 0 | POS | INT | 40 | 18 | 2 | x=(((5-6)*5)+7) | x 5 6 - 5 * 7 + = | x:balloon 5:dollar 6:dollar -:dollar 5:balloon *:balloon 7:balloon +:balloon =:balloon
EXPR: 0 | POS | INT | 42 | 18 | - | 5=((7/(6-x))+5) | 5 7 6 x - / 5 + = | 5:balloon 7:balloon 6:dollar x:dollar -:dollar /:balloon 5:balloon +:balloon =:balloon
EXPR: 0 | POS | INT | 45 | 18 | 28 | (((5+5)-6)*7)=x | 5 5 + 6 - 7 * x = | 5:balloon 5:balloon +:balloon 6:balloon -:balloon 7:dollar *:balloon x:balloon =:balloon
EXPR: 0 | POS | INT | 45 | 18 | 175 | (7*((5*6)-5))=x | 7 5 6 * 5 - * x = | 7:balloon 5:dollar 6:balloon *:dollar 5:dollar -:dollar *:dollar x:dollar =:dollar
EXPR: 0 | POS | INT | 45 | 18 | 64 | x=(((5+5)*7)-6) | x 5 5 + 7 * 6 - = | x:balloon 5:dollar 5:dollar +:dollar 7:balloon *:balloon 6:balloon -:balloon =:balloon
EXPR: 1 | POS | INT | 45 | 18 | 18 | x=((5-(7-5))*6) | x 5 7 5 - - 6 * = | x:balloon 5:dollar 7:dollar 5:dollar -:dollar -:dollar 6:balloon *:balloon =:balloon
EXPR: 0 | POS | INT | 45 | 18 | 42 | (((5+7)-5)*6)=x | 5 7 + 5 - 6 * x = | 5:balloon 7:balloon +:balloon 5:balloon -:balloon 6:dollar *:balloon x:balloon =:balloon
EXPR: 0 | POS | INT | 45 | 18 | 32 | x=(7+((5*6)-5)) | x 7 5 6 * 5 - + = | x:balloon 7:balloon 5:balloon 6:dollar *:balloon 5:balloon -:balloon +:balloon =:balloon
EXPR: 0 | POS | INT | 45 | 18 | 42 | x=(6*((7-5)+5)) | x 6 7 5 - 5 + * = | x:balloon 6:dollar 7:balloon 5:balloon -:balloon 5:balloon +:balloon *:balloon =:balloon
EXPR: 0 | POS | INT | 47 | 18 | 13 | ((6+7)+5)=(x+5) | 6 7 + 5 + x 5 + = | 6:balloon 7:balloon +:balloon 5:balloon +:balloon x:balloon 5:balloon +:balloon =:balloon
EXPR: 0 | POS | INT | 47 | 18 | 34 | ((6+x)-(7*5))=5 | 6 x + 7 5 * - 5 = | 6:balloon x:balloon +:balloon 7:balloon 5:dollar *:balloon -:balloon 5:balloon =:balloon
EXPR: 0 | POS | INT | 47 | 18 | 2 | (x*(5-(7-5)))=6 | x 5 7 5 - - * 6 = | x:balloon 5:dollar 7:dollar 5:dollar -:dollar -:dollar *:balloon 6:balloon =:balloon
EXPR: 1 | POS | INT | 47 | 18 | 18 | (x/(5-(7-5)))=6 | x 5 7 5 - - / 6 = | x:balloon 5:dollar 7:dollar 5:dollar -:dollar -:dollar /:balloon 6:balloon =:balloon
EXPR: 0 | POS | INT | 47 | 18 | 42 | (x/(5-(5-6)))=7 | x 5 5 6 - - / 7 = | x:balloon 5:dollar 5:dollar 6:dollar -:dollar -:dollar /:balloon 7:balloon =:balloon
EXPR: 0 | POS | INT | 47 | 18 | 12 | (((6+7)-x)*5)=5 | 6 7 + x - 5 * 5 = | 6:balloon 7:balloon +:balloon x:balloon -:balloon 5:dollar *:balloon 5:balloon =:balloon
EXPR: 0 | POS | INT | 50 | 18 | 9 | (((6+5)+5)-7)=x | 6 5 + 5 + 7 - x = | 6:balloon 5:balloon +:balloon 5:balloon +:balloon 7:balloon -:balloon x:balloon =:balloon
EXPR: 0 | POS | INT | 50 | 18 | 23 | (((6+5)+5)+7)=x | 6 5 + 5 + 7 + x = | 6:balloon 5:balloon +:balloon 5:balloon +:balloon 7:balloon +:balloon x:balloon =:balloon
EXPR: 0 | POS | INT | 50 | 18 | 36 | x=((7-(5/5))*6) | x 7 5 5 / - 6 * = | x:balloon 7:balloon 5:balloon 5:dollar /:balloon -:balloon 6:dollar *:balloon =:balloon
EXPR: 0 | POS | INT | 50 | 18 | 48 | x=(6*((5/5)+7)) | x 6 5 5 / 7 + * = | x:balloon 6:balloon 5:dollar 5:balloon /:dollar 7:dollar +:dollar *:balloon =:balloon
EXPR: 0 | POS | INT | 50 | 18 | 12 | x=(((6-5)*5)+7) | x 6 5 - 5 * 7 + = | x:balloon 6:dollar 5:dollar -:dollar 5:balloon *:balloon 7:balloon +:balloon =:balloon
EXPR: 0 | POS | INT | 55 | 18 | 42 | (((5-5)+6)*7)=x | 5 5 - 6 + 7 * x = | 5:balloon 5:balloon -:balloon 6:balloon +:balloon 7:dollar *:dollar x:dollar =:dollar
EXPR: 0 | POS | INT | 55 | 18 | 8 | x=((6/(7-5))+5) | x 6 7 5 - / 5 + = | x:balloon 6:balloon 7:dollar 5:dollar -:dollar /:balloon 5:balloon +:balloon =:balloon
EXPR: 0 | POS | INT | 55 | 18 | 12 | x=(((5*5)-7)-6) | x 5 5 * 7 - 6 - = | x:balloon 5:dollar 5:balloon *:balloon 7:balloon -:balloon 6:balloon -:balloon =:balloon
EXPR: 0 | POS | INT | 57 | 18 | 23 | (x-(6+(7+5)))=5 | x 6 7 5 + + - 5 = | x:balloon 6:balloon 7:balloon 5:balloon +:balloon +:balloon -:balloon 5:balloon =:balloon
EXPR: 0 | POS | INT | 57 | 18 | 26 | (6+x)=(7+(5*5)) | 6 x + 7 5 5 * + = | 6:balloon x:balloon +:balloon 7:balloon 5:dollar 5:balloon *:balloon +:balloon =:balloon
EXPR: 0 | POS | INT | 57 | 18 | 1 | ((6+x)-(7-5))=5 | 6 x + 7 5 - - 5 = | 6:balloon x:balloon +:balloon 7:balloon 5:balloon -:balloon -:balloon 5:balloon =:balloon
EXPR: 0 | POS | INT | 57 | 18 | 28 | (5+5)=(6+(x/7)) | 5 5 + 6 x 7 / + = | 5:balloon 5:balloon +:balloon 6:balloon x:balloon 7:dollar /:balloon +:balloon =:balloon
EXPR: 0 | POS | INT | 57 | 18 | 13 | 5=(((5-6)-7)+x) | 5 5 6 - 7 - x + = | 5:balloon 5:balloon 6:balloon -:balloon 7:balloon -:balloon x:balloon +:balloon =:balloon
EXPR: 0 | POS | INT | 57 | 18 | 1 | 5=(((5-6)+7)-x) | 5 5 6 - 7 + x - = | 5:balloon 5:balloon 6:balloon -:balloon 7:balloon +:balloon x:balloon -:balloon =:balloon
EXPR: 0 | POS | INT | 57 | 18 | 1 | 5=(((5+6)-7)+x) | 5 5 6 + 7 - x + = | 5:balloon 5:balloon 6:balloon +:balloon 7:balloon -:balloon x:balloon +:balloon =:balloon
EXPR: 0 | POS | INT | 57 | 18 | 1 | 5=((5+(6-7))+x) | 5 5 6 7 - + x + = | 5:balloon 5:balloon 6:balloon 7:balloon -:balloon +:balloon x:balloon +:balloon =:balloon
EXPR: 0 | POS | INT | 57 | 18 | 13 | 5=(((5+6)+7)-x) | 5 5 6 + 7 + x - = | 5:balloon 5:balloon 6:balloon +:balloon 7:balloon +:balloon x:balloon -:balloon =:balloon
EXPR: 0 | POS | INT | 57 | 18 | 42 | (x/(5-(5-7)))=6 | x 5 5 7 - - / 6 = | x:balloon 5:dollar 5:dollar 7:dollar -:dollar -:dollar /:balloon 6:balloon =:balloon
EXPR: 0 | POS | INT | 57 | 18 | 2 | (x*(5+(5-7)))=6 | x 5 5 7 - + * 6 = | x:balloon 5:dollar 5:dollar 7:dollar -:dollar +:dollar *:balloon 6:balloon =:balloon
EXPR: 1 | POS | INT | 57 | 18 | 18 | (x/(5+(5-7)))=6 | x 5 5 7 - + / 6 = | x:balloon 5:dollar 5:dollar 7:dollar -:dollar +:dollar /:balloon 6:balloon =:balloon
EXPR: 0 | POS | INT | 57 | 18 | 1 | (6-(7-(5+x)))=5 | 6 7 5 x + - - 5 = | 6:balloon 7:balloon 5:balloon x:balloon +:balloon -:balloon -:balloon 5:balloon =:balloon
EXPR: 0 | POS | INT | 60 | 18 | 6 | x=(6+((5-5)/7)) | x 6 5 5 - 7 / + = | x:balloon 6:balloon 5:balloon 5:balloon -:balloon 7:dollar /:balloon +:balloon =:balloon
EXPR: 0 | POS | INT | 62 | 18 | - | ((7+x)*(5-5))=6 | 7 x + 5 5 - * 6 = | 7:balloon x:balloon +:balloon 5:dollar 5:dollar -:dollar *:dollar 6:dollar =:dollar
EXPR: 0 | POS | INT | 62 | 18 | 42 | (x/(6+(5-5)))=7 | x 6 5 5 - + / 7 = | x:balloon 6:dollar 5:dollar 5:dollar -:dollar +:dollar /:balloon 7:balloon =:balloon
EXPR: 0 | POS | INT | 65 | 18 | 90 | x=((6+(7+5))*5) | x 6 7 5 + + 5 * = | x:balloon 6:dollar 7:dollar 5:dollar +:dollar +:dollar 5:balloon *:balloon =:balloon
EXPR: 0 | POS | INT | 65 | 18 | 9 | ((6+5)-(7-5))=x | 6 5 + 7 5 - - x = | 6:balloon 5:balloon +:balloon 7:balloon 5:balloon -:balloon -:balloon x:balloon =:balloon
EXPR: 0 | POS | INT | 65 | 18 | 15 | ((6*5)/(7-5))=x | 6 5 * 7 5 - / x = | 6:balloon 5:dollar *:dollar 7:balloon 5:balloon -:balloon /:dollar x:dollar =:dollar
EXPR: 0 | POS | INT | 65 | 18 | 2 | x=((7/(6-5))-5) | x 7 6 5 - / 5 - = | x:balloon 7:balloon 6:dollar 5:dollar -:dollar /:balloon 5:balloon -:balloon =:balloon
EXPR: 0 | POS | INT | 65 | 18 |  | x=(6-(7-(5/5))) | x 6 7 5 5 / - - = | x:balloon 6:balloon 7:balloon 5:balloon 5:dollar /:balloon -:balloon -:balloon =:balloon
EXPR: 0 | POS | INT | 65 | 18 | 240 | ((5+(7*5))*6)=x | 5 7 5 * + 6 * x = | 5:balloon 7:dollar 5:balloon *:balloon +:balloon 6:dollar *:dollar x:dollar =:dollar
EXPR: 0 | POS | INT | 65 | 18 | 3 | x=(((5*5)-7)/6) | x 5 5 * 7 - 6 / = | x:balloon 5:dollar 5:balloon *:balloon 7:balloon -:balloon 6:dollar /:balloon =:balloon
EXPR: 0 | POS | INT | 67 | 18 | 102 | (((x/6)-7)-5)=5 | x 6 / 7 - 5 - 5 = | x:balloon 6:dollar /:balloon 7:balloon -:balloon 5:balloon -:balloon 5:balloon =:balloon
EXPR: 0 | POS | INT | 67 | 18 | 12 | (((7-x)+6)*5)=5 | 7 x - 6 + 5 * 5 = | 7:balloon x:balloon -:balloon 6:balloon +:balloon 5:dollar *:dollar 5:dollar =:dollar
EXPR: 0 | POS | INT | 67 | 18 | 1 | ((6+5)-(7-x))=5 | 6 5 + 7 x - - 5 = | 6:balloon 5:balloon +:balloon 7:balloon x:balloon -:balloon -:balloon 5:balloon =:balloon
EXPR: 0 | POS | INT | 67 | 18 | 32 | ((5+x)-(5*6))=7 | 5 x + 5 6 * - 7 = | 5:balloon x:balloon +:balloon 5:balloon 6:dollar *:balloon -:balloon 7:balloon =:balloon
EXPR: 0 | POS | INT | 67 | 18 | 20 | (x/(6-(7-5)))=5 | x 6 7 5 - - / 5 = | x:balloon 6:dollar 7:dollar 5:dollar -:dollar -:dollar /:balloon 5:balloon =:balloon
EXPR: 0 | POS | INT | 67 | 18 | 42 | 5=((5+(6*7))-x) | 5 5 6 7 * + x - = | 5:balloon 5:balloon 6:dollar 7:balloon *:balloon +:balloon x:balloon -:balloon =:balloon
EXPR: 1 | POS | INT | 67 | 18 | 18 | 5=((5*6)-(7+x)) | 5 5 6 * 7 x + - = | 5:balloon 5:dollar 6:balloon *:balloon 7:balloon x:balloon +:balloon -:balloon =:balloon
EXPR: 0 | POS | INT | 67 | 18 | 6 | (5-5)=(7*(6-x)) | 5 5 - 7 6 x - * = | 5:balloon 5:balloon -:balloon 7:dollar 6:balloon x:balloon -:balloon *:balloon =:balloon
EXPR: 1 | POS | INT | 67 | 18 | 18 | 5=(((5*6)-7)-x) | 5 5 6 * 7 - x - = | 5:balloon 5:balloon 6:dollar *:balloon 7:balloon -:balloon x:balloon -:balloon =:balloon
EXPR: 0 | POS | INT | 67 | 18 | 40 | (x/(6+(7-5)))=5 | x 6 7 5 - + / 5 = | x:balloon 6:dollar 7:dollar 5:dollar -:dollar +:dollar /:balloon 5:balloon =:balloon
EXPR: 0 | POS | INT | 67 | 18 | 36 | 5=(((5-6)+x)/7) | 5 5 6 - x + 7 / = | 5:balloon 5:balloon 6:balloon -:balloon x:balloon +:balloon 7:dollar /:balloon =:balloon
EXPR: 0 | POS | INT | 70 | 18 | 66 | x=(6+(5*(5+7))) | x 6 5 5 7 + * + = | x:balloon 6:balloon 5:balloon 5:dollar 7:dollar +:dollar *:balloon +:balloon =:balloon
EXPR: 0 | POS | INT | 70 | 18 | 112 | (((6+5)+5)*7)=x | 6 5 + 5 + 7 * x = | 6:balloon 5:balloon +:balloon 5:balloon +:balloon 7:dollar *:dollar x:dollar =:dollar
EXPR: 0 | POS | INT | 70 | 18 | 1 | ((7+5)-(5+6))=x | 7 5 + 5 6 + - x = | 7:balloon 5:balloon +:balloon 5:balloon 6:balloon +:balloon -:balloon x:balloon =:balloon
EXPR: 0 | POS | INT | 70 | 18 | 23 | ((7+5)+(5+6))=x | 7 5 + 5 6 + + x = | 7:balloon 5:balloon +:balloon 5:balloon 6:balloon +:balloon +:balloon x:balloon =:balloon
EXPR: 0 | POS | INT | 72 | 18 | 28 | (6-5)=(5-(x/7)) | 6 5 - 5 x 7 / - = | 6:balloon 5:balloon -:balloon 5:balloon x:balloon 7:dollar /:balloon -:balloon =:balloon
EXPR: 0 | POS | INT | 75 | 18 | 34 | (5+((5*7)-6))=x | 5 5 7 * 6 - + x = | 5:balloon 5:dollar 7:balloon *:balloon 6:balloon -:balloon +:balloon x:balloon =:balloon
EXPR: 1 | POS | INT | 75 | 18 | 18 | x=(((6*5)-7)-5) | x 6 5 * 7 - 5 - = | x:balloon 6:dollar 5:balloon *:balloon 7:balloon -:balloon 5:balloon -:balloon =:balloon
EXPR: 0 | POS | INT | 77 | 18 | - | (6/x)=(7*(5-5)) | 6 x / 7 5 5 - * = | 6:balloon x:dollar /:balloon 7:balloon 5:dollar 5:dollar -:dollar *:balloon =:balloon
EXPR: 0 | POS | INT | 77 | 18 | 11 | (6-5)=(7+(5-x)) | 6 5 - 7 5 x - + = | 6:balloon 5:balloon -:balloon 7:balloon 5:balloon x:balloon -:balloon +:balloon =:balloon
EXPR: 0 | POS | INT | 77 | 18 | 36 | 5=((6+(5*7))-x) | 5 6 5 7 * + x - = | 5:balloon 6:balloon 5:dollar 7:balloon *:balloon +:balloon x:balloon -:balloon =:balloon
EXPR: 0 | POS | INT | 77 | 18 | 40 | (x/(6-(5-7)))=5 | x 6 5 7 - - / 5 = | x:balloon 6:dollar 5:dollar 7:dollar -:dollar -:dollar /:balloon 5:balloon =:balloon
EXPR: 0 | POS | INT | 77 | 18 | 36 | 5=(((5*7)+6)-x) | 5 5 7 * 6 + x - = | 5:balloon 5:dollar 7:balloon *:balloon 6:balloon +:balloon x:balloon -:balloon =:balloon
EXPR: 0 | POS | INT | 77 | 18 | 12 | 5=(((5-6)*7)+x) | 5 5 6 - 7 * x + = | 5:balloon 5:dollar 6:dollar -:dollar 7:balloon *:balloon x:balloon +:balloon =:balloon
EXPR: 0 | POS | INT | 77 | 18 | 32 | 5=(((5-7)+x)/6) | 5 5 7 - x + 6 / = | 5:balloon 5:balloon 7:balloon -:balloon x:balloon +:balloon 6:dollar /:balloon =:balloon
EXPR: 0 | POS | INT | 80 | 18 | 42 | ((7+5)+(5*6))=x | 7 5 + 5 6 * + x = | 7:balloon 5:balloon +:balloon 5:balloon 6:dollar *:balloon +:balloon x:balloon =:balloon
EXPR: 0 | POS | INT | 82 | 18 | 42 | (x/(7-(5-5)))=6 | x 7 5 5 - - / 6 = | x:balloon 7:dollar 5:dollar 5:dollar -:dollar -:dollar /:balloon 6:balloon =:balloon
EXPR: 0 | POS | INT | 82 | 18 | 1 | 5=((6-(7-5))+x) | 5 6 7 5 - - x + = | 5:balloon 6:balloon 7:balloon 5:balloon -:balloon -:balloon x:balloon +:balloon =:balloon
EXPR: 0 | POS | INT | 82 | 18 | 9 | 5=((7-(5+6))+x) | 5 7 5 6 + - x + = | 5:balloon 7:balloon 5:balloon 6:balloon +:balloon -:balloon x:balloon +:balloon =:balloon
EXPR: 0 | POS | INT | 85 | 18 | 245 | (7*((6*5)+5))=x | 7 6 5 * 5 + * x = | 7:balloon 6:dollar 5:balloon *:dollar 5:dollar +:dollar *:balloon x:balloon =:balloon
EXPR: 0 | POS | INT | 87 | 18 | 1 | 5=((5*6)/(7-x)) | 5 5 6 * 7 x - / = | 5:balloon 5:dollar 6:balloon *:balloon 7:dollar x:dollar -:dollar /:balloon =:balloon
EXPR: 0 | POS | INT | 87 | 18 | 10 | ((x*(7-6))-5)=5 | x 7 6 - * 5 - 5 = | x:balloon 7:dollar 6:dollar -:dollar *:balloon 5:balloon -:balloon 5:balloon =:balloon
EXPR: 0 | POS | INT | 87 | 18 | 43 | (x-(6*7))=(5/5) | x 6 7 * - 5 5 / = | x:balloon 6:dollar 7:balloon *:balloon -:balloon 5:balloon 5:dollar /:balloon =:balloon
EXPR: 1 | POS | INT | 87 | 18 | 18 | ((6*5)-(7+x))=5 | 6 5 * 7 x + - 5 = | 6:balloon 5:dollar *:dollar 7:dollar x:dollar +:dollar -:dollar 5:dollar =:dollar
EXPR: 0 | POS | INT | 92 | 18 | 1 | ((5-x)+(7-6))=5 | 5 x - 7 6 - + 5 = | 5:balloon x:balloon -:balloon 7:balloon 6:balloon -:balloon +:balloon 5:balloon =:balloon
EXPR: 0 | POS | INT | 92 | 18 | 42 | ((5-x)+(6*7))=5 | 5 x - 6 7 * + 5 = | 5:balloon x:balloon -:balloon 6:dollar 7:balloon *:balloon +:balloon 5:balloon =:balloon
EXPR: 0 | POS | INT | 92 | 18 | 42 | ((5+x)-(6*7))=5 | 5 x + 6 7 * - 5 = | 5:balloon x:balloon +:balloon 6:balloon 7:dollar *:balloon -:balloon 5:balloon =:balloon
EXPR: 0 | POS | INT | 95 | 18 | 145 | (5*((5*7)-6))=x | 5 5 7 * 6 - * x = | 5:balloon 5:dollar 7:balloon *:dollar 6:dollar -:dollar *:dollar x:dollar =:dollar
EXPR: 0 | POS | INT | 95 | 18 | 205 | (5*((5*7)+6))=x | 5 5 7 * 6 + * x = | 5:balloon 5:dollar 7:balloon *:dollar 6:dollar +:dollar *:dollar x:dollar =:dollar
EXPR: 0 | POS | INT | 97 | 18 | 77 | (x-5)=((5+7)*6) | x 5 - 5 7 + 6 * = | x:balloon 5:balloon -:balloon 5:dollar 7:dollar +:dollar 6:balloon *:balloon =:balloon
NET 220 unique, non-negative, integer-valued solutions found out of 1000 total solutions
