parameters: n=9 l=4 k=1 p=5 q=1 m=10
TOTAL 1000 solutions found
SOLN: CORRECT | POS/NEG | INT/FRA | OBJ-SCORE | TRUE-ANS | ANS | INFIX | POSTFIX | TYPED-POSTFIX
EXPR: 0 | POS | FRA | 0 | 48 | 75.2 | (((2.7+15)+33)+24.5)=x | 2.7 15 + 33 + 24.5 + x = | 2.7:dime 15:dime +:dime 33:dime +:dime 24.5:dime +:dime x:dime =:dime
EXPR: 0 | POS | FRA | 0 | 48 | 45.2 | (2.7-(15-(33+24.5)))=x | 2.7 15 33 24.5 + - - x = | 2.7:dime 15:dime 33:dime 24.5:dime +:dime -:dime -:dime x:dime =:dime
EXPR: 0 | POS | FRA | 0 | 48 | 9.2 | x=(2.7+(15-(33-24.5))) | x 2.7 15 33 24.5 - - + = | x:dime 2.7:dime 15:dime 33:dime 24.5:dime -:dime -:dime +:dime =:dime
EXPR: 0 | POS | FRA | 0 | 48 | 26.2 | x=(((2.7+15)+33)-24.5) | x 2.7 15 + 33 + 24.5 - = | x:dime 2.7:dime 15:dime +:dime 33:dime +:dime 24.5:dime -:dime =:dime
EXPR: 0 | POS | FRA | 0 | 48 | 26.2 | x=(2.7+(15+(33-24.5))) | x 2.7 15 33 24.5 - + + = | x:dime 2.7:dime 15:dime 33:dime 24.5:dime -:dime +:dime +:dime =:dime
EXPR: 0 | POS | FRA | 0 | 48 | 75.2 | (2.7+(15+(33+24.5)))=x | 2.7 15 33 24.5 + + + x = | 2.7:dime 15:dime 33:dime 24.5:dime +:dime +:dime +:dime x:dime =:dime
EXPR: 0 | POS | FRA | 0 | 48 | 26.2 | x=((2.7+(15+33))-24.5) | x 2.7 15 33 + + 24.5 - = | x:dime 2.7:dime 15:dime 33:dime +:dime +:dime 24.5:dime -:dime =:dime
EXPR: 0 | POS | FRA | 0 | 48 | 75.2 | x=(2.7+(15+(33+24.5))) | x 2.7 15 33 24.5 + + + = | x:dime 2.7:dime 15:dime 33:dime 24.5:dime +:dime +:dime +:dime =:dime
EXPR: 0 | POS | FRA | 0 | 48 | 26.2 | x=(2.7+((15+33)-24.5)) | x 2.7 15 33 + 24.5 - + = | x:dime 2.7:dime 15:dime 33:dime +:dime 24.5:dime -:dime +:dime =:dime
EXPR: 0 | POS | FRA | 0 | 48 | 9.2 | (2.7+((15-33)+24.5))=x | 2.7 15 33 - 24.5 + + x = | 2.7:dime 15:dime 33:dime -:dime 24.5:dime +:dime +:dime x:dime =:dime
EXPR: 0 | POS | FRA | 0 | 48 | 45.2 | x=(2.7-(15-(33+24.5))) | x 2.7 15 33 24.5 + - - = | x:dime 2.7:dime 15:dime 33:dime 24.5:dime +:dime -:dime -:dime =:dime
EXPR: 0 | POS | FRA | 0 | 48 | 45.2 | x=((2.7-(15-33))+24.5) | x 2.7 15 33 - - 24.5 + = | x:dime 2.7:dime 15:dime 33:dime -:dime -:dime 24.5:dime +:dime =:dime
EXPR: 0 | POS | FRA | 0 | 48 | 26.2 | (2.7+((15+33)-24.5))=x | 2.7 15 33 + 24.5 - + x = | 2.7:dime 15:dime 33:dime +:dime 24.5:dime -:dime +:dime x:dime =:dime
EXPR: 0 | POS | FRA | 0 | 48 | 9.2 | x=((2.7+(15-33))+24.5) | x 2.7 15 33 - + 24.5 + = | x:dime 2.7:dime 15:dime 33:dime -:dime +:dime 24.5:dime +:dime =:dime
EXPR: 0 | POS | FRA | 0 | 48 | 45.2 | (2.7-((15-33)-24.5))=x | 2.7 15 33 - 24.5 - - x = | 2.7:dime 15:dime 33:dime -:dime 24.5:dime -:dime -:dime x:dime =:dime
EXPR: 0 | POS | FRA | 0 | 48 | 75.2 | x=(((2.7+15)+33)+24.5) | x 2.7 15 + 33 + 24.5 + = | x:dime 2.7:dime 15:dime +:dime 33:dime +:dime 24.5:dime +:dime =:dime
EXPR: 0 | POS | FRA | 0 | 48 | 9.2 | ((2.7+(15-33))+24.5)=x | 2.7 15 33 - + 24.5 + x = | 2.7:dime 15:dime 33:dime -:dime +:dime 24.5:dime +:dime x:dime =:dime
EXPR: 0 | POS | FRA | 0 | 48 | 75.2 | (2.7+((15+33)+24.5))=x | 2.7 15 33 + 24.5 + + x = | 2.7:dime 15:dime 33:dime +:dime 24.5:dime +:dime +:dime x:dime =:dime
EXPR: 0 | POS | FRA | 0 | 48 | 45.2 | (((2.7-15)+33)+24.5)=x | 2.7 15 - 33 + 24.5 + x = | 2.7:dime 15:dime -:dime 33:dime +:dime 24.5:dime +:dime x:dime =:dime
EXPR: 0 | POS | FRA | 0 | 48 | 75.2 | x=((2.7+(15+33))+24.5) | x 2.7 15 33 + + 24.5 + = | x:dime 2.7:dime 15:dime 33:dime +:dime +:dime 24.5:dime +:dime =:dime
EXPR: 0 | POS | FRA | 0 | 48 | 26.2 | ((2.7+(15+33))-24.5)=x | 2.7 15 33 + + 24.5 - x = | 2.7:dime 15:dime 33:dime +:dime +:dime 24.5:dime -:dime x:dime =:dime
EXPR: 0 | POS | FRA | 0 | 48 | 45.2 | x=(((2.7-15)+33)+24.5) | x 2.7 15 - 33 + 24.5 + = | x:dime 2.7:dime 15:dime -:dime 33:dime +:dime 24.5:dime +:dime =:dime
EXPR: 0 | POS | FRA | 0 | 48 | 26.2 | (((2.7+15)+33)-24.5)=x | 2.7 15 + 33 + 24.5 - x = | 2.7:dime 15:dime +:dime 33:dime +:dime 24.5:dime -:dime x:dime =:dime
EXPR: 0 | POS | FRA | 0 | 48 | 9.2 | (((2.7+15)-33)+24.5)=x | 2.7 15 + 33 - 24.5 + x = | 2.7:dime 15:dime +:dime 33:dime -:dime 24.5:dime +:dime x:dime =:dime
EXPR: 0 | POS | FRA | 0 | 48 | 9.2 | ((2.7+15)-(33-24.5))=x | 2.7 15 + 33 24.5 - - x = | 2.7:dime 15:dime +:dime 33:dime 24.5:dime -:dime -:dime x:dime =:dime
EXPR: 0 | POS | FRA | 0 | 48 | 26.2 | ((2.7+15)+(33-24.5))=x | 2.7 15 + 33 24.5 - + x = | 2.7:dime 15:dime +:dime 33:dime 24.5:dime -:dime +:dime x:dime =:dime
EXPR: 0 | POS | FRA | 0 | 48 | 75.2 | ((2.7+(15+33))+24.5)=x | 2.7 15 33 + + 24.5 + x = | 2.7:dime 15:dime 33:dime +:dime +:dime 24.5:dime +:dime x:dime =:dime
EXPR: 0 | POS | FRA | 0 | 48 | 45.2 | ((2.7-(15-33))+24.5)=x | 2.7 15 33 - - 24.5 + x = | 2.7:dime 15:dime 33:dime -:dime -:dime 24.5:dime +:dime x:dime =:dime
EXPR: 0 | POS | FRA | 0 | 48 | 26.2 | x=((2.7+15)+(33-24.5)) | x 2.7 15 + 33 24.5 - + = | x:dime 2.7:dime 15:dime +:dime 33:dime 24.5:dime -:dime +:dime =:dime
EXPR: 0 | POS | FRA | 0 | 48 | 9.2 | x=(2.7+((15-33)+24.5)) | x 2.7 15 33 - 24.5 + + = | x:dime 2.7:dime 15:dime 33:dime -:dime 24.5:dime +:dime +:dime =:dime
EXPR: 0 | POS | FRA | 0 | 48 | 9.2 | x=(((2.7+15)-33)+24.5) | x 2.7 15 + 33 - 24.5 + = | x:dime 2.7:dime 15:dime +:dime 33:dime -:dime 24.5:dime +:dime =:dime
EXPR: 0 | POS | FRA | 0 | 48 | 75.2 | ((2.7+15)+(33+24.5))=x | 2.7 15 + 33 24.5 + + x = | 2.7:dime 15:dime +:dime 33:dime 24.5:dime +:dime +:dime x:dime =:dime
EXPR: 0 | POS | FRA | 0 | 48 | 45.2 | x=(2.7-((15-33)-24.5)) | x 2.7 15 33 - 24.5 - - = | x:dime 2.7:dime 15:dime 33:dime -:dime 24.5:dime -:dime -:dime =:dime
EXPR: 0 | POS | FRA | 0 | 48 | 75.2 | x=(2.7+((15+33)+24.5)) | x 2.7 15 33 + 24.5 + + = | x:dime 2.7:dime 15:dime 33:dime +:dime 24.5:dime +:dime +:dime =:dime
EXPR: 0 | POS | FRA | 0 | 48 | 45.2 | ((2.7-15)+(33+24.5))=x | 2.7 15 - 33 24.5 + + x = | 2.7:dime 15:dime -:dime 33:dime 24.5:dime +:dime +:dime x:dime =:dime
EXPR: 0 | POS | FRA | 0 | 48 | 45.2 | x=((2.7-15)+(33+24.5)) | x 2.7 15 - 33 24.5 + + = | x:dime 2.7:dime 15:dime -:dime 33:dime 24.5:dime +:dime +:dime =:dime
EXPR: 0 | POS | FRA | 0 | 48 | 9.2 | x=((2.7+15)-(33-24.5)) | x 2.7 15 + 33 24.5 - - = | x:dime 2.7:dime 15:dime +:dime 33:dime 24.5:dime -:dime -:dime =:dime
EXPR: 0 | POS | FRA | 0 | 48 | 75.2 | x=((2.7+15)+(33+24.5)) | x 2.7 15 + 33 24.5 + + = | x:dime 2.7:dime 15:dime +:dime 33:dime 24.5:dime +:dime +:dime =:dime
EXPR: 0 | POS | FRA | 2 | 48 | 69.8 | ((2.7-(15+33))+x)=24.5 | 2.7 15 33 + - x + 24.5 = | 2.7:dime 15:dime 33:dime +:dime -:dime x:dime +:dime 24.5:dime =:dime
EXPR: 0 | POS | FRA | 2 | 48 | 69.8 | 2.7=(15-(x-(33+24.5))) | 2.7 15 x 33 24.5 + - - = | 2.7:dime 15:dime x:dime 33:dime 24.5:dime +:dime -:dime -:dime =:dime
EXPR: 0 | POS | FRA | 2 | 48 | 20.8 | 2.7=(15-(x-(33-24.5))) | 2.7 15 x 33 24.5 - - - = | 2.7:dime 15:dime x:dime 33:dime 24.5:dime -:dime -:dime -:dime =:dime
EXPR: 0 | POS | FRA | 2 | 48 | 69.8 | ((x+2.7)-(15+33))=24.5 | x 2.7 + 15 33 + - 24.5 = | x:dime 2.7:dime +:dime 15:dime 33:dime +:dime -:dime 24.5:dime =:dime
EXPR: 0 | POS | FRA | 2 | 48 | 3.8 | ((x+2.7)-(15-33))=24.5 | x 2.7 + 15 33 - - 24.5 = | x:dime 2.7:dime +:dime 15:dime 33:dime -:dime -:dime 24.5:dime =:dime
EXPR: 0 | POS | FRA | 2 | 48 | 69.8 | 2.7=(15+(33-(x-24.5))) | 2.7 15 33 x 24.5 - - + = | 2.7:dime 15:dime 33:dime x:dime 24.5:dime -:dime -:dime +:dime =:dime
EXPR: 0 | POS | FRA | 2 | 48 | 75.2 | ((x-2.7)-(15+33))=24.5 | x 2.7 - 15 33 + - 24.5 = | x:dime 2.7:dime -:dime 15:dime 33:dime +:dime -:dime 24.5:dime =:dime
EXPR: 0 | POS | FRA | 2 | 48 | 69.8 | (((2.7-15)+x)-33)=24.5 | 2.7 15 - x + 33 - 24.5 = | 2.7:dime 15:dime -:dime x:dime +:dime 33:dime -:dime 24.5:dime =:dime
EXPR: 0 | POS | FRA | 2 | 48 | 39.8 | ((x+2.7)+(15-33))=24.5 | x 2.7 + 15 33 - + 24.5 = | x:dime 2.7:dime +:dime 15:dime 33:dime -:dime +:dime 24.5:dime =:dime
EXPR: 0 | POS | FRA | 2 | 48 | 45.2 | ((x-2.7)+(15-33))=24.5 | x 2.7 - 15 33 - + 24.5 = | x:dime 2.7:dime -:dime 15:dime 33:dime -:dime +:dime 24.5:dime =:dime
EXPR: 0 | POS | FRA | 2 | 48 | 39.8 | (((2.7+15)+x)-33)=24.5 | 2.7 15 + x + 33 - 24.5 = | 2.7:dime 15:dime +:dime x:dime +:dime 33:dime -:dime 24.5:dime =:dime
EXPR: 0 | POS | FRA | 2 | 48 | 45.2 | 2.7=(15+(x-(33+24.5))) | 2.7 15 x 33 24.5 + - + = | 2.7:dime 15:dime x:dime 33:dime 24.5:dime +:dime -:dime +:dime =:dime
EXPR: 0 | POS | FRA | 2 | 48 | 20.8 | 2.7=(15+(33-(x+24.5))) | 2.7 15 33 x 24.5 + - + = | 2.7:dime 15:dime 33:dime x:dime 24.5:dime +:dime -:dime +:dime =:dime
EXPR: 0 | POS | FRA | 2 | 48 | 9.2 | ((x-2.7)-(15-33))=24.5 | x 2.7 - 15 33 - - 24.5 = | x:dime 2.7:dime -:dime 15:dime 33:dime -:dime -:dime 24.5:dime =:dime
EXPR: 0 | POS | FRA | 2 | 48 | 45.2 | 2.7=(15-(33-(x-24.5))) | 2.7 15 33 x 24.5 - - - = | 2.7:dime 15:dime 33:dime x:dime 24.5:dime -:dime -:dime -:dime =:dime
EXPR: 0 | POS | FRA | 2 | 48 | 3.8 | 2.7=(15-(33+(x-24.5))) | 2.7 15 33 x 24.5 - + - = | 2.7:dime 15:dime 33:dime x:dime 24.5:dime -:dime +:dime -:dime =:dime
EXPR: 0 | POS | FRA | 2 | 48 | 3.8 | (2.7+((x-15)+33))=24.5 | 2.7 x 15 - 33 + + 24.5 = | 2.7:dime x:dime 15:dime -:dime 33:dime +:dime +:dime 24.5:dime =:dime
EXPR: 0 | POS | FRA | 2 | 48 | 69.8 | (2.7+((x-15)-33))=24.5 | 2.7 x 15 - 33 - + 24.5 = | 2.7:dime x:dime 15:dime -:dime 33:dime -:dime +:dime 24.5:dime =:dime
EXPR: 0 | POS | FRA | 2 | 48 | 3.8 | 2.7=((15-(33-24.5))-x) | 2.7 15 33 24.5 - - x - = | 2.7:dime 15:dime 33:dime 24.5:dime -:dime -:dime x:dime -:dime =:dime
EXPR: 0 | POS | FRA | 2 | 48 | 45.2 | 2.7=((15-(33+24.5))+x) | 2.7 15 33 24.5 + - x + = | 2.7:dime 15:dime 33:dime 24.5:dime +:dime -:dime x:dime +:dime =:dime
EXPR: 0 | POS | FRA | 2 | 48 | 26.2 | ((2.7+(15+33))-x)=24.5 | 2.7 15 33 + + x - 24.5 = | 2.7:dime 15:dime 33:dime +:dime +:dime x:dime -:dime 24.5:dime =:dime
EXPR: 0 | POS | FRA | 2 | 48 | 26.2 | (((2.7+15)+33)-x)=24.5 | 2.7 15 + 33 + x - 24.5 = | 2.7:dime 15:dime +:dime 33:dime +:dime x:dime -:dime 24.5:dime =:dime
EXPR: 0 | POS | FRA | 10 | 48 | 9.2 | x=(((2.7+15)+24.5)-33) | x 2.7 15 + 24.5 + 33 - = | x:dime 2.7:dime 15:dime +:dime 24.5:dime +:dime 33:dime -:dime =:dime
EXPR: 0 | POS | FRA | 10 | 48 | 69.8 | x=(((15-2.7)+33)+24.5) | x 15 2.7 - 33 + 24.5 + = | x:dime 15:dime 2.7:dime -:dime 33:dime +:dime 24.5:dime +:dime =:dime
EXPR: 0 | POS | FRA | 10 | 48 | 3.8 | x=(((15-2.7)-33)+24.5) | x 15 2.7 - 33 - 24.5 + = | x:dime 15:dime 2.7:dime -:dime 33:dime -:dime 24.5:dime +:dime =:dime
EXPR: 0 | POS | FRA | 10 | 48 | 20.8 | x=(15-((2.7-33)+24.5)) | x 15 2.7 33 - 24.5 + - = | x:dime 15:dime 2.7:dime 33:dime -:dime 24.5:dime +:dime -:dime =:dime
EXPR: 0 | POS | FRA | 10 | 48 | 26.2 | x=(((2.7+15)-24.5)+33) | x 2.7 15 + 24.5 - 33 + = | x:dime 2.7:dime 15:dime +:dime 24.5:dime -:dime 33:dime +:dime =:dime
EXPR: 0 | POS | FRA | 10 | 48 | 9.2 | x=(2.7+(15+(24.5-33))) | x 2.7 15 24.5 33 - + + = | x:dime 2.7:dime 15:dime 24.5:dime 33:dime -:dime +:dime +:dime =:dime
EXPR: 0 | POS | FRA | 10 | 48 | 9.2 | x=(15+((2.7-33)+24.5)) | x 15 2.7 33 - 24.5 + + = | x:dime 15:dime 2.7:dime 33:dime -:dime 24.5:dime +:dime +:dime =:dime
EXPR: 0 | POS | FRA | 10 | 48 | 69.8 | x=(15-((2.7-33)-24.5)) | x 15 2.7 33 - 24.5 - - = | x:dime 15:dime 2.7:dime 33:dime -:dime 24.5:dime -:dime -:dime =:dime
EXPR: 0 | POS | FRA | 10 | 48 | 9.2 | x=(2.7-((33-15)-24.5)) | x 2.7 33 15 - 24.5 - - = | x:dime 2.7:dime 33:dime 15:dime -:dime 24.5:dime -:dime -:dime =:dime
EXPR: 0 | POS | FRA | 10 | 48 | 26.2 | x=((2.7+(15-24.5))+33) | x 2.7 15 24.5 - + 33 + = | x:dime 2.7:dime 15:dime 24.5:dime -:dime +:dime 33:dime +:dime =:dime
EXPR: 0 | POS | FRA | 10 | 48 | 9.2 | (((2.7+15)+24.5)-33)=x | 2.7 15 + 24.5 + 33 - x = | 2.7:dime 15:dime +:dime 24.5:dime +:dime 33:dime -:dime x:dime =:dime
EXPR: 0 | POS | FRA | 10 | 48 | 75.2 | x=(15+((2.7+33)+24.5)) | x 15 2.7 33 + 24.5 + + = | x:dime 15:dime 2.7:dime 33:dime +:dime 24.5:dime +:dime +:dime =:dime
EXPR: 0 | POS | FRA | 10 | 48 | 9.2 | ((2.7+(15+24.5))-33)=x | 2.7 15 24.5 + + 33 - x = | 2.7:dime 15:dime 24.5:dime +:dime +:dime 33:dime -:dime x:dime =:dime
EXPR: 0 | POS | FRA | 10 | 48 | 75.2 | x=((2.7+(15+24.5))+33) | x 2.7 15 24.5 + + 33 + = | x:dime 2.7:dime 15:dime 24.5:dime +:dime +:dime 33:dime +:dime =:dime
EXPR: 0 | POS | FRA | 10 | 48 | 75.2 | (((2.7+33)+15)+24.5)=x | 2.7 33 + 15 + 24.5 + x = | 2.7:dime 33:dime +:dime 15:dime +:dime 24.5:dime +:dime x:dime =:dime
EXPR: 0 | POS | FRA | 10 | 48 | 45.2 | x=(2.7+((33-15)+24.5)) | x 2.7 33 15 - 24.5 + + = | x:dime 2.7:dime 33:dime 15:dime -:dime 24.5:dime +:dime +:dime =:dime
EXPR: 0 | POS | FRA | 10 | 48 | 45.2 | x=((2.7-(15-24.5))+33) | x 2.7 15 24.5 - - 33 + = | x:dime 2.7:dime 15:dime 24.5:dime -:dime -:dime 33:dime +:dime =:dime
EXPR: 0 | POS | FRA | 10 | 48 | 26.2 | x=(2.7+((15-24.5)+33)) | x 2.7 15 24.5 - 33 + + = | x:dime 2.7:dime 15:dime 24.5:dime -:dime 33:dime +:dime +:dime =:dime
EXPR: 0 | POS | FRA | 10 | 48 | 45.2 | x=(2.7-((15-24.5)-33)) | x 2.7 15 24.5 - 33 - - = | x:dime 2.7:dime 15:dime 24.5:dime -:dime 33:dime -:dime -:dime =:dime
EXPR: 0 | POS | FRA | 10 | 48 | 69.8 | x=((15-2.7)+(33+24.5)) | x 15 2.7 - 33 24.5 + + = | x:dime 15:dime 2.7:dime -:dime 33:dime 24.5:dime +:dime +:dime =:dime
EXPR: 0 | POS | FRA | 10 | 48 | 75.2 | ((15+(2.7+33))+24.5)=x | 15 2.7 33 + + 24.5 + x = | 15:dime 2.7:dime 33:dime +:dime +:dime 24.5:dime +:dime x:dime =:dime
EXPR: 0 | POS | FRA | 10 | 48 | 75.2 | x=(2.7+((15+24.5)+33)) | x 2.7 15 24.5 + 33 + + = | x:dime 2.7:dime 15:dime 24.5:dime +:dime 33:dime +:dime +:dime =:dime
EXPR: 0 | POS | FRA | 10 | 48 | 3.8 | x=((15-2.7)-(33-24.5)) | x 15 2.7 - 33 24.5 - - = | x:dime 15:dime 2.7:dime -:dime 33:dime 24.5:dime -:dime -:dime =:dime
EXPR: 0 | POS | FRA | 10 | 48 | 69.8 | ((15-(2.7-33))+24.5)=x | 15 2.7 33 - - 24.5 + x = | 15:dime 2.7:dime 33:dime -:dime -:dime 24.5:dime +:dime x:dime =:dime
EXPR: 0 | POS | FRA | 10 | 48 | 26.2 | ((15+(2.7+33))-24.5)=x | 15 2.7 33 + + 24.5 - x = | 15:dime 2.7:dime 33:dime +:dime +:dime 24.5:dime -:dime x:dime =:dime
EXPR: 0 | POS | FRA | 10 | 48 | 9.2 | x=((2.7+15)+(24.5-33)) | x 2.7 15 + 24.5 33 - + = | x:dime 2.7:dime 15:dime +:dime 24.5:dime 33:dime -:dime +:dime =:dime
EXPR: 0 | POS | FRA | 10 | 48 | 26.2 | x=((2.7+15)-(24.5-33)) | x 2.7 15 + 24.5 33 - - = | x:dime 2.7:dime 15:dime +:dime 24.5:dime 33:dime -:dime -:dime =:dime
EXPR: 0 | POS | FRA | 10 | 48 | 9.2 | x=((2.7+(15+24.5))-33) | x 2.7 15 24.5 + + 33 - = | x:dime 2.7:dime 15:dime 24.5:dime +:dime +:dime 33:dime -:dime =:dime
EXPR: 0 | POS | FRA | 10 | 48 | 26.2 | x=(2.7+(33+(15-24.5))) | x 2.7 33 15 24.5 - + + = | x:dime 2.7:dime 33:dime 15:dime 24.5:dime -:dime +:dime +:dime =:dime
EXPR: 0 | POS | FRA | 10 | 48 | 75.2 | x=(2.7+(33+(15+24.5))) | x 2.7 33 15 24.5 + + + = | x:dime 2.7:dime 33:dime 15:dime 24.5:dime +:dime +:dime +:dime =:dime
EXPR: 0 | POS | FRA | 10 | 48 | 20.8 | x=((15-2.7)+(33-24.5)) | x 15 2.7 - 33 24.5 - + = | x:dime 15:dime 2.7:dime -:dime 33:dime 24.5:dime -:dime +:dime =:dime
EXPR: 0 | POS | FRA | 10 | 48 | 9.2 | ((15+(2.7-33))+24.5)=x | 15 2.7 33 - + 24.5 + x = | 15:dime 2.7:dime 33:dime -:dime +:dime 24.5:dime +:dime x:dime =:dime
EXPR: 0 | POS | FRA | 10 | 48 | 20.8 | (((15-2.7)+33)-24.5)=x | 15 2.7 - 33 + 24.5 - x = | 15:dime 2.7:dime -:dime 33:dime +:dime 24.5:dime -:dime x:dime =:dime
EXPR: 0 | POS | FRA | 10 | 48 | 3.8 | ((15-2.7)-(33-24.5))=x | 15 2.7 - 33 24.5 - - x = | 15:dime 2.7:dime -:dime 33:dime 24.5:dime -:dime -:dime x:dime =:dime
EXPR: 0 | POS | FRA | 10 | 48 | 69.8 | ((15-2.7)+(33+24.5))=x | 15 2.7 - 33 24.5 + + x = | 15:dime 2.7:dime -:dime 33:dime 24.5:dime +:dime +:dime x:dime =:dime
EXPR: 0 | POS | FRA | 10 | 48 | 45.2 | (2.7+((33-15)+24.5))=x | 2.7 33 15 - 24.5 + + x = | 2.7:dime 33:dime 15:dime -:dime 24.5:dime +:dime +:dime x:dime =:dime
EXPR: 0 | POS | FRA | 10 | 48 | 45.2 | (((2.7+33)-15)+24.5)=x | 2.7 33 + 15 - 24.5 + x = | 2.7:dime 33:dime +:dime 15:dime -:dime 24.5:dime +:dime x:dime =:dime
EXPR: 0 | POS | FRA | 10 | 48 | 3.8 | x=(15-((2.7+33)-24.5)) | x 15 2.7 33 + 24.5 - - = | x:dime 15:dime 2.7:dime 33:dime +:dime 24.5:dime -:dime -:dime =:dime
EXPR: 0 | POS | FRA | 10 | 48 | 9.2 | x=(2.7+((15+24.5)-33)) | x 2.7 15 24.5 + 33 - + = | x:dime 2.7:dime 15:dime 24.5:dime +:dime 33:dime -:dime +:dime =:dime
EXPR: 0 | POS | FRA | 10 | 48 | 20.8 | ((15-(2.7-33))-24.5)=x | 15 2.7 33 - - 24.5 - x = | 15:dime 2.7:dime 33:dime -:dime -:dime 24.5:dime -:dime x:dime =:dime
EXPR: 0 | POS | FRA | 10 | 48 | 9.2 | x=((2.7-33)+(15+24.5)) | x 2.7 33 - 15 24.5 + + = | x:dime 2.7:dime 33:dime -:dime 15:dime 24.5:dime +:dime +:dime =:dime
EXPR: 0 | POS | FRA | 12 | 48 | 39.8 | (2.7-(33-(15+x)))=24.5 | 2.7 33 15 x + - - 24.5 = | 2.7:dime 33:dime 15:dime x:dime +:dime -:dime -:dime 24.5:dime =:dime
EXPR: 0 | POS | FRA | 12 | 48 | 45.2 | ((x-2.7)+15)=(33+24.5) | x 2.7 - 15 + 33 24.5 + = | x:dime 2.7:dime -:dime 15:dime +:dime 33:dime 24.5:dime +:dime =:dime
EXPR: 0 | POS | FRA | 12 | 48 | 20.8 | 2.7=(((33-x)+15)-24.5) | 2.7 33 x - 15 + 24.5 - = | 2.7:dime 33:dime x:dime -:dime 15:dime +:dime 24.5:dime -:dime =:dime
EXPR: 0 | POS | FRA | 12 | 48 | 3.8 | ((2.7+x)+(33-15))=24.5 | 2.7 x + 33 15 - + 24.5 = | 2.7:dime x:dime +:dime 33:dime 15:dime -:dime +:dime 24.5:dime =:dime
EXPR: 0 | POS | FRA | 12 | 48 | 39.8 | ((2.7+x)-(33-15))=24.5 | 2.7 x + 33 15 - - 24.5 = | 2.7:dime x:dime +:dime 33:dime 15:dime -:dime -:dime 24.5:dime =:dime
EXPR: 0 | POS | FRA | 12 | 48 | 20.8 | (2.7-15)=((33-24.5)-x) | 2.7 15 - 33 24.5 - x - = | 2.7:dime 15:dime -:dime 33:dime 24.5:dime -:dime x:dime -:dime =:dime
EXPR: 0 | POS | FRA | 12 | 48 | 20.8 | (x+2.7)=((15+33)-24.5) | x 2.7 + 15 33 + 24.5 - = | x:dime 2.7:dime +:dime 15:dime 33:dime +:dime 24.5:dime -:dime =:dime
EXPR: 0 | POS | FRA | 12 | 48 | 26.2 | (x-2.7)=((15+33)-24.5) | x 2.7 - 15 33 + 24.5 - = | x:dime 2.7:dime -:dime 15:dime 33:dime +:dime 24.5:dime -:dime =:dime
EXPR: 0 | POS | FRA | 12 | 48 | 3.8 | 2.7=(15-(x-(24.5-33))) | 2.7 15 x 24.5 33 - - - = | 2.7:dime 15:dime x:dime 24.5:dime 33:dime -:dime -:dime -:dime =:dime
EXPR: 0 | POS | FRA | 12 | 48 | 69.8 | 2.7=(33-(x-(15+24.5))) | 2.7 33 x 15 24.5 + - - = | 2.7:dime 33:dime x:dime 15:dime 24.5:dime +:dime -:dime -:dime =:dime
EXPR: 0 | POS | FRA | 12 | 48 | 20.8 | 2.7=(33-(x-(15-24.5))) | 2.7 33 x 15 24.5 - - - = | 2.7:dime 33:dime x:dime 15:dime 24.5:dime -:dime -:dime -:dime =:dime
EXPR: 0 | POS | FRA | 12 | 48 | 69.8 | 2.7=(33+((15+24.5)-x)) | 2.7 33 15 24.5 + x - + = | 2.7:dime 33:dime 15:dime 24.5:dime +:dime x:dime -:dime +:dime =:dime
EXPR: 0 | POS | FRA | 12 | 48 | 9.2 | 2.7=(((33+x)-15)-24.5) | 2.7 33 x + 15 - 24.5 - = | 2.7:dime 33:dime x:dime +:dime 15:dime -:dime 24.5:dime -:dime =:dime
EXPR: 0 | POS | FRA | 12 | 48 | 20.8 | 15=(2.7+(x-(33-24.5))) | 15 2.7 x 33 24.5 - - + = | 15:dime 2.7:dime x:dime 33:dime 24.5:dime -:dime -:dime +:dime =:dime
EXPR: 0 | POS | FRA | 12 | 48 | 69.8 | 2.7=(((33-x)+15)+24.5) | 2.7 33 x - 15 + 24.5 + = | 2.7:dime 33:dime x:dime -:dime 15:dime +:dime 24.5:dime +:dime =:dime
EXPR: 0 | POS | FRA | 12 | 48 | 69.8 | (((2.7-15)+x)-24.5)=33 | 2.7 15 - x + 24.5 - 33 = | 2.7:dime 15:dime -:dime x:dime +:dime 24.5:dime -:dime 33:dime =:dime
EXPR: 0 | POS | FRA | 12 | 48 | 3.8 | ((x-15)+(2.7+33))=24.5 | x 15 - 2.7 33 + + 24.5 = | x:dime 15:dime -:dime 2.7:dime 33:dime +:dime +:dime 24.5:dime =:dime
EXPR: 0 | POS | FRA | 12 | 48 | 39.8 | ((x+15)+(2.7-33))=24.5 | x 15 + 2.7 33 - + 24.5 = | x:dime 15:dime +:dime 2.7:dime 33:dime -:dime +:dime 24.5:dime =:dime
EXPR: 0 | POS | FRA | 12 | 48 | 26.2 | ((x-2.7)-15)=(33-24.5) | x 2.7 - 15 - 33 24.5 - = | x:dime 2.7:dime -:dime 15:dime -:dime 33:dime 24.5:dime -:dime =:dime
EXPR: 0 | POS | FRA | 12 | 48 | 45.2 | 15=(2.7-(x-(33+24.5))) | 15 2.7 x 33 24.5 + - - = | 15:dime 2.7:dime x:dime 33:dime 24.5:dime +:dime -:dime -:dime =:dime
EXPR: 0 | POS | FRA | 12 | 48 | 75.2 | (2.7+15)=(x-(33+24.5)) | 2.7 15 + x 33 24.5 + - = | 2.7:dime 15:dime +:dime x:dime 33:dime 24.5:dime +:dime -:dime =:dime
EXPR: 0 | POS | FRA | 12 | 48 | 45.2 | (2.7-15)=(x-(33+24.5)) | 2.7 15 - x 33 24.5 + - = | 2.7:dime 15:dime -:dime x:dime 33:dime 24.5:dime +:dime -:dime =:dime
EXPR: 0 | POS | FRA | 12 | 48 | 9.2 | (2.7+15)=(x+(33-24.5)) | 2.7 15 + x 33 24.5 - + = | 2.7:dime 15:dime +:dime x:dime 33:dime 24.5:dime -:dime +:dime =:dime
EXPR: 0 | POS | FRA | 12 | 48 | 39.8 | 2.7=(((33-x)-15)+24.5) | 2.7 33 x - 15 - 24.5 + = | 2.7:dime 33:dime x:dime -:dime 15:dime -:dime 24.5:dime +:dime =:dime
EXPR: 0 | POS | FRA | 12 | 48 | 20.8 | ((x+2.7)-15)=(33-24.5) | x 2.7 + 15 - 33 24.5 - = | x:dime 2.7:dime +:dime 15:dime -:dime 33:dime 24.5:dime -:dime =:dime
EXPR: 0 | POS | FRA | 12 | 48 | 20.8 | ((2.7+x)-15)=(33-24.5) | 2.7 x + 15 - 33 24.5 - = | 2.7:dime x:dime +:dime 15:dime -:dime 33:dime 24.5:dime -:dime =:dime
EXPR: 0 | POS | FRA | 12 | 48 | 9.2 | 2.7=(33+(x-(15+24.5))) | 2.7 33 x 15 24.5 + - + = | 2.7:dime 33:dime x:dime 15:dime 24.5:dime +:dime -:dime +:dime =:dime
EXPR: 0 | POS | FRA | 12 | 48 | 45.2 | 15=(2.7+(33-(x-24.5))) | 15 2.7 33 x 24.5 - - + = | 15:dime 2.7:dime 33:dime x:dime 24.5:dime -:dime -:dime +:dime =:dime
EXPR: 0 | POS | FRA | 12 | 48 | 3.8 | 15=(2.7+(33+(x-24.5))) | 15 2.7 33 x 24.5 - + + = | 15:dime 2.7:dime 33:dime x:dime 24.5:dime -:dime +:dime +:dime =:dime
EXPR: 0 | POS | FRA | 12 | 48 | 39.8 | (2.7+((15+x)-24.5))=33 | 2.7 15 x + 24.5 - + 33 = | 2.7:dime 15:dime x:dime +:dime 24.5:dime -:dime +:dime 33:dime =:dime
EXPR: 0 | POS | FRA | 12 | 48 | 69.8 | ((x+2.7)-15)=(33+24.5) | x 2.7 + 15 - 33 24.5 + = | x:dime 2.7:dime +:dime 15:dime -:dime 33:dime 24.5:dime +:dime =:dime
EXPR: 0 | POS | FRA | 12 | 48 | 20.8 | 15=(2.7-(33-(x+24.5))) | 15 2.7 33 x 24.5 + - - = | 15:dime 2.7:dime 33:dime x:dime 24.5:dime +:dime -:dime -:dime =:dime
EXPR: 0 | POS | FRA | 12 | 48 | 20.8 | (2.7-((15-x)-24.5))=33 | 2.7 15 x - 24.5 - - 33 = | 2.7:dime 15:dime x:dime -:dime 24.5:dime -:dime -:dime 33:dime =:dime
EXPR: 0 | POS | FRA | 12 | 48 | 69.8 | 2.7=(15+(24.5+(33-x))) | 2.7 15 24.5 33 x - + + = | 2.7:dime 15:dime 24.5:dime 33:dime x:dime -:dime +:dime +:dime =:dime
EXPR: 0 | POS | FRA | 12 | 48 | 69.8 | ((x-15)+(2.7-33))=24.5 | x 15 - 2.7 33 - + 24.5 = | x:dime 15:dime -:dime 2.7:dime 33:dime -:dime +:dime 24.5:dime =:dime
EXPR: 0 | POS | FRA | 12 | 48 | 69.8 | 15=(2.7-(33-(x-24.5))) | 15 2.7 33 x 24.5 - - - = | 15:dime 2.7:dime 33:dime x:dime 24.5:dime -:dime -:dime -:dime =:dime
EXPR: 0 | POS | FRA | 12 | 48 | 39.8 | ((2.7+15)-33)=(24.5-x) | 2.7 15 + 33 - 24.5 x - = | 2.7:dime 15:dime +:dime 33:dime -:dime 24.5:dime x:dime -:dime =:dime
EXPR: 0 | POS | FRA | 12 | 48 | 39.8 | (((2.7+x)+15)-24.5)=33 | 2.7 x + 15 + 24.5 - 33 = | 2.7:dime x:dime +:dime 15:dime +:dime 24.5:dime -:dime 33:dime =:dime
EXPR: 0 | POS | FRA | 12 | 48 | 26.2 | (((2.7+33)+15)-x)=24.5 | 2.7 33 + 15 + x - 24.5 = | 2.7:dime 33:dime +:dime 15:dime +:dime x:dime -:dime 24.5:dime =:dime
EXPR: 0 | POS | FRA | 12 | 48 | 26.2 | ((2.7+15)+33)=(24.5+x) | 2.7 15 + 33 + 24.5 x + = | 2.7:dime 15:dime +:dime 33:dime +:dime 24.5:dime x:dime +:dime =:dime
EXPR: 0 | POS | FRA | 12 | 48 | 75.2 | ((x-2.7)-15)=(33+24.5) | x 2.7 - 15 - 33 24.5 + = | x:dime 2.7:dime -:dime 15:dime -:dime 33:dime 24.5:dime +:dime =:dime
EXPR: 0 | POS | FRA | 12 | 48 | 20.8 | (((15-2.7)+33)-x)=24.5 | 15 2.7 - 33 + x - 24.5 = | 15:dime 2.7:dime -:dime 33:dime +:dime x:dime -:dime 24.5:dime =:dime
EXPR: 0 | POS | FRA | 12 | 48 | 39.8 | (((2.7-33)+x)+15)=24.5 | 2.7 33 - x + 15 + 24.5 = | 2.7:dime 33:dime -:dime x:dime +:dime 15:dime +:dime 24.5:dime =:dime
EXPR: 0 | POS | FRA | 12 | 48 | 26.2 | (((2.7+33)-x)+15)=24.5 | 2.7 33 + x - 15 + 24.5 = | 2.7:dime 33:dime +:dime x:dime -:dime 15:dime +:dime 24.5:dime =:dime
EXPR: 0 | POS | FRA | 12 | 48 | 9.2 | (2.7+15)=((x+33)-24.5) | 2.7 15 + x 33 + 24.5 - = | 2.7:dime 15:dime +:dime x:dime 33:dime +:dime 24.5:dime -:dime =:dime
EXPR: 0 | POS | FRA | 12 | 48 | 45.2 | ((15-(2.7+33))+x)=24.5 | 15 2.7 33 + - x + 24.5 = | 15:dime 2.7:dime 33:dime +:dime -:dime x:dime +:dime 24.5:dime =:dime
EXPR: 0 | POS | FRA | 12 | 48 | 26.2 | ((15+(2.7+33))-x)=24.5 | 15 2.7 33 + + x - 24.5 = | 15:dime 2.7:dime 33:dime +:dime +:dime x:dime -:dime 24.5:dime =:dime
EXPR: 0 | POS | FRA | 12 | 48 | 3.8 | 15=(((x+2.7)+33)-24.5) | 15 x 2.7 + 33 + 24.5 - = | 15:dime x:dime 2.7:dime +:dime 33:dime +:dime 24.5:dime -:dime =:dime
EXPR: 0 | POS | FRA | 12 | 48 | 9.2 | 2.7=(33-((15+24.5)-x)) | 2.7 33 15 24.5 + x - - = | 2.7:dime 33:dime 15:dime 24.5:dime +:dime x:dime -:dime -:dime =:dime
EXPR: 0 | POS | FRA | 12 | 48 | 20.8 | (2.7+x)=((15+33)-24.5) | 2.7 x + 15 33 + 24.5 - = | 2.7:dime x:dime +:dime 15:dime 33:dime +:dime 24.5:dime -:dime =:dime
EXPR: 0 | POS | FRA | 12 | 48 | 39.8 | (((2.7+15)-24.5)+x)=33 | 2.7 15 + 24.5 - x + 33 = | 2.7:dime 15:dime +:dime 24.5:dime -:dime x:dime +:dime 33:dime =:dime
EXPR: 0 | POS | FRA | 12 | 48 | 9.2 | 15=(((x-2.7)+33)-24.5) | 15 x 2.7 - 33 + 24.5 - = | 15:dime x:dime 2.7:dime -:dime 33:dime +:dime 24.5:dime -:dime =:dime
EXPR: 0 | POS | FRA | 12 | 48 | 69.8 | (2.7-(33+(15-x)))=24.5 | 2.7 33 15 x - + - 24.5 = | 2.7:dime 33:dime 15:dime x:dime -:dime +:dime -:dime 24.5:dime =:dime
EXPR: 0 | POS | FRA | 12 | 48 | 9.2 | (((2.7-x)+15)+24.5)=33 | 2.7 x - 15 + 24.5 + 33 = | 2.7:dime x:dime -:dime 15:dime +:dime 24.5:dime +:dime 33:dime =:dime
EXPR: 0 | POS | FRA | 12 | 48 | 69.8 | 15=((2.7-(33+24.5))+x) | 15 2.7 33 24.5 + - x + = | 15:dime 2.7:dime 33:dime 24.5:dime +:dime -:dime x:dime +:dime =:dime
EXPR: 0 | POS | FRA | 12 | 48 | 39.8 | (((2.7+15)+x)-24.5)=33 | 2.7 15 + x + 24.5 - 33 = | 2.7:dime 15:dime +:dime x:dime +:dime 24.5:dime -:dime 33:dime =:dime
EXPR: 0 | POS | FRA | 12 | 48 | 9.2 | ((2.7+(15+24.5))-x)=33 | 2.7 15 24.5 + + x - 33 = | 2.7:dime 15:dime 24.5:dime +:dime +:dime x:dime -:dime 33:dime =:dime
EXPR: 0 | POS | FRA | 12 | 48 | 45.2 | 2.7=(15-(24.5+(33-x))) | 2.7 15 24.5 33 x - + - = | 2.7:dime 15:dime 24.5:dime 33:dime x:dime -:dime +:dime -:dime =:dime
EXPR: 0 | POS | FRA | 12 | 48 | 69.8 | (((2.7+x)-15)-24.5)=33 | 2.7 x + 15 - 24.5 - 33 = | 2.7:dime x:dime +:dime 15:dime -:dime 24.5:dime -:dime 33:dime =:dime
EXPR: 0 | POS | FRA | 12 | 48 | 20.8 | 15=((2.7-(33-24.5))+x) | 15 2.7 33 24.5 - - x + = | 15:dime 2.7:dime 33:dime 24.5:dime -:dime -:dime x:dime +:dime =:dime
EXPR: 0 | POS | FRA | 12 | 48 | 3.8 | 15=((2.7+(33-24.5))+x) | 15 2.7 33 24.5 - + x + = | 15:dime 2.7:dime 33:dime 24.5:dime -:dime +:dime x:dime +:dime =:dime
EXPR: 0 | POS | FRA | 12 | 48 | 3.8 | 2.7=(((15-x)+24.5)-33) | 2.7 15 x - 24.5 + 33 - = | 2.7:dime 15:dime x:dime -:dime 24.5:dime +:dime 33:dime -:dime =:dime
EXPR: 0 | POS | FRA | 12 | 48 | 39.8 | (2.7+((x-33)+15))=24.5 | 2.7 x 33 - 15 + + 24.5 = | 2.7:dime x:dime 33:dime -:dime 15:dime +:dime +:dime 24.5:dime =:dime
EXPR: 0 | POS | FRA | 12 | 48 | 3.8 | (2.7+((x+33)-15))=24.5 | 2.7 x 33 + 15 - + 24.5 = | 2.7:dime x:dime 33:dime +:dime 15:dime -:dime +:dime 24.5:dime =:dime
EXPR: 0 | POS | FRA | 12 | 48 | 26.2 | (2.7-((x-33)-15))=24.5 | 2.7 x 33 - 15 - - 24.5 = | 2.7:dime x:dime 33:dime -:dime 15:dime -:dime -:dime 24.5:dime =:dime
EXPR: 0 | POS | FRA | 12 | 48 | 69.8 | (2.7+((x-33)-15))=24.5 | 2.7 x 33 - 15 - + 24.5 = | 2.7:dime x:dime 33:dime -:dime 15:dime -:dime +:dime 24.5:dime =:dime
EXPR: 0 | POS | FRA | 12 | 48 | 45.2 | 2.7=(((x-33)+15)-24.5) | 2.7 x 33 - 15 + 24.5 - = | 2.7:dime x:dime 33:dime -:dime 15:dime +:dime 24.5:dime -:dime =:dime
EXPR: 0 | POS | FRA | 20 | 48 | 20.8 | (15-((2.7+24.5)-33))=x | 15 2.7 24.5 + 33 - - x = | 15:dime 2.7:dime 24.5:dime +:dime 33:dime -:dime -:dime x:dime =:dime
EXPR: 0 | POS | FRA | 20 | 48 | 20.8 | x=((15-2.7)-(24.5-33)) | x 15 2.7 - 24.5 33 - - = | x:dime 15:dime 2.7:dime -:dime 24.5:dime 33:dime -:dime -:dime =:dime
EXPR: 0 | POS | FRA | 20 | 48 | 69.8 | x=(15-((2.7-24.5)-33)) | x 15 2.7 24.5 - 33 - - = | x:dime 15:dime 2.7:dime 24.5:dime -:dime 33:dime -:dime -:dime =:dime
EXPR: 0 | POS | FRA | 20 | 48 | 75.2 | x=(15+((2.7+24.5)+33)) | x 15 2.7 24.5 + 33 + + = | x:dime 15:dime 2.7:dime 24.5:dime +:dime 33:dime +:dime +:dime =:dime
EXPR: 0 | POS | FRA | 20 | 48 | 3.8 | (((15-2.7)+24.5)-33)=x | 15 2.7 - 24.5 + 33 - x = | 15:dime 2.7:dime -:dime 24.5:dime +:dime 33:dime -:dime x:dime =:dime
EXPR: 0 | POS | FRA | 20 | 48 | 20.8 | x=(15-((2.7+24.5)-33)) | x 15 2.7 24.5 + 33 - - = | x:dime 15:dime 2.7:dime 24.5:dime +:dime 33:dime -:dime -:dime =:dime
EXPR: 0 | POS | FRA | 20 | 48 | 69.8 | x=(((15-2.7)+24.5)+33) | x 15 2.7 - 24.5 + 33 + = | x:dime 15:dime 2.7:dime -:dime 24.5:dime +:dime 33:dime +:dime =:dime
EXPR: 0 | POS | FRA | 20 | 48 | 3.8 | x=(15-((2.7-24.5)+33)) | x 15 2.7 24.5 - 33 + - = | x:dime 15:dime 2.7:dime 24.5:dime -:dime 33:dime +:dime -:dime =:dime
EXPR: 0 | POS | FRA | 20 | 48 | 9.2 | (15+(2.7+(24.5-33)))=x | 15 2.7 24.5 33 - + + x = | 15:dime 2.7:dime 24.5:dime 33:dime -:dime +:dime +:dime x:dime =:dime
EXPR: 0 | POS | FRA | 20 | 48 | 26.2 | (15+(2.7-(24.5-33)))=x | 15 2.7 24.5 33 - - + x = | 15:dime 2.7:dime 24.5:dime 33:dime -:dime -:dime +:dime x:dime =:dime
EXPR: 0 | POS | FRA | 20 | 48 | 20.8 | (15-(2.7+(24.5-33)))=x | 15 2.7 24.5 33 - + - x = | 15:dime 2.7:dime 24.5:dime 33:dime -:dime +:dime -:dime x:dime =:dime
EXPR: 0 | POS | FRA | 20 | 48 | 26.2 | x=(15+((2.7-24.5)+33)) | x 15 2.7 24.5 - 33 + + = | x:dime 15:dime 2.7:dime 24.5:dime -:dime 33:dime +:dime +:dime =:dime
EXPR: 0 | POS | FRA | 20 | 48 | 26.2 | x=(15+(2.7-(24.5-33))) | x 15 2.7 24.5 33 - - + = | x:dime 15:dime 2.7:dime 24.5:dime 33:dime -:dime -:dime +:dime =:dime
EXPR: 0 | POS | FRA | 20 | 48 | 3.8 | x=(15-(2.7-(24.5-33))) | x 15 2.7 24.5 33 - - - = | x:dime 15:dime 2.7:dime 24.5:dime 33:dime -:dime -:dime -:dime =:dime
EXPR: 0 | POS | FRA | 22 | 48 | 75.2 | (2.7+15)=((x-24.5)-33) | 2.7 15 + x 24.5 - 33 - = | 2.7:dime 15:dime +:dime x:dime 24.5:dime -:dime 33:dime -:dime =:dime
EXPR: 0 | POS | FRA | 22 | 48 | 69.8 | ((x-15)+2.7)=(33+24.5) | x 15 - 2.7 + 33 24.5 + = | x:dime 15:dime -:dime 2.7:dime +:dime 33:dime 24.5:dime +:dime =:dime
EXPR: 0 | POS | FRA | 22 | 48 | 9.2 | ((x-2.7)+33)=(15+24.5) | x 2.7 - 33 + 15 24.5 + = | x:dime 2.7:dime -:dime 33:dime +:dime 15:dime 24.5:dime +:dime =:dime
EXPR: 0 | POS | FRA | 22 | 48 | 3.8 | (2.7+(33-15))=(24.5-x) | 2.7 33 15 - + 24.5 x - = | 2.7:dime 33:dime 15:dime -:dime +:dime 24.5:dime x:dime -:dime =:dime
EXPR: 0 | POS | FRA | 22 | 48 | 20.8 | ((x-15)+2.7)=(33-24.5) | x 15 - 2.7 + 33 24.5 - = | x:dime 15:dime -:dime 2.7:dime +:dime 33:dime 24.5:dime -:dime =:dime
EXPR: 0 | POS | FRA | 22 | 48 | 3.8 | (x+2.7)=((15+24.5)-33) | x 2.7 + 15 24.5 + 33 - = | x:dime 2.7:dime +:dime 15:dime 24.5:dime +:dime 33:dime -:dime =:dime
EXPR: 0 | POS | FRA | 22 | 48 | 26.2 | (x-15)=((2.7+33)-24.5) | x 15 - 2.7 33 + 24.5 - = | x:dime 15:dime -:dime 2.7:dime 33:dime +:dime 24.5:dime -:dime =:dime
EXPR: 0 | POS | FRA | 22 | 48 | 45.2 | (2.7+33)=((x+15)-24.5) | 2.7 33 + x 15 + 24.5 - = | 2.7:dime 33:dime +:dime x:dime 15:dime +:dime 24.5:dime -:dime =:dime
EXPR: 0 | POS | FRA | 22 | 48 | 45.2 | ((x+15)-(2.7+24.5))=33 | x 15 + 2.7 24.5 + - 33 = | x:dime 15:dime +:dime 2.7:dime 24.5:dime +:dime -:dime 33:dime =:dime
EXPR: 0 | POS | FRA | 22 | 48 | 9.2 | (2.7-33)=((x-15)-24.5) | 2.7 33 - x 15 - 24.5 - = | 2.7:dime 33:dime -:dime x:dime 15:dime -:dime 24.5:dime -:dime =:dime
EXPR: 0 | POS | FRA | 22 | 48 | 75.2 | (2.7+33)=((x-15)-24.5) | 2.7 33 + x 15 - 24.5 - = | 2.7:dime 33:dime +:dime x:dime 15:dime -:dime 24.5:dime -:dime =:dime
EXPR: 0 | POS | FRA | 22 | 48 | 39.8 | ((x+15)+(2.7-24.5))=33 | x 15 + 2.7 24.5 - + 33 = | x:dime 15:dime +:dime 2.7:dime 24.5:dime -:dime +:dime 33:dime =:dime
EXPR: 0 | POS | FRA | 22 | 48 | 26.2 | (2.7+33)=((x-15)+24.5) | 2.7 33 + x 15 - 24.5 + = | 2.7:dime 33:dime +:dime x:dime 15:dime -:dime 24.5:dime +:dime =:dime
EXPR: 0 | POS | FRA | 22 | 48 | 20.8 | 15=(2.7+(24.5-(33-x))) | 15 2.7 24.5 33 x - - + = | 15:dime 2.7:dime 24.5:dime 33:dime x:dime -:dime -:dime +:dime =:dime
EXPR: 0 | POS | FRA | 22 | 48 | 45.2 | 15=(((2.7+24.5)+33)-x) | 15 2.7 24.5 + 33 + x - = | 15:dime 2.7:dime 24.5:dime +:dime 33:dime +:dime x:dime -:dime =:dime
EXPR: 0 | POS | FRA | 22 | 48 | 3.8 | 15=(2.7-(24.5-(33+x))) | 15 2.7 24.5 33 x + - - = | 15:dime 2.7:dime 24.5:dime 33:dime x:dime +:dime -:dime -:dime =:dime
EXPR: 0 | POS | FRA | 22 | 48 | 3.8 | (x+(2.7+33))=(15+24.5) | x 2.7 33 + + 15 24.5 + = | x:dime 2.7:dime 33:dime +:dime +:dime 15:dime 24.5:dime +:dime =:dime
EXPR: 0 | POS | FRA | 22 | 48 | 20.8 | 15=(((2.7+24.5)-33)+x) | 15 2.7 24.5 + 33 - x + = | 15:dime 2.7:dime 24.5:dime +:dime 33:dime -:dime x:dime +:dime =:dime
EXPR: 0 | POS | FRA | 22 | 48 | 20.8 | ((x-15)+(2.7+24.5))=33 | x 15 - 2.7 24.5 + + 33 = | x:dime 15:dime -:dime 2.7:dime 24.5:dime +:dime +:dime 33:dime =:dime
EXPR: 0 | POS | FRA | 22 | 48 | 26.2 | ((x-15)-2.7)=(33-24.5) | x 15 - 2.7 - 33 24.5 - = | x:dime 15:dime -:dime 2.7:dime -:dime 33:dime 24.5:dime -:dime =:dime
EXPR: 0 | POS | FRA | 22 | 48 | 69.8 | 15=(((2.7-24.5)-33)+x) | 15 2.7 24.5 - 33 - x + = | 15:dime 2.7:dime 24.5:dime -:dime 33:dime -:dime x:dime +:dime =:dime
EXPR: 0 | POS | FRA | 22 | 48 | 3.8 | 15=(2.7+(x-(24.5-33))) | 15 2.7 x 24.5 33 - - + = | 15:dime 2.7:dime x:dime 24.5:dime 33:dime -:dime -:dime +:dime =:dime
EXPR: 0 | POS | FRA | 22 | 48 | 39.8 | (2.7-(33-15))=(24.5-x) | 2.7 33 15 - - 24.5 x - = | 2.7:dime 33:dime 15:dime -:dime -:dime 24.5:dime x:dime -:dime =:dime
EXPR: 0 | POS | FRA | 22 | 48 | 75.2 | (2.7+33)=(x-(15+24.5)) | 2.7 33 + x 15 24.5 + - = | 2.7:dime 33:dime +:dime x:dime 15:dime 24.5:dime +:dime -:dime =:dime
EXPR: 0 | POS | FRA | 22 | 48 | 9.2 | (2.7-33)=(x-(15+24.5)) | 2.7 33 - x 15 24.5 + - = | 2.7:dime 33:dime -:dime x:dime 15:dime 24.5:dime +:dime -:dime =:dime
EXPR: 0 | POS | FRA | 22 | 48 | 3.8 | (15-((2.7+x)-24.5))=33 | 15 2.7 x + 24.5 - - 33 = | 15:dime 2.7:dime x:dime +:dime 24.5:dime -:dime -:dime 33:dime =:dime
EXPR: 0 | POS | FRA | 22 | 48 | 45.2 | 15=(2.7+(24.5-(x-33))) | 15 2.7 24.5 x 33 - - + = | 15:dime 2.7:dime 24.5:dime x:dime 33:dime -:dime -:dime +:dime =:dime
EXPR: 0 | POS | FRA | 22 | 48 | 45.2 | (15-((2.7-x)+24.5))=33 | 15 2.7 x - 24.5 + - 33 = | 15:dime 2.7:dime x:dime -:dime 24.5:dime +:dime -:dime 33:dime =:dime
EXPR: 0 | POS | FRA | 22 | 48 | 20.8 | ((2.7+x)-33)=(15-24.5) | 2.7 x + 33 - 15 24.5 - = | 2.7:dime x:dime +:dime 33:dime -:dime 15:dime 24.5:dime -:dime =:dime
EXPR: 0 | POS | FRA | 22 | 48 | 26.2 | (2.7+15)=(x+(24.5-33)) | 2.7 15 + x 24.5 33 - + = | 2.7:dime 15:dime +:dime x:dime 24.5:dime 33:dime -:dime +:dime =:dime
EXPR: 0 | POS | FRA | 22 | 48 | 45.2 | ((x+15)-2.7)=(33+24.5) | x 15 + 2.7 - 33 24.5 + = | x:dime 15:dime +:dime 2.7:dime -:dime 33:dime 24.5:dime +:dime =:dime
EXPR: 0 | POS | FRA | 22 | 48 | 20.8 | 15=(2.7+(x+(24.5-33))) | 15 2.7 x 24.5 33 - + + = | 15:dime 2.7:dime x:dime 24.5:dime 33:dime -:dime +:dime +:dime =:dime
EXPR: 0 | POS | FRA | 22 | 48 | 39.8 | ((15+x)+2.7)=(33+24.5) | 15 x + 2.7 + 33 24.5 + = | 15:dime x:dime +:dime 2.7:dime +:dime 33:dime 24.5:dime +:dime =:dime
EXPR: 0 | POS | FRA | 22 | 48 | 69.8 | ((x-15)+(2.7-24.5))=33 | x 15 - 2.7 24.5 - + 33 = | x:dime 15:dime -:dime 2.7:dime 24.5:dime -:dime +:dime 33:dime =:dime
EXPR: 0 | POS | FRA | 22 | 48 | 9.2 | (2.7+15)=(x-(24.5-33)) | 2.7 15 + x 24.5 33 - - = | 2.7:dime 15:dime +:dime x:dime 24.5:dime 33:dime -:dime -:dime =:dime
EXPR: 0 | POS | FRA | 22 | 48 | 3.8 | ((x+2.7)-15)=(24.5-33) | x 2.7 + 15 - 24.5 33 - = | x:dime 2.7:dime +:dime 15:dime -:dime 24.5:dime 33:dime -:dime =:dime
EXPR: 0 | POS | FRA | 22 | 48 | 3.8 | ((2.7+x)-15)=(24.5-33) | 2.7 x + 15 - 24.5 33 - = | 2.7:dime x:dime +:dime 15:dime -:dime 24.5:dime 33:dime -:dime =:dime
EXPR: 0 | POS | FRA | 22 | 48 | 3.8 | (2.7+33)=((15-x)+24.5) | 2.7 33 + 15 x - 24.5 + = | 2.7:dime 33:dime +:dime 15:dime x:dime -:dime 24.5:dime +:dime =:dime
EXPR: 0 | POS | FRA | 22 | 48 | 3.8 | 15=(2.7-(24.5-(x+33))) | 15 2.7 24.5 x 33 + - - = | 15:dime 2.7:dime 24.5:dime x:dime 33:dime +:dime -:dime -:dime =:dime
EXPR: 0 | POS | FRA | 22 | 48 | 39.8 | (2.7+x)=((33-15)+24.5) | 2.7 x + 33 15 - 24.5 + = | 2.7:dime x:dime +:dime 33:dime 15:dime -:dime 24.5:dime +:dime =:dime
EXPR: 0 | POS | FRA | 22 | 48 | 69.8 | 15=(2.7-(24.5-(x-33))) | 15 2.7 24.5 x 33 - - - = | 15:dime 2.7:dime 24.5:dime x:dime 33:dime -:dime -:dime -:dime =:dime
EXPR: 0 | POS | FRA | 22 | 48 | 45.2 | ((15+x)-2.7)=(33+24.5) | 15 x + 2.7 - 33 24.5 + = | 15:dime x:dime +:dime 2.7:dime -:dime 33:dime 24.5:dime +:dime =:dime
EXPR: 0 | POS | FRA | 22 | 48 | 3.8 | ((2.7+33)-15)=(24.5-x) | 2.7 33 + 15 - 24.5 x - = | 2.7:dime 33:dime +:dime 15:dime -:dime 24.5:dime x:dime -:dime =:dime
EXPR: 0 | POS | FRA | 22 | 48 | 39.8 | ((2.7+15)-24.5)=(33-x) | 2.7 15 + 24.5 - 33 x - = | 2.7:dime 15:dime +:dime 24.5:dime -:dime 33:dime x:dime -:dime =:dime
EXPR: 0 | POS | FRA | 22 | 48 | 69.8 | (15-2.7)=(x-(33+24.5)) | 15 2.7 - x 33 24.5 + - = | 15:dime 2.7:dime -:dime x:dime 33:dime 24.5:dime +:dime -:dime =:dime
EXPR: 0 | POS | FRA | 22 | 48 | 3.8 | (15-2.7)=(x+(33-24.5)) | 15 2.7 - x 33 24.5 - + = | 15:dime 2.7:dime -:dime x:dime 33:dime 24.5:dime -:dime +:dime =:dime
EXPR: 0 | POS | FRA | 22 | 48 | 20.8 | (2.7-33)=((15-x)-24.5) | 2.7 33 - 15 x - 24.5 - = | 2.7:dime 33:dime -:dime 15:dime x:dime -:dime 24.5:dime -:dime =:dime
EXPR: 0 | POS | FRA | 22 | 48 | 3.8 | ((2.7+x)+33)=(15+24.5) | 2.7 x + 33 + 15 24.5 + = | 2.7:dime x:dime +:dime 33:dime +:dime 15:dime 24.5:dime +:dime =:dime
EXPR: 0 | POS | FRA | 22 | 48 | 26.2 | ((2.7+33)+15)=(24.5+x) | 2.7 33 + 15 + 24.5 x + = | 2.7:dime 33:dime +:dime 15:dime +:dime 24.5:dime x:dime +:dime =:dime
EXPR: 0 | POS | FRA | 22 | 48 | 75.2 | ((x-15)-2.7)=(33+24.5) | x 15 - 2.7 - 33 24.5 + = | x:dime 15:dime -:dime 2.7:dime -:dime 33:dime 24.5:dime +:dime =:dime
EXPR: 0 | POS | FRA | 22 | 48 | 9.2 | (x-2.7)=((15+24.5)-33) | x 2.7 - 15 24.5 + 33 - = | x:dime 2.7:dime -:dime 15:dime 24.5:dime +:dime 33:dime -:dime =:dime
EXPR: 0 | POS | FRA | 22 | 48 | 75.2 | ((x-2.7)-33)=(15+24.5) | x 2.7 - 33 - 15 24.5 + = | x:dime 2.7:dime -:dime 33:dime -:dime 15:dime 24.5:dime +:dime =:dime
EXPR: 0 | POS | FRA | 22 | 48 | 9.2 | (2.7-x)=((33-15)-24.5) | 2.7 x - 33 15 - 24.5 - = | 2.7:dime x:dime -:dime 33:dime 15:dime -:dime 24.5:dime -:dime =:dime
EXPR: 0 | POS | FRA | 22 | 48 | 69.8 | 15=(2.7-(24.5+(33-x))) | 15 2.7 24.5 33 x - + - = | 15:dime 2.7:dime 24.5:dime 33:dime x:dime -:dime +:dime -:dime =:dime
EXPR: 0 | POS | FRA | 22 | 48 | 9.2 | ((2.7+15)+24.5)=(33+x) | 2.7 15 + 24.5 + 33 x + = | 2.7:dime 15:dime +:dime 24.5:dime +:dime 33:dime x:dime +:dime =:dime
EXPR: 0 | POS | FRA | 22 | 48 | 3.8 | 15=(x+(2.7-(24.5-33))) | 15 x 2.7 24.5 33 - - + = | 15:dime x:dime 2.7:dime 24.5:dime 33:dime -:dime -:dime +:dime =:dime
EXPR: 0 | POS | FRA | 22 | 48 | 26.2 | 15=(x-(2.7-(24.5-33))) | 15 x 2.7 24.5 33 - - - = | 15:dime x:dime 2.7:dime 24.5:dime 33:dime -:dime -:dime -:dime =:dime
EXPR: 0 | POS | FRA | 22 | 48 | 3.8 | (2.7+x)=((15+24.5)-33) | 2.7 x + 15 24.5 + 33 - = | 2.7:dime x:dime +:dime 15:dime 24.5:dime +:dime 33:dime -:dime =:dime
EXPR: 0 | POS | FRA | 22 | 48 | 3.8 | 15=(((2.7-24.5)+33)+x) | 15 2.7 24.5 - 33 + x + = | 15:dime 2.7:dime 24.5:dime -:dime 33:dime +:dime x:dime +:dime =:dime
EXPR: 0 | POS | FRA | 22 | 48 | 20.8 | 15=(((x+2.7)+24.5)-33) | 15 x 2.7 + 24.5 + 33 - = | 15:dime x:dime 2.7:dime +:dime 24.5:dime +:dime 33:dime -:dime =:dime
EXPR: 0 | POS | FRA | 22 | 48 | 26.2 | 15=(((x-2.7)+24.5)-33) | 15 x 2.7 - 24.5 + 33 - = | 15:dime x:dime 2.7:dime -:dime 24.5:dime +:dime 33:dime -:dime =:dime
EXPR: 0 | POS | FRA | 22 | 48 | 20.8 | 15=(2.7+(24.5+(x-33))) | 15 2.7 24.5 x 33 - + + = | 15:dime 2.7:dime 24.5:dime x:dime 33:dime -:dime +:dime +:dime =:dime
EXPR: 0 | POS | FRA | 22 | 48 | 9.2 | ((15+(2.7+24.5))-x)=33 | 15 2.7 24.5 + + x - 33 = | 15:dime 2.7:dime 24.5:dime +:dime +:dime x:dime -:dime 33:dime =:dime
EXPR: 0 | POS | FRA | 22 | 48 | 20.8 | 15=(x+(2.7+(24.5-33))) | 15 x 2.7 24.5 33 - + + = | 15:dime x:dime 2.7:dime 24.5:dime 33:dime -:dime +:dime +:dime =:dime
EXPR: 0 | POS | FRA | 22 | 48 | 26.2 | (2.7+15)=((x+24.5)-33) | 2.7 15 + x 24.5 + 33 - = | 2.7:dime 15:dime +:dime x:dime 24.5:dime +:dime 33:dime -:dime =:dime
EXPR: 0 | POS | FRA | 22 | 48 | 20.8 | (15-2.7)=(x-(33-24.5)) | 15 2.7 - x 33 24.5 - - = | 15:dime 2.7:dime -:dime x:dime 33:dime 24.5:dime -:dime -:dime =:dime
EXPR: 0 | POS | FRA | 22 | 48 | 45.2 | (2.7+33)=(x+(15-24.5)) | 2.7 33 + x 15 24.5 - + = | 2.7:dime 33:dime +:dime x:dime 15:dime 24.5:dime -:dime +:dime =:dime
EXPR: 0 | POS | FRA | 22 | 48 | 26.2 | (2.7+33)=(x-(15-24.5)) | 2.7 33 + x 15 24.5 - - = | 2.7:dime 33:dime +:dime x:dime 15:dime 24.5:dime -:dime -:dime =:dime
EXPR: 0 | POS | FRA | 22 | 48 | 45.2 | (x-2.7)=((33-15)+24.5) | x 2.7 - 33 15 - 24.5 + = | x:dime 2.7:dime -:dime 33:dime 15:dime -:dime 24.5:dime +:dime =:dime
EXPR: 0 | POS | FRA | 22 | 48 | 45.2 | 15=(2.7+(24.5+(33-x))) | 15 2.7 24.5 33 x - + + = | 15:dime 2.7:dime 24.5:dime 33:dime x:dime -:dime +:dime +:dime =:dime
EXPR: 0 | POS | FRA | 25 | 48 | 39.8 | x=(((33-2.7)-15)+24.5) | x 33 2.7 - 15 - 24.5 + = | x:dime 33:dime 2.7:dime -:dime 15:dime -:dime 24.5:dime +:dime =:dime
EXPR: 0 | POS | FRA | 25 | 48 | 9.2 | x=(((2.7+24.5)+15)-33) | x 2.7 24.5 + 15 + 33 - = | x:dime 2.7:dime 24.5:dime +:dime 15:dime +:dime 33:dime -:dime =:dime
EXPR: 0 | POS | FRA | 25 | 48 | 26.2 | x=(33+((2.7+15)-24.5)) | x 33 2.7 15 + 24.5 - + = | x:dime 33:dime 2.7:dime 15:dime +:dime 24.5:dime -:dime +:dime =:dime
EXPR: 0 | POS | FRA | 25 | 48 | 45.2 | x=(2.7+((24.5-15)+33)) | x 2.7 24.5 15 - 33 + + = | x:dime 2.7:dime 24.5:dime 15:dime -:dime 33:dime +:dime +:dime =:dime
EXPR: 0 | POS | FRA | 25 | 48 | 45.2 | (2.7+((24.5-15)+33))=x | 2.7 24.5 15 - 33 + + x = | 2.7:dime 24.5:dime 15:dime -:dime 33:dime +:dime +:dime x:dime =:dime
EXPR: 0 | POS | FRA | 25 | 48 | 45.2 | x=(33+((2.7-15)+24.5)) | x 33 2.7 15 - 24.5 + + = | x:dime 33:dime 2.7:dime 15:dime -:dime 24.5:dime +:dime +:dime =:dime
EXPR: 0 | POS | FRA | 25 | 48 | 20.8 | x=(15+((33-2.7)-24.5)) | x 15 33 2.7 - 24.5 - + = | x:dime 15:dime 33:dime 2.7:dime -:dime 24.5:dime -:dime +:dime =:dime
EXPR: 0 | POS | FRA | 25 | 48 | 26.2 | x=(2.7-((24.5-15)-33)) | x 2.7 24.5 15 - 33 - - = | x:dime 2.7:dime 24.5:dime 15:dime -:dime 33:dime -:dime -:dime =:dime
EXPR: 0 | POS | FRA | 25 | 48 | 45.2 | ((2.7+(33+24.5))-15)=x | 2.7 33 24.5 + + 15 - x = | 2.7:dime 33:dime 24.5:dime +:dime +:dime 15:dime -:dime x:dime =:dime
EXPR: 0 | POS | FRA | 25 | 48 | 9.2 | x=(15-((33-2.7)-24.5)) | x 15 33 2.7 - 24.5 - - = | x:dime 15:dime 33:dime 2.7:dime -:dime 24.5:dime -:dime -:dime =:dime
EXPR: 0 | POS | FRA | 25 | 48 | 26.2 | ((2.7+(33-24.5))+15)=x | 2.7 33 24.5 - + 15 + x = | 2.7:dime 33:dime 24.5:dime -:dime +:dime 15:dime +:dime x:dime =:dime
EXPR: 0 | POS | FRA | 25 | 48 | 75.2 | x=(33+((2.7+15)+24.5)) | x 33 2.7 15 + 24.5 + + = | x:dime 33:dime 2.7:dime 15:dime +:dime 24.5:dime +:dime +:dime =:dime
EXPR: 0 | POS | FRA | 25 | 48 | 9.2 | (((2.7+24.5)+15)-33)=x | 2.7 24.5 + 15 + 33 - x = | 2.7:dime 24.5:dime +:dime 15:dime +:dime 33:dime -:dime x:dime =:dime
EXPR: 0 | POS | FRA | 25 | 48 | 69.8 | x=(15+((33-2.7)+24.5)) | x 15 33 2.7 - 24.5 + + = | x:dime 15:dime 33:dime 2.7:dime -:dime 24.5:dime +:dime +:dime =:dime
EXPR: 0 | POS | FRA | 25 | 48 | 45.2 | x=(((2.7+33)+24.5)-15) | x 2.7 33 + 24.5 + 15 - = | x:dime 2.7:dime 33:dime +:dime 24.5:dime +:dime 15:dime -:dime =:dime
EXPR: 0 | POS | FRA | 25 | 48 | 20.8 | x=((33-2.7)+(15-24.5)) | x 33 2.7 - 15 24.5 - + = | x:dime 33:dime 2.7:dime -:dime 15:dime 24.5:dime -:dime +:dime =:dime
EXPR: 0 | POS | FRA | 25 | 48 | 39.8 | x=((33-2.7)-(15-24.5)) | x 33 2.7 - 15 24.5 - - = | x:dime 33:dime 2.7:dime -:dime 15:dime 24.5:dime -:dime -:dime =:dime
EXPR: 0 | POS | FRA | 25 | 48 | 69.8 | x=((33-2.7)+(15+24.5)) | x 33 2.7 - 15 24.5 + + = | x:dime 33:dime 2.7:dime -:dime 15:dime 24.5:dime +:dime +:dime =:dime
EXPR: 0 | POS | FRA | 25 | 48 | 26.2 | x=((2.7-24.5)+(15+33)) | x 2.7 24.5 - 15 33 + + = | x:dime 2.7:dime 24.5:dime -:dime 15:dime 33:dime +:dime +:dime =:dime
EXPR: 0 | POS | FRA | 25 | 48 | 26.2 | x=((2.7-(24.5-15))+33) | x 2.7 24.5 15 - - 33 + = | x:dime 2.7:dime 24.5:dime 15:dime -:dime -:dime 33:dime +:dime =:dime
EXPR: 0 | POS | FRA | 25 | 48 | 45.2 | x=(2.7+((33+24.5)-15)) | x 2.7 33 24.5 + 15 - + = | x:dime 2.7:dime 33:dime 24.5:dime +:dime 15:dime -:dime +:dime =:dime
EXPR: 0 | POS | FRA | 25 | 48 | 26.2 | ((2.7+33)-(24.5-15))=x | 2.7 33 + 24.5 15 - - x = | 2.7:dime 33:dime +:dime 24.5:dime 15:dime -:dime -:dime x:dime =:dime
EXPR: 0 | POS | FRA | 25 | 48 | 75.2 | x=((2.7+24.5)+(15+33)) | x 2.7 24.5 + 15 33 + + = | x:dime 2.7:dime 24.5:dime +:dime 15:dime 33:dime +:dime +:dime =:dime
EXPR: 0 | POS | FRA | 25 | 48 | 45.2 | x=((2.7+33)+(24.5-15)) | x 2.7 33 + 24.5 15 - + = | x:dime 2.7:dime 33:dime +:dime 24.5:dime 15:dime -:dime +:dime =:dime
EXPR: 0 | POS | FRA | 25 | 48 | 45.2 | ((2.7+33)+(24.5-15))=x | 2.7 33 + 24.5 15 - + x = | 2.7:dime 33:dime +:dime 24.5:dime 15:dime -:dime +:dime x:dime =:dime
EXPR: 0 | POS | FRA | 25 | 48 | 45.2 | x=((2.7+(24.5-15))+33) | x 2.7 24.5 15 - + 33 + = | x:dime 2.7:dime 24.5:dime 15:dime -:dime +:dime 33:dime +:dime =:dime
EXPR: 0 | POS | FRA | 25 | 48 | 26.2 | x=(15+(33+(2.7-24.5))) | x 15 33 2.7 24.5 - + + = | x:dime 15:dime 33:dime 2.7:dime 24.5:dime -:dime +:dime +:dime =:dime
EXPR: 0 | POS | FRA | 25 | 48 | 26.2 | (((2.7-24.5)+15)+33)=x | 2.7 24.5 - 15 + 33 + x = | 2.7:dime 24.5:dime -:dime 15:dime +:dime 33:dime +:dime x:dime =:dime
EXPR: 0 | POS | FRA | 25 | 48 | 75.2 | x=(15+(33+(2.7+24.5))) | x 15 33 2.7 24.5 + + + = | x:dime 15:dime 33:dime 2.7:dime 24.5:dime +:dime +:dime +:dime =:dime
EXPR: 0 | POS | FRA | 25 | 48 | 45.2 | x=(((2.7+24.5)-15)+33) | x 2.7 24.5 + 15 - 33 + = | x:dime 2.7:dime 24.5:dime +:dime 15:dime -:dime 33:dime +:dime =:dime
EXPR: 0 | POS | FRA | 25 | 48 | 75.2 | x=(((2.7+24.5)+15)+33) | x 2.7 24.5 + 15 + 33 + = | x:dime 2.7:dime 24.5:dime +:dime 15:dime +:dime 33:dime +:dime =:dime
EXPR: 0 | POS | FRA | 25 | 48 | 45.2 | x=((2.7+24.5)-(15-33)) | x 2.7 24.5 + 15 33 - - = | x:dime 2.7:dime 24.5:dime +:dime 15:dime 33:dime -:dime -:dime =:dime
EXPR: 0 | POS | FRA | 25 | 48 | 9.2 | (((2.7-33)+24.5)+15)=x | 2.7 33 - 24.5 + 15 + x = | 2.7:dime 33:dime -:dime 24.5:dime +:dime 15:dime +:dime x:dime =:dime
EXPR: 0 | POS | FRA | 25 | 48 | 39.8 | x=(33-((2.7+15)-24.5)) | x 33 2.7 15 + 24.5 - - = | x:dime 33:dime 2.7:dime 15:dime +:dime 24.5:dime -:dime -:dime =:dime
EXPR: 0 | POS | FRA | 25 | 48 | 45.2 | (((2.7+33)+24.5)-15)=x | 2.7 33 + 24.5 + 15 - x = | 2.7:dime 33:dime +:dime 24.5:dime +:dime 15:dime -:dime x:dime =:dime
EXPR: 0 | POS | FRA | 25 | 48 | 69.8 | x=(33-((2.7-15)-24.5)) | x 33 2.7 15 - 24.5 - - = | x:dime 33:dime 2.7:dime 15:dime -:dime 24.5:dime -:dime -:dime =:dime
EXPR: 0 | POS | FRA | 25 | 48 | 26.2 | x=(2.7+((33-24.5)+15)) | x 2.7 33 24.5 - 15 + + = | x:dime 2.7:dime 33:dime 24.5:dime -:dime 15:dime +:dime +:dime =:dime
EXPR: 0 | POS | FRA | 27 | 48 | 69.8 | 2.7=(24.5+((15+33)-x)) | 2.7 24.5 15 33 + x - + = | 2.7:dime 24.5:dime 15:dime 33:dime +:dime x:dime -:dime +:dime =:dime
EXPR: 0 | POS | FRA | 27 | 48 | 39.8 | 2.7=((24.5-(x+15))+33) | 2.7 24.5 x 15 + - 33 + = | 2.7:dime 24.5:dime x:dime 15:dime +:dime -:dime 33:dime +:dime =:dime
EXPR: 0 | POS | FRA | 27 | 48 | 39.8 | ((15+x)-(33-2.7))=24.5 | 15 x + 33 2.7 - - 24.5 = | 15:dime x:dime +:dime 33:dime 2.7:dime -:dime -:dime 24.5:dime =:dime
EXPR: 0 | POS | FRA | 27 | 48 | 9.2 | ((2.7+24.5)+(15-x))=33 | 2.7 24.5 + 15 x - + 33 = | 2.7:dime 24.5:dime +:dime 15:dime x:dime -:dime +:dime 33:dime =:dime
EXPR: 0 | POS | FRA | 27 | 48 | 39.8 | 33=(2.7+((15+x)-24.5)) | 33 2.7 15 x + 24.5 - + = | 33:dime 2.7:dime 15:dime x:dime +:dime 24.5:dime -:dime +:dime =:dime
EXPR: 0 | POS | FRA | 27 | 48 | 3.8 | (2.7+((x+33)-24.5))=15 | 2.7 x 33 + 24.5 - + 15 = | 2.7:dime x:dime 33:dime +:dime 24.5:dime -:dime +:dime 15:dime =:dime
EXPR: 0 | POS | FRA | 27 | 48 | 69.8 | 2.7=((24.5-(x-15))+33) | 2.7 24.5 x 15 - - 33 + = | 2.7:dime 24.5:dime x:dime 15:dime -:dime -:dime 33:dime +:dime =:dime
EXPR: 0 | POS | FRA | 27 | 48 | 20.8 | ((15-x)+(33-2.7))=24.5 | 15 x - 33 2.7 - + 24.5 = | 15:dime x:dime -:dime 33:dime 2.7:dime -:dime +:dime 24.5:dime =:dime
EXPR: 0 | POS | FRA | 27 | 48 | 39.8 | 2.7=(24.5-((15+x)-33)) | 2.7 24.5 15 x + 33 - - = | 2.7:dime 24.5:dime 15:dime x:dime +:dime 33:dime -:dime -:dime =:dime
EXPR: 0 | POS | FRA | 27 | 48 | 75.2 | 15=(x-(33+(2.7+24.5))) | 15 x 33 2.7 24.5 + + - = | 15:dime x:dime 33:dime 2.7:dime 24.5:dime +:dime +:dime -:dime =:dime
EXPR: 0 | POS | FRA | 27 | 48 | 26.2 | 15=(x-(33+(2.7-24.5))) | 15 x 33 2.7 24.5 - + - = | 15:dime x:dime 33:dime 2.7:dime 24.5:dime -:dime +:dime -:dime =:dime
EXPR: 0 | POS | FRA | 27 | 48 | 20.8 | 2.7=(33-(x+(24.5-15))) | 2.7 33 x 24.5 15 - + - = | 2.7:dime 33:dime x:dime 24.5:dime 15:dime -:dime +:dime -:dime =:dime
EXPR: 0 | POS | FRA | 27 | 48 | 69.8 | 2.7=(((33+24.5)+15)-x) | 2.7 33 24.5 + 15 + x - = | 2.7:dime 33:dime 24.5:dime +:dime 15:dime +:dime x:dime -:dime =:dime
EXPR: 0 | POS | FRA | 27 | 48 | 20.8 | 2.7=(((33-24.5)+15)-x) | 2.7 33 24.5 - 15 + x - = | 2.7:dime 33:dime 24.5:dime -:dime 15:dime +:dime x:dime -:dime =:dime
EXPR: 0 | POS | FRA | 27 | 48 | 9.2 | ((x+33)-(2.7+15))=24.5 | x 33 + 2.7 15 + - 24.5 = | x:dime 33:dime +:dime 2.7:dime 15:dime +:dime -:dime 24.5:dime =:dime
EXPR: 0 | POS | FRA | 27 | 48 | 39.8 | 33=(2.7+((15-24.5)+x)) | 33 2.7 15 24.5 - x + + = | 33:dime 2.7:dime 15:dime 24.5:dime -:dime x:dime +:dime +:dime =:dime
EXPR: 0 | POS | FRA | 27 | 48 | 69.8 | 33=(2.7-((15+24.5)-x)) | 33 2.7 15 24.5 + x - - = | 33:dime 2.7:dime 15:dime 24.5:dime +:dime x:dime -:dime -:dime =:dime
EXPR: 0 | POS | FRA | 27 | 48 | 45.2 | ((2.7-x)+(33+24.5))=15 | 2.7 x - 33 24.5 + + 15 = | 2.7:dime x:dime -:dime 33:dime 24.5:dime +:dime +:dime 15:dime =:dime
EXPR: 0 | POS | FRA | 27 | 48 | 26.2 | (15-((x-33)-2.7))=24.5 | 15 x 33 - 2.7 - - 24.5 = | 15:dime x:dime 33:dime -:dime 2.7:dime -:dime -:dime 24.5:dime =:dime
EXPR: 0 | POS | FRA | 27 | 48 | 20.8 | 33=(2.7-((15-24.5)-x)) | 33 2.7 15 24.5 - x - - = | 33:dime 2.7:dime 15:dime 24.5:dime -:dime x:dime -:dime -:dime =:dime
EXPR: 0 | POS | FRA | 27 | 48 | 39.8 | 15=(33-(x+(2.7-24.5))) | 15 33 x 2.7 24.5 - + - = | 15:dime 33:dime x:dime 2.7:dime 24.5:dime -:dime +:dime -:dime =:dime
EXPR: 0 | POS | FRA | 27 | 48 | 69.8 | 33=(2.7-((15-x)+24.5)) | 33 2.7 15 x - 24.5 + - = | 33:dime 2.7:dime 15:dime x:dime -:dime 24.5:dime +:dime -:dime =:dime
EXPR: 0 | POS | FRA | 27 | 48 | 75.2 | ((x-33)-(2.7+15))=24.5 | x 33 - 2.7 15 + - 24.5 = | x:dime 33:dime -:dime 2.7:dime 15:dime +:dime -:dime 24.5:dime =:dime
EXPR: 0 | POS | FRA | 27 | 48 | 39.8 | ((x-33)+(2.7+15))=24.5 | x 33 - 2.7 15 + + 24.5 = | x:dime 33:dime -:dime 2.7:dime 15:dime +:dime +:dime 24.5:dime =:dime
EXPR: 0 | POS | FRA | 27 | 48 | 3.8 | ((x+33)+(2.7-15))=24.5 | x 33 + 2.7 15 - + 24.5 = | x:dime 33:dime +:dime 2.7:dime 15:dime -:dime +:dime 24.5:dime =:dime
EXPR: 0 | POS | FRA | 27 | 48 | 69.8 | ((x-33)+(2.7-15))=24.5 | x 33 - 2.7 15 - + 24.5 = | x:dime 33:dime -:dime 2.7:dime 15:dime -:dime +:dime 24.5:dime =:dime
EXPR: 0 | POS | FRA | 27 | 48 | 9.2 | 33=(2.7+((15+24.5)-x)) | 33 2.7 15 24.5 + x - + = | 33:dime 2.7:dime 15:dime 24.5:dime +:dime x:dime -:dime +:dime =:dime
EXPR: 0 | POS | FRA | 27 | 48 | 3.8 | 15=(((33+x)+2.7)-24.5) | 15 33 x + 2.7 + 24.5 - = | 15:dime 33:dime x:dime +:dime 2.7:dime +:dime 24.5:dime -:dime =:dime
EXPR: 0 | POS | FRA | 27 | 48 | 45.2 | ((x-33)-(2.7-15))=24.5 | x 33 - 2.7 15 - - 24.5 = | x:dime 33:dime -:dime 2.7:dime 15:dime -:dime -:dime 24.5:dime =:dime
EXPR: 0 | POS | FRA | 27 | 48 | 39.8 | 33=(((2.7+15)+x)-24.5) | 33 2.7 15 + x + 24.5 - = | 33:dime 2.7:dime 15:dime +:dime x:dime +:dime 24.5:dime -:dime =:dime
EXPR: 0 | POS | FRA | 27 | 48 | 69.8 | 2.7=(33+(24.5+(15-x))) | 2.7 33 24.5 15 x - + + = | 2.7:dime 33:dime 24.5:dime 15:dime x:dime -:dime +:dime +:dime =:dime
EXPR: 0 | POS | FRA | 27 | 48 | 3.8 | (2.7+((33+x)-24.5))=15 | 2.7 33 x + 24.5 - + 15 = | 2.7:dime 33:dime x:dime +:dime 24.5:dime -:dime +:dime 15:dime =:dime
EXPR: 0 | POS | FRA | 27 | 48 | 45.2 | (2.7+((33-x)+24.5))=15 | 2.7 33 x - 24.5 + + 15 = | 2.7:dime 33:dime x:dime -:dime 24.5:dime +:dime +:dime 15:dime =:dime
EXPR: 0 | POS | FRA | 27 | 48 | 26.2 | 2.7=(24.5+(x-(15+33))) | 2.7 24.5 x 15 33 + - + = | 2.7:dime 24.5:dime x:dime 15:dime 33:dime +:dime -:dime +:dime =:dime
EXPR: 0 | POS | FRA | 27 | 48 | 9.2 | (2.7+((24.5-x)+15))=33 | 2.7 24.5 x - 15 + + 33 = | 2.7:dime 24.5:dime x:dime -:dime 15:dime +:dime +:dime 33:dime =:dime
EXPR: 0 | POS | FRA | 27 | 48 | 69.8 | ((2.7+(x-24.5))-15)=33 | 2.7 x 24.5 - + 15 - 33 = | 2.7:dime x:dime 24.5:dime -:dime +:dime 15:dime -:dime 33:dime =:dime
EXPR: 0 | POS | FRA | 27 | 48 | 20.8 | (2.7-((33-x)-24.5))=15 | 2.7 33 x - 24.5 - - 15 = | 2.7:dime 33:dime x:dime -:dime 24.5:dime -:dime -:dime 15:dime =:dime
EXPR: 0 | POS | FRA | 27 | 48 | 20.8 | (((2.7-33)+x)+24.5)=15 | 2.7 33 - x + 24.5 + 15 = | 2.7:dime 33:dime -:dime x:dime +:dime 24.5:dime +:dime 15:dime =:dime
EXPR: 0 | POS | FRA | 27 | 48 | 39.8 | 33=(x+((2.7+15)-24.5)) | 33 x 2.7 15 + 24.5 - + = | 33:dime x:dime 2.7:dime 15:dime +:dime 24.5:dime -:dime +:dime =:dime
EXPR: 0 | POS | FRA | 27 | 48 | 39.8 | ((2.7+(x-24.5))+15)=33 | 2.7 x 24.5 - + 15 + 33 = | 2.7:dime x:dime 24.5:dime -:dime +:dime 15:dime +:dime 33:dime =:dime
EXPR: 0 | POS | FRA | 27 | 48 | 45.2 | 33=(x-((2.7-15)+24.5)) | 33 x 2.7 15 - 24.5 + - = | 33:dime x:dime 2.7:dime 15:dime -:dime 24.5:dime +:dime -:dime =:dime
EXPR: 0 | POS | FRA | 27 | 48 | 9.2 | 15=(x+(33-(2.7+24.5))) | 15 x 33 2.7 24.5 + - + = | 15:dime x:dime 33:dime 2.7:dime 24.5:dime +:dime -:dime +:dime =:dime
EXPR: 0 | POS | FRA | 27 | 48 | 75.2 | 33=(x-((2.7+15)+24.5)) | 33 x 2.7 15 + 24.5 + - = | 33:dime x:dime 2.7:dime 15:dime +:dime 24.5:dime +:dime -:dime =:dime
EXPR: 0 | POS | FRA | 27 | 48 | 45.2 | (((2.7+33)-x)+24.5)=15 | 2.7 33 + x - 24.5 + 15 = | 2.7:dime 33:dime +:dime x:dime -:dime 24.5:dime +:dime 15:dime =:dime
EXPR: 0 | POS | FRA | 27 | 48 | 20.8 | 33=(x+((2.7-15)+24.5)) | 33 x 2.7 15 - 24.5 + + = | 33:dime x:dime 2.7:dime 15:dime -:dime 24.5:dime +:dime +:dime =:dime
EXPR: 0 | POS | FRA | 27 | 48 | 26.2 | 33=(x-((2.7+15)-24.5)) | 33 x 2.7 15 + 24.5 - - = | 33:dime x:dime 2.7:dime 15:dime +:dime 24.5:dime -:dime -:dime =:dime
EXPR: 0 | POS | FRA | 27 | 48 | 69.8 | 33=(x+((2.7-15)-24.5)) | 33 x 2.7 15 - 24.5 - + = | 33:dime x:dime 2.7:dime 15:dime -:dime 24.5:dime -:dime +:dime =:dime
EXPR: 0 | POS | FRA | 27 | 48 | 9.2 | 33=(2.7-(x-(15+24.5))) | 33 2.7 x 15 24.5 + - - = | 33:dime 2.7:dime x:dime 15:dime 24.5:dime +:dime -:dime -:dime =:dime
EXPR: 0 | POS | FRA | 27 | 48 | 20.8 | 15=(x-(33-(2.7+24.5))) | 15 x 33 2.7 24.5 + - - = | 15:dime x:dime 33:dime 2.7:dime 24.5:dime +:dime -:dime -:dime =:dime
EXPR: 0 | POS | FRA | 27 | 48 | 69.8 | 33=(((2.7+x)-15)-24.5) | 33 2.7 x + 15 - 24.5 - = | 33:dime 2.7:dime x:dime +:dime 15:dime -:dime 24.5:dime -:dime =:dime
EXPR: 0 | POS | FRA | 27 | 48 | 3.8 | 15=(x+(33+(2.7-24.5))) | 15 x 33 2.7 24.5 - + + = | 15:dime x:dime 33:dime 2.7:dime 24.5:dime -:dime +:dime +:dime =:dime
EXPR: 0 | POS | FRA | 27 | 48 | 69.8 | 15=(x-(33-(2.7-24.5))) | 15 x 33 2.7 24.5 - - - = | 15:dime x:dime 33:dime 2.7:dime 24.5:dime -:dime -:dime -:dime =:dime
EXPR: 0 | POS | FRA | 27 | 48 | 39.8 | (((15-33)+x)+2.7)=24.5 | 15 33 - x + 2.7 + 24.5 = | 15:dime 33:dime -:dime x:dime +:dime 2.7:dime +:dime 24.5:dime =:dime
EXPR: 0 | POS | FRA | 27 | 48 | 3.8 | ((2.7+x)+(33-24.5))=15 | 2.7 x + 33 24.5 - + 15 = | 2.7:dime x:dime +:dime 33:dime 24.5:dime -:dime +:dime 15:dime =:dime
EXPR: 0 | POS | FRA | 27 | 48 | 20.8 | ((33-2.7)+(15-x))=24.5 | 33 2.7 - 15 x - + 24.5 = | 33:dime 2.7:dime -:dime 15:dime x:dime -:dime +:dime 24.5:dime =:dime
EXPR: 0 | POS | FRA | 27 | 48 | 39.8 | 33=(2.7+(x+(15-24.5))) | 33 2.7 x 15 24.5 - + + = | 33:dime 2.7:dime x:dime 15:dime 24.5:dime -:dime +:dime +:dime =:dime
EXPR: 0 | POS | FRA | 27 | 48 | 9.2 | ((x-15)+(33-2.7))=24.5 | x 15 - 33 2.7 - + 24.5 = | x:dime 15:dime -:dime 33:dime 2.7:dime -:dime +:dime 24.5:dime =:dime
EXPR: 0 | POS | FRA | 27 | 48 | 39.8 | 33=(((x+2.7)+15)-24.5) | 33 x 2.7 + 15 + 24.5 - = | 33:dime x:dime 2.7:dime +:dime 15:dime +:dime 24.5:dime -:dime =:dime
EXPR: 0 | POS | FRA | 27 | 48 | 45.2 | 33=(((x-2.7)+15)-24.5) | 33 x 2.7 - 15 + 24.5 - = | 33:dime x:dime 2.7:dime -:dime 15:dime +:dime 24.5:dime -:dime =:dime
EXPR: 0 | POS | FRA | 27 | 48 | 26.2 | 2.7=((x+(24.5-15))-33) | 2.7 x 24.5 15 - + 33 - = | 2.7:dime x:dime 24.5:dime 15:dime -:dime +:dime 33:dime -:dime =:dime
EXPR: 0 | POS | FRA | 27 | 48 | 39.8 | 15=((33-2.7)+(24.5-x)) | 15 33 2.7 - 24.5 x - + = | 15:dime 33:dime 2.7:dime -:dime 24.5:dime x:dime -:dime +:dime =:dime
EXPR: 0 | POS | FRA | 27 | 48 | 9.2 | (((2.7-x)+24.5)+15)=33 | 2.7 x - 24.5 + 15 + 33 = | 2.7:dime x:dime -:dime 24.5:dime +:dime 15:dime +:dime 33:dime =:dime
EXPR: 0 | POS | FRA | 27 | 48 | 45.2 | 2.7=((x-(33+24.5))+15) | 2.7 x 33 24.5 + - 15 + = | 2.7:dime x:dime 33:dime 24.5:dime +:dime -:dime 15:dime +:dime =:dime
EXPR: 0 | POS | FRA | 27 | 48 | 69.8 | (2.7-((33-x)+24.5))=15 | 2.7 33 x - 24.5 + - 15 = | 2.7:dime 33:dime x:dime -:dime 24.5:dime +:dime -:dime 15:dime =:dime
EXPR: 0 | POS | FRA | 27 | 48 | 45.2 | (((2.7-x)+33)+24.5)=15 | 2.7 x - 33 + 24.5 + 15 = | 2.7:dime x:dime -:dime 33:dime +:dime 24.5:dime +:dime 15:dime =:dime
EXPR: 0 | POS | FRA | 27 | 48 | 39.8 | ((x+15)-(33-2.7))=24.5 | x 15 + 33 2.7 - - 24.5 = | x:dime 15:dime +:dime 33:dime 2.7:dime -:dime -:dime 24.5:dime =:dime
EXPR: 0 | POS | FRA | 27 | 48 | 39.8 | 2.7=(33-(x-(24.5-15))) | 2.7 33 x 24.5 15 - - - = | 2.7:dime 33:dime x:dime 24.5:dime 15:dime -:dime -:dime -:dime =:dime
EXPR: 0 | POS | FRA | 27 | 48 | 69.8 | (((2.7+x)-24.5)-15)=33 | 2.7 x + 24.5 - 15 - 33 = | 2.7:dime x:dime +:dime 24.5:dime -:dime 15:dime -:dime 33:dime =:dime
EXPR: 0 | POS | FRA | 27 | 48 | 20.8 | ((2.7+24.5)-(15-x))=33 | 2.7 24.5 + 15 x - - 33 = | 2.7:dime 24.5:dime +:dime 15:dime x:dime -:dime -:dime 33:dime =:dime
EXPR: 0 | POS | FRA | 27 | 48 | 45.2 | 2.7=(((x-24.5)+15)-33) | 2.7 x 24.5 - 15 + 33 - = | 2.7:dime x:dime 24.5:dime -:dime 15:dime +:dime 33:dime -:dime =:dime
EXPR: 0 | POS | FRA | 32 | 48 | 3.8 | (x-(15-2.7))=(24.5-33) | x 15 2.7 - - 24.5 33 - = | x:dime 15:dime 2.7:dime -:dime -:dime 24.5:dime 33:dime -:dime =:dime
EXPR: 0 | POS | FRA | 32 | 48 | 3.8 | (15-x)=((2.7-24.5)+33) | 15 x - 2.7 24.5 - 33 + = | 15:dime x:dime -:dime 2.7:dime 24.5:dime -:dime 33:dime +:dime =:dime
EXPR: 0 | POS | FRA | 32 | 48 | 9.2 | (x-15)=((2.7+24.5)-33) | x 15 - 2.7 24.5 + 33 - = | x:dime 15:dime -:dime 2.7:dime 24.5:dime +:dime 33:dime -:dime =:dime
EXPR: 0 | POS | FRA | 32 | 48 | 20.8 | (15-2.7)=((x+24.5)-33) | 15 2.7 - x 24.5 + 33 - = | 15:dime 2.7:dime -:dime x:dime 24.5:dime +:dime 33:dime -:dime =:dime
EXPR: 0 | POS | FRA | 32 | 48 | 20.8 | (15-2.7)=(x+(24.5-33)) | 15 2.7 - x 24.5 33 - + = | 15:dime 2.7:dime -:dime x:dime 24.5:dime 33:dime -:dime +:dime =:dime
EXPR: 0 | POS | FRA | 32 | 48 | 3.8 | (15-2.7)=(x-(24.5-33)) | 15 2.7 - x 24.5 33 - - = | 15:dime 2.7:dime -:dime x:dime 24.5:dime 33:dime -:dime -:dime =:dime
EXPR: 0 | POS | FRA | 32 | 48 | 20.8 | (15-x)=((2.7+24.5)-33) | 15 x - 2.7 24.5 + 33 - = | 15:dime x:dime -:dime 2.7:dime 24.5:dime +:dime 33:dime -:dime =:dime
EXPR: 0 | POS | FRA | 35 | 48 | 9.2 | x=(2.7+((24.5-33)+15)) | x 2.7 24.5 33 - 15 + + = | x:dime 2.7:dime 24.5:dime 33:dime -:dime 15:dime +:dime +:dime =:dime
EXPR: 0 | POS | FRA | 35 | 48 | 9.2 | (2.7+((24.5-33)+15))=x | 2.7 24.5 33 - 15 + + x = | 2.7:dime 24.5:dime 33:dime -:dime 15:dime +:dime +:dime x:dime =:dime
EXPR: 0 | POS | FRA | 35 | 48 | 26.2 | x=(2.7-((24.5-33)-15)) | x 2.7 24.5 33 - 15 - - = | x:dime 2.7:dime 24.5:dime 33:dime -:dime 15:dime -:dime -:dime =:dime
EXPR: 0 | POS | FRA | 35 | 48 | 26.2 | (2.7-((24.5-33)-15))=x | 2.7 24.5 33 - 15 - - x = | 2.7:dime 24.5:dime 33:dime -:dime 15:dime -:dime -:dime x:dime =:dime
EXPR: 0 | POS | FRA | 35 | 48 | 39.8 | x=(((33-15)-2.7)+24.5) | x 33 15 - 2.7 - 24.5 + = | x:dime 33:dime 15:dime -:dime 2.7:dime -:dime 24.5:dime +:dime =:dime
EXPR: 0 | POS | FRA | 35 | 48 | 45.2 | x=(((33-15)+2.7)+24.5) | x 33 15 - 2.7 + 24.5 + = | x:dime 33:dime 15:dime -:dime 2.7:dime +:dime 24.5:dime +:dime =:dime
EXPR: 0 | POS | FRA | 35 | 48 | 45.2 | ((2.7+24.5)+(33-15))=x | 2.7 24.5 + 33 15 - + x = | 2.7:dime 24.5:dime +:dime 33:dime 15:dime -:dime +:dime x:dime =:dime
EXPR: 0 | POS | FRA | 35 | 48 | 9.2 | ((2.7+24.5)-(33-15))=x | 2.7 24.5 + 33 15 - - x = | 2.7:dime 24.5:dime +:dime 33:dime 15:dime -:dime -:dime x:dime =:dime
EXPR: 0 | POS | FRA | 35 | 48 | 39.8 | x=((33-15)-(2.7-24.5)) | x 33 15 - 2.7 24.5 - - = | x:dime 33:dime 15:dime -:dime 2.7:dime 24.5:dime -:dime -:dime =:dime
EXPR: 0 | POS | FRA | 35 | 48 | 9.2 | x=((2.7+24.5)-(33-15)) | x 2.7 24.5 + 33 15 - - = | x:dime 2.7:dime 24.5:dime +:dime 33:dime 15:dime -:dime -:dime =:dime
EXPR: 0 | POS | FRA | 35 | 48 | 45.2 | x=(33-((15-2.7)-24.5)) | x 33 15 2.7 - 24.5 - - = | x:dime 33:dime 15:dime 2.7:dime -:dime 24.5:dime -:dime -:dime =:dime
EXPR: 0 | POS | FRA | 35 | 48 | 45.2 | x=((33-15)+(2.7+24.5)) | x 33 15 - 2.7 24.5 + + = | x:dime 33:dime 15:dime -:dime 2.7:dime 24.5:dime +:dime +:dime =:dime
EXPR: 0 | POS | FRA | 35 | 48 | 26.2 | x=((2.7-(24.5-33))+15) | x 2.7 24.5 33 - - 15 + = | x:dime 2.7:dime 24.5:dime 33:dime -:dime -:dime 15:dime +:dime =:dime
EXPR: 0 | POS | FRA | 35 | 48 | 9.2 | x=((2.7+(24.5-33))+15) | x 2.7 24.5 33 - + 15 + = | x:dime 2.7:dime 24.5:dime 33:dime -:dime +:dime 15:dime +:dime =:dime
EXPR: 0 | POS | FRA | 35 | 48 | 26.2 | (((2.7-24.5)+33)+15)=x | 2.7 24.5 - 33 + 15 + x = | 2.7:dime 24.5:dime -:dime 33:dime +:dime 15:dime +:dime x:dime =:dime
EXPR: 0 | POS | FRA | 35 | 48 | 45.2 | (((2.7+24.5)+33)-15)=x | 2.7 24.5 + 33 + 15 - x = | 2.7:dime 24.5:dime +:dime 33:dime +:dime 15:dime -:dime x:dime =:dime
EXPR: 0 | POS | FRA | 37 | 48 | 26.2 | (x-(2.7-24.5))=(15+33) | x 2.7 24.5 - - 15 33 + = | x:dime 2.7:dime 24.5:dime -:dime -:dime 15:dime 33:dime +:dime =:dime
EXPR: 0 | POS | FRA | 37 | 48 | 45.2 | (2.7+(24.5-15))=(x-33) | 2.7 24.5 15 - + x 33 - = | 2.7:dime 24.5:dime 15:dime -:dime +:dime x:dime 33:dime -:dime =:dime
EXPR: 0 | POS | FRA | 37 | 48 | 45.2 | 33=(((15+x)-2.7)-24.5) | 33 15 x + 2.7 - 24.5 - = | 33:dime 15:dime x:dime +:dime 2.7:dime -:dime 24.5:dime -:dime =:dime
EXPR: 0 | POS | FRA | 37 | 48 | 26.2 | ((x-2.7)+24.5)=(15+33) | x 2.7 - 24.5 + 15 33 + = | x:dime 2.7:dime -:dime 24.5:dime +:dime 15:dime 33:dime +:dime =:dime
EXPR: 0 | POS | FRA | 37 | 48 | 45.2 | ((2.7+24.5)+(33-x))=15 | 2.7 24.5 + 33 x - + 15 = | 2.7:dime 24.5:dime +:dime 33:dime x:dime -:dime +:dime 15:dime =:dime
EXPR: 0 | POS | FRA | 37 | 48 | 20.8 | ((2.7+24.5)-(33-x))=15 | 2.7 24.5 + 33 x - - 15 = | 2.7:dime 24.5:dime +:dime 33:dime x:dime -:dime -:dime 15:dime =:dime
EXPR: 0 | POS | FRA | 37 | 48 | 39.8 | 2.7=(24.5-(x-(33-15))) | 2.7 24.5 x 33 15 - - - = | 2.7:dime 24.5:dime x:dime 33:dime 15:dime -:dime -:dime -:dime =:dime
EXPR: 0 | POS | FRA | 37 | 48 | 69.8 | (33-2.7)=((x-15)-24.5) | 33 2.7 - x 15 - 24.5 - = | 33:dime 2.7:dime -:dime x:dime 15:dime -:dime 24.5:dime -:dime =:dime
EXPR: 0 | POS | FRA | 37 | 48 | 3.8 | ((2.7-24.5)+(33+x))=15 | 2.7 24.5 - 33 x + + 15 = | 2.7:dime 24.5:dime -:dime 33:dime x:dime +:dime +:dime 15:dime =:dime
EXPR: 0 | POS | FRA | 37 | 48 | 20.8 | (x+(2.7+24.5))=(15+33) | x 2.7 24.5 + + 15 33 + = | x:dime 2.7:dime 24.5:dime +:dime +:dime 15:dime 33:dime +:dime =:dime
EXPR: 0 | POS | FRA | 37 | 48 | 9.2 | (x-(2.7+24.5))=(15-33) | x 2.7 24.5 + - 15 33 - = | x:dime 2.7:dime 24.5:dime +:dime -:dime 15:dime 33:dime -:dime =:dime
EXPR: 0 | POS | FRA | 37 | 48 | 39.8 | (33-x)=((2.7+15)-24.5) | 33 x - 2.7 15 + 24.5 - = | 33:dime x:dime -:dime 2.7:dime 15:dime +:dime 24.5:dime -:dime =:dime
EXPR: 0 | POS | FRA | 37 | 48 | 69.8 | ((x-33)+2.7)=(15+24.5) | x 33 - 2.7 + 15 24.5 + = | x:dime 33:dime -:dime 2.7:dime +:dime 15:dime 24.5:dime +:dime =:dime
EXPR: 0 | POS | FRA | 37 | 48 | 20.8 | (2.7+(24.5-15))=(33-x) | 2.7 24.5 15 - + 33 x - = | 2.7:dime 24.5:dime 15:dime -:dime +:dime 33:dime x:dime -:dime =:dime
EXPR: 0 | POS | FRA | 37 | 48 | 45.2 | (2.7+24.5)=(x+(15-33)) | 2.7 24.5 + x 15 33 - + = | 2.7:dime 24.5:dime +:dime x:dime 15:dime 33:dime -:dime +:dime =:dime
EXPR: 0 | POS | FRA | 37 | 48 | 69.8 | ((2.7-24.5)-(33-x))=15 | 2.7 24.5 - 33 x - - 15 = | 2.7:dime 24.5:dime -:dime 33:dime x:dime -:dime -:dime 15:dime =:dime
EXPR: 0 | POS | FRA | 37 | 48 | 39.8 | (15+x)=((33-2.7)+24.5) | 15 x + 33 2.7 - 24.5 + = | 15:dime x:dime +:dime 33:dime 2.7:dime -:dime 24.5:dime +:dime =:dime
EXPR: 0 | POS | FRA | 37 | 48 | 20.8 | ((x-33)+2.7)=(15-24.5) | x 33 - 2.7 + 15 24.5 - = | x:dime 33:dime -:dime 2.7:dime +:dime 15:dime 24.5:dime -:dime =:dime
EXPR: 0 | POS | FRA | 37 | 48 | 45.2 | (33+(2.7-x))=(15-24.5) | 33 2.7 x - + 15 24.5 - = | 33:dime 2.7:dime x:dime -:dime +:dime 15:dime 24.5:dime -:dime =:dime
EXPR: 0 | POS | FRA | 37 | 48 | 9.2 | 33=(((15-x)+2.7)+24.5) | 33 15 x - 2.7 + 24.5 + = | 33:dime 15:dime x:dime -:dime 2.7:dime +:dime 24.5:dime +:dime =:dime
EXPR: 0 | POS | FRA | 37 | 48 | 39.8 | (33-(2.7+x))=(15-24.5) | 33 2.7 x + - 15 24.5 - = | 33:dime 2.7:dime x:dime +:dime -:dime 15:dime 24.5:dime -:dime =:dime
EXPR: 0 | POS | FRA | 37 | 48 | 9.2 | (33-(2.7-x))=(15+24.5) | 33 2.7 x - - 15 24.5 + = | 33:dime 2.7:dime x:dime -:dime -:dime 15:dime 24.5:dime +:dime =:dime
EXPR: 0 | POS | FRA | 37 | 48 | 3.8 | 33=(((15-x)-2.7)+24.5) | 33 15 x - 2.7 - 24.5 + = | 33:dime 15:dime x:dime -:dime 2.7:dime -:dime 24.5:dime +:dime =:dime
EXPR: 0 | POS | FRA | 37 | 48 | 26.2 | ((x-33)-2.7)=(15-24.5) | x 33 - 2.7 - 15 24.5 - = | x:dime 33:dime -:dime 2.7:dime -:dime 15:dime 24.5:dime -:dime =:dime
EXPR: 0 | POS | FRA | 37 | 48 | 26.2 | (2.7-(24.5-15))=(x-33) | 2.7 24.5 15 - - x 33 - = | 2.7:dime 24.5:dime 15:dime -:dime -:dime x:dime 33:dime -:dime =:dime
EXPR: 0 | POS | FRA | 37 | 48 | 69.8 | (15+33)=((x+2.7)-24.5) | 15 33 + x 2.7 + 24.5 - = | 15:dime 33:dime +:dime x:dime 2.7:dime +:dime 24.5:dime -:dime =:dime
EXPR: 0 | POS | FRA | 37 | 48 | 3.8 | (15-33)=((x+2.7)-24.5) | 15 33 - x 2.7 + 24.5 - = | 15:dime 33:dime -:dime x:dime 2.7:dime +:dime 24.5:dime -:dime =:dime
EXPR: 0 | POS | FRA | 37 | 48 | 69.8 | ((15+33)-x)=(2.7-24.5) | 15 33 + x - 2.7 24.5 - = | 15:dime 33:dime +:dime x:dime -:dime 2.7:dime 24.5:dime -:dime =:dime
EXPR: 0 | POS | FRA | 37 | 48 | 45.2 | (x-(2.7+33))=(24.5-15) | x 2.7 33 + - 24.5 15 - = | x:dime 2.7:dime 33:dime +:dime -:dime 24.5:dime 15:dime -:dime =:dime
EXPR: 0 | POS | FRA | 37 | 48 | 20.8 | (15+33)=((x+2.7)+24.5) | 15 33 + x 2.7 + 24.5 + = | 15:dime 33:dime +:dime x:dime 2.7:dime +:dime 24.5:dime +:dime =:dime
EXPR: 0 | POS | FRA | 37 | 48 | 9.2 | (15-33)=((x-2.7)-24.5) | 15 33 - x 2.7 - 24.5 - = | 15:dime 33:dime -:dime x:dime 2.7:dime -:dime 24.5:dime -:dime =:dime
EXPR: 0 | POS | FRA | 37 | 48 | 45.2 | ((x-33)+(15-2.7))=24.5 | x 33 - 15 2.7 - + 24.5 = | x:dime 33:dime -:dime 15:dime 2.7:dime -:dime +:dime 24.5:dime =:dime
EXPR: 0 | POS | FRA | 37 | 48 | 75.2 | (15+33)=(x-(2.7+24.5)) | 15 33 + x 2.7 24.5 + - = | 15:dime 33:dime +:dime x:dime 2.7:dime 24.5:dime +:dime -:dime =:dime
EXPR: 0 | POS | FRA | 37 | 48 | 39.8 | (2.7-(24.5-15))=(33-x) | 2.7 24.5 15 - - 33 x - = | 2.7:dime 24.5:dime 15:dime -:dime -:dime 33:dime x:dime -:dime =:dime
EXPR: 0 | POS | FRA | 37 | 48 | 9.2 | ((x+33)-2.7)=(15+24.5) | x 33 + 2.7 - 15 24.5 + = | x:dime 33:dime +:dime 2.7:dime -:dime 15:dime 24.5:dime +:dime =:dime
EXPR: 0 | POS | FRA | 37 | 48 | 3.8 | ((x+2.7)-24.5)=(15-33) | x 2.7 + 24.5 - 15 33 - = | x:dime 2.7:dime +:dime 24.5:dime -:dime 15:dime 33:dime -:dime =:dime
EXPR: 0 | POS | FRA | 37 | 48 | 3.8 | (33+(2.7+x))=(15+24.5) | 33 2.7 x + + 15 24.5 + = | 33:dime 2.7:dime x:dime +:dime +:dime 15:dime 24.5:dime +:dime =:dime
EXPR: 0 | POS | FRA | 37 | 48 | 69.8 | (15+33)=(x+(2.7-24.5)) | 15 33 + x 2.7 24.5 - + = | 15:dime 33:dime +:dime x:dime 2.7:dime 24.5:dime -:dime +:dime =:dime
EXPR: 0 | POS | FRA | 37 | 48 | 26.2 | (15+33)=(x-(2.7-24.5)) | 15 33 + x 2.7 24.5 - - = | 15:dime 33:dime +:dime x:dime 2.7:dime 24.5:dime -:dime -:dime =:dime
EXPR: 0 | POS | FRA | 37 | 48 | 20.8 | ((15-x)+33)=(2.7+24.5) | 15 x - 33 + 2.7 24.5 + = | 15:dime x:dime -:dime 33:dime +:dime 2.7:dime 24.5:dime +:dime =:dime
EXPR: 0 | POS | FRA | 37 | 48 | 9.2 | (2.7+24.5)=(x-(15-33)) | 2.7 24.5 + x 15 33 - - = | 2.7:dime 24.5:dime +:dime x:dime 15:dime 33:dime -:dime -:dime =:dime
EXPR: 0 | POS | FRA | 37 | 48 | 9.2 | (15-x)=((33-2.7)-24.5) | 15 x - 33 2.7 - 24.5 - = | 15:dime x:dime -:dime 33:dime 2.7:dime -:dime 24.5:dime -:dime =:dime
EXPR: 0 | POS | FRA | 37 | 48 | 20.8 | (2.7+24.5)=((15-x)+33) | 2.7 24.5 + 15 x - 33 + = | 2.7:dime 24.5:dime +:dime 15:dime x:dime -:dime 33:dime +:dime =:dime
EXPR: 0 | POS | FRA | 37 | 48 | 20.8 | (((2.7+x)+24.5)-33)=15 | 2.7 x + 24.5 + 33 - 15 = | 2.7:dime x:dime +:dime 24.5:dime +:dime 33:dime -:dime 15:dime =:dime
EXPR: 0 | POS | FRA | 37 | 48 | 3.8 | (((2.7-24.5)+x)+33)=15 | 2.7 24.5 - x + 33 + 15 = | 2.7:dime 24.5:dime -:dime x:dime +:dime 33:dime +:dime 15:dime =:dime
EXPR: 0 | POS | FRA | 37 | 48 | 3.8 | (2.7-24.5)=((15-x)-33) | 2.7 24.5 - 15 x - 33 - = | 2.7:dime 24.5:dime -:dime 15:dime x:dime -:dime 33:dime -:dime =:dime
EXPR: 0 | POS | FRA | 37 | 48 | 20.8 | (2.7+24.5)=((15+33)-x) | 2.7 24.5 + 15 33 + x - = | 2.7:dime 24.5:dime +:dime 15:dime 33:dime +:dime x:dime -:dime =:dime
EXPR: 0 | POS | FRA | 37 | 48 | 69.8 | ((x+2.7)-24.5)=(15+33) | x 2.7 + 24.5 - 15 33 + = | x:dime 2.7:dime +:dime 24.5:dime -:dime 15:dime 33:dime +:dime =:dime
EXPR: 0 | POS | FRA | 37 | 48 | 3.8 | ((x+33)+2.7)=(15+24.5) | x 33 + 2.7 + 15 24.5 + = | x:dime 33:dime +:dime 2.7:dime +:dime 15:dime 24.5:dime +:dime =:dime
EXPR: 0 | POS | FRA | 37 | 48 | 20.8 | ((2.7+x)+24.5)=(15+33) | 2.7 x + 24.5 + 15 33 + = | 2.7:dime x:dime +:dime 24.5:dime +:dime 15:dime 33:dime +:dime =:dime
EXPR: 0 | POS | FRA | 37 | 48 | 69.8 | (33-2.7)=(x-(15+24.5)) | 33 2.7 - x 15 24.5 + - = | 33:dime 2.7:dime -:dime x:dime 15:dime 24.5:dime +:dime -:dime =:dime
EXPR: 0 | POS | FRA | 37 | 48 | 26.2 | (2.7+33)=((24.5-15)+x) | 2.7 33 + 24.5 15 - x + = | 2.7:dime 33:dime +:dime 24.5:dime 15:dime -:dime x:dime +:dime =:dime
EXPR: 0 | POS | FRA | 37 | 48 | 39.8 | (33-2.7)=(x+(15-24.5)) | 33 2.7 - x 15 24.5 - + = | 33:dime 2.7:dime -:dime x:dime 15:dime 24.5:dime -:dime +:dime =:dime
EXPR: 0 | POS | FRA | 37 | 48 | 75.2 | ((x-15)-33)=(2.7+24.5) | x 15 - 33 - 2.7 24.5 + = | x:dime 15:dime -:dime 33:dime -:dime 2.7:dime 24.5:dime +:dime =:dime
EXPR: 0 | POS | FRA | 37 | 48 | 45.2 | 33=(((15-2.7)-24.5)+x) | 33 15 2.7 - 24.5 - x + = | 33:dime 15:dime 2.7:dime -:dime 24.5:dime -:dime x:dime +:dime =:dime
EXPR: 0 | POS | FRA | 37 | 48 | 26.2 | ((15+33)+2.7)=(24.5+x) | 15 33 + 2.7 + 24.5 x + = | 15:dime 33:dime +:dime 2.7:dime +:dime 24.5:dime x:dime +:dime =:dime
EXPR: 0 | POS | FRA | 37 | 48 | 20.8 | ((x+2.7)+24.5)=(15+33) | x 2.7 + 24.5 + 15 33 + = | x:dime 2.7:dime +:dime 24.5:dime +:dime 15:dime 33:dime +:dime =:dime
EXPR: 0 | POS | FRA | 37 | 48 | 3.8 | ((2.7+33)-24.5)=(15-x) | 2.7 33 + 24.5 - 15 x - = | 2.7:dime 33:dime +:dime 24.5:dime -:dime 15:dime x:dime -:dime =:dime
EXPR: 0 | POS | FRA | 37 | 48 | 26.2 | (2.7+33)=(x+(24.5-15)) | 2.7 33 + x 24.5 15 - + = | 2.7:dime 33:dime +:dime x:dime 24.5:dime 15:dime -:dime +:dime =:dime
EXPR: 0 | POS | FRA | 37 | 48 | 39.8 | (33-2.7)=((x+15)-24.5) | 33 2.7 - x 15 + 24.5 - = | 33:dime 2.7:dime -:dime x:dime 15:dime +:dime 24.5:dime -:dime =:dime
EXPR: 0 | POS | FRA | 37 | 48 | 9.2 | 33=((15-(x-2.7))+24.5) | 33 15 x 2.7 - - 24.5 + = | 33:dime 15:dime x:dime 2.7:dime -:dime -:dime 24.5:dime +:dime =:dime
EXPR: 0 | POS | FRA | 37 | 48 | 75.2 | ((x-2.7)-24.5)=(15+33) | x 2.7 - 24.5 - 15 33 + = | x:dime 2.7:dime -:dime 24.5:dime -:dime 15:dime 33:dime +:dime =:dime
EXPR: 0 | POS | FRA | 37 | 48 | 3.8 | 33=((15-(x+2.7))+24.5) | 33 15 x 2.7 + - 24.5 + = | 33:dime 15:dime x:dime 2.7:dime +:dime -:dime 24.5:dime +:dime =:dime
EXPR: 0 | POS | FRA | 37 | 48 | 39.8 | (x+2.7)=((33+24.5)-15) | x 2.7 + 33 24.5 + 15 - = | x:dime 2.7:dime +:dime 33:dime 24.5:dime +:dime 15:dime -:dime =:dime
EXPR: 0 | POS | FRA | 37 | 48 | 45.2 | ((33-x)+2.7)=(15-24.5) | 33 x - 2.7 + 15 24.5 - = | 33:dime x:dime -:dime 2.7:dime +:dime 15:dime 24.5:dime -:dime =:dime
EXPR: 0 | POS | FRA | 37 | 48 | 20.8 | ((2.7+24.5)-15)=(33-x) | 2.7 24.5 + 15 - 33 x - = | 2.7:dime 24.5:dime +:dime 15:dime -:dime 33:dime x:dime -:dime =:dime
EXPR: 0 | POS | FRA | 37 | 48 | 39.8 | ((2.7+x)-33)=(24.5-15) | 2.7 x + 33 - 24.5 15 - = | 2.7:dime x:dime +:dime 33:dime -:dime 24.5:dime 15:dime -:dime =:dime
EXPR: 0 | POS | FRA | 37 | 48 | 39.8 | ((33-x)-2.7)=(15-24.5) | 33 x - 2.7 - 15 24.5 - = | 33:dime x:dime -:dime 2.7:dime -:dime 15:dime 24.5:dime -:dime =:dime
EXPR: 0 | POS | FRA | 37 | 48 | 20.8 | (x-(33-2.7))=(15-24.5) | x 33 2.7 - - 15 24.5 - = | x:dime 33:dime 2.7:dime -:dime -:dime 15:dime 24.5:dime -:dime =:dime
EXPR: 0 | POS | FRA | 37 | 48 | 3.8 | ((15-x)-33)=(2.7-24.5) | 15 x - 33 - 2.7 24.5 - = | 15:dime x:dime -:dime 33:dime -:dime 2.7:dime 24.5:dime -:dime =:dime
NET 452 unique, non-negative solutions found out of 1000 total solutions
