parameters: n=9 l=4 k=1 p=5 q=1 m=10
TOTAL 1000 solutions found
SOLN: CORRECT | POS/NEG | INT/FRA | OBJ-SCORE | TRUE-ANS | ANS | INFIX | POSTFIX | TYPED-POSTFIX
EXPR: 0 | POS | INT | 0 | 63 | 313 | (((250.0+17)+27)+19)=x | 250.0 17 + 27 + 19 + x = | 250.0:penny 17:penny +:penny 27:penny +:penny 19:penny +:penny x:penny =:penny
EXPR: 0 | POS | INT | 0 | 63 | 279 | (250.0-(17-(27+19)))=x | 250.0 17 27 19 + - - x = | 250.0:penny 17:penny 27:penny 19:penny +:penny -:penny -:penny x:penny =:penny
EXPR: 0 | POS | INT | 0 | 63 | 259 | x=(250.0+(17-(27-19))) | x 250.0 17 27 19 - - + = | x:penny 250.0:penny 17:penny 27:penny 19:penny -:penny -:penny +:penny =:penny
EXPR: 0 | POS | INT | 0 | 63 | 221 | (250.0+(17-(27+19)))=x | 250.0 17 27 19 + - + x = | 250.0:penny 17:penny 27:penny 19:penny +:penny -:penny +:penny x:penny =:penny
EXPR: 0 | POS | INT | 0 | 63 | 221 | x=(((250.0+17)-27)-19) | x 250.0 17 + 27 - 19 - = | x:penny 250.0:penny 17:penny +:penny 27:penny -:penny 19:penny -:penny =:penny
EXPR: 0 | POS | INT | 0 | 63 | 275 | x=(((250.0+17)+27)-19) | x 250.0 17 + 27 + 19 - = | x:penny 250.0:penny 17:penny +:penny 27:penny +:penny 19:penny -:penny =:penny
EXPR: 0 | POS | INT | 0 | 63 | 275 | x=(250.0+(17+(27-19))) | x 250.0 17 27 19 - + + = | x:penny 250.0:penny 17:penny 27:penny 19:penny -:penny +:penny +:penny =:penny
EXPR: 0 | POS | INT | 0 | 63 | 225 | (250.0-(17+(27-19)))=x | 250.0 17 27 19 - + - x = | 250.0:penny 17:penny 27:penny 19:penny -:penny +:penny -:penny x:penny =:penny
EXPR: 0 | POS | INT | 0 | 63 | 187 | x=(250.0-(17+(27+19))) | x 250.0 17 27 19 + + - = | x:penny 250.0:penny 17:penny 27:penny 19:penny +:penny +:penny -:penny =:penny
EXPR: 0 | POS | INT | 0 | 63 | 221 | x=((250.0+(17-27))-19) | x 250.0 17 27 - + 19 - = | x:penny 250.0:penny 17:penny 27:penny -:penny +:penny 19:penny -:penny =:penny
EXPR: 0 | POS | INT | 0 | 63 | 241 | (250.0-(17-(27-19)))=x | 250.0 17 27 19 - - - x = | 250.0:penny 17:penny 27:penny 19:penny -:penny -:penny -:penny x:penny =:penny
EXPR: 0 | POS | INT | 0 | 63 | 313 | (250.0+(17+(27+19)))=x | 250.0 17 27 19 + + + x = | 250.0:penny 17:penny 27:penny 19:penny +:penny +:penny +:penny x:penny =:penny
EXPR: 0 | POS | INT | 0 | 63 | 275 | x=((250.0+(17+27))-19) | x 250.0 17 27 + + 19 - = | x:penny 250.0:penny 17:penny 27:penny +:penny +:penny 19:penny -:penny =:penny
EXPR: 0 | POS | INT | 0 | 63 | 225 | x=(250.0-((17+27)-19)) | x 250.0 17 27 + 19 - - = | x:penny 250.0:penny 17:penny 27:penny +:penny 19:penny -:penny -:penny =:penny
EXPR: 0 | POS | INT | 0 | 63 | 313 | x=(250.0+(17+(27+19))) | x 250.0 17 27 19 + + + = | x:penny 250.0:penny 17:penny 27:penny 19:penny +:penny +:penny +:penny =:penny
EXPR: 0 | POS | INT | 0 | 63 | 225 | (250.0-((17+27)-19))=x | 250.0 17 27 + 19 - - x = | 250.0:penny 17:penny 27:penny +:penny 19:penny -:penny -:penny x:penny =:penny
EXPR: 0 | POS | INT | 0 | 63 | 221 | (((250.0+17)-27)-19)=x | 250.0 17 + 27 - 19 - x = | 250.0:penny 17:penny +:penny 27:penny -:penny 19:penny -:penny x:penny =:penny
EXPR: 0 | POS | INT | 0 | 63 | 275 | x=(250.0+((17+27)-19)) | x 250.0 17 27 + 19 - + = | x:penny 250.0:penny 17:penny 27:penny +:penny 19:penny -:penny +:penny =:penny
EXPR: 0 | POS | INT | 0 | 63 | 241 | x=(((250.0-17)+27)-19) | x 250.0 17 - 27 + 19 - = | x:penny 250.0:penny 17:penny -:penny 27:penny +:penny 19:penny -:penny =:penny
EXPR: 0 | POS | INT | 0 | 63 | 259 | (250.0+((17-27)+19))=x | 250.0 17 27 - 19 + + x = | 250.0:penny 17:penny 27:penny -:penny 19:penny +:penny +:penny x:penny =:penny
EXPR: 0 | POS | INT | 0 | 63 | 279 | x=(250.0-(17-(27+19))) | x 250.0 17 27 19 + - - = | x:penny 250.0:penny 17:penny 27:penny 19:penny +:penny -:penny -:penny =:penny
EXPR: 0 | POS | INT | 0 | 63 | 279 | x=((250.0-(17-27))+19) | x 250.0 17 27 - - 19 + = | x:penny 250.0:penny 17:penny 27:penny -:penny -:penny 19:penny +:penny =:penny
EXPR: 0 | POS | INT | 0 | 63 | 275 | (250.0+((17+27)-19))=x | 250.0 17 27 + 19 - + x = | 250.0:penny 17:penny 27:penny +:penny 19:penny -:penny +:penny x:penny =:penny
EXPR: 0 | POS | INT | 0 | 63 | 241 | (((250.0-17)+27)-19)=x | 250.0 17 - 27 + 19 - x = | 250.0:penny 17:penny -:penny 27:penny +:penny 19:penny -:penny x:penny =:penny
EXPR: 0 | POS | INT | 0 | 63 | 259 | x=((250.0+(17-27))+19) | x 250.0 17 27 - + 19 + = | x:penny 250.0:penny 17:penny 27:penny -:penny +:penny 19:penny +:penny =:penny
EXPR: 0 | POS | INT | 0 | 63 | 279 | (250.0-((17-27)-19))=x | 250.0 17 27 - 19 - - x = | 250.0:penny 17:penny 27:penny -:penny 19:penny -:penny -:penny x:penny =:penny
EXPR: 0 | POS | INT | 0 | 63 | 225 | x=(((250.0-17)-27)+19) | x 250.0 17 - 27 - 19 + = | x:penny 250.0:penny 17:penny -:penny 27:penny -:penny 19:penny +:penny =:penny
EXPR: 0 | POS | INT | 0 | 63 | 313 | x=(((250.0+17)+27)+19) | x 250.0 17 + 27 + 19 + = | x:penny 250.0:penny 17:penny +:penny 27:penny +:penny 19:penny +:penny =:penny
EXPR: 0 | POS | INT | 0 | 63 | 259 | ((250.0+(17-27))+19)=x | 250.0 17 27 - + 19 + x = | 250.0:penny 17:penny 27:penny -:penny +:penny 19:penny +:penny x:penny =:penny
EXPR: 0 | POS | INT | 0 | 63 | 187 | ((250.0-(17+27))-19)=x | 250.0 17 27 + - 19 - x = | 250.0:penny 17:penny 27:penny +:penny -:penny 19:penny -:penny x:penny =:penny
EXPR: 0 | POS | INT | 0 | 63 | 313 | (250.0+((17+27)+19))=x | 250.0 17 27 + 19 + + x = | 250.0:penny 17:penny 27:penny +:penny 19:penny +:penny +:penny x:penny =:penny
EXPR: 0 | POS | INT | 0 | 63 | 187 | (250.0-((17+27)+19))=x | 250.0 17 27 + 19 + - x = | 250.0:penny 17:penny 27:penny +:penny 19:penny +:penny -:penny x:penny =:penny
EXPR: 0 | POS | INT | 0 | 63 | 187 | x=((250.0-17)-(27+19)) | x 250.0 17 - 27 19 + - = | x:penny 250.0:penny 17:penny -:penny 27:penny 19:penny +:penny -:penny =:penny
EXPR: 0 | POS | INT | 0 | 63 | 221 | x=((250.0+17)-(27+19)) | x 250.0 17 + 27 19 + - = | x:penny 250.0:penny 17:penny +:penny 27:penny 19:penny +:penny -:penny =:penny
EXPR: 0 | POS | INT | 0 | 63 | 279 | (((250.0-17)+27)+19)=x | 250.0 17 - 27 + 19 + x = | 250.0:penny 17:penny -:penny 27:penny +:penny 19:penny +:penny x:penny =:penny
EXPR: 0 | POS | INT | 0 | 63 | 221 | x=(250.0+(17-(27+19))) | x 250.0 17 27 19 + - + = | x:penny 250.0:penny 17:penny 27:penny 19:penny +:penny -:penny +:penny =:penny
EXPR: 0 | POS | INT | 0 | 63 | 225 | x=(250.0-(17+(27-19))) | x 250.0 17 27 19 - + - = | x:penny 250.0:penny 17:penny 27:penny 19:penny -:penny +:penny -:penny =:penny
EXPR: 0 | POS | INT | 0 | 63 | 187 | x=((250.0-(17+27))-19) | x 250.0 17 27 + - 19 - = | x:penny 250.0:penny 17:penny 27:penny +:penny -:penny 19:penny -:penny =:penny
EXPR: 0 | POS | INT | 0 | 63 | 313 | x=((250.0+(17+27))+19) | x 250.0 17 27 + + 19 + = | x:penny 250.0:penny 17:penny 27:penny +:penny +:penny 19:penny +:penny =:penny
EXPR: 0 | POS | INT | 0 | 63 | 241 | x=((250.0-(17-27))-19) | x 250.0 17 27 - - 19 - = | x:penny 250.0:penny 17:penny 27:penny -:penny -:penny 19:penny -:penny =:penny
EXPR: 0 | POS | INT | 0 | 63 | 221 | (250.0+((17-27)-19))=x | 250.0 17 27 - 19 - + x = | 250.0:penny 17:penny 27:penny -:penny 19:penny -:penny +:penny x:penny =:penny
EXPR: 0 | POS | INT | 0 | 63 | 221 | ((250.0+17)-(27+19))=x | 250.0 17 + 27 19 + - x = | 250.0:penny 17:penny +:penny 27:penny 19:penny +:penny -:penny x:penny =:penny
EXPR: 0 | POS | INT | 0 | 63 | 275 | ((250.0+(17+27))-19)=x | 250.0 17 27 + + 19 - x = | 250.0:penny 17:penny 27:penny +:penny +:penny 19:penny -:penny x:penny =:penny
EXPR: 0 | POS | INT | 0 | 63 | 279 | x=(((250.0-17)+27)+19) | x 250.0 17 - 27 + 19 + = | x:penny 250.0:penny 17:penny -:penny 27:penny +:penny 19:penny +:penny =:penny
EXPR: 0 | POS | INT | 0 | 63 | 241 | x=(250.0-(17-(27-19))) | x 250.0 17 27 19 - - - = | x:penny 250.0:penny 17:penny 27:penny 19:penny -:penny -:penny -:penny =:penny
EXPR: 0 | POS | INT | 0 | 63 | 187 | x=(((250.0-17)-27)-19) | x 250.0 17 - 27 - 19 - = | x:penny 250.0:penny 17:penny -:penny 27:penny -:penny 19:penny -:penny =:penny
EXPR: 0 | POS | INT | 0 | 63 | 275 | (((250.0+17)+27)-19)=x | 250.0 17 + 27 + 19 - x = | 250.0:penny 17:penny +:penny 27:penny +:penny 19:penny -:penny x:penny =:penny
EXPR: 0 | POS | INT | 0 | 63 | 225 | ((250.0-(17+27))+19)=x | 250.0 17 27 + - 19 + x = | 250.0:penny 17:penny 27:penny +:penny -:penny 19:penny +:penny x:penny =:penny
EXPR: 0 | POS | INT | 0 | 63 | 241 | ((250.0-17)+(27-19))=x | 250.0 17 - 27 19 - + x = | 250.0:penny 17:penny -:penny 27:penny 19:penny -:penny +:penny x:penny =:penny
EXPR: 0 | POS | INT | 0 | 63 | 259 | (((250.0+17)-27)+19)=x | 250.0 17 + 27 - 19 + x = | 250.0:penny 17:penny +:penny 27:penny -:penny 19:penny +:penny x:penny =:penny
EXPR: 0 | POS | INT | 0 | 63 | 259 | ((250.0+17)-(27-19))=x | 250.0 17 + 27 19 - - x = | 250.0:penny 17:penny +:penny 27:penny 19:penny -:penny -:penny x:penny =:penny
EXPR: 0 | POS | INT | 0 | 63 | 275 | ((250.0+17)+(27-19))=x | 250.0 17 + 27 19 - + x = | 250.0:penny 17:penny +:penny 27:penny 19:penny -:penny +:penny x:penny =:penny
EXPR: 0 | POS | INT | 0 | 63 | 241 | x=(250.0-((17-27)+19)) | x 250.0 17 27 - 19 + - = | x:penny 250.0:penny 17:penny 27:penny -:penny 19:penny +:penny -:penny =:penny
EXPR: 0 | POS | INT | 0 | 63 | 187 | x=(250.0-((17+27)+19)) | x 250.0 17 27 + 19 + - = | x:penny 250.0:penny 17:penny 27:penny +:penny 19:penny +:penny -:penny =:penny
EXPR: 0 | POS | INT | 0 | 63 | 313 | ((250.0+(17+27))+19)=x | 250.0 17 27 + + 19 + x = | 250.0:penny 17:penny 27:penny +:penny +:penny 19:penny +:penny x:penny =:penny
EXPR: 0 | POS | INT | 0 | 63 | 279 | ((250.0-(17-27))+19)=x | 250.0 17 27 - - 19 + x = | 250.0:penny 17:penny 27:penny -:penny -:penny 19:penny +:penny x:penny =:penny
EXPR: 0 | POS | INT | 0 | 63 | 241 | ((250.0-(17-27))-19)=x | 250.0 17 27 - - 19 - x = | 250.0:penny 17:penny 27:penny -:penny -:penny 19:penny -:penny x:penny =:penny
EXPR: 0 | POS | INT | 0 | 63 | 225 | (((250.0-17)-27)+19)=x | 250.0 17 - 27 - 19 + x = | 250.0:penny 17:penny -:penny 27:penny -:penny 19:penny +:penny x:penny =:penny
EXPR: 0 | POS | INT | 0 | 63 | 187 | (((250.0-17)-27)-19)=x | 250.0 17 - 27 - 19 - x = | 250.0:penny 17:penny -:penny 27:penny -:penny 19:penny -:penny x:penny =:penny
EXPR: 0 | POS | INT | 0 | 63 | 275 | x=((250.0+17)+(27-19)) | x 250.0 17 + 27 19 - + = | x:penny 250.0:penny 17:penny +:penny 27:penny 19:penny -:penny +:penny =:penny
EXPR: 0 | POS | INT | 0 | 63 | 221 | x=(250.0+((17-27)-19)) | x 250.0 17 27 - 19 - + = | x:penny 250.0:penny 17:penny 27:penny -:penny 19:penny -:penny +:penny =:penny
EXPR: 0 | POS | INT | 0 | 63 | 187 | ((250.0-17)-(27+19))=x | 250.0 17 - 27 19 + - x = | 250.0:penny 17:penny -:penny 27:penny 19:penny +:penny -:penny x:penny =:penny
EXPR: 0 | POS | INT | 0 | 63 | 259 | x=(250.0+((17-27)+19)) | x 250.0 17 27 - 19 + + = | x:penny 250.0:penny 17:penny 27:penny -:penny 19:penny +:penny +:penny =:penny
EXPR: 0 | POS | INT | 0 | 63 | 241 | (250.0-((17-27)+19))=x | 250.0 17 27 - 19 + - x = | 250.0:penny 17:penny 27:penny -:penny 19:penny +:penny -:penny x:penny =:penny
EXPR: 0 | POS | INT | 0 | 63 | 225 | ((250.0-17)-(27-19))=x | 250.0 17 - 27 19 - - x = | 250.0:penny 17:penny -:penny 27:penny 19:penny -:penny -:penny x:penny =:penny
EXPR: 0 | POS | INT | 0 | 63 | 225 | x=((250.0-(17+27))+19) | x 250.0 17 27 + - 19 + = | x:penny 250.0:penny 17:penny 27:penny +:penny -:penny 19:penny +:penny =:penny
EXPR: 0 | POS | INT | 0 | 63 | 259 | x=(((250.0+17)-27)+19) | x 250.0 17 + 27 - 19 + = | x:penny 250.0:penny 17:penny +:penny 27:penny -:penny 19:penny +:penny =:penny
EXPR: 0 | POS | INT | 0 | 63 | 313 | ((250.0+17)+(27+19))=x | 250.0 17 + 27 19 + + x = | 250.0:penny 17:penny +:penny 27:penny 19:penny +:penny +:penny x:penny =:penny
EXPR: 0 | POS | INT | 0 | 63 | 241 | x=((250.0-17)+(27-19)) | x 250.0 17 - 27 19 - + = | x:penny 250.0:penny 17:penny -:penny 27:penny 19:penny -:penny +:penny =:penny
EXPR: 0 | POS | INT | 0 | 63 | 279 | x=(250.0-((17-27)-19)) | x 250.0 17 27 - 19 - - = | x:penny 250.0:penny 17:penny 27:penny -:penny 19:penny -:penny -:penny =:penny
EXPR: 0 | POS | INT | 0 | 63 | 313 | x=(250.0+((17+27)+19)) | x 250.0 17 27 + 19 + + = | x:penny 250.0:penny 17:penny 27:penny +:penny 19:penny +:penny +:penny =:penny
EXPR: 0 | POS | INT | 0 | 63 | 279 | ((250.0-17)+(27+19))=x | 250.0 17 - 27 19 + + x = | 250.0:penny 17:penny -:penny 27:penny 19:penny +:penny +:penny x:penny =:penny
EXPR: 0 | POS | INT | 0 | 63 | 221 | ((250.0+(17-27))-19)=x | 250.0 17 27 - + 19 - x = | 250.0:penny 17:penny 27:penny -:penny +:penny 19:penny -:penny x:penny =:penny
EXPR: 0 | POS | INT | 0 | 63 | 225 | x=((250.0-17)-(27-19)) | x 250.0 17 - 27 19 - - = | x:penny 250.0:penny 17:penny -:penny 27:penny 19:penny -:penny -:penny =:penny
EXPR: 0 | POS | INT | 0 | 63 | 279 | x=((250.0-17)+(27+19)) | x 250.0 17 - 27 19 + + = | x:penny 250.0:penny 17:penny -:penny 27:penny 19:penny +:penny +:penny =:penny
EXPR: 0 | POS | INT | 0 | 63 | 259 | x=((250.0+17)-(27-19)) | x 250.0 17 + 27 19 - - = | x:penny 250.0:penny 17:penny +:penny 27:penny 19:penny -:penny -:penny =:penny
EXPR: 0 | POS | INT | 0 | 63 | 313 | x=((250.0+17)+(27+19)) | x 250.0 17 + 27 19 + + = | x:penny 250.0:penny 17:penny +:penny 27:penny 19:penny +:penny +:penny =:penny
EXPR: 0 | POS | INT | 2 | 63 | 187 | ((250.0-(17+27))-x)=19 | 250.0 17 27 + - x - 19 = | 250.0:penny 17:penny 27:penny +:penny -:penny x:penny -:penny 19:penny =:penny
EXPR: 0 | POS | INT | 2 | 63 | 225 | 250.0=(17+(x+(27-19))) | 250.0 17 x 27 19 - + + = | 250.0:penny 17:penny x:penny 27:penny 19:penny -:penny +:penny +:penny =:penny
EXPR: 0 | POS | INT | 2 | 63 | 225 | 250.0=(((17+x)+27)-19) | 250.0 17 x + 27 + 19 - = | 250.0:penny 17:penny x:penny +:penny 27:penny +:penny 19:penny -:penny =:penny
EXPR: 0 | POS | INT | 2 | 63 | 313 | ((x-250.0)-(17+27))=19 | x 250.0 - 17 27 + - 19 = | x:penny 250.0:penny -:penny 17:penny 27:penny +:penny -:penny 19:penny =:penny
EXPR: 0 | POS | INT | 2 | 63 | 241 | 250.0=(17-(27-(x+19))) | 250.0 17 27 x 19 + - - = | 250.0:penny 17:penny 27:penny x:penny 19:penny +:penny -:penny -:penny =:penny
EXPR: 0 | POS | INT | 2 | 63 | 225 | ((x-250.0)+(17+27))=19 | x 250.0 - 17 27 + + 19 = | x:penny 250.0:penny -:penny 17:penny 27:penny +:penny +:penny 19:penny =:penny
EXPR: 0 | POS | INT | 2 | 63 | 225 | 250.0=(17+(27+(x-19))) | 250.0 17 27 x 19 - + + = | 250.0:penny 17:penny 27:penny x:penny 19:penny -:penny +:penny +:penny =:penny
EXPR: 0 | POS | INT | 2 | 63 | 279 | ((x-250.0)+(17-27))=19 | x 250.0 - 17 27 - + 19 = | x:penny 250.0:penny -:penny 17:penny 27:penny -:penny +:penny 19:penny =:penny
EXPR: 0 | POS | INT | 2 | 63 | 187 | 250.0=(17+(x+(27+19))) | 250.0 17 x 27 19 + + + = | 250.0:penny 17:penny x:penny 27:penny 19:penny +:penny +:penny +:penny =:penny
EXPR: 0 | POS | INT | 2 | 63 | 241 | 250.0=(17+(x-(27-19))) | 250.0 17 x 27 19 - - + = | 250.0:penny 17:penny x:penny 27:penny 19:penny -:penny -:penny +:penny =:penny
EXPR: 0 | POS | INT | 2 | 63 | 241 | (250.0-((x+17)-27))=19 | 250.0 x 17 + 27 - - 19 = | 250.0:penny x:penny 17:penny +:penny 27:penny -:penny -:penny 19:penny =:penny
EXPR: 0 | POS | INT | 2 | 63 | 279 | 250.0=(17+(x-(27+19))) | 250.0 17 x 27 19 + - + = | 250.0:penny 17:penny x:penny 27:penny 19:penny +:penny -:penny +:penny =:penny
EXPR: 0 | POS | INT | 2 | 63 | 187 | (250.0-((x+17)+27))=19 | 250.0 x 17 + 27 + - 19 = | 250.0:penny x:penny 17:penny +:penny 27:penny +:penny -:penny 19:penny =:penny
EXPR: 0 | POS | INT | 2 | 63 | 259 | ((x-250.0)-(17-27))=19 | x 250.0 - 17 27 - - 19 = | x:penny 250.0:penny -:penny 17:penny 27:penny -:penny -:penny 19:penny =:penny
EXPR: 0 | POS | INT | 2 | 63 | 241 | (250.0-((17+x)-27))=19 | 250.0 17 x + 27 - - 19 = | 250.0:penny 17:penny x:penny +:penny 27:penny -:penny -:penny 19:penny =:penny
EXPR: 0 | POS | INT | 2 | 63 | 279 | 250.0=(17-(27-(x-19))) | 250.0 17 27 x 19 - - - = | 250.0:penny 17:penny 27:penny x:penny 19:penny -:penny -:penny -:penny =:penny
EXPR: 0 | POS | INT | 2 | 63 | 187 | 250.0=(17+(27+(x+19))) | 250.0 17 27 x 19 + + + = | 250.0:penny 17:penny 27:penny x:penny 19:penny +:penny +:penny +:penny =:penny
EXPR: 0 | POS | INT | 2 | 63 | 221 | ((250.0+(17-27))-x)=19 | 250.0 17 27 - + x - 19 = | 250.0:penny 17:penny 27:penny -:penny +:penny x:penny -:penny 19:penny =:penny
EXPR: 0 | POS | INT | 2 | 63 | 241 | 250.0=((17-(27-19))+x) | 250.0 17 27 19 - - x + = | 250.0:penny 17:penny 27:penny 19:penny -:penny -:penny x:penny +:penny =:penny
EXPR: 0 | POS | INT | 2 | 63 | 279 | 250.0=((17-(27+19))+x) | 250.0 17 27 19 + - x + = | 250.0:penny 17:penny 27:penny 19:penny +:penny -:penny x:penny +:penny =:penny
EXPR: 0 | POS | INT | 2 | 63 | 225 | 250.0=(((x+17)+27)-19) | 250.0 x 17 + 27 + 19 - = | 250.0:penny x:penny 17:penny +:penny 27:penny +:penny 19:penny -:penny =:penny
EXPR: 0 | POS | INT | 2 | 63 | 187 | 250.0=((17+(27+19))+x) | 250.0 17 27 19 + + x + = | 250.0:penny 17:penny 27:penny 19:penny +:penny +:penny x:penny +:penny =:penny
EXPR: 0 | POS | INT | 2 | 63 | 279 | 250.0=(((x+17)-27)-19) | 250.0 x 17 + 27 - 19 - = | 250.0:penny x:penny 17:penny +:penny 27:penny -:penny 19:penny -:penny =:penny
EXPR: 0 | POS | INT | 2 | 63 | 259 | 250.0=(((x-17)+27)-19) | 250.0 x 17 - 27 + 19 - = | 250.0:penny x:penny 17:penny -:penny 27:penny +:penny 19:penny -:penny =:penny
EXPR: 0 | POS | INT | 2 | 63 | 275 | ((250.0+(17+27))-x)=19 | 250.0 17 27 + + x - 19 = | 250.0:penny 17:penny 27:penny +:penny +:penny x:penny -:penny 19:penny =:penny
EXPR: 0 | POS | INT | 2 | 63 | 275 | (((250.0+17)+27)-x)=19 | 250.0 17 + 27 + x - 19 = | 250.0:penny 17:penny +:penny 27:penny +:penny x:penny -:penny 19:penny =:penny
EXPR: 0 | POS | INT | 2 | 63 | 241 | (((250.0-17)+27)-x)=19 | 250.0 17 - 27 + x - 19 = | 250.0:penny 17:penny -:penny 27:penny +:penny x:penny -:penny 19:penny =:penny
EXPR: 0 | POS | INT | 10 | 63 | 259 | x=(((250.0+17)+19)-27) | x 250.0 17 + 19 + 27 - = | x:penny 250.0:penny 17:penny +:penny 19:penny +:penny 27:penny -:penny =:penny
EXPR: 0 | POS | INT | 10 | 63 | 221 | x=((250.0+(17-19))-27) | x 250.0 17 19 - + 27 - = | x:penny 250.0:penny 17:penny 19:penny -:penny +:penny 27:penny -:penny =:penny
EXPR: 0 | POS | INT | 10 | 63 | 241 | x=(250.0-((17+19)-27)) | x 250.0 17 19 + 27 - - = | x:penny 250.0:penny 17:penny 19:penny +:penny 27:penny -:penny -:penny =:penny
EXPR: 0 | POS | INT | 10 | 63 | 241 | (250.0-((17+19)-27))=x | 250.0 17 19 + 27 - - x = | 250.0:penny 17:penny 19:penny +:penny 27:penny -:penny -:penny x:penny =:penny
EXPR: 0 | POS | INT | 10 | 63 | 225 | x=(((250.0-17)+19)-27) | x 250.0 17 - 19 + 27 - = | x:penny 250.0:penny 17:penny -:penny 19:penny +:penny 27:penny -:penny =:penny
EXPR: 0 | POS | INT | 10 | 63 | 275 | x=(((250.0+17)-19)+27) | x 250.0 17 + 19 - 27 + = | x:penny 250.0:penny 17:penny +:penny 19:penny -:penny 27:penny +:penny =:penny
EXPR: 0 | POS | INT | 10 | 63 | 259 | x=(250.0+(17+(19-27))) | x 250.0 17 19 27 - + + = | x:penny 250.0:penny 17:penny 19:penny 27:penny -:penny +:penny +:penny =:penny
EXPR: 0 | POS | INT | 10 | 63 | 241 | x=(250.0-(17+(19-27))) | x 250.0 17 19 27 - + - = | x:penny 250.0:penny 17:penny 19:penny 27:penny -:penny +:penny -:penny =:penny
EXPR: 0 | POS | INT | 10 | 63 | 259 | x=(17+((250.0-27)+19)) | x 17 250.0 27 - 19 + + = | x:penny 17:penny 250.0:penny 27:penny -:penny 19:penny +:penny +:penny =:penny
EXPR: 0 | POS | INT | 10 | 63 | 241 | x=(250.0+((27-17)-19)) | x 250.0 27 17 - 19 - + = | x:penny 250.0:penny 27:penny 17:penny -:penny 19:penny -:penny +:penny =:penny
EXPR: 0 | POS | INT | 10 | 63 | 221 | (250.0-((27-17)+19))=x | 250.0 27 17 - 19 + - x = | 250.0:penny 27:penny 17:penny -:penny 19:penny +:penny -:penny x:penny =:penny
EXPR: 0 | POS | INT | 10 | 63 | 259 | x=(250.0-((27-17)-19)) | x 250.0 27 17 - 19 - - = | x:penny 250.0:penny 27:penny 17:penny -:penny 19:penny -:penny -:penny =:penny
EXPR: 0 | POS | INT | 10 | 63 | 221 | (((250.0+17)-19)-27)=x | 250.0 17 + 19 - 27 - x = | 250.0:penny 17:penny +:penny 19:penny -:penny 27:penny -:penny x:penny =:penny
EXPR: 0 | POS | INT | 10 | 63 | 275 | x=((250.0+(17-19))+27) | x 250.0 17 19 - + 27 + = | x:penny 250.0:penny 17:penny 19:penny -:penny +:penny 27:penny +:penny =:penny
EXPR: 0 | POS | INT | 10 | 63 | 259 | (((250.0+17)+19)-27)=x | 250.0 17 + 19 + 27 - x = | 250.0:penny 17:penny +:penny 19:penny +:penny 27:penny -:penny x:penny =:penny
EXPR: 0 | POS | INT | 10 | 63 | 187 | ((250.0-(17+19))-27)=x | 250.0 17 19 + - 27 - x = | 250.0:penny 17:penny 19:penny +:penny -:penny 27:penny -:penny x:penny =:penny
EXPR: 0 | POS | INT | 10 | 63 | 313 | x=(17+((250.0+27)+19)) | x 17 250.0 27 + 19 + + = | x:penny 17:penny 250.0:penny 27:penny +:penny 19:penny +:penny +:penny =:penny
EXPR: 0 | POS | INT | 10 | 63 | 221 | ((250.0+(17-19))-27)=x | 250.0 17 19 - + 27 - x = | 250.0:penny 17:penny 19:penny -:penny +:penny 27:penny -:penny x:penny =:penny
EXPR: 0 | POS | INT | 10 | 63 | 259 | ((250.0+(17+19))-27)=x | 250.0 17 19 + + 27 - x = | 250.0:penny 17:penny 19:penny +:penny +:penny 27:penny -:penny x:penny =:penny
EXPR: 0 | POS | INT | 10 | 63 | 225 | (((250.0-17)+19)-27)=x | 250.0 17 - 19 + 27 - x = | 250.0:penny 17:penny -:penny 19:penny +:penny 27:penny -:penny x:penny =:penny
EXPR: 0 | POS | INT | 10 | 63 | 225 | x=((250.0-(17-19))-27) | x 250.0 17 19 - - 27 - = | x:penny 250.0:penny 17:penny 19:penny -:penny -:penny 27:penny -:penny =:penny
EXPR: 0 | POS | INT | 10 | 63 | 313 | x=((250.0+(17+19))+27) | x 250.0 17 19 + + 27 + = | x:penny 250.0:penny 17:penny 19:penny +:penny +:penny 27:penny +:penny =:penny
EXPR: 0 | POS | INT | 10 | 63 | 221 | x=(17+((250.0-27)-19)) | x 17 250.0 27 - 19 - + = | x:penny 17:penny 250.0:penny 27:penny -:penny 19:penny -:penny +:penny =:penny
EXPR: 0 | POS | INT | 10 | 63 | 313 | (((250.0+27)+17)+19)=x | 250.0 27 + 17 + 19 + x = | 250.0:penny 27:penny +:penny 17:penny +:penny 19:penny +:penny x:penny =:penny
EXPR: 0 | POS | INT | 10 | 63 | 279 | x=(250.0+((27-17)+19)) | x 250.0 27 17 - 19 + + = | x:penny 250.0:penny 27:penny 17:penny -:penny 19:penny +:penny +:penny =:penny
EXPR: 0 | POS | INT | 10 | 63 | 225 | x=(250.0-((17-19)+27)) | x 250.0 17 19 - 27 + - = | x:penny 250.0:penny 17:penny 19:penny -:penny 27:penny +:penny -:penny =:penny
EXPR: 0 | POS | INT | 10 | 63 | 279 | x=((250.0-(17-19))+27) | x 250.0 17 19 - - 27 + = | x:penny 250.0:penny 17:penny 19:penny -:penny -:penny 27:penny +:penny =:penny
EXPR: 0 | POS | INT | 10 | 63 | 187 | x=(250.0-((17+19)+27)) | x 250.0 17 19 + 27 + - = | x:penny 250.0:penny 17:penny 19:penny +:penny 27:penny +:penny -:penny =:penny
EXPR: 0 | POS | INT | 10 | 63 | 275 | x=(250.0+((17-19)+27)) | x 250.0 17 19 - 27 + + = | x:penny 250.0:penny 17:penny 19:penny -:penny 27:penny +:penny +:penny =:penny
EXPR: 0 | POS | INT | 10 | 63 | 187 | x=((250.0-(17+19))-27) | x 250.0 17 19 + - 27 - = | x:penny 250.0:penny 17:penny 19:penny +:penny -:penny 27:penny -:penny =:penny
EXPR: 0 | POS | INT | 10 | 63 | 241 | x=((250.0-(17+19))+27) | x 250.0 17 19 + - 27 + = | x:penny 250.0:penny 17:penny 19:penny +:penny -:penny 27:penny +:penny =:penny
EXPR: 0 | POS | INT | 10 | 63 | 221 | x=(250.0+((17-19)-27)) | x 250.0 17 19 - 27 - + = | x:penny 250.0:penny 17:penny 19:penny -:penny 27:penny -:penny +:penny =:penny
EXPR: 0 | POS | INT | 10 | 63 | 279 | x=(250.0-((17-19)-27)) | x 250.0 17 19 - 27 - - = | x:penny 250.0:penny 17:penny 19:penny -:penny 27:penny -:penny -:penny =:penny
EXPR: 0 | POS | INT | 10 | 63 | 313 | ((17+(250.0+27))+19)=x | 17 250.0 27 + + 19 + x = | 17:penny 250.0:penny 27:penny +:penny +:penny 19:penny +:penny x:penny =:penny
EXPR: 0 | POS | INT | 10 | 63 | 187 | x=(250.0-(27+(17+19))) | x 250.0 27 17 19 + + - = | x:penny 250.0:penny 27:penny 17:penny 19:penny +:penny +:penny -:penny =:penny
EXPR: 0 | POS | INT | 10 | 63 | 313 | x=(250.0+((17+19)+27)) | x 250.0 17 19 + 27 + + = | x:penny 250.0:penny 17:penny 19:penny +:penny 27:penny +:penny +:penny =:penny
EXPR: 0 | POS | INT | 10 | 63 | 241 | x=((250.0-17)-(19-27)) | x 250.0 17 - 19 27 - - = | x:penny 250.0:penny 17:penny -:penny 19:penny 27:penny -:penny -:penny =:penny
EXPR: 0 | POS | INT | 10 | 63 | 275 | ((17+(250.0+27))-19)=x | 17 250.0 27 + + 19 - x = | 17:penny 250.0:penny 27:penny +:penny +:penny 19:penny -:penny x:penny =:penny
EXPR: 0 | POS | INT | 10 | 63 | 259 | x=((250.0+17)+(19-27)) | x 250.0 17 + 19 27 - + = | x:penny 250.0:penny 17:penny +:penny 19:penny 27:penny -:penny +:penny =:penny
EXPR: 0 | POS | INT | 10 | 63 | 275 | x=((250.0+17)-(19-27)) | x 250.0 17 + 19 27 - - = | x:penny 250.0:penny 17:penny +:penny 19:penny 27:penny -:penny -:penny =:penny
EXPR: 0 | POS | INT | 10 | 63 | 259 | x=((250.0+(17+19))-27) | x 250.0 17 19 + + 27 - = | x:penny 250.0:penny 17:penny 19:penny +:penny +:penny 27:penny -:penny =:penny
EXPR: 0 | POS | INT | 10 | 63 | 241 | ((250.0-(17+19))+27)=x | 250.0 17 19 + - 27 + x = | 250.0:penny 17:penny 19:penny +:penny -:penny 27:penny +:penny x:penny =:penny
EXPR: 0 | POS | INT | 10 | 63 | 275 | x=(250.0+(27+(17-19))) | x 250.0 27 17 19 - + + = | x:penny 250.0:penny 27:penny 17:penny 19:penny -:penny +:penny +:penny =:penny
EXPR: 0 | POS | INT | 10 | 63 | 313 | x=(250.0+(27+(17+19))) | x 250.0 27 17 19 + + + = | x:penny 250.0:penny 27:penny 17:penny 19:penny +:penny +:penny +:penny =:penny
EXPR: 0 | POS | INT | 10 | 63 | 225 | x=(250.0-(27+(17-19))) | x 250.0 27 17 19 - + - = | x:penny 250.0:penny 27:penny 17:penny 19:penny -:penny +:penny -:penny =:penny
EXPR: 0 | POS | INT | 10 | 63 | 259 | ((17+(250.0-27))+19)=x | 17 250.0 27 - + 19 + x = | 17:penny 250.0:penny 27:penny -:penny +:penny 19:penny +:penny x:penny =:penny
EXPR: 0 | POS | INT | 10 | 63 | 279 | (250.0+((27-17)+19))=x | 250.0 27 17 - 19 + + x = | 250.0:penny 27:penny 17:penny -:penny 19:penny +:penny +:penny x:penny =:penny
EXPR: 0 | POS | INT | 10 | 63 | 241 | (250.0+((27-17)-19))=x | 250.0 27 17 - 19 - + x = | 250.0:penny 27:penny 17:penny -:penny 19:penny -:penny +:penny x:penny =:penny
EXPR: 0 | POS | INT | 10 | 63 | 279 | (((250.0+27)-17)+19)=x | 250.0 27 + 17 - 19 + x = | 250.0:penny 27:penny +:penny 17:penny -:penny 19:penny +:penny x:penny =:penny
EXPR: 0 | POS | INT | 10 | 63 | 275 | (17+(250.0+(27-19)))=x | 17 250.0 27 19 - + + x = | 17:penny 250.0:penny 27:penny 19:penny -:penny +:penny +:penny x:penny =:penny
EXPR: 0 | POS | INT | 10 | 63 | 187 | x=((250.0-27)-(17+19)) | x 250.0 27 - 17 19 + - = | x:penny 250.0:penny 27:penny -:penny 17:penny 19:penny +:penny -:penny =:penny
EXPR: 0 | POS | INT | 10 | 63 | 241 | x=((250.0+27)-(17+19)) | x 250.0 27 + 17 19 + - = | x:penny 250.0:penny 27:penny +:penny 17:penny 19:penny +:penny -:penny =:penny
EXPR: 0 | POS | INT | 10 | 63 | 221 | x=((250.0-27)+(17-19)) | x 250.0 27 - 17 19 - + = | x:penny 250.0:penny 27:penny -:penny 17:penny 19:penny -:penny +:penny =:penny
EXPR: 0 | POS | INT | 10 | 63 | 259 | x=((250.0-27)+(17+19)) | x 250.0 27 - 17 19 + + = | x:penny 250.0:penny 27:penny -:penny 17:penny 19:penny +:penny +:penny =:penny
EXPR: 0 | POS | INT | 12 | 63 | 221 | (((250.0+17)-19)-x)=27 | 250.0 17 + 19 - x - 27 = | 250.0:penny 17:penny +:penny 19:penny -:penny x:penny -:penny 27:penny =:penny
EXPR: 0 | POS | INT | 12 | 63 | 225 | 250.0=((17-(19-x))+27) | 250.0 17 19 x - - 27 + = | 250.0:penny 17:penny 19:penny x:penny -:penny -:penny 27:penny +:penny =:penny
EXPR: 0 | POS | INT | 12 | 63 | 225 | (((250.0-17)+19)-x)=27 | 250.0 17 - 19 + x - 27 = | 250.0:penny 17:penny -:penny 19:penny +:penny x:penny -:penny 27:penny =:penny
EXPR: 0 | POS | INT | 12 | 63 | 279 | ((x-250.0)+17)=(27+19) | x 250.0 - 17 + 27 19 + = | x:penny 250.0:penny -:penny 17:penny +:penny 27:penny 19:penny +:penny =:penny
EXPR: 0 | POS | INT | 12 | 63 | 241 | ((x-250.0)+17)=(27-19) | x 250.0 - 17 + 27 19 - = | x:penny 250.0:penny -:penny 17:penny +:penny 27:penny 19:penny -:penny =:penny
EXPR: 0 | POS | INT | 12 | 63 | 241 | 250.0=(17+(x+(19-27))) | 250.0 17 x 19 27 - + + = | 250.0:penny 17:penny x:penny 19:penny 27:penny -:penny +:penny +:penny =:penny
EXPR: 0 | POS | INT | 12 | 63 | 241 | ((250.0-x)+(27-17))=19 | 250.0 x - 27 17 - + 19 = | 250.0:penny x:penny -:penny 27:penny 17:penny -:penny +:penny 19:penny =:penny
EXPR: 0 | POS | INT | 12 | 63 | 275 | (x-250.0)=((17+27)-19) | x 250.0 - 17 27 + 19 - = | x:penny 250.0:penny -:penny 17:penny 27:penny +:penny 19:penny -:penny =:penny
EXPR: 0 | POS | INT | 12 | 63 | 221 | (250.0+17)=((27+19)+x) | 250.0 17 + 27 19 + x + = | 250.0:penny 17:penny +:penny 27:penny 19:penny +:penny x:penny +:penny =:penny
EXPR: 0 | POS | INT | 12 | 63 | 259 | 250.0=(((27+x)-17)-19) | 250.0 27 x + 17 - 19 - = | 250.0:penny 27:penny x:penny +:penny 17:penny -:penny 19:penny -:penny =:penny
EXPR: 0 | POS | INT | 12 | 63 | 187 | 17=(250.0-(x+(27+19))) | 17 250.0 x 27 19 + + - = | 17:penny 250.0:penny x:penny 27:penny 19:penny +:penny +:penny -:penny =:penny
EXPR: 0 | POS | INT | 12 | 63 | 225 | 17=(250.0-(x+(27-19))) | 17 250.0 x 27 19 - + - = | 17:penny 250.0:penny x:penny 27:penny 19:penny -:penny +:penny -:penny =:penny
EXPR: 0 | POS | INT | 12 | 63 | 221 | 250.0=(((27+x)-17)+19) | 250.0 27 x + 17 - 19 + = | 250.0:penny 27:penny x:penny +:penny 17:penny -:penny 19:penny +:penny =:penny
EXPR: 0 | POS | INT | 12 | 63 | 275 | ((x-250.0)-17)=(27-19) | x 250.0 - 17 - 27 19 - = | x:penny 250.0:penny -:penny 17:penny -:penny 27:penny 19:penny -:penny =:penny
EXPR: 0 | POS | INT | 12 | 63 | 279 | 17=(250.0-(x-(27+19))) | 17 250.0 x 27 19 + - - = | 17:penny 250.0:penny x:penny 27:penny 19:penny +:penny -:penny -:penny =:penny
EXPR: 0 | POS | INT | 12 | 63 | 313 | (250.0+17)=(x-(27+19)) | 250.0 17 + x 27 19 + - = | 250.0:penny 17:penny +:penny x:penny 27:penny 19:penny +:penny -:penny =:penny
EXPR: 0 | POS | INT | 12 | 63 | 279 | (250.0-17)=(x-(27+19)) | 250.0 17 - x 27 19 + - = | 250.0:penny 17:penny -:penny x:penny 27:penny 19:penny +:penny -:penny =:penny
EXPR: 0 | POS | INT | 12 | 63 | 259 | (250.0+17)=(x+(27-19)) | 250.0 17 + x 27 19 - + = | 250.0:penny 17:penny +:penny x:penny 27:penny 19:penny -:penny +:penny =:penny
EXPR: 0 | POS | INT | 12 | 63 | 225 | (250.0-((x+17)-19))=27 | 250.0 x 17 + 19 - - 27 = | 250.0:penny x:penny 17:penny +:penny 19:penny -:penny -:penny 27:penny =:penny
EXPR: 0 | POS | INT | 12 | 63 | 187 | (250.0-((x+17)+19))=27 | 250.0 x 17 + 19 + - 27 = | 250.0:penny x:penny 17:penny +:penny 19:penny +:penny -:penny 27:penny =:penny
EXPR: 0 | POS | INT | 12 | 63 | 241 | 17=(250.0-(x-(27-19))) | 17 250.0 x 27 19 - - - = | 17:penny 250.0:penny x:penny 27:penny 19:penny -:penny -:penny -:penny =:penny
EXPR: 0 | POS | INT | 12 | 63 | 225 | (250.0-((17+x)-19))=27 | 250.0 17 x + 19 - - 27 = | 250.0:penny 17:penny x:penny +:penny 19:penny -:penny -:penny 27:penny =:penny
EXPR: 0 | POS | INT | 12 | 63 | 259 | 250.0=(27+(x-(17+19))) | 250.0 27 x 17 19 + - + = | 250.0:penny 27:penny x:penny 17:penny 19:penny +:penny -:penny +:penny =:penny
EXPR: 0 | POS | INT | 12 | 63 | 187 | (250.0-((17+x)+19))=27 | 250.0 17 x + 19 + - 27 = | 250.0:penny 17:penny x:penny +:penny 19:penny +:penny -:penny 27:penny =:penny
EXPR: 0 | POS | INT | 12 | 63 | 279 | 17=(250.0+(27-(x-19))) | 17 250.0 27 x 19 - - + = | 17:penny 250.0:penny 27:penny x:penny 19:penny -:penny -:penny +:penny =:penny
EXPR: 0 | POS | INT | 12 | 63 | 225 | ((x+17)-(250.0-27))=19 | x 17 + 250.0 27 - - 19 = | x:penny 17:penny +:penny 250.0:penny 27:penny -:penny -:penny 19:penny =:penny
EXPR: 0 | POS | INT | 12 | 63 | 225 | 250.0=(27+((17+x)-19)) | 250.0 27 17 x + 19 - + = | 250.0:penny 27:penny 17:penny x:penny +:penny 19:penny -:penny +:penny =:penny
EXPR: 0 | POS | INT | 12 | 63 | 241 | (250.0-x)=((17-27)+19) | 250.0 x - 17 27 - 19 + = | 250.0:penny x:penny -:penny 17:penny 27:penny -:penny 19:penny +:penny =:penny
EXPR: 0 | POS | INT | 12 | 63 | 187 | 17=(250.0-(27+(x+19))) | 17 250.0 27 x 19 + + - = | 17:penny 250.0:penny 27:penny x:penny 19:penny +:penny +:penny -:penny =:penny
EXPR: 0 | POS | INT | 12 | 63 | 225 | (250.0-17)=(x+(27-19)) | 250.0 17 - x 27 19 - + = | 250.0:penny 17:penny -:penny x:penny 27:penny 19:penny -:penny +:penny =:penny
EXPR: 0 | POS | INT | 12 | 63 | 241 | 17=(250.0+(27-(x+19))) | 17 250.0 27 x 19 + - + = | 17:penny 250.0:penny 27:penny x:penny 19:penny +:penny -:penny +:penny =:penny
EXPR: 0 | POS | INT | 12 | 63 | 187 | 250.0=(17+(19+(27+x))) | 250.0 17 19 27 x + + + = | 250.0:penny 17:penny 19:penny 27:penny x:penny +:penny +:penny +:penny =:penny
EXPR: 0 | POS | INT | 12 | 63 | 221 | 250.0=(27+(x-(17-19))) | 250.0 27 x 17 19 - - + = | 250.0:penny 27:penny x:penny 17:penny 19:penny -:penny -:penny +:penny =:penny
EXPR: 0 | POS | INT | 12 | 63 | 221 | ((250.0+17)-27)=(19+x) | 250.0 17 + 27 - 19 x + = | 250.0:penny 17:penny +:penny 27:penny -:penny 19:penny x:penny +:penny =:penny
EXPR: 0 | POS | INT | 12 | 63 | 275 | (((250.0+27)+17)-x)=19 | 250.0 27 + 17 + x - 19 = | 250.0:penny 27:penny +:penny 17:penny +:penny x:penny -:penny 19:penny =:penny
EXPR: 0 | POS | INT | 12 | 63 | 275 | ((250.0+17)+27)=(19+x) | 250.0 17 + 27 + 19 x + = | 250.0:penny 17:penny +:penny 27:penny +:penny 19:penny x:penny +:penny =:penny
EXPR: 0 | POS | INT | 12 | 63 | 221 | (((250.0-x)+17)-19)=27 | 250.0 x - 17 + 19 - 27 = | 250.0:penny x:penny -:penny 17:penny +:penny 19:penny -:penny 27:penny =:penny
EXPR: 0 | POS | INT | 12 | 63 | 313 | ((x-250.0)-17)=(27+19) | x 250.0 - 17 - 27 19 + = | x:penny 250.0:penny -:penny 17:penny -:penny 27:penny 19:penny +:penny =:penny
EXPR: 0 | POS | INT | 12 | 63 | 225 | 17=(250.0-(27+(x-19))) | 17 250.0 27 x 19 - + - = | 17:penny 250.0:penny 27:penny x:penny 19:penny -:penny +:penny -:penny =:penny
EXPR: 0 | POS | INT | 12 | 63 | 225 | 250.0=((17-(19-27))+x) | 250.0 17 19 27 - - x + = | 250.0:penny 17:penny 19:penny 27:penny -:penny -:penny x:penny +:penny =:penny
EXPR: 0 | POS | INT | 12 | 63 | 275 | (((250.0+27)-x)+17)=19 | 250.0 27 + x - 17 + 19 = | 250.0:penny 27:penny +:penny x:penny -:penny 17:penny +:penny 19:penny =:penny
EXPR: 0 | POS | INT | 12 | 63 | 241 | (((250.0+27)-x)-17)=19 | 250.0 27 + x - 17 - 19 = | 250.0:penny 27:penny +:penny x:penny -:penny 17:penny -:penny 19:penny =:penny
EXPR: 0 | POS | INT | 12 | 63 | 259 | (250.0+17)=((x+27)-19) | 250.0 17 + x 27 + 19 - = | 250.0:penny 17:penny +:penny x:penny 27:penny +:penny 19:penny -:penny =:penny
EXPR: 0 | POS | INT | 12 | 63 | 279 | ((17-(250.0+27))+x)=19 | 17 250.0 27 + - x + 19 = | 17:penny 250.0:penny 27:penny +:penny -:penny x:penny +:penny 19:penny =:penny
EXPR: 0 | POS | INT | 12 | 63 | 275 | ((17+(250.0+27))-x)=19 | 17 250.0 27 + + x - 19 = | 17:penny 250.0:penny 27:penny +:penny +:penny x:penny -:penny 19:penny =:penny
EXPR: 0 | POS | INT | 12 | 63 | 241 | (250.0+(27-(17+x)))=19 | 250.0 27 17 x + - + 19 = | 250.0:penny 27:penny 17:penny x:penny +:penny -:penny +:penny 19:penny =:penny
EXPR: 0 | POS | INT | 12 | 63 | 221 | (((250.0-27)+17)-x)=19 | 250.0 27 - 17 + x - 19 = | 250.0:penny 27:penny -:penny 17:penny +:penny x:penny -:penny 19:penny =:penny
EXPR: 0 | POS | INT | 12 | 63 | 259 | 250.0=(27-((17+19)-x)) | 250.0 27 17 19 + x - - = | 250.0:penny 27:penny 17:penny 19:penny +:penny x:penny -:penny -:penny =:penny
EXPR: 0 | POS | INT | 12 | 63 | 221 | ((17+(250.0-27))-x)=19 | 17 250.0 27 - + x - 19 = | 17:penny 250.0:penny 27:penny -:penny +:penny x:penny -:penny 19:penny =:penny
EXPR: 0 | POS | INT | 12 | 63 | 259 | 17=(((x-250.0)+27)-19) | 17 x 250.0 - 27 + 19 - = | 17:penny x:penny 250.0:penny -:penny 27:penny +:penny 19:penny -:penny =:penny
EXPR: 0 | POS | INT | 12 | 63 | 241 | ((250.0+27)-(17+x))=19 | 250.0 27 + 17 x + - 19 = | 250.0:penny 27:penny +:penny 17:penny x:penny +:penny -:penny 19:penny =:penny
EXPR: 0 | POS | INT | 12 | 63 | 225 | 17=((250.0-(27-19))-x) | 17 250.0 27 19 - - x - = | 17:penny 250.0:penny 27:penny 19:penny -:penny -:penny x:penny -:penny =:penny
EXPR: 0 | POS | INT | 12 | 63 | 225 | (250.0-x)=(17+(27-19)) | 250.0 x - 17 27 19 - + = | 250.0:penny x:penny -:penny 17:penny 27:penny 19:penny -:penny +:penny =:penny
EXPR: 0 | POS | INT | 12 | 63 | 279 | 250.0=(((x+17)-19)-27) | 250.0 x 17 + 19 - 27 - = | 250.0:penny x:penny 17:penny +:penny 19:penny -:penny 27:penny -:penny =:penny
EXPR: 0 | POS | INT | 12 | 63 | 225 | (((17-250.0)+27)+x)=19 | 17 250.0 - 27 + x + 19 = | 17:penny 250.0:penny -:penny 27:penny +:penny x:penny +:penny 19:penny =:penny
EXPR: 0 | POS | INT | 12 | 63 | 225 | (250.0-x)=((17+27)-19) | 250.0 x - 17 27 + 19 - = | 250.0:penny x:penny -:penny 17:penny 27:penny +:penny 19:penny -:penny =:penny
EXPR: 0 | POS | INT | 12 | 63 | 241 | 250.0=((17+(19+x))-27) | 250.0 17 19 x + + 27 - = | 250.0:penny 17:penny 19:penny x:penny +:penny +:penny 27:penny -:penny =:penny
EXPR: 0 | POS | INT | 12 | 63 | 225 | 250.0=(((x+17)-19)+27) | 250.0 x 17 + 19 - 27 + = | 250.0:penny x:penny 17:penny +:penny 19:penny -:penny 27:penny +:penny =:penny
EXPR: 0 | POS | INT | 12 | 63 | 275 | ((250.0+27)+(17-x))=19 | 250.0 27 + 17 x - + 19 = | 250.0:penny 27:penny +:penny 17:penny x:penny -:penny +:penny 19:penny =:penny
EXPR: 0 | POS | INT | 12 | 63 | 221 | ((250.0+(17-19))-x)=27 | 250.0 17 19 - + x - 27 = | 250.0:penny 17:penny 19:penny -:penny +:penny x:penny -:penny 27:penny =:penny
EXPR: 0 | POS | INT | 12 | 63 | 187 | ((250.0-27)-(17+x))=19 | 250.0 27 - 17 x + - 19 = | 250.0:penny 27:penny -:penny 17:penny x:penny +:penny -:penny 19:penny =:penny
EXPR: 0 | POS | INT | 12 | 63 | 221 | 250.0=(((x-17)+19)+27) | 250.0 x 17 - 19 + 27 + = | 250.0:penny x:penny 17:penny -:penny 19:penny +:penny 27:penny +:penny =:penny
EXPR: 0 | POS | INT | 12 | 63 | 259 | ((250.0+(17+19))-x)=27 | 250.0 17 19 + + x - 27 = | 250.0:penny 17:penny 19:penny +:penny +:penny x:penny -:penny 27:penny =:penny
EXPR: 0 | POS | INT | 12 | 63 | 241 | 17=(((250.0-x)+27)-19) | 17 250.0 x - 27 + 19 - = | 17:penny 250.0:penny x:penny -:penny 27:penny +:penny 19:penny -:penny =:penny
EXPR: 0 | POS | INT | 12 | 63 | 241 | 17=((250.0-(x-27))-19) | 17 250.0 x 27 - - 19 - = | 17:penny 250.0:penny x:penny 27:penny -:penny -:penny 19:penny -:penny =:penny
EXPR: 0 | POS | INT | 12 | 63 | 313 | (x-250.0)=((17+27)+19) | x 250.0 - 17 27 + 19 + = | x:penny 250.0:penny -:penny 17:penny 27:penny +:penny 19:penny +:penny =:penny
EXPR: 0 | POS | INT | 12 | 63 | 221 | (250.0-((x+27)-17))=19 | 250.0 x 27 + 17 - - 19 = | 250.0:penny x:penny 27:penny +:penny 17:penny -:penny -:penny 19:penny =:penny
EXPR: 0 | POS | INT | 12 | 63 | 275 | (250.0-((x-27)-17))=19 | 250.0 x 27 - 17 - - 19 = | 250.0:penny x:penny 27:penny -:penny 17:penny -:penny -:penny 19:penny =:penny
EXPR: 0 | POS | INT | 12 | 63 | 187 | (250.0-((x+27)+17))=19 | 250.0 x 27 + 17 + - 19 = | 250.0:penny x:penny 27:penny +:penny 17:penny +:penny -:penny 19:penny =:penny
EXPR: 0 | POS | INT | 12 | 63 | 241 | (250.0-((x-27)+17))=19 | 250.0 x 27 - 17 + - 19 = | 250.0:penny x:penny 27:penny -:penny 17:penny +:penny -:penny 19:penny =:penny
EXPR: 0 | POS | INT | 12 | 63 | 225 | 250.0=(((x+27)+17)-19) | 250.0 x 27 + 17 + 19 - = | 250.0:penny x:penny 27:penny +:penny 17:penny +:penny 19:penny -:penny =:penny
EXPR: 0 | POS | INT | 12 | 63 | 279 | 250.0=(((x-27)+17)-19) | 250.0 x 27 - 17 + 19 - = | 250.0:penny x:penny 27:penny -:penny 17:penny +:penny 19:penny -:penny =:penny
EXPR: 0 | POS | INT | 20 | 63 | 313 | x=(17+((250.0+19)+27)) | x 17 250.0 19 + 27 + + = | x:penny 17:penny 250.0:penny 19:penny +:penny 27:penny +:penny +:penny =:penny
EXPR: 0 | POS | INT | 20 | 63 | 221 | x=(17+((250.0-19)-27)) | x 17 250.0 19 - 27 - + = | x:penny 17:penny 250.0:penny 19:penny -:penny 27:penny -:penny +:penny =:penny
EXPR: 0 | POS | INT | 20 | 63 | 259 | (17+(250.0+(19-27)))=x | 17 250.0 19 27 - + + x = | 17:penny 250.0:penny 19:penny 27:penny -:penny +:penny +:penny x:penny =:penny
EXPR: 0 | POS | INT | 20 | 63 | 275 | (17+(250.0-(19-27)))=x | 17 250.0 19 27 - - + x = | 17:penny 250.0:penny 19:penny 27:penny -:penny -:penny +:penny x:penny =:penny
EXPR: 0 | POS | INT | 20 | 63 | 221 | ((17+(250.0-19))-27)=x | 17 250.0 19 - + 27 - x = | 17:penny 250.0:penny 19:penny -:penny +:penny 27:penny -:penny x:penny =:penny
EXPR: 0 | POS | INT | 20 | 63 | 275 | x=(17+(250.0-(19-27))) | x 17 250.0 19 27 - - + = | x:penny 17:penny 250.0:penny 19:penny 27:penny -:penny -:penny +:penny =:penny
EXPR: 0 | POS | INT | 20 | 63 | 259 | x=(17+(250.0+(19-27))) | x 17 250.0 19 27 - + + = | x:penny 17:penny 250.0:penny 19:penny 27:penny -:penny +:penny +:penny =:penny
EXPR: 0 | POS | INT | 22 | 63 | 313 | (250.0+17)=((x-19)-27) | 250.0 17 + x 19 - 27 - = | 250.0:penny 17:penny +:penny x:penny 19:penny -:penny 27:penny -:penny =:penny
EXPR: 0 | POS | INT | 22 | 63 | 259 | ((x-250.0)+27)=(17+19) | x 250.0 - 27 + 17 19 + = | x:penny 250.0:penny -:penny 27:penny +:penny 17:penny 19:penny +:penny =:penny
EXPR: 0 | POS | INT | 22 | 63 | 221 | ((x-250.0)+27)=(17-19) | x 250.0 - 27 + 17 19 - = | x:penny 250.0:penny -:penny 27:penny +:penny 17:penny 19:penny -:penny =:penny
EXPR: 0 | POS | INT | 22 | 63 | 241 | (x+17)=((250.0+27)-19) | x 17 + 250.0 27 + 19 - = | x:penny 17:penny +:penny 250.0:penny 27:penny +:penny 19:penny -:penny =:penny
EXPR: 0 | POS | INT | 22 | 63 | 275 | (x-17)=((250.0+27)-19) | x 17 - 250.0 27 + 19 - = | x:penny 17:penny -:penny 250.0:penny 27:penny +:penny 19:penny -:penny =:penny
EXPR: 0 | POS | INT | 22 | 63 | 279 | (250.0+27)=((x+17)-19) | 250.0 27 + x 17 + 19 - = | 250.0:penny 27:penny +:penny x:penny 17:penny +:penny 19:penny -:penny =:penny
EXPR: 0 | POS | INT | 22 | 63 | 225 | (250.0-27)=((x+17)-19) | 250.0 27 - x 17 + 19 - = | 250.0:penny 27:penny -:penny x:penny 17:penny +:penny 19:penny -:penny =:penny
EXPR: 0 | POS | INT | 22 | 63 | 279 | ((x+17)-(250.0+19))=27 | x 17 + 250.0 19 + - 27 = | x:penny 17:penny +:penny 250.0:penny 19:penny +:penny -:penny 27:penny =:penny
EXPR: 0 | POS | INT | 22 | 63 | 221 | (250.0-(27-17))=(19+x) | 250.0 27 17 - - 19 x + = | 250.0:penny 27:penny 17:penny -:penny -:penny 19:penny x:penny +:penny =:penny
EXPR: 0 | POS | INT | 22 | 63 | 259 | (250.0-27)=((x-17)-19) | 250.0 27 - x 17 - 19 - = | 250.0:penny 27:penny -:penny x:penny 17:penny -:penny 19:penny -:penny =:penny
EXPR: 0 | POS | INT | 22 | 63 | 313 | (250.0+27)=((x-17)-19) | 250.0 27 + x 17 - 19 - = | 250.0:penny 27:penny +:penny x:penny 17:penny -:penny 19:penny -:penny =:penny
EXPR: 0 | POS | INT | 22 | 63 | 241 | (17-250.0)=((27-x)-19) | 17 250.0 - 27 x - 19 - = | 17:penny 250.0:penny -:penny 27:penny x:penny -:penny 19:penny -:penny =:penny
EXPR: 0 | POS | INT | 22 | 63 | 275 | (250.0+27)=((x-17)+19) | 250.0 27 + x 17 - 19 + = | 250.0:penny 27:penny +:penny x:penny 17:penny -:penny 19:penny +:penny =:penny
EXPR: 0 | POS | INT | 22 | 63 | 221 | (250.0-(27-17))=(x+19) | 250.0 27 17 - - x 19 + = | 250.0:penny 27:penny 17:penny -:penny -:penny x:penny 19:penny +:penny =:penny
EXPR: 0 | POS | INT | 22 | 63 | 241 | ((x+17)-(250.0-19))=27 | x 17 + 250.0 19 - - 27 = | x:penny 17:penny +:penny 250.0:penny 19:penny -:penny -:penny 27:penny =:penny
EXPR: 0 | POS | INT | 22 | 63 | 279 | 17=(((250.0+19)+27)-x) | 17 250.0 19 + 27 + x - = | 17:penny 250.0:penny 19:penny +:penny 27:penny +:penny x:penny -:penny =:penny
EXPR: 0 | POS | INT | 22 | 63 | 225 | 17=(((250.0+19)-27)-x) | 17 250.0 19 + 27 - x - = | 17:penny 250.0:penny 19:penny +:penny 27:penny -:penny x:penny -:penny =:penny
EXPR: 0 | POS | INT | 22 | 63 | 241 | 17=(((250.0-19)+27)-x) | 17 250.0 19 - 27 + x - = | 17:penny 250.0:penny 19:penny -:penny 27:penny +:penny x:penny -:penny =:penny
EXPR: 0 | POS | INT | 22 | 63 | 275 | ((x-17)-250.0)=(27-19) | x 17 - 250.0 - 27 19 - = | x:penny 17:penny -:penny 250.0:penny -:penny 27:penny 19:penny -:penny =:penny
EXPR: 0 | POS | INT | 22 | 63 | 241 | 17=(250.0-(x+(19-27))) | 17 250.0 x 19 27 - + - = | 17:penny 250.0:penny x:penny 19:penny 27:penny -:penny +:penny -:penny =:penny
EXPR: 0 | POS | INT | 22 | 63 | 225 | 17=(250.0-(x-(19-27))) | 17 250.0 x 19 27 - - - = | 17:penny 250.0:penny x:penny 19:penny 27:penny -:penny -:penny -:penny =:penny
EXPR: 0 | POS | INT | 22 | 63 | 313 | (250.0+27)=(x-(17+19)) | 250.0 27 + x 17 19 + - = | 250.0:penny 27:penny +:penny x:penny 17:penny 19:penny +:penny -:penny =:penny
EXPR: 0 | POS | INT | 22 | 63 | 259 | (250.0-27)=(x-(17+19)) | 250.0 27 - x 17 19 + - = | 250.0:penny 27:penny -:penny x:penny 17:penny 19:penny +:penny -:penny =:penny
EXPR: 0 | POS | INT | 22 | 63 | 241 | ((x+17)-250.0)=(27-19) | x 17 + 250.0 - 27 19 - = | x:penny 17:penny +:penny 250.0:penny -:penny 27:penny 19:penny -:penny =:penny
EXPR: 0 | POS | INT | 22 | 63 | 241 | ((17+x)-250.0)=(27-19) | 17 x + 250.0 - 27 19 - = | 17:penny x:penny +:penny 250.0:penny -:penny 27:penny 19:penny -:penny =:penny
EXPR: 0 | POS | INT | 22 | 63 | 241 | (250.0+27)=((x+17)+19) | 250.0 27 + x 17 + 19 + = | 250.0:penny 27:penny +:penny x:penny 17:penny +:penny 19:penny +:penny =:penny
EXPR: 0 | POS | INT | 22 | 63 | 241 | ((250.0+27)-x)=(17+19) | 250.0 27 + x - 17 19 + = | 250.0:penny 27:penny +:penny x:penny -:penny 17:penny 19:penny +:penny =:penny
EXPR: 0 | POS | INT | 22 | 63 | 279 | 17=(250.0+(19-(x-27))) | 17 250.0 19 x 27 - - + = | 17:penny 250.0:penny 19:penny x:penny 27:penny -:penny -:penny +:penny =:penny
EXPR: 0 | POS | INT | 22 | 63 | 241 | (250.0+(27-17))=(19+x) | 250.0 27 17 - + 19 x + = | 250.0:penny 27:penny 17:penny -:penny +:penny 19:penny x:penny +:penny =:penny
EXPR: 0 | POS | INT | 22 | 63 | 279 | (17-((250.0-x)+19))=27 | 17 250.0 x - 19 + - 27 = | 17:penny 250.0:penny x:penny -:penny 19:penny +:penny -:penny 27:penny =:penny
EXPR: 0 | POS | INT | 22 | 63 | 275 | (250.0+17)=(x+(19-27)) | 250.0 17 + x 19 27 - + = | 250.0:penny 17:penny +:penny x:penny 19:penny 27:penny -:penny +:penny =:penny
EXPR: 0 | POS | INT | 22 | 63 | 279 | ((x+17)-250.0)=(27+19) | x 17 + 250.0 - 27 19 + = | x:penny 17:penny +:penny 250.0:penny -:penny 27:penny 19:penny +:penny =:penny
EXPR: 0 | POS | INT | 22 | 63 | 259 | (250.0+17)=(x-(19-27)) | 250.0 17 + x 19 27 - - = | 250.0:penny 17:penny +:penny x:penny 19:penny 27:penny -:penny -:penny =:penny
EXPR: 0 | POS | INT | 22 | 63 | 241 | (250.0-17)=(x+(19-27)) | 250.0 17 - x 19 27 - + = | 250.0:penny 17:penny -:penny x:penny 19:penny 27:penny -:penny +:penny =:penny
EXPR: 0 | POS | INT | 22 | 63 | 225 | (250.0-17)=(x-(19-27)) | 250.0 17 - x 19 27 - - = | 250.0:penny 17:penny -:penny x:penny 19:penny 27:penny -:penny -:penny =:penny
EXPR: 0 | POS | INT | 22 | 63 | 241 | (17-((250.0-x)-19))=27 | 17 250.0 x - 19 - - 27 = | 17:penny 250.0:penny x:penny -:penny 19:penny -:penny -:penny 27:penny =:penny
EXPR: 0 | POS | INT | 22 | 63 | 187 | 17=(((250.0-19)-27)-x) | 17 250.0 19 - 27 - x - = | 17:penny 250.0:penny 19:penny -:penny 27:penny -:penny x:penny -:penny =:penny
EXPR: 0 | POS | INT | 22 | 63 | 225 | 17=(250.0+(19-(x+27))) | 17 250.0 19 x 27 + - + = | 17:penny 250.0:penny 19:penny x:penny 27:penny +:penny -:penny +:penny =:penny
EXPR: 0 | POS | INT | 22 | 63 | 241 | 17=(250.0-(19+(x-27))) | 17 250.0 19 x 27 - + - = | 17:penny 250.0:penny 19:penny x:penny 27:penny -:penny +:penny -:penny =:penny
EXPR: 0 | POS | INT | 22 | 63 | 279 | ((17+x)-250.0)=(27+19) | 17 x + 250.0 - 27 19 + = | 17:penny x:penny +:penny 250.0:penny -:penny 27:penny 19:penny +:penny =:penny
EXPR: 0 | POS | INT | 22 | 63 | 241 | ((250.0+27)-17)=(19+x) | 250.0 27 + 17 - 19 x + = | 250.0:penny 27:penny +:penny 17:penny -:penny 19:penny x:penny +:penny =:penny
EXPR: 0 | POS | INT | 22 | 63 | 275 | ((250.0+27)+17)=(19+x) | 250.0 27 + 17 + 19 x + = | 250.0:penny 27:penny +:penny 17:penny +:penny 19:penny x:penny +:penny =:penny
EXPR: 0 | POS | INT | 22 | 63 | 187 | (250.0-x)=((17+19)+27) | 250.0 x - 17 19 + 27 + = | 250.0:penny x:penny -:penny 17:penny 19:penny +:penny 27:penny +:penny =:penny
EXPR: 0 | POS | INT | 22 | 63 | 313 | ((x-17)-250.0)=(27+19) | x 17 - 250.0 - 27 19 + = | x:penny 17:penny -:penny 250.0:penny -:penny 27:penny 19:penny +:penny =:penny
EXPR: 0 | POS | INT | 22 | 63 | 187 | 17=(250.0-(19+(x+27))) | 17 250.0 19 x 27 + + - = | 17:penny 250.0:penny 19:penny x:penny 27:penny +:penny +:penny -:penny =:penny
EXPR: 0 | POS | INT | 22 | 63 | 225 | (250.0-x)=((17-19)+27) | 250.0 x - 17 19 - 27 + = | 250.0:penny x:penny -:penny 17:penny 19:penny -:penny 27:penny +:penny =:penny
EXPR: 0 | POS | INT | 22 | 63 | 259 | (x-250.0)=((17+19)-27) | x 250.0 - 17 19 + 27 - = | x:penny 250.0:penny -:penny 17:penny 19:penny +:penny 27:penny -:penny =:penny
EXPR: 0 | POS | INT | 22 | 63 | 313 | ((x-250.0)-27)=(17+19) | x 250.0 - 27 - 17 19 + = | x:penny 250.0:penny -:penny 27:penny -:penny 17:penny 19:penny +:penny =:penny
EXPR: 0 | POS | INT | 22 | 63 | 259 | (250.0-x)=((27-17)-19) | 250.0 x - 27 17 - 19 - = | 250.0:penny x:penny -:penny 27:penny 17:penny -:penny 19:penny -:penny =:penny
EXPR: 0 | POS | INT | 22 | 63 | 187 | 17=(250.0-(19+(27+x))) | 17 250.0 19 27 x + + - = | 17:penny 250.0:penny 19:penny 27:penny x:penny +:penny +:penny -:penny =:penny
EXPR: 0 | POS | INT | 22 | 63 | 259 | ((250.0+17)+19)=(27+x) | 250.0 17 + 19 + 27 x + = | 250.0:penny 17:penny +:penny 19:penny +:penny 27:penny x:penny +:penny =:penny
EXPR: 0 | POS | INT | 22 | 63 | 241 | (17+x)=((250.0+27)-19) | 17 x + 250.0 27 + 19 - = | 17:penny x:penny +:penny 250.0:penny 27:penny +:penny 19:penny -:penny =:penny
EXPR: 0 | POS | INT | 22 | 63 | 221 | ((17+(250.0-19))-x)=27 | 17 250.0 19 - + x - 27 = | 17:penny 250.0:penny 19:penny -:penny +:penny x:penny -:penny 27:penny =:penny
EXPR: 0 | POS | INT | 22 | 63 | 275 | (250.0+17)=((x+19)-27) | 250.0 17 + x 19 + 27 - = | 250.0:penny 17:penny +:penny x:penny 19:penny +:penny 27:penny -:penny =:penny
EXPR: 0 | POS | INT | 22 | 63 | 259 | ((17+(250.0+19))-x)=27 | 17 250.0 19 + + x - 27 = | 17:penny 250.0:penny 19:penny +:penny +:penny x:penny -:penny 27:penny =:penny
EXPR: 0 | POS | INT | 22 | 63 | 241 | (250.0-17)=((x+19)-27) | 250.0 17 - x 19 + 27 - = | 250.0:penny 17:penny -:penny x:penny 19:penny +:penny 27:penny -:penny =:penny
EXPR: 0 | POS | INT | 22 | 63 | 275 | 17=(((x-250.0)+19)-27) | 17 x 250.0 - 19 + 27 - = | 17:penny x:penny 250.0:penny -:penny 19:penny +:penny 27:penny -:penny =:penny
EXPR: 0 | POS | INT | 22 | 63 | 279 | (250.0+27)=(x+(17-19)) | 250.0 27 + x 17 19 - + = | 250.0:penny 27:penny +:penny x:penny 17:penny 19:penny -:penny +:penny =:penny
EXPR: 0 | POS | INT | 22 | 63 | 241 | (17+x)=(250.0+(27-19)) | 17 x + 250.0 27 19 - + = | 17:penny x:penny +:penny 250.0:penny 27:penny 19:penny -:penny +:penny =:penny
EXPR: 0 | POS | INT | 22 | 63 | 225 | (250.0-x)=(27+(17-19)) | 250.0 x - 27 17 19 - + = | 250.0:penny x:penny -:penny 27:penny 17:penny 19:penny -:penny +:penny =:penny
EXPR: 0 | POS | INT | 22 | 63 | 275 | 17=(x-(250.0-(19-27))) | 17 x 250.0 19 27 - - - = | 17:penny x:penny 250.0:penny 19:penny 27:penny -:penny -:penny -:penny =:penny
EXPR: 0 | POS | INT | 22 | 63 | 279 | 17=(250.0+(19+(27-x))) | 17 250.0 19 27 x - + + = | 17:penny 250.0:penny 19:penny 27:penny x:penny -:penny +:penny +:penny =:penny
EXPR: 0 | POS | INT | 22 | 63 | 313 | (x-250.0)=((17+19)+27) | x 250.0 - 17 19 + 27 + = | x:penny 250.0:penny -:penny 17:penny 19:penny +:penny 27:penny +:penny =:penny
EXPR: 0 | POS | INT | 22 | 63 | 187 | (17+x)=(250.0-(27+19)) | 17 x + 250.0 27 19 + - = | 17:penny x:penny +:penny 250.0:penny 27:penny 19:penny +:penny -:penny =:penny
EXPR: 0 | POS | INT | 22 | 63 | 275 | (x-250.0)=((17-19)+27) | x 250.0 - 17 19 - 27 + = | x:penny 250.0:penny -:penny 17:penny 19:penny -:penny 27:penny +:penny =:penny
EXPR: 0 | POS | INT | 22 | 63 | 275 | (x-(250.0+27))=(17-19) | x 250.0 27 + - 17 19 - = | x:penny 250.0:penny 27:penny +:penny -:penny 17:penny 19:penny -:penny =:penny
EXPR: 0 | POS | INT | 25 | 63 | 225 | x=((250.0+(19-17))-27) | x 250.0 19 17 - + 27 - = | x:penny 250.0:penny 19:penny 17:penny -:penny +:penny 27:penny -:penny =:penny
EXPR: 0 | POS | INT | 25 | 63 | 225 | x=(((250.0+19)-17)-27) | x 250.0 19 + 17 - 27 - = | x:penny 250.0:penny 19:penny +:penny 17:penny -:penny 27:penny -:penny =:penny
EXPR: 0 | POS | INT | 25 | 63 | 259 | x=(((250.0+19)+17)-27) | x 250.0 19 + 17 + 27 - = | x:penny 250.0:penny 19:penny +:penny 17:penny +:penny 27:penny -:penny =:penny
EXPR: 0 | POS | INT | 25 | 63 | 275 | x=(27+((250.0+17)-19)) | x 27 250.0 17 + 19 - + = | x:penny 27:penny 250.0:penny 17:penny +:penny 19:penny -:penny +:penny =:penny
EXPR: 0 | POS | INT | 25 | 63 | 221 | x=(250.0-((19-17)+27)) | x 250.0 19 17 - 27 + - = | x:penny 250.0:penny 19:penny 17:penny -:penny 27:penny +:penny -:penny =:penny
EXPR: 0 | POS | INT | 25 | 63 | 225 | x=(250.0+((19-17)-27)) | x 250.0 19 17 - 27 - + = | x:penny 250.0:penny 19:penny 17:penny -:penny 27:penny -:penny +:penny =:penny
EXPR: 0 | POS | INT | 25 | 63 | 279 | x=(250.0+((19-17)+27)) | x 250.0 19 17 - 27 + + = | x:penny 250.0:penny 19:penny 17:penny -:penny 27:penny +:penny +:penny =:penny
EXPR: 0 | POS | INT | 25 | 63 | 279 | (250.0+((19-17)+27))=x | 250.0 19 17 - 27 + + x = | 250.0:penny 19:penny 17:penny -:penny 27:penny +:penny +:penny x:penny =:penny
EXPR: 0 | POS | INT | 25 | 63 | 279 | x=(27+((250.0-17)+19)) | x 27 250.0 17 - 19 + + = | x:penny 27:penny 250.0:penny 17:penny -:penny 19:penny +:penny +:penny =:penny
EXPR: 0 | POS | INT | 25 | 63 | 275 | x=(250.0-((19-17)-27)) | x 250.0 19 17 - 27 - - = | x:penny 250.0:penny 19:penny 17:penny -:penny 27:penny -:penny -:penny =:penny
EXPR: 0 | POS | INT | 25 | 63 | 279 | ((250.0+(27+19))-17)=x | 250.0 27 19 + + 17 - x = | 250.0:penny 27:penny 19:penny +:penny +:penny 17:penny -:penny x:penny =:penny
EXPR: 0 | POS | INT | 25 | 63 | 259 | x=(17-((27-250.0)-19)) | x 17 27 250.0 - 19 - - = | x:penny 17:penny 27:penny 250.0:penny -:penny 19:penny -:penny -:penny =:penny
EXPR: 0 | POS | INT | 25 | 63 | 275 | ((250.0+(27-19))+17)=x | 250.0 27 19 - + 17 + x = | 250.0:penny 27:penny 19:penny -:penny +:penny 17:penny +:penny x:penny =:penny
EXPR: 0 | POS | INT | 25 | 63 | 313 | x=(27+((250.0+17)+19)) | x 27 250.0 17 + 19 + + = | x:penny 27:penny 250.0:penny 17:penny +:penny 19:penny +:penny +:penny =:penny
EXPR: 0 | POS | INT | 25 | 63 | 187 | x=(250.0-((27+19)+17)) | x 250.0 27 19 + 17 + - = | x:penny 250.0:penny 27:penny 19:penny +:penny 17:penny +:penny -:penny =:penny
EXPR: 0 | POS | INT | 25 | 63 | 259 | (((250.0+19)+17)-27)=x | 250.0 19 + 17 + 27 - x = | 250.0:penny 19:penny +:penny 17:penny +:penny 27:penny -:penny x:penny =:penny
EXPR: 0 | POS | INT | 25 | 63 | 241 | x=(27+((250.0-17)-19)) | x 27 250.0 17 - 19 - + = | x:penny 27:penny 250.0:penny 17:penny -:penny 19:penny -:penny +:penny =:penny
EXPR: 0 | POS | INT | 25 | 63 | 279 | x=(((250.0+27)+19)-17) | x 250.0 27 + 19 + 17 - = | x:penny 250.0:penny 27:penny +:penny 19:penny +:penny 17:penny -:penny =:penny
EXPR: 0 | POS | INT | 25 | 63 | 225 | x=(((250.0-27)+19)-17) | x 250.0 27 - 19 + 17 - = | x:penny 250.0:penny 27:penny -:penny 19:penny +:penny 17:penny -:penny =:penny
EXPR: 0 | POS | INT | 25 | 63 | 225 | x=(250.0-((27-19)+17)) | x 250.0 27 19 - 17 + - = | x:penny 250.0:penny 27:penny 19:penny -:penny 17:penny +:penny -:penny =:penny
EXPR: 0 | POS | INT | 25 | 63 | 241 | x=((250.0-19)-(17-27)) | x 250.0 19 - 17 27 - - = | x:penny 250.0:penny 19:penny -:penny 17:penny 27:penny -:penny -:penny =:penny
EXPR: 0 | POS | INT | 25 | 63 | 275 | x=((250.0-19)+(17+27)) | x 250.0 19 - 17 27 + + = | x:penny 250.0:penny 19:penny -:penny 17:penny 27:penny +:penny +:penny =:penny
EXPR: 0 | POS | INT | 25 | 63 | 275 | x=((250.0-(19-17))+27) | x 250.0 19 17 - - 27 + = | x:penny 250.0:penny 19:penny 17:penny -:penny -:penny 27:penny +:penny =:penny
EXPR: 0 | POS | INT | 25 | 63 | 187 | x=((250.0-19)-(17+27)) | x 250.0 19 - 17 27 + - = | x:penny 250.0:penny 19:penny -:penny 17:penny 27:penny +:penny -:penny =:penny
EXPR: 0 | POS | INT | 25 | 63 | 221 | x=((17-27)+(250.0-19)) | x 17 27 - 250.0 19 - + = | x:penny 17:penny 27:penny -:penny 250.0:penny 19:penny -:penny +:penny =:penny
EXPR: 0 | POS | INT | 25 | 63 | 279 | x=(250.0+((27+19)-17)) | x 250.0 27 19 + 17 - + = | x:penny 250.0:penny 27:penny 19:penny +:penny 17:penny -:penny +:penny =:penny
EXPR: 0 | POS | INT | 25 | 63 | 221 | x=((250.0-(19-17))-27) | x 250.0 19 17 - - 27 - = | x:penny 250.0:penny 19:penny 17:penny -:penny -:penny 27:penny -:penny =:penny
EXPR: 0 | POS | INT | 25 | 63 | 275 | ((250.0+27)-(19-17))=x | 250.0 27 + 19 17 - - x = | 250.0:penny 27:penny +:penny 19:penny 17:penny -:penny -:penny x:penny =:penny
EXPR: 0 | POS | INT | 25 | 63 | 313 | x=((250.0+19)+(17+27)) | x 250.0 19 + 17 27 + + = | x:penny 250.0:penny 19:penny +:penny 17:penny 27:penny +:penny +:penny =:penny
EXPR: 0 | POS | INT | 25 | 63 | 279 | x=((250.0+27)+(19-17)) | x 250.0 27 + 19 17 - + = | x:penny 250.0:penny 27:penny +:penny 19:penny 17:penny -:penny +:penny =:penny
EXPR: 0 | POS | INT | 25 | 63 | 221 | ((250.0-27)-(19-17))=x | 250.0 27 - 19 17 - - x = | 250.0:penny 27:penny -:penny 19:penny 17:penny -:penny -:penny x:penny =:penny
EXPR: 0 | POS | INT | 25 | 63 | 279 | ((250.0+27)+(19-17))=x | 250.0 27 + 19 17 - + x = | 250.0:penny 27:penny +:penny 19:penny 17:penny -:penny +:penny x:penny =:penny
EXPR: 0 | POS | INT | 25 | 63 | 279 | x=((250.0+(19-17))+27) | x 250.0 19 17 - + 27 + = | x:penny 250.0:penny 19:penny 17:penny -:penny +:penny 27:penny +:penny =:penny
EXPR: 0 | POS | INT | 25 | 63 | 275 | x=(17+(27+(250.0-19))) | x 17 27 250.0 19 - + + = | x:penny 17:penny 27:penny 250.0:penny 19:penny -:penny +:penny +:penny =:penny
EXPR: 0 | POS | INT | 25 | 63 | 221 | ((250.0-(27+19))+17)=x | 250.0 27 19 + - 17 + x = | 250.0:penny 27:penny 19:penny +:penny -:penny 17:penny +:penny x:penny =:penny
EXPR: 0 | POS | INT | 25 | 63 | 275 | (((250.0-19)+17)+27)=x | 250.0 19 - 17 + 27 + x = | 250.0:penny 19:penny -:penny 17:penny +:penny 27:penny +:penny x:penny =:penny
EXPR: 0 | POS | INT | 25 | 63 | 221 | (250.0-((27+19)-17))=x | 250.0 27 19 + 17 - - x = | 250.0:penny 27:penny 19:penny +:penny 17:penny -:penny -:penny x:penny =:penny
EXPR: 0 | POS | INT | 25 | 63 | 313 | x=(17+(27+(250.0+19))) | x 17 27 250.0 19 + + + = | x:penny 17:penny 27:penny 250.0:penny 19:penny +:penny +:penny +:penny =:penny
EXPR: 0 | POS | INT | 25 | 63 | 241 | ((250.0+(27-19))-17)=x | 250.0 27 19 - + 17 - x = | 250.0:penny 27:penny 19:penny -:penny +:penny 17:penny -:penny x:penny =:penny
EXPR: 0 | POS | INT | 25 | 63 | 241 | (((250.0-19)-17)+27)=x | 250.0 19 - 17 - 27 + x = | 250.0:penny 19:penny -:penny 17:penny -:penny 27:penny +:penny x:penny =:penny
EXPR: 0 | POS | INT | 25 | 63 | 279 | x=(((250.0+19)-17)+27) | x 250.0 19 + 17 - 27 + = | x:penny 250.0:penny 19:penny +:penny 17:penny -:penny 27:penny +:penny =:penny
EXPR: 0 | POS | INT | 25 | 63 | 313 | x=(((250.0+19)+17)+27) | x 250.0 19 + 17 + 27 + = | x:penny 250.0:penny 19:penny +:penny 17:penny +:penny 27:penny +:penny =:penny
EXPR: 0 | POS | INT | 25 | 63 | 279 | x=((250.0+19)-(17-27)) | x 250.0 19 + 17 27 - - = | x:penny 250.0:penny 19:penny +:penny 17:penny 27:penny -:penny -:penny =:penny
EXPR: 0 | POS | INT | 25 | 63 | 259 | (((250.0-27)+19)+17)=x | 250.0 27 - 19 + 17 + x = | 250.0:penny 27:penny -:penny 19:penny +:penny 17:penny +:penny x:penny =:penny
EXPR: 0 | POS | INT | 25 | 63 | 221 | (((250.0-27)-19)+17)=x | 250.0 27 - 19 - 17 + x = | 250.0:penny 27:penny -:penny 19:penny -:penny 17:penny +:penny x:penny =:penny
EXPR: 0 | POS | INT | 25 | 63 | 187 | (((250.0-27)-19)-17)=x | 250.0 27 - 19 - 17 - x = | 250.0:penny 27:penny -:penny 19:penny -:penny 17:penny -:penny x:penny =:penny
EXPR: 0 | POS | INT | 25 | 63 | 221 | x=(((250.0-19)+17)-27) | x 250.0 19 - 17 + 27 - = | x:penny 250.0:penny 19:penny -:penny 17:penny +:penny 27:penny -:penny =:penny
EXPR: 0 | POS | INT | 25 | 63 | 279 | (((250.0+27)+19)-17)=x | 250.0 27 + 19 + 17 - x = | 250.0:penny 27:penny +:penny 19:penny +:penny 17:penny -:penny x:penny =:penny
EXPR: 0 | POS | INT | 25 | 63 | 225 | (((250.0-27)+19)-17)=x | 250.0 27 - 19 + 17 - x = | 250.0:penny 27:penny -:penny 19:penny +:penny 17:penny -:penny x:penny =:penny
EXPR: 0 | POS | INT | 25 | 63 | 241 | x=((250.0+(27-19))-17) | x 250.0 27 19 - + 17 - = | x:penny 250.0:penny 27:penny 19:penny -:penny +:penny 17:penny -:penny =:penny
EXPR: 0 | POS | INT | 27 | 63 | 241 | 250.0=(((19+x)+17)-27) | 250.0 19 x + 17 + 27 - = | 250.0:penny 19:penny x:penny +:penny 17:penny +:penny 27:penny -:penny =:penny
EXPR: 0 | POS | INT | 27 | 63 | 225 | ((250.0+19)-(17+x))=27 | 250.0 19 + 17 x + - 27 = | 250.0:penny 19:penny +:penny 17:penny x:penny +:penny -:penny 27:penny =:penny
EXPR: 0 | POS | INT | 27 | 63 | 225 | ((250.0-x)-(27-19))=17 | 250.0 x - 27 19 - - 17 = | 250.0:penny x:penny -:penny 27:penny 19:penny -:penny -:penny 17:penny =:penny
EXPR: 0 | POS | INT | 27 | 63 | 259 | ((250.0+19)+(17-x))=27 | 250.0 19 + 17 x - + 27 = | 250.0:penny 19:penny +:penny 17:penny x:penny -:penny +:penny 27:penny =:penny
EXPR: 0 | POS | INT | 27 | 63 | 225 | ((17+x)+(27-250.0))=19 | 17 x + 27 250.0 - + 19 = | 17:penny x:penny +:penny 27:penny 250.0:penny -:penny +:penny 19:penny =:penny
EXPR: 0 | POS | INT | 27 | 63 | 241 | 250.0=(19+((17+x)-27)) | 250.0 19 17 x + 27 - + = | 250.0:penny 19:penny 17:penny x:penny +:penny 27:penny -:penny +:penny =:penny
EXPR: 0 | POS | INT | 27 | 63 | 225 | 27=((250.0-(17+x))+19) | 27 250.0 17 x + - 19 + = | 27:penny 250.0:penny 17:penny x:penny +:penny -:penny 19:penny +:penny =:penny
EXPR: 0 | POS | INT | 27 | 63 | 221 | 250.0=(27+(x+(19-17))) | 250.0 27 x 19 17 - + + = | 250.0:penny 27:penny x:penny 19:penny 17:penny -:penny +:penny +:penny =:penny
EXPR: 0 | POS | INT | 27 | 63 | 313 | 17=(x-(27+(250.0+19))) | 17 x 27 250.0 19 + + - = | 17:penny x:penny 27:penny 250.0:penny 19:penny +:penny +:penny -:penny =:penny
EXPR: 0 | POS | INT | 27 | 63 | 275 | 17=(x-(27+(250.0-19))) | 17 x 27 250.0 19 - + - = | 17:penny x:penny 27:penny 250.0:penny 19:penny -:penny +:penny -:penny =:penny
EXPR: 0 | POS | INT | 27 | 63 | 221 | 27=(250.0+((17-x)-19)) | 27 250.0 17 x - 19 - + = | 27:penny 250.0:penny 17:penny x:penny -:penny 19:penny -:penny +:penny =:penny
EXPR: 0 | POS | INT | 27 | 63 | 259 | ((x+27)-(250.0+17))=19 | x 27 + 250.0 17 + - 19 = | x:penny 27:penny +:penny 250.0:penny 17:penny +:penny -:penny 19:penny =:penny
EXPR: 0 | POS | INT | 27 | 63 | 279 | ((250.0-x)+(27+19))=17 | 250.0 x - 27 19 + + 17 = | 250.0:penny x:penny -:penny 27:penny 19:penny +:penny +:penny 17:penny =:penny
EXPR: 0 | POS | INT | 27 | 63 | 225 | 27=(250.0-((17-19)+x)) | 27 250.0 17 19 - x + - = | 27:penny 250.0:penny 17:penny 19:penny -:penny x:penny +:penny -:penny =:penny
EXPR: 0 | POS | INT | 27 | 63 | 275 | (17-((x-27)-250.0))=19 | 17 x 27 - 250.0 - - 19 = | 17:penny x:penny 27:penny -:penny 250.0:penny -:penny -:penny 19:penny =:penny
EXPR: 0 | POS | INT | 27 | 63 | 225 | 27=(250.0-((17+x)-19)) | 27 250.0 17 x + 19 - - = | 27:penny 250.0:penny 17:penny x:penny +:penny 19:penny -:penny -:penny =:penny
EXPR: 0 | POS | INT | 27 | 63 | 225 | ((x+27)-(250.0-17))=19 | x 27 + 250.0 17 - - 19 = | x:penny 27:penny +:penny 250.0:penny 17:penny -:penny -:penny 19:penny =:penny
EXPR: 0 | POS | INT | 27 | 63 | 221 | 17=(27+(x-(250.0-19))) | 17 27 x 250.0 19 - - + = | 17:penny 27:penny x:penny 250.0:penny 19:penny -:penny -:penny +:penny =:penny
EXPR: 0 | POS | INT | 27 | 63 | 313 | ((x-27)-(250.0+17))=19 | x 27 - 250.0 17 + - 19 = | x:penny 27:penny -:penny 250.0:penny 17:penny +:penny -:penny 19:penny =:penny
EXPR: 0 | POS | INT | 27 | 63 | 225 | 27=(((250.0-x)-17)+19) | 27 250.0 x - 17 - 19 + = | 27:penny 250.0:penny x:penny -:penny 17:penny -:penny 19:penny +:penny =:penny
EXPR: 0 | POS | INT | 27 | 63 | 259 | 27=(250.0+((17+19)-x)) | 27 250.0 17 19 + x - + = | 27:penny 250.0:penny 17:penny 19:penny +:penny x:penny -:penny +:penny =:penny
EXPR: 0 | POS | INT | 27 | 63 | 241 | (250.0-((x-27)+19))=17 | 250.0 x 27 - 19 + - 17 = | 250.0:penny x:penny 27:penny -:penny 19:penny +:penny -:penny 17:penny =:penny
EXPR: 0 | POS | INT | 27 | 63 | 187 | 27=(((250.0-x)-17)-19) | 27 250.0 x - 17 - 19 - = | 27:penny 250.0:penny x:penny -:penny 17:penny -:penny 19:penny -:penny =:penny
EXPR: 0 | POS | INT | 27 | 63 | 279 | ((x-27)-(250.0-17))=19 | x 27 - 250.0 17 - - 19 = | x:penny 27:penny -:penny 250.0:penny 17:penny -:penny -:penny 19:penny =:penny
EXPR: 0 | POS | INT | 27 | 63 | 221 | 17=(x+(27-(250.0-19))) | 17 x 27 250.0 19 - - + = | 17:penny x:penny 27:penny 250.0:penny 19:penny -:penny -:penny +:penny =:penny
EXPR: 0 | POS | INT | 27 | 63 | 225 | (250.0-((27+x)-19))=17 | 250.0 27 x + 19 - - 17 = | 250.0:penny 27:penny x:penny +:penny 19:penny -:penny -:penny 17:penny =:penny
EXPR: 0 | POS | INT | 27 | 63 | 279 | (250.0+((27-x)+19))=17 | 250.0 27 x - 19 + + 17 = | 250.0:penny 27:penny x:penny -:penny 19:penny +:penny +:penny 17:penny =:penny
EXPR: 0 | POS | INT | 27 | 63 | 187 | (250.0-((27+x)+19))=17 | 250.0 27 x + 19 + - 17 = | 250.0:penny 27:penny x:penny +:penny 19:penny +:penny -:penny 17:penny =:penny
EXPR: 0 | POS | INT | 27 | 63 | 275 | 250.0=(19+(x-(17+27))) | 250.0 19 x 17 27 + - + = | 250.0:penny 19:penny x:penny 17:penny 27:penny +:penny -:penny +:penny =:penny
EXPR: 0 | POS | INT | 27 | 63 | 259 | (250.0+((19-x)+17))=27 | 250.0 19 x - 17 + + 27 = | 250.0:penny 19:penny x:penny -:penny 17:penny +:penny +:penny 27:penny =:penny
EXPR: 0 | POS | INT | 27 | 63 | 221 | 250.0=(19+(x-(17-27))) | 250.0 19 x 17 27 - - + = | 250.0:penny 19:penny x:penny 17:penny 27:penny -:penny -:penny +:penny =:penny
EXPR: 0 | POS | INT | 27 | 63 | 279 | 27=(x-((250.0-17)+19)) | 27 x 250.0 17 - 19 + - = | 27:penny x:penny 250.0:penny 17:penny -:penny 19:penny +:penny -:penny =:penny
EXPR: 0 | POS | INT | 27 | 63 | 259 | 17=(x+(27-(250.0+19))) | 17 x 27 250.0 19 + - + = | 17:penny x:penny 27:penny 250.0:penny 19:penny +:penny -:penny +:penny =:penny
EXPR: 0 | POS | INT | 27 | 63 | 313 | 27=(x-((250.0+17)+19)) | 27 x 250.0 17 + 19 + - = | 27:penny x:penny 250.0:penny 17:penny +:penny 19:penny +:penny -:penny =:penny
EXPR: 0 | POS | INT | 27 | 63 | 279 | (((250.0+27)-x)+19)=17 | 250.0 27 + x - 19 + 17 = | 250.0:penny 27:penny +:penny x:penny -:penny 19:penny +:penny 17:penny =:penny
EXPR: 0 | POS | INT | 27 | 63 | 221 | ((17-x)-(27-250.0))=19 | 17 x - 27 250.0 - - 19 = | 17:penny x:penny -:penny 27:penny 250.0:penny -:penny -:penny 19:penny =:penny
EXPR: 0 | POS | INT | 27 | 63 | 275 | 27=(x-((250.0+17)-19)) | 27 x 250.0 17 + 19 - - = | 27:penny x:penny 250.0:penny 17:penny +:penny 19:penny -:penny -:penny =:penny
EXPR: 0 | POS | INT | 27 | 63 | 259 | 27=(250.0-(x-(17+19))) | 27 250.0 x 17 19 + - - = | 27:penny 250.0:penny x:penny 17:penny 19:penny +:penny -:penny -:penny =:penny
EXPR: 0 | POS | INT | 27 | 63 | 221 | 27=(250.0-(x-(17-19))) | 27 250.0 x 17 19 - - - = | 27:penny 250.0:penny x:penny 17:penny 19:penny -:penny -:penny -:penny =:penny
EXPR: 0 | POS | INT | 27 | 63 | 241 | 27=(x-((250.0-17)-19)) | 27 x 250.0 17 - 19 - - = | 27:penny x:penny 250.0:penny 17:penny -:penny 19:penny -:penny -:penny =:penny
EXPR: 0 | POS | INT | 27 | 63 | 187 | 250.0=(27+(19+(17+x))) | 250.0 27 19 17 x + + + = | 250.0:penny 27:penny 19:penny 17:penny x:penny +:penny +:penny +:penny =:penny
EXPR: 0 | POS | INT | 27 | 63 | 279 | 250.0=((x-(27+19))+17) | 250.0 x 27 19 + - 17 + = | 250.0:penny x:penny 27:penny 19:penny +:penny -:penny 17:penny +:penny =:penny
EXPR: 0 | POS | INT | 27 | 63 | 225 | (17+((x+27)-250.0))=19 | 17 x 27 + 250.0 - + 19 = | 17:penny x:penny 27:penny +:penny 250.0:penny -:penny +:penny 19:penny =:penny
EXPR: 0 | POS | INT | 27 | 63 | 225 | 250.0=((x+(27-19))+17) | 250.0 x 27 19 - + 17 + = | 250.0:penny x:penny 27:penny 19:penny -:penny +:penny 17:penny +:penny =:penny
EXPR: 0 | POS | INT | 27 | 63 | 187 | ((250.0-x)-(27+19))=17 | 250.0 x - 27 19 + - 17 = | 250.0:penny x:penny -:penny 27:penny 19:penny +:penny -:penny 17:penny =:penny
EXPR: 0 | POS | INT | 27 | 63 | 221 | 27=(250.0+((17-19)-x)) | 27 250.0 17 19 - x - + = | 27:penny 250.0:penny 17:penny 19:penny -:penny x:penny -:penny +:penny =:penny
EXPR: 0 | POS | INT | 27 | 63 | 187 | 27=((250.0-17)-(19+x)) | 27 250.0 17 - 19 x + - = | 27:penny 250.0:penny 17:penny -:penny 19:penny x:penny +:penny -:penny =:penny
EXPR: 0 | POS | INT | 27 | 63 | 275 | 250.0=((x-(27-19))-17) | 250.0 x 27 19 - - 17 - = | 250.0:penny x:penny 27:penny 19:penny -:penny -:penny 17:penny -:penny =:penny
EXPR: 0 | POS | INT | 27 | 63 | 225 | (27+((x-250.0)+17))=19 | 27 x 250.0 - 17 + + 19 = | 27:penny x:penny 250.0:penny -:penny 17:penny +:penny +:penny 19:penny =:penny
EXPR: 0 | POS | INT | 27 | 63 | 187 | 27=((250.0-17)-(x+19)) | 27 250.0 17 - x 19 + - = | 27:penny 250.0:penny 17:penny -:penny x:penny 19:penny +:penny -:penny =:penny
EXPR: 0 | POS | INT | 27 | 63 | 225 | 27=((250.0-17)+(19-x)) | 27 250.0 17 - 19 x - + = | 27:penny 250.0:penny 17:penny -:penny 19:penny x:penny -:penny +:penny =:penny
EXPR: 0 | POS | INT | 27 | 63 | 221 | 27=((250.0+17)-(x+19)) | 27 250.0 17 + x 19 + - = | 27:penny 250.0:penny 17:penny +:penny x:penny 19:penny +:penny -:penny =:penny
EXPR: 0 | POS | INT | 27 | 63 | 225 | ((27-250.0)+(17+x))=19 | 27 250.0 - 17 x + + 19 = | 27:penny 250.0:penny -:penny 17:penny x:penny +:penny +:penny 19:penny =:penny
EXPR: 0 | POS | INT | 27 | 63 | 225 | 27=((250.0-17)-(x-19)) | 27 250.0 17 - x 19 - - = | 27:penny 250.0:penny 17:penny -:penny x:penny 19:penny -:penny -:penny =:penny
EXPR: 0 | POS | INT | 27 | 63 | 221 | (17-((x+27)-250.0))=19 | 17 x 27 + 250.0 - - 19 = | 17:penny x:penny 27:penny +:penny 250.0:penny -:penny -:penny 19:penny =:penny
EXPR: 0 | POS | INT | 27 | 63 | 275 | (27-((x-250.0)-17))=19 | 27 x 250.0 - 17 - - 19 = | 27:penny x:penny 250.0:penny -:penny 17:penny -:penny -:penny 19:penny =:penny
EXPR: 0 | POS | INT | 27 | 63 | 259 | 27=((250.0+17)-(x-19)) | 27 250.0 17 + x 19 - - = | 27:penny 250.0:penny 17:penny +:penny x:penny 19:penny -:penny -:penny =:penny
EXPR: 0 | POS | INT | 27 | 63 | 225 | (250.0-((x+27)-19))=17 | 250.0 x 27 + 19 - - 17 = | 250.0:penny x:penny 27:penny +:penny 19:penny -:penny -:penny 17:penny =:penny
EXPR: 0 | POS | INT | 32 | 63 | 225 | (x+17)=((250.0+19)-27) | x 17 + 250.0 19 + 27 - = | x:penny 17:penny +:penny 250.0:penny 19:penny +:penny 27:penny -:penny =:penny
EXPR: 0 | POS | INT | 32 | 63 | 225 | ((17+x)-250.0)=(19-27) | 17 x + 250.0 - 19 27 - = | 17:penny x:penny +:penny 250.0:penny -:penny 19:penny 27:penny -:penny =:penny
EXPR: 0 | POS | INT | 32 | 63 | 225 | ((x+17)-250.0)=(19-27) | x 17 + 250.0 - 19 27 - = | x:penny 17:penny +:penny 250.0:penny -:penny 19:penny 27:penny -:penny =:penny
EXPR: 0 | POS | INT | 32 | 63 | 259 | (x-17)=((250.0+19)-27) | x 17 - 250.0 19 + 27 - = | x:penny 17:penny -:penny 250.0:penny 19:penny +:penny 27:penny -:penny =:penny
EXPR: 0 | POS | INT | 32 | 63 | 313 | (x-17)=((250.0+19)+27) | x 17 - 250.0 19 + 27 + = | x:penny 17:penny -:penny 250.0:penny 19:penny +:penny 27:penny +:penny =:penny
EXPR: 0 | POS | INT | 32 | 63 | 275 | (x-17)=((250.0-19)+27) | x 17 - 250.0 19 - 27 + = | x:penny 17:penny -:penny 250.0:penny 19:penny -:penny 27:penny +:penny =:penny
EXPR: 0 | POS | INT | 35 | 63 | 259 | x=(250.0+((19-27)+17)) | x 250.0 19 27 - 17 + + = | x:penny 250.0:penny 19:penny 27:penny -:penny 17:penny +:penny +:penny =:penny
EXPR: 0 | POS | INT | 35 | 63 | 241 | x=(((27-17)+250.0)-19) | x 27 17 - 250.0 + 19 - = | x:penny 27:penny 17:penny -:penny 250.0:penny +:penny 19:penny -:penny =:penny
EXPR: 0 | POS | INT | 35 | 63 | 259 | (250.0+((19-27)+17))=x | 250.0 19 27 - 17 + + x = | 250.0:penny 19:penny 27:penny -:penny 17:penny +:penny +:penny x:penny =:penny
EXPR: 0 | POS | INT | 35 | 63 | 275 | x=(250.0-((19-27)-17)) | x 250.0 19 27 - 17 - - = | x:penny 250.0:penny 19:penny 27:penny -:penny 17:penny -:penny -:penny =:penny
EXPR: 0 | POS | INT | 35 | 63 | 275 | (250.0-((19-27)-17))=x | 250.0 19 27 - 17 - - x = | 250.0:penny 19:penny 27:penny -:penny 17:penny -:penny -:penny x:penny =:penny
EXPR: 0 | POS | INT | 35 | 63 | 225 | (250.0+((19-27)-17))=x | 250.0 19 27 - 17 - + x = | 250.0:penny 19:penny 27:penny -:penny 17:penny -:penny +:penny x:penny =:penny
EXPR: 0 | POS | INT | 35 | 63 | 279 | x=(((27-17)+250.0)+19) | x 27 17 - 250.0 + 19 + = | x:penny 27:penny 17:penny -:penny 250.0:penny +:penny 19:penny +:penny =:penny
EXPR: 0 | POS | INT | 35 | 63 | 241 | x=((27-17)+(250.0-19)) | x 27 17 - 250.0 19 - + = | x:penny 27:penny 17:penny -:penny 250.0:penny 19:penny -:penny +:penny =:penny
EXPR: 0 | POS | INT | 35 | 63 | 241 | ((250.0-19)+(27-17))=x | 250.0 19 - 27 17 - + x = | 250.0:penny 19:penny -:penny 27:penny 17:penny -:penny +:penny x:penny =:penny
EXPR: 0 | POS | INT | 35 | 63 | 279 | ((250.0+19)+(27-17))=x | 250.0 19 + 27 17 - + x = | 250.0:penny 19:penny +:penny 27:penny 17:penny -:penny +:penny x:penny =:penny
EXPR: 0 | POS | INT | 35 | 63 | 259 | ((250.0+19)-(27-17))=x | 250.0 19 + 27 17 - - x = | 250.0:penny 19:penny +:penny 27:penny 17:penny -:penny -:penny x:penny =:penny
EXPR: 0 | POS | INT | 35 | 63 | 221 | ((250.0-19)-(27-17))=x | 250.0 19 - 27 17 - - x = | 250.0:penny 19:penny -:penny 27:penny 17:penny -:penny -:penny x:penny =:penny
EXPR: 0 | POS | INT | 35 | 63 | 241 | (250.0-((19-27)+17))=x | 250.0 19 27 - 17 + - x = | 250.0:penny 19:penny 27:penny -:penny 17:penny +:penny -:penny x:penny =:penny
EXPR: 0 | POS | INT | 35 | 63 | 259 | x=((250.0+19)-(27-17)) | x 250.0 19 + 27 17 - - = | x:penny 250.0:penny 19:penny +:penny 27:penny 17:penny -:penny -:penny =:penny
EXPR: 0 | POS | INT | 35 | 63 | 279 | x=(27-((17-250.0)-19)) | x 27 17 250.0 - 19 - - = | x:penny 27:penny 17:penny 250.0:penny -:penny 19:penny -:penny -:penny =:penny
EXPR: 0 | POS | INT | 35 | 63 | 279 | x=((27-17)+(250.0+19)) | x 27 17 - 250.0 19 + + = | x:penny 27:penny 17:penny -:penny 250.0:penny 19:penny +:penny +:penny =:penny
EXPR: 0 | POS | INT | 35 | 63 | 275 | x=((250.0-(19-27))+17) | x 250.0 19 27 - - 17 + = | x:penny 250.0:penny 19:penny 27:penny -:penny -:penny 17:penny +:penny =:penny
EXPR: 0 | POS | INT | 35 | 63 | 259 | x=((250.0+(19-27))+17) | x 250.0 19 27 - + 17 + = | x:penny 250.0:penny 19:penny 27:penny -:penny +:penny 17:penny +:penny =:penny
EXPR: 0 | POS | INT | 35 | 63 | 241 | x=((250.0-(19-27))-17) | x 250.0 19 27 - - 17 - = | x:penny 250.0:penny 19:penny 27:penny -:penny -:penny 17:penny -:penny =:penny
EXPR: 0 | POS | INT | 35 | 63 | 225 | x=(250.0+((19-27)-17)) | x 250.0 19 27 - 17 - + = | x:penny 250.0:penny 19:penny 27:penny -:penny 17:penny -:penny +:penny =:penny
EXPR: 0 | POS | INT | 35 | 63 | 275 | (((250.0-19)+27)+17)=x | 250.0 19 - 27 + 17 + x = | 250.0:penny 19:penny -:penny 27:penny +:penny 17:penny +:penny x:penny =:penny
EXPR: 0 | POS | INT | 35 | 63 | 221 | (((250.0-19)-27)+17)=x | 250.0 19 - 27 - 17 + x = | 250.0:penny 19:penny -:penny 27:penny -:penny 17:penny +:penny x:penny =:penny
EXPR: 0 | POS | INT | 35 | 63 | 187 | (((250.0-19)-27)-17)=x | 250.0 19 - 27 - 17 - x = | 250.0:penny 19:penny -:penny 27:penny -:penny 17:penny -:penny x:penny =:penny
EXPR: 0 | POS | INT | 35 | 63 | 279 | (((250.0+19)+27)-17)=x | 250.0 19 + 27 + 17 - x = | 250.0:penny 19:penny +:penny 27:penny +:penny 17:penny -:penny x:penny =:penny
EXPR: 0 | POS | INT | 35 | 63 | 241 | (((250.0-19)+27)-17)=x | 250.0 19 - 27 + 17 - x = | 250.0:penny 19:penny -:penny 27:penny +:penny 17:penny -:penny x:penny =:penny
EXPR: 0 | POS | INT | 35 | 63 | 241 | x=((250.0-19)+(27-17)) | x 250.0 19 - 27 17 - + = | x:penny 250.0:penny 19:penny -:penny 27:penny 17:penny -:penny +:penny =:penny
EXPR: 0 | POS | INT | 37 | 63 | 275 | (x-(250.0-19))=(17+27) | x 250.0 19 - - 17 27 + = | x:penny 250.0:penny 19:penny -:penny -:penny 17:penny 27:penny +:penny =:penny
EXPR: 0 | POS | INT | 37 | 63 | 221 | (x-(250.0-19))=(17-27) | x 250.0 19 - - 17 27 - = | x:penny 250.0:penny 19:penny -:penny -:penny 17:penny 27:penny -:penny =:penny
EXPR: 0 | POS | INT | 37 | 63 | 279 | (250.0+(19-17))=(x-27) | 250.0 19 17 - + x 27 - = | 250.0:penny 19:penny 17:penny -:penny +:penny x:penny 27:penny -:penny =:penny
EXPR: 0 | POS | INT | 37 | 63 | 279 | 27=(((17+x)-250.0)-19) | 27 17 x + 250.0 - 19 - = | 27:penny 17:penny x:penny +:penny 250.0:penny -:penny 19:penny -:penny =:penny
EXPR: 0 | POS | INT | 37 | 63 | 275 | ((x-250.0)+19)=(17+27) | x 250.0 - 19 + 17 27 + = | x:penny 250.0:penny -:penny 19:penny +:penny 17:penny 27:penny +:penny =:penny
EXPR: 0 | POS | INT | 37 | 63 | 221 | 27=(((17-x)+250.0)-19) | 27 17 x - 250.0 + 19 - = | 27:penny 17:penny x:penny -:penny 250.0:penny +:penny 19:penny -:penny =:penny
EXPR: 0 | POS | INT | 37 | 63 | 279 | ((250.0+19)+(27-x))=17 | 250.0 19 + 27 x - + 17 = | 250.0:penny 19:penny +:penny 27:penny x:penny -:penny +:penny 17:penny =:penny
EXPR: 0 | POS | INT | 37 | 63 | 225 | ((250.0+19)-(27+x))=17 | 250.0 19 + 27 x + - 17 = | 250.0:penny 19:penny +:penny 27:penny x:penny +:penny -:penny 17:penny =:penny
EXPR: 0 | POS | INT | 37 | 63 | 221 | ((x-250.0)+19)=(17-27) | x 250.0 - 19 + 17 27 - = | x:penny 250.0:penny -:penny 19:penny +:penny 17:penny 27:penny -:penny =:penny
EXPR: 0 | POS | INT | 37 | 63 | 221 | (250.0-(19-17))=(27+x) | 250.0 19 17 - - 27 x + = | 250.0:penny 19:penny 17:penny -:penny -:penny 27:penny x:penny +:penny =:penny
EXPR: 0 | POS | INT | 37 | 63 | 221 | (250.0-(19-17))=(x+27) | 250.0 19 17 - - x 27 + = | 250.0:penny 19:penny 17:penny -:penny -:penny x:penny 27:penny +:penny =:penny
EXPR: 0 | POS | INT | 37 | 63 | 221 | (27+x)=((250.0+17)-19) | 27 x + 250.0 17 + 19 - = | 27:penny x:penny +:penny 250.0:penny 17:penny +:penny 19:penny -:penny =:penny
EXPR: 0 | POS | INT | 37 | 63 | 259 | (x-(250.0+19))=(17-27) | x 250.0 19 + - 17 27 - = | x:penny 250.0:penny 19:penny +:penny -:penny 17:penny 27:penny -:penny =:penny
EXPR: 0 | POS | INT | 37 | 63 | 241 | 27=(((17+x)-250.0)+19) | 27 17 x + 250.0 - 19 + = | 27:penny 17:penny x:penny +:penny 250.0:penny -:penny 19:penny +:penny =:penny
EXPR: 0 | POS | INT | 37 | 63 | 279 | (250.0+19)=(x+(17-27)) | 250.0 19 + x 17 27 - + = | 250.0:penny 19:penny +:penny x:penny 17:penny 27:penny -:penny +:penny =:penny
EXPR: 0 | POS | INT | 37 | 63 | 279 | (27+(250.0-x))=(17-19) | 27 250.0 x - + 17 19 - = | 27:penny 250.0:penny x:penny -:penny +:penny 17:penny 19:penny -:penny =:penny
EXPR: 0 | POS | INT | 37 | 63 | 259 | 27=(((17-x)+250.0)+19) | 27 17 x - 250.0 + 19 + = | 27:penny 17:penny x:penny -:penny 250.0:penny +:penny 19:penny +:penny =:penny
EXPR: 0 | POS | INT | 37 | 63 | 241 | ((250.0-19)+(27-x))=17 | 250.0 19 - 27 x - + 17 = | 250.0:penny 19:penny -:penny 27:penny x:penny -:penny +:penny 17:penny =:penny
EXPR: 0 | POS | INT | 37 | 63 | 259 | (27-(250.0-x))=(17+19) | 27 250.0 x - - 17 19 + = | 27:penny 250.0:penny x:penny -:penny -:penny 17:penny 19:penny +:penny =:penny
EXPR: 0 | POS | INT | 37 | 63 | 225 | ((x+27)+(17-250.0))=19 | x 27 + 17 250.0 - + 19 = | x:penny 27:penny +:penny 17:penny 250.0:penny -:penny +:penny 19:penny =:penny
EXPR: 0 | POS | INT | 37 | 63 | 275 | ((x-27)-250.0)=(17-19) | x 27 - 250.0 - 17 19 - = | x:penny 27:penny -:penny 250.0:penny -:penny 17:penny 19:penny -:penny =:penny
EXPR: 0 | POS | INT | 37 | 63 | 241 | (27+(250.0-x))=(17+19) | 27 250.0 x - + 17 19 + = | 27:penny 250.0:penny x:penny -:penny +:penny 17:penny 19:penny +:penny =:penny
EXPR: 0 | POS | INT | 37 | 63 | 275 | (250.0-(19-17))=(x-27) | 250.0 19 17 - - x 27 - = | 250.0:penny 19:penny 17:penny -:penny -:penny x:penny 27:penny -:penny =:penny
EXPR: 0 | POS | INT | 37 | 63 | 221 | (27-(250.0-x))=(17-19) | 27 250.0 x - - 17 19 - = | 27:penny 250.0:penny x:penny -:penny -:penny 17:penny 19:penny -:penny =:penny
EXPR: 0 | POS | INT | 37 | 63 | 187 | ((250.0-19)-(27+x))=17 | 250.0 19 - 27 x + - 17 = | 250.0:penny 19:penny -:penny 27:penny x:penny +:penny -:penny 17:penny =:penny
EXPR: 0 | POS | INT | 37 | 63 | 225 | (x-(250.0-27))=(19-17) | x 250.0 27 - - 19 17 - = | x:penny 250.0:penny 27:penny -:penny -:penny 19:penny 17:penny -:penny =:penny
EXPR: 0 | POS | INT | 37 | 63 | 279 | (x-(250.0+27))=(19-17) | x 250.0 27 + - 19 17 - = | x:penny 250.0:penny 27:penny +:penny -:penny 19:penny 17:penny -:penny =:penny
EXPR: 0 | POS | INT | 37 | 63 | 259 | (17-27)=((x-250.0)-19) | 17 27 - x 250.0 - 19 - = | 17:penny 27:penny -:penny x:penny 250.0:penny -:penny 19:penny -:penny =:penny
EXPR: 0 | POS | INT | 37 | 63 | 187 | ((17+27)+x)=(250.0-19) | 17 27 + x + 250.0 19 - = | 17:penny 27:penny +:penny x:penny +:penny 250.0:penny 19:penny -:penny =:penny
EXPR: 0 | POS | INT | 37 | 63 | 279 | ((x-27)+(17-250.0))=19 | x 27 - 17 250.0 - + 19 = | x:penny 27:penny -:penny 17:penny 250.0:penny -:penny +:penny 19:penny =:penny
EXPR: 0 | POS | INT | 37 | 63 | 313 | (17+27)=(x-(250.0+19)) | 17 27 + x 250.0 19 + - = | 17:penny 27:penny +:penny x:penny 250.0:penny 19:penny +:penny -:penny =:penny
EXPR: 0 | POS | INT | 37 | 63 | 221 | 250.0=(19+(x+(27-17))) | 250.0 19 x 27 17 - + + = | 250.0:penny 19:penny x:penny 27:penny 17:penny -:penny +:penny +:penny =:penny
EXPR: 0 | POS | INT | 37 | 63 | 259 | ((x+27)-250.0)=(17+19) | x 27 + 250.0 - 17 19 + = | x:penny 27:penny +:penny 250.0:penny -:penny 17:penny 19:penny +:penny =:penny
EXPR: 0 | POS | INT | 37 | 63 | 225 | (250.0+(19-17))=(27+x) | 250.0 19 17 - + 27 x + = | 250.0:penny 19:penny 17:penny -:penny +:penny 27:penny x:penny +:penny =:penny
EXPR: 0 | POS | INT | 37 | 63 | 225 | ((250.0+19)-x)=(17+27) | 250.0 19 + x - 17 27 + = | 250.0:penny 19:penny +:penny x:penny -:penny 17:penny 27:penny +:penny =:penny
EXPR: 0 | POS | INT | 37 | 63 | 241 | 250.0=(19+(x-(27-17))) | 250.0 19 x 27 17 - - + = | 250.0:penny 19:penny x:penny 27:penny 17:penny -:penny -:penny +:penny =:penny
EXPR: 0 | POS | INT | 37 | 63 | 225 | (250.0+(19-17))=(x+27) | 250.0 19 17 - + x 27 + = | 250.0:penny 19:penny 17:penny -:penny +:penny x:penny 27:penny +:penny =:penny
EXPR: 0 | POS | INT | 37 | 63 | 275 | (17+27)=(x-(250.0-19)) | 17 27 + x 250.0 19 - - = | 17:penny 27:penny +:penny x:penny 250.0:penny 19:penny -:penny -:penny =:penny
EXPR: 0 | POS | INT | 37 | 63 | 259 | (250.0+19)=(x-(17-27)) | 250.0 19 + x 17 27 - - = | 250.0:penny 19:penny +:penny x:penny 17:penny 27:penny -:penny -:penny =:penny
EXPR: 0 | POS | INT | 37 | 63 | 187 | ((x+17)+27)=(250.0-19) | x 17 + 27 + 250.0 19 - = | x:penny 17:penny +:penny 27:penny +:penny 250.0:penny 19:penny -:penny =:penny
EXPR: 0 | POS | INT | 37 | 63 | 259 | (17-x)=((27-250.0)-19) | 17 x - 27 250.0 - 19 - = | 17:penny x:penny -:penny 27:penny 250.0:penny -:penny 19:penny -:penny =:penny
EXPR: 0 | POS | INT | 37 | 63 | 225 | ((x+17)+27)=(250.0+19) | x 17 + 27 + 250.0 19 + = | x:penny 17:penny +:penny 27:penny +:penny 250.0:penny 19:penny +:penny =:penny
EXPR: 0 | POS | INT | 37 | 63 | 225 | (((250.0+19)-x)-27)=17 | 250.0 19 + x - 27 - 17 = | 250.0:penny 19:penny +:penny x:penny -:penny 27:penny -:penny 17:penny =:penny
EXPR: 0 | POS | INT | 37 | 63 | 187 | ((17+x)+27)=(250.0-19) | 17 x + 27 + 250.0 19 - = | 17:penny x:penny +:penny 27:penny +:penny 250.0:penny 19:penny -:penny =:penny
EXPR: 0 | POS | INT | 37 | 63 | 187 | (250.0-x)=((27+19)+17) | 250.0 x - 27 19 + 17 + = | 250.0:penny x:penny -:penny 27:penny 19:penny +:penny 17:penny +:penny =:penny
EXPR: 0 | POS | INT | 37 | 63 | 221 | (250.0-19)=(x-(17-27)) | 250.0 19 - x 17 27 - - = | 250.0:penny 19:penny -:penny x:penny 17:penny 27:penny -:penny -:penny =:penny
EXPR: 0 | POS | INT | 37 | 63 | 241 | ((27-x)+250.0)=(17+19) | 27 x - 250.0 + 17 19 + = | 27:penny x:penny -:penny 250.0:penny +:penny 17:penny 19:penny +:penny =:penny
EXPR: 0 | POS | INT | 37 | 63 | 225 | ((17+27)-250.0)=(19-x) | 17 27 + 250.0 - 19 x - = | 17:penny 27:penny +:penny 250.0:penny -:penny 19:penny x:penny -:penny =:penny
EXPR: 0 | POS | INT | 37 | 63 | 275 | (250.0+27)=((19-17)+x) | 250.0 27 + 19 17 - x + = | 250.0:penny 27:penny +:penny 19:penny 17:penny -:penny x:penny +:penny =:penny
EXPR: 0 | POS | INT | 37 | 63 | 221 | 27=((17-(x-250.0))-19) | 27 17 x 250.0 - - 19 - = | 27:penny 17:penny x:penny 250.0:penny -:penny -:penny 19:penny -:penny =:penny
EXPR: 0 | POS | INT | 37 | 63 | 313 | ((x-17)-27)=(250.0+19) | x 17 - 27 - 250.0 19 + = | x:penny 17:penny -:penny 27:penny -:penny 250.0:penny 19:penny +:penny =:penny
EXPR: 0 | POS | INT | 37 | 63 | 225 | (250.0+19)=((17+x)+27) | 250.0 19 + 17 x + 27 + = | 250.0:penny 19:penny +:penny 17:penny x:penny +:penny 27:penny +:penny =:penny
EXPR: 0 | POS | INT | 37 | 63 | 279 | 27=(((17-250.0)-19)+x) | 27 17 250.0 - 19 - x + = | 27:penny 17:penny 250.0:penny -:penny 19:penny -:penny x:penny +:penny =:penny
EXPR: 0 | POS | INT | 37 | 63 | 275 | ((17+27)+250.0)=(19+x) | 17 27 + 250.0 + 19 x + = | 17:penny 27:penny +:penny 250.0:penny +:penny 19:penny x:penny +:penny =:penny
EXPR: 0 | POS | INT | 37 | 63 | 225 | ((17+27)+x)=(250.0+19) | 17 27 + x + 250.0 19 + = | 17:penny 27:penny +:penny x:penny +:penny 250.0:penny 19:penny +:penny =:penny
EXPR: 0 | POS | INT | 37 | 63 | 275 | (250.0+27)=(x+(19-17)) | 250.0 27 + x 19 17 - + = | 250.0:penny 27:penny +:penny x:penny 19:penny 17:penny -:penny +:penny =:penny
EXPR: 0 | POS | INT | 37 | 63 | 259 | 27=((17-(x-250.0))+19) | 27 17 x 250.0 - - 19 + = | 27:penny 17:penny x:penny 250.0:penny -:penny -:penny 19:penny +:penny =:penny
EXPR: 0 | POS | INT | 37 | 63 | 313 | ((x-250.0)-19)=(17+27) | x 250.0 - 19 - 17 27 + = | x:penny 250.0:penny -:penny 19:penny -:penny 17:penny 27:penny +:penny =:penny
EXPR: 0 | POS | INT | 37 | 63 | 279 | ((27-x)+250.0)=(17-19) | 27 x - 250.0 + 17 19 - = | 27:penny x:penny -:penny 250.0:penny +:penny 17:penny 19:penny -:penny =:penny
EXPR: 0 | POS | INT | 37 | 63 | 241 | 27=((17+(x-250.0))+19) | 27 17 x 250.0 - + 19 + = | 27:penny 17:penny x:penny 250.0:penny -:penny +:penny 19:penny +:penny =:penny
NET 503 unique, non-negative, integer-valued solutions found out of 1000 total solutions
