parameters: n=7 l=3 k=1 p=5 q=1 m=9
TOTAL 480 solutions found
SOLN: CORRECT | POS/NEG | INT/FRA | OBJ-SCORE | TRUE-ANS | ANS | INFIX | POSTFIX | TYPED-POSTFIX
EXPR: 0 | POS | INT | 0 | 84 | 66 | (18+(8+40))=x | 18 8 40 + + x = | 18:card 8:card 40:card +:card +:card x:card =:card
EXPR: 0 | POS | INT | 0 | 84 | 50 | x=((18-8)+40) | x 18 8 - 40 + = | x:card 18:card 8:card -:card 40:card +:card =:card
EXPR: 0 | POS | INT | 0 | 84 | 50 | x=(18-(8-40)) | x 18 8 40 - - = | x:card 18:card 8:card 40:card -:card -:card =:card
EXPR: 0 | POS | INT | 0 | 84 | 66 | x=(18+(8+40)) | x 18 8 40 + + = | x:card 18:card 8:card 40:card +:card +:card =:card
EXPR: 0 | POS | INT | 0 | 84 | 66 | x=((18+8)+40) | x 18 8 + 40 + = | x:card 18:card 8:card +:card 40:card +:card =:card
EXPR: 0 | POS | INT | 0 | 84 | 50 | (18-(8-40))=x | 18 8 40 - - x = | 18:card 8:card 40:card -:card -:card x:card =:card
EXPR: 0 | POS | INT | 0 | 84 | 50 | ((18-8)+40)=x | 18 8 - 40 + x = | 18:card 8:card -:card 40:card +:card x:card =:card
EXPR: 0 | POS | INT | 0 | 84 | 66 | ((18+8)+40)=x | 18 8 + 40 + x = | 18:card 8:card +:card 40:card +:card x:card =:card
EXPR: 0 | POS | INT | 2 | 84 | 66 | 18=((x-8)-40) | 18 x 8 - 40 - = | 18:card x:card 8:card -:card 40:card -:card =:card
EXPR: 0 | POS | INT | 2 | 84 | 30 | 18=(8+(40-x)) | 18 8 40 x - + = | 18:card 8:card 40:card x:card -:card +:card =:card
EXPR: 0 | POS | INT | 2 | 84 | 50 | 18=(8-(40-x)) | 18 8 40 x - - = | 18:card 8:card 40:card x:card -:card -:card =:card
EXPR: 0 | POS | INT | 2 | 84 | 30 | 18=((8+40)-x) | 18 8 40 + x - = | 18:card 8:card 40:card +:card x:card -:card =:card
EXPR: 0 | POS | INT | 2 | 84 | 50 | 18=((8+x)-40) | 18 8 x + 40 - = | 18:card 8:card x:card +:card 40:card -:card =:card
EXPR: 0 | POS | INT | 2 | 84 | 30 | ((18-8)+x)=40 | 18 8 - x + 40 = | 18:card 8:card -:card x:card +:card 40:card =:card
EXPR: 0 | POS | INT | 2 | 84 | 14 | ((18+8)+x)=40 | 18 8 + x + 40 = | 18:card 8:card +:card x:card +:card 40:card =:card
EXPR: 0 | POS | INT | 2 | 84 | 66 | 18=(x-(8+40)) | 18 x 8 40 + - = | 18:card x:card 8:card 40:card +:card -:card =:card
EXPR: 0 | POS | INT | 2 | 84 | 14 | ((18+x)+8)=40 | 18 x + 8 + 40 = | 18:card x:card +:card 8:card +:card 40:card =:card
EXPR: 0 | POS | INT | 2 | 84 | 50 | 18=((8-40)+x) | 18 8 40 - x + = | 18:card 8:card 40:card -:card x:card +:card =:card
EXPR: 0 | POS | INT | 2 | 84 | 50 | 18=(x+(8-40)) | 18 x 8 40 - + = | 18:card x:card 8:card 40:card -:card +:card =:card
EXPR: 0 | POS | INT | 2 | 84 | 50 | 18=((x+8)-40) | 18 x 8 + 40 - = | 18:card x:card 8:card +:card 40:card -:card =:card
EXPR: 0 | POS | INT | 2 | 84 | 30 | 18=((8-x)+40) | 18 8 x - 40 + = | 18:card 8:card x:card -:card 40:card +:card =:card
EXPR: 0 | POS | INT | 2 | 84 | 14 | ((x+18)+8)=40 | x 18 + 8 + 40 = | x:card 18:card +:card 8:card +:card 40:card =:card
EXPR: 0 | POS | INT | 2 | 84 | 30 | (18-(8-x))=40 | 18 8 x - - 40 = | 18:card 8:card x:card -:card -:card 40:card =:card
EXPR: 0 | POS | INT | 2 | 84 | 66 | (x-(18+8))=40 | x 18 8 + - 40 = | x:card 18:card 8:card +:card -:card 40:card =:card
EXPR: 0 | POS | INT | 2 | 84 | 50 | ((x-18)+8)=40 | x 18 - 8 + 40 = | x:card 18:card -:card 8:card +:card 40:card =:card
EXPR: 0 | POS | INT | 2 | 84 | 30 | ((18+x)-8)=40 | 18 x + 8 - 40 = | 18:card x:card +:card 8:card -:card 40:card =:card
EXPR: 0 | POS | INT | 2 | 84 | 30 | ((x+18)-8)=40 | x 18 + 8 - 40 = | x:card 18:card +:card 8:card -:card 40:card =:card
EXPR: 0 | POS | INT | 2 | 84 | 14 | (18+(8+x))=40 | 18 8 x + + 40 = | 18:card 8:card x:card +:card +:card 40:card =:card
EXPR: 0 | POS | INT | 2 | 84 | 66 | ((x-18)-8)=40 | x 18 - 8 - 40 = | x:card 18:card -:card 8:card -:card 40:card =:card
EXPR: 0 | POS | INT | 2 | 84 | 50 | (x-(18-8))=40 | x 18 8 - - 40 = | x:card 18:card 8:card -:card -:card 40:card =:card
EXPR: 0 | POS | INT | 2 | 84 | 30 | (18+(x-8))=40 | 18 x 8 - + 40 = | 18:card x:card 8:card -:card +:card 40:card =:card
EXPR: 0 | POS | INT | 2 | 84 | 14 | (18+(x+8))=40 | 18 x 8 + + 40 = | 18:card x:card 8:card +:card +:card 40:card =:card
EXPR: 0 | POS | INT | 2 | 84 | 30 | 18=(8-(x-40)) | 18 8 x 40 - - = | 18:card 8:card x:card 40:card -:card -:card =:card
EXPR: 0 | POS | INT | 2 | 84 | 50 | 18=(8+(x-40)) | 18 8 x 40 - + = | 18:card 8:card x:card 40:card -:card +:card =:card
EXPR: 0 | POS | INT | 2 | 84 | 14 | (x+(18+8))=40 | x 18 8 + + 40 = | x:card 18:card 8:card +:card +:card 40:card =:card
EXPR: 0 | POS | INT | 2 | 84 | 30 | (x+(18-8))=40 | x 18 8 - + 40 = | x:card 18:card 8:card -:card +:card 40:card =:card
EXPR: 0 | POS | INT | 10 | 84 | 66 | x=(8+(18+40)) | x 8 18 40 + + = | x:card 8:card 18:card 40:card +:card +:card =:card
EXPR: 0 | POS | INT | 10 | 84 | 50 | (18+(40-8))=x | 18 40 8 - + x = | 18:card 40:card 8:card -:card +:card x:card =:card
EXPR: 0 | POS | INT | 10 | 84 | 50 | x=((18+40)-8) | x 18 40 + 8 - = | x:card 18:card 40:card +:card 8:card -:card =:card
EXPR: 0 | POS | INT | 10 | 84 | 30 | x=((8-18)+40) | x 8 18 - 40 + = | x:card 8:card 18:card -:card 40:card +:card =:card
EXPR: 0 | POS | INT | 10 | 84 | 50 | ((18+40)-8)=x | 18 40 + 8 - x = | 18:card 40:card +:card 8:card -:card x:card =:card
EXPR: 0 | POS | INT | 10 | 84 | 30 | ((8-18)+40)=x | 8 18 - 40 + x = | 8:card 18:card -:card 40:card +:card x:card =:card
EXPR: 0 | POS | INT | 10 | 84 | 66 | ((18+40)+8)=x | 18 40 + 8 + x = | 18:card 40:card +:card 8:card +:card x:card =:card
EXPR: 0 | POS | INT | 10 | 84 | 66 | x=((18+40)+8) | x 18 40 + 8 + = | x:card 18:card 40:card +:card 8:card +:card =:card
EXPR: 0 | POS | INT | 10 | 84 | 50 | x=(18+(40-8)) | x 18 40 8 - + = | x:card 18:card 40:card 8:card -:card +:card =:card
EXPR: 0 | POS | INT | 10 | 84 | 30 | (8-(18-40))=x | 8 18 40 - - x = | 8:card 18:card 40:card -:card -:card x:card =:card
EXPR: 0 | POS | INT | 10 | 84 | 30 | x=(8-(18-40)) | x 8 18 40 - - = | x:card 8:card 18:card 40:card -:card -:card =:card
EXPR: 0 | POS | INT | 10 | 84 | 66 | (8+(18+40))=x | 8 18 40 + + x = | 8:card 18:card 40:card +:card +:card x:card =:card
EXPR: 0 | POS | INT | 12 | 84 | 50 | (18-x)=(8-40) | 18 x - 8 40 - = | 18:card x:card -:card 8:card 40:card -:card =:card
EXPR: 0 | POS | INT | 12 | 84 | 50 | 8=(18-(x-40)) | 8 18 x 40 - - = | 8:card 18:card x:card 40:card -:card -:card =:card
EXPR: 0 | POS | INT | 12 | 84 | 14 | ((8+x)+18)=40 | 8 x + 18 + 40 = | 8:card x:card +:card 18:card +:card 40:card =:card
EXPR: 0 | POS | INT | 12 | 84 | 50 | 18=(x-(40-8)) | 18 x 40 8 - - = | 18:card x:card 40:card 8:card -:card -:card =:card
EXPR: 0 | POS | INT | 12 | 84 | 50 | (8-(18-x))=40 | 8 18 x - - 40 = | 8:card 18:card x:card -:card -:card 40:card =:card
EXPR: 0 | POS | INT | 12 | 84 | 30 | 8=(18+(x-40)) | 8 18 x 40 - + = | 8:card 18:card x:card 40:card -:card +:card =:card
EXPR: 0 | POS | INT | 12 | 84 | 14 | ((x+8)+18)=40 | x 8 + 18 + 40 = | x:card 8:card +:card 18:card +:card 40:card =:card
EXPR: 0 | POS | INT | 12 | 84 | 50 | 8=((18-x)+40) | 8 18 x - 40 + = | 8:card 18:card x:card -:card 40:card +:card =:card
EXPR: 0 | POS | INT | 12 | 84 | 14 | 18=((40-x)-8) | 18 40 x - 8 - = | 18:card 40:card x:card -:card 8:card -:card =:card
EXPR: 0 | POS | INT | 12 | 84 | 30 | 18=(40-(x-8)) | 18 40 x 8 - - = | 18:card 40:card x:card 8:card -:card -:card =:card
EXPR: 0 | POS | INT | 12 | 84 | 30 | ((18+x)-40)=8 | 18 x + 40 - 8 = | 18:card x:card +:card 40:card -:card 8:card =:card
EXPR: 0 | POS | INT | 12 | 84 | 66 | (x-18)=(8+40) | x 18 - 8 40 + = | x:card 18:card -:card 8:card 40:card +:card =:card
EXPR: 0 | POS | INT | 12 | 84 | 30 | (18-(40-x))=8 | 18 40 x - - 8 = | 18:card 40:card x:card -:card -:card 8:card =:card
EXPR: 0 | POS | INT | 12 | 84 | 50 | (18+(40-x))=8 | 18 40 x - + 8 = | 18:card 40:card x:card -:card +:card 8:card =:card
EXPR: 0 | POS | INT | 12 | 84 | 14 | 18=((40-8)-x) | 18 40 8 - x - = | 18:card 40:card 8:card -:card x:card -:card =:card
EXPR: 0 | POS | INT | 12 | 84 | 30 | 8=(18-(40-x)) | 8 18 40 x - - = | 8:card 18:card 40:card x:card -:card -:card =:card
EXPR: 0 | POS | INT | 12 | 84 | 30 | (18-8)=(40-x) | 18 8 - 40 x - = | 18:card 8:card -:card 40:card x:card -:card =:card
EXPR: 0 | POS | INT | 12 | 84 | 50 | ((8-18)+x)=40 | 8 18 - x + 40 = | 8:card 18:card -:card x:card +:card 40:card =:card
EXPR: 0 | POS | INT | 12 | 84 | 14 | (8+(18+x))=40 | 8 18 x + + 40 = | 8:card 18:card x:card +:card +:card 40:card =:card
EXPR: 0 | POS | INT | 12 | 84 | 30 | ((18-40)+x)=8 | 18 40 - x + 8 = | 18:card 40:card -:card x:card +:card 8:card =:card
EXPR: 0 | POS | INT | 12 | 84 | 50 | (x+(8-18))=40 | x 8 18 - + 40 = | x:card 8:card 18:card -:card +:card 40:card =:card
EXPR: 0 | POS | INT | 12 | 84 | 30 | (18+x)=(8+40) | 18 x + 8 40 + = | 18:card x:card +:card 8:card 40:card +:card =:card
EXPR: 0 | POS | INT | 12 | 84 | 66 | 8=((x-18)-40) | 8 x 18 - 40 - = | 8:card x:card 18:card -:card 40:card -:card =:card
EXPR: 0 | POS | INT | 12 | 84 | 30 | 8=((18+x)-40) | 8 18 x + 40 - = | 8:card 18:card x:card +:card 40:card -:card =:card
EXPR: 0 | POS | INT | 12 | 84 | 30 | (x+(18-40))=8 | x 18 40 - + 8 = | x:card 18:card 40:card -:card +:card 8:card =:card
EXPR: 0 | POS | INT | 12 | 84 | 14 | 18=(40-(x+8)) | 18 40 x 8 + - = | 18:card 40:card x:card 8:card +:card -:card =:card
EXPR: 0 | POS | INT | 12 | 84 | 30 | (x-(8-18))=40 | x 8 18 - - 40 = | x:card 8:card 18:card -:card -:card 40:card =:card
EXPR: 0 | POS | INT | 12 | 84 | 30 | ((x-8)+18)=40 | x 8 - 18 + 40 = | x:card 8:card -:card 18:card +:card 40:card =:card
EXPR: 0 | POS | INT | 12 | 84 | 30 | 8=((x+18)-40) | 8 x 18 + 40 - = | 8:card x:card 18:card +:card 40:card -:card =:card
EXPR: 0 | POS | INT | 12 | 84 | 30 | ((x+18)-40)=8 | x 18 + 40 - 8 = | x:card 18:card +:card 40:card -:card 8:card =:card
EXPR: 0 | POS | INT | 12 | 84 | 50 | ((x+8)-18)=40 | x 8 + 18 - 40 = | x:card 8:card +:card 18:card -:card 40:card =:card
EXPR: 0 | POS | INT | 12 | 84 | 30 | 18=((40-x)+8) | 18 40 x - 8 + = | 18:card 40:card x:card -:card 8:card +:card =:card
EXPR: 0 | POS | INT | 12 | 84 | 66 | 8=(x-(18+40)) | 8 x 18 40 + - = | 8:card x:card 18:card 40:card +:card -:card =:card
EXPR: 0 | POS | INT | 12 | 84 | 50 | ((18-x)+40)=8 | 18 x - 40 + 8 = | 18:card x:card -:card 40:card +:card 8:card =:card
EXPR: 0 | POS | INT | 12 | 84 | 50 | 8=((18+40)-x) | 8 18 40 + x - = | 8:card 18:card 40:card +:card x:card -:card =:card
EXPR: 0 | POS | INT | 12 | 84 | 50 | (18-(x-40))=8 | 18 x 40 - - 8 = | 18:card x:card 40:card -:card -:card 8:card =:card
EXPR: 0 | POS | INT | 12 | 84 | 66 | (x-(18+40))=8 | x 18 40 + - 8 = | x:card 18:card 40:card +:card -:card 8:card =:card
EXPR: 0 | POS | INT | 12 | 84 | 66 | ((x-8)-18)=40 | x 8 - 18 - 40 = | x:card 8:card -:card 18:card -:card 40:card =:card
EXPR: 0 | POS | INT | 12 | 84 | 30 | (18+(x-40))=8 | 18 x 40 - + 8 = | 18:card x:card 40:card -:card +:card 8:card =:card
EXPR: 0 | POS | INT | 12 | 84 | 30 | 8=(x+(18-40)) | 8 x 18 40 - + = | 8:card x:card 18:card 40:card -:card +:card =:card
EXPR: 0 | POS | INT | 12 | 84 | 14 | 18=(40-(8+x)) | 18 40 8 x + - = | 18:card 40:card 8:card x:card +:card -:card =:card
EXPR: 0 | POS | INT | 12 | 84 | 30 | (x+18)=(8+40) | x 18 + 8 40 + = | x:card 18:card +:card 8:card 40:card +:card =:card
EXPR: 0 | POS | INT | 12 | 84 | 50 | ((8+x)-18)=40 | 8 x + 18 - 40 = | 8:card x:card +:card 18:card -:card 40:card =:card
EXPR: 0 | POS | INT | 12 | 84 | 50 | 8=(18+(40-x)) | 8 18 40 x - + = | 8:card 18:card 40:card x:card -:card +:card =:card
EXPR: 0 | POS | INT | 12 | 84 | 66 | ((x-18)-40)=8 | x 18 - 40 - 8 = | x:card 18:card -:card 40:card -:card 8:card =:card
EXPR: 0 | POS | INT | 12 | 84 | 14 | (18+8)=(40-x) | 18 8 + 40 x - = | 18:card 8:card +:card 40:card x:card -:card =:card
EXPR: 0 | POS | INT | 12 | 84 | 66 | 18=((x-40)-8) | 18 x 40 - 8 - = | 18:card x:card 40:card -:card 8:card -:card =:card
EXPR: 0 | POS | INT | 12 | 84 | 30 | 8=((18-40)+x) | 8 18 40 - x + = | 8:card 18:card 40:card -:card x:card +:card =:card
EXPR: 0 | POS | INT | 12 | 84 | 50 | ((18+40)-x)=8 | 18 40 + x - 8 = | 18:card 40:card +:card x:card -:card 8:card =:card
EXPR: 0 | POS | INT | 12 | 84 | 50 | (8+(x-18))=40 | 8 x 18 - + 40 = | 8:card x:card 18:card -:card +:card 40:card =:card
EXPR: 0 | POS | INT | 12 | 84 | 14 | (8+(x+18))=40 | 8 x 18 + + 40 = | 8:card x:card 18:card +:card +:card 40:card =:card
EXPR: 0 | POS | INT | 12 | 84 | 30 | 18=(40+(8-x)) | 18 40 8 x - + = | 18:card 40:card 8:card x:card -:card +:card =:card
EXPR: 0 | POS | INT | 12 | 84 | 50 | (18-8)=(x-40) | 18 8 - x 40 - = | 18:card 8:card -:card x:card 40:card -:card =:card
EXPR: 0 | POS | INT | 12 | 84 | 66 | (18+8)=(x-40) | 18 8 + x 40 - = | 18:card 8:card +:card x:card 40:card -:card =:card
EXPR: 0 | POS | INT | 12 | 84 | 50 | 18=((x-40)+8) | 18 x 40 - 8 + = | 18:card x:card 40:card -:card 8:card +:card =:card
EXPR: 0 | POS | INT | 22 | 84 | 66 | (x-8)=(18+40) | x 8 - 18 40 + = | x:card 8:card -:card 18:card 40:card +:card =:card
EXPR: 0 | POS | INT | 22 | 84 | 50 | (x-18)=(40-8) | x 18 - 40 8 - = | x:card 18:card -:card 40:card 8:card -:card =:card
EXPR: 0 | POS | INT | 22 | 84 | 14 | (x+18)=(40-8) | x 18 + 40 8 - = | x:card 18:card +:card 40:card 8:card -:card =:card
EXPR: 0 | POS | INT | 22 | 84 | 14 | (18+x)=(40-8) | 18 x + 40 8 - = | 18:card x:card +:card 40:card 8:card -:card =:card
EXPR: 0 | POS | INT | 22 | 84 | 30 | (18-40)=(8-x) | 18 40 - 8 x - = | 18:card 40:card -:card 8:card x:card -:card =:card
EXPR: 0 | POS | INT | 22 | 84 | 30 | (8-x)=(18-40) | 8 x - 18 40 - = | 8:card x:card -:card 18:card 40:card -:card =:card
EXPR: 0 | POS | INT | 22 | 84 | 30 | (8-18)=(x-40) | 8 18 - x 40 - = | 8:card 18:card -:card x:card 40:card -:card =:card
EXPR: 0 | POS | INT | 22 | 84 | 66 | (18+40)=(x-8) | 18 40 + x 8 - = | 18:card 40:card +:card x:card 8:card -:card =:card
EXPR: 0 | POS | INT | 22 | 84 | 50 | (18+40)=(8+x) | 18 40 + 8 x + = | 18:card 40:card +:card 8:card x:card +:card =:card
EXPR: 0 | POS | INT | 22 | 84 | 50 | (8+x)=(18+40) | 8 x + 18 40 + = | 8:card x:card +:card 18:card 40:card +:card =:card
EXPR: 0 | POS | INT | 22 | 84 | 50 | (18+40)=(x+8) | 18 40 + x 8 + = | 18:card 40:card +:card x:card 8:card +:card =:card
EXPR: 0 | POS | INT | 22 | 84 | 50 | (x+8)=(18+40) | x 8 + 18 40 + = | x:card 8:card +:card 18:card 40:card +:card =:card
EXPR: 0 | POS | INT | 22 | 84 | 50 | (8-18)=(40-x) | 8 18 - 40 x - = | 8:card 18:card -:card 40:card x:card -:card =:card
EXPR: 0 | POS | INT | 25 | 84 | 30 | x=((8+40)-18) | x 8 40 + 18 - = | x:card 8:card 40:card +:card 18:card -:card =:card
EXPR: 0 | POS | INT | 25 | 84 | 66 | (40+(18+8))=x | 40 18 8 + + x = | 40:card 18:card 8:card +:card +:card x:card =:card
EXPR: 0 | POS | INT | 25 | 84 | 30 | ((40-18)+8)=x | 40 18 - 8 + x = | 40:card 18:card -:card 8:card +:card x:card =:card
EXPR: 0 | POS | INT | 25 | 84 | 14 | ((40-18)-8)=x | 40 18 - 8 - x = | 40:card 18:card -:card 8:card -:card x:card =:card
EXPR: 0 | POS | INT | 25 | 84 | 50 | x=(40+(18-8)) | x 40 18 8 - + = | x:card 40:card 18:card 8:card -:card +:card =:card
EXPR: 0 | POS | INT | 25 | 84 | 14 | x=(40-(18+8)) | x 40 18 8 + - = | x:card 40:card 18:card 8:card +:card -:card =:card
EXPR: 0 | POS | INT | 25 | 84 | 30 | (8+(40-18))=x | 8 40 18 - + x = | 8:card 40:card 18:card -:card +:card x:card =:card
EXPR: 0 | POS | INT | 25 | 84 | 30 | x=(8+(40-18)) | x 8 40 18 - + = | x:card 8:card 40:card 18:card -:card +:card =:card
EXPR: 0 | POS | INT | 25 | 84 | 50 | (40+(18-8))=x | 40 18 8 - + x = | 40:card 18:card 8:card -:card +:card x:card =:card
EXPR: 0 | POS | INT | 25 | 84 | 66 | x=((8+40)+18) | x 8 40 + 18 + = | x:card 8:card 40:card +:card 18:card +:card =:card
EXPR: 0 | POS | INT | 25 | 84 | 30 | x=(40-(18-8)) | x 40 18 8 - - = | x:card 40:card 18:card 8:card -:card -:card =:card
EXPR: 0 | POS | INT | 25 | 84 | 66 | ((8+40)+18)=x | 8 40 + 18 + x = | 8:card 40:card +:card 18:card +:card x:card =:card
EXPR: 0 | POS | INT | 25 | 84 | 66 | x=(40+(18+8)) | x 40 18 8 + + = | x:card 40:card 18:card 8:card +:card +:card =:card
EXPR: 0 | POS | INT | 25 | 84 | 14 | x=((40-18)-8) | x 40 18 - 8 - = | x:card 40:card 18:card -:card 8:card -:card =:card
EXPR: 0 | POS | INT | 25 | 84 | 30 | x=((40-18)+8) | x 40 18 - 8 + = | x:card 40:card 18:card -:card 8:card +:card =:card
EXPR: 0 | POS | INT | 25 | 84 | 14 | (40-(18+8))=x | 40 18 8 + - x = | 40:card 18:card 8:card +:card -:card x:card =:card
EXPR: 0 | POS | INT | 25 | 84 | 30 | ((8+40)-18)=x | 8 40 + 18 - x = | 8:card 40:card +:card 18:card -:card x:card =:card
EXPR: 0 | POS | INT | 25 | 84 | 30 | (40-(18-8))=x | 40 18 8 - - x = | 40:card 18:card 8:card -:card -:card x:card =:card
EXPR: 0 | POS | INT | 27 | 84 | 66 | 40=((x-18)-8) | 40 x 18 - 8 - = | 40:card x:card 18:card -:card 8:card -:card =:card
EXPR: 0 | POS | INT | 27 | 84 | 14 | 8=((40-18)-x) | 8 40 18 - x - = | 8:card 40:card 18:card -:card x:card -:card =:card
EXPR: 0 | POS | INT | 27 | 84 | 50 | ((x+8)-40)=18 | x 8 + 40 - 18 = | x:card 8:card +:card 40:card -:card 18:card =:card
EXPR: 0 | POS | INT | 27 | 84 | 50 | ((8+x)-40)=18 | 8 x + 40 - 18 = | 8:card x:card +:card 40:card -:card 18:card =:card
EXPR: 0 | POS | INT | 27 | 84 | 66 | ((x-8)-40)=18 | x 8 - 40 - 18 = | x:card 8:card -:card 40:card -:card 18:card =:card
EXPR: 0 | POS | INT | 27 | 84 | 30 | 8=(x-(40-18)) | 8 x 40 18 - - = | 8:card x:card 40:card 18:card -:card -:card =:card
EXPR: 0 | POS | INT | 27 | 84 | 14 | 40=((x+18)+8) | 40 x 18 + 8 + = | 40:card x:card 18:card +:card 8:card +:card =:card
EXPR: 0 | POS | INT | 27 | 84 | 14 | 8=(40-(18+x)) | 8 40 18 x + - = | 8:card 40:card 18:card x:card +:card -:card =:card
EXPR: 0 | POS | INT | 27 | 84 | 14 | 8=((40-x)-18) | 8 40 x - 18 - = | 8:card 40:card x:card -:card 18:card -:card =:card
EXPR: 0 | POS | INT | 27 | 84 | 50 | (40+(18-x))=8 | 40 18 x - + 8 = | 40:card 18:card x:card -:card +:card 8:card =:card
EXPR: 0 | POS | INT | 27 | 84 | 30 | 40=((x+18)-8) | 40 x 18 + 8 - = | 40:card x:card 18:card +:card 8:card -:card =:card
EXPR: 0 | POS | INT | 27 | 84 | 14 | 8=(40-(x+18)) | 8 40 x 18 + - = | 8:card 40:card x:card 18:card +:card -:card =:card
EXPR: 0 | POS | INT | 27 | 84 | 50 | ((8-40)+x)=18 | 8 40 - x + 18 = | 8:card 40:card -:card x:card +:card 18:card =:card
EXPR: 0 | POS | INT | 27 | 84 | 50 | 8=((40-x)+18) | 8 40 x - 18 + = | 8:card 40:card x:card -:card 18:card +:card =:card
EXPR: 0 | POS | INT | 27 | 84 | 66 | ((x-40)-18)=8 | x 40 - 18 - 8 = | x:card 40:card -:card 18:card -:card 8:card =:card
EXPR: 0 | POS | INT | 27 | 84 | 30 | ((8-x)+40)=18 | 8 x - 40 + 18 = | 8:card x:card -:card 40:card +:card 18:card =:card
EXPR: 0 | POS | INT | 27 | 84 | 50 | 8=(40-(x-18)) | 8 40 x 18 - - = | 8:card 40:card x:card 18:card -:card -:card =:card
EXPR: 0 | POS | INT | 27 | 84 | 30 | 40=((18-8)+x) | 40 18 8 - x + = | 40:card 18:card 8:card -:card x:card +:card =:card
EXPR: 0 | POS | INT | 27 | 84 | 30 | ((x-40)+18)=8 | x 40 - 18 + 8 = | x:card 40:card -:card 18:card +:card 8:card =:card
EXPR: 0 | POS | INT | 27 | 84 | 14 | 40=(18+(x+8)) | 40 18 x 8 + + = | 40:card 18:card x:card 8:card +:card +:card =:card
EXPR: 0 | POS | INT | 27 | 84 | 30 | ((8+40)-x)=18 | 8 40 + x - 18 = | 8:card 40:card +:card x:card -:card 18:card =:card
EXPR: 0 | POS | INT | 27 | 84 | 66 | (x-(8+40))=18 | x 8 40 + - 18 = | x:card 8:card 40:card +:card -:card 18:card =:card
EXPR: 0 | POS | INT | 27 | 84 | 50 | 40=((x-18)+8) | 40 x 18 - 8 + = | 40:card x:card 18:card -:card 8:card +:card =:card
EXPR: 0 | POS | INT | 27 | 84 | 14 | 40=((18+8)+x) | 40 18 8 + x + = | 40:card 18:card 8:card +:card x:card +:card =:card
EXPR: 0 | POS | INT | 27 | 84 | 50 | (8-(40-x))=18 | 8 40 x - - 18 = | 8:card 40:card x:card -:card -:card 18:card =:card
EXPR: 0 | POS | INT | 27 | 84 | 30 | (8-(x-40))=18 | 8 x 40 - - 18 = | 8:card x:card 40:card -:card -:card 18:card =:card
EXPR: 0 | POS | INT | 27 | 84 | 50 | (x+(8-40))=18 | x 8 40 - + 18 = | x:card 8:card 40:card -:card +:card 18:card =:card
EXPR: 0 | POS | INT | 27 | 84 | 30 | (8+(40-x))=18 | 8 40 x - + 18 = | 8:card 40:card x:card -:card +:card 18:card =:card
EXPR: 0 | POS | INT | 27 | 84 | 66 | 8=((x-40)-18) | 8 x 40 - 18 - = | 8:card x:card 40:card -:card 18:card -:card =:card
EXPR: 0 | POS | INT | 27 | 84 | 30 | 8=((x-40)+18) | 8 x 40 - 18 + = | 8:card x:card 40:card -:card 18:card +:card =:card
EXPR: 0 | POS | INT | 27 | 84 | 66 | 40=(x-(18+8)) | 40 x 18 8 + - = | 40:card x:card 18:card 8:card +:card -:card =:card
EXPR: 0 | POS | INT | 27 | 84 | 50 | 40=(x-(18-8)) | 40 x 18 8 - - = | 40:card x:card 18:card 8:card -:card -:card =:card
EXPR: 0 | POS | INT | 27 | 84 | 14 | ((40-18)-x)=8 | 40 18 - x - 8 = | 40:card 18:card -:card x:card -:card 8:card =:card
EXPR: 0 | POS | INT | 27 | 84 | 30 | 40=((18+x)-8) | 40 18 x + 8 - = | 40:card 18:card x:card +:card 8:card -:card =:card
EXPR: 0 | POS | INT | 27 | 84 | 30 | 40=(18-(8-x)) | 40 18 8 x - - = | 40:card 18:card 8:card x:card -:card -:card =:card
EXPR: 0 | POS | INT | 27 | 84 | 14 | (40-(18+x))=8 | 40 18 x + - 8 = | 40:card 18:card x:card +:card -:card 8:card =:card
EXPR: 0 | POS | INT | 27 | 84 | 30 | 40=(x+(18-8)) | 40 x 18 8 - + = | 40:card x:card 18:card 8:card -:card +:card =:card
EXPR: 0 | POS | INT | 27 | 84 | 14 | 40=((18+x)+8) | 40 18 x + 8 + = | 40:card 18:card x:card +:card 8:card +:card =:card
EXPR: 0 | POS | INT | 27 | 84 | 50 | ((40-x)+18)=8 | 40 x - 18 + 8 = | 40:card x:card -:card 18:card +:card 8:card =:card
EXPR: 0 | POS | INT | 27 | 84 | 50 | 8=(40+(18-x)) | 8 40 18 x - + = | 8:card 40:card 18:card x:card -:card +:card =:card
EXPR: 0 | POS | INT | 27 | 84 | 14 | 40=(18+(8+x)) | 40 18 8 x + + = | 40:card 18:card 8:card x:card +:card +:card =:card
EXPR: 0 | POS | INT | 27 | 84 | 14 | 40=(x+(18+8)) | 40 x 18 8 + + = | 40:card x:card 18:card 8:card +:card +:card =:card
EXPR: 0 | POS | INT | 27 | 84 | 30 | (x-(40-18))=8 | x 40 18 - - 8 = | x:card 40:card 18:card -:card -:card 8:card =:card
EXPR: 0 | POS | INT | 27 | 84 | 14 | (40-(x+18))=8 | 40 x 18 + - 8 = | 40:card x:card 18:card +:card -:card 8:card =:card
EXPR: 0 | POS | INT | 27 | 84 | 50 | (40-(x-18))=8 | 40 x 18 - - 8 = | 40:card x:card 18:card -:card -:card 8:card =:card
EXPR: 0 | POS | INT | 27 | 84 | 50 | (8+(x-40))=18 | 8 x 40 - + 18 = | 8:card x:card 40:card -:card +:card 18:card =:card
EXPR: 0 | POS | INT | 27 | 84 | 30 | 40=(18+(x-8)) | 40 18 x 8 - + = | 40:card 18:card x:card 8:card -:card +:card =:card
EXPR: 0 | POS | INT | 27 | 84 | 14 | ((40-x)-18)=8 | 40 x - 18 - 8 = | 40:card x:card -:card 18:card -:card 8:card =:card
EXPR: 0 | POS | INT | 35 | 84 | 50 | x=(40-(8-18)) | x 40 8 18 - - = | x:card 40:card 8:card 18:card -:card -:card =:card
EXPR: 0 | POS | INT | 35 | 84 | 50 | (40-(8-18))=x | 40 8 18 - - x = | 40:card 8:card 18:card -:card -:card x:card =:card
EXPR: 0 | POS | INT | 35 | 84 | 50 | ((40-8)+18)=x | 40 8 - 18 + x = | 40:card 8:card -:card 18:card +:card x:card =:card
EXPR: 0 | POS | INT | 35 | 84 | 14 | ((40-8)-18)=x | 40 8 - 18 - x = | 40:card 8:card -:card 18:card -:card x:card =:card
EXPR: 0 | POS | INT | 35 | 84 | 30 | (40+(8-18))=x | 40 8 18 - + x = | 40:card 8:card 18:card -:card +:card x:card =:card
EXPR: 0 | POS | INT | 35 | 84 | 30 | x=(40+(8-18)) | x 40 8 18 - + = | x:card 40:card 8:card 18:card -:card +:card =:card
EXPR: 0 | POS | INT | 35 | 84 | 14 | x=((40-8)-18) | x 40 8 - 18 - = | x:card 40:card 8:card -:card 18:card -:card =:card
EXPR: 0 | POS | INT | 35 | 84 | 50 | x=((40-8)+18) | x 40 8 - 18 + = | x:card 40:card 8:card -:card 18:card +:card =:card
EXPR: 0 | POS | INT | 37 | 84 | 14 | (40-(x+8))=18 | 40 x 8 + - 18 = | 40:card x:card 8:card +:card -:card 18:card =:card
EXPR: 0 | POS | INT | 37 | 84 | 50 | 40=((8+x)-18) | 40 8 x + 18 - = | 40:card 8:card x:card +:card 18:card -:card =:card
EXPR: 0 | POS | INT | 37 | 84 | 14 | (40-(8+x))=18 | 40 8 x + - 18 = | 40:card 8:card x:card +:card -:card 18:card =:card
EXPR: 0 | POS | INT | 37 | 84 | 30 | (x-8)=(40-18) | x 8 - 40 18 - = | x:card 8:card -:card 40:card 18:card -:card =:card
EXPR: 0 | POS | INT | 37 | 84 | 30 | 40=(x-(8-18)) | 40 x 8 18 - - = | 40:card x:card 8:card 18:card -:card -:card =:card
EXPR: 0 | POS | INT | 37 | 84 | 50 | 40=((x+8)-18) | 40 x 8 + 18 - = | 40:card x:card 8:card +:card 18:card -:card =:card
EXPR: 0 | POS | INT | 37 | 84 | 50 | 40=((8-18)+x) | 40 8 18 - x + = | 40:card 8:card 18:card -:card x:card +:card =:card
EXPR: 0 | POS | INT | 37 | 84 | 50 | 40=(x+(8-18)) | 40 x 8 18 - + = | 40:card x:card 8:card 18:card -:card +:card =:card
EXPR: 0 | POS | INT | 37 | 84 | 66 | ((x-40)-8)=18 | x 40 - 8 - 18 = | x:card 40:card -:card 8:card -:card 18:card =:card
EXPR: 0 | POS | INT | 37 | 84 | 50 | (x-(40-8))=18 | x 40 8 - - 18 = | x:card 40:card 8:card -:card -:card 18:card =:card
EXPR: 0 | POS | INT | 37 | 84 | 14 | (40-x)=(18+8) | 40 x - 18 8 + = | 40:card x:card -:card 18:card 8:card +:card =:card
EXPR: 0 | POS | INT | 37 | 84 | 30 | (40-x)=(18-8) | 40 x - 18 8 - = | 40:card x:card -:card 18:card 8:card -:card =:card
EXPR: 0 | POS | INT | 37 | 84 | 30 | (40-(x-8))=18 | 40 x 8 - - 18 = | 40:card x:card 8:card -:card -:card 18:card =:card
EXPR: 0 | POS | INT | 37 | 84 | 66 | (x-40)=(18+8) | x 40 - 18 8 + = | x:card 40:card -:card 18:card 8:card +:card =:card
EXPR: 0 | POS | INT | 37 | 84 | 50 | ((x-40)+8)=18 | x 40 - 8 + 18 = | x:card 40:card -:card 8:card +:card 18:card =:card
EXPR: 0 | POS | INT | 37 | 84 | 14 | (8+x)=(40-18) | 8 x + 40 18 - = | 8:card x:card +:card 40:card 18:card -:card =:card
EXPR: 0 | POS | INT | 37 | 84 | 50 | 40=(8-(18-x)) | 40 8 18 x - - = | 40:card 8:card 18:card x:card -:card -:card =:card
EXPR: 0 | POS | INT | 37 | 84 | 14 | 40=(8+(x+18)) | 40 8 x 18 + + = | 40:card 8:card x:card 18:card +:card +:card =:card
EXPR: 0 | POS | INT | 37 | 84 | 14 | (x+8)=(40-18) | x 8 + 40 18 - = | x:card 8:card +:card 40:card 18:card -:card =:card
EXPR: 0 | POS | INT | 37 | 84 | 14 | (40-18)=(x+8) | 40 18 - x 8 + = | 40:card 18:card -:card x:card 8:card +:card =:card
EXPR: 0 | POS | INT | 37 | 84 | 66 | 40=((x-8)-18) | 40 x 8 - 18 - = | 40:card x:card 8:card -:card 18:card -:card =:card
EXPR: 0 | POS | INT | 37 | 84 | 30 | 40=((x-8)+18) | 40 x 8 - 18 + = | 40:card x:card 8:card -:card 18:card +:card =:card
EXPR: 0 | POS | INT | 37 | 84 | 14 | 40=((x+8)+18) | 40 x 8 + 18 + = | 40:card x:card 8:card +:card 18:card +:card =:card
EXPR: 0 | POS | INT | 37 | 84 | 30 | (40-18)=(x-8) | 40 18 - x 8 - = | 40:card 18:card -:card x:card 8:card -:card =:card
EXPR: 0 | POS | INT | 37 | 84 | 30 | (40+(8-x))=18 | 40 8 x - + 18 = | 40:card 8:card x:card -:card +:card 18:card =:card
EXPR: 0 | POS | INT | 37 | 84 | 14 | ((40-8)-x)=18 | 40 8 - x - 18 = | 40:card 8:card -:card x:card -:card 18:card =:card
EXPR: 0 | POS | INT | 37 | 84 | 50 | (8-40)=(18-x) | 8 40 - 18 x - = | 8:card 40:card -:card 18:card x:card -:card =:card
EXPR: 0 | POS | INT | 37 | 84 | 30 | ((40-x)+8)=18 | 40 x - 8 + 18 = | 40:card x:card -:card 8:card +:card 18:card =:card
EXPR: 0 | POS | INT | 37 | 84 | 14 | (40-18)=(8+x) | 40 18 - 8 x + = | 40:card 18:card -:card 8:card x:card +:card =:card
EXPR: 0 | POS | INT | 37 | 84 | 14 | 40=(8+(18+x)) | 40 8 18 x + + = | 40:card 8:card 18:card x:card +:card +:card =:card
EXPR: 0 | POS | INT | 37 | 84 | 66 | (8+40)=(x-18) | 8 40 + x 18 - = | 8:card 40:card +:card x:card 18:card -:card =:card
EXPR: 0 | POS | INT | 37 | 84 | 30 | (8+40)=(18+x) | 8 40 + 18 x + = | 8:card 40:card +:card 18:card x:card +:card =:card
EXPR: 0 | POS | INT | 37 | 84 | 50 | (x-40)=(18-8) | x 40 - 18 8 - = | x:card 40:card -:card 18:card 8:card -:card =:card
EXPR: 0 | POS | INT | 37 | 84 | 14 | 40=((8+x)+18) | 40 8 x + 18 + = | 40:card 8:card x:card +:card 18:card +:card =:card
EXPR: 0 | POS | INT | 37 | 84 | 30 | (8+40)=(x+18) | 8 40 + x 18 + = | 8:card 40:card +:card x:card 18:card +:card =:card
EXPR: 0 | POS | INT | 37 | 84 | 14 | ((40-x)-8)=18 | 40 x - 8 - 18 = | 40:card x:card -:card 8:card -:card 18:card =:card
EXPR: 0 | POS | INT | 37 | 84 | 50 | 40=(8+(x-18)) | 40 8 x 18 - + = | 40:card 8:card x:card 18:card -:card +:card =:card
EXPR: 0 | POS | INT | 47 | 84 | 14 | (40-8)=(18+x) | 40 8 - 18 x + = | 40:card 8:card -:card 18:card x:card +:card =:card
EXPR: 0 | POS | INT | 47 | 84 | 30 | (x-40)=(8-18) | x 40 - 8 18 - = | x:card 40:card -:card 8:card 18:card -:card =:card
EXPR: 0 | POS | INT | 47 | 84 | 14 | (40-8)=(x+18) | 40 8 - x 18 + = | 40:card 8:card -:card x:card 18:card +:card =:card
EXPR: 0 | POS | INT | 47 | 84 | 50 | (40-x)=(8-18) | 40 x - 8 18 - = | 40:card x:card -:card 8:card 18:card -:card =:card
EXPR: 0 | POS | INT | 47 | 84 | 50 | (40-8)=(x-18) | 40 8 - x 18 - = | 40:card 8:card -:card x:card 18:card -:card =:card
NET 232 unique, non-negative, integer-valued solutions found out of 480 total solutions
