parameters: n=9 l=4 k=1 p=5 q=2 m=10
TOTAL 1000 solutions found
SOLN: CORRECT | POS/NEG | INT/FRA | OBJ-SCORE | TRUE-ANS | ANS | INFIX | POSTFIX | TYPED-POSTFIX
EXPR: 0 | POS | INT | 0 | 72 | 400 | (((10+46)-16)*10)=x | 10 46 + 16 - 10 * x = | 10:balloon 46:balloon +:balloon 16:balloon -:balloon 10:dollar *:balloon x:balloon =:balloon
EXPR: 0 | POS | INT | 0 | 72 | 4 | (((10+46)-16)/10)=x | 10 46 + 16 - 10 / x = | 10:balloon 46:balloon +:balloon 16:balloon -:balloon 10:dollar /:balloon x:balloon =:balloon
EXPR: 0 | POS | INT | 0 | 72 | 13 | (10+((46-16)/10))=x | 10 46 16 - 10 / + x = | 10:balloon 46:balloon 16:balloon -:balloon 10:dollar /:balloon +:balloon x:balloon =:balloon
EXPR: 0 | POS | INT | 0 | 72 | 7 | (10-((46-16)/10))=x | 10 46 16 - 10 / - x = | 10:balloon 46:balloon 16:balloon -:balloon 10:dollar /:balloon -:balloon x:balloon =:balloon
EXPR: 0 | POS | INT | 0 | 72 | 720 | x=((10+(46+16))*10) | x 10 46 16 + + 10 * = | x:balloon 10:balloon 46:balloon 16:balloon +:balloon +:balloon 10:dollar *:balloon =:balloon
EXPR: 0 | POS | INT | 0 | 72 | 124 | (10-(46-(16*10)))=x | 10 46 16 10 * - - x = | 10:balloon 46:balloon 16:balloon 10:dollar *:balloon -:balloon -:balloon x:balloon =:balloon
EXPR: 0 | POS | INT | 0 | 72 | 216 | (10+(46+(16*10)))=x | 10 46 16 10 * + + x = | 10:balloon 46:balloon 16:balloon 10:dollar *:balloon +:balloon +:balloon x:balloon =:balloon
EXPR: 0 | POS | INT | 0 | 72 | 124 | ((10-46)+(16*10))=x | 10 46 - 16 10 * + x = | 10:balloon 46:balloon -:balloon 16:balloon 10:dollar *:balloon +:balloon x:balloon =:balloon
EXPR: 0 | POS | INT | 0 | 72 | 630 | (10+((46+16)*10))=x | 10 46 16 + 10 * + x = | 10:balloon 46:balloon 16:balloon +:balloon 10:dollar *:balloon +:balloon x:balloon =:balloon
EXPR: 0 | POS | INT | 0 | 72 | 310 | (10+((46-16)*10))=x | 10 46 16 - 10 * + x = | 10:balloon 46:balloon 16:balloon -:balloon 10:dollar *:balloon +:balloon x:balloon =:balloon
EXPR: 0 | POS | INT | 0 | 72 | 216 | ((10+46)+(16*10))=x | 10 46 + 16 10 * + x = | 10:balloon 46:balloon +:balloon 16:balloon 10:dollar *:balloon +:balloon x:balloon =:balloon
EXPR: 0 | POS | INT | 0 | 72 | 310 | x=(10+((46-16)*10)) | x 10 46 16 - 10 * + = | x:balloon 10:balloon 46:balloon 16:balloon -:balloon 10:dollar *:balloon +:balloon =:balloon
EXPR: 0 | POS | INT | 0 | 72 | 13 | x=(10+((46-16)/10)) | x 10 46 16 - 10 / + = | x:balloon 10:balloon 46:balloon 16:balloon -:balloon 10:dollar /:balloon +:balloon =:balloon
EXPR: 0 | POS | INT | 0 | 72 | 720 | (((10+46)+16)*10)=x | 10 46 + 16 + 10 * x = | 10:balloon 46:balloon +:balloon 16:balloon +:balloon 10:dollar *:balloon x:balloon =:balloon
EXPR: 0 | POS | INT | 0 | 72 | 630 | x=(10+((46+16)*10)) | x 10 46 16 + 10 * + = | x:balloon 10:balloon 46:balloon 16:balloon +:balloon 10:dollar *:balloon +:balloon =:balloon
EXPR: 0 | POS | INT | 0 | 72 | 216 | x=(10+(46+(16*10))) | x 10 46 16 10 * + + = | x:balloon 10:balloon 46:balloon 16:balloon 10:dollar *:balloon +:balloon +:balloon =:balloon
EXPR: 0 | POS | INT | 0 | 72 | 124 | x=(10-(46-(16*10))) | x 10 46 16 10 * - - = | x:balloon 10:balloon 46:balloon 16:balloon 10:dollar *:balloon -:balloon -:balloon =:balloon
EXPR: 0 | POS | INT | 0 | 72 | 4 | x=(((10+46)-16)/10) | x 10 46 + 16 - 10 / = | x:balloon 10:balloon 46:balloon +:balloon 16:balloon -:balloon 10:dollar /:balloon =:balloon
EXPR: 0 | POS | INT | 0 | 72 | 720 | ((10+(46+16))*10)=x | 10 46 16 + + 10 * x = | 10:balloon 46:balloon 16:balloon +:balloon +:balloon 10:dollar *:balloon x:balloon =:balloon
EXPR: 0 | POS | INT | 0 | 72 | 720 | x=(((10+46)+16)*10) | x 10 46 + 16 + 10 * = | x:balloon 10:balloon 46:balloon +:balloon 16:balloon +:balloon 10:dollar *:balloon =:balloon
EXPR: 0 | POS | INT | 0 | 72 | 400 | x=(((10+46)-16)*10) | x 10 46 + 16 - 10 * = | x:balloon 10:balloon 46:balloon +:balloon 16:balloon -:balloon 10:dollar *:balloon =:balloon
EXPR: 0 | POS | INT | 0 | 72 | 124 | x=((10-46)+(16*10)) | x 10 46 - 16 10 * + = | x:balloon 10:balloon 46:balloon -:balloon 16:balloon 10:dollar *:balloon +:balloon =:balloon
EXPR: 0 | POS | INT | 0 | 72 | 7 | x=(10-((46-16)/10)) | x 10 46 16 - 10 / - = | x:balloon 10:balloon 46:balloon 16:balloon -:balloon 10:dollar /:balloon -:balloon =:balloon
EXPR: 0 | POS | INT | 0 | 72 | 216 | x=((10+46)+(16*10)) | x 10 46 + 16 10 * + = | x:balloon 10:balloon 46:balloon +:balloon 16:balloon 10:dollar *:balloon +:balloon =:balloon
EXPR: 0 | POS | INT | 0 | 72 | 4 | x=((10+(46-16))/10) | x 10 46 16 - + 10 / = | x:balloon 10:balloon 46:balloon 16:balloon -:balloon +:balloon 10:dollar /:balloon =:balloon
EXPR: 0 | POS | INT | 0 | 72 | 400 | x=((10+(46-16))*10) | x 10 46 16 - + 10 * = | x:balloon 10:balloon 46:balloon 16:balloon -:balloon +:balloon 10:dollar *:balloon =:balloon
EXPR: 0 | POS | INT | 0 | 72 | 400 | ((10+(46-16))*10)=x | 10 46 16 - + 10 * x = | 10:balloon 46:balloon 16:balloon -:balloon +:balloon 10:dollar *:balloon x:balloon =:balloon
EXPR: 0 | POS | INT | 0 | 72 | 4 | ((10+(46-16))/10)=x | 10 46 16 - + 10 / x = | 10:balloon 46:balloon 16:balloon -:balloon +:balloon 10:dollar /:balloon x:balloon =:balloon
EXPR: 0 | POS | INT | 2 | 72 | 124 | 10=((46-(16*10))+x) | 10 46 16 10 * - x + = | 10:balloon 46:balloon 16:balloon 10:dollar *:balloon -:balloon x:balloon +:balloon =:balloon
EXPR: 0 | POS | INT | 10 | 72 | 50 | (10+(46-(16-10)))=x | 10 46 16 10 - - + x = | 10:balloon 46:balloon 16:balloon 10:balloon -:balloon -:balloon +:balloon x:balloon =:balloon
EXPR: 0 | POS | INT | 10 | 72 | 62 | x=(10+((46+16)-10)) | x 10 46 16 + 10 - + = | x:balloon 10:balloon 46:balloon 16:balloon +:balloon 10:balloon -:balloon +:balloon =:balloon
EXPR: 0 | POS | INT | 10 | 72 | 62 | (((10+46)+16)-10)=x | 10 46 + 16 + 10 - x = | 10:balloon 46:balloon +:balloon 16:balloon +:balloon 10:balloon -:balloon x:balloon =:balloon
EXPR: 0 | POS | INT | 10 | 72 | 82 | (((10+46)+16)+10)=x | 10 46 + 16 + 10 + x = | 10:balloon 46:balloon +:balloon 16:balloon +:balloon 10:balloon +:balloon x:balloon =:balloon
EXPR: 0 | POS | INT | 10 | 72 | 62 | (10+(46+(16-10)))=x | 10 46 16 10 - + + x = | 10:balloon 46:balloon 16:balloon 10:balloon -:balloon +:balloon +:balloon x:balloon =:balloon
EXPR: 0 | POS | INT | 10 | 72 | 286 | (10+(46*(16-10)))=x | 10 46 16 10 - * + x = | 10:balloon 46:balloon 16:dollar 10:dollar -:dollar *:balloon +:balloon x:balloon =:balloon
EXPR: 0 | POS | INT | 10 | 72 | 13 | (10-((16-46)/10))=x | 10 16 46 - 10 / - x = | 10:balloon 16:balloon 46:balloon -:balloon 10:dollar /:balloon -:balloon x:balloon =:balloon
EXPR: 0 | POS | INT | 10 | 72 | 7 | (10+((16-46)/10))=x | 10 16 46 - 10 / + x = | 10:balloon 16:balloon 46:balloon -:balloon 10:dollar /:balloon +:balloon x:balloon =:balloon
EXPR: 0 | POS | INT | 10 | 72 | 520 | ((46-(10-16))*10)=x | 46 10 16 - - 10 * x = | 46:balloon 10:balloon 16:balloon -:balloon -:balloon 10:dollar *:balloon x:balloon =:balloon
EXPR: 0 | POS | INT | 10 | 72 | 720 | ((46+(10+16))*10)=x | 46 10 16 + + 10 * x = | 46:balloon 10:balloon 16:balloon +:balloon +:balloon 10:dollar *:balloon x:balloon =:balloon
EXPR: 0 | POS | INT | 10 | 72 | 306 | x=(46+((10+16)*10)) | x 46 10 16 + 10 * + = | x:balloon 46:balloon 10:balloon 16:balloon +:balloon 10:dollar *:balloon +:balloon =:balloon
EXPR: 0 | POS | INT | 10 | 72 | 200 | ((46-(10+16))*10)=x | 46 10 16 + - 10 * x = | 46:balloon 10:balloon 16:balloon +:balloon -:balloon 10:dollar *:balloon x:balloon =:balloon
EXPR: 0 | POS | INT | 10 | 72 | 2 | ((46-(10+16))/10)=x | 46 10 16 + - 10 / x = | 46:balloon 10:balloon 16:balloon +:balloon -:balloon 10:dollar /:balloon x:balloon =:balloon
EXPR: 0 | POS | INT | 10 | 72 | 520 | x=(((46-10)+16)*10) | x 46 10 - 16 + 10 * = | x:balloon 46:balloon 10:balloon -:balloon 16:balloon +:balloon 10:dollar *:balloon =:balloon
EXPR: 0 | POS | INT | 10 | 72 | 62 | x=(((10+46)+16)-10) | x 10 46 + 16 + 10 - = | x:balloon 10:balloon 46:balloon +:balloon 16:balloon +:balloon 10:balloon -:balloon =:balloon
EXPR: 0 | POS | INT | 10 | 72 | 400 | ((46+(10-16))*10)=x | 46 10 16 - + 10 * x = | 46:balloon 10:balloon 16:balloon -:balloon +:balloon 10:dollar *:balloon x:balloon =:balloon
EXPR: 0 | POS | INT | 10 | 72 | 4 | ((46+(10-16))/10)=x | 46 10 16 - + 10 / x = | 46:balloon 10:balloon 16:balloon -:balloon +:balloon 10:dollar /:balloon x:balloon =:balloon
EXPR: 0 | POS | INT | 10 | 72 | 196 | x=((46-10)+(16*10)) | x 46 10 - 16 10 * + = | x:balloon 46:balloon 10:balloon -:balloon 16:balloon 10:dollar *:balloon +:balloon =:balloon
EXPR: 0 | POS | INT | 10 | 72 | 2 | x=(((46-10)-16)/10) | x 46 10 - 16 - 10 / = | x:balloon 46:balloon 10:balloon -:balloon 16:balloon -:balloon 10:dollar /:balloon =:balloon
EXPR: 0 | POS | INT | 10 | 72 | 50 | x=(((10+46)-16)+10) | x 10 46 + 16 - 10 + = | x:balloon 10:balloon 46:balloon +:balloon 16:balloon -:balloon 10:balloon +:balloon =:balloon
EXPR: 0 | POS | INT | 10 | 72 | 106 | x=(46-((10-16)*10)) | x 46 10 16 - 10 * - = | x:balloon 46:balloon 10:balloon 16:balloon -:balloon 10:dollar *:balloon -:balloon =:balloon
EXPR: 0 | POS | INT | 10 | 72 | 4 | x=((46+(10-16))/10) | x 46 10 16 - + 10 / = | x:balloon 46:balloon 10:balloon 16:balloon -:balloon +:balloon 10:dollar /:balloon =:balloon
EXPR: 0 | POS | INT | 10 | 72 | 7260 | x=(10*((46*16)-10)) | x 10 46 16 * 10 - * = | x:balloon 10:balloon 46:balloon 16:dollar *:dollar 10:dollar -:dollar *:balloon =:balloon
EXPR: 0 | POS | INT | 10 | 72 | 400 | x=((46+(10-16))*10) | x 46 10 16 - + 10 * = | x:balloon 46:balloon 10:balloon 16:balloon -:balloon +:balloon 10:dollar *:balloon =:balloon
EXPR: 0 | POS | INT | 10 | 72 | 7460 | x=(10*((46*16)+10)) | x 10 46 16 * 10 + * = | x:balloon 10:balloon 46:balloon 16:dollar *:dollar 10:dollar +:dollar *:balloon =:balloon
EXPR: 0 | POS | INT | 10 | 72 | 30 | ((10+46)-(16+10))=x | 10 46 + 16 10 + - x = | 10:balloon 46:balloon +:balloon 16:balloon 10:balloon +:balloon -:balloon x:balloon =:balloon
EXPR: 0 | POS | INT | 10 | 72 | 82 | ((10+46)+(16+10))=x | 10 46 + 16 10 + + x = | 10:balloon 46:balloon +:balloon 16:balloon 10:balloon +:balloon +:balloon x:balloon =:balloon
EXPR: 0 | POS | INT | 10 | 72 | 310 | (10-((16-46)*10))=x | 10 16 46 - 10 * - x = | 10:balloon 16:balloon 46:balloon -:balloon 10:dollar *:balloon -:balloon x:balloon =:balloon
EXPR: 0 | POS | INT | 12 | 72 | 106 | 10=(((46-x)/10)+16) | 10 46 x - 10 / 16 + = | 10:balloon 46:balloon x:balloon -:balloon 10:dollar /:balloon 16:balloon +:balloon =:balloon
EXPR: 0 | POS | INT | 12 | 72 | 454 | 10=((16-(46*10))+x) | 10 16 46 10 * - x + = | 10:balloon 16:balloon 46:balloon 10:dollar *:balloon -:balloon x:balloon +:balloon =:balloon
EXPR: 0 | POS | INT | 20 | 72 | 1456 | ((10+16)*(46+10))=x | 10 16 + 46 10 + * x = | 10:balloon 16:balloon +:balloon 46:dollar 10:dollar +:dollar *:balloon x:balloon =:balloon
EXPR: 0 | POS | INT | 20 | 72 | 400 | (((10-16)+46)*10)=x | 10 16 - 46 + 10 * x = | 10:balloon 16:balloon -:balloon 46:balloon +:balloon 10:dollar *:dollar x:dollar =:dollar
EXPR: 0 | POS | INT | 20 | 72 | 62 | (((10+16)+46)-10)=x | 10 16 + 46 + 10 - x = | 10:balloon 16:balloon +:balloon 46:balloon +:balloon 10:balloon -:balloon x:balloon =:balloon
EXPR: 0 | POS | INT | 20 | 72 | 400 | ((10-(16-46))*10)=x | 10 16 46 - - 10 * x = | 10:balloon 16:balloon 46:balloon -:balloon -:balloon 10:dollar *:dollar x:dollar =:dollar
EXPR: 0 | POS | INT | 20 | 72 | 31 | x=((46+(10/10))-16) | x 46 10 10 / + 16 - = | x:balloon 46:balloon 10:balloon 10:dollar /:balloon +:balloon 16:balloon -:balloon =:balloon
EXPR: 0 | POS | INT | 20 | 72 | 720 | (((10+16)+46)*10)=x | 10 16 + 46 + 10 * x = | 10:balloon 16:balloon +:balloon 46:balloon +:balloon 10:dollar *:dollar x:dollar =:dollar
EXPR: 0 | POS | INT | 20 | 72 | 3 | x=((46/10)-(16/10)) | x 46 10 / 16 10 / - = | x:balloon 46:balloon 10:dollar /:balloon 16:balloon 10:dollar /:balloon -:balloon =:balloon
EXPR: 0 | POS | INT | 20 | 72 | 62 | x=((10+(46-10))+16) | x 10 46 10 - + 16 + = | x:balloon 10:balloon 46:balloon 10:balloon -:balloon +:balloon 16:balloon +:balloon =:balloon
EXPR: 0 | POS | INT | 20 | 72 | 50 | x=(((10+46)+10)-16) | x 10 46 + 10 + 16 - = | x:balloon 10:balloon 46:balloon +:balloon 10:balloon +:balloon 16:balloon -:balloon =:balloon
EXPR: 0 | POS | INT | 20 | 72 | 29 | x=((46-(10/10))-16) | x 46 10 10 / - 16 - = | x:balloon 46:balloon 10:balloon 10:dollar /:balloon -:balloon 16:balloon -:balloon =:balloon
EXPR: 0 | POS | INT | 20 | 72 | 50 | x=((10+(46+10))-16) | x 10 46 10 + + 16 - = | x:balloon 10:balloon 46:balloon 10:balloon +:balloon +:balloon 16:balloon -:balloon =:balloon
EXPR: 0 | POS | INT | 20 | 72 | 6900 | x=(46*((10*16)-10)) | x 46 10 16 * 10 - * = | x:balloon 46:balloon 10:balloon 16:dollar *:dollar 10:dollar -:dollar *:balloon =:balloon
EXPR: 0 | POS | INT | 20 | 72 | 82 | x=(((10+46)+10)+16) | x 10 46 + 10 + 16 + = | x:balloon 10:balloon 46:balloon +:balloon 10:balloon +:balloon 16:balloon +:balloon =:balloon
EXPR: 0 | POS | INT | 20 | 72 | 7820 | x=(46*((10*16)+10)) | x 46 10 16 * 10 + * = | x:balloon 46:balloon 10:balloon 16:dollar *:dollar 10:dollar +:dollar *:balloon =:balloon
EXPR: 0 | POS | INT | 20 | 72 | 50 | x=(10+((46+10)-16)) | x 10 46 10 + 16 - + = | x:balloon 10:balloon 46:balloon 10:balloon +:balloon 16:balloon -:balloon +:balloon =:balloon
EXPR: 0 | POS | INT | 20 | 72 | 82 | x=(10+((46+10)+16)) | x 10 46 10 + 16 + + = | x:balloon 10:balloon 46:balloon 10:balloon +:balloon 16:balloon +:balloon +:balloon =:balloon
EXPR: 0 | POS | INT | 20 | 72 | 2060 | x=((46+(10*16))*10) | x 46 10 16 * + 10 * = | x:balloon 46:balloon 10:balloon 16:dollar *:balloon +:balloon 10:dollar *:balloon =:balloon
EXPR: 0 | POS | INT | 20 | 72 | 906 | (10+(16*(46+10)))=x | 10 16 46 10 + * + x = | 10:balloon 16:balloon 46:dollar 10:dollar +:dollar *:balloon +:balloon x:balloon =:balloon
EXPR: 0 | POS | INT | 20 | 72 | 42 | x=((46-(10-16))-10) | x 46 10 16 - - 10 - = | x:balloon 46:balloon 10:balloon 16:balloon -:balloon -:balloon 10:balloon -:balloon =:balloon
EXPR: 0 | POS | INT | 22 | 72 | 30 | 10=((16-(46-10))+x) | 10 16 46 10 - - x + = | 10:balloon 16:balloon 46:balloon 10:balloon -:balloon -:balloon x:balloon +:balloon =:balloon
EXPR: 0 | POS | INT | 22 | 72 | 30 | (((10+x)+16)-46)=10 | 10 x + 16 + 46 - 10 = | 10:balloon x:balloon +:balloon 16:balloon +:balloon 46:balloon -:balloon 10:balloon =:balloon
EXPR: 0 | POS | INT | 22 | 72 |  | (10-((46+16)*x))=10 | 10 46 16 + x * - 10 = | 10:balloon 46:balloon 16:balloon +:balloon x:dollar *:balloon -:balloon 10:balloon =:balloon
EXPR: 0 | POS | INT | 22 | 72 | 50 | (10+((46+10)-x))=16 | 10 46 10 + x - + 16 = | 10:balloon 46:balloon 10:balloon +:balloon x:balloon -:balloon +:balloon 16:balloon =:balloon
EXPR: 0 | POS | INT | 22 | 72 | 0 | 10=(((46-16)*x)+10) | 10 46 16 - x * 10 + = | 10:balloon 46:balloon 16:balloon -:balloon x:dollar *:balloon 10:balloon +:balloon =:balloon
EXPR: 0 | POS | INT | 22 | 72 | 30 | ((10+16)-(46-x))=10 | 10 16 + 46 x - - 10 = | 10:balloon 16:balloon +:balloon 46:balloon x:balloon -:balloon -:balloon 10:balloon =:balloon
EXPR: 0 | POS | INT | 22 | 72 | 62 | ((10+16)+(46-x))=10 | 10 16 + 46 x - + 10 = | 10:balloon 16:balloon +:balloon 46:balloon x:balloon -:balloon +:balloon 10:balloon =:balloon
EXPR: 0 | POS | INT | 22 | 72 | 0 | 10=(((46+16)*x)+10) | 10 46 16 + x * 10 + = | 10:balloon 46:balloon 16:balloon +:balloon x:dollar *:balloon 10:balloon +:balloon =:balloon
EXPR: 0 | POS | INT | 22 | 72 | 42 | ((10+x)-(46-10))=16 | 10 x + 46 10 - - 16 = | 10:balloon x:balloon +:balloon 46:balloon 10:balloon -:balloon -:balloon 16:balloon =:balloon
EXPR: 0 | POS | INT | 25 | 72 | 466 | x=((16-10)+(46*10)) | x 16 10 - 46 10 * + = | x:balloon 16:balloon 10:balloon -:balloon 46:balloon 10:dollar *:balloon +:balloon =:balloon
EXPR: 0 | POS | INT | 25 | 72 | 376 | x=(16-((10-46)*10)) | x 16 10 46 - 10 * - = | x:balloon 16:balloon 10:balloon 46:balloon -:balloon 10:dollar *:balloon -:balloon =:balloon
EXPR: 0 | POS | INT | 25 | 72 | 130 | (((10*10)+46)-16)=x | 10 10 * 46 + 16 - x = | 10:balloon 10:dollar *:balloon 46:balloon +:balloon 16:balloon -:balloon x:balloon =:balloon
EXPR: 0 | POS | INT | 25 | 72 | 31 | (((10/10)+46)-16)=x | 10 10 / 46 + 16 - x = | 10:balloon 10:dollar /:balloon 46:balloon +:balloon 16:balloon -:balloon x:balloon =:balloon
EXPR: 0 | POS | INT | 25 | 72 | 576 | x=(16+((10+46)*10)) | x 16 10 46 + 10 * + = | x:balloon 16:balloon 10:balloon 46:balloon +:balloon 10:dollar *:balloon +:balloon =:balloon
EXPR: 0 | POS | INT | 27 | 72 | 434 | (((10+x)+16)/10)=46 | 10 x + 16 + 10 / 46 = | 10:balloon x:balloon +:balloon 16:balloon +:balloon 10:dollar /:balloon 46:balloon =:balloon
EXPR: 0 | POS | INT | 27 | 72 | 61 | ((x+(10/10))-46)=16 | x 10 10 / + 46 - 16 = | x:balloon 10:balloon 10:dollar /:balloon +:balloon 46:balloon -:balloon 16:balloon =:balloon
EXPR: 0 | POS | INT | 30 | 72 | 1056 | x=((10+(46+10))*16) | x 10 46 10 + + 16 * = | x:balloon 10:dollar 46:dollar 10:dollar +:dollar +:dollar 16:balloon *:balloon =:balloon
EXPR: 0 | POS | INT | 30 | 72 | 736 | (((10+46)-10)*16)=x | 10 46 + 10 - 16 * x = | 10:balloon 46:balloon +:balloon 10:balloon -:balloon 16:dollar *:balloon x:balloon =:balloon
EXPR: 0 | POS | INT | 30 | 72 | 454 | x=((10+(46*10))-16) | x 10 46 10 * + 16 - = | x:balloon 10:balloon 46:dollar 10:balloon *:balloon +:balloon 16:balloon -:balloon =:balloon
EXPR: 0 | POS | INT | 30 | 72 | 62 | x=((46+(10-10))+16) | x 46 10 10 - + 16 + = | x:balloon 46:balloon 10:balloon 10:balloon -:balloon +:balloon 16:balloon +:balloon =:balloon
EXPR: 0 | POS | INT | 30 | 72 | 720 | x=((46-(10/10))*16) | x 46 10 10 / - 16 * = | x:balloon 46:balloon 10:balloon 10:dollar /:balloon -:balloon 16:dollar *:balloon =:balloon
EXPR: 0 | POS | INT | 30 | 72 | 752 | x=((46+(10/10))*16) | x 46 10 10 / + 16 * = | x:balloon 46:balloon 10:balloon 10:dollar /:balloon +:balloon 16:dollar *:balloon =:balloon
EXPR: 0 | POS | INT | 30 | 72 | 46 | x=(46+((10-10)*16)) | x 46 10 10 - 16 * + = | x:balloon 46:balloon 10:dollar 10:dollar -:dollar 16:balloon *:balloon +:balloon =:balloon
EXPR: 0 | POS | INT | 30 | 72 | 586 | x=(10+((46-10)*16)) | x 10 46 10 - 16 * + = | x:balloon 10:balloon 46:balloon 10:balloon -:balloon 16:dollar *:balloon +:balloon =:balloon
EXPR: 0 | POS | INT | 30 | 72 | 906 | x=(10+((46+10)*16)) | x 10 46 10 + 16 * + = | x:balloon 10:balloon 46:balloon 10:balloon +:balloon 16:dollar *:balloon +:balloon =:balloon
EXPR: 0 | POS | INT | 30 | 72 | 736 | (46*((10+16)-10))=x | 46 10 16 + 10 - * x = | 46:balloon 10:dollar 16:dollar +:dollar 10:dollar -:dollar *:balloon x:balloon =:balloon
EXPR: 0 | POS | INT | 30 | 72 | 736 | x=((10+(46-10))*16) | x 10 46 10 - + 16 * = | x:balloon 10:balloon 46:balloon 10:balloon -:balloon +:balloon 16:dollar *:balloon =:balloon
EXPR: 0 | POS | INT | 30 | 72 | 2336 | x=((46+(10*10))*16) | x 46 10 10 * + 16 * = | x:balloon 46:balloon 10:balloon 10:dollar *:balloon +:balloon 16:dollar *:balloon =:balloon
EXPR: 0 | POS | INT | 30 | 72 | 30 | x=((46+(10-10))-16) | x 46 10 10 - + 16 - = | x:balloon 46:balloon 10:balloon 10:balloon -:balloon +:balloon 16:balloon -:balloon =:balloon
EXPR: 0 | POS | INT | 30 | 72 | 486 | x=(((10*46)+10)+16) | x 10 46 * 10 + 16 + = | x:balloon 10:balloon 46:dollar *:balloon 10:balloon +:balloon 16:balloon +:balloon =:balloon
EXPR: 0 | POS | INT | 30 | 72 | 30 | x=((46-(10-10))-16) | x 46 10 10 - - 16 - = | x:balloon 46:balloon 10:balloon 10:balloon -:balloon -:balloon 16:balloon -:balloon =:balloon
EXPR: 0 | POS | INT | 30 | 72 | 30 | ((46-(10-10))-16)=x | 46 10 10 - - 16 - x = | 46:balloon 10:balloon 10:balloon -:balloon -:balloon 16:balloon -:balloon x:balloon =:balloon
EXPR: 0 | POS | INT | 30 | 72 | 486 | x=((10+16)+(46*10)) | x 10 16 + 46 10 * + = | x:balloon 10:balloon 16:balloon +:balloon 46:dollar 10:balloon *:balloon +:balloon =:balloon
EXPR: 0 | POS | INT | 30 | 72 | 216 | x=(((10*16)+46)+10) | x 10 16 * 46 + 10 + = | x:balloon 10:dollar 16:balloon *:balloon 46:balloon +:balloon 10:balloon +:balloon =:balloon
EXPR: 0 | POS | INT | 30 | 72 | 736 | x=(((10+46)-10)*16) | x 10 46 + 10 - 16 * = | x:balloon 10:balloon 46:balloon +:balloon 10:balloon -:balloon 16:dollar *:balloon =:balloon
EXPR: 0 | POS | INT | 30 | 72 | 124 | x=(((10*16)-46)+10) | x 10 16 * 46 - 10 + = | x:balloon 10:balloon 16:dollar *:balloon 46:balloon -:balloon 10:balloon +:balloon =:balloon
EXPR: 0 | POS | INT | 30 | 72 | 104 | x=(((10*16)-46)-10) | x 10 16 * 46 - 10 - = | x:balloon 10:balloon 16:dollar *:balloon 46:balloon -:balloon 10:balloon -:balloon =:balloon
EXPR: 0 | POS | INT | 32 | 72 | 290 | 10=(((46-16)*10)-x) | 10 46 16 - 10 * x - = | 10:balloon 46:dollar 16:dollar -:dollar 10:balloon *:balloon x:balloon -:balloon =:balloon
EXPR: 0 | POS | INT | 32 | 72 | 466 | ((10-(16-x))/46)=10 | 10 16 x - - 46 / 10 = | 10:balloon 16:balloon x:balloon -:balloon -:balloon 46:dollar /:balloon 10:balloon =:balloon
EXPR: 0 | POS | INT | 32 | 72 | 42 | ((x-(46-10))+10)=16 | x 46 10 - - 10 + 16 = | x:balloon 46:balloon 10:balloon -:balloon -:balloon 10:balloon +:balloon 16:balloon =:balloon
EXPR: 0 | POS | INT | 35 | 72 | 70 | x=((16-46)+(10*10)) | x 16 46 - 10 10 * + = | x:balloon 16:balloon 46:balloon -:balloon 10:balloon 10:dollar *:balloon +:balloon =:balloon
EXPR: 0 | POS | INT | 35 | 72 | 70 | (((10*10)+16)-46)=x | 10 10 * 16 + 46 - x = | 10:balloon 10:dollar *:balloon 16:balloon +:balloon 46:balloon -:balloon x:balloon =:balloon
EXPR: 0 | POS | INT | 35 | 72 | 16 | x=(((10-10)*46)+16) | x 10 10 - 46 * 16 + = | x:balloon 10:dollar 10:dollar -:dollar 46:balloon *:balloon 16:balloon +:balloon =:balloon
EXPR: 0 | POS | INT | 35 | 72 | 904 | x=(((10+10)*46)-16) | x 10 10 + 46 * 16 - = | x:balloon 10:dollar 10:dollar +:dollar 46:balloon *:balloon 16:balloon -:balloon =:balloon
EXPR: 0 | POS | INT | 35 | 72 | 936 | x=(((10+10)*46)+16) | x 10 10 + 46 * 16 + = | x:balloon 10:dollar 10:dollar +:dollar 46:balloon *:balloon 16:balloon +:balloon =:balloon
EXPR: 0 | POS | INT | 35 | 72 | 7260 | x=(((46*16)-10)*10) | x 46 16 * 10 - 10 * = | x:balloon 46:dollar 16:balloon *:balloon 10:balloon -:balloon 10:dollar *:balloon =:balloon
EXPR: 0 | POS | INT | 35 | 72 | 0 | ((46+16)*(10-10))=x | 46 16 + 10 10 - * x = | 46:balloon 16:balloon +:balloon 10:dollar 10:dollar -:dollar *:balloon x:balloon =:balloon
EXPR: 0 | POS | INT | 35 | 72 | zoo | ((46+16)/(10-10))=x | 46 16 + 10 10 - / x = | 46:balloon 16:balloon +:balloon 10:dollar 10:dollar -:dollar /:balloon x:balloon =:balloon
EXPR: 0 | POS | INT | 35 | 72 | 61 | x=(16+(46-(10/10))) | x 16 46 10 10 / - + = | x:balloon 16:balloon 46:balloon 10:balloon 10:dollar /:balloon -:balloon +:balloon =:balloon
EXPR: 0 | POS | INT | 35 | 72 | 737 | ((10/10)+(46*16))=x | 10 10 / 46 16 * + x = | 10:balloon 10:dollar /:balloon 46:dollar 16:balloon *:balloon +:balloon x:balloon =:balloon
EXPR: 0 | POS | INT | 35 | 72 | 50 | ((10+10)+(46-16))=x | 10 10 + 46 16 - + x = | 10:balloon 10:balloon +:balloon 46:balloon 16:balloon -:balloon +:balloon x:balloon =:balloon
EXPR: 0 | POS | INT | 35 | 72 | 376 | x=(16+((46-10)*10)) | x 16 46 10 - 10 * + = | x:balloon 16:balloon 46:balloon 10:balloon -:balloon 10:dollar *:balloon +:balloon =:balloon
EXPR: 0 | POS | INT | 35 | 72 | 7200 | x=(16*((10*46)-10)) | x 16 10 46 * 10 - * = | x:balloon 16:balloon 10:balloon 46:dollar *:dollar 10:dollar -:dollar *:balloon =:balloon
EXPR: 0 | POS | INT | 35 | 72 | 7520 | x=(16*((10*46)+10)) | x 16 10 46 * 10 + * = | x:balloon 16:balloon 10:balloon 46:dollar *:dollar 10:dollar +:dollar *:balloon =:balloon
EXPR: 0 | POS | INT | 37 | 72 | 70 | (((10*10)-x)+16)=46 | 10 10 * x - 16 + 46 = | 10:balloon 10:dollar *:balloon x:balloon -:balloon 16:balloon +:balloon 46:balloon =:balloon
EXPR: 0 | POS | INT | 37 | 72 | 82 | (x-(10+(16+10)))=46 | x 10 16 10 + + - 46 = | x:balloon 10:balloon 16:balloon 10:balloon +:balloon +:balloon -:balloon 46:balloon =:balloon
EXPR: 0 | POS | INT | 40 | 72 | 454 | (((46*10)+10)-16)=x | 46 10 * 10 + 16 - x = | 46:balloon 10:dollar *:balloon 10:balloon +:balloon 16:balloon -:balloon x:balloon =:balloon
EXPR: 0 | POS | INT | 40 | 72 | 566 | x=(((46-10)*16)-10) | x 46 10 - 16 * 10 - = | x:balloon 46:dollar 10:dollar -:dollar 16:balloon *:balloon 10:balloon -:balloon =:balloon
EXPR: 0 | POS | INT | 40 | 72 | 736 | x=((46+(10-10))*16) | x 46 10 10 - + 16 * = | x:balloon 46:balloon 10:balloon 10:balloon -:balloon +:balloon 16:dollar *:balloon =:balloon
EXPR: 0 | POS | INT | 40 | 72 | 366 | x=(46+((10+10)*16)) | x 46 10 10 + 16 * + = | x:balloon 46:balloon 10:balloon 10:balloon +:balloon 16:dollar *:balloon +:balloon =:balloon
EXPR: 0 | POS | INT | 40 | 72 | 1056 | x=((46+(10+10))*16) | x 46 10 10 + + 16 * = | x:balloon 46:dollar 10:dollar 10:dollar +:dollar +:dollar 16:balloon *:balloon =:balloon
EXPR: 0 | POS | INT | 40 | 72 | 416 | x=(((46-10)-10)*16) | x 46 10 - 10 - 16 * = | x:balloon 46:balloon 10:balloon -:balloon 10:balloon -:balloon 16:dollar *:balloon =:balloon
EXPR: 0 | POS | INT | 42 | 72 | 30 | (46-x)=(10-(10-16)) | 46 x - 10 10 16 - - = | 46:balloon x:balloon -:balloon 10:balloon 10:balloon 16:balloon -:balloon -:balloon =:balloon
EXPR: 0 | POS | INT | 42 | 72 | - | (10+(16/(46-x)))=10 | 10 16 46 x - / + 10 = | 10:balloon 16:balloon 46:dollar x:dollar -:dollar /:balloon +:balloon 10:balloon =:balloon
EXPR: 0 | POS | INT | 42 | 72 |  | (10-((16-46)*x))=10 | 10 16 46 - x * - 10 = | 10:balloon 16:dollar 46:dollar -:dollar x:balloon *:balloon -:balloon 10:balloon =:balloon
EXPR: 0 | POS | INT | 42 | 72 |  | (10+((16-46)*x))=10 | 10 16 46 - x * + 10 = | 10:balloon 16:dollar 46:dollar -:dollar x:balloon *:balloon +:balloon 10:balloon =:balloon
EXPR: 0 | POS | INT | 42 | 72 | 2 | (10+16)=(46-(10*x)) | 10 16 + 46 10 x * - = | 10:balloon 16:balloon +:balloon 46:balloon 10:balloon x:dollar *:balloon -:balloon =:balloon
EXPR: 0 | POS | INT | 42 | 72 | 466 | (10+x)=(16+(46*10)) | 10 x + 16 46 10 * + = | 10:balloon x:balloon +:balloon 16:balloon 46:dollar 10:balloon *:balloon +:balloon =:balloon
EXPR: 0 | POS | INT | 45 | 72 | 7200 | (16*((10*46)-10))=x | 16 10 46 * 10 - * x = | 16:balloon 10:dollar 46:balloon *:dollar 10:dollar -:dollar *:dollar x:dollar =:dollar
EXPR: 0 | POS | INT | 45 | 72 | 274 | x=(((10+10)*16)-46) | x 10 10 + 16 * 46 - = | x:balloon 10:dollar 10:dollar +:dollar 16:balloon *:balloon 46:balloon -:balloon =:balloon
EXPR: 0 | POS | INT | 45 | 72 | 184 | x=((10-(16-10))*46) | x 10 16 10 - - 46 * = | x:balloon 10:dollar 16:dollar 10:dollar -:dollar -:dollar 46:balloon *:balloon =:balloon
EXPR: 0 | POS | INT | 45 | 72 | 736 | (((10+16)-10)*46)=x | 10 16 + 10 - 46 * x = | 10:balloon 16:balloon +:balloon 10:balloon -:balloon 46:dollar *:balloon x:balloon =:balloon
EXPR: 0 | POS | INT | 45 | 72 | 736 | ((10-10)+(46*16))=x | 10 10 - 46 16 * + x = | 10:balloon 10:balloon -:balloon 46:balloon 16:dollar *:balloon +:balloon x:balloon =:balloon
EXPR: 0 | POS | INT | 45 | 72 | 46 | x=(46-(16*(10-10))) | x 46 16 10 10 - * - = | x:balloon 46:balloon 16:dollar 10:balloon 10:balloon -:balloon *:balloon -:balloon =:balloon
EXPR: 0 | POS | INT | 47 | 72 | 62 | ((46+16)+10)=(x+10) | 46 16 + 10 + x 10 + = | 46:balloon 16:balloon +:balloon 10:balloon +:balloon x:balloon 10:balloon +:balloon =:balloon
EXPR: 0 | POS | INT | 47 | 72 | 124 | ((46+x)-(16*10))=10 | 46 x + 16 10 * - 10 = | 46:balloon x:balloon +:balloon 16:balloon 10:dollar *:balloon -:balloon 10:balloon =:balloon
EXPR: 0 | POS | INT | 47 | 72 | 184 | (x/(10-(16-10)))=46 | x 10 16 10 - - / 46 = | x:balloon 10:dollar 16:dollar 10:dollar -:dollar -:dollar /:balloon 46:balloon =:balloon
EXPR: 0 | POS | INT | 47 | 72 | 4 | 16=((10+46)-(x*10)) | 16 10 46 + x 10 * - = | 16:balloon 10:balloon 46:balloon +:balloon x:dollar 10:balloon *:balloon -:balloon =:balloon
EXPR: 0 | POS | INT | 47 | 72 | 61 | (((46+16)-x)*10)=10 | 46 16 + x - 10 * 10 = | 46:balloon 16:balloon +:balloon x:balloon -:balloon 10:dollar *:balloon 10:balloon =:balloon
EXPR: 0 | POS | INT | 50 | 72 | 30 | (((46-10)+10)-16)=x | 46 10 - 10 + 16 - x = | 46:balloon 10:balloon -:balloon 10:balloon +:balloon 16:balloon -:balloon x:balloon =:balloon
EXPR: 0 | POS | INT | 50 | 72 | 50 | (((46+10)+10)-16)=x | 46 10 + 10 + 16 - x = | 46:balloon 10:balloon +:balloon 10:balloon +:balloon 16:balloon -:balloon x:balloon =:balloon
EXPR: 0 | POS | INT | 50 | 72 | 82 | (((46+10)+10)+16)=x | 46 10 + 10 + 16 + x = | 46:balloon 10:balloon +:balloon 10:balloon +:balloon 16:balloon +:balloon x:balloon =:balloon
EXPR: 0 | POS | INT | 50 | 72 | 690 | x=((16-(10/10))*46) | x 16 10 10 / - 46 * = | x:balloon 16:balloon 10:balloon 10:dollar /:balloon -:balloon 46:dollar *:balloon =:balloon
EXPR: 0 | POS | INT | 50 | 72 | 782 | (46*((10/10)+16))=x | 46 10 10 / 16 + * x = | 46:balloon 10:dollar 10:balloon /:dollar 16:dollar +:dollar *:balloon x:balloon =:balloon
EXPR: 0 | POS | INT | 50 | 72 | 782 | x=(46*((10/10)+16)) | x 46 10 10 / 16 + * = | x:balloon 46:balloon 10:dollar 10:balloon /:dollar 16:dollar +:dollar *:balloon =:balloon
EXPR: 0 | POS | INT | 52 | 72 | 936 | ((x/(46-10))-10)=16 | x 46 10 - / 10 - 16 = | x:balloon 46:dollar 10:dollar -:dollar /:balloon 10:balloon -:balloon 16:balloon =:balloon
EXPR: 0 | POS | INT | 52 | 72 | 216 | ((x/(46-10))+10)=16 | x 46 10 - / 10 + 16 = | x:balloon 46:dollar 10:dollar -:dollar /:balloon 10:balloon +:balloon 16:balloon =:balloon
EXPR: 0 | POS | INT | 55 | 72 | 30 | x=((10-10)+(46-16)) | x 10 10 - 46 16 - + = | x:balloon 10:balloon 10:balloon -:balloon 46:balloon 16:balloon -:balloon +:balloon =:balloon
EXPR: 0 | POS | INT | 55 | 72 | 736 | (((10-10)+46)*16)=x | 10 10 - 46 + 16 * x = | 10:balloon 10:balloon -:balloon 46:balloon +:balloon 16:dollar *:dollar x:dollar =:dollar
EXPR: 0 | POS | INT | 57 | 72 | 82 | (x-(46+(16+10)))=10 | x 46 16 10 + + - 10 = | x:balloon 46:balloon 16:balloon 10:balloon +:balloon +:balloon -:balloon 10:balloon =:balloon
EXPR: 0 | POS | INT | 57 | 72 | 10 | (46-(16+(10+x)))=10 | 46 16 10 x + + - 10 = | 46:balloon 16:balloon 10:balloon x:balloon +:balloon +:balloon -:balloon 10:balloon =:balloon
EXPR: 0 | POS | INT | 57 | 72 | 2 | ((x*10)+(10+16))=46 | x 10 * 10 16 + + 46 = | x:balloon 10:dollar *:balloon 10:balloon 16:balloon +:balloon +:balloon 46:balloon =:balloon
EXPR: 0 | POS | INT | 57 | 72 | 4 | (((10*x)+16)-10)=46 | 10 x * 16 + 10 - 46 = | 10:balloon x:dollar *:dollar 16:dollar +:dollar 10:dollar -:dollar 46:dollar =:dollar
EXPR: 0 | POS | INT | 57 | 72 | 70 | (46+x)=(16+(10*10)) | 46 x + 16 10 10 * + = | 46:balloon x:balloon +:balloon 16:balloon 10:dollar 10:balloon *:balloon +:balloon =:balloon
EXPR: 0 | POS | INT | 57 | 72 | 62 | 10=(((10-46)-16)+x) | 10 10 46 - 16 - x + = | 10:balloon 10:balloon 46:balloon -:balloon 16:balloon -:balloon x:balloon +:balloon =:balloon
EXPR: 0 | POS | INT | 57 | 72 | 62 | 10=(((10+46)+16)-x) | 10 10 46 + 16 + x - = | 10:balloon 10:balloon 46:balloon +:balloon 16:balloon +:balloon x:balloon -:balloon =:balloon
EXPR: 0 | POS | INT | 57 | 72 | 416 | (10+10)=(46-(x/16)) | 10 10 + 46 x 16 / - = | 10:balloon 10:balloon +:balloon 46:balloon x:balloon 16:dollar /:balloon -:balloon =:balloon
EXPR: 0 | POS | INT | 57 | 72 | 6 | (46-((16-10)*x))=10 | 46 16 10 - x * - 10 = | 46:balloon 16:dollar 10:dollar -:dollar x:balloon *:balloon -:balloon 10:balloon =:balloon
EXPR: 0 | POS | INT | 57 | 72 | 6 | 46=(((16-10)*x)+10) | 46 16 10 - x * 10 + = | 46:balloon 16:dollar 10:dollar -:dollar x:balloon *:balloon 10:balloon +:balloon =:balloon
EXPR: 0 | POS | INT | 57 | 72 | 30 | ((x-(46-16))+10)=10 | x 46 16 - - 10 + 10 = | x:balloon 46:balloon 16:balloon -:balloon -:balloon 10:balloon +:balloon 10:balloon =:balloon
EXPR: 0 | POS | INT | 60 | 72 | 46 | x=(46+((10-10)/16)) | x 46 10 10 - 16 / + = | x:balloon 46:balloon 10:balloon 10:balloon -:balloon 16:dollar /:balloon +:balloon =:balloon
EXPR: 0 | POS | INT | 60 | 72 | 3864 | (46*((10*10)-16))=x | 46 10 10 * 16 - * x = | 46:balloon 10:dollar 10:balloon *:dollar 16:dollar -:dollar *:dollar x:dollar =:dollar
EXPR: 0 | POS | INT | 62 | 72 | - | ((16+x)*(10-10))=46 | 16 x + 10 10 - * 46 = | 16:balloon x:balloon +:balloon 10:dollar 10:dollar -:dollar *:dollar 46:dollar =:dollar
EXPR: 0 | POS | INT | 65 | 72 | 720 | x=((46+(16+10))*10) | x 46 16 10 + + 10 * = | x:balloon 46:dollar 16:dollar 10:dollar +:dollar +:dollar 10:balloon *:balloon =:balloon
EXPR: 0 | POS | INT | 65 | 72 | 50 | ((46+10)-(16-10))=x | 46 10 + 16 10 - - x = | 46:balloon 10:balloon +:balloon 16:balloon 10:balloon -:balloon -:balloon x:balloon =:balloon
EXPR: 0 | POS | INT | 65 | 72 | 31 | x=(46-(16-(10/10))) | x 46 16 10 10 / - - = | x:balloon 46:balloon 16:balloon 10:balloon 10:dollar /:balloon -:balloon -:balloon =:balloon
EXPR: 0 | POS | INT | 65 | 72 | 29 | x=(46-(16+(10/10))) | x 46 16 10 10 / + - = | x:balloon 46:balloon 16:balloon 10:balloon 10:dollar /:balloon +:balloon -:balloon =:balloon
EXPR: 0 | POS | INT | 65 | 72 | 7820 | ((10+(16*10))*46)=x | 10 16 10 * + 46 * x = | 10:balloon 16:dollar 10:balloon *:balloon +:balloon 46:dollar *:dollar x:dollar =:dollar
EXPR: 0 | POS | INT | 65 | 72 | 62 | ((46+10)+(16-10))=x | 46 10 + 16 10 - + x = | 46:balloon 10:balloon +:balloon 16:balloon 10:balloon -:balloon +:balloon x:balloon =:balloon
EXPR: 0 | POS | INT | 65 | 72 | 106 | (46+((16-10)*10))=x | 46 16 10 - 10 * + x = | 46:balloon 16:balloon 10:balloon -:balloon 10:dollar *:balloon +:balloon x:balloon =:balloon
EXPR: 0 | POS | INT | 67 | 72 | 1656 | (((x/46)-16)-10)=10 | x 46 / 16 - 10 - 10 = | x:balloon 46:dollar /:balloon 16:balloon -:balloon 10:balloon -:balloon 10:balloon =:balloon
EXPR: 0 | POS | INT | 67 | 72 | 61 | (((16-x)+46)*10)=10 | 16 x - 46 + 10 * 10 = | 16:balloon x:balloon -:balloon 46:balloon +:balloon 10:dollar *:dollar 10:dollar =:dollar
EXPR: 0 | POS | INT | 67 | 72 | 466 | ((10+x)-(10*46))=16 | 10 x + 10 46 * - 16 = | 10:balloon x:balloon +:balloon 10:balloon 46:dollar *:balloon -:balloon 16:balloon =:balloon
EXPR: 0 | POS | INT | 67 | 72 | 4 | 10=((10+(46-16))/x) | 10 10 46 16 - + x / = | 10:balloon 10:balloon 46:balloon 16:balloon -:balloon +:balloon x:dollar /:balloon =:balloon
EXPR: 0 | POS | INT | 67 | 72 | 400 | (x/(46-(16-10)))=10 | x 46 16 10 - - / 10 = | x:balloon 46:dollar 16:dollar 10:dollar -:dollar -:dollar /:balloon 10:balloon =:balloon
EXPR: 0 | POS | INT | 67 | 72 | 736 | 10=((10+(46*16))-x) | 10 10 46 16 * + x - = | 10:balloon 10:balloon 46:dollar 16:balloon *:balloon +:balloon x:balloon -:balloon =:balloon
EXPR: 0 | POS | INT | 67 | 72 | 434 | 10=((10*46)-(16+x)) | 10 10 46 * 16 x + - = | 10:balloon 10:dollar 46:balloon *:balloon 16:balloon x:balloon +:balloon -:balloon =:balloon
EXPR: 0 | POS | INT | 67 | 72 | 46 | (10-10)=(16*(46-x)) | 10 10 - 16 46 x - * = | 10:balloon 10:balloon -:balloon 16:dollar 46:balloon x:balloon -:balloon *:balloon =:balloon
EXPR: 0 | POS | INT | 67 | 72 | 466 | 10=(((10*46)+16)-x) | 10 10 46 * 16 + x - = | 10:balloon 10:dollar 46:balloon *:balloon 16:balloon +:balloon x:balloon -:balloon =:balloon
EXPR: 0 | POS | INT | 67 | 72 | 454 | ((10-x)+(10*46))=16 | 10 x - 10 46 * + 16 = | 10:balloon x:balloon -:balloon 10:balloon 46:dollar *:balloon +:balloon 16:balloon =:balloon
EXPR: 0 | POS | INT | 67 | 72 | 196 | (46+((16*10)-x))=10 | 46 16 10 * x - + 10 = | 46:balloon 16:dollar 10:balloon *:balloon x:balloon -:balloon +:balloon 10:balloon =:balloon
EXPR: 0 | POS | INT | 67 | 72 | 30 | 10=((10-(16-46))-x) | 10 10 16 46 - - x - = | 10:balloon 10:balloon 16:balloon 46:balloon -:balloon -:balloon x:balloon -:balloon =:balloon
EXPR: 0 | POS | INT | 70 | 72 | 306 | x=(46+(10*(10+16))) | x 46 10 10 16 + * + = | x:balloon 46:balloon 10:balloon 10:dollar 16:dollar +:dollar *:balloon +:balloon =:balloon
EXPR: 0 | POS | INT | 70 | 72 | 1056 | (((46+10)+10)*16)=x | 46 10 + 10 + 16 * x = | 46:balloon 10:balloon +:balloon 10:balloon +:balloon 16:dollar *:dollar x:dollar =:dollar
EXPR: 0 | POS | INT | 77 | 72 | - | (46/x)=(16*(10-10)) | 46 x / 16 10 10 - * = | 46:balloon x:dollar /:balloon 16:balloon 10:dollar 10:dollar -:dollar *:balloon =:balloon
EXPR: 0 | POS | INT | 77 | 72 | 4 | 10=((46+(10-16))/x) | 10 46 10 16 - + x / = | 10:balloon 46:balloon 10:balloon 16:balloon -:balloon +:balloon x:dollar /:balloon =:balloon
EXPR: 0 | POS | INT | 77 | 72 | 10 | (46-10)=(16+(10+x)) | 46 10 - 16 10 x + + = | 46:balloon 10:balloon -:balloon 16:balloon 10:balloon x:balloon +:balloon +:balloon =:balloon
EXPR: 0 | POS | INT | 77 | 72 | 196 | 10=((46+(10*16))-x) | 10 46 10 16 * + x - = | 10:balloon 46:balloon 10:dollar 16:balloon *:balloon +:balloon x:balloon -:balloon =:balloon
EXPR: 0 | POS | INT | 77 | 72 | 520 | (x/(46-(10-16)))=10 | x 46 10 16 - - / 10 = | x:balloon 46:dollar 10:dollar 16:dollar -:dollar -:dollar /:balloon 10:balloon =:balloon
EXPR: 0 | POS | INT | 77 | 72 | 454 | (10+(10*46))=(x+16) | 10 10 46 * + x 16 + = | 10:balloon 10:dollar 46:balloon *:balloon +:balloon x:balloon 16:balloon +:balloon =:balloon
EXPR: 0 | POS | INT | 77 | 72 | 196 | 10=(((10*16)+46)-x) | 10 10 16 * 46 + x - = | 10:balloon 10:dollar 16:balloon *:balloon 46:balloon +:balloon x:balloon -:balloon =:balloon
EXPR: 0 | POS | INT | 77 | 72 | 196 | 10=(46+((10*16)-x)) | 10 46 10 16 * x - + = | 10:balloon 46:balloon 10:dollar 16:balloon *:balloon x:balloon -:balloon +:balloon =:balloon
EXPR: 0 | POS | INT | 77 | 72 | 520 | (x/((46-10)+16))=10 | x 46 10 - 16 + / 10 = | x:balloon 46:dollar 10:dollar -:dollar 16:dollar +:dollar /:balloon 10:balloon =:balloon
EXPR: 0 | POS | INT | 77 | 72 | 200 | (x/((46-10)-16))=10 | x 46 10 - 16 - / 10 = | x:balloon 46:dollar 10:dollar -:dollar 16:dollar -:dollar /:balloon 10:balloon =:balloon
EXPR: 0 | POS | INT | 77 | 72 | 104 | 10=(((10*16)-46)-x) | 10 10 16 * 46 - x - = | 10:balloon 10:balloon 16:dollar *:balloon 46:balloon -:balloon x:balloon -:balloon =:balloon
EXPR: 0 | POS | INT | 77 | 72 | 1186 | 10=(((10+16)*46)-x) | 10 10 16 + 46 * x - = | 10:balloon 10:balloon 16:balloon +:balloon 46:dollar *:balloon x:balloon -:balloon =:balloon
EXPR: 0 | POS | INT | 77 | 72 | 300 | 10=(((10*46)-x)/16) | 10 10 46 * x - 16 / = | 10:balloon 10:dollar 46:balloon *:balloon x:balloon -:balloon 16:dollar /:balloon =:balloon
EXPR: 0 | POS | INT | 80 | 72 | 486 | ((16+10)+(10*46))=x | 16 10 + 10 46 * + x = | 16:balloon 10:balloon +:balloon 10:balloon 46:dollar *:balloon +:balloon x:balloon =:balloon
EXPR: 0 | POS | INT | 80 | 72 | 62 | ((16+10)+(46-10))=x | 16 10 + 46 10 - + x = | 16:balloon 10:balloon +:balloon 46:balloon 10:balloon -:balloon +:balloon x:balloon =:balloon
NET 217 unique, non-negative, integer-valued solutions found out of 1000 total solutions
