parameters: n=9 l=4 k=1 p=5 q=1 m=10
TOTAL 1000 solutions found
SOLN: CORRECT | POS/NEG | INT/FRA | OBJ-SCORE | TRUE-ANS | ANS | INFIX | POSTFIX | TYPED-POSTFIX
EXPR: 0 | POS | INT | 0 | 100 | 131 | (((45+23)+32)+31)=x | 45 23 + 32 + 31 + x = | 45:seashell 23:seashell +:seashell 32:seashell +:seashell 31:seashell +:seashell x:seashell =:seashell
EXPR: 0 | POS | INT | 0 | 100 | 85 | (45-(23-(32+31)))=x | 45 23 32 31 + - - x = | 45:seashell 23:seashell 32:seashell 31:seashell +:seashell -:seashell -:seashell x:seashell =:seashell
EXPR: 0 | POS | INT | 0 | 100 | 67 | x=(45+(23-(32-31))) | x 45 23 32 31 - - + = | x:seashell 45:seashell 23:seashell 32:seashell 31:seashell -:seashell -:seashell +:seashell =:seashell
EXPR: 0 | POS | INT | 0 | 100 | 5 | (45+(23-(32+31)))=x | 45 23 32 31 + - + x = | 45:seashell 23:seashell 32:seashell 31:seashell +:seashell -:seashell +:seashell x:seashell =:seashell
EXPR: 0 | POS | INT | 0 | 100 | 5 | x=(((45+23)-32)-31) | x 45 23 + 32 - 31 - = | x:seashell 45:seashell 23:seashell +:seashell 32:seashell -:seashell 31:seashell -:seashell =:seashell
EXPR: 0 | POS | INT | 0 | 100 | 69 | x=(((45+23)+32)-31) | x 45 23 + 32 + 31 - = | x:seashell 45:seashell 23:seashell +:seashell 32:seashell +:seashell 31:seashell -:seashell =:seashell
EXPR: 0 | POS | INT | 0 | 100 | 69 | x=(45+(23+(32-31))) | x 45 23 32 31 - + + = | x:seashell 45:seashell 23:seashell 32:seashell 31:seashell -:seashell +:seashell +:seashell =:seashell
EXPR: 0 | POS | INT | 0 | 100 | 21 | (45-(23+(32-31)))=x | 45 23 32 31 - + - x = | 45:seashell 23:seashell 32:seashell 31:seashell -:seashell +:seashell -:seashell x:seashell =:seashell
EXPR: 0 | POS | INT | 0 | 100 | 5 | x=((45+(23-32))-31) | x 45 23 32 - + 31 - = | x:seashell 45:seashell 23:seashell 32:seashell -:seashell +:seashell 31:seashell -:seashell =:seashell
EXPR: 0 | POS | INT | 0 | 100 | 23 | (45-(23-(32-31)))=x | 45 23 32 31 - - - x = | 45:seashell 23:seashell 32:seashell 31:seashell -:seashell -:seashell -:seashell x:seashell =:seashell
EXPR: 0 | POS | INT | 0 | 100 | 131 | (45+(23+(32+31)))=x | 45 23 32 31 + + + x = | 45:seashell 23:seashell 32:seashell 31:seashell +:seashell +:seashell +:seashell x:seashell =:seashell
EXPR: 0 | POS | INT | 0 | 100 | 69 | x=((45+(23+32))-31) | x 45 23 32 + + 31 - = | x:seashell 45:seashell 23:seashell 32:seashell +:seashell +:seashell 31:seashell -:seashell =:seashell
EXPR: 0 | POS | INT | 0 | 100 | 21 | x=(45-((23+32)-31)) | x 45 23 32 + 31 - - = | x:seashell 45:seashell 23:seashell 32:seashell +:seashell 31:seashell -:seashell -:seashell =:seashell
EXPR: 0 | POS | INT | 0 | 100 | 131 | x=(45+(23+(32+31))) | x 45 23 32 31 + + + = | x:seashell 45:seashell 23:seashell 32:seashell 31:seashell +:seashell +:seashell +:seashell =:seashell
EXPR: 0 | POS | INT | 0 | 100 | 21 | (45-((23+32)-31))=x | 45 23 32 + 31 - - x = | 45:seashell 23:seashell 32:seashell +:seashell 31:seashell -:seashell -:seashell x:seashell =:seashell
EXPR: 0 | POS | INT | 0 | 100 | 5 | (((45+23)-32)-31)=x | 45 23 + 32 - 31 - x = | 45:seashell 23:seashell +:seashell 32:seashell -:seashell 31:seashell -:seashell x:seashell =:seashell
EXPR: 0 | POS | INT | 0 | 100 | 69 | x=(45+((23+32)-31)) | x 45 23 32 + 31 - + = | x:seashell 45:seashell 23:seashell 32:seashell +:seashell 31:seashell -:seashell +:seashell =:seashell
EXPR: 0 | POS | INT | 0 | 100 | 23 | x=(((45-23)+32)-31) | x 45 23 - 32 + 31 - = | x:seashell 45:seashell 23:seashell -:seashell 32:seashell +:seashell 31:seashell -:seashell =:seashell
EXPR: 0 | POS | INT | 0 | 100 | 67 | (45+((23-32)+31))=x | 45 23 32 - 31 + + x = | 45:seashell 23:seashell 32:seashell -:seashell 31:seashell +:seashell +:seashell x:seashell =:seashell
EXPR: 0 | POS | INT | 0 | 100 | 85 | x=(45-(23-(32+31))) | x 45 23 32 31 + - - = | x:seashell 45:seashell 23:seashell 32:seashell 31:seashell +:seashell -:seashell -:seashell =:seashell
EXPR: 0 | POS | INT | 0 | 100 | 85 | x=((45-(23-32))+31) | x 45 23 32 - - 31 + = | x:seashell 45:seashell 23:seashell 32:seashell -:seashell -:seashell 31:seashell +:seashell =:seashell
EXPR: 0 | POS | INT | 0 | 100 | 69 | (45+((23+32)-31))=x | 45 23 32 + 31 - + x = | 45:seashell 23:seashell 32:seashell +:seashell 31:seashell -:seashell +:seashell x:seashell =:seashell
EXPR: 0 | POS | INT | 0 | 100 | 23 | (((45-23)+32)-31)=x | 45 23 - 32 + 31 - x = | 45:seashell 23:seashell -:seashell 32:seashell +:seashell 31:seashell -:seashell x:seashell =:seashell
EXPR: 0 | POS | INT | 0 | 100 | 67 | x=((45+(23-32))+31) | x 45 23 32 - + 31 + = | x:seashell 45:seashell 23:seashell 32:seashell -:seashell +:seashell 31:seashell +:seashell =:seashell
EXPR: 0 | POS | INT | 0 | 100 | 85 | (45-((23-32)-31))=x | 45 23 32 - 31 - - x = | 45:seashell 23:seashell 32:seashell -:seashell 31:seashell -:seashell -:seashell x:seashell =:seashell
EXPR: 0 | POS | INT | 0 | 100 | 21 | x=(((45-23)-32)+31) | x 45 23 - 32 - 31 + = | x:seashell 45:seashell 23:seashell -:seashell 32:seashell -:seashell 31:seashell +:seashell =:seashell
EXPR: 0 | POS | INT | 0 | 100 | 131 | x=(((45+23)+32)+31) | x 45 23 + 32 + 31 + = | x:seashell 45:seashell 23:seashell +:seashell 32:seashell +:seashell 31:seashell +:seashell =:seashell
EXPR: 0 | POS | INT | 0 | 100 | 67 | ((45+(23-32))+31)=x | 45 23 32 - + 31 + x = | 45:seashell 23:seashell 32:seashell -:seashell +:seashell 31:seashell +:seashell x:seashell =:seashell
EXPR: 0 | POS | INT | 0 | 100 | 131 | (45+((23+32)+31))=x | 45 23 32 + 31 + + x = | 45:seashell 23:seashell 32:seashell +:seashell 31:seashell +:seashell +:seashell x:seashell =:seashell
EXPR: 0 | POS | INT | 0 | 100 | 5 | x=((45+23)-(32+31)) | x 45 23 + 32 31 + - = | x:seashell 45:seashell 23:seashell +:seashell 32:seashell 31:seashell +:seashell -:seashell =:seashell
EXPR: 0 | POS | INT | 0 | 100 | 85 | (((45-23)+32)+31)=x | 45 23 - 32 + 31 + x = | 45:seashell 23:seashell -:seashell 32:seashell +:seashell 31:seashell +:seashell x:seashell =:seashell
EXPR: 0 | POS | INT | 0 | 100 | 5 | x=(45+(23-(32+31))) | x 45 23 32 31 + - + = | x:seashell 45:seashell 23:seashell 32:seashell 31:seashell +:seashell -:seashell +:seashell =:seashell
EXPR: 0 | POS | INT | 0 | 100 | 21 | x=(45-(23+(32-31))) | x 45 23 32 31 - + - = | x:seashell 45:seashell 23:seashell 32:seashell 31:seashell -:seashell +:seashell -:seashell =:seashell
EXPR: 0 | POS | INT | 0 | 100 | 131 | x=((45+(23+32))+31) | x 45 23 32 + + 31 + = | x:seashell 45:seashell 23:seashell 32:seashell +:seashell +:seashell 31:seashell +:seashell =:seashell
EXPR: 0 | POS | INT | 0 | 100 | 23 | x=((45-(23-32))-31) | x 45 23 32 - - 31 - = | x:seashell 45:seashell 23:seashell 32:seashell -:seashell -:seashell 31:seashell -:seashell =:seashell
EXPR: 0 | POS | INT | 0 | 100 | 5 | (45+((23-32)-31))=x | 45 23 32 - 31 - + x = | 45:seashell 23:seashell 32:seashell -:seashell 31:seashell -:seashell +:seashell x:seashell =:seashell
EXPR: 0 | POS | INT | 0 | 100 | 5 | ((45+23)-(32+31))=x | 45 23 + 32 31 + - x = | 45:seashell 23:seashell +:seashell 32:seashell 31:seashell +:seashell -:seashell x:seashell =:seashell
EXPR: 0 | POS | INT | 0 | 100 | 69 | ((45+(23+32))-31)=x | 45 23 32 + + 31 - x = | 45:seashell 23:seashell 32:seashell +:seashell +:seashell 31:seashell -:seashell x:seashell =:seashell
EXPR: 0 | POS | INT | 0 | 100 | 85 | x=(((45-23)+32)+31) | x 45 23 - 32 + 31 + = | x:seashell 45:seashell 23:seashell -:seashell 32:seashell +:seashell 31:seashell +:seashell =:seashell
EXPR: 0 | POS | INT | 0 | 100 | 23 | x=(45-(23-(32-31))) | x 45 23 32 31 - - - = | x:seashell 45:seashell 23:seashell 32:seashell 31:seashell -:seashell -:seashell -:seashell =:seashell
EXPR: 0 | POS | INT | 0 | 100 | 69 | (((45+23)+32)-31)=x | 45 23 + 32 + 31 - x = | 45:seashell 23:seashell +:seashell 32:seashell +:seashell 31:seashell -:seashell x:seashell =:seashell
EXPR: 0 | POS | INT | 0 | 100 | 21 | ((45-(23+32))+31)=x | 45 23 32 + - 31 + x = | 45:seashell 23:seashell 32:seashell +:seashell -:seashell 31:seashell +:seashell x:seashell =:seashell
EXPR: 0 | POS | INT | 0 | 100 | 23 | ((45-23)+(32-31))=x | 45 23 - 32 31 - + x = | 45:seashell 23:seashell -:seashell 32:seashell 31:seashell -:seashell +:seashell x:seashell =:seashell
EXPR: 0 | POS | INT | 0 | 100 | 67 | (((45+23)-32)+31)=x | 45 23 + 32 - 31 + x = | 45:seashell 23:seashell +:seashell 32:seashell -:seashell 31:seashell +:seashell x:seashell =:seashell
EXPR: 0 | POS | INT | 0 | 100 | 67 | ((45+23)-(32-31))=x | 45 23 + 32 31 - - x = | 45:seashell 23:seashell +:seashell 32:seashell 31:seashell -:seashell -:seashell x:seashell =:seashell
EXPR: 0 | POS | INT | 0 | 100 | 69 | ((45+23)+(32-31))=x | 45 23 + 32 31 - + x = | 45:seashell 23:seashell +:seashell 32:seashell 31:seashell -:seashell +:seashell x:seashell =:seashell
EXPR: 0 | POS | INT | 0 | 100 | 23 | x=(45-((23-32)+31)) | x 45 23 32 - 31 + - = | x:seashell 45:seashell 23:seashell 32:seashell -:seashell 31:seashell +:seashell -:seashell =:seashell
EXPR: 0 | POS | INT | 0 | 100 | 131 | ((45+(23+32))+31)=x | 45 23 32 + + 31 + x = | 45:seashell 23:seashell 32:seashell +:seashell +:seashell 31:seashell +:seashell x:seashell =:seashell
EXPR: 0 | POS | INT | 0 | 100 | 85 | ((45-(23-32))+31)=x | 45 23 32 - - 31 + x = | 45:seashell 23:seashell 32:seashell -:seashell -:seashell 31:seashell +:seashell x:seashell =:seashell
EXPR: 0 | POS | INT | 0 | 100 | 23 | ((45-(23-32))-31)=x | 45 23 32 - - 31 - x = | 45:seashell 23:seashell 32:seashell -:seashell -:seashell 31:seashell -:seashell x:seashell =:seashell
EXPR: 0 | POS | INT | 0 | 100 | 21 | (((45-23)-32)+31)=x | 45 23 - 32 - 31 + x = | 45:seashell 23:seashell -:seashell 32:seashell -:seashell 31:seashell +:seashell x:seashell =:seashell
EXPR: 0 | POS | INT | 0 | 100 | 69 | x=((45+23)+(32-31)) | x 45 23 + 32 31 - + = | x:seashell 45:seashell 23:seashell +:seashell 32:seashell 31:seashell -:seashell +:seashell =:seashell
EXPR: 0 | POS | INT | 0 | 100 | 5 | x=(45+((23-32)-31)) | x 45 23 32 - 31 - + = | x:seashell 45:seashell 23:seashell 32:seashell -:seashell 31:seashell -:seashell +:seashell =:seashell
EXPR: 0 | POS | INT | 0 | 100 | 67 | x=(45+((23-32)+31)) | x 45 23 32 - 31 + + = | x:seashell 45:seashell 23:seashell 32:seashell -:seashell 31:seashell +:seashell +:seashell =:seashell
EXPR: 0 | POS | INT | 0 | 100 | 23 | (45-((23-32)+31))=x | 45 23 32 - 31 + - x = | 45:seashell 23:seashell 32:seashell -:seashell 31:seashell +:seashell -:seashell x:seashell =:seashell
EXPR: 0 | POS | INT | 0 | 100 | 21 | ((45-23)-(32-31))=x | 45 23 - 32 31 - - x = | 45:seashell 23:seashell -:seashell 32:seashell 31:seashell -:seashell -:seashell x:seashell =:seashell
EXPR: 0 | POS | INT | 0 | 100 | 21 | x=((45-(23+32))+31) | x 45 23 32 + - 31 + = | x:seashell 45:seashell 23:seashell 32:seashell +:seashell -:seashell 31:seashell +:seashell =:seashell
EXPR: 0 | POS | INT | 0 | 100 | 67 | x=(((45+23)-32)+31) | x 45 23 + 32 - 31 + = | x:seashell 45:seashell 23:seashell +:seashell 32:seashell -:seashell 31:seashell +:seashell =:seashell
EXPR: 0 | POS | INT | 0 | 100 | 131 | ((45+23)+(32+31))=x | 45 23 + 32 31 + + x = | 45:seashell 23:seashell +:seashell 32:seashell 31:seashell +:seashell +:seashell x:seashell =:seashell
EXPR: 0 | POS | INT | 0 | 100 | 23 | x=((45-23)+(32-31)) | x 45 23 - 32 31 - + = | x:seashell 45:seashell 23:seashell -:seashell 32:seashell 31:seashell -:seashell +:seashell =:seashell
EXPR: 0 | POS | INT | 0 | 100 | 85 | x=(45-((23-32)-31)) | x 45 23 32 - 31 - - = | x:seashell 45:seashell 23:seashell 32:seashell -:seashell 31:seashell -:seashell -:seashell =:seashell
EXPR: 0 | POS | INT | 0 | 100 | 131 | x=(45+((23+32)+31)) | x 45 23 32 + 31 + + = | x:seashell 45:seashell 23:seashell 32:seashell +:seashell 31:seashell +:seashell +:seashell =:seashell
EXPR: 0 | POS | INT | 0 | 100 | 85 | ((45-23)+(32+31))=x | 45 23 - 32 31 + + x = | 45:seashell 23:seashell -:seashell 32:seashell 31:seashell +:seashell +:seashell x:seashell =:seashell
EXPR: 0 | POS | INT | 0 | 100 | 5 | ((45+(23-32))-31)=x | 45 23 32 - + 31 - x = | 45:seashell 23:seashell 32:seashell -:seashell +:seashell 31:seashell -:seashell x:seashell =:seashell
EXPR: 0 | POS | INT | 0 | 100 | 21 | x=((45-23)-(32-31)) | x 45 23 - 32 31 - - = | x:seashell 45:seashell 23:seashell -:seashell 32:seashell 31:seashell -:seashell -:seashell =:seashell
EXPR: 0 | POS | INT | 0 | 100 | 85 | x=((45-23)+(32+31)) | x 45 23 - 32 31 + + = | x:seashell 45:seashell 23:seashell -:seashell 32:seashell 31:seashell +:seashell +:seashell =:seashell
EXPR: 0 | POS | INT | 0 | 100 | 67 | x=((45+23)-(32-31)) | x 45 23 + 32 31 - - = | x:seashell 45:seashell 23:seashell +:seashell 32:seashell 31:seashell -:seashell -:seashell =:seashell
EXPR: 0 | POS | INT | 0 | 100 | 131 | x=((45+23)+(32+31)) | x 45 23 + 32 31 + + = | x:seashell 45:seashell 23:seashell +:seashell 32:seashell 31:seashell +:seashell +:seashell =:seashell
EXPR: 0 | POS | INT | 2 | 100 | 21 | 45=(23+(x+(32-31))) | 45 23 x 32 31 - + + = | 45:seashell 23:seashell x:seashell 32:seashell 31:seashell -:seashell +:seashell +:seashell =:seashell
EXPR: 0 | POS | INT | 2 | 100 | 41 | ((45-(23+32))+x)=31 | 45 23 32 + - x + 31 = | 45:seashell 23:seashell 32:seashell +:seashell -:seashell x:seashell +:seashell 31:seashell =:seashell
EXPR: 0 | POS | INT | 2 | 100 | 41 | 45=(23-(x-(32+31))) | 45 23 x 32 31 + - - = | 45:seashell 23:seashell x:seashell 32:seashell 31:seashell +:seashell -:seashell -:seashell =:seashell
EXPR: 0 | POS | INT | 2 | 100 | 21 | 45=(((23+x)+32)-31) | 45 23 x + 32 + 31 - = | 45:seashell 23:seashell x:seashell +:seashell 32:seashell +:seashell 31:seashell -:seashell =:seashell
EXPR: 0 | POS | INT | 2 | 100 | 41 | ((x+45)-(23+32))=31 | x 45 + 23 32 + - 31 = | x:seashell 45:seashell +:seashell 23:seashell 32:seashell +:seashell -:seashell 31:seashell =:seashell
EXPR: 0 | POS | INT | 2 | 100 | 41 | 45=(23+(32-(x-31))) | 45 23 32 x 31 - - + = | 45:seashell 23:seashell 32:seashell x:seashell 31:seashell -:seashell -:seashell +:seashell =:seashell
EXPR: 0 | POS | INT | 2 | 100 | 131 | ((x-45)-(23+32))=31 | x 45 - 23 32 + - 31 = | x:seashell 45:seashell -:seashell 23:seashell 32:seashell +:seashell -:seashell 31:seashell =:seashell
EXPR: 0 | POS | INT | 2 | 100 | 23 | 45=(23-(32-(x+31))) | 45 23 32 x 31 + - - = | 45:seashell 23:seashell 32:seashell x:seashell 31:seashell +:seashell -:seashell -:seashell =:seashell
EXPR: 0 | POS | INT | 2 | 100 | 21 | ((x-45)+(23+32))=31 | x 45 - 23 32 + + 31 = | x:seashell 45:seashell -:seashell 23:seashell 32:seashell +:seashell +:seashell 31:seashell =:seashell
EXPR: 0 | POS | INT | 2 | 100 | 41 | (((45-23)+x)-32)=31 | 45 23 - x + 32 - 31 = | 45:seashell 23:seashell -:seashell x:seashell +:seashell 32:seashell -:seashell 31:seashell =:seashell
EXPR: 0 | POS | INT | 2 | 100 | 21 | 45=(23+(32+(x-31))) | 45 23 32 x 31 - + + = | 45:seashell 23:seashell 32:seashell x:seashell 31:seashell -:seashell +:seashell +:seashell =:seashell
EXPR: 0 | POS | INT | 2 | 100 | 85 | ((x-45)+(23-32))=31 | x 45 - 23 32 - + 31 = | x:seashell 45:seashell -:seashell 23:seashell 32:seashell -:seashell +:seashell 31:seashell =:seashell
EXPR: 0 | POS | INT | 2 | 100 | 23 | 45=(23+(x-(32-31))) | 45 23 x 32 31 - - + = | 45:seashell 23:seashell x:seashell 32:seashell 31:seashell -:seashell -:seashell +:seashell =:seashell
EXPR: 0 | POS | INT | 2 | 100 | 23 | (45-((x+23)-32))=31 | 45 x 23 + 32 - - 31 = | 45:seashell x:seashell 23:seashell +:seashell 32:seashell -:seashell -:seashell 31:seashell =:seashell
EXPR: 0 | POS | INT | 2 | 100 | 85 | 45=(23+(x-(32+31))) | 45 23 x 32 31 + - + = | 45:seashell 23:seashell x:seashell 32:seashell 31:seashell +:seashell -:seashell +:seashell =:seashell
EXPR: 0 | POS | INT | 2 | 100 | 67 | ((x-45)-(23-32))=31 | x 45 - 23 32 - - 31 = | x:seashell 45:seashell -:seashell 23:seashell 32:seashell -:seashell -:seashell 31:seashell =:seashell
EXPR: 0 | POS | INT | 2 | 100 | 23 | (45-((23+x)-32))=31 | 45 23 x + 32 - - 31 = | 45:seashell 23:seashell x:seashell +:seashell 32:seashell -:seashell -:seashell 31:seashell =:seashell
EXPR: 0 | POS | INT | 2 | 100 | 85 | 45=(23-(32-(x-31))) | 45 23 32 x 31 - - - = | 45:seashell 23:seashell 32:seashell x:seashell 31:seashell -:seashell -:seashell -:seashell =:seashell
EXPR: 0 | POS | INT | 2 | 100 | 41 | (45+((x-23)-32))=31 | 45 x 23 - 32 - + 31 = | 45:seashell x:seashell 23:seashell -:seashell 32:seashell -:seashell +:seashell 31:seashell =:seashell
EXPR: 0 | POS | INT | 2 | 100 | 5 | ((45+(23-32))-x)=31 | 45 23 32 - + x - 31 = | 45:seashell 23:seashell 32:seashell -:seashell +:seashell x:seashell -:seashell 31:seashell =:seashell
EXPR: 0 | POS | INT | 2 | 100 | 23 | 45=((23-(32-31))+x) | 45 23 32 31 - - x + = | 45:seashell 23:seashell 32:seashell 31:seashell -:seashell -:seashell x:seashell +:seashell =:seashell
EXPR: 0 | POS | INT | 2 | 100 | 85 | 45=((23-(32+31))+x) | 45 23 32 31 + - x + = | 45:seashell 23:seashell 32:seashell 31:seashell +:seashell -:seashell x:seashell +:seashell =:seashell
EXPR: 0 | POS | INT | 2 | 100 | 21 | 45=(((x+23)+32)-31) | 45 x 23 + 32 + 31 - = | 45:seashell x:seashell 23:seashell +:seashell 32:seashell +:seashell 31:seashell -:seashell =:seashell
EXPR: 0 | POS | INT | 2 | 100 | 69 | ((45+(23+32))-x)=31 | 45 23 32 + + x - 31 = | 45:seashell 23:seashell 32:seashell +:seashell +:seashell x:seashell -:seashell 31:seashell =:seashell
EXPR: 0 | POS | INT | 2 | 100 | 67 | 45=(((x-23)+32)-31) | 45 x 23 - 32 + 31 - = | 45:seashell x:seashell 23:seashell -:seashell 32:seashell +:seashell 31:seashell -:seashell =:seashell
EXPR: 0 | POS | INT | 2 | 100 | 41 | 45=(((23+32)+31)-x) | 45 23 32 + 31 + x - = | 45:seashell 23:seashell 32:seashell +:seashell 31:seashell +:seashell x:seashell -:seashell =:seashell
EXPR: 0 | POS | INT | 2 | 100 | 41 | 45=(23+(32+(31-x))) | 45 23 32 31 x - + + = | 45:seashell 23:seashell 32:seashell 31:seashell x:seashell -:seashell +:seashell +:seashell =:seashell
EXPR: 0 | POS | INT | 10 | 100 | 67 | x=(((45+23)+31)-32) | x 45 23 + 31 + 32 - = | x:seashell 45:seashell 23:seashell +:seashell 31:seashell +:seashell 32:seashell -:seashell =:seashell
EXPR: 0 | POS | INT | 10 | 100 | 41 | x=(((23-45)+32)+31) | x 23 45 - 32 + 31 + = | x:seashell 23:seashell 45:seashell -:seashell 32:seashell +:seashell 31:seashell +:seashell =:seashell
EXPR: 0 | POS | INT | 10 | 100 | 5 | x=((45+(23-31))-32) | x 45 23 31 - + 32 - = | x:seashell 45:seashell 23:seashell 31:seashell -:seashell +:seashell 32:seashell -:seashell =:seashell
EXPR: 0 | POS | INT | 10 | 100 | 23 | x=(45-((23+31)-32)) | x 45 23 31 + 32 - - = | x:seashell 45:seashell 23:seashell 31:seashell +:seashell 32:seashell -:seashell -:seashell =:seashell
EXPR: 0 | POS | INT | 10 | 100 | 23 | (45-((23+31)-32))=x | 45 23 31 + 32 - - x = | 45:seashell 23:seashell 31:seashell +:seashell 32:seashell -:seashell -:seashell x:seashell =:seashell
EXPR: 0 | POS | INT | 10 | 100 | 21 | x=(((45-23)+31)-32) | x 45 23 - 31 + 32 - = | x:seashell 45:seashell 23:seashell -:seashell 31:seashell +:seashell 32:seashell -:seashell =:seashell
EXPR: 0 | POS | INT | 10 | 100 | 69 | x=(((45+23)-31)+32) | x 45 23 + 31 - 32 + = | x:seashell 45:seashell 23:seashell +:seashell 31:seashell -:seashell 32:seashell +:seashell =:seashell
EXPR: 0 | POS | INT | 10 | 100 | 67 | x=(45+(23+(31-32))) | x 45 23 31 32 - + + = | x:seashell 45:seashell 23:seashell 31:seashell 32:seashell -:seashell +:seashell +:seashell =:seashell
EXPR: 0 | POS | INT | 10 | 100 | 23 | x=(45-(23+(31-32))) | x 45 23 31 32 - + - = | x:seashell 45:seashell 23:seashell 31:seashell 32:seashell -:seashell +:seashell -:seashell =:seashell
EXPR: 0 | POS | INT | 10 | 100 | 67 | x=(23+((45-32)+31)) | x 23 45 32 - 31 + + = | x:seashell 23:seashell 45:seashell 32:seashell -:seashell 31:seashell +:seashell +:seashell =:seashell
EXPR: 0 | POS | INT | 10 | 100 | 23 | x=(45+((32-23)-31)) | x 45 32 23 - 31 - + = | x:seashell 45:seashell 32:seashell 23:seashell -:seashell 31:seashell -:seashell +:seashell =:seashell
EXPR: 0 | POS | INT | 10 | 100 | 5 | (45-((32-23)+31))=x | 45 32 23 - 31 + - x = | 45:seashell 32:seashell 23:seashell -:seashell 31:seashell +:seashell -:seashell x:seashell =:seashell
EXPR: 0 | POS | INT | 10 | 100 | 41 | x=(23-((45-32)-31)) | x 23 45 32 - 31 - - = | x:seashell 23:seashell 45:seashell 32:seashell -:seashell 31:seashell -:seashell -:seashell =:seashell
EXPR: 0 | POS | INT | 10 | 100 | 67 | x=(45-((32-23)-31)) | x 45 32 23 - 31 - - = | x:seashell 45:seashell 32:seashell 23:seashell -:seashell 31:seashell -:seashell -:seashell =:seashell
EXPR: 0 | POS | INT | 10 | 100 | 5 | (((45+23)-31)-32)=x | 45 23 + 31 - 32 - x = | 45:seashell 23:seashell +:seashell 31:seashell -:seashell 32:seashell -:seashell x:seashell =:seashell
EXPR: 0 | POS | INT | 10 | 100 | 69 | x=((45+(23-31))+32) | x 45 23 31 - + 32 + = | x:seashell 45:seashell 23:seashell 31:seashell -:seashell +:seashell 32:seashell +:seashell =:seashell
EXPR: 0 | POS | INT | 10 | 100 | 67 | (((45+23)+31)-32)=x | 45 23 + 31 + 32 - x = | 45:seashell 23:seashell +:seashell 31:seashell +:seashell 32:seashell -:seashell x:seashell =:seashell
EXPR: 0 | POS | INT | 10 | 100 | 131 | x=(23+((45+32)+31)) | x 23 45 32 + 31 + + = | x:seashell 23:seashell 45:seashell 32:seashell +:seashell 31:seashell +:seashell +:seashell =:seashell
EXPR: 0 | POS | INT | 10 | 100 | 5 | ((45+(23-31))-32)=x | 45 23 31 - + 32 - x = | 45:seashell 23:seashell 31:seashell -:seashell +:seashell 32:seashell -:seashell x:seashell =:seashell
EXPR: 0 | POS | INT | 10 | 100 | 67 | ((45+(23+31))-32)=x | 45 23 31 + + 32 - x = | 45:seashell 23:seashell 31:seashell +:seashell +:seashell 32:seashell -:seashell x:seashell =:seashell
EXPR: 0 | POS | INT | 10 | 100 | 21 | (((45-23)+31)-32)=x | 45 23 - 31 + 32 - x = | 45:seashell 23:seashell -:seashell 31:seashell +:seashell 32:seashell -:seashell x:seashell =:seashell
EXPR: 0 | POS | INT | 10 | 100 | 21 | x=((45-(23-31))-32) | x 45 23 31 - - 32 - = | x:seashell 45:seashell 23:seashell 31:seashell -:seashell -:seashell 32:seashell -:seashell =:seashell
EXPR: 0 | POS | INT | 10 | 100 | 131 | x=((45+(23+31))+32) | x 45 23 31 + + 32 + = | x:seashell 45:seashell 23:seashell 31:seashell +:seashell +:seashell 32:seashell +:seashell =:seashell
EXPR: 0 | POS | INT | 10 | 100 | 5 | x=(23+((45-32)-31)) | x 23 45 32 - 31 - + = | x:seashell 23:seashell 45:seashell 32:seashell -:seashell 31:seashell -:seashell +:seashell =:seashell
EXPR: 0 | POS | INT | 10 | 100 | 131 | (((45+32)+23)+31)=x | 45 32 + 23 + 31 + x = | 45:seashell 32:seashell +:seashell 23:seashell +:seashell 31:seashell +:seashell x:seashell =:seashell
EXPR: 0 | POS | INT | 10 | 100 | 85 | x=(45+((32-23)+31)) | x 45 32 23 - 31 + + = | x:seashell 45:seashell 32:seashell 23:seashell -:seashell 31:seashell +:seashell +:seashell =:seashell
EXPR: 0 | POS | INT | 10 | 100 | 21 | x=(45-((23-31)+32)) | x 45 23 31 - 32 + - = | x:seashell 45:seashell 23:seashell 31:seashell -:seashell 32:seashell +:seashell -:seashell =:seashell
EXPR: 0 | POS | INT | 10 | 100 | 85 | x=((45-(23-31))+32) | x 45 23 31 - - 32 + = | x:seashell 45:seashell 23:seashell 31:seashell -:seashell -:seashell 32:seashell +:seashell =:seashell
EXPR: 0 | POS | INT | 10 | 100 | 69 | x=(45+((23-31)+32)) | x 45 23 31 - 32 + + = | x:seashell 45:seashell 23:seashell 31:seashell -:seashell 32:seashell +:seashell +:seashell =:seashell
EXPR: 0 | POS | INT | 10 | 100 | 23 | x=((45-(23+31))+32) | x 45 23 31 + - 32 + = | x:seashell 45:seashell 23:seashell 31:seashell +:seashell -:seashell 32:seashell +:seashell =:seashell
EXPR: 0 | POS | INT | 10 | 100 | 5 | x=(45+((23-31)-32)) | x 45 23 31 - 32 - + = | x:seashell 45:seashell 23:seashell 31:seashell -:seashell 32:seashell -:seashell +:seashell =:seashell
EXPR: 0 | POS | INT | 10 | 100 | 85 | x=(45-((23-31)-32)) | x 45 23 31 - 32 - - = | x:seashell 45:seashell 23:seashell 31:seashell -:seashell 32:seashell -:seashell -:seashell =:seashell
EXPR: 0 | POS | INT | 10 | 100 | 41 | x=((23-45)+(32+31)) | x 23 45 - 32 31 + + = | x:seashell 23:seashell 45:seashell -:seashell 32:seashell 31:seashell +:seashell +:seashell =:seashell
EXPR: 0 | POS | INT | 10 | 100 | 131 | ((23+(45+32))+31)=x | 23 45 32 + + 31 + x = | 23:seashell 45:seashell 32:seashell +:seashell +:seashell 31:seashell +:seashell x:seashell =:seashell
EXPR: 0 | POS | INT | 10 | 100 | 131 | x=(45+((23+31)+32)) | x 45 23 31 + 32 + + = | x:seashell 45:seashell 23:seashell 31:seashell +:seashell 32:seashell +:seashell +:seashell =:seashell
EXPR: 0 | POS | INT | 10 | 100 | 23 | x=((45-23)-(31-32)) | x 45 23 - 31 32 - - = | x:seashell 45:seashell 23:seashell -:seashell 31:seashell 32:seashell -:seashell -:seashell =:seashell
EXPR: 0 | POS | INT | 10 | 100 | 41 | ((23-(45-32))+31)=x | 23 45 32 - - 31 + x = | 23:seashell 45:seashell 32:seashell -:seashell -:seashell 31:seashell +:seashell x:seashell =:seashell
EXPR: 0 | POS | INT | 10 | 100 | 69 | ((23+(45+32))-31)=x | 23 45 32 + + 31 - x = | 23:seashell 45:seashell 32:seashell +:seashell +:seashell 31:seashell -:seashell x:seashell =:seashell
EXPR: 0 | POS | INT | 10 | 100 | 67 | x=((45+23)+(31-32)) | x 45 23 + 31 32 - + = | x:seashell 45:seashell 23:seashell +:seashell 31:seashell 32:seashell -:seashell +:seashell =:seashell
EXPR: 0 | POS | INT | 10 | 100 | 69 | x=((45+23)-(31-32)) | x 45 23 + 31 32 - - = | x:seashell 45:seashell 23:seashell +:seashell 31:seashell 32:seashell -:seashell -:seashell =:seashell
EXPR: 0 | POS | INT | 10 | 100 | 67 | x=((45+(23+31))-32) | x 45 23 31 + + 32 - = | x:seashell 45:seashell 23:seashell 31:seashell +:seashell +:seashell 32:seashell -:seashell =:seashell
EXPR: 0 | POS | INT | 10 | 100 | 23 | ((45-(23+31))+32)=x | 45 23 31 + - 32 + x = | 45:seashell 23:seashell 31:seashell +:seashell -:seashell 32:seashell +:seashell x:seashell =:seashell
EXPR: 0 | POS | INT | 10 | 100 | 69 | x=(45+(32+(23-31))) | x 45 32 23 31 - + + = | x:seashell 45:seashell 32:seashell 23:seashell 31:seashell -:seashell +:seashell +:seashell =:seashell
EXPR: 0 | POS | INT | 10 | 100 | 131 | x=(45+(32+(23+31))) | x 45 32 23 31 + + + = | x:seashell 45:seashell 32:seashell 23:seashell 31:seashell +:seashell +:seashell +:seashell =:seashell
EXPR: 0 | POS | INT | 10 | 100 | 21 | x=(45-(32+(23-31))) | x 45 32 23 31 - + - = | x:seashell 45:seashell 32:seashell 23:seashell 31:seashell -:seashell +:seashell -:seashell =:seashell
EXPR: 0 | POS | INT | 10 | 100 | 67 | ((23+(45-32))+31)=x | 23 45 32 - + 31 + x = | 23:seashell 45:seashell 32:seashell -:seashell +:seashell 31:seashell +:seashell x:seashell =:seashell
EXPR: 0 | POS | INT | 10 | 100 | 41 | ((23-45)+(32+31))=x | 23 45 - 32 31 + + x = | 23:seashell 45:seashell -:seashell 32:seashell 31:seashell +:seashell +:seashell x:seashell =:seashell
EXPR: 0 | POS | INT | 10 | 100 | 85 | (45+((32-23)+31))=x | 45 32 23 - 31 + + x = | 45:seashell 32:seashell 23:seashell -:seashell 31:seashell +:seashell +:seashell x:seashell =:seashell
EXPR: 0 | POS | INT | 10 | 100 | 23 | (45+((32-23)-31))=x | 45 32 23 - 31 - + x = | 45:seashell 32:seashell 23:seashell -:seashell 31:seashell -:seashell +:seashell x:seashell =:seashell
EXPR: 0 | POS | INT | 10 | 100 | 85 | (((45+32)-23)+31)=x | 45 32 + 23 - 31 + x = | 45:seashell 32:seashell +:seashell 23:seashell -:seashell 31:seashell +:seashell x:seashell =:seashell
EXPR: 0 | POS | INT | 10 | 100 | 67 | x=(45+((23+31)-32)) | x 45 23 31 + 32 - + = | x:seashell 45:seashell 23:seashell 31:seashell +:seashell 32:seashell -:seashell +:seashell =:seashell
EXPR: 0 | POS | INT | 10 | 100 | 69 | x=(23+((45+32)-31)) | x 23 45 32 + 31 - + = | x:seashell 23:seashell 45:seashell 32:seashell +:seashell 31:seashell -:seashell +:seashell =:seashell
EXPR: 0 | POS | INT | 10 | 100 | 41 | (23-(45-(32+31)))=x | 23 45 32 31 + - - x = | 23:seashell 45:seashell 32:seashell 31:seashell +:seashell -:seashell -:seashell x:seashell =:seashell
EXPR: 0 | POS | INT | 10 | 100 | 5 | (45+((23-31)-32))=x | 45 23 31 - 32 - + x = | 45:seashell 23:seashell 31:seashell -:seashell 32:seashell -:seashell +:seashell x:seashell =:seashell
EXPR: 0 | POS | INT | 10 | 100 | 69 | (23+(45+(32-31)))=x | 23 45 32 31 - + + x = | 23:seashell 45:seashell 32:seashell 31:seashell -:seashell +:seashell +:seashell x:seashell =:seashell
EXPR: 0 | POS | INT | 10 | 100 | 67 | (23+(45-(32-31)))=x | 23 45 32 31 - - + x = | 23:seashell 45:seashell 32:seashell 31:seashell -:seashell -:seashell +:seashell x:seashell =:seashell
EXPR: 0 | POS | INT | 10 | 100 | 23 | x=((45+32)-(23+31)) | x 45 32 + 23 31 + - = | x:seashell 45:seashell 32:seashell +:seashell 23:seashell 31:seashell +:seashell -:seashell =:seashell
EXPR: 0 | POS | INT | 10 | 100 | 5 | x=((45-32)+(23-31)) | x 45 32 - 23 31 - + = | x:seashell 45:seashell 32:seashell -:seashell 23:seashell 31:seashell -:seashell +:seashell =:seashell
EXPR: 0 | POS | INT | 10 | 100 | 67 | x=((45-32)+(23+31)) | x 45 32 - 23 31 + + = | x:seashell 45:seashell 32:seashell -:seashell 23:seashell 31:seashell +:seashell +:seashell =:seashell
EXPR: 0 | POS | INT | 12 | 100 | 5 | (((45+23)-31)-x)=32 | 45 23 + 31 - x - 32 = | 45:seashell 23:seashell +:seashell 31:seashell -:seashell x:seashell -:seashell 32:seashell =:seashell
EXPR: 0 | POS | INT | 12 | 100 | 21 | 45=((23-(31-x))+32) | 45 23 31 x - - 32 + = | 45:seashell 23:seashell 31:seashell x:seashell -:seashell -:seashell 32:seashell +:seashell =:seashell
EXPR: 0 | POS | INT | 12 | 100 | 21 | (((45-23)+31)-x)=32 | 45 23 - 31 + x - 32 = | 45:seashell 23:seashell -:seashell 31:seashell +:seashell x:seashell -:seashell 32:seashell =:seashell
EXPR: 0 | POS | INT | 12 | 100 | 85 | ((x-45)+23)=(32+31) | x 45 - 23 + 32 31 + = | x:seashell 45:seashell -:seashell 23:seashell +:seashell 32:seashell 31:seashell +:seashell =:seashell
EXPR: 0 | POS | INT | 12 | 100 | 23 | ((x-45)+23)=(32-31) | x 45 - 23 + 32 31 - = | x:seashell 45:seashell -:seashell 23:seashell +:seashell 32:seashell 31:seashell -:seashell =:seashell
EXPR: 0 | POS | INT | 12 | 100 | 23 | 45=(23+(x+(31-32))) | 45 23 x 31 32 - + + = | 45:seashell 23:seashell x:seashell 31:seashell 32:seashell -:seashell +:seashell +:seashell =:seashell
EXPR: 0 | POS | INT | 12 | 100 | 23 | ((45-x)+(32-23))=31 | 45 x - 32 23 - + 31 = | 45:seashell x:seashell -:seashell 32:seashell 23:seashell -:seashell +:seashell 31:seashell =:seashell
EXPR: 0 | POS | INT | 12 | 100 | 69 | (x-45)=((23+32)-31) | x 45 - 23 32 + 31 - = | x:seashell 45:seashell -:seashell 23:seashell 32:seashell +:seashell 31:seashell -:seashell =:seashell
EXPR: 0 | POS | INT | 12 | 100 | 5 | (45+23)=((32+31)+x) | 45 23 + 32 31 + x + = | 45:seashell 23:seashell +:seashell 32:seashell 31:seashell +:seashell x:seashell +:seashell =:seashell
EXPR: 0 | POS | INT | 12 | 100 | 41 | 45=(32-(x-(23+31))) | 45 32 x 23 31 + - - = | 45:seashell 32:seashell x:seashell 23:seashell 31:seashell +:seashell -:seashell -:seashell =:seashell
EXPR: 0 | POS | INT | 12 | 100 | 41 | 45=(32+((23+31)-x)) | 45 32 23 31 + x - + = | 45:seashell 32:seashell 23:seashell 31:seashell +:seashell x:seashell -:seashell +:seashell =:seashell
EXPR: 0 | POS | INT | 12 | 100 | 67 | 45=(((32+x)-23)-31) | 45 32 x + 23 - 31 - = | 45:seashell 32:seashell x:seashell +:seashell 23:seashell -:seashell 31:seashell -:seashell =:seashell
EXPR: 0 | POS | INT | 12 | 100 | 21 | 23=(45-(x+(32-31))) | 23 45 x 32 31 - + - = | 23:seashell 45:seashell x:seashell 32:seashell 31:seashell -:seashell +:seashell -:seashell =:seashell
EXPR: 0 | POS | INT | 12 | 100 | 5 | 45=(((32+x)-23)+31) | 45 32 x + 23 - 31 + = | 45:seashell 32:seashell x:seashell +:seashell 23:seashell -:seashell 31:seashell +:seashell =:seashell
EXPR: 0 | POS | INT | 12 | 100 | 41 | 45=(((32-x)+23)+31) | 45 32 x - 23 + 31 + = | 45:seashell 32:seashell x:seashell -:seashell 23:seashell +:seashell 31:seashell +:seashell =:seashell
EXPR: 0 | POS | INT | 12 | 100 | 41 | (((45-23)+x)-31)=32 | 45 23 - x + 31 - 32 = | 45:seashell 23:seashell -:seashell x:seashell +:seashell 31:seashell -:seashell 32:seashell =:seashell
EXPR: 0 | POS | INT | 12 | 100 | 69 | ((x-45)-23)=(32-31) | x 45 - 23 - 32 31 - = | x:seashell 45:seashell -:seashell 23:seashell -:seashell 32:seashell 31:seashell -:seashell =:seashell
EXPR: 0 | POS | INT | 12 | 100 | 85 | 23=(45-(x-(32+31))) | 23 45 x 32 31 + - - = | 23:seashell 45:seashell x:seashell 32:seashell 31:seashell +:seashell -:seashell -:seashell =:seashell
EXPR: 0 | POS | INT | 12 | 100 | 131 | (45+23)=(x-(32+31)) | 45 23 + x 32 31 + - = | 45:seashell 23:seashell +:seashell x:seashell 32:seashell 31:seashell +:seashell -:seashell =:seashell
EXPR: 0 | POS | INT | 12 | 100 | 85 | (45-23)=(x-(32+31)) | 45 23 - x 32 31 + - = | 45:seashell 23:seashell -:seashell x:seashell 32:seashell 31:seashell +:seashell -:seashell =:seashell
EXPR: 0 | POS | INT | 12 | 100 | 67 | (45+23)=(x+(32-31)) | 45 23 + x 32 31 - + = | 45:seashell 23:seashell +:seashell x:seashell 32:seashell 31:seashell -:seashell +:seashell =:seashell
EXPR: 0 | POS | INT | 12 | 100 | 21 | (45-((x+23)-31))=32 | 45 x 23 + 31 - - 32 = | 45:seashell x:seashell 23:seashell +:seashell 31:seashell -:seashell -:seashell 32:seashell =:seashell
EXPR: 0 | POS | INT | 12 | 100 | 23 | 23=(45-(x-(32-31))) | 23 45 x 32 31 - - - = | 23:seashell 45:seashell x:seashell 32:seashell 31:seashell -:seashell -:seashell -:seashell =:seashell
EXPR: 0 | POS | INT | 12 | 100 | 21 | (45-((23+x)-31))=32 | 45 23 x + 31 - - 32 = | 45:seashell 23:seashell x:seashell +:seashell 31:seashell -:seashell -:seashell 32:seashell =:seashell
EXPR: 0 | POS | INT | 12 | 100 | 67 | 45=(32+(x-(23+31))) | 45 32 x 23 31 + - + = | 45:seashell 32:seashell x:seashell 23:seashell 31:seashell +:seashell -:seashell +:seashell =:seashell
EXPR: 0 | POS | INT | 12 | 100 | 85 | 23=(45+(32-(x-31))) | 23 45 32 x 31 - - + = | 23:seashell 45:seashell 32:seashell x:seashell 31:seashell -:seashell -:seashell +:seashell =:seashell
EXPR: 0 | POS | INT | 12 | 100 | 21 | ((x+23)-(45-32))=31 | x 23 + 45 32 - - 31 = | x:seashell 23:seashell +:seashell 45:seashell 32:seashell -:seashell -:seashell 31:seashell =:seashell
EXPR: 0 | POS | INT | 12 | 100 | 21 | 45=(32+((23+x)-31)) | 45 32 23 x + 31 - + = | 45:seashell 32:seashell 23:seashell x:seashell +:seashell 31:seashell -:seashell +:seashell =:seashell
EXPR: 0 | POS | INT | 12 | 100 | 41 | ((x+45)-23)=(32+31) | x 45 + 23 - 32 31 + = | x:seashell 45:seashell +:seashell 23:seashell -:seashell 32:seashell 31:seashell +:seashell =:seashell
EXPR: 0 | POS | INT | 12 | 100 | 23 | (45-x)=((23-32)+31) | 45 x - 23 32 - 31 + = | 45:seashell x:seashell -:seashell 23:seashell 32:seashell -:seashell 31:seashell +:seashell =:seashell
EXPR: 0 | POS | INT | 12 | 100 | 21 | (45-23)=(x+(32-31)) | 45 23 - x 32 31 - + = | 45:seashell 23:seashell -:seashell x:seashell 32:seashell 31:seashell -:seashell +:seashell =:seashell
EXPR: 0 | POS | INT | 12 | 100 | 41 | 45=(23+(31+(32-x))) | 45 23 31 32 x - + + = | 45:seashell 23:seashell 31:seashell 32:seashell x:seashell -:seashell +:seashell +:seashell =:seashell
EXPR: 0 | POS | INT | 12 | 100 | 41 | ((x-23)+(45-32))=31 | x 23 - 45 32 - + 31 = | x:seashell 23:seashell -:seashell 45:seashell 32:seashell -:seashell +:seashell 31:seashell =:seashell
EXPR: 0 | POS | INT | 12 | 100 | 23 | 23=(45+(32-(x+31))) | 23 45 32 x 31 + - + = | 23:seashell 45:seashell 32:seashell x:seashell 31:seashell +:seashell -:seashell +:seashell =:seashell
EXPR: 0 | POS | INT | 12 | 100 | 41 | 23=(45-(32-(x-31))) | 23 45 32 x 31 - - - = | 23:seashell 45:seashell 32:seashell x:seashell 31:seashell -:seashell -:seashell -:seashell =:seashell
EXPR: 0 | POS | INT | 12 | 100 | 5 | 45=(32+(x-(23-31))) | 45 32 x 23 31 - - + = | 45:seashell 32:seashell x:seashell 23:seashell 31:seashell -:seashell -:seashell +:seashell =:seashell
EXPR: 0 | POS | INT | 12 | 100 | 5 | ((45+23)-32)=(31+x) | 45 23 + 32 - 31 x + = | 45:seashell 23:seashell +:seashell 32:seashell -:seashell 31:seashell x:seashell +:seashell =:seashell
EXPR: 0 | POS | INT | 12 | 100 | 69 | (((45+32)+23)-x)=31 | 45 32 + 23 + x - 31 = | 45:seashell 32:seashell +:seashell 23:seashell +:seashell x:seashell -:seashell 31:seashell =:seashell
EXPR: 0 | POS | INT | 12 | 100 | 69 | ((45+23)+32)=(31+x) | 45 23 + 32 + 31 x + = | 45:seashell 23:seashell +:seashell 32:seashell +:seashell 31:seashell x:seashell +:seashell =:seashell
EXPR: 0 | POS | INT | 12 | 100 | 5 | (((45-x)+23)-31)=32 | 45 x - 23 + 31 - 32 = | 45:seashell x:seashell -:seashell 23:seashell +:seashell 31:seashell -:seashell 32:seashell =:seashell
EXPR: 0 | POS | INT | 12 | 100 | 131 | ((x-45)-23)=(32+31) | x 45 - 23 - 32 31 + = | x:seashell 45:seashell -:seashell 23:seashell -:seashell 32:seashell 31:seashell +:seashell =:seashell
EXPR: 0 | POS | INT | 12 | 100 | 21 | 23=(45-(32+(x-31))) | 23 45 32 x 31 - + - = | 23:seashell 45:seashell 32:seashell x:seashell 31:seashell -:seashell +:seashell -:seashell =:seashell
EXPR: 0 | POS | INT | 12 | 100 | 21 | 45=((23-(31-32))+x) | 45 23 31 32 - - x + = | 45:seashell 23:seashell 31:seashell 32:seashell -:seashell -:seashell x:seashell +:seashell =:seashell
EXPR: 0 | POS | INT | 12 | 100 | 69 | (((45+32)-x)+23)=31 | 45 32 + x - 23 + 31 = | 45:seashell 32:seashell +:seashell x:seashell -:seashell 23:seashell +:seashell 31:seashell =:seashell
EXPR: 0 | POS | INT | 12 | 100 | 23 | (((45+32)-x)-23)=31 | 45 32 + x - 23 - 31 = | 45:seashell 32:seashell +:seashell x:seashell -:seashell 23:seashell -:seashell 31:seashell =:seashell
EXPR: 0 | POS | INT | 12 | 100 | 67 | (45+23)=((x+32)-31) | 45 23 + x 32 + 31 - = | 45:seashell 23:seashell +:seashell x:seashell 32:seashell +:seashell 31:seashell -:seashell =:seashell
EXPR: 0 | POS | INT | 12 | 100 | 85 | ((23-(45+32))+x)=31 | 23 45 32 + - x + 31 = | 23:seashell 45:seashell 32:seashell +:seashell -:seashell x:seashell +:seashell 31:seashell =:seashell
EXPR: 0 | POS | INT | 12 | 100 | 69 | ((23+(45+32))-x)=31 | 23 45 32 + + x - 31 = | 23:seashell 45:seashell 32:seashell +:seashell +:seashell x:seashell -:seashell 31:seashell =:seashell
EXPR: 0 | POS | INT | 12 | 100 | 23 | (45+(32-(23+x)))=31 | 45 32 23 x + - + 31 = | 45:seashell 32:seashell 23:seashell x:seashell +:seashell -:seashell +:seashell 31:seashell =:seashell
EXPR: 0 | POS | INT | 12 | 100 | 5 | (((45-32)+23)-x)=31 | 45 32 - 23 + x - 31 = | 45:seashell 32:seashell -:seashell 23:seashell +:seashell x:seashell -:seashell 31:seashell =:seashell
EXPR: 0 | POS | INT | 12 | 100 | 67 | 45=(32-((23+31)-x)) | 45 32 23 31 + x - - = | 45:seashell 32:seashell 23:seashell 31:seashell +:seashell x:seashell -:seashell -:seashell =:seashell
EXPR: 0 | POS | INT | 12 | 100 | 5 | ((23+(45-32))-x)=31 | 23 45 32 - + x - 31 = | 23:seashell 45:seashell 32:seashell -:seashell +:seashell x:seashell -:seashell 31:seashell =:seashell
EXPR: 0 | POS | INT | 12 | 100 | 67 | 23=(((x-45)+32)-31) | 23 x 45 - 32 + 31 - = | 23:seashell x:seashell 45:seashell -:seashell 32:seashell +:seashell 31:seashell -:seashell =:seashell
EXPR: 0 | POS | INT | 12 | 100 | 41 | 23=(((x+45)-32)-31) | 23 x 45 + 32 - 31 - = | 23:seashell x:seashell 45:seashell +:seashell 32:seashell -:seashell 31:seashell -:seashell =:seashell
EXPR: 0 | POS | INT | 12 | 100 | 23 | ((45+32)-(23+x))=31 | 45 32 + 23 x + - 31 = | 45:seashell 32:seashell +:seashell 23:seashell x:seashell +:seashell -:seashell 31:seashell =:seashell
EXPR: 0 | POS | INT | 12 | 100 | 69 | ((45+32)+(23-x))=31 | 45 32 + 23 x - + 31 = | 45:seashell 32:seashell +:seashell 23:seashell x:seashell -:seashell +:seashell 31:seashell =:seashell
EXPR: 0 | POS | INT | 12 | 100 | 23 | 45=((23+(31+x))-32) | 45 23 31 x + + 32 - = | 45:seashell 23:seashell 31:seashell x:seashell +:seashell +:seashell 32:seashell -:seashell =:seashell
EXPR: 0 | POS | INT | 12 | 100 | 5 | ((45+(23-31))-x)=32 | 45 23 31 - + x - 32 = | 45:seashell 23:seashell 31:seashell -:seashell +:seashell x:seashell -:seashell 32:seashell =:seashell
EXPR: 0 | POS | INT | 12 | 100 | 67 | ((45+(23+31))-x)=32 | 45 23 31 + + x - 32 = | 45:seashell 23:seashell 31:seashell +:seashell +:seashell x:seashell -:seashell 32:seashell =:seashell
EXPR: 0 | POS | INT | 12 | 100 | 21 | 23=((45-(32-31))-x) | 23 45 32 31 - - x - = | 23:seashell 45:seashell 32:seashell 31:seashell -:seashell -:seashell x:seashell -:seashell =:seashell
EXPR: 0 | POS | INT | 12 | 100 | 21 | (((23-45)+32)+x)=31 | 23 45 - 32 + x + 31 = | 23:seashell 45:seashell -:seashell 32:seashell +:seashell x:seashell +:seashell 31:seashell =:seashell
EXPR: 0 | POS | INT | 12 | 100 | 85 | 45=(23-(31+(32-x))) | 45 23 31 32 x - + - = | 45:seashell 23:seashell 31:seashell 32:seashell x:seashell -:seashell +:seashell -:seashell =:seashell
EXPR: 0 | POS | INT | 12 | 100 | 41 | (45-(32+(23-x)))=31 | 45 32 23 x - + - 31 = | 45:seashell 32:seashell 23:seashell x:seashell -:seashell +:seashell -:seashell 31:seashell =:seashell
EXPR: 0 | POS | INT | 12 | 100 | 21 | (((23-45)+x)+32)=31 | 23 45 - x + 32 + 31 = | 23:seashell 45:seashell -:seashell x:seashell +:seashell 32:seashell +:seashell 31:seashell =:seashell
EXPR: 0 | POS | INT | 12 | 100 | 23 | 23=((45+(32-31))-x) | 23 45 32 31 - + x - = | 23:seashell 45:seashell 32:seashell 31:seashell -:seashell +:seashell x:seashell -:seashell =:seashell
EXPR: 0 | POS | INT | 12 | 100 | 21 | 45=(23+(x-(31-32))) | 45 23 x 31 32 - - + = | 45:seashell 23:seashell x:seashell 31:seashell 32:seashell -:seashell -:seashell +:seashell =:seashell
EXPR: 0 | POS | INT | 12 | 100 | 85 | 23=((45+(32+31))-x) | 23 45 32 31 + + x - = | 23:seashell 45:seashell 32:seashell 31:seashell +:seashell +:seashell x:seashell -:seashell =:seashell
EXPR: 0 | POS | INT | 12 | 100 | 85 | (((23-45)-32)+x)=31 | 23 45 - 32 - x + 31 = | 23:seashell 45:seashell -:seashell 32:seashell -:seashell x:seashell +:seashell 31:seashell =:seashell
EXPR: 0 | POS | INT | 12 | 100 | 23 | 23=(((45-x)+32)-31) | 23 45 x - 32 + 31 - = | 23:seashell 45:seashell x:seashell -:seashell 32:seashell +:seashell 31:seashell -:seashell =:seashell
EXPR: 0 | POS | INT | 12 | 100 | 21 | (45-x)=((23+32)-31) | 45 x - 23 32 + 31 - = | 45:seashell x:seashell -:seashell 23:seashell 32:seashell +:seashell 31:seashell -:seashell =:seashell
EXPR: 0 | POS | INT | 12 | 100 | 41 | 23=((45-(32+31))+x) | 23 45 32 31 + - x + = | 23:seashell 45:seashell 32:seashell 31:seashell +:seashell -:seashell x:seashell +:seashell =:seashell
EXPR: 0 | POS | INT | 12 | 100 | 23 | 45=(((23+x)+31)-32) | 45 23 x + 31 + 32 - = | 45:seashell 23:seashell x:seashell +:seashell 31:seashell +:seashell 32:seashell -:seashell =:seashell
EXPR: 0 | POS | INT | 12 | 100 | 41 | (((45-23)-31)+x)=32 | 45 23 - 31 - x + 32 = | 45:seashell 23:seashell -:seashell 31:seashell -:seashell x:seashell +:seashell 32:seashell =:seashell
EXPR: 0 | POS | INT | 12 | 100 | 23 | 23=((45+(32-x))-31) | 23 45 32 x - + 31 - = | 23:seashell 45:seashell 32:seashell x:seashell -:seashell +:seashell 31:seashell -:seashell =:seashell
EXPR: 0 | POS | INT | 12 | 100 | 67 | 45=((x+(32-23))-31) | 45 x 32 23 - + 31 - = | 45:seashell x:seashell 32:seashell 23:seashell -:seashell +:seashell 31:seashell -:seashell =:seashell
EXPR: 0 | POS | INT | 12 | 100 | 67 | 23=((x-(45-32))-31) | 23 x 45 32 - - 31 - = | 23:seashell x:seashell 45:seashell 32:seashell -:seashell -:seashell 31:seashell -:seashell =:seashell
EXPR: 0 | POS | INT | 12 | 100 | 5 | (45-((x+32)-23))=31 | 45 x 32 + 23 - - 31 = | 45:seashell x:seashell 32:seashell +:seashell 23:seashell -:seashell -:seashell 31:seashell =:seashell
EXPR: 0 | POS | INT | 12 | 100 | 69 | (45-((x-32)-23))=31 | 45 x 32 - 23 - - 31 = | 45:seashell x:seashell 32:seashell -:seashell 23:seashell -:seashell -:seashell 31:seashell =:seashell
EXPR: 0 | POS | INT | 12 | 100 | 41 | (45+((x-32)-23))=31 | 45 x 32 - 23 - + 31 = | 45:seashell x:seashell 32:seashell -:seashell 23:seashell -:seashell +:seashell 31:seashell =:seashell
EXPR: 0 | POS | INT | 12 | 100 | 23 | (45-((x-32)+23))=31 | 45 x 32 - 23 + - 31 = | 45:seashell x:seashell 32:seashell -:seashell 23:seashell +:seashell -:seashell 31:seashell =:seashell
EXPR: 0 | POS | INT | 12 | 100 | 21 | 45=(((x+32)+23)-31) | 45 x 32 + 23 + 31 - = | 45:seashell x:seashell 32:seashell +:seashell 23:seashell +:seashell 31:seashell -:seashell =:seashell
EXPR: 0 | POS | INT | 12 | 100 | 85 | 45=(((x-32)+23)-31) | 45 x 32 - 23 + 31 - = | 45:seashell x:seashell 32:seashell -:seashell 23:seashell +:seashell 31:seashell -:seashell =:seashell
EXPR: 0 | POS | INT | 20 | 100 | 41 | x=(23-((45-31)-32)) | x 23 45 31 - 32 - - = | x:seashell 23:seashell 45:seashell 31:seashell -:seashell 32:seashell -:seashell -:seashell =:seashell
EXPR: 0 | POS | INT | 20 | 100 | 131 | x=(23+((45+31)+32)) | x 23 45 31 + 32 + + = | x:seashell 23:seashell 45:seashell 31:seashell +:seashell 32:seashell +:seashell +:seashell =:seashell
EXPR: 0 | POS | INT | 20 | 100 | 5 | x=(23+((45-31)-32)) | x 23 45 31 - 32 - + = | x:seashell 23:seashell 45:seashell 31:seashell -:seashell 32:seashell -:seashell +:seashell =:seashell
EXPR: 0 | POS | INT | 20 | 100 | 41 | x=(((23-45)+31)+32) | x 23 45 - 31 + 32 + = | x:seashell 23:seashell 45:seashell -:seashell 31:seashell +:seashell 32:seashell +:seashell =:seashell
EXPR: 0 | POS | INT | 20 | 100 | 67 | (23+(45+(31-32)))=x | 23 45 31 32 - + + x = | 23:seashell 45:seashell 31:seashell 32:seashell -:seashell +:seashell +:seashell x:seashell =:seashell
EXPR: 0 | POS | INT | 20 | 100 | 69 | (23+(45-(31-32)))=x | 23 45 31 32 - - + x = | 23:seashell 45:seashell 31:seashell 32:seashell -:seashell -:seashell +:seashell x:seashell =:seashell
EXPR: 0 | POS | INT | 20 | 100 | 5 | ((23+(45-31))-32)=x | 23 45 31 - + 32 - x = | 23:seashell 45:seashell 31:seashell -:seashell +:seashell 32:seashell -:seashell x:seashell =:seashell
EXPR: 0 | POS | INT | 20 | 100 | 69 | x=(23+(45-(31-32))) | x 23 45 31 32 - - + = | x:seashell 23:seashell 45:seashell 31:seashell 32:seashell -:seashell -:seashell +:seashell =:seashell
EXPR: 0 | POS | INT | 20 | 100 | 67 | x=(23+(45+(31-32))) | x 23 45 31 32 - + + = | x:seashell 23:seashell 45:seashell 31:seashell 32:seashell -:seashell +:seashell +:seashell =:seashell
EXPR: 0 | POS | INT | 20 | 100 | 69 | x=(23+((45-31)+32)) | x 23 45 31 - 32 + + = | x:seashell 23:seashell 45:seashell 31:seashell -:seashell 32:seashell +:seashell +:seashell =:seashell
EXPR: 0 | POS | INT | 22 | 100 | 131 | (45+23)=((x-31)-32) | 45 23 + x 31 - 32 - = | 45:seashell 23:seashell +:seashell x:seashell 31:seashell -:seashell 32:seashell -:seashell =:seashell
EXPR: 0 | POS | INT | 22 | 100 | 41 | ((x-23)+45)=(32+31) | x 23 - 45 + 32 31 + = | x:seashell 23:seashell -:seashell 45:seashell +:seashell 32:seashell 31:seashell +:seashell =:seashell
EXPR: 0 | POS | INT | 22 | 100 | 67 | ((x-45)+32)=(23+31) | x 45 - 32 + 23 31 + = | x:seashell 45:seashell -:seashell 32:seashell +:seashell 23:seashell 31:seashell +:seashell =:seashell
EXPR: 0 | POS | INT | 22 | 100 | 5 | ((x-45)+32)=(23-31) | x 45 - 32 + 23 31 - = | x:seashell 45:seashell -:seashell 32:seashell +:seashell 23:seashell 31:seashell -:seashell =:seashell
EXPR: 0 | POS | INT | 22 | 100 | 23 | (x+23)=((45+32)-31) | x 23 + 45 32 + 31 - = | x:seashell 23:seashell +:seashell 45:seashell 32:seashell +:seashell 31:seashell -:seashell =:seashell
EXPR: 0 | POS | INT | 22 | 100 | 69 | (x-23)=((45+32)-31) | x 23 - 45 32 + 31 - = | x:seashell 23:seashell -:seashell 45:seashell 32:seashell +:seashell 31:seashell -:seashell =:seashell
EXPR: 0 | POS | INT | 22 | 100 | 85 | (45+32)=((x+23)-31) | 45 32 + x 23 + 31 - = | 45:seashell 32:seashell +:seashell x:seashell 23:seashell +:seashell 31:seashell -:seashell =:seashell
EXPR: 0 | POS | INT | 22 | 100 | 21 | (45-32)=((x+23)-31) | 45 32 - x 23 + 31 - = | 45:seashell 32:seashell -:seashell x:seashell 23:seashell +:seashell 31:seashell -:seashell =:seashell
EXPR: 0 | POS | INT | 22 | 100 | 85 | ((x+23)-(45+31))=32 | x 23 + 45 31 + - 32 = | x:seashell 23:seashell +:seashell 45:seashell 31:seashell +:seashell -:seashell 32:seashell =:seashell
EXPR: 0 | POS | INT | 22 | 100 | 5 | (45-(32-23))=(31+x) | 45 32 23 - - 31 x + = | 45:seashell 32:seashell 23:seashell -:seashell -:seashell 31:seashell x:seashell +:seashell =:seashell
EXPR: 0 | POS | INT | 22 | 100 | 67 | (45-32)=((x-23)-31) | 45 32 - x 23 - 31 - = | 45:seashell 32:seashell -:seashell x:seashell 23:seashell -:seashell 31:seashell -:seashell =:seashell
EXPR: 0 | POS | INT | 22 | 100 | 131 | (45+32)=((x-23)-31) | 45 32 + x 23 - 31 - = | 45:seashell 32:seashell +:seashell x:seashell 23:seashell -:seashell 31:seashell -:seashell =:seashell
EXPR: 0 | POS | INT | 22 | 100 | 23 | (23-45)=((32-x)-31) | 23 45 - 32 x - 31 - = | 23:seashell 45:seashell -:seashell 32:seashell x:seashell -:seashell 31:seashell -:seashell =:seashell
EXPR: 0 | POS | INT | 22 | 100 | 69 | (45+32)=((x-23)+31) | 45 32 + x 23 - 31 + = | 45:seashell 32:seashell +:seashell x:seashell 23:seashell -:seashell 31:seashell +:seashell =:seashell
EXPR: 0 | POS | INT | 22 | 100 | 5 | (45-(32-23))=(x+31) | 45 32 23 - - x 31 + = | 45:seashell 32:seashell 23:seashell -:seashell -:seashell x:seashell 31:seashell +:seashell =:seashell
EXPR: 0 | POS | INT | 22 | 100 | 23 | ((x+23)-(45-31))=32 | x 23 + 45 31 - - 32 = | x:seashell 23:seashell +:seashell 45:seashell 31:seashell -:seashell -:seashell 32:seashell =:seashell
EXPR: 0 | POS | INT | 22 | 100 | 85 | 23=(((45+31)+32)-x) | 23 45 31 + 32 + x - = | 23:seashell 45:seashell 31:seashell +:seashell 32:seashell +:seashell x:seashell -:seashell =:seashell
EXPR: 0 | POS | INT | 22 | 100 | 21 | 23=(((45+31)-32)-x) | 23 45 31 + 32 - x - = | 23:seashell 45:seashell 31:seashell +:seashell 32:seashell -:seashell x:seashell -:seashell =:seashell
EXPR: 0 | POS | INT | 22 | 100 | 23 | 23=(((45-31)+32)-x) | 23 45 31 - 32 + x - = | 23:seashell 45:seashell 31:seashell -:seashell 32:seashell +:seashell x:seashell -:seashell =:seashell
EXPR: 0 | POS | INT | 22 | 100 | 69 | ((x-23)-45)=(32-31) | x 23 - 45 - 32 31 - = | x:seashell 23:seashell -:seashell 45:seashell -:seashell 32:seashell 31:seashell -:seashell =:seashell
EXPR: 0 | POS | INT | 22 | 100 | 41 | 23=(((45-31)-32)+x) | 23 45 31 - 32 - x + = | 23:seashell 45:seashell 31:seashell -:seashell 32:seashell -:seashell x:seashell +:seashell =:seashell
EXPR: 0 | POS | INT | 22 | 100 | 23 | 23=(45-(x+(31-32))) | 23 45 x 31 32 - + - = | 23:seashell 45:seashell x:seashell 31:seashell 32:seashell -:seashell +:seashell -:seashell =:seashell
EXPR: 0 | POS | INT | 22 | 100 | 21 | 23=(45-(x-(31-32))) | 23 45 x 31 32 - - - = | 23:seashell 45:seashell x:seashell 31:seashell 32:seashell -:seashell -:seashell -:seashell =:seashell
EXPR: 0 | POS | INT | 22 | 100 | 131 | (45+32)=(x-(23+31)) | 45 32 + x 23 31 + - = | 45:seashell 32:seashell +:seashell x:seashell 23:seashell 31:seashell +:seashell -:seashell =:seashell
EXPR: 0 | POS | INT | 22 | 100 | 67 | (45-32)=(x-(23+31)) | 45 32 - x 23 31 + - = | 45:seashell 32:seashell -:seashell x:seashell 23:seashell 31:seashell +:seashell -:seashell =:seashell
EXPR: 0 | POS | INT | 22 | 100 | 23 | ((x+23)-45)=(32-31) | x 23 + 45 - 32 31 - = | x:seashell 23:seashell +:seashell 45:seashell -:seashell 32:seashell 31:seashell -:seashell =:seashell
EXPR: 0 | POS | INT | 22 | 100 | 23 | ((23+x)-45)=(32-31) | 23 x + 45 - 32 31 - = | 23:seashell x:seashell +:seashell 45:seashell -:seashell 32:seashell 31:seashell -:seashell =:seashell
EXPR: 0 | POS | INT | 22 | 100 | 23 | (45+32)=((x+23)+31) | 45 32 + x 23 + 31 + = | 45:seashell 32:seashell +:seashell x:seashell 23:seashell +:seashell 31:seashell +:seashell =:seashell
EXPR: 0 | POS | INT | 22 | 100 | 23 | ((45+32)-x)=(23+31) | 45 32 + x - 23 31 + = | 45:seashell 32:seashell +:seashell x:seashell -:seashell 23:seashell 31:seashell +:seashell =:seashell
EXPR: 0 | POS | INT | 22 | 100 | 85 | 23=(45+(31-(x-32))) | 23 45 31 x 32 - - + = | 23:seashell 45:seashell 31:seashell x:seashell 32:seashell -:seashell -:seashell +:seashell =:seashell
EXPR: 0 | POS | INT | 22 | 100 | 23 | (45+(32-23))=(31+x) | 45 32 23 - + 31 x + = | 45:seashell 32:seashell 23:seashell -:seashell +:seashell 31:seashell x:seashell +:seashell =:seashell
EXPR: 0 | POS | INT | 22 | 100 | 85 | (23-((45-x)+31))=32 | 23 45 x - 31 + - 32 = | 23:seashell 45:seashell x:seashell -:seashell 31:seashell +:seashell -:seashell 32:seashell =:seashell
EXPR: 0 | POS | INT | 22 | 100 | 69 | (45+23)=(x+(31-32)) | 45 23 + x 31 32 - + = | 45:seashell 23:seashell +:seashell x:seashell 31:seashell 32:seashell -:seashell +:seashell =:seashell
EXPR: 0 | POS | INT | 22 | 100 | 85 | ((x+23)-45)=(32+31) | x 23 + 45 - 32 31 + = | x:seashell 23:seashell +:seashell 45:seashell -:seashell 32:seashell 31:seashell +:seashell =:seashell
EXPR: 0 | POS | INT | 22 | 100 | 41 | ((x-23)+(45-31))=32 | x 23 - 45 31 - + 32 = | x:seashell 23:seashell -:seashell 45:seashell 31:seashell -:seashell +:seashell 32:seashell =:seashell
EXPR: 0 | POS | INT | 22 | 100 | 67 | (45+23)=(x-(31-32)) | 45 23 + x 31 32 - - = | 45:seashell 23:seashell +:seashell x:seashell 31:seashell 32:seashell -:seashell -:seashell =:seashell
EXPR: 0 | POS | INT | 22 | 100 | 23 | (45-23)=(x+(31-32)) | 45 23 - x 31 32 - + = | 45:seashell 23:seashell -:seashell x:seashell 31:seashell 32:seashell -:seashell +:seashell =:seashell
EXPR: 0 | POS | INT | 22 | 100 | 21 | (45-23)=(x-(31-32)) | 45 23 - x 31 32 - - = | 45:seashell 23:seashell -:seashell x:seashell 31:seashell 32:seashell -:seashell -:seashell =:seashell
EXPR: 0 | POS | INT | 22 | 100 | 23 | (23-((45-x)-31))=32 | 23 45 x - 31 - - 32 = | 23:seashell 45:seashell x:seashell -:seashell 31:seashell -:seashell -:seashell 32:seashell =:seashell
EXPR: 0 | POS | INT | 22 | 100 | 21 | 23=(45+(31-(x+32))) | 23 45 31 x 32 + - + = | 23:seashell 45:seashell 31:seashell x:seashell 32:seashell +:seashell -:seashell +:seashell =:seashell
EXPR: 0 | POS | INT | 22 | 100 | 23 | 23=(45-(31+(x-32))) | 23 45 31 x 32 - + - = | 23:seashell 45:seashell 31:seashell x:seashell 32:seashell -:seashell +:seashell -:seashell =:seashell
EXPR: 0 | POS | INT | 22 | 100 | 41 | 23=(45-(31-(x-32))) | 23 45 31 x 32 - - - = | 23:seashell 45:seashell 31:seashell x:seashell 32:seashell -:seashell -:seashell -:seashell =:seashell
EXPR: 0 | POS | INT | 22 | 100 | 85 | ((23+x)-45)=(32+31) | 23 x + 45 - 32 31 + = | 23:seashell x:seashell +:seashell 45:seashell -:seashell 32:seashell 31:seashell +:seashell =:seashell
EXPR: 0 | POS | INT | 22 | 100 | 41 | (23-45)=(x-(32+31)) | 23 45 - x 32 31 + - = | 23:seashell 45:seashell -:seashell x:seashell 32:seashell 31:seashell +:seashell -:seashell =:seashell
EXPR: 0 | POS | INT | 22 | 100 | 23 | ((45+32)-23)=(31+x) | 45 32 + 23 - 31 x + = | 45:seashell 32:seashell +:seashell 23:seashell -:seashell 31:seashell x:seashell +:seashell =:seashell
EXPR: 0 | POS | INT | 22 | 100 | 69 | ((45+32)+23)=(31+x) | 45 32 + 23 + 31 x + = | 45:seashell 32:seashell +:seashell 23:seashell +:seashell 31:seashell x:seashell +:seashell =:seashell
EXPR: 0 | POS | INT | 22 | 100 | 131 | ((x-23)-45)=(32+31) | x 23 - 45 - 32 31 + = | x:seashell 23:seashell -:seashell 45:seashell -:seashell 32:seashell 31:seashell +:seashell =:seashell
EXPR: 0 | POS | INT | 22 | 100 | 21 | (45-x)=((23-31)+32) | 45 x - 23 31 - 32 + = | 45:seashell x:seashell -:seashell 23:seashell 31:seashell -:seashell 32:seashell +:seashell =:seashell
EXPR: 0 | POS | INT | 22 | 100 | 67 | (x-45)=((23+31)-32) | x 45 - 23 31 + 32 - = | x:seashell 45:seashell -:seashell 23:seashell 31:seashell +:seashell 32:seashell -:seashell =:seashell
EXPR: 0 | POS | INT | 22 | 100 | 131 | ((x-45)-32)=(23+31) | x 45 - 32 - 23 31 + = | x:seashell 45:seashell -:seashell 32:seashell -:seashell 23:seashell 31:seashell +:seashell =:seashell
EXPR: 0 | POS | INT | 22 | 100 | 67 | (45-x)=((32-23)-31) | 45 x - 32 23 - 31 - = | 45:seashell x:seashell -:seashell 32:seashell 23:seashell -:seashell 31:seashell -:seashell =:seashell
EXPR: 0 | POS | INT | 22 | 100 | 41 | 23=(45-(31+(32-x))) | 23 45 31 32 x - + - = | 23:seashell 45:seashell 31:seashell 32:seashell x:seashell -:seashell +:seashell -:seashell =:seashell
EXPR: 0 | POS | INT | 22 | 100 | 67 | ((45+23)+31)=(32+x) | 45 23 + 31 + 32 x + = | 45:seashell 23:seashell +:seashell 31:seashell +:seashell 32:seashell x:seashell +:seashell =:seashell
EXPR: 0 | POS | INT | 22 | 100 | 23 | (23+x)=((45+32)-31) | 23 x + 45 32 + 31 - = | 23:seashell x:seashell +:seashell 45:seashell 32:seashell +:seashell 31:seashell -:seashell =:seashell
EXPR: 0 | POS | INT | 22 | 100 | 5 | ((23+(45-31))-x)=32 | 23 45 31 - + x - 32 = | 23:seashell 45:seashell 31:seashell -:seashell +:seashell x:seashell -:seashell 32:seashell =:seashell
EXPR: 0 | POS | INT | 22 | 100 | 69 | (45+23)=((x+31)-32) | 45 23 + x 31 + 32 - = | 45:seashell 23:seashell +:seashell x:seashell 31:seashell +:seashell 32:seashell -:seashell =:seashell
EXPR: 0 | POS | INT | 22 | 100 | 41 | 23=(((x+45)-31)-32) | 23 x 45 + 31 - 32 - = | 23:seashell x:seashell 45:seashell +:seashell 31:seashell -:seashell 32:seashell -:seashell =:seashell
EXPR: 0 | POS | INT | 22 | 100 | 67 | ((23+(45+31))-x)=32 | 23 45 31 + + x - 32 = | 23:seashell 45:seashell 31:seashell +:seashell +:seashell x:seashell -:seashell 32:seashell =:seashell
EXPR: 0 | POS | INT | 22 | 100 | 23 | (((23-45)+x)+31)=32 | 23 45 - x + 31 + 32 = | 23:seashell 45:seashell -:seashell x:seashell +:seashell 31:seashell +:seashell 32:seashell =:seashell
EXPR: 0 | POS | INT | 22 | 100 | 85 | (45+32)=(23+(x-31)) | 45 32 + 23 x 31 - + = | 45:seashell 32:seashell +:seashell 23:seashell x:seashell 31:seashell -:seashell +:seashell =:seashell
EXPR: 0 | POS | INT | 22 | 100 | 67 | 23=(x-(45+(31-32))) | 23 x 45 31 32 - + - = | 23:seashell x:seashell 45:seashell 31:seashell 32:seashell -:seashell +:seashell -:seashell =:seashell
EXPR: 0 | POS | INT | 22 | 100 | 21 | (45-32)=(23+(x-31)) | 45 32 - 23 x 31 - + = | 45:seashell 32:seashell -:seashell 23:seashell x:seashell 31:seashell -:seashell +:seashell =:seashell
EXPR: 0 | POS | INT | 22 | 100 | 85 | 23=(45+(31+(32-x))) | 23 45 31 32 x - + + = | 23:seashell 45:seashell 31:seashell 32:seashell x:seashell -:seashell +:seashell +:seashell =:seashell
EXPR: 0 | POS | INT | 22 | 100 | 67 | 23=(((x-45)-31)+32) | 23 x 45 - 31 - 32 + = | 23:seashell x:seashell 45:seashell -:seashell 31:seashell -:seashell 32:seashell +:seashell =:seashell
EXPR: 0 | POS | INT | 25 | 100 | 21 | x=((45+(31-23))-32) | x 45 31 23 - + 32 - = | x:seashell 45:seashell 31:seashell 23:seashell -:seashell +:seashell 32:seashell -:seashell =:seashell
EXPR: 0 | POS | INT | 25 | 100 | 21 | x=(((45+31)-23)-32) | x 45 31 + 23 - 32 - = | x:seashell 45:seashell 31:seashell +:seashell 23:seashell -:seashell 32:seashell -:seashell =:seashell
EXPR: 0 | POS | INT | 25 | 100 | 67 | x=(((45+31)+23)-32) | x 45 31 + 23 + 32 - = | x:seashell 45:seashell 31:seashell +:seashell 23:seashell +:seashell 32:seashell -:seashell =:seashell
EXPR: 0 | POS | INT | 25 | 100 | 69 | x=(32+((45+23)-31)) | x 32 45 23 + 31 - + = | x:seashell 32:seashell 45:seashell 23:seashell +:seashell 31:seashell -:seashell +:seashell =:seashell
EXPR: 0 | POS | INT | 25 | 100 | 5 | x=(45-((31-23)+32)) | x 45 31 23 - 32 + - = | x:seashell 45:seashell 31:seashell 23:seashell -:seashell 32:seashell +:seashell -:seashell =:seashell
EXPR: 0 | POS | INT | 25 | 100 | 21 | x=(45+((31-23)-32)) | x 45 31 23 - 32 - + = | x:seashell 45:seashell 31:seashell 23:seashell -:seashell 32:seashell -:seashell +:seashell =:seashell
EXPR: 0 | POS | INT | 25 | 100 | 85 | x=(45+((31-23)+32)) | x 45 31 23 - 32 + + = | x:seashell 45:seashell 31:seashell 23:seashell -:seashell 32:seashell +:seashell +:seashell =:seashell
EXPR: 0 | POS | INT | 25 | 100 | 85 | (45+((31-23)+32))=x | 45 31 23 - 32 + + x = | 45:seashell 31:seashell 23:seashell -:seashell 32:seashell +:seashell +:seashell x:seashell =:seashell
EXPR: 0 | POS | INT | 25 | 100 | 85 | x=(32+((45-23)+31)) | x 32 45 23 - 31 + + = | x:seashell 32:seashell 45:seashell 23:seashell -:seashell 31:seashell +:seashell +:seashell =:seashell
EXPR: 0 | POS | INT | 25 | 100 | 69 | x=(45-((31-23)-32)) | x 45 31 23 - 32 - - = | x:seashell 45:seashell 31:seashell 23:seashell -:seashell 32:seashell -:seashell -:seashell =:seashell
EXPR: 0 | POS | INT | 25 | 100 | 85 | ((45+(32+31))-23)=x | 45 32 31 + + 23 - x = | 45:seashell 32:seashell 31:seashell +:seashell +:seashell 23:seashell -:seashell x:seashell =:seashell
EXPR: 0 | POS | INT | 25 | 100 | 67 | x=(23-((32-45)-31)) | x 23 32 45 - 31 - - = | x:seashell 23:seashell 32:seashell 45:seashell -:seashell 31:seashell -:seashell -:seashell =:seashell
EXPR: 0 | POS | INT | 25 | 100 | 69 | ((45+(32-31))+23)=x | 45 32 31 - + 23 + x = | 45:seashell 32:seashell 31:seashell -:seashell +:seashell 23:seashell +:seashell x:seashell =:seashell
EXPR: 0 | POS | INT | 25 | 100 | 131 | x=(32+((45+23)+31)) | x 32 45 23 + 31 + + = | x:seashell 32:seashell 45:seashell 23:seashell +:seashell 31:seashell +:seashell +:seashell =:seashell
EXPR: 0 | POS | INT | 25 | 100 | 67 | (((45+31)+23)-32)=x | 45 31 + 23 + 32 - x = | 45:seashell 31:seashell +:seashell 23:seashell +:seashell 32:seashell -:seashell x:seashell =:seashell
EXPR: 0 | POS | INT | 25 | 100 | 23 | x=(32+((45-23)-31)) | x 32 45 23 - 31 - + = | x:seashell 32:seashell 45:seashell 23:seashell -:seashell 31:seashell -:seashell +:seashell =:seashell
EXPR: 0 | POS | INT | 25 | 100 | 41 | x=(23+((32-45)+31)) | x 23 32 45 - 31 + + = | x:seashell 23:seashell 32:seashell 45:seashell -:seashell 31:seashell +:seashell +:seashell =:seashell
EXPR: 0 | POS | INT | 25 | 100 | 85 | x=(((45+32)+31)-23) | x 45 32 + 31 + 23 - = | x:seashell 45:seashell 32:seashell +:seashell 31:seashell +:seashell 23:seashell -:seashell =:seashell
EXPR: 0 | POS | INT | 25 | 100 | 21 | x=(((45-32)+31)-23) | x 45 32 - 31 + 23 - = | x:seashell 45:seashell 32:seashell -:seashell 31:seashell +:seashell 23:seashell -:seashell =:seashell
EXPR: 0 | POS | INT | 25 | 100 | 21 | x=(45-((32-31)+23)) | x 45 32 31 - 23 + - = | x:seashell 45:seashell 32:seashell 31:seashell -:seashell 23:seashell +:seashell -:seashell =:seashell
EXPR: 0 | POS | INT | 25 | 100 | 23 | x=((45-31)-(23-32)) | x 45 31 - 23 32 - - = | x:seashell 45:seashell 31:seashell -:seashell 23:seashell 32:seashell -:seashell -:seashell =:seashell
EXPR: 0 | POS | INT | 25 | 100 | 41 | x=((32-45)+(23+31)) | x 32 45 - 23 31 + + = | x:seashell 32:seashell 45:seashell -:seashell 23:seashell 31:seashell +:seashell +:seashell =:seashell
EXPR: 0 | POS | INT | 25 | 100 | 69 | x=((45-31)+(23+32)) | x 45 31 - 23 32 + + = | x:seashell 45:seashell 31:seashell -:seashell 23:seashell 32:seashell +:seashell +:seashell =:seashell
EXPR: 0 | POS | INT | 25 | 100 | 69 | x=((45-(31-23))+32) | x 45 31 23 - - 32 + = | x:seashell 45:seashell 31:seashell 23:seashell -:seashell -:seashell 32:seashell +:seashell =:seashell
EXPR: 0 | POS | INT | 25 | 100 | 5 | x=((23-32)+(45-31)) | x 23 32 - 45 31 - + = | x:seashell 23:seashell 32:seashell -:seashell 45:seashell 31:seashell -:seashell +:seashell =:seashell
EXPR: 0 | POS | INT | 25 | 100 | 85 | x=(45+((32+31)-23)) | x 45 32 31 + 23 - + = | x:seashell 45:seashell 32:seashell 31:seashell +:seashell 23:seashell -:seashell +:seashell =:seashell
EXPR: 0 | POS | INT | 25 | 100 | 5 | x=((45-(31-23))-32) | x 45 31 23 - - 32 - = | x:seashell 45:seashell 31:seashell 23:seashell -:seashell -:seashell 32:seashell -:seashell =:seashell
EXPR: 0 | POS | INT | 25 | 100 | 69 | ((45+32)-(31-23))=x | 45 32 + 31 23 - - x = | 45:seashell 32:seashell +:seashell 31:seashell 23:seashell -:seashell -:seashell x:seashell =:seashell
EXPR: 0 | POS | INT | 25 | 100 | 131 | x=((45+31)+(23+32)) | x 45 31 + 23 32 + + = | x:seashell 45:seashell 31:seashell +:seashell 23:seashell 32:seashell +:seashell +:seashell =:seashell
EXPR: 0 | POS | INT | 25 | 100 | 85 | x=((45+32)+(31-23)) | x 45 32 + 31 23 - + = | x:seashell 45:seashell 32:seashell +:seashell 31:seashell 23:seashell -:seashell +:seashell =:seashell
EXPR: 0 | POS | INT | 25 | 100 | 5 | ((45-32)-(31-23))=x | 45 32 - 31 23 - - x = | 45:seashell 32:seashell -:seashell 31:seashell 23:seashell -:seashell -:seashell x:seashell =:seashell
EXPR: 0 | POS | INT | 25 | 100 | 85 | ((45+32)+(31-23))=x | 45 32 + 31 23 - + x = | 45:seashell 32:seashell +:seashell 31:seashell 23:seashell -:seashell +:seashell x:seashell =:seashell
EXPR: 0 | POS | INT | 25 | 100 | 85 | x=((45+(31-23))+32) | x 45 31 23 - + 32 + = | x:seashell 45:seashell 31:seashell 23:seashell -:seashell +:seashell 32:seashell +:seashell =:seashell
EXPR: 0 | POS | INT | 25 | 100 | 69 | x=(23+(32+(45-31))) | x 23 32 45 31 - + + = | x:seashell 23:seashell 32:seashell 45:seashell 31:seashell -:seashell +:seashell +:seashell =:seashell
EXPR: 0 | POS | INT | 25 | 100 | 5 | ((45-(32+31))+23)=x | 45 32 31 + - 23 + x = | 45:seashell 32:seashell 31:seashell +:seashell -:seashell 23:seashell +:seashell x:seashell =:seashell
EXPR: 0 | POS | INT | 25 | 100 | 69 | (((45-31)+23)+32)=x | 45 31 - 23 + 32 + x = | 45:seashell 31:seashell -:seashell 23:seashell +:seashell 32:seashell +:seashell x:seashell =:seashell
EXPR: 0 | POS | INT | 25 | 100 | 5 | (45-((32+31)-23))=x | 45 32 31 + 23 - - x = | 45:seashell 32:seashell 31:seashell +:seashell 23:seashell -:seashell -:seashell x:seashell =:seashell
EXPR: 0 | POS | INT | 25 | 100 | 131 | x=(23+(32+(45+31))) | x 23 32 45 31 + + + = | x:seashell 23:seashell 32:seashell 45:seashell 31:seashell +:seashell +:seashell +:seashell =:seashell
EXPR: 0 | POS | INT | 25 | 100 | 23 | ((45+(32-31))-23)=x | 45 32 31 - + 23 - x = | 45:seashell 32:seashell 31:seashell -:seashell +:seashell 23:seashell -:seashell x:seashell =:seashell
EXPR: 0 | POS | INT | 25 | 100 | 23 | (((45-31)-23)+32)=x | 45 31 - 23 - 32 + x = | 45:seashell 31:seashell -:seashell 23:seashell -:seashell 32:seashell +:seashell x:seashell =:seashell
EXPR: 0 | POS | INT | 25 | 100 | 85 | x=(((45+31)-23)+32) | x 45 31 + 23 - 32 + = | x:seashell 45:seashell 31:seashell +:seashell 23:seashell -:seashell 32:seashell +:seashell =:seashell
EXPR: 0 | POS | INT | 25 | 100 | 131 | x=(((45+31)+23)+32) | x 45 31 + 23 + 32 + = | x:seashell 45:seashell 31:seashell +:seashell 23:seashell +:seashell 32:seashell +:seashell =:seashell
EXPR: 0 | POS | INT | 25 | 100 | 85 | x=((45+31)-(23-32)) | x 45 31 + 23 32 - - = | x:seashell 45:seashell 31:seashell +:seashell 23:seashell 32:seashell -:seashell -:seashell =:seashell
EXPR: 0 | POS | INT | 25 | 100 | 67 | (((45-32)+31)+23)=x | 45 32 - 31 + 23 + x = | 45:seashell 32:seashell -:seashell 31:seashell +:seashell 23:seashell +:seashell x:seashell =:seashell
EXPR: 0 | POS | INT | 25 | 100 | 5 | (((45-32)-31)+23)=x | 45 32 - 31 - 23 + x = | 45:seashell 32:seashell -:seashell 31:seashell -:seashell 23:seashell +:seashell x:seashell =:seashell
EXPR: 0 | POS | INT | 25 | 100 | 5 | x=(((45-31)+23)-32) | x 45 31 - 23 + 32 - = | x:seashell 45:seashell 31:seashell -:seashell 23:seashell +:seashell 32:seashell -:seashell =:seashell
EXPR: 0 | POS | INT | 25 | 100 | 85 | (((45+32)+31)-23)=x | 45 32 + 31 + 23 - x = | 45:seashell 32:seashell +:seashell 31:seashell +:seashell 23:seashell -:seashell x:seashell =:seashell
EXPR: 0 | POS | INT | 25 | 100 | 21 | (((45-32)+31)-23)=x | 45 32 - 31 + 23 - x = | 45:seashell 32:seashell -:seashell 31:seashell +:seashell 23:seashell -:seashell x:seashell =:seashell
EXPR: 0 | POS | INT | 25 | 100 | 41 | x=(32-((45-23)-31)) | x 32 45 23 - 31 - - = | x:seashell 32:seashell 45:seashell 23:seashell -:seashell 31:seashell -:seashell -:seashell =:seashell
EXPR: 0 | POS | INT | 25 | 100 | 23 | x=((45+(32-31))-23) | x 45 32 31 - + 23 - = | x:seashell 45:seashell 32:seashell 31:seashell -:seashell +:seashell 23:seashell -:seashell =:seashell
EXPR: 0 | POS | INT | 25 | 100 | 69 | x=((23+32)+(45-31)) | x 23 32 + 45 31 - + = | x:seashell 23:seashell 32:seashell +:seashell 45:seashell 31:seashell -:seashell +:seashell =:seashell
EXPR: 0 | POS | INT | 27 | 100 | 41 | 45=(31+((23+32)-x)) | 45 31 23 32 + x - + = | 45:seashell 31:seashell 23:seashell 32:seashell +:seashell x:seashell -:seashell +:seashell =:seashell
EXPR: 0 | POS | INT | 27 | 100 | 23 | 45=(((31+x)+23)-32) | 45 31 x + 23 + 32 - = | 45:seashell 31:seashell x:seashell +:seashell 23:seashell +:seashell 32:seashell -:seashell =:seashell
EXPR: 0 | POS | INT | 27 | 100 | 21 | ((45+31)-(23+x))=32 | 45 31 + 23 x + - 32 = | 45:seashell 31:seashell +:seashell 23:seashell x:seashell +:seashell -:seashell 32:seashell =:seashell
EXPR: 0 | POS | INT | 27 | 100 | 21 | ((45-x)-(32-31))=23 | 45 x - 32 31 - - 23 = | 45:seashell x:seashell -:seashell 32:seashell 31:seashell -:seashell -:seashell 23:seashell =:seashell
EXPR: 0 | POS | INT | 27 | 100 | 67 | ((45+31)+(23-x))=32 | 45 31 + 23 x - + 32 = | 45:seashell 31:seashell +:seashell 23:seashell x:seashell -:seashell +:seashell 32:seashell =:seashell
EXPR: 0 | POS | INT | 27 | 100 | 21 | ((23+x)+(32-45))=31 | 23 x + 32 45 - + 31 = | 23:seashell x:seashell +:seashell 32:seashell 45:seashell -:seashell +:seashell 31:seashell =:seashell
EXPR: 0 | POS | INT | 27 | 100 | 23 | 45=(31+((23+x)-32)) | 45 31 23 x + 32 - + = | 45:seashell 31:seashell 23:seashell x:seashell +:seashell 32:seashell -:seashell +:seashell =:seashell
EXPR: 0 | POS | INT | 27 | 100 | 21 | 32=((45-(23+x))+31) | 32 45 23 x + - 31 + = | 32:seashell 45:seashell 23:seashell x:seashell +:seashell -:seashell 31:seashell +:seashell =:seashell
EXPR: 0 | POS | INT | 27 | 100 | 5 | 45=(32+(x+(31-23))) | 45 32 x 31 23 - + + = | 45:seashell 32:seashell x:seashell 31:seashell 23:seashell -:seashell +:seashell +:seashell =:seashell
EXPR: 0 | POS | INT | 27 | 100 | 41 | 45=((31-(x-23))+32) | 45 31 x 23 - - 32 + = | 45:seashell 31:seashell x:seashell 23:seashell -:seashell -:seashell 32:seashell +:seashell =:seashell
EXPR: 0 | POS | INT | 27 | 100 | 131 | 23=(x-(32+(45+31))) | 23 x 32 45 31 + + - = | 23:seashell x:seashell 32:seashell 45:seashell 31:seashell +:seashell +:seashell -:seashell =:seashell
EXPR: 0 | POS | INT | 27 | 100 | 69 | 23=(x-(32+(45-31))) | 23 x 32 45 31 - + - = | 23:seashell x:seashell 32:seashell 45:seashell 31:seashell -:seashell +:seashell -:seashell =:seashell
EXPR: 0 | POS | INT | 27 | 100 | 5 | 32=(45+((23-x)-31)) | 32 45 23 x - 31 - + = | 32:seashell 45:seashell 23:seashell x:seashell -:seashell 31:seashell -:seashell +:seashell =:seashell
EXPR: 0 | POS | INT | 27 | 100 | 41 | 45=(((32+31)+23)-x) | 45 32 31 + 23 + x - = | 45:seashell 32:seashell 31:seashell +:seashell 23:seashell +:seashell x:seashell -:seashell =:seashell
EXPR: 0 | POS | INT | 27 | 100 | 67 | ((x+32)-(45+23))=31 | x 32 + 45 23 + - 31 = | x:seashell 32:seashell +:seashell 45:seashell 23:seashell +:seashell -:seashell 31:seashell =:seashell
EXPR: 0 | POS | INT | 27 | 100 | 41 | 32=(45-((23+31)-x)) | 32 45 23 31 + x - - = | 32:seashell 45:seashell 23:seashell 31:seashell +:seashell x:seashell -:seashell -:seashell =:seashell
EXPR: 0 | POS | INT | 27 | 100 | 85 | ((45-x)+(32+31))=23 | 45 x - 32 31 + + 23 = | 45:seashell x:seashell -:seashell 32:seashell 31:seashell +:seashell +:seashell 23:seashell =:seashell
EXPR: 0 | POS | INT | 27 | 100 | 21 | 32=(45-((23-31)+x)) | 32 45 23 31 - x + - = | 32:seashell 45:seashell 23:seashell 31:seashell -:seashell x:seashell +:seashell -:seashell =:seashell
EXPR: 0 | POS | INT | 27 | 100 | 69 | (23-((x-32)-45))=31 | 23 x 32 - 45 - - 31 = | 23:seashell x:seashell 32:seashell -:seashell 45:seashell -:seashell -:seashell 31:seashell =:seashell
EXPR: 0 | POS | INT | 27 | 100 | 21 | 32=(45-((23+x)-31)) | 32 45 23 x + 31 - - = | 32:seashell 45:seashell 23:seashell x:seashell +:seashell 31:seashell -:seashell -:seashell =:seashell
EXPR: 0 | POS | INT | 27 | 100 | 21 | ((x+32)-(45-23))=31 | x 32 + 45 23 - - 31 = | x:seashell 32:seashell +:seashell 45:seashell 23:seashell -:seashell -:seashell 31:seashell =:seashell
EXPR: 0 | POS | INT | 27 | 100 | 41 | 32=(45-((23-x)+31)) | 32 45 23 x - 31 + - = | 32:seashell 45:seashell 23:seashell x:seashell -:seashell 31:seashell +:seashell -:seashell =:seashell
EXPR: 0 | POS | INT | 27 | 100 | 5 | 23=(32+(x-(45-31))) | 23 32 x 45 31 - - + = | 23:seashell 32:seashell x:seashell 45:seashell 31:seashell -:seashell -:seashell +:seashell =:seashell
EXPR: 0 | POS | INT | 27 | 100 | 131 | ((x-32)-(45+23))=31 | x 32 - 45 23 + - 31 = | x:seashell 32:seashell -:seashell 45:seashell 23:seashell +:seashell -:seashell 31:seashell =:seashell
EXPR: 0 | POS | INT | 27 | 100 | 41 | ((x-32)+(45-23))=31 | x 32 - 45 23 - + 31 = | x:seashell 32:seashell -:seashell 45:seashell 23:seashell -:seashell +:seashell 31:seashell =:seashell
EXPR: 0 | POS | INT | 27 | 100 | 21 | 32=(((45-x)-23)+31) | 32 45 x - 23 - 31 + = | 32:seashell 45:seashell x:seashell -:seashell 23:seashell -:seashell 31:seashell +:seashell =:seashell
EXPR: 0 | POS | INT | 27 | 100 | 67 | 32=(45+((23+31)-x)) | 32 45 23 31 + x - + = | 32:seashell 45:seashell 23:seashell 31:seashell +:seashell x:seashell -:seashell +:seashell =:seashell
EXPR: 0 | POS | INT | 27 | 100 | 23 | (45-((x-32)+31))=23 | 45 x 32 - 31 + - 23 = | 45:seashell x:seashell 32:seashell -:seashell 31:seashell +:seashell -:seashell 23:seashell =:seashell
EXPR: 0 | POS | INT | 27 | 100 | 85 | ((x-32)-(45-23))=31 | x 32 - 45 23 - - 31 = | x:seashell 32:seashell -:seashell 45:seashell 23:seashell -:seashell -:seashell 31:seashell =:seashell
EXPR: 0 | POS | INT | 27 | 100 | 5 | 23=(x+(32-(45-31))) | 23 x 32 45 31 - - + = | 23:seashell x:seashell 32:seashell 45:seashell 31:seashell -:seashell -:seashell +:seashell =:seashell
EXPR: 0 | POS | INT | 27 | 100 | 21 | (45-((32+x)-31))=23 | 45 32 x + 31 - - 23 = | 45:seashell 32:seashell x:seashell +:seashell 31:seashell -:seashell -:seashell 23:seashell =:seashell
EXPR: 0 | POS | INT | 27 | 100 | 41 | 45=(32+(31+(23-x))) | 45 32 31 23 x - + + = | 45:seashell 32:seashell 31:seashell 23:seashell x:seashell -:seashell +:seashell +:seashell =:seashell
EXPR: 0 | POS | INT | 27 | 100 | 85 | (45+((32-x)+31))=23 | 45 32 x - 31 + + 23 = | 45:seashell 32:seashell x:seashell -:seashell 31:seashell +:seashell +:seashell 23:seashell =:seashell
EXPR: 0 | POS | INT | 27 | 100 | 69 | 45=(31+(x-(23+32))) | 45 31 x 23 32 + - + = | 45:seashell 31:seashell x:seashell 23:seashell 32:seashell +:seashell -:seashell +:seashell =:seashell
EXPR: 0 | POS | INT | 27 | 100 | 67 | (45+((31-x)+23))=32 | 45 31 x - 23 + + 32 = | 45:seashell 31:seashell x:seashell -:seashell 23:seashell +:seashell +:seashell 32:seashell =:seashell
EXPR: 0 | POS | INT | 27 | 100 | 41 | ((45+(x-31))-23)=32 | 45 x 31 - + 23 - 32 = | 45:seashell x:seashell 31:seashell -:seashell +:seashell 23:seashell -:seashell 32:seashell =:seashell
EXPR: 0 | POS | INT | 27 | 100 | 5 | 45=(31+(x-(23-32))) | 45 31 x 23 32 - - + = | 45:seashell 31:seashell x:seashell 23:seashell 32:seashell -:seashell -:seashell +:seashell =:seashell
EXPR: 0 | POS | INT | 27 | 100 | 85 | 32=(x-((45-23)+31)) | 32 x 45 23 - 31 + - = | 32:seashell x:seashell 45:seashell 23:seashell -:seashell 31:seashell +:seashell -:seashell =:seashell
EXPR: 0 | POS | INT | 27 | 100 | 67 | 23=(x+(32-(45+31))) | 23 x 32 45 31 + - + = | 23:seashell x:seashell 32:seashell 45:seashell 31:seashell +:seashell -:seashell +:seashell =:seashell
EXPR: 0 | POS | INT | 27 | 100 | 131 | 32=(x-((45+23)+31)) | 32 x 45 23 + 31 + - = | 32:seashell x:seashell 45:seashell 23:seashell +:seashell 31:seashell +:seashell -:seashell =:seashell
EXPR: 0 | POS | INT | 27 | 100 | 85 | (((45+32)-x)+31)=23 | 45 32 + x - 31 + 23 = | 45:seashell 32:seashell +:seashell x:seashell -:seashell 31:seashell +:seashell 23:seashell =:seashell
EXPR: 0 | POS | INT | 27 | 100 | 5 | ((23-x)-(32-45))=31 | 23 x - 32 45 - - 31 = | 23:seashell x:seashell -:seashell 32:seashell 45:seashell -:seashell -:seashell 31:seashell =:seashell
EXPR: 0 | POS | INT | 27 | 100 | 69 | 32=(x-((45+23)-31)) | 32 x 45 23 + 31 - - = | 32:seashell x:seashell 45:seashell 23:seashell +:seashell 31:seashell -:seashell -:seashell =:seashell
EXPR: 0 | POS | INT | 27 | 100 | 41 | 32=(x+((45-23)-31)) | 32 x 45 23 - 31 - + = | 32:seashell x:seashell 45:seashell 23:seashell -:seashell 31:seashell -:seashell +:seashell =:seashell
EXPR: 0 | POS | INT | 27 | 100 | 67 | 32=(45-(x-(23+31))) | 32 45 x 23 31 + - - = | 32:seashell 45:seashell x:seashell 23:seashell 31:seashell +:seashell -:seashell -:seashell =:seashell
EXPR: 0 | POS | INT | 27 | 100 | 5 | 32=(45-(x-(23-31))) | 32 45 x 23 31 - - - = | 32:seashell 45:seashell x:seashell 23:seashell 31:seashell -:seashell -:seashell -:seashell =:seashell
EXPR: 0 | POS | INT | 27 | 100 | 23 | 32=(x-((45-23)-31)) | 32 x 45 23 - 31 - - = | 32:seashell x:seashell 45:seashell 23:seashell -:seashell 31:seashell -:seashell -:seashell =:seashell
EXPR: 0 | POS | INT | 27 | 100 | 41 | 32=(((45+x)-23)-31) | 32 45 x + 23 - 31 - = | 32:seashell 45:seashell x:seashell +:seashell 23:seashell -:seashell 31:seashell -:seashell =:seashell
EXPR: 0 | POS | INT | 27 | 100 | 41 | 23=(x-(32-(45-31))) | 23 x 32 45 31 - - - = | 23:seashell x:seashell 32:seashell 45:seashell 31:seashell -:seashell -:seashell -:seashell =:seashell
EXPR: 0 | POS | INT | 27 | 100 | 85 | 45=((x-(32+31))+23) | 45 x 32 31 + - 23 + = | 45:seashell x:seashell 32:seashell 31:seashell +:seashell -:seashell 23:seashell +:seashell =:seashell
EXPR: 0 | POS | INT | 27 | 100 | 21 | 45=((x+(32-31))+23) | 45 x 32 31 - + 23 + = | 45:seashell x:seashell 32:seashell 31:seashell -:seashell +:seashell 23:seashell +:seashell =:seashell
EXPR: 0 | POS | INT | 27 | 100 | 85 | 32=(((x-45)+23)-31) | 32 x 45 - 23 + 31 - = | 32:seashell x:seashell 45:seashell -:seashell 23:seashell +:seashell 31:seashell -:seashell =:seashell
EXPR: 0 | POS | INT | 27 | 100 | 21 | (23+((x+32)-45))=31 | 23 x 32 + 45 - + 31 = | 23:seashell x:seashell 32:seashell +:seashell 45:seashell -:seashell +:seashell 31:seashell =:seashell
EXPR: 0 | POS | INT | 27 | 100 | 69 | (32-((x-45)-23))=31 | 32 x 45 - 23 - - 31 = | 32:seashell x:seashell 45:seashell -:seashell 23:seashell -:seashell -:seashell 31:seashell =:seashell
EXPR: 0 | POS | INT | 27 | 100 | 21 | (32+((x-45)+23))=31 | 32 x 45 - 23 + + 31 = | 32:seashell x:seashell 45:seashell -:seashell 23:seashell +:seashell +:seashell 31:seashell =:seashell
EXPR: 0 | POS | INT | 27 | 100 | 67 | 45=(32-(31+(23-x))) | 45 32 31 23 x - + - = | 45:seashell 32:seashell 31:seashell 23:seashell x:seashell -:seashell +:seashell -:seashell =:seashell
EXPR: 0 | POS | INT | 27 | 100 | 131 | 45=((x-(32+31))-23) | 45 x 32 31 + - 23 - = | 45:seashell x:seashell 32:seashell 31:seashell +:seashell -:seashell 23:seashell -:seashell =:seashell
EXPR: 0 | POS | INT | 27 | 100 | 41 | ((x+45)-(32+31))=23 | x 45 + 32 31 + - 23 = | x:seashell 45:seashell +:seashell 32:seashell 31:seashell +:seashell -:seashell 23:seashell =:seashell
EXPR: 0 | POS | INT | 27 | 100 | 21 | ((32-45)+(23+x))=31 | 32 45 - 23 x + + 31 = | 32:seashell 45:seashell -:seashell 23:seashell x:seashell +:seashell +:seashell 31:seashell =:seashell
EXPR: 0 | POS | INT | 27 | 100 | 69 | 45=((x-(32-31))-23) | 45 x 32 31 - - 23 - = | 45:seashell x:seashell 32:seashell 31:seashell -:seashell -:seashell 23:seashell -:seashell =:seashell
EXPR: 0 | POS | INT | 27 | 100 | 23 | 45=(((x+31)+23)-32) | 45 x 31 + 23 + 32 - = | 45:seashell x:seashell 31:seashell +:seashell 23:seashell +:seashell 32:seashell -:seashell =:seashell
EXPR: 0 | POS | INT | 27 | 100 | 23 | (32-((x-45)+23))=31 | 32 x 45 - 23 + - 31 = | 32:seashell x:seashell 45:seashell -:seashell 23:seashell +:seashell -:seashell 31:seashell =:seashell
EXPR: 0 | POS | INT | 27 | 100 | 5 | 32=(45+((23-31)-x)) | 32 45 23 31 - x - + = | 32:seashell 45:seashell 23:seashell 31:seashell -:seashell x:seashell -:seashell +:seashell =:seashell
EXPR: 0 | POS | INT | 27 | 100 | 67 | ((x-23)+(32-45))=31 | x 23 - 32 45 - + 31 = | x:seashell 23:seashell -:seashell 32:seashell 45:seashell -:seashell +:seashell 31:seashell =:seashell
EXPR: 0 | POS | INT | 27 | 100 | 67 | 45=((x+(32-31))-23) | 45 x 32 31 - + 23 - = | 45:seashell x:seashell 32:seashell 31:seashell -:seashell +:seashell 23:seashell -:seashell =:seashell
EXPR: 0 | POS | INT | 27 | 100 | 41 | 32=(((x+45)-23)-31) | 32 x 45 + 23 - 31 - = | 32:seashell x:seashell 45:seashell +:seashell 23:seashell -:seashell 31:seashell -:seashell =:seashell
EXPR: 0 | POS | INT | 27 | 100 | 23 | 45=((x-(32-31))+23) | 45 x 32 31 - - 23 + = | 45:seashell x:seashell 32:seashell 31:seashell -:seashell -:seashell 23:seashell +:seashell =:seashell
EXPR: 0 | POS | INT | 27 | 100 | 5 | (23-((x+32)-45))=31 | 23 x 32 + 45 - - 31 = | 23:seashell x:seashell 32:seashell +:seashell 45:seashell -:seashell -:seashell 31:seashell =:seashell
EXPR: 0 | POS | INT | 27 | 100 | 131 | ((x-45)-(32+31))=23 | x 45 - 32 31 + - 23 = | x:seashell 45:seashell -:seashell 32:seashell 31:seashell +:seashell -:seashell 23:seashell =:seashell
EXPR: 0 | POS | INT | 27 | 100 | 5 | 45=((x+(32+31))-23) | 45 x 32 31 + + 23 - = | 45:seashell x:seashell 32:seashell 31:seashell +:seashell +:seashell 23:seashell -:seashell =:seashell
EXPR: 0 | POS | INT | 27 | 100 | 85 | (x+((23-32)-45))=31 | x 23 32 - 45 - + 31 = | x:seashell 23:seashell 32:seashell -:seashell 45:seashell -:seashell +:seashell 31:seashell =:seashell
EXPR: 0 | POS | INT | 27 | 100 | 41 | (x-((23+32)-45))=31 | x 23 32 + 45 - - 31 = | x:seashell 23:seashell 32:seashell +:seashell 45:seashell -:seashell -:seashell 31:seashell =:seashell
EXPR: 0 | POS | INT | 27 | 100 | 5 | 45=(((x+32)+31)-23) | 45 x 32 + 31 + 23 - = | 45:seashell x:seashell 32:seashell +:seashell 31:seashell +:seashell 23:seashell -:seashell =:seashell
EXPR: 0 | POS | INT | 27 | 100 | 5 | 45=(((32+x)+31)-23) | 45 32 x + 31 + 23 - = | 45:seashell 32:seashell x:seashell +:seashell 31:seashell +:seashell 23:seashell -:seashell =:seashell
EXPR: 0 | POS | INT | 27 | 100 | 41 | ((x-23)-(32-45))=31 | x 23 - 32 45 - - 31 = | x:seashell 23:seashell -:seashell 32:seashell 45:seashell -:seashell -:seashell 31:seashell =:seashell
EXPR: 0 | POS | INT | 27 | 100 | 23 | 23=(((32-x)+45)-31) | 23 32 x - 45 + 31 - = | 23:seashell 32:seashell x:seashell -:seashell 45:seashell +:seashell 31:seashell -:seashell =:seashell
EXPR: 0 | POS | INT | 27 | 100 | 21 | (45-((x+32)-31))=23 | 45 x 32 + 31 - - 23 = | 45:seashell x:seashell 32:seashell +:seashell 31:seashell -:seashell -:seashell 23:seashell =:seashell
EXPR: 0 | POS | INT | 32 | 100 | 21 | (x+23)=((45+31)-32) | x 23 + 45 31 + 32 - = | x:seashell 23:seashell +:seashell 45:seashell 31:seashell +:seashell 32:seashell -:seashell =:seashell
EXPR: 0 | POS | INT | 32 | 100 | 21 | ((23+x)-45)=(31-32) | 23 x + 45 - 31 32 - = | 23:seashell x:seashell +:seashell 45:seashell -:seashell 31:seashell 32:seashell -:seashell =:seashell
EXPR: 0 | POS | INT | 32 | 100 | 21 | ((x+23)-45)=(31-32) | x 23 + 45 - 31 32 - = | x:seashell 23:seashell +:seashell 45:seashell -:seashell 31:seashell 32:seashell -:seashell =:seashell
EXPR: 0 | POS | INT | 32 | 100 | 67 | (x-23)=((45+31)-32) | x 23 - 45 31 + 32 - = | x:seashell 23:seashell -:seashell 45:seashell 31:seashell +:seashell 32:seashell -:seashell =:seashell
EXPR: 0 | POS | INT | 32 | 100 | 21 | (23-45)=((31-32)-x) | 23 45 - 31 32 - x - = | 23:seashell 45:seashell -:seashell 31:seashell 32:seashell -:seashell x:seashell -:seashell =:seashell
EXPR: 0 | POS | INT | 35 | 100 | 67 | x=(45+((31-32)+23)) | x 45 31 32 - 23 + + = | x:seashell 45:seashell 31:seashell 32:seashell -:seashell 23:seashell +:seashell +:seashell =:seashell
EXPR: 0 | POS | INT | 35 | 100 | 23 | x=(((32-23)+45)-31) | x 32 23 - 45 + 31 - = | x:seashell 32:seashell 23:seashell -:seashell 45:seashell +:seashell 31:seashell -:seashell =:seashell
EXPR: 0 | POS | INT | 35 | 100 | 67 | (45+((31-32)+23))=x | 45 31 32 - 23 + + x = | 45:seashell 31:seashell 32:seashell -:seashell 23:seashell +:seashell +:seashell x:seashell =:seashell
EXPR: 0 | POS | INT | 35 | 100 | 69 | x=(45-((31-32)-23)) | x 45 31 32 - 23 - - = | x:seashell 45:seashell 31:seashell 32:seashell -:seashell 23:seashell -:seashell -:seashell =:seashell
EXPR: 0 | POS | INT | 35 | 100 | 69 | (45-((31-32)-23))=x | 45 31 32 - 23 - - x = | 45:seashell 31:seashell 32:seashell -:seashell 23:seashell -:seashell -:seashell x:seashell =:seashell
EXPR: 0 | POS | INT | 35 | 100 | 21 | (45+((31-32)-23))=x | 45 31 32 - 23 - + x = | 45:seashell 31:seashell 32:seashell -:seashell 23:seashell -:seashell +:seashell x:seashell =:seashell
EXPR: 0 | POS | INT | 35 | 100 | 85 | x=(((32-23)+45)+31) | x 32 23 - 45 + 31 + = | x:seashell 32:seashell 23:seashell -:seashell 45:seashell +:seashell 31:seashell +:seashell =:seashell
EXPR: 0 | POS | INT | 35 | 100 | 23 | x=((32-23)+(45-31)) | x 32 23 - 45 31 - + = | x:seashell 32:seashell 23:seashell -:seashell 45:seashell 31:seashell -:seashell +:seashell =:seashell
EXPR: 0 | POS | INT | 35 | 100 | 23 | ((45-31)+(32-23))=x | 45 31 - 32 23 - + x = | 45:seashell 31:seashell -:seashell 32:seashell 23:seashell -:seashell +:seashell x:seashell =:seashell
EXPR: 0 | POS | INT | 35 | 100 | 85 | ((45+31)+(32-23))=x | 45 31 + 32 23 - + x = | 45:seashell 31:seashell +:seashell 32:seashell 23:seashell -:seashell +:seashell x:seashell =:seashell
EXPR: 0 | POS | INT | 35 | 100 | 67 | ((45+31)-(32-23))=x | 45 31 + 32 23 - - x = | 45:seashell 31:seashell +:seashell 32:seashell 23:seashell -:seashell -:seashell x:seashell =:seashell
EXPR: 0 | POS | INT | 35 | 100 | 5 | ((45-31)-(32-23))=x | 45 31 - 32 23 - - x = | 45:seashell 31:seashell -:seashell 32:seashell 23:seashell -:seashell -:seashell x:seashell =:seashell
EXPR: 0 | POS | INT | 35 | 100 | 23 | (45-((31-32)+23))=x | 45 31 32 - 23 + - x = | 45:seashell 31:seashell 32:seashell -:seashell 23:seashell +:seashell -:seashell x:seashell =:seashell
EXPR: 0 | POS | INT | 35 | 100 | 67 | x=((45+31)-(32-23)) | x 45 31 + 32 23 - - = | x:seashell 45:seashell 31:seashell +:seashell 32:seashell 23:seashell -:seashell -:seashell =:seashell
EXPR: 0 | POS | INT | 35 | 100 | 85 | x=(32-((23-45)-31)) | x 32 23 45 - 31 - - = | x:seashell 32:seashell 23:seashell 45:seashell -:seashell 31:seashell -:seashell -:seashell =:seashell
EXPR: 0 | POS | INT | 35 | 100 | 85 | x=((32-23)+(45+31)) | x 32 23 - 45 31 + + = | x:seashell 32:seashell 23:seashell -:seashell 45:seashell 31:seashell +:seashell +:seashell =:seashell
EXPR: 0 | POS | INT | 35 | 100 | 69 | x=((45-(31-32))+23) | x 45 31 32 - - 23 + = | x:seashell 45:seashell 31:seashell 32:seashell -:seashell -:seashell 23:seashell +:seashell =:seashell
EXPR: 0 | POS | INT | 35 | 100 | 67 | x=((45+(31-32))+23) | x 45 31 32 - + 23 + = | x:seashell 45:seashell 31:seashell 32:seashell -:seashell +:seashell 23:seashell +:seashell =:seashell
EXPR: 0 | POS | INT | 35 | 100 | 23 | x=((45-(31-32))-23) | x 45 31 32 - - 23 - = | x:seashell 45:seashell 31:seashell 32:seashell -:seashell -:seashell 23:seashell -:seashell =:seashell
EXPR: 0 | POS | INT | 35 | 100 | 21 | x=(45+((31-32)-23)) | x 45 31 32 - 23 - + = | x:seashell 45:seashell 31:seashell 32:seashell -:seashell 23:seashell -:seashell +:seashell =:seashell
EXPR: 0 | POS | INT | 35 | 100 | 69 | (((45-31)+32)+23)=x | 45 31 - 32 + 23 + x = | 45:seashell 31:seashell -:seashell 32:seashell +:seashell 23:seashell +:seashell x:seashell =:seashell
EXPR: 0 | POS | INT | 35 | 100 | 5 | (((45-31)-32)+23)=x | 45 31 - 32 - 23 + x = | 45:seashell 31:seashell -:seashell 32:seashell -:seashell 23:seashell +:seashell x:seashell =:seashell
EXPR: 0 | POS | INT | 35 | 100 | 85 | (((45+31)+32)-23)=x | 45 31 + 32 + 23 - x = | 45:seashell 31:seashell +:seashell 32:seashell +:seashell 23:seashell -:seashell x:seashell =:seashell
EXPR: 0 | POS | INT | 35 | 100 | 23 | (((45-31)+32)-23)=x | 45 31 - 32 + 23 - x = | 45:seashell 31:seashell -:seashell 32:seashell +:seashell 23:seashell -:seashell x:seashell =:seashell
EXPR: 0 | POS | INT | 35 | 100 | 23 | x=((45-31)+(32-23)) | x 45 31 - 32 23 - + = | x:seashell 45:seashell 31:seashell -:seashell 32:seashell 23:seashell -:seashell +:seashell =:seashell
EXPR: 0 | POS | INT | 35 | 100 | 85 | x=(((45+31)+32)-23) | x 45 31 + 32 + 23 - = | x:seashell 45:seashell 31:seashell +:seashell 32:seashell +:seashell 23:seashell -:seashell =:seashell
EXPR: 0 | POS | INT | 35 | 100 | 23 | x=(((45-31)+32)-23) | x 45 31 - 32 + 23 - = | x:seashell 45:seashell 31:seashell -:seashell 32:seashell +:seashell 23:seashell -:seashell =:seashell
EXPR: 0 | POS | INT | 37 | 100 | 69 | (x-(45-31))=(23+32) | x 45 31 - - 23 32 + = | x:seashell 45:seashell 31:seashell -:seashell -:seashell 23:seashell 32:seashell +:seashell =:seashell
EXPR: 0 | POS | INT | 37 | 100 | 5 | (x-(45-31))=(23-32) | x 45 31 - - 23 32 - = | x:seashell 45:seashell 31:seashell -:seashell -:seashell 23:seashell 32:seashell -:seashell =:seashell
EXPR: 0 | POS | INT | 37 | 100 | 85 | (45+(31-23))=(x-32) | 45 31 23 - + x 32 - = | 45:seashell 31:seashell 23:seashell -:seashell +:seashell x:seashell 32:seashell -:seashell =:seashell
EXPR: 0 | POS | INT | 37 | 100 | 85 | 32=(((23+x)-45)-31) | 32 23 x + 45 - 31 - = | 32:seashell 23:seashell x:seashell +:seashell 45:seashell -:seashell 31:seashell -:seashell =:seashell
EXPR: 0 | POS | INT | 37 | 100 | 69 | ((x-45)+31)=(23+32) | x 45 - 31 + 23 32 + = | x:seashell 45:seashell -:seashell 31:seashell +:seashell 23:seashell 32:seashell +:seashell =:seashell
EXPR: 0 | POS | INT | 37 | 100 | 5 | 32=(((23-x)+45)-31) | 32 23 x - 45 + 31 - = | 32:seashell 23:seashell x:seashell -:seashell 45:seashell +:seashell 31:seashell -:seashell =:seashell
EXPR: 0 | POS | INT | 37 | 100 | 85 | ((45+31)+(32-x))=23 | 45 31 + 32 x - + 23 = | 45:seashell 31:seashell +:seashell 32:seashell x:seashell -:seashell +:seashell 23:seashell =:seashell
EXPR: 0 | POS | INT | 37 | 100 | 21 | ((45+31)-(32+x))=23 | 45 31 + 32 x + - 23 = | 45:seashell 31:seashell +:seashell 32:seashell x:seashell +:seashell -:seashell 23:seashell =:seashell
EXPR: 0 | POS | INT | 37 | 100 | 5 | ((x-45)+31)=(23-32) | x 45 - 31 + 23 32 - = | x:seashell 45:seashell -:seashell 31:seashell +:seashell 23:seashell 32:seashell -:seashell =:seashell
EXPR: 0 | POS | INT | 37 | 100 | 41 | (32-45)=((x-23)-31) | 32 45 - x 23 - 31 - = | 32:seashell 45:seashell -:seashell x:seashell 23:seashell -:seashell 31:seashell -:seashell =:seashell
EXPR: 0 | POS | INT | 37 | 100 | 5 | (45-(31-23))=(32+x) | 45 31 23 - - 32 x + = | 45:seashell 31:seashell 23:seashell -:seashell -:seashell 32:seashell x:seashell +:seashell =:seashell
EXPR: 0 | POS | INT | 37 | 100 | 5 | (45-(31-23))=(x+32) | 45 31 23 - - x 32 + = | 45:seashell 31:seashell 23:seashell -:seashell -:seashell x:seashell 32:seashell +:seashell =:seashell
EXPR: 0 | POS | INT | 37 | 100 | 5 | (32+x)=((45+23)-31) | 32 x + 45 23 + 31 - = | 32:seashell x:seashell +:seashell 45:seashell 23:seashell +:seashell 31:seashell -:seashell =:seashell
EXPR: 0 | POS | INT | 37 | 100 | 67 | (x-(45+31))=(23-32) | x 45 31 + - 23 32 - = | x:seashell 45:seashell 31:seashell +:seashell -:seashell 23:seashell 32:seashell -:seashell =:seashell
EXPR: 0 | POS | INT | 37 | 100 | 41 | ((x-32)+45)=(23+31) | x 32 - 45 + 23 31 + = | x:seashell 32:seashell -:seashell 45:seashell +:seashell 23:seashell 31:seashell +:seashell =:seashell
EXPR: 0 | POS | INT | 37 | 100 | 23 | 32=(((23+x)-45)+31) | 32 23 x + 45 - 31 + = | 32:seashell 23:seashell x:seashell +:seashell 45:seashell -:seashell 31:seashell +:seashell =:seashell
EXPR: 0 | POS | INT | 37 | 100 | 85 | (45+31)=(x+(23-32)) | 45 31 + x 23 32 - + = | 45:seashell 31:seashell +:seashell x:seashell 23:seashell 32:seashell -:seashell +:seashell =:seashell
EXPR: 0 | POS | INT | 37 | 100 | 41 | ((45-31)-(32-x))=23 | 45 31 - 32 x - - 23 = | 45:seashell 31:seashell -:seashell 32:seashell x:seashell -:seashell -:seashell 23:seashell =:seashell
EXPR: 0 | POS | INT | 37 | 100 | 85 | (32+(45-x))=(23-31) | 32 45 x - + 23 31 - = | 32:seashell 45:seashell x:seashell -:seashell +:seashell 23:seashell 31:seashell -:seashell =:seashell
EXPR: 0 | POS | INT | 37 | 100 | 67 | 32=(((23-x)+45)+31) | 32 23 x - 45 + 31 + = | 32:seashell 23:seashell x:seashell -:seashell 45:seashell +:seashell 31:seashell +:seashell =:seashell
EXPR: 0 | POS | INT | 37 | 100 | 23 | ((45-31)+(32-x))=23 | 45 31 - 32 x - + 23 = | 45:seashell 31:seashell -:seashell 32:seashell x:seashell -:seashell +:seashell 23:seashell =:seashell
EXPR: 0 | POS | INT | 37 | 100 | 67 | (32-(45-x))=(23+31) | 32 45 x - - 23 31 + = | 32:seashell 45:seashell x:seashell -:seashell -:seashell 23:seashell 31:seashell +:seashell =:seashell
EXPR: 0 | POS | INT | 37 | 100 | 21 | ((x+32)+(23-45))=31 | x 32 + 23 45 - + 31 = | x:seashell 32:seashell +:seashell 23:seashell 45:seashell -:seashell +:seashell 31:seashell =:seashell
EXPR: 0 | POS | INT | 37 | 100 | 69 | ((x-32)-45)=(23-31) | x 32 - 45 - 23 31 - = | x:seashell 32:seashell -:seashell 45:seashell -:seashell 23:seashell 31:seashell -:seashell =:seashell
EXPR: 0 | POS | INT | 37 | 100 | 23 | (32+(45-x))=(23+31) | 32 45 x - + 23 31 + = | 32:seashell 45:seashell x:seashell -:seashell +:seashell 23:seashell 31:seashell +:seashell =:seashell
EXPR: 0 | POS | INT | 37 | 100 | 69 | (45-(31-23))=(x-32) | 45 31 23 - - x 32 - = | 45:seashell 31:seashell 23:seashell -:seashell -:seashell x:seashell 32:seashell -:seashell =:seashell
EXPR: 0 | POS | INT | 37 | 100 | 41 | (23+32)=((x+45)-31) | 23 32 + x 45 + 31 - = | 23:seashell 32:seashell +:seashell x:seashell 45:seashell +:seashell 31:seashell -:seashell =:seashell
EXPR: 0 | POS | INT | 37 | 100 | 5 | (32-(45-x))=(23-31) | 32 45 x - - 23 31 - = | 32:seashell 45:seashell x:seashell -:seashell -:seashell 23:seashell 31:seashell -:seashell =:seashell
EXPR: 0 | POS | INT | 37 | 100 | 21 | (x-(45-32))=(31-23) | x 45 32 - - 31 23 - = | x:seashell 45:seashell 32:seashell -:seashell -:seashell 31:seashell 23:seashell -:seashell =:seashell
EXPR: 0 | POS | INT | 37 | 100 | 41 | ((23+32)-x)=(45-31) | 23 32 + x - 45 31 - = | 23:seashell 32:seashell +:seashell x:seashell -:seashell 45:seashell 31:seashell -:seashell =:seashell
EXPR: 0 | POS | INT | 37 | 100 | 85 | (x-(45+32))=(31-23) | x 45 32 + - 31 23 - = | x:seashell 45:seashell 32:seashell +:seashell -:seashell 31:seashell 23:seashell -:seashell =:seashell
EXPR: 0 | POS | INT | 37 | 100 | 67 | (23-32)=((x-45)-31) | 23 32 - x 45 - 31 - = | 23:seashell 32:seashell -:seashell x:seashell 45:seashell -:seashell 31:seashell -:seashell =:seashell
EXPR: 0 | POS | INT | 37 | 100 | 85 | ((x-32)+(23-45))=31 | x 32 - 23 45 - + 31 = | x:seashell 32:seashell -:seashell 23:seashell 45:seashell -:seashell +:seashell 31:seashell =:seashell
EXPR: 0 | POS | INT | 37 | 100 | 131 | (23+32)=(x-(45+31)) | 23 32 + x 45 31 + - = | 23:seashell 32:seashell +:seashell x:seashell 45:seashell 31:seashell +:seashell -:seashell =:seashell
EXPR: 0 | POS | INT | 37 | 100 | 5 | 45=(31+(x+(32-23))) | 45 31 x 32 23 - + + = | 45:seashell 31:seashell x:seashell 32:seashell 23:seashell -:seashell +:seashell +:seashell =:seashell
EXPR: 0 | POS | INT | 37 | 100 | 67 | ((x+32)-45)=(23+31) | x 32 + 45 - 23 31 + = | x:seashell 32:seashell +:seashell 45:seashell -:seashell 23:seashell 31:seashell +:seashell =:seashell
EXPR: 0 | POS | INT | 37 | 100 | 21 | (45+(31-23))=(32+x) | 45 31 23 - + 32 x + = | 45:seashell 31:seashell 23:seashell -:seashell +:seashell 32:seashell x:seashell +:seashell =:seashell
EXPR: 0 | POS | INT | 37 | 100 | 21 | ((45+31)-x)=(23+32) | 45 31 + x - 23 32 + = | 45:seashell 31:seashell +:seashell x:seashell -:seashell 23:seashell 32:seashell +:seashell =:seashell
EXPR: 0 | POS | INT | 37 | 100 | 23 | 45=(31+(x-(32-23))) | 45 31 x 32 23 - - + = | 45:seashell 31:seashell x:seashell 32:seashell 23:seashell -:seashell -:seashell +:seashell =:seashell
EXPR: 0 | POS | INT | 37 | 100 | 41 | (23+32)=(x+(45-31)) | 23 32 + x 45 31 - + = | 23:seashell 32:seashell +:seashell x:seashell 45:seashell 31:seashell -:seashell +:seashell =:seashell
EXPR: 0 | POS | INT | 37 | 100 | 21 | (45+(31-23))=(x+32) | 45 31 23 - + x 32 + = | 45:seashell 31:seashell 23:seashell -:seashell +:seashell x:seashell 32:seashell +:seashell =:seashell
EXPR: 0 | POS | INT | 37 | 100 | 69 | (23+32)=(x-(45-31)) | 23 32 + x 45 31 - - = | 23:seashell 32:seashell +:seashell x:seashell 45:seashell 31:seashell -:seashell -:seashell =:seashell
EXPR: 0 | POS | INT | 37 | 100 | 67 | (45+31)=(x-(23-32)) | 45 31 + x 23 32 - - = | 45:seashell 31:seashell +:seashell x:seashell 23:seashell 32:seashell -:seashell -:seashell =:seashell
NET 513 unique, non-negative, integer-valued solutions found out of 1000 total solutions
