parameters: n=7 l=3 k=1 p=5 q=1 m=9
TOTAL 480 solutions found
SOLN: CORRECT | POS/NEG | INT/FRA | OBJ-SCORE | TRUE-ANS | ANS | INFIX | POSTFIX | TYPED-POSTFIX
EXPR: 0 | POS | INT | 0 | 11 | 16 | (9+(2+5))=x | 9 2 5 + + x = | 9:dog 2:dog 5:dog +:dog +:dog x:dog =:dog
EXPR: 0 | POS | INT | 0 | 11 | 6 | x=((9+2)-5) | x 9 2 + 5 - = | x:dog 9:dog 2:dog +:dog 5:dog -:dog =:dog
EXPR: 0 | POS | INT | 0 | 11 | 12 | x=((9-2)+5) | x 9 2 - 5 + = | x:dog 9:dog 2:dog -:dog 5:dog +:dog =:dog
EXPR: 0 | POS | INT | 0 | 11 | 12 | x=(9-(2-5)) | x 9 2 5 - - = | x:dog 9:dog 2:dog 5:dog -:dog -:dog =:dog
EXPR: 0 | POS | INT | 0 | 11 | 2 | x=(9-(2+5)) | x 9 2 5 + - = | x:dog 9:dog 2:dog 5:dog +:dog -:dog =:dog
EXPR: 0 | POS | INT | 0 | 11 | 16 | x=(9+(2+5)) | x 9 2 5 + + = | x:dog 9:dog 2:dog 5:dog +:dog +:dog =:dog
EXPR: 0 | POS | INT | 0 | 11 | 2 | x=((9-2)-5) | x 9 2 - 5 - = | x:dog 9:dog 2:dog -:dog 5:dog -:dog =:dog
EXPR: 0 | POS | INT | 0 | 11 | 6 | x=(9+(2-5)) | x 9 2 5 - + = | x:dog 9:dog 2:dog 5:dog -:dog +:dog =:dog
EXPR: 0 | POS | INT | 0 | 11 | 16 | x=((9+2)+5) | x 9 2 + 5 + = | x:dog 9:dog 2:dog +:dog 5:dog +:dog =:dog
EXPR: 0 | POS | INT | 0 | 11 | 6 | ((9+2)-5)=x | 9 2 + 5 - x = | 9:dog 2:dog +:dog 5:dog -:dog x:dog =:dog
EXPR: 0 | POS | INT | 0 | 11 | 2 | ((9-2)-5)=x | 9 2 - 5 - x = | 9:dog 2:dog -:dog 5:dog -:dog x:dog =:dog
EXPR: 0 | POS | INT | 0 | 11 | 12 | (9-(2-5))=x | 9 2 5 - - x = | 9:dog 2:dog 5:dog -:dog -:dog x:dog =:dog
EXPR: 0 | POS | INT | 0 | 11 | 6 | (9+(2-5))=x | 9 2 5 - + x = | 9:dog 2:dog 5:dog -:dog +:dog x:dog =:dog
EXPR: 0 | POS | INT | 0 | 11 | 12 | ((9-2)+5)=x | 9 2 - 5 + x = | 9:dog 2:dog -:dog 5:dog +:dog x:dog =:dog
EXPR: 0 | POS | INT | 0 | 11 | 2 | (9-(2+5))=x | 9 2 5 + - x = | 9:dog 2:dog 5:dog +:dog -:dog x:dog =:dog
EXPR: 0 | POS | INT | 0 | 11 | 16 | ((9+2)+5)=x | 9 2 + 5 + x = | 9:dog 2:dog +:dog 5:dog +:dog x:dog =:dog
EXPR: 0 | POS | INT | 2 | 11 | 16 | 9=((x-2)-5) | 9 x 2 - 5 - = | 9:dog x:dog 2:dog -:dog 5:dog -:dog =:dog
EXPR: 0 | POS | INT | 2 | 11 | 12 | 9=(2-(5-x)) | 9 2 5 x - - = | 9:dog 2:dog 5:dog x:dog -:dog -:dog =:dog
EXPR: 0 | POS | INT | 2 | 11 | 2 | 9=(2+(5+x)) | 9 2 5 x + + = | 9:dog 2:dog 5:dog x:dog +:dog +:dog =:dog
EXPR: 0 | POS | INT | 2 | 11 | 12 | 9=((2+x)-5) | 9 2 x + 5 - = | 9:dog 2:dog x:dog +:dog 5:dog -:dog =:dog
EXPR: 0 | POS | INT | 2 | 11 | 2 | ((9-2)-x)=5 | 9 2 - x - 5 = | 9:dog 2:dog -:dog x:dog -:dog 5:dog =:dog
EXPR: 0 | POS | INT | 2 | 11 | 6 | ((9+2)-x)=5 | 9 2 + x - 5 = | 9:dog 2:dog +:dog x:dog -:dog 5:dog =:dog
EXPR: 0 | POS | INT | 2 | 11 | 2 | (9-(x+2))=5 | 9 x 2 + - 5 = | 9:dog x:dog 2:dog +:dog -:dog 5:dog =:dog
EXPR: 0 | POS | INT | 2 | 11 | 16 | 9=(x-(2+5)) | 9 x 2 5 + - = | 9:dog x:dog 2:dog 5:dog +:dog -:dog =:dog
EXPR: 0 | POS | INT | 2 | 11 | 6 | 9=(x-(2-5)) | 9 x 2 5 - - = | 9:dog x:dog 2:dog 5:dog -:dog -:dog =:dog
EXPR: 0 | POS | INT | 2 | 11 | 12 | 9=((2-5)+x) | 9 2 5 - x + = | 9:dog 2:dog 5:dog -:dog x:dog +:dog =:dog
EXPR: 0 | POS | INT | 2 | 11 | 2 | 9=((2+x)+5) | 9 2 x + 5 + = | 9:dog 2:dog x:dog +:dog 5:dog +:dog =:dog
EXPR: 0 | POS | INT | 2 | 11 | 12 | 9=(x+(2-5)) | 9 x 2 5 - + = | 9:dog x:dog 2:dog 5:dog -:dog +:dog =:dog
EXPR: 0 | POS | INT | 2 | 11 | 12 | 9=((x+2)-5) | 9 x 2 + 5 - = | 9:dog x:dog 2:dog +:dog 5:dog -:dog =:dog
EXPR: 0 | POS | INT | 2 | 11 | 2 | 9=((x+2)+5) | 9 x 2 + 5 + = | 9:dog x:dog 2:dog +:dog 5:dog +:dog =:dog
EXPR: 0 | POS | INT | 2 | 11 | 6 | 9=((x-2)+5) | 9 x 2 - 5 + = | 9:dog x:dog 2:dog -:dog 5:dog +:dog =:dog
EXPR: 0 | POS | INT | 2 | 11 | 2 | 9=(x+(2+5)) | 9 x 2 5 + + = | 9:dog x:dog 2:dog 5:dog +:dog +:dog =:dog
EXPR: 0 | POS | INT | 2 | 11 | 16 | (x-(9+2))=5 | x 9 2 + - 5 = | x:dog 9:dog 2:dog +:dog -:dog 5:dog =:dog
EXPR: 0 | POS | INT | 2 | 11 | 12 | ((x-9)+2)=5 | x 9 - 2 + 5 = | x:dog 9:dog -:dog 2:dog +:dog 5:dog =:dog
EXPR: 0 | POS | INT | 2 | 11 | 2 | (9-(2+x))=5 | 9 2 x + - 5 = | 9:dog 2:dog x:dog +:dog -:dog 5:dog =:dog
EXPR: 0 | POS | INT | 2 | 11 | 6 | (9+(2-x))=5 | 9 2 x - + 5 = | 9:dog 2:dog x:dog -:dog +:dog 5:dog =:dog
EXPR: 0 | POS | INT | 2 | 11 | 16 | ((x-9)-2)=5 | x 9 - 2 - 5 = | x:dog 9:dog -:dog 2:dog -:dog 5:dog =:dog
EXPR: 0 | POS | INT | 2 | 11 | 2 | 9=((2+5)+x) | 9 2 5 + x + = | 9:dog 2:dog 5:dog +:dog x:dog +:dog =:dog
EXPR: 0 | POS | INT | 2 | 11 | 12 | (x-(9-2))=5 | x 9 2 - - 5 = | x:dog 9:dog 2:dog -:dog -:dog 5:dog =:dog
EXPR: 0 | POS | INT | 2 | 11 | 6 | ((9-x)+2)=5 | 9 x - 2 + 5 = | 9:dog x:dog -:dog 2:dog +:dog 5:dog =:dog
EXPR: 0 | POS | INT | 2 | 11 | 6 | (9-(x-2))=5 | 9 x 2 - - 5 = | 9:dog x:dog 2:dog -:dog -:dog 5:dog =:dog
EXPR: 0 | POS | INT | 2 | 11 | 2 | ((9-x)-2)=5 | 9 x - 2 - 5 = | 9:dog x:dog -:dog 2:dog -:dog 5:dog =:dog
EXPR: 0 | POS | INT | 2 | 11 | 12 | 9=(2+(x-5)) | 9 2 x 5 - + = | 9:dog 2:dog x:dog 5:dog -:dog +:dog =:dog
EXPR: 0 | POS | INT | 2 | 11 | 2 | 9=(2+(x+5)) | 9 2 x 5 + + = | 9:dog 2:dog x:dog 5:dog +:dog +:dog =:dog
EXPR: 0 | POS | INT | 10 | 11 | 16 | x=(2+(9+5)) | x 2 9 5 + + = | x:dog 2:dog 9:dog 5:dog +:dog +:dog =:dog
EXPR: 0 | POS | INT | 10 | 11 | 2 | x=((9-5)-2) | x 9 5 - 2 - = | x:dog 9:dog 5:dog -:dog 2:dog -:dog =:dog
EXPR: 0 | POS | INT | 10 | 11 | 12 | (9+(5-2))=x | 9 5 2 - + x = | 9:dog 5:dog 2:dog -:dog +:dog x:dog =:dog
EXPR: 0 | POS | INT | 10 | 11 | 6 | (9-(5-2))=x | 9 5 2 - - x = | 9:dog 5:dog 2:dog -:dog -:dog x:dog =:dog
EXPR: 0 | POS | INT | 10 | 11 | 12 | x=((9+5)-2) | x 9 5 + 2 - = | x:dog 9:dog 5:dog +:dog 2:dog -:dog =:dog
EXPR: 0 | POS | INT | 10 | 11 | 6 | x=(9-(5-2)) | x 9 5 2 - - = | x:dog 9:dog 5:dog 2:dog -:dog -:dog =:dog
EXPR: 0 | POS | INT | 10 | 11 | 6 | ((9-5)+2)=x | 9 5 - 2 + x = | 9:dog 5:dog -:dog 2:dog +:dog x:dog =:dog
EXPR: 0 | POS | INT | 10 | 11 | 2 | ((9-5)-2)=x | 9 5 - 2 - x = | 9:dog 5:dog -:dog 2:dog -:dog x:dog =:dog
EXPR: 0 | POS | INT | 10 | 11 | 12 | ((9+5)-2)=x | 9 5 + 2 - x = | 9:dog 5:dog +:dog 2:dog -:dog x:dog =:dog
EXPR: 0 | POS | INT | 10 | 11 | 16 | ((9+5)+2)=x | 9 5 + 2 + x = | 9:dog 5:dog +:dog 2:dog +:dog x:dog =:dog
EXPR: 0 | POS | INT | 10 | 11 | 16 | x=((9+5)+2) | x 9 5 + 2 + = | x:dog 9:dog 5:dog +:dog 2:dog +:dog =:dog
EXPR: 0 | POS | INT | 10 | 11 | 12 | x=(9+(5-2)) | x 9 5 2 - + = | x:dog 9:dog 5:dog 2:dog -:dog +:dog =:dog
EXPR: 0 | POS | INT | 10 | 11 | 6 | (2+(9-5))=x | 2 9 5 - + x = | 2:dog 9:dog 5:dog -:dog +:dog x:dog =:dog
EXPR: 0 | POS | INT | 10 | 11 | 6 | x=((9-5)+2) | x 9 5 - 2 + = | x:dog 9:dog 5:dog -:dog 2:dog +:dog =:dog
EXPR: 0 | POS | INT | 10 | 11 | 16 | (2+(9+5))=x | 2 9 5 + + x = | 2:dog 9:dog 5:dog +:dog +:dog x:dog =:dog
EXPR: 0 | POS | INT | 10 | 11 | 6 | x=(2+(9-5)) | x 2 9 5 - + = | x:dog 2:dog 9:dog 5:dog -:dog +:dog =:dog
EXPR: 0 | POS | INT | 12 | 11 | 2 | 2=((9-x)-5) | 2 9 x - 5 - = | 2:dog 9:dog x:dog -:dog 5:dog -:dog =:dog
EXPR: 0 | POS | INT | 12 | 11 | 12 | (9-x)=(2-5) | 9 x - 2 5 - = | 9:dog x:dog -:dog 2:dog 5:dog -:dog =:dog
EXPR: 0 | POS | INT | 12 | 11 | 6 | 2=((x-9)+5) | 2 x 9 - 5 + = | 2:dog x:dog 9:dog -:dog 5:dog +:dog =:dog
EXPR: 0 | POS | INT | 12 | 11 | 12 | 2=(9-(x-5)) | 2 9 x 5 - - = | 2:dog 9:dog x:dog 5:dog -:dog -:dog =:dog
EXPR: 0 | POS | INT | 12 | 11 | 6 | ((x-9)+5)=2 | x 9 - 5 + 2 = | x:dog 9:dog -:dog 5:dog +:dog 2:dog =:dog
EXPR: 0 | POS | INT | 12 | 11 | 12 | 9=(x-(5-2)) | 9 x 5 2 - - = | 9:dog x:dog 5:dog 2:dog -:dog -:dog =:dog
EXPR: 0 | POS | INT | 12 | 11 | 12 | (2-(9-x))=5 | 2 9 x - - 5 = | 2:dog 9:dog x:dog -:dog -:dog 5:dog =:dog
EXPR: 0 | POS | INT | 12 | 11 | 12 | 2=((9-x)+5) | 2 9 x - 5 + = | 2:dog 9:dog x:dog -:dog 5:dog +:dog =:dog
EXPR: 0 | POS | INT | 12 | 11 | 16 | (x-9)=(2+5) | x 9 - 2 5 + = | x:dog 9:dog -:dog 2:dog 5:dog +:dog =:dog
EXPR: 0 | POS | INT | 12 | 11 | 2 | (9-2)=(x+5) | 9 2 - x 5 + = | 9:dog 2:dog -:dog x:dog 5:dog +:dog =:dog
EXPR: 0 | POS | INT | 12 | 11 | 12 | (9+(5-x))=2 | 9 5 x - + 2 = | 9:dog 5:dog x:dog -:dog +:dog 2:dog =:dog
EXPR: 0 | POS | INT | 12 | 11 | 6 | 9=((5+x)-2) | 9 5 x + 2 - = | 9:dog 5:dog x:dog +:dog 2:dog -:dog =:dog
EXPR: 0 | POS | INT | 12 | 11 | 12 | ((2-9)+x)=5 | 2 9 - x + 5 = | 2:dog 9:dog -:dog x:dog +:dog 5:dog =:dog
EXPR: 0 | POS | INT | 12 | 11 | 2 | 2=((9-5)-x) | 2 9 5 - x - = | 2:dog 9:dog 5:dog -:dog x:dog -:dog =:dog
EXPR: 0 | POS | INT | 12 | 11 | 6 | (2+(9-x))=5 | 2 9 x - + 5 = | 2:dog 9:dog x:dog -:dog +:dog 5:dog =:dog
EXPR: 0 | POS | INT | 12 | 11 | 2 | ((9-x)-5)=2 | 9 x - 5 - 2 = | 9:dog x:dog -:dog 5:dog -:dog 2:dog =:dog
EXPR: 0 | POS | INT | 12 | 11 | 2 | (9-2)=(5+x) | 9 2 - 5 x + = | 9:dog 2:dog -:dog 5:dog x:dog +:dog =:dog
EXPR: 0 | POS | INT | 12 | 11 | 2 | 9=((5+x)+2) | 9 5 x + 2 + = | 9:dog 5:dog x:dog +:dog 2:dog +:dog =:dog
EXPR: 0 | POS | INT | 12 | 11 | 12 | (x+(2-9))=5 | x 2 9 - + 5 = | x:dog 2:dog 9:dog -:dog +:dog 5:dog =:dog
EXPR: 0 | POS | INT | 12 | 11 | 16 | 2=((x-9)-5) | 2 x 9 - 5 - = | 2:dog x:dog 9:dog -:dog 5:dog -:dog =:dog
EXPR: 0 | POS | INT | 12 | 11 | 2 | 2=(9-(x+5)) | 2 9 x 5 + - = | 2:dog 9:dog x:dog 5:dog +:dog -:dog =:dog
EXPR: 0 | POS | INT | 12 | 11 | 2 | 2=(9-(5+x)) | 2 9 5 x + - = | 2:dog 9:dog 5:dog x:dog +:dog -:dog =:dog
EXPR: 0 | POS | INT | 12 | 11 | 6 | 9=((x+5)-2) | 9 x 5 + 2 - = | 9:dog x:dog 5:dog +:dog 2:dog -:dog =:dog
EXPR: 0 | POS | INT | 12 | 11 | 2 | 9=((x+5)+2) | 9 x 5 + 2 + = | 9:dog x:dog 5:dog +:dog 2:dog +:dog =:dog
EXPR: 0 | POS | INT | 12 | 11 | 6 | 9=(x+(5-2)) | 9 x 5 2 - + = | 9:dog x:dog 5:dog 2:dog -:dog +:dog =:dog
EXPR: 0 | POS | INT | 12 | 11 | 6 | (x-(9-5))=2 | x 9 5 - - 2 = | x:dog 9:dog 5:dog -:dog -:dog 2:dog =:dog
EXPR: 0 | POS | INT | 12 | 11 | 6 | 9=((5-2)+x) | 9 5 2 - x + = | 9:dog 5:dog 2:dog -:dog x:dog +:dog =:dog
EXPR: 0 | POS | INT | 12 | 11 | 12 | ((x+2)-9)=5 | x 2 + 9 - 5 = | x:dog 2:dog +:dog 9:dog -:dog 5:dog =:dog
EXPR: 0 | POS | INT | 12 | 11 | 16 | 2=(x-(9+5)) | 2 x 9 5 + - = | 2:dog x:dog 9:dog 5:dog +:dog -:dog =:dog
EXPR: 0 | POS | INT | 12 | 11 | 12 | ((9-x)+5)=2 | 9 x - 5 + 2 = | 9:dog x:dog -:dog 5:dog +:dog 2:dog =:dog
EXPR: 0 | POS | INT | 12 | 11 | 12 | 2=((9+5)-x) | 2 9 5 + x - = | 2:dog 9:dog 5:dog +:dog x:dog -:dog =:dog
EXPR: 0 | POS | INT | 12 | 11 | 6 | (x-9)=(2-5) | x 9 - 2 5 - = | x:dog 9:dog -:dog 2:dog 5:dog -:dog =:dog
EXPR: 0 | POS | INT | 12 | 11 | 12 | (9-(x-5))=2 | 9 x 5 - - 2 = | 9:dog x:dog 5:dog -:dog -:dog 2:dog =:dog
EXPR: 0 | POS | INT | 12 | 11 | 2 | 9=(5+(x+2)) | 9 5 x 2 + + = | 9:dog 5:dog x:dog 2:dog +:dog +:dog =:dog
EXPR: 0 | POS | INT | 12 | 11 | 16 | (x-(9+5))=2 | x 9 5 + - 2 = | x:dog 9:dog 5:dog +:dog -:dog 2:dog =:dog
EXPR: 0 | POS | INT | 12 | 11 | 16 | ((x-2)-9)=5 | x 2 - 9 - 5 = | x:dog 2:dog -:dog 9:dog -:dog 5:dog =:dog
EXPR: 0 | POS | INT | 12 | 11 | 6 | 9=(5-(2-x)) | 9 5 2 x - - = | 9:dog 5:dog 2:dog x:dog -:dog -:dog =:dog
EXPR: 0 | POS | INT | 12 | 11 | 6 | 9=(5+(x-2)) | 9 5 x 2 - + = | 9:dog 5:dog x:dog 2:dog -:dog +:dog =:dog
EXPR: 0 | POS | INT | 12 | 11 | 2 | ((9-5)-x)=2 | 9 5 - x - 2 = | 9:dog 5:dog -:dog x:dog -:dog 2:dog =:dog
EXPR: 0 | POS | INT | 12 | 11 | 6 | 2=(x-(9-5)) | 2 x 9 5 - - = | 2:dog x:dog 9:dog 5:dog -:dog -:dog =:dog
EXPR: 0 | POS | INT | 12 | 11 | 12 | ((2+x)-9)=5 | 2 x + 9 - 5 = | 2:dog x:dog +:dog 9:dog -:dog 5:dog =:dog
EXPR: 0 | POS | INT | 12 | 11 | 12 | 2=(9+(5-x)) | 2 9 5 x - + = | 2:dog 9:dog 5:dog x:dog -:dog +:dog =:dog
EXPR: 0 | POS | INT | 12 | 11 | 16 | ((x-9)-5)=2 | x 9 - 5 - 2 = | x:dog 9:dog -:dog 5:dog -:dog 2:dog =:dog
EXPR: 0 | POS | INT | 12 | 11 | 2 | 9=(5+(2+x)) | 9 5 2 x + + = | 9:dog 5:dog 2:dog x:dog +:dog +:dog =:dog
EXPR: 0 | POS | INT | 12 | 11 | 16 | 9=((x-5)-2) | 9 x 5 - 2 - = | 9:dog x:dog 5:dog -:dog 2:dog -:dog =:dog
EXPR: 0 | POS | INT | 12 | 11 | 2 | (9-(5+x))=2 | 9 5 x + - 2 = | 9:dog 5:dog x:dog +:dog -:dog 2:dog =:dog
EXPR: 0 | POS | INT | 12 | 11 | 6 | ((2-x)+9)=5 | 2 x - 9 + 5 = | 2:dog x:dog -:dog 9:dog +:dog 5:dog =:dog
EXPR: 0 | POS | INT | 12 | 11 | 6 | (2-(x-9))=5 | 2 x 9 - - 5 = | 2:dog x:dog 9:dog -:dog -:dog 5:dog =:dog
EXPR: 0 | POS | INT | 12 | 11 | 2 | (9-(x+5))=2 | 9 x 5 + - 2 = | 9:dog x:dog 5:dog +:dog -:dog 2:dog =:dog
EXPR: 0 | POS | INT | 12 | 11 | 12 | ((9+5)-x)=2 | 9 5 + x - 2 = | 9:dog 5:dog +:dog x:dog -:dog 2:dog =:dog
EXPR: 0 | POS | INT | 12 | 11 | 12 | (2+(x-9))=5 | 2 x 9 - + 5 = | 2:dog x:dog 9:dog -:dog +:dog 5:dog =:dog
EXPR: 0 | POS | INT | 12 | 11 | 6 | (9+2)=(5+x) | 9 2 + 5 x + = | 9:dog 2:dog +:dog 5:dog x:dog +:dog =:dog
EXPR: 0 | POS | INT | 12 | 11 | 12 | (9-2)=(x-5) | 9 2 - x 5 - = | 9:dog 2:dog -:dog x:dog 5:dog -:dog =:dog
EXPR: 0 | POS | INT | 12 | 11 | 16 | (9+2)=(x-5) | 9 2 + x 5 - = | 9:dog 2:dog +:dog x:dog 5:dog -:dog =:dog
EXPR: 0 | POS | INT | 12 | 11 | 6 | (9+2)=(x+5) | 9 2 + x 5 + = | 9:dog 2:dog +:dog x:dog 5:dog +:dog =:dog
EXPR: 0 | POS | INT | 12 | 11 | 12 | 9=((x-5)+2) | 9 x 5 - 2 + = | 9:dog x:dog 5:dog -:dog 2:dog +:dog =:dog
EXPR: 0 | POS | INT | 12 | 11 | 2 | (9-x)=(2+5) | 9 x - 2 5 + = | 9:dog x:dog -:dog 2:dog 5:dog +:dog =:dog
EXPR: 0 | POS | INT | 22 | 11 | 16 | (x-2)=(9+5) | x 2 - 9 5 + = | x:dog 2:dog -:dog 9:dog 5:dog +:dog =:dog
EXPR: 0 | POS | INT | 22 | 11 | 6 | (x-2)=(9-5) | x 2 - 9 5 - = | x:dog 2:dog -:dog 9:dog 5:dog -:dog =:dog
EXPR: 0 | POS | INT | 22 | 11 | 12 | (x-9)=(5-2) | x 9 - 5 2 - = | x:dog 9:dog -:dog 5:dog 2:dog -:dog =:dog
EXPR: 0 | POS | INT | 22 | 11 | 6 | (9-x)=(5-2) | 9 x - 5 2 - = | 9:dog x:dog -:dog 5:dog 2:dog -:dog =:dog
EXPR: 0 | POS | INT | 22 | 11 | 2 | (9-5)=(2+x) | 9 5 - 2 x + = | 9:dog 5:dog -:dog 2:dog x:dog +:dog =:dog
EXPR: 0 | POS | INT | 22 | 11 | 2 | (9-5)=(x+2) | 9 5 - x 2 + = | 9:dog 5:dog -:dog x:dog 2:dog +:dog =:dog
EXPR: 0 | POS | INT | 22 | 11 | 6 | (9-5)=(x-2) | 9 5 - x 2 - = | 9:dog 5:dog -:dog x:dog 2:dog -:dog =:dog
EXPR: 0 | POS | INT | 22 | 11 | 2 | (2+x)=(9-5) | 2 x + 9 5 - = | 2:dog x:dog +:dog 9:dog 5:dog -:dog =:dog
EXPR: 0 | POS | INT | 22 | 11 | 2 | (x+2)=(9-5) | x 2 + 9 5 - = | x:dog 2:dog +:dog 9:dog 5:dog -:dog =:dog
EXPR: 0 | POS | INT | 22 | 11 | 16 | (9+5)=(x-2) | 9 5 + x 2 - = | 9:dog 5:dog +:dog x:dog 2:dog -:dog =:dog
EXPR: 0 | POS | INT | 22 | 11 | 12 | (9+5)=(2+x) | 9 5 + 2 x + = | 9:dog 5:dog +:dog 2:dog x:dog +:dog =:dog
EXPR: 0 | POS | INT | 22 | 11 | 12 | (2+x)=(9+5) | 2 x + 9 5 + = | 2:dog x:dog +:dog 9:dog 5:dog +:dog =:dog
EXPR: 0 | POS | INT | 22 | 11 | 12 | (9+5)=(x+2) | 9 5 + x 2 + = | 9:dog 5:dog +:dog x:dog 2:dog +:dog =:dog
EXPR: 0 | POS | INT | 22 | 11 | 12 | (x+2)=(9+5) | x 2 + 9 5 + = | x:dog 2:dog +:dog 9:dog 5:dog +:dog =:dog
EXPR: 0 | POS | INT | 22 | 11 | 12 | (2-9)=(5-x) | 2 9 - 5 x - = | 2:dog 9:dog -:dog 5:dog x:dog -:dog =:dog
EXPR: 0 | POS | INT | 25 | 11 | 6 | x=((2-5)+9) | x 2 5 - 9 + = | x:dog 2:dog 5:dog -:dog 9:dog +:dog =:dog
EXPR: 0 | POS | INT | 25 | 11 | 16 | (5+(9+2))=x | 5 9 2 + + x = | 5:dog 9:dog 2:dog +:dog +:dog x:dog =:dog
EXPR: 0 | POS | INT | 25 | 11 | 6 | x=(2-(5-9)) | x 2 5 9 - - = | x:dog 2:dog 5:dog 9:dog -:dog -:dog =:dog
EXPR: 0 | POS | INT | 25 | 11 | 12 | x=(5+(9-2)) | x 5 9 2 - + = | x:dog 5:dog 9:dog 2:dog -:dog +:dog =:dog
EXPR: 0 | POS | INT | 25 | 11 | 6 | (2-(5-9))=x | 2 5 9 - - x = | 2:dog 5:dog 9:dog -:dog -:dog x:dog =:dog
EXPR: 0 | POS | INT | 25 | 11 | 12 | (5+(9-2))=x | 5 9 2 - + x = | 5:dog 9:dog 2:dog -:dog +:dog x:dog =:dog
EXPR: 0 | POS | INT | 25 | 11 | 16 | x=((2+5)+9) | x 2 5 + 9 + = | x:dog 2:dog 5:dog +:dog 9:dog +:dog =:dog
EXPR: 0 | POS | INT | 25 | 11 | 16 | ((2+5)+9)=x | 2 5 + 9 + x = | 2:dog 5:dog +:dog 9:dog +:dog x:dog =:dog
EXPR: 0 | POS | INT | 25 | 11 | 16 | x=(5+(9+2)) | x 5 9 2 + + = | x:dog 5:dog 9:dog 2:dog +:dog +:dog =:dog
EXPR: 0 | POS | INT | 25 | 11 | 6 | ((2-5)+9)=x | 2 5 - 9 + x = | 2:dog 5:dog -:dog 9:dog +:dog x:dog =:dog
EXPR: 0 | POS | INT | 27 | 11 | 16 | 5=((x-9)-2) | 5 x 9 - 2 - = | 5:dog x:dog 9:dog -:dog 2:dog -:dog =:dog
EXPR: 0 | POS | INT | 27 | 11 | 12 | ((x+2)-5)=9 | x 2 + 5 - 9 = | x:dog 2:dog +:dog 5:dog -:dog 9:dog =:dog
EXPR: 0 | POS | INT | 27 | 11 | 6 | ((x-2)+5)=9 | x 2 - 5 + 9 = | x:dog 2:dog -:dog 5:dog +:dog 9:dog =:dog
EXPR: 0 | POS | INT | 27 | 11 | 6 | ((x+5)-9)=2 | x 5 + 9 - 2 = | x:dog 5:dog +:dog 9:dog -:dog 2:dog =:dog
EXPR: 0 | POS | INT | 27 | 11 | 12 | ((2+x)-5)=9 | 2 x + 5 - 9 = | 2:dog x:dog +:dog 5:dog -:dog 9:dog =:dog
EXPR: 0 | POS | INT | 27 | 11 | 16 | ((x-2)-5)=9 | x 2 - 5 - 9 = | x:dog 2:dog -:dog 5:dog -:dog 9:dog =:dog
EXPR: 0 | POS | INT | 27 | 11 | 2 | 5=(9-(2+x)) | 5 9 2 x + - = | 5:dog 9:dog 2:dog x:dog +:dog -:dog =:dog
EXPR: 0 | POS | INT | 27 | 11 | 6 | 2=(x+(5-9)) | 2 x 5 9 - + = | 2:dog x:dog 5:dog 9:dog -:dog +:dog =:dog
EXPR: 0 | POS | INT | 27 | 11 | 2 | 5=((9-2)-x) | 5 9 2 - x - = | 5:dog 9:dog 2:dog -:dog x:dog -:dog =:dog
EXPR: 0 | POS | INT | 27 | 11 | 6 | 5=(9+(2-x)) | 5 9 2 x - + = | 5:dog 9:dog 2:dog x:dog -:dog +:dog =:dog
EXPR: 0 | POS | INT | 27 | 11 | 2 | 5=(9-(x+2)) | 5 9 x 2 + - = | 5:dog 9:dog x:dog 2:dog +:dog -:dog =:dog
EXPR: 0 | POS | INT | 27 | 11 | 6 | 2=((5-9)+x) | 2 5 9 - x + = | 2:dog 5:dog 9:dog -:dog x:dog +:dog =:dog
EXPR: 0 | POS | INT | 27 | 11 | 6 | (5-(9-x))=2 | 5 9 x - - 2 = | 5:dog 9:dog x:dog -:dog -:dog 2:dog =:dog
EXPR: 0 | POS | INT | 27 | 11 | 12 | (5+(9-x))=2 | 5 9 x - + 2 = | 5:dog 9:dog x:dog -:dog +:dog 2:dog =:dog
EXPR: 0 | POS | INT | 27 | 11 | 6 | 2=((x+5)-9) | 2 x 5 + 9 - = | 2:dog x:dog 5:dog +:dog 9:dog -:dog =:dog
EXPR: 0 | POS | INT | 27 | 11 | 6 | (x-(2-5))=9 | x 2 5 - - 9 = | x:dog 2:dog 5:dog -:dog -:dog 9:dog =:dog
EXPR: 0 | POS | INT | 27 | 11 | 12 | ((2-5)+x)=9 | 2 5 - x + 9 = | 2:dog 5:dog -:dog x:dog +:dog 9:dog =:dog
EXPR: 0 | POS | INT | 27 | 11 | 6 | 2=(5-(9-x)) | 2 5 9 x - - = | 2:dog 5:dog 9:dog x:dog -:dog -:dog =:dog
EXPR: 0 | POS | INT | 27 | 11 | 12 | 2=((5-x)+9) | 2 5 x - 9 + = | 2:dog 5:dog x:dog -:dog 9:dog +:dog =:dog
EXPR: 0 | POS | INT | 27 | 11 | 2 | ((x+2)+5)=9 | x 2 + 5 + 9 = | x:dog 2:dog +:dog 5:dog +:dog 9:dog =:dog
EXPR: 0 | POS | INT | 27 | 11 | 16 | ((x-5)-9)=2 | x 5 - 9 - 2 = | x:dog 5:dog -:dog 9:dog -:dog 2:dog =:dog
EXPR: 0 | POS | INT | 27 | 11 | 2 | ((2+x)+5)=9 | 2 x + 5 + 9 = | 2:dog x:dog +:dog 5:dog +:dog 9:dog =:dog
EXPR: 0 | POS | INT | 27 | 11 | 12 | 2=(5-(x-9)) | 2 5 x 9 - - = | 2:dog 5:dog x:dog 9:dog -:dog -:dog =:dog
EXPR: 0 | POS | INT | 27 | 11 | 6 | 2=((5+x)-9) | 2 5 x + 9 - = | 2:dog 5:dog x:dog +:dog 9:dog -:dog =:dog
EXPR: 0 | POS | INT | 27 | 11 | 6 | 5=((9+2)-x) | 5 9 2 + x - = | 5:dog 9:dog 2:dog +:dog x:dog -:dog =:dog
EXPR: 0 | POS | INT | 27 | 11 | 6 | ((5-9)+x)=2 | 5 9 - x + 2 = | 5:dog 9:dog -:dog x:dog +:dog 2:dog =:dog
EXPR: 0 | POS | INT | 27 | 11 | 16 | (x-(2+5))=9 | x 2 5 + - 9 = | x:dog 2:dog 5:dog +:dog -:dog 9:dog =:dog
EXPR: 0 | POS | INT | 27 | 11 | 12 | 5=((x-9)+2) | 5 x 9 - 2 + = | 5:dog x:dog 9:dog -:dog 2:dog +:dog =:dog
EXPR: 0 | POS | INT | 27 | 11 | 12 | (2-(5-x))=9 | 2 5 x - - 9 = | 2:dog 5:dog x:dog -:dog -:dog 9:dog =:dog
EXPR: 0 | POS | INT | 27 | 11 | 6 | 2=(5+(x-9)) | 2 5 x 9 - + = | 2:dog 5:dog x:dog 9:dog -:dog +:dog =:dog
EXPR: 0 | POS | INT | 27 | 11 | 12 | (x+(2-5))=9 | x 2 5 - + 9 = | x:dog 2:dog 5:dog -:dog +:dog 9:dog =:dog
EXPR: 0 | POS | INT | 27 | 11 | 6 | ((5+x)-9)=2 | 5 x + 9 - 2 = | 5:dog x:dog +:dog 9:dog -:dog 2:dog =:dog
EXPR: 0 | POS | INT | 27 | 11 | 2 | 5=((9-x)-2) | 5 9 x - 2 - = | 5:dog 9:dog x:dog -:dog 2:dog -:dog =:dog
EXPR: 0 | POS | INT | 27 | 11 | 16 | 2=((x-5)-9) | 2 x 5 - 9 - = | 2:dog x:dog 5:dog -:dog 9:dog -:dog =:dog
EXPR: 0 | POS | INT | 27 | 11 | 2 | ((2+5)+x)=9 | 2 5 + x + 9 = | 2:dog 5:dog +:dog x:dog +:dog 9:dog =:dog
EXPR: 0 | POS | INT | 27 | 11 | 16 | 5=(x-(9+2)) | 5 x 9 2 + - = | 5:dog x:dog 9:dog 2:dog +:dog -:dog =:dog
EXPR: 0 | POS | INT | 27 | 11 | 12 | 5=(x-(9-2)) | 5 x 9 2 - - = | 5:dog x:dog 9:dog 2:dog -:dog -:dog =:dog
EXPR: 0 | POS | INT | 27 | 11 | 2 | (2+(5+x))=9 | 2 5 x + + 9 = | 2:dog 5:dog x:dog +:dog +:dog 9:dog =:dog
EXPR: 0 | POS | INT | 27 | 11 | 2 | (x+(2+5))=9 | x 2 5 + + 9 = | x:dog 2:dog 5:dog +:dog +:dog 9:dog =:dog
EXPR: 0 | POS | INT | 27 | 11 | 12 | ((5-x)+9)=2 | 5 x - 9 + 2 = | 5:dog x:dog -:dog 9:dog +:dog 2:dog =:dog
EXPR: 0 | POS | INT | 27 | 11 | 12 | 2=(5+(9-x)) | 2 5 9 x - + = | 2:dog 5:dog 9:dog x:dog -:dog +:dog =:dog
EXPR: 0 | POS | INT | 27 | 11 | 6 | 5=(9-(x-2)) | 5 9 x 2 - - = | 5:dog 9:dog x:dog 2:dog -:dog -:dog =:dog
EXPR: 0 | POS | INT | 27 | 11 | 6 | 5=((9-x)+2) | 5 9 x - 2 + = | 5:dog 9:dog x:dog -:dog 2:dog +:dog =:dog
EXPR: 0 | POS | INT | 27 | 11 | 6 | (x+(5-9))=2 | x 5 9 - + 2 = | x:dog 5:dog 9:dog -:dog +:dog 2:dog =:dog
EXPR: 0 | POS | INT | 27 | 11 | 12 | (5-(x-9))=2 | 5 x 9 - - 2 = | 5:dog x:dog 9:dog -:dog -:dog 2:dog =:dog
EXPR: 0 | POS | INT | 27 | 11 | 12 | (2+(x-5))=9 | 2 x 5 - + 9 = | 2:dog x:dog 5:dog -:dog +:dog 9:dog =:dog
EXPR: 0 | POS | INT | 27 | 11 | 2 | (2+(x+5))=9 | 2 x 5 + + 9 = | 2:dog x:dog 5:dog +:dog +:dog 9:dog =:dog
EXPR: 0 | POS | INT | 27 | 11 | 6 | (5+(x-9))=2 | 5 x 9 - + 2 = | 5:dog x:dog 9:dog -:dog +:dog 2:dog =:dog
EXPR: 0 | POS | INT | 35 | 11 | 12 | x=(5-(2-9)) | x 5 2 9 - - = | x:dog 5:dog 2:dog 9:dog -:dog -:dog =:dog
EXPR: 0 | POS | INT | 35 | 11 | 12 | (5-(2-9))=x | 5 2 9 - - x = | 5:dog 2:dog 9:dog -:dog -:dog x:dog =:dog
EXPR: 0 | POS | INT | 35 | 11 | 12 | ((5-2)+9)=x | 5 2 - 9 + x = | 5:dog 2:dog -:dog 9:dog +:dog x:dog =:dog
EXPR: 0 | POS | INT | 35 | 11 | 12 | x=((5-2)+9) | x 5 2 - 9 + = | x:dog 5:dog 2:dog -:dog 9:dog +:dog =:dog
EXPR: 0 | POS | INT | 37 | 11 | 6 | (5+(x-2))=9 | 5 x 2 - + 9 = | 5:dog x:dog 2:dog -:dog +:dog 9:dog =:dog
EXPR: 0 | POS | INT | 37 | 11 | 2 | ((x+5)+2)=9 | x 5 + 2 + 9 = | x:dog 5:dog +:dog 2:dog +:dog 9:dog =:dog
EXPR: 0 | POS | INT | 37 | 11 | 6 | (5-(2-x))=9 | 5 2 x - - 9 = | 5:dog 2:dog x:dog -:dog -:dog 9:dog =:dog
EXPR: 0 | POS | INT | 37 | 11 | 6 | ((x+5)-2)=9 | x 5 + 2 - 9 = | x:dog 5:dog +:dog 2:dog -:dog 9:dog =:dog
EXPR: 0 | POS | INT | 37 | 11 | 12 | 5=((2+x)-9) | 5 2 x + 9 - = | 5:dog 2:dog x:dog +:dog 9:dog -:dog =:dog
EXPR: 0 | POS | INT | 37 | 11 | 6 | (2-x)=(5-9) | 2 x - 5 9 - = | 2:dog x:dog -:dog 5:dog 9:dog -:dog =:dog
EXPR: 0 | POS | INT | 37 | 11 | 6 | (x+(5-2))=9 | x 5 2 - + 9 = | x:dog 5:dog 2:dog -:dog +:dog 9:dog =:dog
EXPR: 0 | POS | INT | 37 | 11 | 2 | ((5+x)+2)=9 | 5 x + 2 + 9 = | 5:dog x:dog +:dog 2:dog +:dog 9:dog =:dog
EXPR: 0 | POS | INT | 37 | 11 | 2 | (5+(x+2))=9 | 5 x 2 + + 9 = | 5:dog x:dog 2:dog +:dog +:dog 9:dog =:dog
EXPR: 0 | POS | INT | 37 | 11 | 6 | 5=(2+(9-x)) | 5 2 9 x - + = | 5:dog 2:dog 9:dog x:dog -:dog +:dog =:dog
EXPR: 0 | POS | INT | 37 | 11 | 12 | 5=((x+2)-9) | 5 x 2 + 9 - = | 5:dog x:dog 2:dog +:dog 9:dog -:dog =:dog
EXPR: 0 | POS | INT | 37 | 11 | 12 | 5=((2-9)+x) | 5 2 9 - x + = | 5:dog 2:dog 9:dog -:dog x:dog +:dog =:dog
EXPR: 0 | POS | INT | 37 | 11 | 12 | 5=(x+(2-9)) | 5 x 2 9 - + = | 5:dog x:dog 2:dog 9:dog -:dog +:dog =:dog
EXPR: 0 | POS | INT | 37 | 11 | 16 | ((x-5)-2)=9 | x 5 - 2 - 9 = | x:dog 5:dog -:dog 2:dog -:dog 9:dog =:dog
EXPR: 0 | POS | INT | 37 | 11 | 12 | (x-(5-2))=9 | x 5 2 - - 9 = | x:dog 5:dog 2:dog -:dog -:dog 9:dog =:dog
EXPR: 0 | POS | INT | 37 | 11 | 16 | (x-5)=(9+2) | x 5 - 9 2 + = | x:dog 5:dog -:dog 9:dog 2:dog +:dog =:dog
EXPR: 0 | POS | INT | 37 | 11 | 12 | ((x-5)+2)=9 | x 5 - 2 + 9 = | x:dog 5:dog -:dog 2:dog +:dog 9:dog =:dog
EXPR: 0 | POS | INT | 37 | 11 | 12 | 5=(2-(9-x)) | 5 2 9 x - - = | 5:dog 2:dog 9:dog x:dog -:dog -:dog =:dog
EXPR: 0 | POS | INT | 37 | 11 | 2 | (5+x)=(9-2) | 5 x + 9 2 - = | 5:dog x:dog +:dog 9:dog 2:dog -:dog =:dog
EXPR: 0 | POS | INT | 37 | 11 | 6 | ((5-2)+x)=9 | 5 2 - x + 9 = | 5:dog 2:dog -:dog x:dog +:dog 9:dog =:dog
EXPR: 0 | POS | INT | 37 | 11 | 6 | (5+x)=(9+2) | 5 x + 9 2 + = | 5:dog x:dog +:dog 9:dog 2:dog +:dog =:dog
EXPR: 0 | POS | INT | 37 | 11 | 16 | 5=((x-2)-9) | 5 x 2 - 9 - = | 5:dog x:dog 2:dog -:dog 9:dog -:dog =:dog
EXPR: 0 | POS | INT | 37 | 11 | 6 | ((5+x)-2)=9 | 5 x + 2 - 9 = | 5:dog x:dog +:dog 2:dog -:dog 9:dog =:dog
EXPR: 0 | POS | INT | 37 | 11 | 12 | (2-5)=(9-x) | 2 5 - 9 x - = | 2:dog 5:dog -:dog 9:dog x:dog -:dog =:dog
EXPR: 0 | POS | INT | 37 | 11 | 2 | (5+(2+x))=9 | 5 2 x + + 9 = | 5:dog 2:dog x:dog +:dog +:dog 9:dog =:dog
EXPR: 0 | POS | INT | 37 | 11 | 6 | 5=((2-x)+9) | 5 2 x - 9 + = | 5:dog 2:dog x:dog -:dog 9:dog +:dog =:dog
EXPR: 0 | POS | INT | 37 | 11 | 2 | (2+5)=(9-x) | 2 5 + 9 x - = | 2:dog 5:dog +:dog 9:dog x:dog -:dog =:dog
EXPR: 0 | POS | INT | 37 | 11 | 2 | (x+5)=(9-2) | x 5 + 9 2 - = | x:dog 5:dog +:dog 9:dog 2:dog -:dog =:dog
EXPR: 0 | POS | INT | 37 | 11 | 6 | (x+5)=(9+2) | x 5 + 9 2 + = | x:dog 5:dog +:dog 9:dog 2:dog +:dog =:dog
EXPR: 0 | POS | INT | 37 | 11 | 6 | 5=(2-(x-9)) | 5 2 x 9 - - = | 5:dog 2:dog x:dog 9:dog -:dog -:dog =:dog
EXPR: 0 | POS | INT | 37 | 11 | 6 | (2-5)=(x-9) | 2 5 - x 9 - = | 2:dog 5:dog -:dog x:dog 9:dog -:dog =:dog
EXPR: 0 | POS | INT | 37 | 11 | 16 | (2+5)=(x-9) | 2 5 + x 9 - = | 2:dog 5:dog +:dog x:dog 9:dog -:dog =:dog
EXPR: 0 | POS | INT | 37 | 11 | 12 | (x-5)=(9-2) | x 5 - 9 2 - = | x:dog 5:dog -:dog 9:dog 2:dog -:dog =:dog
EXPR: 0 | POS | INT | 37 | 11 | 6 | (5-9)=(2-x) | 5 9 - 2 x - = | 5:dog 9:dog -:dog 2:dog x:dog -:dog =:dog
EXPR: 0 | POS | INT | 37 | 11 | 12 | 5=(2+(x-9)) | 5 2 x 9 - + = | 5:dog 2:dog x:dog 9:dog -:dog +:dog =:dog
EXPR: 0 | POS | INT | 47 | 11 | 6 | (5-2)=(9-x) | 5 2 - 9 x - = | 5:dog 2:dog -:dog 9:dog x:dog -:dog =:dog
EXPR: 0 | POS | INT | 47 | 11 | 12 | (5-x)=(2-9) | 5 x - 2 9 - = | 5:dog x:dog -:dog 2:dog 9:dog -:dog =:dog
EXPR: 0 | POS | INT | 47 | 11 | 12 | (5-2)=(x-9) | 5 2 - x 9 - = | 5:dog 2:dog -:dog x:dog 9:dog -:dog =:dog
NET 232 unique, non-negative, integer-valued solutions found out of 480 total solutions
