parameters: n=9 l=4 k=1 p=5 q=1 m=10
TOTAL 694 solutions found
SOLN: CORRECT | POS/NEG | INT/FRA | OBJ-SCORE | TRUE-ANS | ANS | INFIX | POSTFIX | TYPED-POSTFIX
EXPR: 1 | POS | FRA | 0 | 6.65 | 6.65 | x=((0.15+1.3)+(0.7+4.5)) | x 0.15 1.3 + 0.7 4.5 + + = | x:money 0.15:money 1.3:money +:money 0.7:money 4.5:money +:money +:money =:money
EXPR: 0 | POS | FRA | 0 | 6.65 | 2.85714285714286 | (((0.15-1.3)/0.7)+4.5)=x | 0.15 1.3 - 0.7 / 4.5 + x = | 0.15:money 1.3:money -:money 0.7:money /:money 4.5:money +:money x:money =:money
EXPR: 0 | POS | FRA | 0 | 6.65 | 1.014 | x=((0.15*1.3)*(0.7+4.5)) | x 0.15 1.3 * 0.7 4.5 + * = | x:money 0.15:money 1.3:money *:money 0.7:money 4.5:money +:money *:money =:money
EXPR: 0 | POS | FRA | 0 | 6.65 | 0.0375 | x=((0.15*1.3)/(0.7+4.5)) | x 0.15 1.3 * 0.7 4.5 + / = | x:money 0.15:money 1.3:money *:money 0.7:money 4.5:money +:money /:money =:money
EXPR: 0 | POS | FRA | 0 | 6.65 | 5.395 | x=((0.15*1.3)+(0.7+4.5)) | x 0.15 1.3 * 0.7 4.5 + + = | x:money 0.15:money 1.3:money *:money 0.7:money 4.5:money +:money +:money =:money
EXPR: 0 | POS | FRA | 0 | 6.65 | 0.166666666666667 | (((0.15+1.3)-0.7)/4.5)=x | 0.15 1.3 + 0.7 - 4.5 / x = | 0.15:money 1.3:money +:money 0.7:money -:money 4.5:money /:money x:money =:money
EXPR: 0 | POS | FRA | 0 | 6.65 | 0.198888888888889 | (((0.15*1.3)+0.7)/4.5)=x | 0.15 1.3 * 0.7 + 4.5 / x = | 0.15:money 1.3:money *:money 0.7:money +:money 4.5:money /:money x:money =:money
EXPR: 0 | POS | FRA | 0 | 6.65 | 3.375 | (((0.15+1.3)-0.7)*4.5)=x | 0.15 1.3 + 0.7 - 4.5 * x = | 0.15:money 1.3:money +:money 0.7:money -:money 4.5:money *:money x:money =:money
EXPR: 0 | POS | FRA | 0 | 6.65 | 0.8115 | x=(0.15*((1.3*0.7)+4.5)) | x 0.15 1.3 0.7 * 4.5 + * = | x:money 0.15:money 1.3:money 0.7:money *:money 4.5:money +:money *:money =:money
EXPR: 0 | POS | FRA | 0 | 6.65 | 4.0275 | (((0.15*1.3)+0.7)*4.5)=x | 0.15 1.3 * 0.7 + 4.5 * x = | 0.15:money 1.3:money *:money 0.7:money +:money 4.5:money *:money x:money =:money
EXPR: 0 | POS | FRA | 0 | 6.65 | 3.345 | x=((0.15*1.3)+(0.7*4.5)) | x 0.15 1.3 * 0.7 4.5 * + = | x:money 0.15:money 1.3:money *:money 0.7:money 4.5:money *:money +:money =:money
EXPR: 0 | POS | FRA | 0 | 6.65 | 0.181196581196581 | (((0.15/1.3)+0.7)/4.5)=x | 0.15 1.3 / 0.7 + 4.5 / x = | 0.15:money 1.3:money /:money 0.7:money +:money 4.5:money /:money x:money =:money
EXPR: 0 | POS | FRA | 0 | 6.65 | 3.66923076923077 | (((0.15/1.3)+0.7)*4.5)=x | 0.15 1.3 / 0.7 + 4.5 * x = | 0.15:money 1.3:money /:money 0.7:money +:money 4.5:money *:money x:money =:money
EXPR: 0 | POS | FRA | 0 | 6.65 | 0.0277264325323475 | x=(0.15/((1.3*0.7)+4.5)) | x 0.15 1.3 0.7 * 4.5 + / = | x:money 0.15:money 1.3:money 0.7:money *:money 4.5:money +:money /:money =:money
EXPR: 0 | POS | FRA | 0 | 6.65 | 9.675 | (((0.15+1.3)+0.7)*4.5)=x | 0.15 1.3 + 0.7 + 4.5 * x = | 0.15:money 1.3:money +:money 0.7:money +:money 4.5:money *:money x:money =:money
EXPR: 0 | POS | FRA | 0 | 6.65 | 4.8 | ((0.15*(1.3+0.7))+4.5)=x | 0.15 1.3 0.7 + * 4.5 + x = | 0.15:money 1.3:money 0.7:money +:money *:money 4.5:money +:money x:money =:money
EXPR: 0 | POS | FRA | 0 | 6.65 | 5.56 | x=(0.15+((1.3*0.7)+4.5)) | x 0.15 1.3 0.7 * 4.5 + + = | x:money 0.15:money 1.3:money 0.7:money *:money 4.5:money +:money +:money =:money
EXPR: 0 | POS | FRA | 0 | 6.65 | 0.477777777777778 | (((0.15+1.3)+0.7)/4.5)=x | 0.15 1.3 + 0.7 + 4.5 / x = | 0.15:money 1.3:money +:money 0.7:money +:money 4.5:money /:money x:money =:money
EXPR: 0 | POS | FRA | 0 | 6.65 | 0.350555555555556 | x=((0.15*1.3)+(0.7/4.5)) | x 0.15 1.3 * 0.7 4.5 / + = | x:money 0.15:money 1.3:money *:money 0.7:money 4.5:money /:money +:money =:money
EXPR: 1 | POS | FRA | 0 | 6.65 | 6.65 | ((0.15+1.3)+(0.7+4.5))=x | 0.15 1.3 + 0.7 4.5 + + x = | 0.15:money 1.3:money +:money 0.7:money 4.5:money +:money +:money x:money =:money
EXPR: 0 | POS | FRA | 0 | 6.65 | 4.59 | ((0.15*(1.3-0.7))+4.5)=x | 0.15 1.3 0.7 - * 4.5 + x = | 0.15:money 1.3:money 0.7:money -:money *:money 4.5:money +:money x:money =:money
EXPR: 0 | POS | FRA | 0 | 6.65 | 5.25 | (0.15+(1.3-(0.7-4.5)))=x | 0.15 1.3 0.7 4.5 - - + x = | 0.15:money 1.3:money 0.7:money 4.5:money -:money -:money +:money x:money =:money
EXPR: 1 | POS | FRA | 0 | 6.65 | 6.65 | (((0.15+1.3)+0.7)+4.5)=x | 0.15 1.3 + 0.7 + 4.5 + x = | 0.15:money 1.3:money +:money 0.7:money +:money 4.5:money +:money x:money =:money
EXPR: 1 | POS | FRA | 0 | 6.65 | 6.65 | (0.15+(1.3+(0.7+4.5)))=x | 0.15 1.3 0.7 4.5 + + + x = | 0.15:money 1.3:money 0.7:money 4.5:money +:money +:money +:money x:money =:money
EXPR: 0 | POS | FRA | 0 | 6.65 | 6.50714285714286 | ((0.15+(1.3/0.7))+4.5)=x | 0.15 1.3 0.7 / + 4.5 + x = | 0.15:money 1.3:money 0.7:money /:money +:money 4.5:money +:money x:money =:money
EXPR: 0 | POS | FRA | 0 | 6.65 | 3.375 | ((0.15+(1.3-0.7))*4.5)=x | 0.15 1.3 0.7 - + 4.5 * x = | 0.15:money 1.3:money 0.7:money -:money +:money 4.5:money *:money x:money =:money
EXPR: 0 | POS | FRA | 0 | 6.65 | 1.60555555555556 | ((0.15+1.3)+(0.7/4.5))=x | 0.15 1.3 + 0.7 4.5 / + x = | 0.15:money 1.3:money +:money 0.7:money 4.5:money /:money +:money x:money =:money
EXPR: 0 | POS | FRA | 0 | 6.65 | 4.05 | (0.15-(1.3-(0.7+4.5)))=x | 0.15 1.3 0.7 4.5 + - - x = | 0.15:money 1.3:money 0.7:money 4.5:money +:money -:money -:money x:money =:money
EXPR: 0 | POS | FRA | 0 | 6.65 | 0.270940170940171 | ((0.15/1.3)+(0.7/4.5))=x | 0.15 1.3 / 0.7 4.5 / + x = | 0.15:money 1.3:money /:money 0.7:money 4.5:money /:money +:money x:money =:money
EXPR: 0 | POS | FRA | 0 | 6.65 | 9.03214285714286 | ((0.15+(1.3/0.7))*4.5)=x | 0.15 1.3 0.7 / + 4.5 * x = | 0.15:money 1.3:money 0.7:money /:money +:money 4.5:money *:money x:money =:money
EXPR: 0 | POS | FRA | 0 | 6.65 | 0.278846153846154 | ((0.15+1.3)/(0.7+4.5))=x | 0.15 1.3 + 0.7 4.5 + / x = | 0.15:money 1.3:money +:money 0.7:money 4.5:money +:money /:money x:money =:money
EXPR: 0 | POS | FRA | 0 | 6.65 | 0.953571428571429 | x=(0.15*((1.3/0.7)+4.5)) | x 0.15 1.3 0.7 / 4.5 + * = | x:money 0.15:money 1.3:money 0.7:money /:money 4.5:money +:money *:money =:money
EXPR: 0 | POS | FRA | 0 | 6.65 | 0.350555555555556 | ((0.15*1.3)+(0.7/4.5))=x | 0.15 1.3 * 0.7 4.5 / + x = | 0.15:money 1.3:money *:money 0.7:money 4.5:money /:money +:money x:money =:money
EXPR: 0 | POS | FRA | 0 | 6.65 | 0.0235955056179775 | x=(0.15/((1.3/0.7)+4.5)) | x 0.15 1.3 0.7 / 4.5 + / = | x:money 0.15:money 1.3:money 0.7:money /:money 4.5:money +:money /:money =:money
EXPR: 0 | POS | FRA | 0 | 6.65 | 4.05 | x=(0.15-((1.3-0.7)-4.5)) | x 0.15 1.3 0.7 - 4.5 - - = | x:money 0.15:money 1.3:money 0.7:money -:money 4.5:money -:money -:money =:money
EXPR: 0 | POS | FRA | 0 | 6.65 | 1.014 | ((0.15*1.3)*(0.7+4.5))=x | 0.15 1.3 * 0.7 4.5 + * x = | 0.15:money 1.3:money *:money 0.7:money 4.5:money +:money *:money x:money =:money
EXPR: 0 | POS | FRA | 0 | 6.65 | 2.65 | x=(0.15-((1.3+0.7)-4.5)) | x 0.15 1.3 0.7 + 4.5 - - = | x:money 0.15:money 1.3:money 0.7:money +:money 4.5:money -:money -:money =:money
EXPR: 0 | POS | FRA | 0 | 6.65 | 0.022189349112426 | ((0.15/1.3)/(0.7+4.5))=x | 0.15 1.3 / 0.7 4.5 + / x = | 0.15:money 1.3:money /:money 0.7:money 4.5:money +:money /:money x:money =:money
EXPR: 0 | POS | FRA | 0 | 6.65 | 5.31538461538462 | ((0.15/1.3)+(0.7+4.5))=x | 0.15 1.3 / 0.7 4.5 + + x = | 0.15:money 1.3:money /:money 0.7:money 4.5:money +:money +:money x:money =:money
EXPR: 0 | POS | FRA | 0 | 6.65 | 0.975 | (0.15*(1.3+(0.7+4.5)))=x | 0.15 1.3 0.7 4.5 + + * x = | 0.15:money 1.3:money 0.7:money 4.5:money +:money +:money *:money x:money =:money
EXPR: 0 | POS | FRA | 0 | 6.65 | 2.65 | (0.15-(1.3+(0.7-4.5)))=x | 0.15 1.3 0.7 4.5 - + - x = | 0.15:money 1.3:money 0.7:money 4.5:money -:money +:money -:money x:money =:money
EXPR: 0 | POS | FRA | 0 | 6.65 | 0.765 | (0.15*(1.3-(0.7-4.5)))=x | 0.15 1.3 0.7 4.5 - - * x = | 0.15:money 1.3:money 0.7:money 4.5:money -:money -:money *:money x:money =:money
EXPR: 0 | POS | FRA | 0 | 6.65 | 0.0394444444444444 | x=((0.15*1.3)-(0.7/4.5)) | x 0.15 1.3 * 0.7 4.5 / - = | x:money 0.15:money 1.3:money *:money 0.7:money 4.5:money /:money -:money =:money
EXPR: 0 | POS | FRA | 0 | 6.65 | 5.25 | ((0.15+(1.3-0.7))+4.5)=x | 0.15 1.3 0.7 - + 4.5 + x = | 0.15:money 1.3:money 0.7:money -:money +:money 4.5:money +:money x:money =:money
EXPR: 0 | POS | FRA | 0 | 6.65 | 3.995 | x=((0.15*1.3)-(0.7-4.5)) | x 0.15 1.3 * 0.7 4.5 - - = | x:money 0.15:money 1.3:money *:money 0.7:money 4.5:money -:money -:money =:money
EXPR: 0 | POS | FRA | 0 | 6.65 | 0.975 | x=(0.15*((1.3+0.7)+4.5)) | x 0.15 1.3 0.7 + 4.5 + * = | x:money 0.15:money 1.3:money 0.7:money +:money 4.5:money +:money *:money =:money
EXPR: 0 | POS | FRA | 0 | 6.65 | 4.05 | ((0.15-1.3)+(0.7+4.5))=x | 0.15 1.3 - 0.7 4.5 + + x = | 0.15:money 1.3:money -:money 0.7:money 4.5:money +:money +:money x:money =:money
EXPR: 0 | POS | FRA | 0 | 6.65 | 0.594444444444444 | x=(0.15+((1.3+0.7)/4.5)) | x 0.15 1.3 0.7 + 4.5 / + = | x:money 0.15:money 1.3:money 0.7:money +:money 4.5:money /:money +:money =:money
EXPR: 0 | POS | FRA | 0 | 6.65 | 5.25 | (((0.15+1.3)-0.7)+4.5)=x | 0.15 1.3 + 0.7 - 4.5 + x = | 0.15:money 1.3:money +:money 0.7:money -:money 4.5:money +:money x:money =:money
EXPR: 0 | POS | FRA | 0 | 6.65 | 4.37 | x=((0.15-1.3)*(0.7-4.5)) | x 0.15 1.3 - 0.7 4.5 - * = | x:money 0.15:money 1.3:money -:money 0.7:money 4.5:money -:money *:money =:money
EXPR: 1 | POS | FRA | 0 | 6.65 | 6.65 | ((0.15+(1.3+0.7))+4.5)=x | 0.15 1.3 0.7 + + 4.5 + x = | 0.15:money 1.3:money 0.7:money +:money +:money 4.5:money +:money x:money =:money
EXPR: 0 | POS | FRA | 0 | 6.65 | 0.4 | (0.15+(1.3/(0.7+4.5)))=x | 0.15 1.3 0.7 4.5 + / + x = | 0.15:money 1.3:money 0.7:money 4.5:money +:money /:money +:money x:money =:money
EXPR: 0 | POS | FRA | 0 | 6.65 | 4.75 | ((0.15/(1.3-0.7))+4.5)=x | 0.15 1.3 0.7 - / 4.5 + x = | 0.15:money 1.3:money 0.7:money -:money /:money 4.5:money +:money x:money =:money
EXPR: 0 | POS | FRA | 0 | 6.65 | 1.29444444444444 | (0.15+(1.3-(0.7/4.5)))=x | 0.15 1.3 0.7 4.5 / - + x = | 0.15:money 1.3:money 0.7:money 4.5:money /:money -:money +:money x:money =:money
EXPR: 0 | POS | FRA | 0 | 6.65 | 9.15 | x=(0.15+((1.3+0.7)*4.5)) | x 0.15 1.3 0.7 + 4.5 * + = | x:money 0.15:money 1.3:money 0.7:money +:money 4.5:money *:money +:money =:money
EXPR: 0 | POS | FRA | 0 | 6.65 | 7.54 | x=((0.15+1.3)*(0.7+4.5)) | x 0.15 1.3 + 0.7 4.5 + * = | x:money 0.15:money 1.3:money +:money 0.7:money 4.5:money +:money *:money =:money
EXPR: 0 | POS | FRA | 0 | 6.65 | 4.6 | x=((0.15+1.3)+(0.7*4.5)) | x 0.15 1.3 + 0.7 4.5 * + = | x:money 0.15:money 1.3:money +:money 0.7:money 4.5:money *:money +:money =:money
EXPR: 0 | POS | FRA | 0 | 6.65 | 5.395 | ((0.15*1.3)+(0.7+4.5))=x | 0.15 1.3 * 0.7 4.5 + + x = | 0.15:money 1.3:money *:money 0.7:money 4.5:money +:money +:money x:money =:money
EXPR: 0 | POS | FRA | 0 | 6.65 | 0.0375 | ((0.15*1.3)/(0.7+4.5))=x | 0.15 1.3 * 0.7 4.5 + / x = | 0.15:money 1.3:money *:money 0.7:money 4.5:money +:money /:money x:money =:money
EXPR: 0 | POS | FRA | 0 | 6.65 | 0.765 | x=(0.15*((1.3-0.7)+4.5)) | x 0.15 1.3 0.7 - 4.5 + * = | x:money 0.15:money 1.3:money 0.7:money -:money 4.5:money +:money *:money =:money
EXPR: 0 | POS | INT | 0 | 6.65 | 2 | ((0.15-1.3)+(0.7*4.5))=x | 0.15 1.3 - 0.7 4.5 * + x = | 0.15:money 1.3:money -:money 0.7:money 4.5:money *:money +:money x:money =:money
EXPR: 0 | POS | FRA | 0 | 6.65 | 0.0294117647058824 | x=(0.15/((1.3-0.7)+4.5)) | x 0.15 1.3 0.7 - 4.5 + / = | x:money 0.15:money 1.3:money 0.7:money -:money 4.5:money +:money /:money =:money
EXPR: 1 | POS | FRA | 0 | 6.65 | 6.65 | x=(0.15+((1.3+0.7)+4.5)) | x 0.15 1.3 0.7 + 4.5 + + = | x:money 0.15:money 1.3:money 0.7:money +:money 4.5:money +:money +:money =:money
EXPR: 0 | POS | FRA | 0 | 6.65 | 6.91 | (0.15+(1.3*(0.7+4.5)))=x | 0.15 1.3 0.7 4.5 + * + x = | 0.15:money 1.3:money 0.7:money 4.5:money +:money *:money +:money x:money =:money
EXPR: 0 | POS | FRA | 0 | 6.65 | 1.60555555555556 | (0.15+(1.3+(0.7/4.5)))=x | 0.15 1.3 0.7 4.5 / + + x = | 0.15:money 1.3:money 0.7:money 4.5:money /:money +:money +:money x:money =:money
EXPR: 0 | POS | FRA | 0 | 6.65 | 0.0230769230769231 | x=(0.15/((1.3+0.7)+4.5)) | x 0.15 1.3 0.7 + 4.5 + / = | x:money 0.15:money 1.3:money 0.7:money +:money 4.5:money +:money /:money =:money
EXPR: 0 | POS | FRA | 0 | 6.65 | 4.37 | ((0.15-1.3)*(0.7-4.5))=x | 0.15 1.3 - 0.7 4.5 - * x = | 0.15:money 1.3:money -:money 0.7:money 4.5:money -:money *:money x:money =:money
EXPR: 0 | POS | FRA | 0 | 6.65 | 3.995 | ((0.15*1.3)-(0.7-4.5))=x | 0.15 1.3 * 0.7 4.5 - - x = | 0.15:money 1.3:money *:money 0.7:money 4.5:money -:money -:money x:money =:money
EXPR: 0 | POS | FRA | 0 | 6.65 | 0.6 | ((0.15/1.3)*(0.7+4.5))=x | 0.15 1.3 / 0.7 4.5 + * x = | 0.15:money 1.3:money /:money 0.7:money 4.5:money +:money *:money x:money =:money
EXPR: 0 | POS | FRA | 0 | 6.65 | 3.26538461538462 | ((0.15/1.3)+(0.7*4.5))=x | 0.15 1.3 / 0.7 4.5 * + x = | 0.15:money 1.3:money /:money 0.7:money 4.5:money *:money +:money x:money =:money
EXPR: 0 | POS | FRA | 0 | 6.65 | 5.09 | (0.15-(1.3*(0.7-4.5)))=x | 0.15 1.3 0.7 4.5 - * - x = | 0.15:money 1.3:money 0.7:money 4.5:money -:money *:money -:money x:money =:money
EXPR: 0 | POS | FRA | 0 | 6.65 | 9.675 | ((0.15+(1.3+0.7))*4.5)=x | 0.15 1.3 0.7 + + 4.5 * x = | 0.15:money 1.3:money 0.7:money +:money +:money 4.5:money *:money x:money =:money
EXPR: 0 | POS | FRA | 0 | 6.65 | 3.995 | (((0.15*1.3)-0.7)+4.5)=x | 0.15 1.3 * 0.7 - 4.5 + x = | 0.15:money 1.3:money *:money 0.7:money -:money 4.5:money +:money x:money =:money
EXPR: 0 | POS | FRA | 0 | 6.65 | 3.91538461538462 | (((0.15/1.3)-0.7)+4.5)=x | 0.15 1.3 / 0.7 - 4.5 + x = | 0.15:money 1.3:money /:money 0.7:money -:money 4.5:money +:money x:money =:money
EXPR: 0 | POS | FRA | 0 | 6.65 | 5.31538461538462 | x=((0.15/1.3)+(0.7+4.5)) | x 0.15 1.3 / 0.7 4.5 + + = | x:money 0.15:money 1.3:money /:money 0.7:money 4.5:money +:money +:money =:money
EXPR: 0 | POS | FRA | 0 | 6.65 | 0.0294117647058824 | (0.15/(1.3-(0.7-4.5)))=x | 0.15 1.3 0.7 4.5 - - / x = | 0.15:money 1.3:money 0.7:money 4.5:money -:money -:money /:money x:money =:money
EXPR: 0 | POS | FRA | 0 | 6.65 | 2.79285714285714 | x=(0.15-((1.3/0.7)-4.5)) | x 0.15 1.3 0.7 / 4.5 - - = | x:money 0.15:money 1.3:money 0.7:money /:money 4.5:money -:money -:money =:money
EXPR: 0 | POS | FRA | 0 | 6.65 | 2.65 | (0.15-((1.3+0.7)-4.5))=x | 0.15 1.3 0.7 + 4.5 - - x = | 0.15:money 1.3:money 0.7:money +:money 4.5:money -:money -:money x:money =:money
EXPR: 0 | POS | FRA | 0 | 6.65 | 2.65 | x=((0.15-1.3)-(0.7-4.5)) | x 0.15 1.3 - 0.7 4.5 - - = | x:money 0.15:money 1.3:money -:money 0.7:money 4.5:money -:money -:money =:money
EXPR: 0 | POS | FRA | 2 | 6.65 | 6.91000000000001 | (((x-0.15)/1.3)-0.7)=4.5 | x 0.15 - 1.3 / 0.7 - 4.5 = | x:money 0.15:money -:money 1.3:money /:money 0.7:money -:money 4.5:money =:money
EXPR: 0 | POS | FRA | 2 | 6.65 | 6.955 | x=(1.3*(0.15+(0.7+4.5))) | x 1.3 0.15 0.7 4.5 + + * = | x:money 1.3:money 0.15:money 0.7:money 4.5:money +:money +:money *:money =:money
EXPR: 0 | POS | FRA | 2 | 6.65 | 6.14285714285714 | (((0.15-1.3)/0.7)+x)=4.5 | 0.15 1.3 - 0.7 / x + 4.5 = | 0.15:money 1.3:money -:money 0.7:money /:money x:money +:money 4.5:money =:money
EXPR: 0 | POS | FRA | 2 | 6.65 | 6.81428571428571 | x=((1.3+(0.15/0.7))*4.5) | x 1.3 0.15 0.7 / + 4.5 * = | x:money 1.3:money 0.15:money 0.7:money /:money +:money 4.5:money *:money =:money
EXPR: 0 | POS | FRA | 2 | 6.65 | 4.07692307692308 | (((0.15-0.7)/1.3)+4.5)=x | 0.15 0.7 - 1.3 / 4.5 + x = | 0.15:money 0.7:money -:money 1.3:money /:money 4.5:money +:money x:money =:money
EXPR: 0 | POS | FRA | 2 | 6.65 | 0.444444444444444 | (((0.15-1.3)/4.5)+0.7)=x | 0.15 1.3 - 4.5 / 0.7 + x = | 0.15:money 1.3:money -:money 4.5:money /:money 0.7:money +:money x:money =:money
EXPR: 0 | POS | FRA | 2 | 6.65 | 3.995 | x=((0.15*1.3)+(4.5-0.7)) | x 0.15 1.3 * 4.5 0.7 - + = | x:money 0.15:money 1.3:money *:money 4.5:money 0.7:money -:money +:money =:money
EXPR: 0 | POS | FRA | 2 | 6.65 | 2.49285714285714 | ((x+0.15)+(1.3/0.7))=4.5 | x 0.15 + 1.3 0.7 / + 4.5 = | x:money 0.15:money +:money 1.3:money 0.7:money /:money +:money 4.5:money =:money
EXPR: 0 | POS | FRA | 2 | 6.65 | 2.09302325581395 | (((0.15+1.3)+0.7)*x)=4.5 | 0.15 1.3 + 0.7 + x * 4.5 = | 0.15:money 1.3:money +:money 0.7:money +:money x:money *:money 4.5:money =:money
EXPR: 0 | POS | FRA | 2 | 6.65 | 0.741 | x=((0.15*1.3)*(4.5-0.7)) | x 0.15 1.3 * 4.5 0.7 - * = | x:money 0.15:money 1.3:money *:money 4.5:money 0.7:money -:money *:money =:money
EXPR: 0 | POS | FRA | 2 | 6.65 | 0.0513157894736842 | x=((0.15*1.3)/(4.5-0.7)) | x 0.15 1.3 * 4.5 0.7 - / = | x:money 0.15:money 1.3:money *:money 4.5:money 0.7:money -:money /:money =:money
EXPR: 0 | POS | FRA | 2 | 6.65 | 0.312222222222222 | (((0.15*0.7)+1.3)/4.5)=x | 0.15 0.7 * 1.3 + 4.5 / x = | 0.15:money 0.7:money *:money 1.3:money +:money 4.5:money /:money x:money =:money
EXPR: 0 | POS | FRA | 2 | 6.65 | 6.70714285714286 | (((0.15*1.3)+4.5)/0.7)=x | 0.15 1.3 * 4.5 + 0.7 / x = | 0.15:money 1.3:money *:money 4.5:money +:money 0.7:money /:money x:money =:money
EXPR: 0 | POS | FRA | 2 | 6.65 | 0.393888888888889 | x=((0.15*0.7)+(1.3/4.5)) | x 0.15 0.7 * 1.3 4.5 / + = | x:money 0.15:money 0.7:money *:money 1.3:money 4.5:money /:money +:money =:money
EXPR: 0 | POS | FRA | 2 | 6.65 | 3.375 | (((0.15-0.7)+1.3)*4.5)=x | 0.15 0.7 - 1.3 + 4.5 * x = | 0.15:money 0.7:money -:money 1.3:money +:money 4.5:money *:money x:money =:money
EXPR: 0 | POS | FRA | 2 | 6.65 | 2.345 | (((0.15-1.3)+4.5)*0.7)=x | 0.15 1.3 - 4.5 + 0.7 * x = | 0.15:money 1.3:money -:money 4.5:money +:money 0.7:money *:money x:money =:money
EXPR: 0 | POS | FRA | 2 | 6.65 | 5.955 | x=((0.15*0.7)+(1.3*4.5)) | x 0.15 0.7 * 1.3 4.5 * + = | x:money 0.15:money 0.7:money *:money 1.3:money 4.5:money *:money +:money =:money
EXPR: 0 | POS | FRA | 2 | 6.65 | 6.81428571428571 | (((0.15/0.7)+1.3)*4.5)=x | 0.15 0.7 / 1.3 + 4.5 * x = | 0.15:money 0.7:money /:money 1.3:money +:money 4.5:money *:money x:money =:money
EXPR: 0 | POS | FRA | 2 | 6.65 | 3.23076923076923 | (((0.15/1.3)+4.5)*0.7)=x | 0.15 1.3 / 4.5 + 0.7 * x = | 0.15:money 1.3:money /:money 4.5:money +:money 0.7:money *:money x:money =:money
EXPR: 0 | POS | FRA | 2 | 6.65 | 0.336507936507937 | (((0.15/0.7)+1.3)/4.5)=x | 0.15 0.7 / 1.3 + 4.5 / x = | 0.15:money 0.7:money /:money 1.3:money +:money 4.5:money /:money x:money =:money
EXPR: 0 | POS | FRA | 2 | 6.65 | 6.59340659340659 | (((0.15/1.3)+4.5)/0.7)=x | 0.15 1.3 / 4.5 + 0.7 / x = | 0.15:money 1.3:money /:money 4.5:money +:money 0.7:money /:money x:money =:money
EXPR: 0 | POS | FRA | 2 | 6.65 | 2.49285714285714 | ((0.15+(1.3/0.7))+x)=4.5 | 0.15 1.3 0.7 / + x + 4.5 = | 0.15:money 1.3:money 0.7:money /:money +:money x:money +:money 4.5:money =:money
EXPR: 0 | POS | FRA | 2 | 6.65 | 4.2 | ((0.15*(1.3+0.7))+x)=4.5 | 0.15 1.3 0.7 + * x + 4.5 = | 0.15:money 1.3:money 0.7:money +:money *:money x:money +:money 4.5:money =:money
EXPR: 0 | POS | FRA | 2 | 6.65 | 6.3225 | (((0.15*0.7)+1.3)*4.5)=x | 0.15 0.7 * 1.3 + 4.5 * x = | 0.15:money 0.7:money *:money 1.3:money +:money 4.5:money *:money x:money =:money
EXPR: 0 | POS | FRA | 2 | 6.65 | 3.2865 | (((0.15*1.3)+4.5)*0.7)=x | 0.15 1.3 * 4.5 + 0.7 * x = | 0.15:money 1.3:money *:money 4.5:money +:money 0.7:money *:money x:money =:money
EXPR: 0 | POS | FRA | 2 | 6.65 | 5.25 | (((0.15+1.3)+4.5)-0.7)=x | 0.15 1.3 + 4.5 + 0.7 - x = | 0.15:money 1.3:money +:money 4.5:money +:money 0.7:money -:money x:money =:money
EXPR: 0 | POS | FRA | 2 | 6.65 | 9.675 | (((0.15+0.7)+1.3)*4.5)=x | 0.15 0.7 + 1.3 + 4.5 * x = | 0.15:money 0.7:money +:money 1.3:money +:money 4.5:money *:money x:money =:money
EXPR: 0 | POS | FRA | 2 | 6.65 | 4.165 | (((0.15+1.3)+4.5)*0.7)=x | 0.15 1.3 + 4.5 + 0.7 * x = | 0.15:money 1.3:money +:money 4.5:money +:money 0.7:money *:money x:money =:money
EXPR: 0 | POS | FRA | 2 | 6.65 | 1.57 | ((0.15*(1.3+4.5))+0.7)=x | 0.15 1.3 4.5 + * 0.7 + x = | 0.15:money 1.3:money 4.5:money +:money *:money 0.7:money +:money x:money =:money
EXPR: 0 | POS | FRA | 2 | 6.65 | 6.7 | x=(0.15+((1.3*4.5)+0.7)) | x 0.15 1.3 4.5 * 0.7 + + = | x:money 0.15:money 1.3:money 4.5:money *:money 0.7:money +:money +:money =:money
EXPR: 0 | POS | FRA | 2 | 6.65 | 0.477777777777778 | (((0.15+0.7)+1.3)/4.5)=x | 0.15 0.7 + 1.3 + 4.5 / x = | 0.15:money 0.7:money +:money 1.3:money +:money 4.5:money /:money x:money =:money
EXPR: 0 | POS | FRA | 2 | 6.65 | 8.5 | (((0.15+1.3)+4.5)/0.7)=x | 0.15 1.3 + 4.5 + 0.7 / x = | 0.15:money 1.3:money +:money 4.5:money +:money 0.7:money /:money x:money =:money
EXPR: 0 | POS | FRA | 2 | 6.65 | 0.0229007633587786 | x=(0.15/((1.3*4.5)+0.7)) | x 0.15 1.3 4.5 * 0.7 + / = | x:money 0.15:money 1.3:money 4.5:money *:money 0.7:money +:money /:money =:money
EXPR: 0 | POS | FRA | 2 | 6.65 | 6.35 | ((1.3-0.15)+(0.7+4.5))=x | 1.3 0.15 - 0.7 4.5 + + x = | 1.3:money 0.15:money -:money 0.7:money 4.5:money +:money +:money x:money =:money
EXPR: 0 | POS | FRA | 2 | 6.65 | 6.20714285714286 | 0.15=(((1.3/0.7)-x)+4.5) | 0.15 1.3 0.7 / x - 4.5 + = | 0.15:money 1.3:money 0.7:money /:money x:money -:money 4.5:money +:money =:money
EXPR: 1 | POS | FRA | 2 | 6.65 | 6.65 | (((0.15+0.7)+1.3)+4.5)=x | 0.15 0.7 + 1.3 + 4.5 + x = | 0.15:money 0.7:money +:money 1.3:money +:money 4.5:money +:money x:money =:money
EXPR: 1 | POS | FRA | 2 | 6.65 | 6.65 | (((0.15+1.3)+4.5)+0.7)=x | 0.15 1.3 + 4.5 + 0.7 + x = | 0.15:money 1.3:money +:money 4.5:money +:money 0.7:money +:money x:money =:money
EXPR: 0 | POS | FRA | 2 | 6.65 | 4.05 | (x-(0.15-(1.3-0.7)))=4.5 | x 0.15 1.3 0.7 - - - 4.5 = | x:money 0.15:money 1.3:money 0.7:money -:money -:money -:money 4.5:money =:money
EXPR: 0 | POS | FRA | 2 | 6.65 | 0.166666666666667 | (((0.15-0.7)+1.3)/4.5)=x | 0.15 0.7 - 1.3 + 4.5 / x = | 0.15:money 0.7:money -:money 1.3:money +:money 4.5:money /:money x:money =:money
EXPR: 0 | POS | FRA | 2 | 6.65 | 4.78571428571429 | (((0.15-1.3)+4.5)/0.7)=x | 0.15 1.3 - 4.5 + 0.7 / x = | 0.15:money 1.3:money -:money 4.5:money +:money 0.7:money /:money x:money =:money
EXPR: 0 | POS | FRA | 2 | 6.65 | 1.13888888888889 | ((0.15+(1.3/4.5))+0.7)=x | 0.15 1.3 4.5 / + 0.7 + x = | 0.15:money 1.3:money 4.5:money /:money +:money 0.7:money +:money x:money =:money
EXPR: 0 | POS | FRA | 2 | 6.65 | 0.307222222222222 | ((0.15+(1.3/4.5))*0.7)=x | 0.15 1.3 4.5 / + 0.7 * x = | 0.15:money 1.3:money 4.5:money /:money +:money 0.7:money *:money x:money =:money
EXPR: 0 | POS | FRA | 2 | 6.65 | 0.029126213592233 | x=(0.15/((1.3*4.5)-0.7)) | x 0.15 1.3 4.5 * 0.7 - / = | x:money 0.15:money 1.3:money 4.5:money *:money 0.7:money -:money /:money =:money
EXPR: 0 | POS | FRA | 2 | 6.65 | 0.22 | ((0.15*(1.3-4.5))+0.7)=x | 0.15 1.3 4.5 - * 0.7 + x = | 0.15:money 1.3:money 4.5:money -:money *:money 0.7:money +:money x:money =:money
EXPR: 0 | POS | FRA | 2 | 6.65 | 0.9825 | x=(0.15*((1.3*4.5)+0.7)) | x 0.15 1.3 4.5 * 0.7 + * = | x:money 0.15:money 1.3:money 4.5:money *:money 0.7:money +:money *:money =:money
EXPR: 0 | POS | FRA | 2 | 6.65 | 0.7725 | x=(0.15*((1.3*4.5)-0.7)) | x 0.15 1.3 4.5 * 0.7 - * = | x:money 0.15:money 1.3:money 4.5:money *:money 0.7:money -:money *:money =:money
EXPR: 0 | POS | FRA | 2 | 6.65 | 45.0666666666667 | ((1.3/0.15)*(0.7+4.5))=x | 1.3 0.15 / 0.7 4.5 + * x = | 1.3:money 0.15:money /:money 0.7:money 4.5:money +:money *:money x:money =:money
EXPR: 0 | POS | FRA | 2 | 6.65 | 0.0294117647058824 | (0.15/((1.3+4.5)-0.7))=x | 0.15 1.3 4.5 + 0.7 - / x = | 0.15:money 1.3:money 4.5:money +:money 0.7:money -:money /:money x:money =:money
EXPR: 0 | POS | FRA | 2 | 6.65 | 0.221153846153846 | ((1.3-0.15)/(0.7+4.5))=x | 1.3 0.15 - 0.7 4.5 + / x = | 1.3:money 0.15:money -:money 0.7:money 4.5:money +:money /:money x:money =:money
EXPR: 0 | POS | FRA | 2 | 6.65 | 5.25 | (1.3+(0.15-(0.7-4.5)))=x | 1.3 0.15 0.7 4.5 - - + x = | 1.3:money 0.15:money 0.7:money 4.5:money -:money -:money +:money x:money =:money
EXPR: 0 | POS | FRA | 2 | 6.65 | 1.30555555555556 | ((1.3-0.15)+(0.7/4.5))=x | 1.3 0.15 - 0.7 4.5 / + x = | 1.3:money 0.15:money -:money 0.7:money 4.5:money /:money +:money x:money =:money
EXPR: 0 | POS | FRA | 2 | 6.65 | 5.25 | x=(0.15-((0.7-1.3)-4.5)) | x 0.15 0.7 1.3 - 4.5 - - = | x:money 0.15:money 0.7:money 1.3:money -:money 4.5:money -:money -:money =:money
EXPR: 0 | POS | FRA | 2 | 6.65 | 4.05 | x=(0.15-((1.3-4.5)-0.7)) | x 0.15 1.3 4.5 - 0.7 - - = | x:money 0.15:money 1.3:money 4.5:money -:money 0.7:money -:money -:money =:money
EXPR: 0 | POS | FRA | 2 | 6.65 | 0.765 | (0.15*(1.3+(4.5-0.7)))=x | 0.15 1.3 4.5 0.7 - + * x = | 0.15:money 1.3:money 4.5:money 0.7:money -:money +:money *:money x:money =:money
EXPR: 0 | POS | FRA | 2 | 6.65 | 0.765 | x=(0.15*((1.3+4.5)-0.7)) | x 0.15 1.3 4.5 + 0.7 - * = | x:money 0.15:money 1.3:money 4.5:money +:money 0.7:money -:money *:money =:money
EXPR: 0 | POS | FRA | 2 | 6.65 | 0.17 | ((0.15*(1.3+4.5))-0.7)=x | 0.15 1.3 4.5 + * 0.7 - x = | 0.15:money 1.3:money 4.5:money +:money *:money 0.7:money -:money x:money =:money
EXPR: 0 | POS | FRA | 2 | 6.65 | 5.09 | (0.15+(1.3*(4.5-0.7)))=x | 0.15 1.3 4.5 0.7 - * + x = | 0.15:money 1.3:money 4.5:money 0.7:money -:money *:money +:money x:money =:money
EXPR: 0 | POS | FRA | 2 | 6.65 | 4.05 | (((0.15+0.7)-1.3)+4.5)=x | 0.15 0.7 + 1.3 - 4.5 + x = | 0.15:money 0.7:money +:money 1.3:money -:money 4.5:money +:money x:money =:money
EXPR: 0 | POS | FRA | 2 | 6.65 | 0.975 | x=(0.15*((1.3+4.5)+0.7)) | x 0.15 1.3 4.5 + 0.7 + * = | x:money 0.15:money 1.3:money 4.5:money +:money 0.7:money +:money *:money =:money
EXPR: 0 | POS | FRA | 2 | 6.65 | 0.653125 | ((0.15/(1.3-4.5))+0.7)=x | 0.15 1.3 4.5 - / 0.7 + x = | 0.15:money 1.3:money 4.5:money -:money /:money 0.7:money +:money x:money =:money
EXPR: 0 | POS | FRA | 2 | 6.65 | 4.21 | x=(0.15+((1.3+4.5)*0.7)) | x 0.15 1.3 4.5 + 0.7 * + = | x:money 0.15:money 1.3:money 4.5:money +:money 0.7:money *:money +:money =:money
EXPR: 0 | POS | FRA | 2 | 6.65 | 5.25 | x=(0.15+((1.3+4.5)-0.7)) | x 0.15 1.3 4.5 + 0.7 - + = | x:money 0.15:money 1.3:money 4.5:money +:money 0.7:money -:money +:money =:money
EXPR: 0 | POS | FRA | 2 | 6.65 | 8.43571428571429 | x=(0.15+((1.3+4.5)/0.7)) | x 0.15 1.3 4.5 + 0.7 / + = | x:money 0.15:money 1.3:money 4.5:money +:money 0.7:money /:money +:money =:money
EXPR: 0 | POS | FRA | 2 | 6.65 | 0.585 | x=(0.15*((0.7-1.3)+4.5)) | x 0.15 0.7 1.3 - 4.5 + * = | x:money 0.15:money 0.7:money 1.3:money -:money 4.5:money +:money *:money =:money
EXPR: 0 | POS | FRA | 2 | 6.65 | 0.477777777777778 | (((0.15+1.3)+0.7)/x)=4.5 | 0.15 1.3 + 0.7 + x / 4.5 = | 0.15:money 1.3:money +:money 0.7:money +:money x:money /:money 4.5:money =:money
EXPR: 1 | POS | FRA | 2 | 6.65 | 6.65 | x=(0.15+((1.3+4.5)+0.7)) | x 0.15 1.3 4.5 + 0.7 + + = | x:money 0.15:money 1.3:money 4.5:money +:money 0.7:money +:money +:money =:money
EXPR: 0 | POS | FRA | 2 | 6.65 | 0.73 | (1.3+(0.15*(0.7-4.5)))=x | 1.3 0.15 0.7 4.5 - * + x = | 1.3:money 0.15:money 0.7:money 4.5:money -:money *:money +:money x:money =:money
EXPR: 0 | POS | FRA | 2 | 6.65 | 5.25 | (0.15+(1.3+(4.5-0.7)))=x | 0.15 1.3 4.5 0.7 - + + x = | 0.15:money 1.3:money 4.5:money 0.7:money -:money +:money +:money x:money =:money
EXPR: 0 | POS | FRA | 2 | 6.65 | 0.492105263157895 | (0.15+(1.3/(4.5-0.7)))=x | 0.15 1.3 4.5 0.7 - / + x = | 0.15:money 1.3:money 4.5:money 0.7:money -:money /:money +:money x:money =:money
EXPR: 0 | POS | FRA | 2 | 6.65 | 2.65 | (0.15-((1.3-4.5)+0.7))=x | 0.15 1.3 4.5 - 0.7 + - x = | 0.15:money 1.3:money 4.5:money -:money 0.7:money +:money -:money x:money =:money
EXPR: 0 | POS | FRA | 2 | 6.65 | 4.165 | ((0.15+(1.3+4.5))*0.7)=x | 0.15 1.3 4.5 + + 0.7 * x = | 0.15:money 1.3:money 4.5:money +:money +:money 0.7:money *:money x:money =:money
EXPR: 0 | POS | FRA | 2 | 6.65 | 0.0230769230769231 | 0.15=((1.3+(0.7+4.5))*x) | 0.15 1.3 0.7 4.5 + + x * = | 0.15:money 1.3:money 0.7:money 4.5:money +:money +:money x:money *:money =:money
EXPR: 0 | POS | FRA | 2 | 6.65 | 3.305 | (((0.15*0.7)-1.3)+4.5)=x | 0.15 0.7 * 1.3 - 4.5 + x = | 0.15:money 0.7:money *:money 1.3:money -:money 4.5:money +:money x:money =:money
EXPR: 0 | POS | FRA | 3 | 6.65 | 5.25 | ((0.15+(1.3+4.5))-0.7)=x | 0.15 1.3 4.5 + + 0.7 - x = | 0.15:money 1.3:money 4.5:money +:money +:money 0.7:money -:money x:money =:money
EXPR: 0 | POS | FRA | 4 | 6.65 | 2.08 | (((x-1.3)/0.15)-0.7)=4.5 | x 1.3 - 0.15 / 0.7 - 4.5 = | x:money 1.3:money -:money 0.15:money /:money 0.7:money -:money 4.5:money =:money
EXPR: 0 | POS | FRA | 4 | 6.65 | 4.21 | (((x-0.15)/0.7)-1.3)=4.5 | x 0.15 - 0.7 / 1.3 - 4.5 = | x:money 0.15:money -:money 0.7:money /:money 1.3:money -:money 4.5:money =:money
EXPR: 0 | POS | FRA | 4 | 6.65 | 0.933333333333333 | x=((1.3+(0.15/4.5))*0.7) | x 1.3 0.15 4.5 / + 0.7 * = | x:money 1.3:money 0.15:money 4.5:money /:money +:money 0.7:money *:money =:money
EXPR: 0 | POS | FRA | 4 | 6.65 | 0.0181034482758621 | 0.15=((x/0.7)*(1.3+4.5)) | 0.15 x 0.7 / 1.3 4.5 + * = | 0.15:money x:money 0.7:money /:money 1.3:money 4.5:money +:money *:money =:money
EXPR: 0 | POS | FRA | 4 | 6.65 | 5.25 | (((0.15+1.3)+4.5)-x)=0.7 | 0.15 1.3 + 4.5 + x - 0.7 = | 0.15:money 1.3:money +:money 4.5:money +:money x:money -:money 0.7:money =:money
EXPR: 0 | POS | FRA | 4 | 6.65 | 0.838888888888889 | 0.15=(((1.3/4.5)-x)+0.7) | 0.15 1.3 4.5 / x - 0.7 + = | 0.15:money 1.3:money 4.5:money /:money x:money -:money 0.7:money +:money =:money
EXPR: 0 | POS | FRA | 4 | 6.65 | 1.87 | (1.3+(0.15*(4.5-0.7)))=x | 1.3 0.15 4.5 0.7 - * + x = | 1.3:money 0.15:money 4.5:money 0.7:money -:money *:money +:money x:money =:money
EXPR: 0 | POS | FRA | 5 | 6.65 | 3.66923076923077 | x=((0.7+(0.15/1.3))*4.5) | x 0.7 0.15 1.3 / + 4.5 * = | x:money 0.7:money 0.15:money 1.3:money /:money +:money 4.5:money *:money =:money
EXPR: 0 | POS | FRA | 5 | 6.65 | 1.17777777777778 | (((0.15-0.7)/4.5)+1.3)=x | 0.15 0.7 - 4.5 / 1.3 + x = | 0.15:money 0.7:money -:money 4.5:money /:money 1.3:money +:money x:money =:money
EXPR: 0 | POS | FRA | 5 | 6.65 | 3.54230769230769 | (((0.15*0.7)+4.5)/1.3)=x | 0.15 0.7 * 4.5 + 1.3 / x = | 0.15:money 0.7:money *:money 4.5:money +:money 1.3:money /:money x:money =:money
EXPR: 0 | POS | FRA | 5 | 6.65 | 0.336 | x=((0.15*0.7)*(4.5-1.3)) | x 0.15 0.7 * 4.5 1.3 - * = | x:money 0.15:money 0.7:money *:money 4.5:money 1.3:money -:money *:money =:money
EXPR: 0 | POS | FRA | 5 | 6.65 | 0.943333333333333 | x=((1.3*0.7)+(0.15/4.5)) | x 1.3 0.7 * 0.15 4.5 / + = | x:money 1.3:money 0.7:money *:money 0.15:money 4.5:money /:money +:money =:money
EXPR: 0 | POS | FRA | 5 | 6.65 | 5.135 | (((0.15-0.7)+4.5)*1.3)=x | 0.15 0.7 - 4.5 + 1.3 * x = | 0.15:money 0.7:money -:money 4.5:money +:money 1.3:money *:money x:money =:money
EXPR: 0 | POS | FRA | 5 | 6.65 | 4.78571428571429 | (((0.15+4.5)-1.3)/0.7)=x | 0.15 4.5 + 1.3 - 0.7 / x = | 0.15:money 4.5:money +:money 1.3:money -:money 0.7:money /:money x:money =:money
EXPR: 0 | POS | FRA | 5 | 6.65 | 0.6675 | x=(0.15*((0.7*4.5)+1.3)) | x 0.15 0.7 4.5 * 1.3 + * = | x:money 0.15:money 0.7:money 4.5:money *:money 1.3:money +:money *:money =:money
EXPR: 0 | POS | FRA | 5 | 6.65 | 6.12857142857143 | (((0.15/0.7)+4.5)*1.3)=x | 0.15 0.7 / 4.5 + 1.3 * x = | 0.15:money 0.7:money /:money 4.5:money +:money 1.3:money *:money x:money =:money
EXPR: 0 | POS | FRA | 5 | 6.65 | 3.62637362637363 | (((0.15/0.7)+4.5)/1.3)=x | 0.15 0.7 / 4.5 + 1.3 / x = | 0.15:money 0.7:money /:money 4.5:money +:money 1.3:money /:money x:money =:money
EXPR: 0 | POS | FRA | 5 | 6.65 | 0.0337078651685393 | x=(0.15/((0.7*4.5)+1.3)) | x 0.15 0.7 4.5 * 1.3 + / = | x:money 0.15:money 0.7:money 4.5:money *:money 1.3:money +:money /:money =:money
EXPR: 0 | POS | FRA | 5 | 6.65 | 1.585 | x=((1.3*0.7)+(0.15*4.5)) | x 1.3 0.7 * 0.15 4.5 * + = | x:money 1.3:money 0.7:money *:money 0.15:money 4.5:money *:money +:money =:money
EXPR: 0 | POS | FRA | 5 | 6.65 | 5.9865 | (((0.15*0.7)+4.5)*1.3)=x | 0.15 0.7 * 4.5 + 1.3 * x = | 0.15:money 0.7:money *:money 4.5:money +:money 1.3:money *:money x:money =:money
EXPR: 0 | POS | FRA | 5 | 6.65 | 4.05 | (((0.15+0.7)+4.5)-1.3)=x | 0.15 0.7 + 4.5 + 1.3 - x = | 0.15:money 0.7:money +:money 4.5:money +:money 1.3:money -:money x:money =:money
EXPR: 0 | POS | FRA | 5 | 6.65 | 6.955 | (((0.15+0.7)+4.5)*1.3)=x | 0.15 0.7 + 4.5 + 1.3 * x = | 0.15:money 0.7:money +:money 4.5:money +:money 1.3:money *:money x:money =:money
EXPR: 0 | POS | FRA | 5 | 6.65 | 2.08 | ((0.15*(0.7+4.5))+1.3)=x | 0.15 0.7 4.5 + * 1.3 + x = | 0.15:money 0.7:money 4.5:money +:money *:money 1.3:money +:money x:money =:money
EXPR: 0 | POS | FRA | 5 | 6.65 | 4.6 | x=(0.15+((0.7*4.5)+1.3)) | x 0.15 0.7 4.5 * 1.3 + + = | x:money 0.15:money 0.7:money 4.5:money *:money 1.3:money +:money +:money =:money
EXPR: 0 | POS | FRA | 5 | 6.65 | 4.11538461538461 | (((0.15+0.7)+4.5)/1.3)=x | 0.15 0.7 + 4.5 + 1.3 / x = | 0.15:money 0.7:money +:money 4.5:money +:money 1.3:money /:money x:money =:money
EXPR: 0 | POS | FRA | 5 | 6.65 | 0.2775 | x=(0.15*((0.7*4.5)-1.3)) | x 0.15 0.7 4.5 * 1.3 - * = | x:money 0.15:money 0.7:money 4.5:money *:money 1.3:money -:money *:money =:money
EXPR: 1 | POS | FRA | 5 | 6.65 | 6.65 | (((0.15+0.7)+4.5)+1.3)=x | 0.15 0.7 + 4.5 + 1.3 + x = | 0.15:money 0.7:money +:money 4.5:money +:money 1.3:money +:money x:money =:money
EXPR: 0 | POS | FRA | 5 | 6.65 | 3.03846153846154 | (((0.15-0.7)+4.5)/1.3)=x | 0.15 0.7 - 4.5 + 1.3 / x = | 0.15:money 0.7:money -:money 4.5:money +:money 1.3:money /:money x:money =:money
EXPR: 0 | POS | FRA | 5 | 6.65 | 1.60555555555556 | ((0.15+(0.7/4.5))+1.3)=x | 0.15 0.7 4.5 / + 1.3 + x = | 0.15:money 0.7:money 4.5:money /:money +:money 1.3:money +:money x:money =:money
EXPR: 0 | POS | FRA | 5 | 6.65 | 0.397222222222222 | ((0.15+(0.7/4.5))*1.3)=x | 0.15 0.7 4.5 / + 1.3 * x = | 0.15:money 0.7:money 4.5:money /:money +:money 1.3:money *:money x:money =:money
EXPR: 0 | POS | FRA | 5 | 6.65 | 0.0810810810810811 | x=(0.15/((0.7*4.5)-1.3)) | x 0.15 0.7 4.5 * 1.3 - / = | x:money 0.15:money 0.7:money 4.5:money *:money 1.3:money -:money /:money =:money
EXPR: 0 | POS | FRA | 5 | 6.65 | 0.73 | ((0.15*(0.7-4.5))+1.3)=x | 0.15 0.7 4.5 - * 1.3 + x = | 0.15:money 0.7:money 4.5:money -:money *:money 1.3:money +:money x:money =:money
EXPR: 0 | POS | FRA | 5 | 6.65 | 11.9166666666667 | x=(1.3*((0.7/0.15)+4.5)) | x 1.3 0.7 0.15 / 4.5 + * = | x:money 1.3:money 0.7:money 0.15:money /:money 4.5:money +:money *:money =:money
EXPR: 0 | POS | FRA | 5 | 6.65 | 0.43010752688172 | ((1.3+0.7)/(0.15+4.5))=x | 1.3 0.7 + 0.15 4.5 + / x = | 1.3:money 0.7:money +:money 0.15:money 4.5:money +:money /:money x:money =:money
EXPR: 0 | POS | INT | 5 | 6.65 | 2 | x=(0.15+((0.7*4.5)-1.3)) | x 0.15 0.7 4.5 * 1.3 - + = | x:money 0.15:money 0.7:money 4.5:money *:money 1.3:money -:money +:money =:money
EXPR: 0 | POS | FRA | 5 | 6.65 | 1.17777777777778 | x=(1.3-((0.7-0.15)/4.5)) | x 1.3 0.7 0.15 - 4.5 / - = | x:money 1.3:money 0.7:money 0.15:money -:money 4.5:money /:money -:money =:money
EXPR: 0 | POS | FRA | 5 | 6.65 | 8.63571428571429 | ((1.3/0.7)*(0.15+4.5))=x | 1.3 0.7 / 0.15 4.5 + * x = | 1.3:money 0.7:money /:money 0.15:money 4.5:money +:money *:money x:money =:money
EXPR: 0 | POS | FRA | 5 | 6.65 | 5.25 | x=(0.15-((0.7-4.5)-1.3)) | x 0.15 0.7 4.5 - 1.3 - - = | x:money 0.15:money 0.7:money 4.5:money -:money 1.3:money -:money -:money =:money
EXPR: 0 | POS | FRA | 5 | 6.65 | 2.03333333333333 | ((1.3+0.7)+(0.15/4.5))=x | 1.3 0.7 + 0.15 4.5 / + x = | 1.3:money 0.7:money +:money 0.15:money 4.5:money /:money +:money x:money =:money
EXPR: 0 | POS | FRA | 5 | 6.65 | 0.585 | x=(0.15*((0.7+4.5)-1.3)) | x 0.15 0.7 4.5 + 1.3 - * = | x:money 0.15:money 0.7:money 4.5:money +:money 1.3:money -:money *:money =:money
EXPR: 0 | POS | FRA | 5 | 6.65 | 4.15 | x=(0.15+((0.7+4.5)/1.3)) | x 0.15 0.7 4.5 + 1.3 / + = | x:money 0.15:money 0.7:money 4.5:money +:money 1.3:money /:money +:money =:money
EXPR: 0 | POS | FRA | 5 | 6.65 | 0.975 | x=(0.15*((0.7+4.5)+1.3)) | x 0.15 0.7 4.5 + 1.3 + * = | x:money 0.15:money 0.7:money 4.5:money +:money 1.3:money +:money *:money =:money
EXPR: 1 | POS | FRA | 5 | 6.65 | 6.65 | ((0.15+(0.7+4.5))+1.3)=x | 0.15 0.7 4.5 + + 1.3 + x = | 0.15:money 0.7:money 4.5:money +:money +:money 1.3:money +:money x:money =:money
EXPR: 0 | POS | FRA | 5 | 6.65 | 1.26052631578947 | ((0.15/(0.7-4.5))+1.3)=x | 0.15 0.7 4.5 - / 1.3 + x = | 0.15:money 0.7:money 4.5:money -:money /:money 1.3:money +:money x:money =:money
EXPR: 0 | POS | FRA | 5 | 6.65 | 4.05 | x=(0.15+((0.7+4.5)-1.3)) | x 0.15 0.7 4.5 + 1.3 - + = | x:money 0.15:money 0.7:money 4.5:money +:money 1.3:money -:money +:money =:money
EXPR: 0 | POS | FRA | 5 | 6.65 | 6.91 | x=(0.15+((0.7+4.5)*1.3)) | x 0.15 0.7 4.5 + 1.3 * + = | x:money 0.15:money 0.7:money 4.5:money +:money 1.3:money *:money +:money =:money
EXPR: 0 | POS | FRA | 5 | 6.65 | 4.05 | ((0.15+(0.7+4.5))-1.3)=x | 0.15 0.7 4.5 + + 1.3 - x = | 0.15:money 0.7:money 4.5:money +:money +:money 1.3:money -:money x:money =:money
EXPR: 1 | POS | FRA | 5 | 6.65 | 6.65 | x=(0.15+((0.7+4.5)+1.3)) | x 0.15 0.7 4.5 + 1.3 + + = | x:money 0.15:money 0.7:money 4.5:money +:money 1.3:money +:money +:money =:money
EXPR: 0 | POS | FRA | 5 | 6.65 | 1.42222222222222 | x=(1.3+((0.7-0.15)/4.5)) | x 1.3 0.7 0.15 - 4.5 / + = | x:money 1.3:money 0.7:money 0.15:money -:money 4.5:money /:money +:money =:money
EXPR: 0 | POS | FRA | 5 | 6.65 | 6.955 | ((0.15+(0.7+4.5))*1.3)=x | 0.15 0.7 4.5 + + 1.3 * x = | 0.15:money 0.7:money 4.5:money +:money +:money 1.3:money *:money x:money =:money
EXPR: 0 | POS | FRA | 5 | 6.65 | 0.0384615384615385 | x=(0.15/((0.7+4.5)-1.3)) | x 0.15 0.7 4.5 + 1.3 - / = | x:money 0.15:money 0.7:money 4.5:money +:money 1.3:money -:money /:money =:money
EXPR: 0 | POS | FRA | 5 | 6.65 | 6.35 | x=(1.3+((0.7-0.15)+4.5)) | x 1.3 0.7 0.15 - 4.5 + + = | x:money 1.3:money 0.7:money 0.15:money -:money 4.5:money +:money +:money =:money
EXPR: 0 | POS | FRA | 7 | 6.65 | 5.08461538461539 | 0.7=(x+((0.15/1.3)-4.5)) | 0.7 x 0.15 1.3 / 4.5 - + = | 0.7:money x:money 0.15:money 1.3:money /:money 4.5:money -:money +:money =:money
EXPR: 0 | POS | FRA | 7 | 6.65 | 4.555 | (((x-1.3)/0.7)-0.15)=4.5 | x 1.3 - 0.7 / 0.15 - 4.5 = | x:money 1.3:money -:money 0.7:money /:money 0.15:money -:money 4.5:money =:money
EXPR: 0 | POS | FRA | 7 | 6.65 | 42.15 | x=((0.7+(1.3/0.15))*4.5) | x 0.7 1.3 0.15 / + 4.5 * = | x:money 0.7:money 1.3:money 0.15:money /:money +:money 4.5:money *:money =:money
EXPR: 0 | POS | FRA | 7 | 6.65 | 0.43010752688172 | (((1.3+0.7)/x)-0.15)=4.5 | 1.3 0.7 + x / 0.15 - 4.5 = | 1.3:money 0.7:money +:money x:money /:money 0.15:money -:money 4.5:money =:money
EXPR: 0 | POS | FRA | 7 | 6.65 | 4.05 | (((0.15+0.7)+4.5)-x)=1.3 | 0.15 0.7 + 4.5 + x - 1.3 = | 0.15:money 0.7:money +:money 4.5:money +:money x:money -:money 1.3:money =:money
EXPR: 0 | POS | FRA | 7 | 6.65 | 0.195698924731183 | 1.3=((x/0.7)*(0.15+4.5)) | 1.3 x 0.7 / 0.15 4.5 + * = | 1.3:money x:money 0.7:money /:money 0.15:money 4.5:money +:money *:money =:money
EXPR: 0 | POS | FRA | 8 | 6.65 | 0.953333333333333 | x=((0.7+(0.15/4.5))*1.3) | x 0.7 0.15 4.5 / + 1.3 * = | x:money 0.7:money 0.15:money 4.5:money /:money +:money 1.3:money *:money =:money
EXPR: 0 | POS | FRA | 8 | 6.65 | 6.565 | (((0.7-0.15)+4.5)*1.3)=x | 0.7 0.15 - 4.5 + 1.3 * x = | 0.7:money 0.15:money -:money 4.5:money +:money 1.3:money *:money x:money =:money
EXPR: 0 | POS | FRA | 8 | 6.65 | 4.05 | x=(0.7+((0.15+4.5)-1.3)) | x 0.7 0.15 4.5 + 1.3 - + = | x:money 0.7:money 0.15:money 4.5:money +:money 1.3:money -:money +:money =:money
EXPR: 0 | POS | FRA | 8 | 6.65 | 1.3825 | x=(0.7*((0.15*4.5)+1.3)) | x 0.7 0.15 4.5 * 1.3 + * = | x:money 0.7:money 0.15:money 4.5:money *:money 1.3:money +:money *:money =:money
EXPR: 0 | POS | FRA | 8 | 6.65 | 0.354430379746835 | x=(0.7/((0.15*4.5)+1.3)) | x 0.7 0.15 4.5 * 1.3 + / = | x:money 0.7:money 0.15:money 4.5:money *:money 1.3:money +:money /:money =:money
EXPR: 0 | POS | FRA | 8 | 6.65 | 1.175 | (((0.7-0.15)*4.5)-1.3)=x | 0.7 0.15 - 4.5 * 1.3 - x = | 0.7:money 0.15:money -:money 4.5:money *:money 1.3:money -:money x:money =:money
EXPR: 0 | POS | FRA | 8 | 6.65 | 39.91 | x=(1.3*((4.5/0.15)+0.7)) | x 1.3 4.5 0.15 / 0.7 + * = | x:money 1.3:money 4.5:money 0.15:money /:money 0.7:money +:money *:money =:money
EXPR: 0 | POS | FRA | 8 | 6.65 | 6.82352941176471 | ((1.3+4.5)/(0.15+0.7))=x | 1.3 4.5 + 0.15 0.7 + / x = | 1.3:money 4.5:money +:money 0.15:money 0.7:money +:money /:money x:money =:money
EXPR: 0 | POS | FRA | 8 | 6.65 | 4.27692307692308 | x=(0.7+((0.15+4.5)/1.3)) | x 0.7 0.15 4.5 + 1.3 / + = | x:money 0.7:money 0.15:money 4.5:money +:money 1.3:money /:money +:money =:money
EXPR: 0 | POS | FRA | 8 | 6.65 | 6.01428571428571 | ((1.3+4.5)+(0.15/0.7))=x | 1.3 4.5 + 0.15 0.7 / + x = | 1.3:money 4.5:money +:money 0.15:money 0.7:money /:money +:money x:money =:money
EXPR: 0 | POS | FRA | 8 | 6.65 | 7.51428571428571 | x=(1.3+((4.5-0.15)/0.7)) | x 1.3 4.5 0.15 - 0.7 / + = | x:money 1.3:money 4.5:money 0.15:money -:money 0.7:money /:money +:money =:money
EXPR: 0 | POS | INT | 9 | 6.65 | 34 | (((1.3-0.7)+4.5)/0.15)=x | 1.3 0.7 - 4.5 + 0.15 / x = | 1.3:money 0.7:money -:money 4.5:money +:money 0.15:money /:money x:money =:money
EXPR: 0 | POS | FRA | 9 | 6.65 | 4.95 | (((1.3-0.7)+4.5)-0.15)=x | 1.3 0.7 - 4.5 + 0.15 - x = | 1.3:money 0.7:money -:money 4.5:money +:money 0.15:money -:money x:money =:money
EXPR: 0 | POS | FRA | 9 | 6.65 | 6.20714285714286 | (((1.3/0.7)+4.5)-0.15)=x | 1.3 0.7 / 4.5 + 0.15 - x = | 1.3:money 0.7:money /:money 4.5:money +:money 0.15:money -:money x:money =:money
EXPR: 0 | POS | FRA | 9 | 6.65 | 0.294444444444444 | (((1.3+0.7)/4.5)-0.15)=x | 1.3 0.7 + 4.5 / 0.15 - x = | 1.3:money 0.7:money +:money 4.5:money /:money 0.15:money -:money x:money =:money
EXPR: 0 | POS | FRA | 9 | 6.65 | 5.26 | x=((1.3*0.7)+(4.5-0.15)) | x 1.3 0.7 * 4.5 0.15 - + = | x:money 1.3:money 0.7:money *:money 4.5:money 0.15:money -:money +:money =:money
EXPR: 0 | POS | FRA | 9 | 6.65 | 6.35 | (((1.3+0.7)+4.5)-0.15)=x | 1.3 0.7 + 4.5 + 0.15 - x = | 1.3:money 0.7:money +:money 4.5:money +:money 0.15:money -:money x:money =:money
EXPR: 0 | POS | FRA | 9 | 6.65 | 0.975 | (((1.3+0.7)+4.5)*0.15)=x | 1.3 0.7 + 4.5 + 0.15 * x = | 1.3:money 0.7:money +:money 4.5:money +:money 0.15:money *:money x:money =:money
EXPR: 0 | POS | FRA | 9 | 6.65 | 0.765 | (((1.3-0.7)+4.5)*0.15)=x | 1.3 0.7 - 4.5 + 0.15 * x = | 1.3:money 0.7:money -:money 4.5:money +:money 0.15:money *:money x:money =:money
EXPR: 0 | POS | FRA | 9 | 6.65 | 6.955 | x=(1.3*((0.7+4.5)+0.15)) | x 1.3 0.7 4.5 + 0.15 + * = | x:money 1.3:money 0.7:money 4.5:money +:money 0.15:money +:money *:money =:money
EXPR: 0 | POS | FRA | 9 | 6.65 | 43.3333333333333 | (((1.3+0.7)+4.5)/0.15)=x | 1.3 0.7 + 4.5 + 0.15 / x = | 1.3:money 0.7:money +:money 4.5:money +:money 0.15:money /:money x:money =:money
EXPR: 0 | POS | FRA | 9 | 6.65 | 4.29 | x=(1.3*((0.7*4.5)+0.15)) | x 1.3 0.7 4.5 * 0.15 + * = | x:money 1.3:money 0.7:money 4.5:money *:money 0.15:money +:money *:money =:money
EXPR: 0 | POS | FRA | 9 | 6.65 | 0.393939393939394 | x=(1.3/((0.7*4.5)+0.15)) | x 1.3 0.7 4.5 * 0.15 + / = | x:money 1.3:money 0.7:money 4.5:money *:money 0.15:money +:money /:money =:money
EXPR: 0 | POS | FRA | 9 | 6.65 | 3.9585 | x=((1.3*0.7)*(4.5-0.15)) | x 1.3 0.7 * 4.5 0.15 - * = | x:money 1.3:money 0.7:money *:money 4.5:money 0.15:money -:money *:money =:money
EXPR: 0 | POS | FRA | 9 | 6.65 | 1.60555555555556 | ((1.3+(0.7/4.5))+0.15)=x | 1.3 0.7 4.5 / + 0.15 + x = | 1.3:money 0.7:money 4.5:money /:money +:money 0.15:money +:money x:money =:money
EXPR: 0 | POS | FRA | 9 | 6.65 | 4.6 | x=(1.3+((0.7*4.5)+0.15)) | x 1.3 0.7 4.5 * 0.15 + + = | x:money 1.3:money 0.7:money 4.5:money *:money 0.15:money +:money +:money =:money
EXPR: 0 | POS | FRA | 9 | 6.65 | 6.91 | ((1.3*(0.7+4.5))+0.15)=x | 1.3 0.7 4.5 + * 0.15 + x = | 1.3:money 0.7:money 4.5:money +:money *:money 0.15:money +:money x:money =:money
EXPR: 0 | POS | FRA | 9 | 6.65 | 35.9666666666667 | x=(1.3+((0.7+4.5)/0.15)) | x 1.3 0.7 4.5 + 0.15 / + = | x:money 1.3:money 0.7:money 4.5:money +:money 0.15:money /:money +:money =:money
EXPR: 0 | POS | FRA | 9 | 6.65 | 0.397222222222222 | x=(1.3*((0.7/4.5)+0.15)) | x 1.3 0.7 4.5 / 0.15 + * = | x:money 1.3:money 0.7:money 4.5:money /:money 0.15:money +:money *:money =:money
EXPR: 0 | POS | FRA | 9 | 6.65 | 6.35 | ((4.5-(0.15-1.3))+0.7)=x | 4.5 0.15 1.3 - - 0.7 + x = | 4.5:money 0.15:money 1.3:money -:money -:money 0.7:money +:money x:money =:money
EXPR: 0 | POS | FRA | 9 | 6.65 | 2.55 | (((1.3-0.7)*4.5)-0.15)=x | 1.3 0.7 - 4.5 * 0.15 - x = | 1.3:money 0.7:money -:money 4.5:money *:money 0.15:money -:money x:money =:money
EXPR: 0 | POS | FRA | 9 | 6.65 | 4.3 | x=(1.3+((0.7*4.5)-0.15)) | x 1.3 0.7 4.5 * 0.15 - + = | x:money 1.3:money 0.7:money 4.5:money *:money 0.15:money -:money +:money =:money
EXPR: 1 | POS | FRA | 9 | 6.65 | 6.65 | x=(1.3+((0.7+4.5)+0.15)) | x 1.3 0.7 4.5 + 0.15 + + = | x:money 1.3:money 0.7:money 4.5:money +:money 0.15:money +:money +:money =:money
EXPR: 0 | POS | FRA | 9 | 6.65 | 6.35 | x=(1.3+((0.7+4.5)-0.15)) | x 1.3 0.7 4.5 + 0.15 - + = | x:money 1.3:money 0.7:money 4.5:money +:money 0.15:money -:money +:money =:money
EXPR: 0 | POS | FRA | 9 | 6.65 | 0.994444444444444 | x=(1.3-((0.7/4.5)+0.15)) | x 1.3 0.7 4.5 / 0.15 + - = | x:money 1.3:money 0.7:money 4.5:money /:money 0.15:money +:money -:money =:money
EXPR: 0 | POS | FRA | 9 | 6.65 | 0.52 | x=(1.3-((0.7+4.5)*0.15)) | x 1.3 0.7 4.5 + 0.15 * - = | x:money 1.3:money 0.7:money 4.5:money +:money 0.15:money *:money -:money =:money
EXPR: 0 | POS | FRA | 9 | 6.65 | 1.30555555555556 | x=(1.3+((0.7/4.5)-0.15)) | x 1.3 0.7 4.5 / 0.15 - + = | x:money 1.3:money 0.7:money 4.5:money /:money 0.15:money -:money +:money =:money
EXPR: 0 | POS | FRA | 9 | 6.65 | 43.3333333333333 | ((1.3+(0.7+4.5))/0.15)=x | 1.3 0.7 4.5 + + 0.15 / x = | 1.3:money 0.7:money 4.5:money +:money +:money 0.15:money /:money x:money =:money
EXPR: 0 | POS | FRA | 9 | 6.65 | 0.994444444444444 | (1.3-((0.7/4.5)+0.15))=x | 1.3 0.7 4.5 / 0.15 + - x = | 1.3:money 0.7:money 4.5:money /:money 0.15:money +:money -:money x:money =:money
EXPR: 0 | POS | FRA | 9 | 6.65 | 4.95 | (1.3-((0.7-4.5)+0.15))=x | 1.3 0.7 4.5 - 0.15 + - x = | 1.3:money 0.7:money 4.5:money -:money 0.15:money +:money -:money x:money =:money
EXPR: 0 | POS | FRA | 9 | 6.65 | 30.6 | (1.3-(0.7-(4.5/0.15)))=x | 1.3 0.7 4.5 0.15 / - - x = | 1.3:money 0.7:money 4.5:money 0.15:money /:money -:money -:money x:money =:money
EXPR: 0 | POS | FRA | 9 | 6.65 | 0.52 | (1.3-((0.7+4.5)*0.15))=x | 1.3 0.7 4.5 + 0.15 * - x = | 1.3:money 0.7:money 4.5:money +:money 0.15:money *:money -:money x:money =:money
EXPR: 0 | POS | FRA | 10 | 6.65 | 1.45833333333333 | 0.7=((0.15*x)*(4.5-1.3)) | 0.7 0.15 x * 4.5 1.3 - * = | 0.7:money 0.15:money x:money *:money 4.5:money 1.3:money -:money *:money =:money
EXPR: 0 | POS | FRA | 10 | 6.65 | 3.375 | ((1.3-(x/4.5))+0.15)=0.7 | 1.3 x 4.5 / - 0.15 + 0.7 = | 1.3:money x:money 4.5:money /:money -:money 0.15:money +:money 0.7:money =:money
EXPR: 0 | POS | FRA | 11 | 6.65 | 5.08461538461538 | 4.5=(x+((0.15/1.3)-0.7)) | 4.5 x 0.15 1.3 / 0.7 - + = | 4.5:money x:money 0.15:money 1.3:money /:money 0.7:money -:money +:money =:money
EXPR: 0 | POS | FRA | 11 | 6.65 | 0.994444444444444 | ((1.3-x)-(0.7/4.5))=0.15 | 1.3 x - 0.7 4.5 / - 0.15 = | 1.3:money x:money -:money 0.7:money 4.5:money /:money -:money 0.15:money =:money
EXPR: 0 | POS | FRA | 11 | 6.65 | 0.0166666666666667 | (((1.3-0.7)/4.5)+x)=0.15 | 1.3 0.7 - 4.5 / x + 0.15 = | 1.3:money 0.7:money -:money 4.5:money /:money x:money +:money 0.15:money =:money
EXPR: 0 | POS | FRA | 11 | 6.65 | 0.148333333333333 | x=((0.7+(1.3/4.5))*0.15) | x 0.7 1.3 4.5 / + 0.15 * = | x:money 0.7:money 1.3:money 4.5:money /:money +:money 0.15:money *:money =:money
EXPR: 0 | POS | FRA | 11 | 6.65 | 1.7 | 1.3=((0.7*4.5)-(x+0.15)) | 1.3 0.7 4.5 * x 0.15 + - = | 1.3:money 0.7:money 4.5:money *:money x:money 0.15:money +:money -:money =:money
EXPR: 0 | POS | FRA | 11 | 6.65 | 1.30555555555556 | (1.3+((0.7/4.5)-x))=0.15 | 1.3 0.7 4.5 / x - + 0.15 = | 1.3:money 0.7:money 4.5:money /:money x:money -:money +:money 0.15:money =:money
EXPR: 0 | POS | FRA | 11 | 6.65 | 8.13571428571429 | (((1.3+4.5)/0.7)-0.15)=x | 1.3 4.5 + 0.7 / 0.15 - x = | 1.3:money 4.5:money +:money 0.7:money /:money 0.15:money -:money x:money =:money
EXPR: 0 | POS | FRA | 11 | 6.65 | 1.30555555555556 | (1.3-(x-(0.7/4.5)))=0.15 | 1.3 x 0.7 4.5 / - - 0.15 = | 1.3:money x:money 0.7:money 4.5:money /:money -:money -:money 0.15:money =:money
EXPR: 0 | POS | INT | 11 | 6.65 | 34 | (((1.3-0.7)+4.5)/x)=0.15 | 1.3 0.7 - 4.5 + x / 0.15 = | 1.3:money 0.7:money -:money 4.5:money +:money x:money /:money 0.15:money =:money
EXPR: 0 | POS | FRA | 11 | 6.65 | 6.35 | (((1.3+4.5)+0.7)-0.15)=x | 1.3 4.5 + 0.7 + 0.15 - x = | 1.3:money 4.5:money +:money 0.7:money +:money 0.15:money -:money x:money =:money
EXPR: 0 | POS | FRA | 11 | 6.65 | 3.75 | 1.3=(0.7+((4.5-0.15)-x)) | 1.3 0.7 4.5 0.15 - x - + = | 1.3:money 0.7:money 4.5:money 0.15:money -:money x:money -:money +:money =:money
EXPR: 0 | POS | FRA | 11 | 6.65 | 0.975 | (((1.3+4.5)+0.7)*0.15)=x | 1.3 4.5 + 0.7 + 0.15 * x = | 1.3:money 4.5:money +:money 0.7:money +:money 0.15:money *:money x:money =:money
EXPR: 0 | POS | FRA | 11 | 6.65 | 0.0230769230769231 | (((1.3+0.7)+4.5)*x)=0.15 | 1.3 0.7 + 4.5 + x * 0.15 = | 1.3:money 0.7:money +:money 4.5:money +:money x:money *:money 0.15:money =:money
EXPR: 0 | POS | FRA | 11 | 6.65 | 0.585 | (((0.7-1.3)+4.5)*0.15)=x | 0.7 1.3 - 4.5 + 0.15 * x = | 0.7:money 1.3:money -:money 4.5:money +:money 0.15:money *:money x:money =:money
EXPR: 0 | POS | FRA | 11 | 6.65 | 6.35 | x=(0.7+((1.3+4.5)-0.15)) | x 0.7 1.3 4.5 + 0.15 - + = | x:money 0.7:money 1.3:money 4.5:money +:money 0.15:money -:money +:money =:money
EXPR: 0 | POS | FRA | 11 | 6.65 | 43.3333333333333 | (((1.3+4.5)+0.7)/0.15)=x | 1.3 4.5 + 0.7 + 0.15 / x = | 1.3:money 4.5:money +:money 0.7:money +:money 0.15:money /:money x:money =:money
EXPR: 0 | POS | FRA | 11 | 6.65 | 4.2 | x=(0.7*((1.3*4.5)+0.15)) | x 0.7 1.3 4.5 * 0.15 + * = | x:money 0.7:money 1.3:money 4.5:money *:money 0.15:money +:money *:money =:money
EXPR: 0 | POS | FRA | 11 | 6.65 | 0.0294117647058824 | (((1.3-0.7)+4.5)*x)=0.15 | 1.3 0.7 - 4.5 + x * 0.15 = | 1.3:money 0.7:money -:money 4.5:money +:money x:money *:money 0.15:money =:money
EXPR: 0 | POS | FRA | 11 | 6.65 | 2.65 | (1.3+(0.7-(4.5-x)))=0.15 | 1.3 0.7 4.5 x - - + 0.15 = | 1.3:money 0.7:money 4.5:money x:money -:money -:money +:money 0.15:money =:money
EXPR: 0 | POS | FRA | 11 | 6.65 | 6.14285714285714 | (1.3+(0.7*(4.5-x)))=0.15 | 1.3 0.7 4.5 x - * + 0.15 = | 1.3:money 0.7:money 4.5:money x:money -:money *:money +:money 0.15:money =:money
EXPR: 0 | POS | FRA | 11 | 6.65 | 8.20714285714288 | 1.3=((0.7/4.5)*(0.15+x)) | 1.3 0.7 4.5 / 0.15 x + * = | 1.3:money 0.7:money 4.5:money /:money 0.15:money x:money +:money *:money =:money
EXPR: 0 | POS | FRA | 11 | 6.65 | 39.3666666666667 | x=(0.7+((1.3+4.5)/0.15)) | x 0.7 1.3 4.5 + 0.15 / + = | x:money 0.7:money 1.3:money 4.5:money +:money 0.15:money /:money +:money =:money
EXPR: 0 | POS | FRA | 11 | 6.65 | 43.3333333333333 | (((1.3+0.7)+4.5)/x)=0.15 | 1.3 0.7 + 4.5 + x / 0.15 = | 1.3:money 0.7:money +:money 4.5:money +:money x:money /:money 0.15:money =:money
EXPR: 0 | POS | FRA | 11 | 6.65 | 2.91666666666667 | 1.3=(((x/0.7)+4.5)*0.15) | 1.3 x 0.7 / 4.5 + 0.15 * = | 1.3:money x:money 0.7:money /:money 4.5:money +:money 0.15:money *:money =:money
EXPR: 0 | POS | FRA | 11 | 6.65 | 0.411111111111111 | (1.3+(0.7-(4.5*x)))=0.15 | 1.3 0.7 4.5 x * - + 0.15 = | 1.3:money 0.7:money 4.5:money x:money *:money -:money +:money 0.15:money =:money
EXPR: 0 | POS | FRA | 12 | 6.65 | 1.7 | ((x+0.15)+1.3)=(0.7*4.5) | x 0.15 + 1.3 + 0.7 4.5 * = | x:money 0.15:money +:money 1.3:money +:money 0.7:money 4.5:money *:money =:money
EXPR: 0 | POS | FRA | 12 | 6.65 | 0.2775 | ((x/0.15)+1.3)=(0.7*4.5) | x 0.15 / 1.3 + 0.7 4.5 * = | x:money 0.15:money /:money 1.3:money +:money 0.7:money 4.5:money *:money =:money
EXPR: 0 | POS | FRA | 12 | 6.65 | 4.95 | (0.15+x)=((1.3-0.7)+4.5) | 0.15 x + 1.3 0.7 - 4.5 + = | 0.15:money x:money +:money 1.3:money 0.7:money -:money 4.5:money +:money =:money
EXPR: 1 | POS | FRA | 12 | 6.65 | 6.65 | ((0.7+4.5)+(0.15+1.3))=x | 0.7 4.5 + 0.15 1.3 + + x = | 0.7:money 4.5:money +:money 0.15:money 1.3:money +:money +:money x:money =:money
EXPR: 0 | POS | FRA | 13 | 6.65 | 0.06 | ((4.5-1.3)-(0.15/x))=0.7 | 4.5 1.3 - 0.15 x / - 0.7 = | 4.5:money 1.3:money -:money 0.15:money x:money /:money -:money 0.7:money =:money
EXPR: 0 | POS | FRA | 13 | 6.65 | 0.229508196721311 | 4.5=((0.15+(0.7/x))+1.3) | 4.5 0.15 0.7 x / + 1.3 + = | 4.5:money 0.15:money 0.7:money x:money /:money +:money 1.3:money +:money =:money
EXPR: 0 | POS | INT | 14 | 6.65 | 5 | ((x+0.15)+0.7)=(1.3*4.5) | x 0.15 + 0.7 + 1.3 4.5 * = | x:money 0.15:money +:money 0.7:money +:money 1.3:money 4.5:money *:money =:money
EXPR: 0 | POS | FRA | 14 | 6.65 | 1.7 | ((x+1.3)+0.15)=(0.7*4.5) | x 1.3 + 0.15 + 0.7 4.5 * = | x:money 1.3:money +:money 0.15:money +:money 0.7:money 4.5:money *:money =:money
EXPR: 0 | POS | FRA | 14 | 6.65 | 0.112222222222222 | 0.7=((x*4.5)+(0.15*1.3)) | 0.7 x 4.5 * 0.15 1.3 * + = | 0.7:money x:money 4.5:money *:money 0.15:money 1.3:money *:money +:money =:money
EXPR: 0 | POS | FRA | 14 | 6.65 | 0.477777777777778 | 0.7=((x*4.5)-(0.15+1.3)) | 0.7 x 4.5 * 0.15 1.3 + - = | 0.7:money x:money 4.5:money *:money 0.15:money 1.3:money +:money -:money =:money
EXPR: 0 | POS | FRA | 14 | 6.65 | 4.05 | ((0.7+(4.5-x))+0.15)=1.3 | 0.7 4.5 x - + 0.15 + 1.3 = | 0.7:money 4.5:money x:money -:money +:money 0.15:money +:money 1.3:money =:money
EXPR: 0 | POS | INT | 17 | 6.65 | 26 | (0.15*x)=(0.7+(4.5-1.3)) | 0.15 x * 0.7 4.5 1.3 - + = | 0.15:money x:money *:money 0.7:money 4.5:money 1.3:money -:money +:money =:money
EXPR: 0 | POS | FRA | 21 | 6.65 | 3.88461538461538 | (1.3*x)=(0.7+(4.5-0.15)) | 1.3 x * 0.7 4.5 0.15 - + = | 1.3:money x:money *:money 0.7:money 4.5:money 0.15:money -:money +:money =:money
NET 293 unique, non-negative solutions found out of 694 total solutions
