parameters: n=9 l=4 k=1 p=5 q=2 m=10
TOTAL 897 solutions found
SOLN: CORRECT | POS/NEG | INT/FRA | OBJ-SCORE | TRUE-ANS | ANS | INFIX | POSTFIX | TYPED-POSTFIX
EXPR: 0 | POS | FRA | 0 | 18.42 | 17.69 | ((2+(2.73+4.01))+8.95)=x | 2 2.73 4.01 + + 8.95 + x = | 2:pack 2.73:pack 4.01:pack +:pack +:pack 8.95:pack +:pack x:pack =:pack
EXPR: 0 | POS | FRA | 0 | 18.42 | 29.356 | (((2-2.73)+4.01)*8.95)=x | 2 2.73 - 4.01 + 8.95 * x = | 2:pack 2.73:pack -:pack 4.01:pack +:pack 8.95:pack *:pack x:pack =:pack
EXPR: 0 | POS | FRA | 0 | 18.42 | 0.0804469273743018 | (((2+2.73)-4.01)/8.95)=x | 2 2.73 + 4.01 - 8.95 / x = | 2:pack 2.73:pack +:pack 4.01:pack -:pack 8.95:pack /:pack x:pack =:pack
EXPR: 0 | POS | FRA | 0 | 18.42 | 0.976536312849162 | (((2+2.73)+4.01)/8.95)=x | 2 2.73 + 4.01 + 8.95 / x = | 2:pack 2.73:pack +:pack 4.01:pack +:pack 8.95:pack /:pack x:pack =:pack
EXPR: 0 | POS | FRA | 0 | 18.42 | 3.6062 | ((2-2.73)*(4.01-8.95))=x | 2 2.73 - 4.01 8.95 - * x = | 2:pack 2.73:pack -:pack 4.01:pack 8.95:pack -:pack *:pack x:pack =:pack
EXPR: 0 | POS | FRA | 0 | 18.42 | 78.223 | (((2+2.73)+4.01)*8.95)=x | 2 2.73 + 4.01 + 8.95 * x = | 2:pack 2.73:pack +:pack 4.01:pack +:pack 8.95:pack *:pack x:pack =:pack
EXPR: 0 | POS | FRA | 0 | 18.42 | 0.366480446927374 | (((2-2.73)+4.01)/8.95)=x | 2 2.73 - 4.01 + 8.95 / x = | 2:pack 2.73:pack -:pack 4.01:pack +:pack 8.95:pack /:pack x:pack =:pack
EXPR: 0 | POS | FRA | 0 | 18.42 | 0.299530503350562 | ((2+(2.73/4.01))/8.95)=x | 2 2.73 4.01 / + 8.95 / x = | 2:pack 2.73:pack 4.01:pack /:pack +:pack 8.95:pack /:pack x:pack =:pack
EXPR: 0 | POS | FRA | 0 | 18.42 | 0.0804469273743017 | ((2+(2.73-4.01))/8.95)=x | 2 2.73 4.01 - + 8.95 / x = | 2:pack 2.73:pack 4.01:pack -:pack +:pack 8.95:pack /:pack x:pack =:pack
EXPR: 0 | POS | FRA | 0 | 18.42 | 10.0173 | (((2+2.73)*4.01)-8.95)=x | 2 2.73 + 4.01 * 8.95 - x = | 2:pack 2.73:pack +:pack 4.01:pack *:pack 8.95:pack -:pack x:pack =:pack
EXPR: 0 | POS | FRA | 0 | 18.42 | 6.39 | ((2*(2.73-4.01))+8.95)=x | 2 2.73 4.01 - * 8.95 + x = | 2:pack 2.73:pack 4.01:pack -:pack *:pack 8.95:pack +:pack x:pack =:pack
EXPR: 0 | POS | FRA | 0 | 18.42 | 0.529899523195613 | (((2/2.73)+4.01)/8.95)=x | 2 2.73 / 4.01 + 8.95 / x = | 2:pack 2.73:pack /:pack 4.01:pack +:pack 8.95:pack /:pack x:pack =:pack
EXPR: 0 | POS | FRA | 0 | 18.42 | 9.67 | x=((2+2.73)-(4.01-8.95)) | x 2 2.73 + 4.01 8.95 - - = | x:pack 2:pack 2.73:pack +:pack 4.01:pack 8.95:pack -:pack -:pack =:pack
EXPR: 0 | POS | FRA | 0 | 18.42 | 84.7565 | (((2*2.73)+4.01)*8.95)=x | 2 2.73 * 4.01 + 8.95 * x = | 2:pack 2.73:pack *:pack 4.01:pack +:pack 8.95:pack *:pack x:pack =:pack
EXPR: 0 | POS | FRA | 0 | 18.42 | 12.9775 | (((2*2.73)-4.01)*8.95)=x | 2 2.73 * 4.01 - 8.95 * x = | 2:pack 2.73:pack *:pack 4.01:pack -:pack 8.95:pack *:pack x:pack =:pack
EXPR: 0 | POS | FRA | 0 | 18.42 | 0.976536312849162 | ((2+(2.73+4.01))/8.95)=x | 2 2.73 4.01 + + 8.95 / x = | 2:pack 2.73:pack 4.01:pack +:pack +:pack 8.95:pack /:pack x:pack =:pack
EXPR: 0 | POS | FRA | 0 | 18.42 | 1.44662569832402 | ((2+(2.73*4.01))/8.95)=x | 2 2.73 4.01 * + 8.95 / x = | 2:pack 2.73:pack 4.01:pack *:pack +:pack 8.95:pack /:pack x:pack =:pack
EXPR: 0 | POS | FRA | 0 | 18.42 | 61.3008 | x=((2+2.73)*(4.01+8.95)) | x 2 2.73 + 4.01 8.95 + * = | x:pack 2:pack 2.73:pack +:pack 4.01:pack 8.95:pack +:pack *:pack =:pack
EXPR: 0 | POS | FRA | 0 | 18.42 | 4.28195530726257 | x=((2+2.73)-(4.01/8.95)) | x 2 2.73 + 4.01 8.95 / - = | x:pack 2:pack 2.73:pack +:pack 4.01:pack 8.95:pack /:pack -:pack =:pack
EXPR: 0 | POS | FRA | 0 | 18.42 | 0.147396870951114 | ((2-(2.73/4.01))/8.95)=x | 2 2.73 4.01 / - 8.95 / x = | 2:pack 2.73:pack 4.01:pack /:pack -:pack 8.95:pack /:pack x:pack =:pack
EXPR: 0 | POS | FRA | 0 | 18.42 | 6.444 | ((2+(2.73-4.01))*8.95)=x | 2 2.73 4.01 - + 8.95 * x = | 2:pack 2.73:pack 4.01:pack -:pack +:pack 8.95:pack *:pack x:pack =:pack
EXPR: 0 | POS | FRA | 0 | 18.42 | 11.8068578553616 | ((2-(2.73/4.01))*8.95)=x | 2 2.73 4.01 / - 8.95 * x = | 2:pack 2.73:pack 4.01:pack /:pack -:pack 8.95:pack *:pack x:pack =:pack
EXPR: 0 | POS | FRA | 0 | 18.42 | 15.34 | x=(2*((2.73-4.01)+8.95)) | x 2 2.73 4.01 - 8.95 + * = | x:pack 2:pack 2.73:pack 4.01:pack -:pack 8.95:pack +:pack *:pack =:pack
EXPR: 0 | POS | FRA | 0 | 18.42 | 10.0173 | x=(((2+2.73)*4.01)-8.95) | x 2 2.73 + 4.01 * 8.95 - = | x:pack 2:pack 2.73:pack +:pack 4.01:pack *:pack 8.95:pack -:pack =:pack
EXPR: 0 | POS | FRA | 0 | 18.42 | 0.260756192959583 | x=(2/((2.73-4.01)+8.95)) | x 2 2.73 4.01 - 8.95 + / = | x:pack 2:pack 2.73:pack 4.01:pack -:pack 8.95:pack +:pack /:pack =:pack
EXPR: 0 | POS | FRA | 0 | 18.42 | 4.53 | ((2*(2.73+4.01))-8.95)=x | 2 2.73 4.01 + * 8.95 - x = | 2:pack 2.73:pack 4.01:pack +:pack *:pack 8.95:pack -:pack x:pack =:pack
EXPR: 0 | POS | FRA | 0 | 18.42 | 0.00270000000000081 | ((2-(2.73*4.01))+8.95)=x | 2 2.73 4.01 * - 8.95 + x = | 2:pack 2.73:pack 4.01:pack *:pack -:pack 8.95:pack +:pack x:pack =:pack
EXPR: 0 | POS | FRA | 0 | 18.42 | 10.2692019950125 | ((2-(2.73/4.01))+8.95)=x | 2 2.73 4.01 / - 8.95 + x = | 2:pack 2.73:pack 4.01:pack /:pack -:pack 8.95:pack +:pack x:pack =:pack
EXPR: 0 | POS | FRA | 0 | 18.42 | 9.67 | ((2+(2.73-4.01))+8.95)=x | 2 2.73 4.01 - + 8.95 + x = | 2:pack 2.73:pack 4.01:pack -:pack +:pack 8.95:pack +:pack x:pack =:pack
EXPR: 0 | POS | FRA | 0 | 18.42 | 1.78935185185185 | (2-(2.73/(4.01+8.95)))=x | 2 2.73 4.01 8.95 + / - x = | 2:pack 2.73:pack 4.01:pack 8.95:pack +:pack /:pack -:pack x:pack =:pack
EXPR: 0 | POS | FRA | 0 | 18.42 | 22.43 | x=((2*(2.73+4.01))+8.95) | x 2 2.73 4.01 + * 8.95 + = | x:pack 2:pack 2.73:pack 4.01:pack +:pack *:pack 8.95:pack +:pack =:pack
EXPR: 0 | POS | FRA | 0 | 18.42 | 31.38 | x=(2*((2.73+4.01)+8.95)) | x 2 2.73 4.01 + 8.95 + * = | x:pack 2:pack 2.73:pack 4.01:pack +:pack 8.95:pack +:pack *:pack =:pack
EXPR: 0 | POS | FRA | 0 | 18.42 | 0.127469725940089 | x=(2/((2.73+4.01)+8.95)) | x 2 2.73 4.01 + 8.95 + / = | x:pack 2:pack 2.73:pack 4.01:pack +:pack 8.95:pack +:pack /:pack =:pack
EXPR: 0 | POS | FRA | 0 | 18.42 | 0.260756192959583 | (2/(2.73-(4.01-8.95)))=x | 2 2.73 4.01 8.95 - - / x = | 2:pack 2.73:pack 4.01:pack 8.95:pack -:pack -:pack /:pack x:pack =:pack
EXPR: 0 | POS | FRA | 0 | 18.42 | 70.7616 | ((2*2.73)*(4.01+8.95))=x | 2 2.73 * 4.01 8.95 + * x = | 2:pack 2.73:pack *:pack 4.01:pack 8.95:pack +:pack *:pack x:pack =:pack
EXPR: 0 | POS | FRA | 0 | 18.42 | 3.6062 | x=((2-2.73)*(4.01-8.95)) | x 2 2.73 - 4.01 8.95 - * = | x:pack 2:pack 2.73:pack -:pack 4.01:pack 8.95:pack -:pack *:pack =:pack
EXPR: 0 | POS | FRA | 0 | 18.42 | 0.147773279352227 | x=((2-2.73)/(4.01-8.95)) | x 2 2.73 - 4.01 8.95 - / = | x:pack 2:pack 2.73:pack -:pack 4.01:pack 8.95:pack -:pack /:pack =:pack
EXPR: 0 | POS | FRA | 0 | 18.42 | 23.9931421446384 | x=((2+(2.73/4.01))*8.95) | x 2 2.73 4.01 / + 8.95 * = | x:pack 2:pack 2.73:pack 4.01:pack /:pack +:pack 8.95:pack *:pack =:pack
EXPR: 0 | POS | FRA | 0 | 18.42 | 3.9973 | ((2+(2.73*4.01))-8.95)=x | 2 2.73 4.01 * + 8.95 - x = | 2:pack 2.73:pack 4.01:pack *:pack +:pack 8.95:pack -:pack x:pack =:pack
EXPR: 0 | POS | FRA | 0 | 18.42 | 9.67 | (((2+2.73)-4.01)+8.95)=x | 2 2.73 + 4.01 - 8.95 + x = | 2:pack 2.73:pack +:pack 4.01:pack -:pack 8.95:pack +:pack x:pack =:pack
EXPR: 0 | POS | FRA | 0 | 18.42 | 1.44736842105263 | (2+(2.73/(4.01-8.95)))=x | 2 2.73 4.01 8.95 - / + x = | 2:pack 2.73:pack 4.01:pack 8.95:pack -:pack /:pack +:pack x:pack =:pack
EXPR: 0 | POS | FRA | 0 | 18.42 | 9.67 | (2+(2.73-(4.01-8.95)))=x | 2 2.73 4.01 8.95 - - + x = | 2:pack 2.73:pack 4.01:pack 8.95:pack -:pack -:pack +:pack x:pack =:pack
EXPR: 0 | POS | FRA | 0 | 18.42 | 1.0013518249637 | x=(2/((2.73*4.01)-8.95)) | x 2 2.73 4.01 * 8.95 - / = | x:pack 2:pack 2.73:pack 4.01:pack *:pack 8.95:pack -:pack /:pack =:pack
EXPR: 0 | POS | FRA | 0 | 18.42 | 61.3008 | ((2+2.73)*(4.01+8.95))=x | 2 2.73 + 4.01 8.95 + * x = | 2:pack 2.73:pack +:pack 4.01:pack 8.95:pack +:pack *:pack x:pack =:pack
EXPR: 0 | POS | FRA | 0 | 18.42 | 9.67 | x=((2+(2.73-4.01))+8.95) | x 2 2.73 4.01 - + 8.95 + = | x:pack 2:pack 2.73:pack 4.01:pack -:pack +:pack 8.95:pack +:pack =:pack
EXPR: 0 | POS | FRA | 0 | 18.42 | 115.878335 | x=((2+(2.73*4.01))*8.95) | x 2 2.73 4.01 * + 8.95 * = | x:pack 2:pack 2.73:pack 4.01:pack *:pack +:pack 8.95:pack *:pack =:pack
EXPR: 0 | POS | FRA | 0 | 18.42 | 15.34 | (2*(2.73-(4.01-8.95)))=x | 2 2.73 4.01 8.95 - - * x = | 2:pack 2.73:pack 4.01:pack 8.95:pack -:pack -:pack *:pack x:pack =:pack
EXPR: 0 | POS | FRA | 0 | 18.42 | 78.223 | ((2+(2.73+4.01))*8.95)=x | 2 2.73 4.01 + + 8.95 * x = | 2:pack 2.73:pack 4.01:pack +:pack +:pack 8.95:pack *:pack x:pack =:pack
EXPR: 0 | POS | FRA | 0 | 18.42 | 17.69 | (((2+2.73)+4.01)+8.95)=x | 2 2.73 + 4.01 + 8.95 + x = | 2:pack 2.73:pack +:pack 4.01:pack +:pack 8.95:pack +:pack x:pack =:pack
EXPR: 0 | POS | FRA | 0 | 18.42 | 4.21 | x=((2-2.73)-(4.01-8.95)) | x 2 2.73 - 4.01 8.95 - - = | x:pack 2:pack 2.73:pack -:pack 4.01:pack 8.95:pack -:pack -:pack =:pack
EXPR: 0 | POS | FRA | 0 | 18.42 | 2.21064814814815 | (2+(2.73/(4.01+8.95)))=x | 2 2.73 4.01 8.95 + / + x = | 2:pack 2.73:pack 4.01:pack 8.95:pack +:pack /:pack +:pack x:pack =:pack
EXPR: 0 | POS | FRA | 0 | 18.42 | 0.147773279352227 | ((2-2.73)/(4.01-8.95))=x | 2 2.73 - 4.01 8.95 - / x = | 2:pack 2.73:pack -:pack 4.01:pack 8.95:pack -:pack /:pack x:pack =:pack
EXPR: 0 | POS | FRA | 0 | 18.42 | 1.24692737430168 | x=(2-((2.73+4.01)/8.95)) | x 2 2.73 4.01 + 8.95 / - = | x:pack 2:pack 2.73:pack 4.01:pack +:pack 8.95:pack /:pack -:pack =:pack
EXPR: 0 | POS | FRA | 0 | 18.42 | 0.127469725940089 | (2/(2.73+(4.01+8.95)))=x | 2 2.73 4.01 8.95 + + / x = | 2:pack 2.73:pack 4.01:pack 8.95:pack +:pack +:pack /:pack x:pack =:pack
EXPR: 0 | POS | FRA | 0 | 18.42 | 2.55263157894737 | (2-(2.73/(4.01-8.95)))=x | 2 2.73 4.01 8.95 - / - x = | 2:pack 2.73:pack 4.01:pack 8.95:pack -:pack /:pack -:pack x:pack =:pack
EXPR: 0 | POS | FRA | 0 | 18.42 | 4.21 | (2-(2.73+(4.01-8.95)))=x | 2 2.73 4.01 8.95 - + - x = | 2:pack 2.73:pack 4.01:pack 8.95:pack -:pack +:pack -:pack x:pack =:pack
EXPR: 0 | POS | FRA | 0 | 18.42 | 0.299530503350562 | x=((2+(2.73/4.01))/8.95) | x 2 2.73 4.01 / + 8.95 / = | x:pack 2:pack 2.73:pack 4.01:pack /:pack +:pack 8.95:pack /:pack =:pack
EXPR: 0 | POS | FRA | 0 | 18.42 | 0.0804469273743018 | x=(((2+2.73)-4.01)/8.95) | x 2 2.73 + 4.01 - 8.95 / = | x:pack 2:pack 2.73:pack +:pack 4.01:pack -:pack 8.95:pack /:pack =:pack
EXPR: 0 | POS | FRA | 0 | 18.42 | 12.23 | ((2-2.73)+(4.01+8.95))=x | 2 2.73 - 4.01 8.95 + + x = | 2:pack 2.73:pack -:pack 4.01:pack 8.95:pack +:pack +:pack x:pack =:pack
EXPR: 0 | POS | FRA | 0 | 18.42 | 19.2615960099751 | x=(2*((2.73/4.01)+8.95)) | x 2 2.73 4.01 / 8.95 + * = | x:pack 2:pack 2.73:pack 4.01:pack /:pack 8.95:pack +:pack *:pack =:pack
EXPR: 0 | POS | FRA | 0 | 18.42 | 3.9973 | x=((2+(2.73*4.01))-8.95) | x 2 2.73 4.01 * + 8.95 - = | x:pack 2:pack 2.73:pack 4.01:pack *:pack +:pack 8.95:pack -:pack =:pack
EXPR: 0 | POS | FRA | 0 | 18.42 | 42.4462765567766 | x=(((2/2.73)+4.01)*8.95) | x 2 2.73 / 4.01 + 8.95 * = | x:pack 2:pack 2.73:pack /:pack 4.01:pack +:pack 8.95:pack *:pack =:pack
EXPR: 0 | POS | FRA | 0 | 18.42 | 10.4 | (((2*2.73)-4.01)+8.95)=x | 2 2.73 * 4.01 - 8.95 + x = | 2:pack 2.73:pack *:pack 4.01:pack -:pack 8.95:pack +:pack x:pack =:pack
EXPR: 0 | POS | FRA | 0 | 18.42 | 5.67260073260073 | (((2/2.73)-4.01)+8.95)=x | 2 2.73 / 4.01 - 8.95 + x = | 2:pack 2.73:pack /:pack 4.01:pack -:pack 8.95:pack +:pack x:pack =:pack
EXPR: 0 | POS | FRA | 0 | 18.42 | 7.3875 | ((2/(2.73-4.01))+8.95)=x | 2 2.73 4.01 - / 8.95 + x = | 2:pack 2.73:pack 4.01:pack -:pack /:pack 8.95:pack +:pack x:pack =:pack
EXPR: 0 | POS | FRA | 0 | 18.42 | 1.85698324022346 | x=(2+((2.73-4.01)/8.95)) | x 2 2.73 4.01 - 8.95 / + = | x:pack 2:pack 2.73:pack 4.01:pack -:pack 8.95:pack /:pack +:pack =:pack
EXPR: 0 | POS | FRA | 0 | 18.42 | 4.28195530726257 | ((2+2.73)-(4.01/8.95))=x | 2 2.73 + 4.01 8.95 / - x = | 2:pack 2.73:pack +:pack 4.01:pack 8.95:pack /:pack -:pack x:pack =:pack
EXPR: 0 | POS | FRA | 0 | 18.42 | 3.9946 | x=(2*((2.73*4.01)-8.95)) | x 2 2.73 4.01 * 8.95 - * = | x:pack 2:pack 2.73:pack 4.01:pack *:pack 8.95:pack -:pack *:pack =:pack
EXPR: 0 | POS | FRA | 0 | 18.42 | 39.7946 | x=(2*((2.73*4.01)+8.95)) | x 2 2.73 4.01 * 8.95 + * = | x:pack 2:pack 2.73:pack 4.01:pack *:pack 8.95:pack +:pack *:pack =:pack
EXPR: 0 | POS | FRA | 0 | 18.42 | 0.207667111174407 | x=(2/((2.73/4.01)+8.95)) | x 2 2.73 4.01 / 8.95 + / = | x:pack 2:pack 2.73:pack 4.01:pack /:pack 8.95:pack +:pack /:pack =:pack
EXPR: 0 | POS | FRA | 0 | 18.42 | 0.364969135802469 | x=((2+2.73)/(4.01+8.95)) | x 2 2.73 + 4.01 8.95 + / = | x:pack 2:pack 2.73:pack +:pack 4.01:pack 8.95:pack +:pack /:pack =:pack
EXPR: 0 | POS | FRA | 0 | 18.42 | 0.421296296296296 | x=((2*2.73)/(4.01+8.95)) | x 2 2.73 * 4.01 8.95 + / = | x:pack 2:pack 2.73:pack *:pack 4.01:pack 8.95:pack +:pack /:pack =:pack
EXPR: 0 | POS | FRA | 0 | 18.42 | 0.52 | (((2*2.73)+4.01)-8.95)=x | 2 2.73 * 4.01 + 8.95 - x = | 2:pack 2.73:pack *:pack 4.01:pack +:pack 8.95:pack -:pack x:pack =:pack
EXPR: 0 | POS | FRA | 0 | 18.42 | 6.0227 | (((2-2.73)*4.01)+8.95)=x | 2 2.73 - 4.01 * 8.95 + x = | 2:pack 2.73:pack -:pack 4.01:pack *:pack 8.95:pack +:pack x:pack =:pack
EXPR: 0 | POS | FRA | 0 | 18.42 | 27.9173 | (((2+2.73)*4.01)+8.95)=x | 2 2.73 + 4.01 * 8.95 + x = | 2:pack 2.73:pack +:pack 4.01:pack *:pack 8.95:pack +:pack x:pack =:pack
EXPR: 0 | POS | FRA | 0 | 18.42 | 9.67 | ((2+2.73)-(4.01-8.95))=x | 2 2.73 + 4.01 8.95 - - x = | 2:pack 2.73:pack +:pack 4.01:pack 8.95:pack -:pack -:pack x:pack =:pack
EXPR: 0 | POS | FRA | 0 | 18.42 | 15.4862 | (2-(2.73*(4.01-8.95)))=x | 2 2.73 4.01 8.95 - * - x = | 2:pack 2.73:pack 4.01:pack 8.95:pack -:pack *:pack -:pack x:pack =:pack
EXPR: 0 | POS | FRA | 0 | 18.42 | 0.366480446927374 | ((2-(2.73-4.01))/8.95)=x | 2 2.73 4.01 - - 8.95 / x = | 2:pack 2.73:pack 4.01:pack -:pack -:pack 8.95:pack /:pack x:pack =:pack
EXPR: 0 | POS | FRA | 0 | 18.42 | 5.17804469273743 | ((2+2.73)+(4.01/8.95))=x | 2 2.73 + 4.01 8.95 / + x = | 2:pack 2.73:pack +:pack 4.01:pack 8.95:pack /:pack +:pack x:pack =:pack
EXPR: 0 | POS | FRA | 0 | 18.42 | 5.17804469273743 | x=((2+2.73)+(4.01/8.95)) | x 2 2.73 + 4.01 8.95 / + = | x:pack 2:pack 2.73:pack +:pack 4.01:pack 8.95:pack /:pack +:pack =:pack
EXPR: 0 | POS | FRA | 0 | 18.42 | 0.421296296296296 | ((2*2.73)/(4.01+8.95))=x | 2 2.73 * 4.01 8.95 + / x = | 2:pack 2.73:pack *:pack 4.01:pack 8.95:pack +:pack /:pack x:pack =:pack
EXPR: 0 | POS | FRA | 0 | 18.42 | 10.1295511221945 | (((2+2.73)/4.01)+8.95)=x | 2 2.73 + 4.01 / 8.95 + x = | 2:pack 2.73:pack +:pack 4.01:pack /:pack 8.95:pack +:pack x:pack =:pack
EXPR: 0 | POS | FRA | 0 | 18.42 | 6.39 | x=((2*(2.73-4.01))+8.95) | x 2 2.73 4.01 - * 8.95 + = | x:pack 2:pack 2.73:pack 4.01:pack -:pack *:pack 8.95:pack +:pack =:pack
EXPR: 0 | POS | FRA | 0 | 18.42 | 40.6195 | ((2+2.73)+(4.01*8.95))=x | 2 2.73 + 4.01 8.95 * + x = | 2:pack 2.73:pack +:pack 4.01:pack 8.95:pack *:pack +:pack x:pack =:pack
EXPR: 0 | POS | FRA | 0 | 18.42 | 3.9973 | x=(2+((2.73*4.01)-8.95)) | x 2 2.73 4.01 * 8.95 - + = | x:pack 2:pack 2.73:pack 4.01:pack *:pack 8.95:pack -:pack +:pack =:pack
EXPR: 0 | POS | FRA | 0 | 18.42 | 12.23 | ((2-(2.73-4.01))+8.95)=x | 2 2.73 4.01 - - 8.95 + x = | 2:pack 2.73:pack 4.01:pack -:pack -:pack 8.95:pack +:pack x:pack =:pack
EXPR: 0 | POS | FRA | 0 | 18.42 | 42.4462765567766 | (((2/2.73)+4.01)*8.95)=x | 2 2.73 / 4.01 + 8.95 * x = | 2:pack 2.73:pack /:pack 4.01:pack +:pack 8.95:pack *:pack x:pack =:pack
EXPR: 0 | POS | FRA | 0 | 18.42 | 4.21 | x=(2-((2.73+4.01)-8.95)) | x 2 2.73 4.01 + 8.95 - - = | x:pack 2:pack 2.73:pack 4.01:pack +:pack 8.95:pack -:pack -:pack =:pack
EXPR: 0 | POS | FRA | 0 | 18.42 | 0.00270000000000081 | x=(2-((2.73*4.01)-8.95)) | x 2 2.73 4.01 * 8.95 - - = | x:pack 2:pack 2.73:pack 4.01:pack *:pack 8.95:pack -:pack -:pack =:pack
EXPR: 0 | POS | FRA | 0 | 18.42 | 9.49450549450549 | ((2/2.73)*(4.01+8.95))=x | 2 2.73 / 4.01 8.95 + * x = | 2:pack 2.73:pack /:pack 4.01:pack 8.95:pack +:pack *:pack x:pack =:pack
EXPR: 0 | POS | FRA | 0 | 18.42 | 37.3808 | (2+(2.73*(4.01+8.95)))=x | 2 2.73 4.01 8.95 + * + x = | 2:pack 2.73:pack 4.01:pack 8.95:pack +:pack *:pack +:pack x:pack =:pack
EXPR: 0 | POS | FRA | 0 | 18.42 | 4.53 | x=((2*(2.73+4.01))-8.95) | x 2 2.73 4.01 + * 8.95 - = | x:pack 2:pack 2.73:pack 4.01:pack +:pack *:pack 8.95:pack -:pack =:pack
EXPR: 0 | POS | FRA | 0 | 18.42 | 9.67 | x=(2+((2.73-4.01)+8.95)) | x 2 2.73 4.01 - 8.95 + + = | x:pack 2:pack 2.73:pack 4.01:pack -:pack 8.95:pack +:pack +:pack =:pack
EXPR: 0 | POS | FRA | 0 | 18.42 | 21.8973 | x=(2+((2.73*4.01)+8.95)) | x 2 2.73 4.01 * 8.95 + + = | x:pack 2:pack 2.73:pack 4.01:pack *:pack 8.95:pack +:pack +:pack =:pack
EXPR: 0 | POS | FRA | 0 | 18.42 | 6.44400000000001 | (((2+2.73)-4.01)*8.95)=x | 2 2.73 + 4.01 - 8.95 * x = | 2:pack 2.73:pack +:pack 4.01:pack -:pack 8.95:pack *:pack x:pack =:pack
EXPR: 0 | POS | FRA | 2 | 18.42 | 2.49807980049875 | (((2+2.73)-x)*4.01)=8.95 | 2 2.73 + x - 4.01 * 8.95 = | 2:pack 2.73:pack +:pack x:pack -:pack 4.01:pack *:pack 8.95:pack =:pack
EXPR: 0 | POS | FRA | 2 | 18.42 | 2.72865853658537 | (((2-2.73)+4.01)*x)=8.95 | 2 2.73 - 4.01 + x * 8.95 = | 2:pack 2.73:pack -:pack 4.01:pack +:pack x:pack *:pack 8.95:pack =:pack
EXPR: 0 | POS | FRA | 2 | 18.42 | 1.05810055865922 | (((2*2.73)+4.01)/x)=8.95 | 2 2.73 * 4.01 + x / 8.95 = | 2:pack 2.73:pack *:pack 4.01:pack +:pack x:pack /:pack 8.95:pack =:pack
EXPR: 0 | POS | FRA | 2 | 18.42 | 0.162011173184358 | (((2*2.73)-4.01)/x)=8.95 | 2 2.73 * 4.01 - x / 8.95 = | 2:pack 2.73:pack *:pack 4.01:pack -:pack x:pack /:pack 8.95:pack =:pack
EXPR: 0 | POS | FRA | 2 | 18.42 | 2.49807980049875 | (((2-x)+2.73)*4.01)=8.95 | 2 x - 2.73 + 4.01 * 8.95 = | 2:pack x:pack -:pack 2.73:pack +:pack 4.01:pack *:pack 8.95:pack =:pack
EXPR: 0 | POS | FRA | 2 | 18.42 | 2.96192019950125 | (((2-2.73)+x)*4.01)=8.95 | 2 2.73 - x + 4.01 * 8.95 = | 2:pack 2.73:pack -:pack x:pack +:pack 4.01:pack *:pack 8.95:pack =:pack
EXPR: 0 | POS | FRA | 2 | 18.42 | 2.96192019950125 | (((2+x)-2.73)*4.01)=8.95 | 2 x + 2.73 - 4.01 * 8.95 = | 2:pack x:pack +:pack 2.73:pack -:pack 4.01:pack *:pack 8.95:pack =:pack
EXPR: 0 | POS | FRA | 2 | 18.42 | 29.356 | (((2+4.01)-2.73)*8.95)=x | 2 4.01 + 2.73 - 8.95 * x = | 2:pack 4.01:pack +:pack 2.73:pack -:pack 8.95:pack *:pack x:pack =:pack
EXPR: 0 | POS | FRA | 2 | 18.42 | 9.67 | (((2+2.73)+8.95)-4.01)=x | 2 2.73 + 8.95 + 4.01 - x = | 2:pack 2.73:pack +:pack 8.95:pack +:pack 4.01:pack -:pack x:pack =:pack
EXPR: 0 | POS | FRA | 2 | 18.42 | 8.9921875 | ((2-x)*(2.73-4.01))=8.95 | 2 x - 2.73 4.01 - * 8.95 = | 2:pack x:pack -:pack 2.73:pack 4.01:pack -:pack *:pack 8.95:pack =:pack
EXPR: 0 | POS | FRA | 2 | 18.42 | 0.147773279352227 | 2=(2.73+(x*(4.01-8.95))) | 2 2.73 x 4.01 8.95 - * + = | 2:pack 2.73:pack x:pack 4.01:pack 8.95:pack -:pack *:pack +:pack =:pack
EXPR: 0 | POS | FRA | 2 | 18.42 | 32.9622 | (((2-2.73)+8.95)*4.01)=x | 2 2.73 - 8.95 + 4.01 * x = | 2:pack 2.73:pack -:pack 8.95:pack +:pack 4.01:pack *:pack x:pack =:pack
EXPR: 0 | POS | FRA | 2 | 18.42 | 6.444 | (((2-4.01)+2.73)*8.95)=x | 2 4.01 - 2.73 + 8.95 * x = | 2:pack 4.01:pack -:pack 2.73:pack +:pack 8.95:pack *:pack x:pack =:pack
EXPR: 0 | POS | FRA | 2 | 18.42 | 0.0804469273743017 | (((2-4.01)+2.73)/8.95)=x | 2 4.01 - 2.73 + 8.95 / x = | 2:pack 4.01:pack -:pack 2.73:pack +:pack 8.95:pack /:pack x:pack =:pack
EXPR: 0 | POS | FRA | 2 | 18.42 | 2.0498753117207 | (((2-2.73)+8.95)/4.01)=x | 2 2.73 - 8.95 + 4.01 / x = | 2:pack 2.73:pack -:pack 8.95:pack +:pack 4.01:pack /:pack x:pack =:pack
EXPR: 0 | POS | FRA | 2 | 18.42 | 23.3662 | ((2+2.73)*(8.95-4.01))=x | 2 2.73 + 8.95 4.01 - * x = | 2:pack 2.73:pack +:pack 8.95:pack 4.01:pack -:pack *:pack x:pack =:pack
EXPR: 0 | POS | FRA | 2 | 18.42 | 0.366480446927374 | (((2+4.01)-2.73)/8.95)=x | 2 4.01 + 2.73 - 8.95 / x = | 2:pack 4.01:pack +:pack 2.73:pack -:pack 8.95:pack /:pack x:pack =:pack
EXPR: 0 | POS | FRA | 2 | 18.42 | 12.5022 | ((2-4.01)*(2.73-8.95))=x | 2 4.01 - 2.73 8.95 - * x = | 2:pack 4.01:pack -:pack 2.73:pack 8.95:pack -:pack *:pack x:pack =:pack
EXPR: 0 | POS | FRA | 2 | 18.42 | 16.2702739726027 | ((2-2.73)*(4.01-x))=8.95 | 2 2.73 - 4.01 x - * 8.95 = | 2:pack 2.73:pack -:pack 4.01:pack x:pack -:pack *:pack 8.95:pack =:pack
EXPR: 0 | POS | FRA | 2 | 18.42 | 2.37080586080586 | ((2*2.73)*(4.01-x))=8.95 | 2 2.73 * 4.01 x - * 8.95 = | 2:pack 2.73:pack *:pack 4.01:pack x:pack -:pack *:pack 8.95:pack =:pack
EXPR: 0 | POS | FRA | 2 | 18.42 | 26.9724 | ((2*2.73)*(8.95-4.01))=x | 2 2.73 * 8.95 4.01 - * x = | 2:pack 2.73:pack *:pack 8.95:pack 4.01:pack -:pack *:pack x:pack =:pack
EXPR: 0 | POS | FRA | 2 | 18.42 | 7.845 | (((2*x)-2.73)-4.01)=8.95 | 2 x * 2.73 - 4.01 - 8.95 = | 2:pack x:pack *:pack 2.73:pack -:pack 4.01:pack -:pack 8.95:pack =:pack
EXPR: 0 | POS | FRA | 2 | 18.42 | 78.223 | (((2+4.01)+2.73)*8.95)=x | 2 4.01 + 2.73 + 8.95 * x = | 2:pack 4.01:pack +:pack 2.73:pack +:pack 8.95:pack *:pack x:pack =:pack
EXPR: 0 | POS | FRA | 2 | 18.42 | 54.8568 | (((2+2.73)+8.95)*4.01)=x | 2 2.73 + 8.95 + 4.01 * x = | 2:pack 2.73:pack +:pack 8.95:pack +:pack 4.01:pack *:pack x:pack =:pack
EXPR: 0 | POS | FRA | 2 | 18.42 | 0.0517873095198022 | (((2/x)-2.73)/4.01)=8.95 | 2 x / 2.73 - 4.01 / 8.95 = | 2:pack x:pack /:pack 2.73:pack -:pack 4.01:pack /:pack 8.95:pack =:pack
EXPR: 0 | POS | FRA | 2 | 18.42 | 2.7399577167019 | (((2+2.73)*x)-4.01)=8.95 | 2 2.73 + x * 4.01 - 8.95 = | 2:pack 2.73:pack +:pack x:pack *:pack 4.01:pack -:pack 8.95:pack =:pack
EXPR: 0 | POS | FRA | 2 | 18.42 | 2.74725274725275 | (((2+x)*2.73)-4.01)=8.95 | 2 x + 2.73 * 4.01 - 8.95 = | 2:pack x:pack +:pack 2.73:pack *:pack 4.01:pack -:pack 8.95:pack =:pack
EXPR: 0 | POS | FRA | 2 | 18.42 | 7.4573 | (((2+4.01)*2.73)-8.95)=x | 2 4.01 + 2.73 * 8.95 - x = | 2:pack 4.01:pack +:pack 2.73:pack *:pack 8.95:pack -:pack x:pack =:pack
EXPR: 0 | POS | FRA | 2 | 18.42 | 38.3235 | (((2+2.73)*8.95)-4.01)=x | 2 2.73 + 8.95 * 4.01 - x = | 2:pack 2.73:pack +:pack 8.95:pack *:pack 4.01:pack -:pack x:pack =:pack
EXPR: 0 | POS | FRA | 2 | 18.42 | 13.69 | (((2+x)-2.73)-4.01)=8.95 | 2 x + 2.73 - 4.01 - 8.95 = | 2:pack x:pack +:pack 2.73:pack -:pack 4.01:pack -:pack 8.95:pack =:pack
EXPR: 0 | POS | FRA | 2 | 18.42 | 4.21 | (((2-2.73)+8.95)-4.01)=x | 2 2.73 - 8.95 + 4.01 - x = | 2:pack 2.73:pack -:pack 8.95:pack +:pack 4.01:pack -:pack x:pack =:pack
EXPR: 0 | POS | FRA | 2 | 18.42 | 0.574819933406707 | ((2+(2.73/8.95))/4.01)=x | 2 2.73 8.95 / + 4.01 / x = | 2:pack 2.73:pack 8.95:pack /:pack +:pack 4.01:pack /:pack x:pack =:pack
EXPR: 0 | POS | FRA | 2 | 18.42 | 0.360754538235417 | (((2/4.01)+2.73)/8.95)=x | 2 4.01 / 2.73 + 8.95 / x = | 2:pack 4.01:pack /:pack 2.73:pack +:pack 8.95:pack /:pack x:pack =:pack
EXPR: 0 | POS | FRA | 2 | 18.42 | 2.41461364902761 | (((2/2.73)+8.95)/4.01)=x | 2 2.73 / 8.95 + 4.01 / x = | 2:pack 2.73:pack /:pack 8.95:pack +:pack 4.01:pack /:pack x:pack =:pack
EXPR: 0 | POS | FRA | 2 | 18.42 | 0.976536312849162 | (((2+4.01)+2.73)/8.95)=x | 2 4.01 + 2.73 + 8.95 / x = | 2:pack 4.01:pack +:pack 2.73:pack +:pack 8.95:pack /:pack x:pack =:pack
EXPR: 0 | POS | FRA | 2 | 18.42 | 3.41147132169576 | (((2+2.73)+8.95)/4.01)=x | 2 2.73 + 8.95 + 4.01 / x = | 2:pack 2.73:pack +:pack 8.95:pack +:pack 4.01:pack /:pack x:pack =:pack
EXPR: 0 | POS | FRA | 2 | 18.42 | 4.40280575539568 | 2=((2.73/(4.01-x))+8.95) | 2 2.73 4.01 x - / 8.95 + = | 2:pack 2.73:pack 4.01:pack x:pack -:pack /:pack 8.95:pack +:pack =:pack
EXPR: 0 | POS | FRA | 2 | 18.42 | 0.366480446927374 | ((2+(4.01-2.73))/8.95)=x | 2 4.01 2.73 - + 8.95 / x = | 2:pack 4.01:pack 2.73:pack -:pack +:pack 8.95:pack /:pack x:pack =:pack
EXPR: 0 | POS | FRA | 2 | 18.42 | 47.3455 | (((2*4.01)-2.73)*8.95)=x | 2 4.01 * 2.73 - 8.95 * x = | 2:pack 4.01:pack *:pack 2.73:pack -:pack 8.95:pack *:pack x:pack =:pack
EXPR: 0 | POS | FRA | 2 | 18.42 | 9.67 | ((2+(2.73+8.95))-4.01)=x | 2 2.73 8.95 + + 4.01 - x = | 2:pack 2.73:pack 8.95:pack +:pack +:pack 4.01:pack -:pack x:pack =:pack
EXPR: 0 | POS | FRA | 2 | 18.42 | 6.59189526184539 | ((2+(2.73*8.95))/4.01)=x | 2 2.73 8.95 * + 4.01 / x = | 2:pack 2.73:pack 8.95:pack *:pack +:pack 4.01:pack /:pack x:pack =:pack
EXPR: 0 | POS | FRA | 2 | 18.42 | 2.49807980049875 | x=((2+2.73)-(8.95/4.01)) | x 2 2.73 + 8.95 4.01 / - = | x:pack 2:pack 2.73:pack +:pack 8.95:pack 4.01:pack /:pack -:pack =:pack
EXPR: 0 | POS | FRA | 2 | 18.42 | 0.0593447520821823 | ((2-(4.01/2.73))/8.95)=x | 2 4.01 2.73 / - 8.95 / x = | 2:pack 4.01:pack 2.73:pack /:pack -:pack 8.95:pack /:pack x:pack =:pack
EXPR: 0 | POS | FRA | 2 | 18.42 | 0.422686301007258 | ((2-(2.73/8.95))/4.01)=x | 2 2.73 8.95 / - 4.01 / x = | 2:pack 2.73:pack 8.95:pack /:pack -:pack 4.01:pack /:pack x:pack =:pack
EXPR: 0 | POS | FRA | 2 | 18.42 | 0.95748987854251 | x=((2+2.73)/(8.95-4.01)) | x 2 2.73 + 8.95 4.01 - / = | x:pack 2:pack 2.73:pack +:pack 8.95:pack 4.01:pack -:pack /:pack =:pack
EXPR: 0 | POS | FRA | 2 | 18.42 | 2.4139650872818 | 2=((2.73-(4.01*x))+8.95) | 2 2.73 4.01 x * - 8.95 + = | 2:pack 2.73:pack 4.01:pack x:pack *:pack -:pack 8.95:pack +:pack =:pack
EXPR: 0 | POS | FRA | 2 | 18.42 | 15.34 | x=(2*((2.73+8.95)-4.01)) | x 2 2.73 8.95 + 4.01 - * = | x:pack 2:pack 2.73:pack 8.95:pack +:pack 4.01:pack -:pack *:pack =:pack
EXPR: 0 | POS | FRA | 2 | 18.42 | 10.0512106145251 | 2=((2.73-(x/4.01))*8.95) | 2 2.73 x 4.01 / - 8.95 * = | 2:pack 2.73:pack x:pack 4.01:pack /:pack -:pack 8.95:pack *:pack =:pack
EXPR: 0 | POS | FRA | 2 | 18.42 | 0.260756192959583 | x=(2/((2.73+8.95)-4.01)) | x 2 2.73 8.95 + 4.01 - / = | x:pack 2:pack 2.73:pack 8.95:pack +:pack 4.01:pack -:pack /:pack =:pack
EXPR: 0 | POS | FRA | 2 | 18.42 | 0.26 | ((2*(2.73-x))+4.01)=8.95 | 2 2.73 x - * 4.01 + 8.95 = | 2:pack 2.73:pack x:pack -:pack *:pack 4.01:pack +:pack 8.95:pack =:pack
EXPR: 0 | POS | FRA | 2 | 18.42 | 7.4573 | x=(((2+4.01)*2.73)-8.95) | x 2 4.01 + 2.73 * 8.95 - = | x:pack 2:pack 4.01:pack +:pack 2.73:pack *:pack 8.95:pack -:pack =:pack
EXPR: 0 | POS | FRA | 2 | 18.42 | 38.3235 | x=(((2+2.73)*8.95)-4.01) | x 2 2.73 + 8.95 * 4.01 - = | x:pack 2:pack 2.73:pack +:pack 8.95:pack *:pack 4.01:pack -:pack =:pack
EXPR: 0 | POS | FRA | 2 | 18.42 | 31.38 | x=(2*((2.73+8.95)+4.01)) | x 2 2.73 8.95 + 4.01 + * = | x:pack 2:pack 2.73:pack 8.95:pack +:pack 4.01:pack +:pack *:pack =:pack
EXPR: 0 | POS | FRA | 2 | 18.42 | 27.37 | x=((2*(2.73+8.95))+4.01) | x 2 2.73 8.95 + * 4.01 + = | x:pack 2:pack 2.73:pack 8.95:pack +:pack *:pack 4.01:pack +:pack =:pack
EXPR: 0 | POS | FRA | 2 | 18.42 | 2.49807980049875 | ((2+(2.73-x))*4.01)=8.95 | 2 2.73 x - + 4.01 * 8.95 = | 2:pack 2.73:pack x:pack -:pack +:pack 4.01:pack *:pack 8.95:pack =:pack
EXPR: 0 | POS | FRA | 2 | 18.42 | 17.69 | ((2+(2.73+8.95))+4.01)=x | 2 2.73 8.95 + + 4.01 + x = | 2:pack 2.73:pack 8.95:pack +:pack +:pack 4.01:pack +:pack x:pack =:pack
EXPR: 0 | POS | FRA | 2 | 18.42 | 38.8168 | ((2-2.73)+(x/4.01))=8.95 | 2 2.73 - x 4.01 / + 8.95 = | 2:pack 2.73:pack -:pack x:pack 4.01:pack /:pack +:pack 8.95:pack =:pack
EXPR: 0 | POS | FRA | 2 | 18.42 | 13.9949 | ((2*2.73)+(x/4.01))=8.95 | 2 2.73 * x 4.01 / + 8.95 = | 2:pack 2.73:pack *:pack x:pack 4.01:pack /:pack +:pack 8.95:pack =:pack
EXPR: 0 | POS | FRA | 2 | 18.42 | 2.4139650872818 | ((2-2.73)+(x*4.01))=8.95 | 2 2.73 - x 4.01 * + 8.95 = | 2:pack 2.73:pack -:pack x:pack 4.01:pack *:pack +:pack 8.95:pack =:pack
EXPR: 0 | POS | FRA | 2 | 18.42 | 4.01465201465201 | ((2+(2.73*x))-4.01)=8.95 | 2 2.73 x * + 4.01 - 8.95 = | 2:pack 2.73:pack x:pack *:pack +:pack 4.01:pack -:pack 8.95:pack =:pack
EXPR: 0 | POS | FRA | 2 | 18.42 | 9.67 | x=(((2+2.73)+8.95)-4.01) | x 2 2.73 + 8.95 + 4.01 - = | x:pack 2:pack 2.73:pack +:pack 8.95:pack +:pack 4.01:pack -:pack =:pack
EXPR: 0 | POS | FRA | 2 | 18.42 | 22.4235 | ((2+(2.73*8.95))-4.01)=x | 2 2.73 8.95 * + 4.01 - x = | 2:pack 2.73:pack 8.95:pack *:pack +:pack 4.01:pack -:pack x:pack =:pack
EXPR: 0 | POS | FRA | 2 | 18.42 | 4.21 | ((2-(2.73-8.95))-4.01)=x | 2 2.73 8.95 - - 4.01 - x = | 2:pack 2.73:pack 8.95:pack -:pack -:pack 4.01:pack -:pack x:pack =:pack
EXPR: 0 | POS | FRA | 2 | 18.42 | 3.75 | ((2*(2.73+x))-4.01)=8.95 | 2 2.73 x + * 4.01 - 8.95 = | 2:pack 2.73:pack x:pack +:pack *:pack 4.01:pack -:pack 8.95:pack =:pack
EXPR: 0 | POS | FRA | 2 | 18.42 | 0.209999999999999 | ((2+(2.73+x))+4.01)=8.95 | 2 2.73 x + + 4.01 + 8.95 = | 2:pack 2.73:pack x:pack +:pack +:pack 4.01:pack +:pack 8.95:pack =:pack
EXPR: 0 | POS | FRA | 2 | 18.42 | 13.69 | (((2-2.73)+x)-4.01)=8.95 | 2 2.73 - x + 4.01 - 8.95 = | 2:pack 2.73:pack -:pack x:pack +:pack 4.01:pack -:pack 8.95:pack =:pack
EXPR: 0 | POS | FRA | 2 | 18.42 | 5.67 | (((2+x)-2.73)+4.01)=8.95 | 2 x + 2.73 - 4.01 + 8.95 = | 2:pack x:pack +:pack 2.73:pack -:pack 4.01:pack +:pack 8.95:pack =:pack
EXPR: 0 | POS | FRA | 2 | 18.42 | 0.0979264083041594 | x=(2/((2.73*8.95)-4.01)) | x 2 2.73 8.95 * 4.01 - / = | x:pack 2:pack 2.73:pack 8.95:pack *:pack 4.01:pack -:pack /:pack =:pack
EXPR: 0 | POS | FRA | 2 | 18.42 | 70.1968 | ((2+4.01)*(2.73+8.95))=x | 2 4.01 + 2.73 8.95 + * x = | 2:pack 4.01:pack +:pack 2.73:pack 8.95:pack +:pack *:pack x:pack =:pack
EXPR: 0 | POS | FRA | 2 | 18.42 | 3.61719424460432 | (2+(2.73/(4.01-x)))=8.95 | 2 2.73 4.01 x - / + 8.95 = | 2:pack 2.73:pack 4.01:pack x:pack -:pack /:pack +:pack 8.95:pack =:pack
EXPR: 0 | POS | FRA | 2 | 18.42 | 1.46421245421245 | (2+(2.73*(4.01-x)))=8.95 | 2 2.73 4.01 x - * + 8.95 = | 2:pack 2.73:pack 4.01:pack x:pack -:pack *:pack +:pack 8.95:pack =:pack
EXPR: 0 | POS | FRA | 2 | 18.42 | 3.61904761904762 | ((2/2.73)*(8.95-4.01))=x | 2 2.73 / 8.95 4.01 - * x = | 2:pack 2.73:pack /:pack 8.95:pack 4.01:pack -:pack *:pack x:pack =:pack
EXPR: 0 | POS | FRA | 2 | 18.42 | 54.8568 | ((2+(2.73+8.95))*4.01)=x | 2 2.73 8.95 + + 4.01 * x = | 2:pack 2.73:pack 8.95:pack +:pack +:pack 4.01:pack *:pack x:pack =:pack
EXPR: 0 | POS | FRA | 2 | 18.42 | 9.48113553113553 | ((2-(4.01/2.73))+8.95)=x | 2 4.01 2.73 / - 8.95 + x = | 2:pack 4.01:pack 2.73:pack /:pack -:pack 8.95:pack +:pack x:pack =:pack
EXPR: 0 | POS | FRA | 2 | 18.42 | 5.70497206703911 | ((2-(2.73/8.95))+4.01)=x | 2 2.73 8.95 / - 4.01 + x = | 2:pack 2.73:pack 8.95:pack /:pack -:pack 4.01:pack +:pack x:pack =:pack
EXPR: 0 | POS | FRA | 2 | 18.42 | 0.209999999999999 | (((2+x)+2.73)+4.01)=8.95 | 2 x + 2.73 + 4.01 + 8.95 = | 2:pack x:pack +:pack 2.73:pack +:pack 4.01:pack +:pack 8.95:pack =:pack
EXPR: 0 | POS | FRA | 2 | 18.42 | 17.8973 | ((2-(2.73*4.01))+x)=8.95 | 2 2.73 4.01 * - x + 8.95 = | 2:pack 2.73:pack 4.01:pack *:pack -:pack x:pack +:pack 8.95:pack =:pack
EXPR: 0 | POS | FRA | 2 | 18.42 | 7.63079800498753 | ((2-(2.73/4.01))+x)=8.95 | 2 2.73 4.01 / - x + 8.95 = | 2:pack 2.73:pack 4.01:pack /:pack -:pack x:pack +:pack 8.95:pack =:pack
EXPR: 0 | POS | FRA | 2 | 18.42 | 8.23 | ((2+(2.73+x))-4.01)=8.95 | 2 2.73 x + + 4.01 - 8.95 = | 2:pack 2.73:pack x:pack +:pack +:pack 4.01:pack -:pack 8.95:pack =:pack
EXPR: 0 | POS | FRA | 2 | 18.42 | 31.1595 | ((2+(2.73+x))/4.01)=8.95 | 2 2.73 x + + 4.01 / 8.95 = | 2:pack 2.73:pack x:pack +:pack +:pack 4.01:pack /:pack 8.95:pack =:pack
EXPR: 0 | POS | FRA | 2 | 18.42 | 4.40280575539568 | (2-(2.73/(4.01-x)))=8.95 | 2 2.73 4.01 x - / - 8.95 = | 2:pack 2.73:pack 4.01:pack x:pack -:pack /:pack -:pack 8.95:pack =:pack
EXPR: 0 | POS | FRA | 2 | 18.42 | 13.69 | (2-(2.73+(4.01-x)))=8.95 | 2 2.73 4.01 x - + - 8.95 = | 2:pack 2.73:pack 4.01:pack x:pack -:pack +:pack -:pack 8.95:pack =:pack
EXPR: 0 | POS | FRA | 2 | 18.42 | 8.63005586592179 | x=(2*((2.73/8.95)+4.01)) | x 2 2.73 8.95 / 4.01 + * = | x:pack 2:pack 2.73:pack 8.95:pack /:pack 4.01:pack +:pack *:pack =:pack
EXPR: 0 | POS | FRA | 2 | 18.42 | 2.55263157894737 | (2+(2.73/(8.95-4.01)))=x | 2 2.73 8.95 4.01 - / + x = | 2:pack 2.73:pack 8.95:pack 4.01:pack -:pack /:pack +:pack x:pack =:pack
EXPR: 0 | POS | FRA | 2 | 18.42 | 28.8973403990025 | x=(((2/4.01)+2.73)*8.95) | x 2 4.01 / 2.73 + 8.95 * = | x:pack 2:pack 4.01:pack /:pack 2.73:pack +:pack 8.95:pack *:pack =:pack
EXPR: 0 | POS | FRA | 2 | 18.42 | 38.8272289377289 | x=(((2/2.73)+8.95)*4.01) | x 2 2.73 / 8.95 + 4.01 * = | x:pack 2:pack 2.73:pack /:pack 8.95:pack +:pack 4.01:pack *:pack =:pack
EXPR: 0 | POS | FRA | 2 | 18.42 | 0.209999999999999 | (((2+2.73)+x)+4.01)=8.95 | 2 2.73 + x + 4.01 + 8.95 = | 2:pack 2.73:pack +:pack x:pack +:pack 4.01:pack +:pack 8.95:pack =:pack
EXPR: 0 | POS | FRA | 2 | 18.42 | 57.7841 | (((2*2.73)+8.95)*4.01)=x | 2 2.73 * 8.95 + 4.01 * x = | 2:pack 2.73:pack *:pack 8.95:pack +:pack 4.01:pack *:pack x:pack =:pack
EXPR: 0 | POS | FRA | 2 | 18.42 | 0.52 | (((2*2.73)-x)+4.01)=8.95 | 2 2.73 * x - 4.01 + 8.95 = | 2:pack 2.73:pack *:pack x:pack -:pack 4.01:pack +:pack 8.95:pack =:pack
EXPR: 0 | POS | FRA | 2 | 18.42 | 3.835 | (((2*x)-2.73)+4.01)=8.95 | 2 x * 2.73 - 4.01 + 8.95 = | 2:pack x:pack *:pack 2.73:pack -:pack 4.01:pack +:pack 8.95:pack =:pack
EXPR: 0 | POS | FRA | 2 | 18.42 | 3.68845659163987 | ((2/(2.73-8.95))+4.01)=x | 2 2.73 8.95 - / 4.01 + x = | 2:pack 2.73:pack 8.95:pack -:pack /:pack 4.01:pack +:pack x:pack =:pack
EXPR: 0 | POS | FRA | 2 | 18.42 | 0.414256198347107 | ((2-2.73)+(4.01/x))=8.95 | 2 2.73 - 4.01 x / + 8.95 = | 2:pack 2.73:pack -:pack 4.01:pack x:pack /:pack +:pack 8.95:pack =:pack
EXPR: 0 | POS | FRA | 2 | 18.42 | 14.24 | (((2*4.01)-2.73)+8.95)=x | 2 4.01 * 2.73 - 8.95 + x = | 2:pack 4.01:pack *:pack 2.73:pack -:pack 8.95:pack +:pack x:pack =:pack
EXPR: 0 | POS | FRA | 2 | 18.42 | 0.52 | (((2*2.73)-8.95)+4.01)=x | 2 2.73 * 8.95 - 4.01 + x = | 2:pack 2.73:pack *:pack 8.95:pack -:pack 4.01:pack +:pack x:pack =:pack
EXPR: 0 | POS | FRA | 2 | 18.42 | 22.4235 | x=((2+(2.73*8.95))-4.01) | x 2 2.73 8.95 * + 4.01 - = | x:pack 2:pack 2.73:pack 8.95:pack *:pack +:pack 4.01:pack -:pack =:pack
EXPR: 0 | POS | FRA | 2 | 18.42 | 2.96192019950125 | ((2+(x-2.73))*4.01)=8.95 | 2 x 2.73 - + 4.01 * 8.95 = | 2:pack x:pack 2.73:pack -:pack +:pack 4.01:pack *:pack 8.95:pack =:pack
EXPR: 0 | POS | FRA | 2 | 18.42 | 0.0849524540297608 | ((2+(x*2.73))*4.01)=8.95 | 2 x 2.73 * + 4.01 * 8.95 = | 2:pack x:pack 2.73:pack *:pack +:pack 4.01:pack *:pack 8.95:pack =:pack
EXPR: 0 | POS | FRA | 2 | 18.42 | 56.887 | x=(2*((2.73*8.95)+4.01)) | x 2 2.73 8.95 * 4.01 + * = | x:pack 2:pack 2.73:pack 8.95:pack *:pack 4.01:pack +:pack *:pack =:pack
EXPR: 0 | POS | FRA | 2 | 18.42 | 12.23 | ((2+(4.01-2.73))+8.95)=x | 2 4.01 2.73 - + 8.95 + x = | 2:pack 4.01:pack 2.73:pack -:pack +:pack 8.95:pack +:pack x:pack =:pack
EXPR: 0 | POS | FRA | 2 | 18.42 | 0.127469725940089 | x=(2/((2.73+8.95)+4.01)) | x 2 2.73 8.95 + 4.01 + / = | x:pack 2:pack 2.73:pack 8.95:pack +:pack 4.01:pack +:pack /:pack =:pack
EXPR: 0 | POS | FRA | 2 | 18.42 | 7.5 | (((2*2.73)+x)-4.01)=8.95 | 2 2.73 * x + 4.01 - 8.95 = | 2:pack 2.73:pack *:pack x:pack +:pack 4.01:pack -:pack 8.95:pack =:pack
EXPR: 0 | POS | FRA | 2 | 18.42 | 1.8 | (((2*4.01)+2.73)-8.95)=x | 2 4.01 * 2.73 + 8.95 - x = | 2:pack 4.01:pack *:pack 2.73:pack +:pack 8.95:pack -:pack x:pack =:pack
EXPR: 0 | POS | FRA | 2 | 18.42 | 10.4 | (((2*2.73)+8.95)-4.01)=x | 2 2.73 * 8.95 + 4.01 - x = | 2:pack 2.73:pack *:pack 8.95:pack +:pack 4.01:pack -:pack x:pack =:pack
EXPR: 0 | POS | FRA | 2 | 18.42 | 12.23 | (((2+4.01)-2.73)+8.95)=x | 2 4.01 + 2.73 - 8.95 + x = | 2:pack 4.01:pack +:pack 2.73:pack -:pack 8.95:pack +:pack x:pack =:pack
EXPR: 0 | POS | FRA | 2 | 18.42 | 8.23 | ((2+2.73)-(4.01-x))=8.95 | 2 2.73 + 4.01 x - - 8.95 = | 2:pack 2.73:pack +:pack 4.01:pack x:pack -:pack -:pack 8.95:pack =:pack
EXPR: 0 | POS | FRA | 2 | 18.42 | 1.35530546623794 | (2+(4.01/(2.73-8.95)))=x | 2 4.01 2.73 8.95 - / + x = | 2:pack 4.01:pack 2.73:pack 8.95:pack -:pack /:pack +:pack x:pack =:pack
EXPR: 0 | POS | FRA | 2 | 18.42 | 12.23 | (2+(4.01-(2.73-8.95)))=x | 2 4.01 2.73 8.95 - - + x = | 2:pack 4.01:pack 2.73:pack 8.95:pack -:pack -:pack +:pack x:pack =:pack
EXPR: 0 | POS | FRA | 2 | 18.42 | 0.0804469273743017 | ((2-(4.01-2.73))/8.95)=x | 2 4.01 2.73 - - 8.95 / x = | 2:pack 4.01:pack 2.73:pack -:pack -:pack 8.95:pack /:pack x:pack =:pack
EXPR: 0 | POS | FRA | 2 | 18.42 | 2.0498753117207 | ((2-(2.73-8.95))/4.01)=x | 2 2.73 8.95 - - 4.01 / x = | 2:pack 2.73:pack 8.95:pack -:pack -:pack 4.01:pack /:pack x:pack =:pack
EXPR: 0 | POS | FRA | 2 | 18.42 | 6.96192019950125 | ((2+2.73)+(8.95/4.01))=x | 2 2.73 + 8.95 4.01 / + x = | 2:pack 2.73:pack +:pack 8.95:pack 4.01:pack /:pack +:pack x:pack =:pack
EXPR: 0 | POS | FRA | 2 | 18.42 | 0.950236966824645 | ((2+2.73)+(4.01/x))=8.95 | 2 2.73 + 4.01 x / + 8.95 = | 2:pack 2.73:pack +:pack 4.01:pack x:pack /:pack +:pack 8.95:pack =:pack
EXPR: 0 | POS | FRA | 2 | 18.42 | 8.23 | ((2+(2.73-4.01))+x)=8.95 | 2 2.73 4.01 - + x + 8.95 = | 2:pack 2.73:pack 4.01:pack -:pack +:pack x:pack +:pack 8.95:pack =:pack
EXPR: 0 | POS | FRA | 2 | 18.42 | 11.51 | ((2*(4.01-2.73))+8.95)=x | 2 4.01 2.73 - * 8.95 + x = | 2:pack 4.01:pack 2.73:pack -:pack *:pack 8.95:pack +:pack x:pack =:pack
EXPR: 0 | POS | FRA | 2 | 18.42 | 9.67 | x=((2+2.73)+(8.95-4.01)) | x 2 2.73 + 8.95 4.01 - + = | x:pack 2:pack 2.73:pack +:pack 8.95:pack 4.01:pack -:pack +:pack =:pack
EXPR: 0 | POS | FRA | 2 | 18.42 | 11.1514652014652 | (((2+4.01)/2.73)+8.95)=x | 2 4.01 + 2.73 / 8.95 + x = | 2:pack 4.01:pack +:pack 2.73:pack /:pack 8.95:pack +:pack x:pack =:pack
EXPR: 0 | POS | FRA | 2 | 18.42 | 4.53849162011173 | (((2+2.73)/8.95)+4.01)=x | 2 2.73 + 8.95 / 4.01 + x = | 2:pack 2.73:pack +:pack 8.95:pack /:pack 4.01:pack +:pack x:pack =:pack
EXPR: 0 | POS | FRA | 2 | 18.42 | 36.6195 | ((2-(2.73-x))/4.01)=8.95 | 2 2.73 x - - 4.01 / 8.95 = | 2:pack 2.73:pack x:pack -:pack -:pack 4.01:pack /:pack 8.95:pack =:pack
EXPR: 0 | POS | FRA | 2 | 18.42 | 0.387582622219494 | ((2+(4.01/2.73))/8.95)=x | 2 4.01 2.73 / + 8.95 / x = | 2:pack 4.01:pack 2.73:pack /:pack +:pack 8.95:pack /:pack x:pack =:pack
EXPR: 0 | POS | FRA | 2 | 18.42 | 1.10526315789474 | ((2*2.73)/(8.95-4.01))=x | 2 2.73 * 8.95 4.01 - / x = | 2:pack 2.73:pack *:pack 8.95:pack 4.01:pack -:pack /:pack x:pack =:pack
EXPR: 0 | POS | FRA | 2 | 18.42 | 22.4235 | x=(2+((2.73*8.95)-4.01)) | x 2 2.73 8.95 * 4.01 - + = | x:pack 2:pack 2.73:pack 8.95:pack *:pack 4.01:pack -:pack +:pack =:pack
EXPR: 0 | POS | FRA | 2 | 18.42 | 0.366480446927374 | ((2-(2.73-4.01))/x)=8.95 | 2 2.73 4.01 - - x / 8.95 = | 2:pack 2.73:pack 4.01:pack -:pack -:pack x:pack /:pack 8.95:pack =:pack
EXPR: 0 | POS | FRA | 2 | 18.42 | 40.847 | x=(2*((2.73*8.95)-4.01)) | x 2 2.73 8.95 * 4.01 - * = | x:pack 2:pack 2.73:pack 8.95:pack *:pack 4.01:pack -:pack *:pack =:pack
EXPR: 0 | POS | FRA | 2 | 18.42 | 9.67 | ((2-(4.01-2.73))+8.95)=x | 2 4.01 2.73 - - 8.95 + x = | 2:pack 4.01:pack 2.73:pack -:pack -:pack 8.95:pack +:pack x:pack =:pack
EXPR: 0 | POS | FRA | 2 | 18.42 | 12.23 | ((2-(2.73-8.95))+4.01)=x | 2 2.73 8.95 - - 4.01 + x = | 2:pack 2.73:pack 8.95:pack -:pack -:pack 4.01:pack +:pack x:pack =:pack
EXPR: 0 | POS | FRA | 2 | 18.42 | 0.366480446927374 | x=(((2+4.01)-2.73)/8.95) | x 2 4.01 + 2.73 - 8.95 / = | x:pack 2:pack 4.01:pack +:pack 2.73:pack -:pack 8.95:pack /:pack =:pack
EXPR: 0 | POS | FRA | 2 | 18.42 | 4.21 | 2=((2.73+(4.01-8.95))+x) | 2 2.73 4.01 8.95 - + x + = | 2:pack 2.73:pack 4.01:pack 8.95:pack -:pack +:pack x:pack +:pack =:pack
EXPR: 0 | POS | FRA | 2 | 18.42 | 9.67 | x=((2+(2.73+8.95))-4.01) | x 2 2.73 8.95 + + 4.01 - = | x:pack 2:pack 2.73:pack 8.95:pack +:pack +:pack 4.01:pack -:pack =:pack
EXPR: 0 | POS | FRA | 2 | 18.42 | 0.209999999999999 | ((2+(2.73+4.01))+x)=8.95 | 2 2.73 4.01 + + x + 8.95 = | 2:pack 2.73:pack 4.01:pack +:pack +:pack x:pack +:pack 8.95:pack =:pack
EXPR: 0 | POS | FRA | 2 | 18.42 | 1.49931946690051 | (((2/2.73)+x)*4.01)=8.95 | 2 2.73 / x + 4.01 * 8.95 = | 2:pack 2.73:pack /:pack x:pack +:pack 4.01:pack *:pack 8.95:pack =:pack
EXPR: 0 | POS | FRA | 2 | 18.42 | 5.67260073260073 | x=(((2/2.73)+8.95)-4.01) | x 2 2.73 / 8.95 + 4.01 - = | x:pack 2:pack 2.73:pack /:pack 8.95:pack +:pack 4.01:pack -:pack =:pack
EXPR: 0 | POS | FRA | 2 | 18.42 | 5.67260073260073 | (((2/2.73)+8.95)-4.01)=x | 2 2.73 / 8.95 + 4.01 - x = | 2:pack 2.73:pack /:pack 8.95:pack +:pack 4.01:pack -:pack x:pack =:pack
EXPR: 0 | POS | FRA | 2 | 18.42 | 19.35 | x=((2*(2.73+8.95))-4.01) | x 2 2.73 8.95 + * 4.01 - = | x:pack 2:pack 2.73:pack 8.95:pack +:pack *:pack 4.01:pack -:pack =:pack
EXPR: 0 | POS | FRA | 3 | 18.42 | 105.998335 | x=((2+(2.73*8.95))*4.01) | x 2 2.73 8.95 * + 4.01 * = | x:pack 2:pack 2.73:pack 8.95:pack *:pack +:pack 4.01:pack *:pack =:pack
EXPR: 0 | POS | FRA | 3 | 18.42 | 96.2125 | (((2*4.01)+2.73)*8.95)=x | 2 4.01 * 2.73 + 8.95 * x = | 2:pack 4.01:pack *:pack 2.73:pack +:pack 8.95:pack *:pack x:pack =:pack
EXPR: 0 | POS | FRA | 4 | 18.42 | 0.591061452513966 | (((2*4.01)-2.73)/x)=8.95 | 2 4.01 * 2.73 - x / 8.95 = | 2:pack 4.01:pack *:pack 2.73:pack -:pack x:pack /:pack 8.95:pack =:pack
EXPR: 0 | POS | FRA | 4 | 18.42 | 1.17804469273743 | 2.73=((2+x)-(4.01/8.95)) | 2.73 2 x + 4.01 8.95 / - = | 2.73:pack 2:pack x:pack +:pack 4.01:pack 8.95:pack /:pack -:pack =:pack
EXPR: 0 | POS | FRA | 4 | 18.42 | 8.21556776556777 | ((2*2.73)*(8.95-x))=4.01 | 2 2.73 * 8.95 x - * 4.01 = | 2:pack 2.73:pack *:pack 8.95:pack x:pack -:pack *:pack 4.01:pack =:pack
EXPR: 0 | POS | FRA | 4 | 18.42 | 3.45684931506849 | ((2-2.73)*(x-8.95))=4.01 | 2 2.73 - x 8.95 - * 4.01 = | 2:pack 2.73:pack -:pack x:pack 8.95:pack -:pack *:pack 4.01:pack =:pack
EXPR: 0 | POS | FRA | 4 | 18.42 | 70.1967999999999 | 2.73=((x/(2+4.01))-8.95) | 2.73 x 2 4.01 + / 8.95 - = | 2.73:pack x:pack 2:pack 4.01:pack +:pack /:pack 8.95:pack -:pack =:pack
EXPR: 0 | POS | FRA | 4 | 18.42 | 17.69 | 2.73=((x-(2+4.01))-8.95) | 2.73 x 2 4.01 + - 8.95 - = | 2.73:pack x:pack 2:pack 4.01:pack +:pack -:pack 8.95:pack -:pack =:pack
EXPR: 0 | POS | FRA | 4 | 18.42 | 12.5022 | 2.73=((x/(2-4.01))+8.95) | 2.73 x 2 4.01 - / 8.95 + = | 2.73:pack x:pack 2:pack 4.01:pack -:pack /:pack 8.95:pack +:pack =:pack
EXPR: 0 | POS | FRA | 4 | 18.42 | 0.0805559244013633 | ((2+(2.73/x))/8.95)=4.01 | 2 2.73 x / + 8.95 / 4.01 = | 2:pack 2.73:pack x:pack /:pack +:pack 8.95:pack /:pack 4.01:pack =:pack
EXPR: 0 | POS | FRA | 4 | 18.42 | 4.09156424581006 | 2=(2.73-(8.95*(x-4.01))) | 2 2.73 8.95 x 4.01 - * - = | 2:pack 2.73:pack 8.95:pack x:pack 4.01:pack -:pack *:pack -:pack =:pack
EXPR: 0 | POS | FRA | 4 | 18.42 | 5.2 | ((2*(2.73-x))+8.95)=4.01 | 2 2.73 x - * 8.95 + 4.01 = | 2:pack 2.73:pack x:pack -:pack *:pack 8.95:pack +:pack 4.01:pack =:pack
EXPR: 0 | POS | FRA | 4 | 18.42 | 3.13485829959514 | ((2/(2.73-x))+8.95)=4.01 | 2 2.73 x - / 8.95 + 4.01 = | 2:pack 2.73:pack x:pack -:pack /:pack 8.95:pack +:pack 4.01:pack =:pack
EXPR: 0 | POS | FRA | 4 | 18.42 | 1.94342762063228 | 2.73=((x*(2+4.01))-8.95) | 2.73 x 2 4.01 + * 8.95 - = | 2.73:pack x:pack 2:pack 4.01:pack +:pack *:pack 8.95:pack -:pack =:pack
EXPR: 0 | POS | FRA | 4 | 18.42 | 19.9696596009975 | 2=((2.73-(x/8.95))*4.01) | 2 2.73 x 8.95 / - 4.01 * = | 2:pack 2.73:pack x:pack 8.95:pack /:pack -:pack 4.01:pack *:pack =:pack
EXPR: 0 | POS | FRA | 4 | 18.42 | 35.1595 | ((x+(2.73-2))/4.01)=8.95 | x 2.73 2 - + 4.01 / 8.95 = | x:pack 2.73:pack 2:pack -:pack +:pack 4.01:pack /:pack 8.95:pack =:pack
EXPR: 0 | POS | FRA | 4 | 18.42 | 3.6062 | 2=(2.73-(x/(8.95-4.01))) | 2 2.73 x 8.95 4.01 - / - = | 2:pack 2.73:pack x:pack 8.95:pack 4.01:pack -:pack /:pack -:pack =:pack
EXPR: 0 | POS | FRA | 4 | 18.42 | 41.36315 | 2.73=(2*((x/4.01)-8.95)) | 2.73 2 x 4.01 / 8.95 - * = | 2.73:pack 2:pack x:pack 4.01:pack /:pack 8.95:pack -:pack *:pack =:pack
EXPR: 0 | POS | FRA | 4 | 18.42 | 0.529608938547486 | ((2-2.73)+(x*8.95))=4.01 | 2 2.73 - x 8.95 * + 4.01 = | 2:pack 2.73:pack -:pack x:pack 8.95:pack *:pack +:pack 4.01:pack =:pack
EXPR: 0 | POS | FRA | 4 | 18.42 | 2.4139650872818 | ((2+(4.01*x))-2.73)=8.95 | 2 4.01 x * + 2.73 - 8.95 = | 2:pack 4.01:pack x:pack *:pack +:pack 2.73:pack -:pack 8.95:pack =:pack
EXPR: 0 | POS | FRA | 4 | 18.42 | 1.83 | ((2*(4.01+x))-2.73)=8.95 | 2 4.01 x + * 2.73 - 8.95 = | 2:pack 4.01:pack x:pack +:pack *:pack 2.73:pack -:pack 8.95:pack =:pack
EXPR: 0 | POS | FRA | 4 | 18.42 | 0.209999999999999 | ((2+(4.01+x))+2.73)=8.95 | 2 4.01 x + + 2.73 + 8.95 = | 2:pack 4.01:pack x:pack +:pack +:pack 2.73:pack +:pack 8.95:pack =:pack
EXPR: 0 | POS | FRA | 4 | 18.42 | 5.67 | ((2+(4.01+x))-2.73)=8.95 | 2 4.01 x + + 2.73 - 8.95 = | 2:pack 4.01:pack x:pack +:pack +:pack 2.73:pack -:pack 8.95:pack =:pack
EXPR: 0 | POS | FRA | 4 | 18.42 | 0.318800069423511 | ((2+(x*4.01))*2.73)=8.95 | 2 x 4.01 * + 2.73 * 8.95 = | 2:pack x:pack 4.01:pack *:pack +:pack 2.73:pack *:pack 8.95:pack =:pack
EXPR: 0 | POS | FRA | 4 | 18.42 | 5.67 | ((2+(4.01-2.73))+x)=8.95 | 2 4.01 2.73 - + x + 8.95 = | 2:pack 4.01:pack 2.73:pack -:pack +:pack x:pack +:pack 8.95:pack =:pack
EXPR: 0 | POS | FRA | 4 | 18.42 | 26.4435 | ((2-(4.01-x))/2.73)=8.95 | 2 4.01 x - - 2.73 / 8.95 = | 2:pack 4.01:pack x:pack -:pack -:pack 2.73:pack /:pack 8.95:pack =:pack
EXPR: 0 | POS | FRA | 4 | 18.42 | 0.0804469273743017 | ((2-(4.01-2.73))/x)=8.95 | 2 4.01 2.73 - - x / 8.95 = | 2:pack 4.01:pack 2.73:pack -:pack -:pack x:pack /:pack 8.95:pack =:pack
EXPR: 0 | POS | FRA | 5 | 18.42 | 12.23 | (((2+4.01)+8.95)-2.73)=x | 2 4.01 + 8.95 + 2.73 - x = | 2:pack 4.01:pack +:pack 8.95:pack +:pack 2.73:pack -:pack x:pack =:pack
EXPR: 0 | POS | FRA | 5 | 18.42 | 2.54212454212454 | (((2-4.01)+8.95)/2.73)=x | 2 4.01 - 8.95 + 2.73 / x = | 2:pack 4.01:pack -:pack 8.95:pack +:pack 2.73:pack /:pack x:pack =:pack
EXPR: 0 | POS | FRA | 5 | 18.42 | 18.9462 | (((2-4.01)+8.95)*2.73)=x | 2 4.01 - 8.95 + 2.73 * x = | 2:pack 4.01:pack -:pack 8.95:pack +:pack 2.73:pack *:pack x:pack =:pack
EXPR: 0 | POS | FRA | 5 | 18.42 | 40.8408 | (((2+4.01)+8.95)*2.73)=x | 2 4.01 + 8.95 + 2.73 * x = | 2:pack 4.01:pack +:pack 8.95:pack +:pack 2.73:pack *:pack x:pack =:pack
EXPR: 0 | POS | FRA | 5 | 18.42 | 51.0595 | (((2+4.01)*8.95)-2.73)=x | 2 4.01 + 8.95 * 2.73 - x = | 2:pack 4.01:pack +:pack 8.95:pack *:pack 2.73:pack -:pack x:pack =:pack
EXPR: 0 | POS | FRA | 5 | 18.42 | 4.21 | (((2-4.01)+8.95)-2.73)=x | 2 4.01 - 8.95 + 2.73 - x = | 2:pack 4.01:pack -:pack 8.95:pack +:pack 2.73:pack -:pack x:pack =:pack
EXPR: 0 | POS | FRA | 5 | 18.42 | 3.46108172791465 | (((2/4.01)+8.95)/2.73)=x | 2 4.01 / 8.95 + 2.73 / x = | 2:pack 4.01:pack /:pack 8.95:pack +:pack 2.73:pack /:pack x:pack =:pack
EXPR: 0 | POS | FRA | 5 | 18.42 | 5.47985347985348 | (((2+4.01)+8.95)/2.73)=x | 2 4.01 + 8.95 + 2.73 / x = | 2:pack 4.01:pack +:pack 8.95:pack +:pack 2.73:pack /:pack x:pack =:pack
EXPR: 0 | POS | FRA | 5 | 18.42 | 0.896719667669388 | ((2+(4.01/8.95))/2.73)=x | 2 4.01 8.95 / + 2.73 / x = | 2:pack 4.01:pack 8.95:pack /:pack +:pack 2.73:pack /:pack x:pack =:pack
EXPR: 0 | POS | FRA | 5 | 18.42 | 2.0498753117207 | ((2+(8.95-2.73))/4.01)=x | 2 8.95 2.73 - + 4.01 / x = | 2:pack 8.95:pack 2.73:pack -:pack +:pack 4.01:pack /:pack x:pack =:pack
EXPR: 0 | POS | FRA | 5 | 18.42 | 12.23 | ((2+(4.01+8.95))-2.73)=x | 2 4.01 8.95 + + 2.73 - x = | 2:pack 4.01:pack 8.95:pack +:pack +:pack 2.73:pack -:pack x:pack =:pack
EXPR: 0 | POS | FRA | 5 | 18.42 | 13.8789377289377 | ((2+(4.01*8.95))/2.73)=x | 2 4.01 8.95 * + 2.73 / x = | 2:pack 4.01:pack 8.95:pack *:pack +:pack 2.73:pack /:pack x:pack =:pack
EXPR: 0 | POS | FRA | 5 | 18.42 | 2.73161172161172 | x=((2+4.01)-(8.95/2.73)) | x 2 4.01 + 8.95 2.73 / - = | x:pack 2:pack 4.01:pack +:pack 8.95:pack 2.73:pack /:pack -:pack =:pack
EXPR: 0 | POS | FRA | 5 | 18.42 | 0.568481797532077 | ((2-(4.01/8.95))/2.73)=x | 2 4.01 8.95 / - 2.73 / x = | 2:pack 4.01:pack 8.95:pack /:pack -:pack 2.73:pack /:pack x:pack =:pack
EXPR: 0 | POS | FRA | 5 | 18.42 | 20.46 | x=(2*((4.01+8.95)-2.73)) | x 2 4.01 8.95 + 2.73 - * = | x:pack 2:pack 4.01:pack 8.95:pack +:pack 2.73:pack -:pack *:pack =:pack
EXPR: 0 | POS | FRA | 5 | 18.42 | 0.195503421309873 | x=(2/((4.01+8.95)-2.73)) | x 2 4.01 8.95 + 2.73 - / = | x:pack 2:pack 4.01:pack 8.95:pack +:pack 2.73:pack -:pack /:pack =:pack
EXPR: 0 | POS | FRA | 5 | 18.42 | 51.0595 | x=(((2+4.01)*8.95)-2.73) | x 2 4.01 + 8.95 * 2.73 - = | x:pack 2:pack 4.01:pack +:pack 8.95:pack *:pack 2.73:pack -:pack =:pack
EXPR: 0 | POS | FRA | 5 | 18.42 | 0.00270000000000081 | x=((2+8.95)-(2.73*4.01)) | x 2 8.95 + 2.73 4.01 * - = | x:pack 2:pack 8.95:pack +:pack 2.73:pack 4.01:pack *:pack -:pack =:pack
EXPR: 0 | POS | FRA | 5 | 18.42 | 28.65 | x=((2*(4.01+8.95))+2.73) | x 2 4.01 8.95 + * 2.73 + = | x:pack 2:pack 4.01:pack 8.95:pack +:pack *:pack 2.73:pack +:pack =:pack
EXPR: 0 | POS | FRA | 5 | 18.42 | 31.38 | x=(2*((4.01+8.95)+2.73)) | x 2 4.01 8.95 + 2.73 + * = | x:pack 2:pack 4.01:pack 8.95:pack +:pack 2.73:pack +:pack *:pack =:pack
EXPR: 0 | POS | FRA | 5 | 18.42 | 17.69 | ((2+(4.01+8.95))+2.73)=x | 2 4.01 8.95 + + 2.73 + x = | 2:pack 4.01:pack 8.95:pack +:pack +:pack 2.73:pack +:pack x:pack =:pack
EXPR: 0 | POS | FRA | 5 | 18.42 | 9.67 | x=(((2+8.95)+2.73)-4.01) | x 2 8.95 + 2.73 + 4.01 - = | x:pack 2:pack 8.95:pack +:pack 2.73:pack +:pack 4.01:pack -:pack =:pack
EXPR: 0 | POS | FRA | 5 | 18.42 | 42.423 | ((2.73+(4.01-2))*8.95)=x | 2.73 4.01 2 - + 8.95 * x = | 2.73:pack 4.01:pack 2:pack -:pack +:pack 8.95:pack *:pack x:pack =:pack
EXPR: 0 | POS | FRA | 5 | 18.42 | 6.48875 | ((2.73-(4.01/2))*8.95)=x | 2.73 4.01 2 / - 8.95 * x = | 2.73:pack 4.01:pack 2:pack /:pack -:pack 8.95:pack *:pack x:pack =:pack
EXPR: 0 | POS | FRA | 5 | 18.42 | 35.1595 | ((2+(4.01*8.95))-2.73)=x | 2 4.01 8.95 * + 2.73 - x = | 2:pack 4.01:pack 8.95:pack *:pack +:pack 2.73:pack -:pack x:pack =:pack
EXPR: 0 | POS | FRA | 5 | 18.42 | 4.21 | ((2-(4.01-8.95))-2.73)=x | 2 4.01 8.95 - - 2.73 - x = | 2:pack 4.01:pack 8.95:pack -:pack -:pack 2.73:pack -:pack x:pack =:pack
EXPR: 0 | POS | FRA | 5 | 18.42 | 23.19 | ((2*(4.01+8.95))-2.73)=x | 2 4.01 8.95 + * 2.73 - x = | 2:pack 4.01:pack 8.95:pack +:pack *:pack 2.73:pack -:pack x:pack =:pack
EXPR: 0 | POS | FRA | 5 | 18.42 | 0.0603145403278095 | x=(2/((4.01*8.95)-2.73)) | x 2 4.01 8.95 * 2.73 - / = | x:pack 2:pack 4.01:pack 8.95:pack *:pack 2.73:pack -:pack /:pack =:pack
EXPR: 0 | POS | FRA | 5 | 18.42 | 4.28195530726257 | ((2-(4.01/8.95))+2.73)=x | 2 4.01 8.95 / - 2.73 + x = | 2:pack 4.01:pack 8.95:pack /:pack -:pack 2.73:pack +:pack x:pack =:pack
EXPR: 0 | POS | FRA | 5 | 18.42 | 0.127469725940089 | x=(2/((4.01+8.95)+2.73)) | x 2 4.01 8.95 + 2.73 + / = | x:pack 2:pack 4.01:pack 8.95:pack +:pack 2.73:pack +:pack /:pack =:pack
EXPR: 0 | POS | FRA | 5 | 18.42 | 6.35608938547486 | x=(2*((4.01/8.95)+2.73)) | x 2 4.01 8.95 / 2.73 + * = | x:pack 2:pack 4.01:pack 8.95:pack /:pack 2.73:pack +:pack *:pack =:pack
EXPR: 0 | POS | FRA | 5 | 18.42 | 25.7950960099751 | x=(((2/4.01)+8.95)*2.73) | x 2 4.01 / 8.95 + 2.73 * = | x:pack 2:pack 4.01:pack /:pack 8.95:pack +:pack 2.73:pack *:pack =:pack
EXPR: 0 | POS | FRA | 5 | 18.42 | 2.32514170040486 | ((2/(4.01-8.95))+2.73)=x | 2 4.01 8.95 - / 2.73 + x = | 2:pack 4.01:pack 8.95:pack -:pack /:pack 2.73:pack +:pack x:pack =:pack
EXPR: 0 | POS | FRA | 5 | 18.42 | 1.8 | (((2*4.01)-8.95)+2.73)=x | 2 4.01 * 8.95 - 2.73 + x = | 2:pack 4.01:pack *:pack 8.95:pack -:pack 2.73:pack +:pack x:pack =:pack
EXPR: 0 | POS | FRA | 5 | 18.42 | 0.19047619047619 | x=(2+((4.01-8.95)/2.73)) | x 2 4.01 8.95 - 2.73 / + = | x:pack 2:pack 4.01:pack 8.95:pack -:pack 2.73:pack /:pack +:pack =:pack
EXPR: 0 | POS | FRA | 5 | 18.42 | 14.24 | (((2*4.01)+8.95)-2.73)=x | 2 4.01 * 8.95 + 2.73 - x = | 2:pack 4.01:pack *:pack 8.95:pack +:pack 2.73:pack -:pack x:pack =:pack
EXPR: 0 | POS | FRA | 5 | 18.42 | 2.54212454212454 | ((2-(4.01-8.95))/2.73)=x | 2 4.01 8.95 - - 2.73 / x = | 2:pack 4.01:pack 8.95:pack -:pack -:pack 2.73:pack /:pack x:pack =:pack
EXPR: 0 | POS | FRA | 5 | 18.42 | 12.23 | x=(((2+4.01)+8.95)-2.73) | x 2 4.01 + 8.95 + 2.73 - = | x:pack 2:pack 4.01:pack +:pack 8.95:pack +:pack 2.73:pack -:pack =:pack
EXPR: 0 | POS | FRA | 5 | 18.42 | 3.40150837988827 | (((2+4.01)/8.95)+2.73)=x | 2 4.01 + 8.95 / 2.73 + x = | 2:pack 4.01:pack +:pack 8.95:pack /:pack 2.73:pack +:pack x:pack =:pack
EXPR: 0 | POS | FRA | 5 | 18.42 | 35.1595 | x=((2+(4.01*8.95))-2.73) | x 2 4.01 8.95 * + 2.73 - = | x:pack 2:pack 4.01:pack 8.95:pack *:pack +:pack 2.73:pack -:pack =:pack
EXPR: 0 | POS | FRA | 5 | 18.42 | 6.71875311720698 | (((2/4.01)+8.95)-2.73)=x | 2 4.01 / 8.95 + 2.73 - x = | 2:pack 4.01:pack /:pack 8.95:pack +:pack 2.73:pack -:pack x:pack =:pack
EXPR: 0 | POS | FRA | 5 | 18.42 | 9.67 | ((2-(4.01-8.95))+2.73)=x | 2 4.01 8.95 - - 2.73 + x = | 2:pack 4.01:pack 8.95:pack -:pack -:pack 2.73:pack +:pack x:pack =:pack
EXPR: 0 | POS | FRA | 5 | 18.42 | 2.0498753117207 | x=(((2+8.95)-2.73)/4.01) | x 2 8.95 + 2.73 - 4.01 / = | x:pack 2:pack 8.95:pack +:pack 2.73:pack -:pack 4.01:pack /:pack =:pack
EXPR: 0 | POS | FRA | 5 | 18.42 | 46.3281 | (((2*4.01)+8.95)*2.73)=x | 2 4.01 * 8.95 + 2.73 * x = | 2:pack 4.01:pack *:pack 8.95:pack +:pack 2.73:pack *:pack x:pack =:pack
EXPR: 0 | POS | FRA | 5 | 18.42 | 0.999698324022346 | x=(((2.73*4.01)-2)/8.95) | x 2.73 4.01 * 2 - 8.95 / = | x:pack 2.73:pack 4.01:pack *:pack 2:pack -:pack 8.95:pack /:pack =:pack
EXPR: 0 | POS | FRA | 5 | 18.42 | 23.19 | x=((2*(4.01+8.95))-2.73) | x 2 4.01 8.95 + * 2.73 - = | x:pack 2:pack 4.01:pack 8.95:pack +:pack *:pack 2.73:pack -:pack =:pack
EXPR: 0 | POS | FRA | 6 | 18.42 | 73.803 | 2.73=((x/(2+8.95))-4.01) | 2.73 x 2 8.95 + / 4.01 - = | 2.73:pack x:pack 2:pack 8.95:pack +:pack /:pack 4.01:pack -:pack =:pack
EXPR: 0 | POS | FRA | 6 | 18.42 | 17.69 | 2.73=((x-(2+8.95))-4.01) | 2.73 x 2 8.95 + - 4.01 - = | 2.73:pack x:pack 2:pack 8.95:pack +:pack -:pack 4.01:pack -:pack =:pack
EXPR: 0 | POS | FRA | 6 | 18.42 | 0.615525114155251 | 2.73=((x*(2+8.95))-4.01) | 2.73 x 2 8.95 + * 4.01 - = | 2.73:pack x:pack 2:pack 8.95:pack +:pack *:pack 4.01:pack -:pack =:pack
EXPR: 0 | POS | FRA | 6 | 18.42 | 103.438335 | x=((2+(4.01*8.95))*2.73) | x 2 4.01 8.95 * + 2.73 * = | x:pack 2:pack 4.01:pack 8.95:pack *:pack +:pack 2.73:pack *:pack =:pack
EXPR: 0 | POS | FRA | 7 | 18.42 | 3.78304239401496 | (((2*8.95)-2.73)/x)=4.01 | 2 8.95 * 2.73 - x / 4.01 = | 2:pack 8.95:pack *:pack 2.73:pack -:pack x:pack /:pack 4.01:pack =:pack
EXPR: 0 | POS | FRA | 7 | 18.42 | 2.0498753117207 | ((2-(4.01*x))+8.95)=2.73 | 2 4.01 x * - 8.95 + 2.73 = | 2:pack 4.01:pack x:pack *:pack -:pack 8.95:pack +:pack 2.73:pack =:pack
EXPR: 0 | POS | FRA | 7 | 18.42 | 0.487834549878346 | ((2-(4.01/x))+8.95)=2.73 | 2 4.01 x / - 8.95 + 2.73 = | 2:pack 4.01:pack x:pack /:pack -:pack 8.95:pack +:pack 2.73:pack =:pack
EXPR: 0 | POS | FRA | 7 | 18.42 | 0.365805860805861 | ((4.01-(x*2))*2.73)=8.95 | 4.01 x 2 * - 2.73 * 8.95 = | 4.01:pack x:pack 2:pack *:pack -:pack 2.73:pack *:pack 8.95:pack =:pack
EXPR: 0 | POS | FRA | 7 | 18.42 | 2.95458100558659 | 2=(4.01-(8.95*(x-2.73))) | 2 4.01 8.95 x 2.73 - * - = | 2:pack 4.01:pack 8.95:pack x:pack 2.73:pack -:pack *:pack -:pack =:pack
EXPR: 0 | POS | FRA | 7 | 18.42 | 2.95458100558659 | 2.73=(x-((4.01-2)/8.95)) | 2.73 x 4.01 2 - 8.95 / - = | 2.73:pack x:pack 4.01:pack 2:pack -:pack 8.95:pack /:pack -:pack =:pack
EXPR: 0 | POS | FRA | 7 | 18.42 | 26.4385 | 2.73=((x-(4.01/2))/8.95) | 2.73 x 4.01 2 / - 8.95 / = | 2.73:pack x:pack 4.01:pack 2:pack /:pack -:pack 8.95:pack /:pack =:pack
EXPR: 0 | POS | FRA | 7 | 18.42 | 22.4235 | ((x+(4.01-2))/2.73)=8.95 | x 4.01 2 - + 2.73 / 8.95 = | x:pack 4.01:pack 2:pack -:pack +:pack 2.73:pack /:pack 8.95:pack =:pack
EXPR: 0 | POS | FRA | 7 | 18.42 | 61.3008 | 4.01=((x/(2+2.73))-8.95) | 4.01 x 2 2.73 + / 8.95 - = | 4.01:pack x:pack 2:pack 2.73:pack +:pack /:pack 8.95:pack -:pack =:pack
EXPR: 0 | POS | FRA | 7 | 18.42 | 3.6062 | 4.01=((x/(2-2.73))+8.95) | 4.01 x 2 2.73 - / 8.95 + = | 4.01:pack x:pack 2:pack 2.73:pack -:pack /:pack 8.95:pack +:pack =:pack
EXPR: 0 | POS | FRA | 7 | 18.42 | 62.323 | 2=(x-(8.95*(2.73+4.01))) | 2 x 8.95 2.73 4.01 + * - = | 2:pack x:pack 8.95:pack 2.73:pack 4.01:pack +:pack *:pack -:pack =:pack
EXPR: 0 | POS | FRA | 7 | 18.42 | 0.435162094763092 | ((2.73+(4.01*x))*2)=8.95 | 2.73 4.01 x * + 2 * 8.95 = | 2.73:pack 4.01:pack x:pack *:pack +:pack 2:pack *:pack 8.95:pack =:pack
EXPR: 0 | POS | FRA | 7 | 18.42 | 42.423 | ((4.01+(2.73-2))*8.95)=x | 4.01 2.73 2 - + 8.95 * x = | 4.01:pack 2.73:pack 2:pack -:pack +:pack 8.95:pack *:pack x:pack =:pack
EXPR: 0 | POS | FRA | 7 | 18.42 | 23.67275 | ((4.01-(2.73/2))*8.95)=x | 4.01 2.73 2 / - 8.95 * x = | 4.01:pack 2.73:pack 2:pack /:pack -:pack 8.95:pack *:pack x:pack =:pack
EXPR: 0 | POS | FRA | 7 | 18.42 | 2.0498753117207 | ((2.73+(4.01*x))-2)=8.95 | 2.73 4.01 x * + 2 - 8.95 = | 2.73:pack 4.01:pack x:pack *:pack +:pack 2:pack -:pack 8.95:pack =:pack
EXPR: 0 | POS | FRA | 7 | 18.42 | 0.000989010989011286 | ((2.73*(4.01+x))-2)=8.95 | 2.73 4.01 x + * 2 - 8.95 = | 2.73:pack 4.01:pack x:pack +:pack *:pack 2:pack -:pack 8.95:pack =:pack
EXPR: 0 | POS | FRA | 7 | 18.42 | 0.286033519553073 | ((2/8.95)*(4.01-2.73))=x | 2 8.95 / 4.01 2.73 - * x = | 2:pack 8.95:pack /:pack 4.01:pack 2.73:pack -:pack *:pack x:pack =:pack
EXPR: 0 | POS | FRA | 7 | 18.42 | 4.21 | ((2.73+(4.01+x))-2)=8.95 | 2.73 4.01 x + + 2 - 8.95 = | 2.73:pack 4.01:pack x:pack +:pack +:pack 2:pack -:pack 8.95:pack =:pack
EXPR: 0 | POS | FRA | 7 | 18.42 | 19.18 | ((2.73-(4.01-x))/2)=8.95 | 2.73 4.01 x - - 2 / 8.95 = | 2.73:pack 4.01:pack x:pack -:pack -:pack 2:pack /:pack 8.95:pack =:pack
EXPR: 0 | POS | FRA | 9 | 18.42 | 13.69 | ((2.73+(4.01+8.95))-2)=x | 2.73 4.01 8.95 + + 2 - x = | 2.73:pack 4.01:pack 8.95:pack +:pack +:pack 2:pack -:pack x:pack =:pack
EXPR: 0 | POS | FRA | 9 | 18.42 | 19.30975 | ((2.73+(4.01*8.95))/2)=x | 2.73 4.01 8.95 * + 2 / x = | 2.73:pack 4.01:pack 8.95:pack *:pack +:pack 2:pack /:pack x:pack =:pack
EXPR: 0 | POS | FRA | 9 | 18.42 | 1.14097765363129 | ((2.73-(4.01/8.95))/2)=x | 2.73 4.01 8.95 / - 2 / x = | 2.73:pack 4.01:pack 8.95:pack /:pack -:pack 2:pack /:pack x:pack =:pack
EXPR: 0 | POS | FRA | 9 | 18.42 | 1.58902234636871 | ((2.73+(4.01/8.95))/2)=x | 2.73 4.01 8.95 / + 2 / x = | 2.73:pack 4.01:pack 8.95:pack /:pack +:pack 2:pack /:pack x:pack =:pack
EXPR: 0 | POS | FRA | 9 | 18.42 | 33.3808 | ((2.73*(4.01+8.95))-2)=x | 2.73 4.01 8.95 + * 2 - x = | 2.73:pack 4.01:pack 8.95:pack +:pack *:pack 2:pack -:pack x:pack =:pack
EXPR: 0 | POS | FRA | 9 | 18.42 | 13.69 | x=(((2.73+4.01)+8.95)-2) | x 2.73 4.01 + 8.95 + 2 - = | x:pack 2.73:pack 4.01:pack +:pack 8.95:pack +:pack 2:pack -:pack =:pack
EXPR: 0 | POS | FRA | 9 | 18.42 | 36.6195 | ((2.73+(4.01*8.95))-2)=x | 2.73 4.01 8.95 * + 2 - x = | 2.73:pack 4.01:pack 8.95:pack *:pack +:pack 2:pack -:pack x:pack =:pack
EXPR: 0 | POS | FRA | 9 | 18.42 | 0.182486631016043 | x=(2.73/((4.01+8.95)+2)) | x 2.73 4.01 8.95 + 2 + / = | x:pack 2.73:pack 4.01:pack 8.95:pack +:pack 2:pack +:pack /:pack =:pack
EXPR: 0 | POS | FRA | 9 | 18.42 | 1.44736842105263 | ((2.73/(4.01-8.95))+2)=x | 2.73 4.01 8.95 - / 2 + x = | 2.73:pack 4.01:pack 8.95:pack -:pack /:pack 2:pack +:pack x:pack =:pack
EXPR: 0 | POS | FRA | 9 | 18.42 | 1.17804469273743 | ((2.73+(4.01/8.95))-2)=x | 2.73 4.01 8.95 / + 2 - x = | 2.73:pack 4.01:pack 8.95:pack /:pack +:pack 2:pack -:pack x:pack =:pack
EXPR: 0 | POS | FRA | 9 | 18.42 | 9.67 | ((2.73-(4.01-8.95))+2)=x | 2.73 4.01 8.95 - - 2 + x = | 2.73:pack 4.01:pack 8.95:pack -:pack -:pack 2:pack +:pack x:pack =:pack
EXPR: 0 | POS | FRA | 10 | 18.42 | 9.68626373626374 | 4.01=(2+((x-8.95)*2.73)) | 4.01 2 x 8.95 - 2.73 * + = | 4.01:pack 2:pack x:pack 8.95:pack -:pack 2.73:pack *:pack +:pack =:pack
EXPR: 0 | POS | FRA | 10 | 18.42 | 1.38700963840629 | ((4.01-(2/8.95))/x)=2.73 | 4.01 2 8.95 / - x / 2.73 = | 4.01:pack 2:pack 8.95:pack /:pack -:pack x:pack /:pack 2.73:pack =:pack
EXPR: 0 | POS | FRA | 10 | 18.42 | 4.46316708229426 | 2.73=(x-((8.95-2)/4.01)) | 2.73 x 8.95 2 - 4.01 / - = | 2.73:pack x:pack 8.95:pack 2:pack -:pack 4.01:pack /:pack -:pack =:pack
EXPR: 0 | POS | FRA | 11 | 18.42 | 44.8368 | (((2.73+8.95)*4.01)-2)=x | 2.73 8.95 + 4.01 * 2 - x = | 2.73:pack 8.95:pack +:pack 4.01:pack *:pack 2:pack -:pack x:pack =:pack
EXPR: 0 | POS | FRA | 11 | 18.42 | 0.912718204488778 | (((2.73+8.95)/4.01)-2)=x | 2.73 8.95 + 4.01 / 2 - x = | 2.73:pack 8.95:pack +:pack 4.01:pack /:pack 2:pack -:pack x:pack =:pack
EXPR: 0 | POS | FRA | 11 | 18.42 | 2.15751396648045 | ((4.01+(2.73/8.95))/2)=x | 4.01 2.73 8.95 / + 2 / x = | 4.01:pack 2.73:pack 8.95:pack /:pack +:pack 2:pack /:pack x:pack =:pack
EXPR: 0 | POS | FRA | 11 | 18.42 | 1.85248603351955 | ((4.01-(2.73/8.95))/2)=x | 4.01 2.73 8.95 / - 2 / x = | 4.01:pack 2.73:pack 8.95:pack /:pack -:pack 2:pack /:pack x:pack =:pack
EXPR: 0 | POS | FRA | 11 | 18.42 | 5.115 | ((4.01-(2.73-8.95))/2)=x | 4.01 2.73 8.95 - - 2 / x = | 4.01:pack 2.73:pack 8.95:pack -:pack -:pack 2:pack /:pack x:pack =:pack
EXPR: 0 | POS | FRA | 11 | 18.42 | 12.23 | ((4.01-(2.73-8.95))+2)=x | 4.01 2.73 8.95 - - 2 + x = | 4.01:pack 2.73:pack 8.95:pack -:pack -:pack 2:pack +:pack x:pack =:pack
EXPR: 0 | POS | FRA | 11 | 18.42 | 2.11782241014799 | 8.95=((2+2.73)*(4.01-x)) | 8.95 2 2.73 + 4.01 x - * = | 8.95:pack 2:pack 2.73:pack +:pack 4.01:pack x:pack -:pack *:pack =:pack
EXPR: 0 | POS | FRA | 11 | 18.42 | 61.3008 | 2.73=((x/(4.01+8.95))-2) | 2.73 x 4.01 8.95 + / 2 - = | 2.73:pack x:pack 4.01:pack 8.95:pack +:pack /:pack 2:pack -:pack =:pack
EXPR: 0 | POS | FRA | 11 | 18.42 | 17.8973 | 8.95=((2+x)-(2.73*4.01)) | 8.95 2 x + 2.73 4.01 * - = | 8.95:pack 2:pack x:pack +:pack 2.73:pack 4.01:pack *:pack -:pack =:pack
EXPR: 0 | POS | FRA | 11 | 18.42 | 3.33855813953489 | 8.95=((2+(2.73/4.01))*x) | 8.95 2 2.73 4.01 / + x * = | 8.95:pack 2:pack 2.73:pack 4.01:pack /:pack +:pack x:pack *:pack =:pack
EXPR: 0 | POS | FRA | 11 | 18.42 | 8.65326409495549 | 8.95=((2/(2.73+4.01))+x) | 8.95 2 2.73 4.01 + / x + = | 8.95:pack 2:pack 2.73:pack 4.01:pack +:pack /:pack x:pack +:pack =:pack
EXPR: 0 | POS | FRA | 11 | 18.42 | 13.69 | ((4.01+(2.73+8.95))-2)=x | 4.01 2.73 8.95 + + 2 - x = | 4.01:pack 2.73:pack 8.95:pack +:pack +:pack 2:pack -:pack x:pack =:pack
EXPR: 0 | POS | FRA | 11 | 18.42 | 7.845 | ((4.01+(2.73+8.95))/2)=x | 4.01 2.73 8.95 + + 2 / x = | 4.01:pack 2.73:pack 8.95:pack +:pack +:pack 2:pack /:pack x:pack =:pack
EXPR: 0 | POS | FRA | 11 | 18.42 | 6.784404536862 | 8.95=((2-(2.73/4.01))*x) | 8.95 2 2.73 4.01 / - x * = | 8.95:pack 2:pack 2.73:pack 4.01:pack /:pack -:pack x:pack *:pack =:pack
EXPR: 0 | POS | FRA | 11 | 18.42 | 17.69 | ((4.01+(2.73+8.95))+2)=x | 4.01 2.73 8.95 + + 2 + x = | 4.01:pack 2.73:pack 8.95:pack +:pack +:pack 2:pack +:pack x:pack =:pack
EXPR: 0 | POS | FRA | 11 | 18.42 | 16.2702739726027 | 8.95=((2-2.73)*(4.01-x)) | 8.95 2 2.73 - 4.01 x - * = | 8.95:pack 2:pack 2.73:pack -:pack 4.01:pack x:pack -:pack *:pack =:pack
EXPR: 0 | POS | FRA | 11 | 18.42 | 4.09156424581006 | 8.95=((2-2.73)/(4.01-x)) | 8.95 2 2.73 - 4.01 x - / = | 8.95:pack 2:pack 2.73:pack -:pack 4.01:pack x:pack -:pack /:pack =:pack
EXPR: 0 | POS | FRA | 11 | 18.42 | 0.26 | 8.95=((2*(2.73-x))+4.01) | 8.95 2 2.73 x - * 4.01 + = | 8.95:pack 2:pack 2.73:pack x:pack -:pack *:pack 4.01:pack +:pack =:pack
EXPR: 0 | POS | FRA | 11 | 18.42 | 5.70497206703911 | ((4.01-(2.73/8.95))+2)=x | 4.01 2.73 8.95 / - 2 + x = | 4.01:pack 2.73:pack 8.95:pack /:pack -:pack 2:pack +:pack x:pack =:pack
EXPR: 0 | POS | FRA | 11 | 18.42 | 9.94865 | 8.95=((2*x)-(2.73*4.01)) | 8.95 2 x * 2.73 4.01 * - = | 8.95:pack 2:pack x:pack *:pack 2.73:pack 4.01:pack *:pack -:pack =:pack
EXPR: 0 | POS | FRA | 11 | 18.42 | 10.5125 | 8.95=((2/(2.73-4.01))+x) | 8.95 2 2.73 4.01 - / x + = | 8.95:pack 2:pack 2.73:pack 4.01:pack -:pack /:pack x:pack +:pack =:pack
EXPR: 0 | POS | FRA | 11 | 18.42 | 4.53 | 8.95=((2*(2.73+4.01))-x) | 8.95 2 2.73 4.01 + * x - = | 8.95:pack 2:pack 2.73:pack 4.01:pack +:pack *:pack x:pack -:pack =:pack
EXPR: 0 | POS | FRA | 12 | 18.42 | 9.67 | ((2-x)+2.73)=(4.01-8.95) | 2 x - 2.73 + 4.01 8.95 - = | 2:pack x:pack -:pack 2.73:pack +:pack 4.01:pack 8.95:pack -:pack =:pack
EXPR: 0 | POS | FRA | 12 | 18.42 | 54.8568000000001 | (2+2.73)=((x/4.01)-8.95) | 2 2.73 + x 4.01 / 8.95 - = | 2:pack 2.73:pack +:pack x:pack 4.01:pack /:pack 8.95:pack -:pack =:pack
EXPR: 0 | POS | FRA | 12 | 18.42 | 3.41147132169576 | (2+2.73)=((x*4.01)-8.95) | 2 2.73 + x 4.01 * 8.95 - = | 2:pack 2.73:pack +:pack x:pack 4.01:pack *:pack 8.95:pack -:pack =:pack
EXPR: 0 | POS | FRA | 13 | 18.42 | 1.8 | ((8.95-(2.73-x))/2)=4.01 | 8.95 2.73 x - - 2 / 4.01 = | 8.95:pack 2.73:pack x:pack -:pack -:pack 2:pack /:pack 4.01:pack =:pack
EXPR: 0 | POS | FRA | 13 | 18.42 | 4.01121008572418 | 8.95=((2.73-(2/4.01))*x) | 8.95 2.73 2 4.01 / - x * = | 8.95:pack 2.73:pack 2:pack 4.01:pack /:pack -:pack x:pack *:pack =:pack
EXPR: 0 | POS | FRA | 13 | 18.42 | 7.3875 | 8.95=((2/(4.01-2.73))+x) | 8.95 2 4.01 2.73 - / x + = | 8.95:pack 2:pack 4.01:pack 2.73:pack -:pack /:pack x:pack +:pack =:pack
EXPR: 0 | POS | FRA | 14 | 18.42 | 12.23 | ((2-x)+4.01)=(2.73-8.95) | 2 x - 4.01 + 2.73 8.95 - = | 2:pack x:pack -:pack 4.01:pack +:pack 2.73:pack 8.95:pack -:pack =:pack
EXPR: 0 | POS | FRA | 14 | 18.42 | 30.4435 | (2+4.01)=(x-(2.73*8.95)) | 2 4.01 + x 2.73 8.95 * - = | 2:pack 4.01:pack +:pack x:pack 2.73:pack 8.95:pack *:pack -:pack =:pack
EXPR: 0 | POS | FRA | 14 | 18.42 | 0.529608938547486 | (2.73-(2-4.01))=(8.95*x) | 2.73 2 4.01 - - 8.95 x * = | 2.73:pack 2:pack 4.01:pack -:pack -:pack 8.95:pack x:pack *:pack =:pack
EXPR: 0 | POS | FRA | 14 | 18.42 | 0.0804469273743017 | (2.73+(2-4.01))=(x*8.95) | 2.73 2 4.01 - + x 8.95 * = | 2.73:pack 2:pack 4.01:pack -:pack +:pack x:pack 8.95:pack *:pack =:pack
EXPR: 0 | POS | FRA | 14 | 18.42 | 0.976536312849162 | (2+2.73)=((x*8.95)-4.01) | 2 2.73 + x 8.95 * 4.01 - = | 2:pack 2.73:pack +:pack x:pack 8.95:pack *:pack 4.01:pack -:pack =:pack
EXPR: 0 | POS | FRA | 14 | 18.42 | 32.9622 | (4.01*(8.95-(2.73-2)))=x | 4.01 8.95 2.73 2 - - * x = | 4.01:pack 8.95:pack 2.73:pack 2:pack -:pack -:pack *:pack x:pack =:pack
EXPR: 0 | POS | FRA | 14 | 18.42 | 0.870324189526185 | (2*2.73)=(8.95-(4.01*x)) | 2 2.73 * 8.95 4.01 x * - = | 2:pack 2.73:pack *:pack 8.95:pack 4.01:pack x:pack *:pack -:pack =:pack
EXPR: 0 | POS | FRA | 14 | 18.42 | 2.04922674997488 | (2/2.73)=(8.95-(4.01*x)) | 2 2.73 / 8.95 4.01 x * - = | 2:pack 2.73:pack /:pack 8.95:pack 4.01:pack x:pack *:pack -:pack =:pack
EXPR: 0 | POS | FRA | 14 | 18.42 | 0.249087591240876 | ((4.01+(8.95-2))*x)=2.73 | 4.01 8.95 2 - + x * 2.73 = | 4.01:pack 8.95:pack 2:pack -:pack +:pack x:pack *:pack 2.73:pack =:pack
EXPR: 0 | POS | FRA | 16 | 18.42 | 3.05742493082363 | (x*(2.73-2))=(8.95/4.01) | x 2.73 2 - * 8.95 4.01 / = | x:pack 2.73:pack 2:pack -:pack *:pack 8.95:pack 4.01:pack /:pack =:pack
EXPR: 0 | POS | FRA | 16 | 18.42 | 0.9 | 4.01=(x+((8.95-2.73)/2)) | 4.01 x 8.95 2.73 - 2 / + = | 4.01:pack x:pack 8.95:pack 2.73:pack -:pack 2:pack /:pack +:pack =:pack
EXPR: 0 | POS | FRA | 17 | 18.42 | 3.55112219451372 | (4.01*(2-x))=(2.73-8.95) | 4.01 2 x - * 2.73 8.95 - = | 4.01:pack 2:pack x:pack -:pack *:pack 2.73:pack 8.95:pack -:pack =:pack
EXPR: 0 | POS | FRA | 19 | 18.42 | 5.48113553113553 | (2+x)=(8.95-(4.01/2.73)) | 2 x + 8.95 4.01 2.73 / - = | 2:pack x:pack +:pack 8.95:pack 4.01:pack 2.73:pack /:pack -:pack =:pack
EXPR: 0 | POS | FRA | 21 | 18.42 | 2.14301675977654 | (8.95*(2-x))=(2.73-4.01) | 8.95 2 x - * 2.73 4.01 - = | 8.95:pack 2:pack x:pack -:pack *:pack 2.73:pack 4.01:pack -:pack =:pack
EXPR: 0 | POS | FRA | 21 | 18.42 | 11.215 | (2.73+4.01)=(x-(8.95/2)) | 2.73 4.01 + x 8.95 2 / - = | 2.73:pack 4.01:pack +:pack x:pack 8.95:pack 2:pack /:pack -:pack =:pack
EXPR: 0 | POS | FRA | 21 | 18.42 | 78.223 | (2.73+4.01)=((x/8.95)-2) | 2.73 4.01 + x 8.95 / 2 - = | 2.73:pack 4.01:pack +:pack x:pack 8.95:pack /:pack 2:pack -:pack =:pack
EXPR: 0 | POS | FRA | 21 | 18.42 | 0.976536312849162 | (2.73+4.01)=((x*8.95)-2) | 2.73 4.01 + x 8.95 * 2 - = | 2.73:pack 4.01:pack +:pack x:pack 8.95:pack *:pack 2:pack -:pack =:pack
EXPR: 0 | POS | FRA | 23 | 18.42 | 0.21134740559201 | (x*(8.95-2))=(4.01/2.73) | x 8.95 2 - * 4.01 2.73 / = | x:pack 8.95:pack 2:pack -:pack *:pack 4.01:pack 2.73:pack /:pack =:pack
EXPR: 0 | POS | FRA | 23 | 18.42 | 0.17208904109589 | (x*(2.73+8.95))=(4.01-2) | x 2.73 8.95 + * 4.01 2 - = | x:pack 2.73:pack 8.95:pack +:pack *:pack 4.01:pack 2:pack -:pack =:pack
EXPR: 0 | POS | FRA | 23 | 18.42 | 3.41147132169576 | (2.73+8.95)=((x*4.01)-2) | 2.73 8.95 + x 4.01 * 2 - = | 2.73:pack 8.95:pack +:pack x:pack 4.01:pack *:pack 2:pack -:pack =:pack
NET 385 unique, non-negative solutions found out of 897 total solutions
