parameters: n=9 l=4 k=1 p=5 q=2 m=10
TOTAL 858 solutions found
SOLN: CORRECT | POS/NEG | INT/FRA | OBJ-SCORE | TRUE-ANS | ANS | INFIX | POSTFIX | TYPED-POSTFIX
EXPR: 0 | POS | FRA | 0 | 1.37 | 34.71 | ((5.92+(2+6.79))+20)=x | 5.92 2 6.79 + + 20 + x = | 5.92:dollar 2:dollar 6.79:dollar +:dollar +:dollar 20:dollar +:dollar x:dollar =:dollar
EXPR: 0 | POS | FRA | 0 | 1.37 | 214.2 | (((5.92-2)+6.79)*20)=x | 5.92 2 - 6.79 + 20 * x = | 5.92:dollar 2:dollar -:dollar 6.79:dollar +:dollar 20:dollar *:dollar x:dollar =:dollar
EXPR: 0 | POS | FRA | 0 | 1.37 | 0.0565 | (((5.92+2)-6.79)/20)=x | 5.92 2 + 6.79 - 20 / x = | 5.92:dollar 2:dollar +:dollar 6.79:dollar -:dollar 20:dollar /:dollar x:dollar =:dollar
EXPR: 0 | POS | FRA | 0 | 1.37 | 0.7355 | (((5.92+2)+6.79)/20)=x | 5.92 2 + 6.79 + 20 / x = | 5.92:dollar 2:dollar +:dollar 6.79:dollar +:dollar 20:dollar /:dollar x:dollar =:dollar
EXPR: 0 | POS | FRA | 0 | 1.37 | 294.2 | (((5.92+2)+6.79)*20)=x | 5.92 2 + 6.79 + 20 * x = | 5.92:dollar 2:dollar +:dollar 6.79:dollar +:dollar 20:dollar *:dollar x:dollar =:dollar
EXPR: 0 | POS | FRA | 0 | 1.37 | 0.5355 | (((5.92-2)+6.79)/20)=x | 5.92 2 - 6.79 + 20 / x = | 5.92:dollar 2:dollar -:dollar 6.79:dollar +:dollar 20:dollar /:dollar x:dollar =:dollar
EXPR: 0 | POS | FRA | 0 | 1.37 | 0.310727540500736 | ((5.92+(2/6.79))/20)=x | 5.92 2 6.79 / + 20 / x = | 5.92:dollar 2:dollar 6.79:dollar /:dollar +:dollar 20:dollar /:dollar x:dollar =:dollar
EXPR: 0 | POS | FRA | 0 | 1.37 | 0.0565 | ((5.92+(2-6.79))/20)=x | 5.92 2 6.79 - + 20 / x = | 5.92:dollar 2:dollar 6.79:dollar -:dollar +:dollar 20:dollar /:dollar x:dollar =:dollar
EXPR: 0 | POS | FRA | 0 | 1.37 | 33.7768 | (((5.92+2)*6.79)-20)=x | 5.92 2 + 6.79 * 20 - x = | 5.92:dollar 2:dollar +:dollar 6.79:dollar *:dollar 20:dollar -:dollar x:dollar =:dollar
EXPR: 0 | POS | FRA | 0 | 1.37 | 6.6168 | (((5.92-2)*6.79)-20)=x | 5.92 2 - 6.79 * 20 - x = | 5.92:dollar 2:dollar -:dollar 6.79:dollar *:dollar 20:dollar -:dollar x:dollar =:dollar
EXPR: 0 | POS | FRA | 0 | 1.37 | 0.4875 | (((5.92/2)+6.79)/20)=x | 5.92 2 / 6.79 + 20 / x = | 5.92:dollar 2:dollar /:dollar 6.79:dollar +:dollar 20:dollar /:dollar x:dollar =:dollar
EXPR: 0 | POS | FRA | 0 | 1.37 | 21.13 | x=((5.92+2)-(6.79-20)) | x 5.92 2 + 6.79 20 - - = | x:dollar 5.92:dollar 2:dollar +:dollar 6.79:dollar 20:dollar -:dollar -:dollar =:dollar
EXPR: 0 | POS | FRA | 0 | 1.37 | 372.6 | (((5.92*2)+6.79)*20)=x | 5.92 2 * 6.79 + 20 * x = | 5.92:dollar 2:dollar *:dollar 6.79:dollar +:dollar 20:dollar *:dollar x:dollar =:dollar
EXPR: 0 | POS | INT | 0 | 1.37 | 101 | (((5.92*2)-6.79)*20)=x | 5.92 2 * 6.79 - 20 * x = | 5.92:dollar 2:dollar *:dollar 6.79:dollar -:dollar 20:dollar *:dollar x:dollar =:dollar
EXPR: 0 | POS | FRA | 0 | 1.37 | 0.7355 | ((5.92+(2+6.79))/20)=x | 5.92 2 6.79 + + 20 / x = | 5.92:dollar 2:dollar 6.79:dollar +:dollar +:dollar 20:dollar /:dollar x:dollar =:dollar
EXPR: 0 | POS | FRA | 0 | 1.37 | 0.975 | ((5.92+(2*6.79))/20)=x | 5.92 2 6.79 * + 20 / x = | 5.92:dollar 2:dollar 6.79:dollar *:dollar +:dollar 20:dollar /:dollar x:dollar =:dollar
EXPR: 0 | POS | FRA | 0 | 1.37 | 212.1768 | x=((5.92+2)*(6.79+20)) | x 5.92 2 + 6.79 20 + * = | x:dollar 5.92:dollar 2:dollar +:dollar 6.79:dollar 20:dollar +:dollar *:dollar =:dollar
EXPR: 0 | POS | FRA | 0 | 1.37 | 7.5805 | x=((5.92+2)-(6.79/20)) | x 5.92 2 + 6.79 20 / - = | x:dollar 5.92:dollar 2:dollar +:dollar 6.79:dollar 20:dollar /:dollar -:dollar =:dollar
EXPR: 0 | POS | FRA | 0 | 1.37 | 0.281272459499264 | ((5.92-(2/6.79))/20)=x | 5.92 2 6.79 / - 20 / x = | 5.92:dollar 2:dollar 6.79:dollar /:dollar -:dollar 20:dollar /:dollar x:dollar =:dollar
EXPR: 0 | POS | FRA | 0 | 1.37 | 22.6 | ((5.92+(2-6.79))*20)=x | 5.92 2 6.79 - + 20 * x = | 5.92:dollar 2:dollar 6.79:dollar -:dollar +:dollar 20:dollar *:dollar x:dollar =:dollar
EXPR: 0 | POS | FRA | 0 | 1.37 | 112.508983799705 | ((5.92-(2/6.79))*20)=x | 5.92 2 6.79 / - 20 * x = | 5.92:dollar 2:dollar 6.79:dollar /:dollar -:dollar 20:dollar *:dollar x:dollar =:dollar
EXPR: 0 | POS | FRA | 0 | 1.37 | 90.0432 | x=(5.92*((2-6.79)+20)) | x 5.92 2 6.79 - 20 + * = | x:dollar 5.92:dollar 2:dollar 6.79:dollar -:dollar 20:dollar +:dollar *:dollar =:dollar
EXPR: 0 | POS | FRA | 0 | 1.37 | 33.7768 | x=(((5.92+2)*6.79)-20) | x 5.92 2 + 6.79 * 20 - = | x:dollar 5.92:dollar 2:dollar +:dollar 6.79:dollar *:dollar 20:dollar -:dollar =:dollar
EXPR: 0 | POS | FRA | 0 | 1.37 | 0.389217619986851 | x=(5.92/((2-6.79)+20)) | x 5.92 2 6.79 - 20 + / = | x:dollar 5.92:dollar 2:dollar 6.79:dollar -:dollar 20:dollar +:dollar /:dollar =:dollar
EXPR: 0 | POS | FRA | 0 | 1.37 | 105.0168 | x=((5.92-2)*(6.79+20)) | x 5.92 2 - 6.79 20 + * = | x:dollar 5.92:dollar 2:dollar -:dollar 6.79:dollar 20:dollar +:dollar *:dollar =:dollar
EXPR: 0 | POS | FRA | 0 | 1.37 | 32.0368 | ((5.92*(2+6.79))-20)=x | 5.92 2 6.79 + * 20 - x = | 5.92:dollar 2:dollar 6.79:dollar +:dollar *:dollar 20:dollar -:dollar x:dollar =:dollar
EXPR: 0 | POS | FRA | 0 | 1.37 | 4.2595 | ((5.92-2)+(6.79/20))=x | 5.92 2 - 6.79 20 / + x = | 5.92:dollar 2:dollar -:dollar 6.79:dollar 20:dollar /:dollar +:dollar x:dollar =:dollar
EXPR: 0 | POS | FRA | 0 | 1.37 | 12.34 | ((5.92-(2*6.79))+20)=x | 5.92 2 6.79 * - 20 + x = | 5.92:dollar 2:dollar 6.79:dollar *:dollar -:dollar 20:dollar +:dollar x:dollar =:dollar
EXPR: 0 | POS | FRA | 0 | 1.37 | 25.6254491899853 | ((5.92-(2/6.79))+20)=x | 5.92 2 6.79 / - 20 + x = | 5.92:dollar 2:dollar 6.79:dollar /:dollar -:dollar 20:dollar +:dollar x:dollar =:dollar
EXPR: 0 | POS | FRA | 0 | 1.37 | 21.13 | ((5.92+(2-6.79))+20)=x | 5.92 2 6.79 - + 20 + x = | 5.92:dollar 2:dollar 6.79:dollar -:dollar +:dollar 20:dollar +:dollar x:dollar =:dollar
EXPR: 0 | POS | FRA | 0 | 1.37 | 5.84534527808884 | (5.92-(2/(6.79+20)))=x | 5.92 2 6.79 20 + / - x = | 5.92:dollar 2:dollar 6.79:dollar 20:dollar +:dollar /:dollar -:dollar x:dollar =:dollar
EXPR: 0 | POS | FRA | 0 | 1.37 | 72.0368 | x=((5.92*(2+6.79))+20) | x 5.92 2 6.79 + * 20 + = | x:dollar 5.92:dollar 2:dollar 6.79:dollar +:dollar *:dollar 20:dollar +:dollar =:dollar
EXPR: 0 | POS | FRA | 0 | 1.37 | 170.4368 | x=(5.92*((2+6.79)+20)) | x 5.92 2 6.79 + 20 + * = | x:dollar 5.92:dollar 2:dollar 6.79:dollar +:dollar 20:dollar +:dollar *:dollar =:dollar
EXPR: 0 | POS | FRA | 0 | 1.37 | 0.205626953803404 | x=(5.92/((2+6.79)+20)) | x 5.92 2 6.79 + 20 + / = | x:dollar 5.92:dollar 2:dollar 6.79:dollar +:dollar 20:dollar +:dollar /:dollar =:dollar
EXPR: 0 | POS | FRA | 0 | 1.37 | 0.389217619986851 | (5.92/(2-(6.79-20)))=x | 5.92 2 6.79 20 - - / x = | 5.92:dollar 2:dollar 6.79:dollar 20:dollar -:dollar -:dollar /:dollar x:dollar =:dollar
EXPR: 0 | POS | FRA | 0 | 1.37 | 105.0168 | ((5.92-2)*(6.79+20))=x | 5.92 2 - 6.79 20 + * x = | 5.92:dollar 2:dollar -:dollar 6.79:dollar 20:dollar +:dollar *:dollar x:dollar =:dollar
EXPR: 0 | POS | FRA | 0 | 1.37 | 317.1936 | ((5.92*2)*(6.79+20))=x | 5.92 2 * 6.79 20 + * x = | 5.92:dollar 2:dollar *:dollar 6.79:dollar 20:dollar +:dollar *:dollar x:dollar =:dollar
EXPR: 0 | POS | FRA | 0 | 1.37 | 124.291016200295 | x=((5.92+(2/6.79))*20) | x 5.92 2 6.79 / + 20 * = | x:dollar 5.92:dollar 2:dollar 6.79:dollar /:dollar +:dollar 20:dollar *:dollar =:dollar
EXPR: 0 | POS | FRA | 0 | 1.37 | 21.13 | (((5.92+2)-6.79)+20)=x | 5.92 2 + 6.79 - 20 + x = | 5.92:dollar 2:dollar +:dollar 6.79:dollar -:dollar 20:dollar +:dollar x:dollar =:dollar
EXPR: 0 | POS | FRA | 0 | 1.37 | 5.76859954579864 | (5.92+(2/(6.79-20)))=x | 5.92 2 6.79 20 - / + x = | 5.92:dollar 2:dollar 6.79:dollar 20:dollar -:dollar /:dollar +:dollar x:dollar =:dollar
EXPR: 0 | POS | FRA | 0 | 1.37 | 21.13 | (5.92+(2-(6.79-20)))=x | 5.92 2 6.79 20 - - + x = | 5.92:dollar 2:dollar 6.79:dollar 20:dollar -:dollar -:dollar +:dollar x:dollar =:dollar
EXPR: 0 | POS | FRA | 0 | 1.37 | 0.146323254945875 | x=((5.92-2)/(6.79+20)) | x 5.92 2 - 6.79 20 + / = | x:dollar 5.92:dollar 2:dollar -:dollar 6.79:dollar 20:dollar +:dollar /:dollar =:dollar
EXPR: 0 | POS | FRA | 0 | 1.37 | 212.1768 | ((5.92+2)*(6.79+20))=x | 5.92 2 + 6.79 20 + * x = | 5.92:dollar 2:dollar +:dollar 6.79:dollar 20:dollar +:dollar *:dollar x:dollar =:dollar
EXPR: 0 | POS | FRA | 0 | 1.37 | 21.13 | x=((5.92+(2-6.79))+20) | x 5.92 2 6.79 - + 20 + = | x:dollar 5.92:dollar 2:dollar 6.79:dollar -:dollar +:dollar 20:dollar +:dollar =:dollar
EXPR: 0 | POS | INT | 0 | 1.37 | 390 | x=((5.92+(2*6.79))*20) | x 5.92 2 6.79 * + 20 * = | x:dollar 5.92:dollar 2:dollar 6.79:dollar *:dollar +:dollar 20:dollar *:dollar =:dollar
EXPR: 0 | POS | FRA | 0 | 1.37 | 90.0432 | (5.92*(2-(6.79-20)))=x | 5.92 2 6.79 20 - - * x = | 5.92:dollar 2:dollar 6.79:dollar 20:dollar -:dollar -:dollar *:dollar x:dollar =:dollar
EXPR: 0 | POS | FRA | 0 | 1.37 | 294.2 | ((5.92+(2+6.79))*20)=x | 5.92 2 6.79 + + 20 * x = | 5.92:dollar 2:dollar 6.79:dollar +:dollar +:dollar 20:dollar *:dollar x:dollar =:dollar
EXPR: 0 | POS | FRA | 0 | 1.37 | 34.71 | (((5.92+2)+6.79)+20)=x | 5.92 2 + 6.79 + 20 + x = | 5.92:dollar 2:dollar +:dollar 6.79:dollar +:dollar 20:dollar +:dollar x:dollar =:dollar
EXPR: 0 | POS | FRA | 0 | 1.37 | 17.13 | x=((5.92-2)-(6.79-20)) | x 5.92 2 - 6.79 20 - - = | x:dollar 5.92:dollar 2:dollar -:dollar 6.79:dollar 20:dollar -:dollar -:dollar =:dollar
EXPR: 0 | POS | FRA | 0 | 1.37 | 5.99465472191116 | (5.92+(2/(6.79+20)))=x | 5.92 2 6.79 20 + / + x = | 5.92:dollar 2:dollar 6.79:dollar 20:dollar +:dollar /:dollar +:dollar x:dollar =:dollar
EXPR: 0 | POS | FRA | 0 | 1.37 | 5.4805 | x=(5.92-((2+6.79)/20)) | x 5.92 2 6.79 + 20 / - = | x:dollar 5.92:dollar 2:dollar 6.79:dollar +:dollar 20:dollar /:dollar -:dollar =:dollar
EXPR: 0 | POS | FRA | 0 | 1.37 | 0.205626953803404 | (5.92/(2+(6.79+20)))=x | 5.92 2 6.79 20 + + / x = | 5.92:dollar 2:dollar 6.79:dollar 20:dollar +:dollar +:dollar /:dollar x:dollar =:dollar
EXPR: 0 | POS | FRA | 0 | 1.37 | 6.07140045420136 | (5.92-(2/(6.79-20)))=x | 5.92 2 6.79 20 - / - x = | 5.92:dollar 2:dollar 6.79:dollar 20:dollar -:dollar /:dollar -:dollar x:dollar =:dollar
EXPR: 0 | POS | FRA | 0 | 1.37 | 17.13 | (5.92-(2+(6.79-20)))=x | 5.92 2 6.79 20 - + - x = | 5.92:dollar 2:dollar 6.79:dollar 20:dollar -:dollar +:dollar -:dollar x:dollar =:dollar
EXPR: 0 | POS | FRA | 0 | 1.37 | 0.310727540500736 | x=((5.92+(2/6.79))/20) | x 5.92 2 6.79 / + 20 / = | x:dollar 5.92:dollar 2:dollar 6.79:dollar /:dollar +:dollar 20:dollar /:dollar =:dollar
EXPR: 0 | POS | FRA | 0 | 1.37 | 0.0565 | x=(((5.92+2)-6.79)/20) | x 5.92 2 + 6.79 - 20 / = | x:dollar 5.92:dollar 2:dollar +:dollar 6.79:dollar -:dollar 20:dollar /:dollar =:dollar
EXPR: 0 | POS | FRA | 0 | 1.37 | 30.71 | ((5.92-2)+(6.79+20))=x | 5.92 2 - 6.79 20 + + x = | 5.92:dollar 2:dollar -:dollar 6.79:dollar 20:dollar +:dollar +:dollar x:dollar =:dollar
EXPR: 0 | POS | FRA | 0 | 1.37 | 120.143740795287 | x=(5.92*((2/6.79)+20)) | x 5.92 2 6.79 / 20 + * = | x:dollar 5.92:dollar 2:dollar 6.79:dollar /:dollar 20:dollar +:dollar *:dollar =:dollar
EXPR: 0 | POS | INT | 0 | 1.37 | 195 | x=(((5.92/2)+6.79)*20) | x 5.92 2 / 6.79 + 20 * = | x:dollar 5.92:dollar 2:dollar /:dollar 6.79:dollar +:dollar 20:dollar *:dollar =:dollar
EXPR: 0 | POS | FRA | 0 | 1.37 | 25.05 | (((5.92*2)-6.79)+20)=x | 5.92 2 * 6.79 - 20 + x = | 5.92:dollar 2:dollar *:dollar 6.79:dollar -:dollar 20:dollar +:dollar x:dollar =:dollar
EXPR: 0 | POS | FRA | 0 | 1.37 | 16.17 | (((5.92/2)-6.79)+20)=x | 5.92 2 / 6.79 - 20 + x = | 5.92:dollar 2:dollar /:dollar 6.79:dollar -:dollar 20:dollar +:dollar x:dollar =:dollar
EXPR: 0 | POS | FRA | 0 | 1.37 | 18.7640918580376 | ((5.92/(2-6.79))+20)=x | 5.92 2 6.79 - / 20 + x = | 5.92:dollar 2:dollar 6.79:dollar -:dollar /:dollar 20:dollar +:dollar x:dollar =:dollar
EXPR: 0 | POS | FRA | 0 | 1.37 | 5.6805 | x=(5.92+((2-6.79)/20)) | x 5.92 2 6.79 - 20 / + = | x:dollar 5.92:dollar 2:dollar 6.79:dollar -:dollar 20:dollar /:dollar +:dollar =:dollar
EXPR: 0 | POS | FRA | 0 | 1.37 | 7.5805 | ((5.92+2)-(6.79/20))=x | 5.92 2 + 6.79 20 / - x = | 5.92:dollar 2:dollar +:dollar 6.79:dollar 20:dollar /:dollar -:dollar x:dollar =:dollar
EXPR: 0 | POS | FRA | 0 | 1.37 | 198.7936 | x=(5.92*((2*6.79)+20)) | x 5.92 2 6.79 * 20 + * = | x:dollar 5.92:dollar 2:dollar 6.79:dollar *:dollar 20:dollar +:dollar *:dollar =:dollar
EXPR: 0 | POS | FRA | 0 | 1.37 | 0.291703918722787 | x=(5.92/((2/6.79)+20)) | x 5.92 2 6.79 / 20 + / = | x:dollar 5.92:dollar 2:dollar 6.79:dollar /:dollar 20:dollar +:dollar /:dollar =:dollar
EXPR: 0 | POS | FRA | 0 | 1.37 | 0.295632698768197 | x=((5.92+2)/(6.79+20)) | x 5.92 2 + 6.79 20 + / = | x:dollar 5.92:dollar 2:dollar +:dollar 6.79:dollar 20:dollar +:dollar /:dollar =:dollar
EXPR: 0 | POS | FRA | 0 | 1.37 | 0.441955953714072 | x=((5.92*2)/(6.79+20)) | x 5.92 2 * 6.79 20 + / = | x:dollar 5.92:dollar 2:dollar *:dollar 6.79:dollar 20:dollar +:dollar /:dollar =:dollar
EXPR: 0 | POS | FRA | 0 | 1.37 | 79.2984 | x=((5.92/2)*(6.79+20)) | x 5.92 2 / 6.79 20 + * = | x:dollar 5.92:dollar 2:dollar /:dollar 6.79:dollar 20:dollar +:dollar *:dollar =:dollar
EXPR: 0 | POS | FRA | 0 | 1.37 | 34.71 | (5.92+(2+(6.79+20)))=x | 5.92 2 6.79 20 + + + x = | 5.92:dollar 2:dollar 6.79:dollar 20:dollar +:dollar +:dollar +:dollar x:dollar =:dollar
EXPR: 0 | POS | INT | 0 | 1.37 | 195 | (((5.92/2)+6.79)*20)=x | 5.92 2 / 6.79 + 20 * x = | 5.92:dollar 2:dollar /:dollar 6.79:dollar +:dollar 20:dollar *:dollar x:dollar =:dollar
EXPR: 0 | POS | FRA | 0 | 1.37 | 0.295632698768197 | ((5.92+2)/(6.79+20))=x | 5.92 2 + 6.79 20 + / x = | 5.92:dollar 2:dollar +:dollar 6.79:dollar 20:dollar +:dollar /:dollar x:dollar =:dollar
EXPR: 0 | POS | FRA | 0 | 1.37 | 16.17 | x=(((5.92/2)-6.79)+20) | x 5.92 2 / 6.79 - 20 + = | x:dollar 5.92:dollar 2:dollar /:dollar 6.79:dollar -:dollar 20:dollar +:dollar =:dollar
EXPR: 0 | POS | FRA | 0 | 1.37 | 294.2 | x=((5.92+(2+6.79))*20) | x 5.92 2 6.79 + + 20 * = | x:dollar 5.92:dollar 2:dollar 6.79:dollar +:dollar +:dollar 20:dollar *:dollar =:dollar
EXPR: 0 | POS | FRA | 0 | 1.37 | 372.6 | x=(((5.92*2)+6.79)*20) | x 5.92 2 * 6.79 + 20 * = | x:dollar 5.92:dollar 2:dollar *:dollar 6.79:dollar +:dollar 20:dollar *:dollar =:dollar
EXPR: 0 | POS | FRA | 0 | 1.37 | 5.4805 | (5.92-((2+6.79)/20))=x | 5.92 2 6.79 + 20 / - x = | 5.92:dollar 2:dollar 6.79:dollar +:dollar 20:dollar /:dollar -:dollar x:dollar =:dollar
EXPR: 0 | POS | FRA | 0 | 1.37 | 0.176295413936867 | x=(5.92/((2*6.79)+20)) | x 5.92 2 6.79 * 20 + / = | x:dollar 5.92:dollar 2:dollar 6.79:dollar *:dollar 20:dollar +:dollar /:dollar =:dollar
EXPR: 0 | POS | FRA | 0 | 1.37 | 0.2525 | x=(((5.92*2)-6.79)/20) | x 5.92 2 * 6.79 - 20 / = | x:dollar 5.92:dollar 2:dollar *:dollar 6.79:dollar -:dollar 20:dollar /:dollar =:dollar
EXPR: 0 | POS | FRA | 0 | 1.37 | 3.5805 | (5.92-(2+(6.79/20)))=x | 5.92 2 6.79 20 / + - x = | 5.92:dollar 2:dollar 6.79:dollar 20:dollar /:dollar +:dollar -:dollar x:dollar =:dollar
EXPR: 0 | POS | FRA | 0 | 1.37 | 11.5005 | ((5.92*2)-(6.79/20))=x | 5.92 2 * 6.79 20 / - x = | 5.92:dollar 2:dollar *:dollar 6.79:dollar 20:dollar /:dollar -:dollar x:dollar =:dollar
EXPR: 0 | POS | FRA | 0 | 1.37 | 2.6205 | ((5.92/2)-(6.79/20))=x | 5.92 2 / 6.79 20 / - x = | 5.92:dollar 2:dollar /:dollar 6.79:dollar 20:dollar /:dollar -:dollar x:dollar =:dollar
EXPR: 0 | POS | FRA | 0 | 1.37 | 30.71 | ((5.92-(2-6.79))+20)=x | 5.92 2 6.79 - - 20 + x = | 5.92:dollar 2:dollar 6.79:dollar -:dollar -:dollar 20:dollar +:dollar x:dollar =:dollar
EXPR: 0 | POS | FRA | 0 | 1.37 | 6.6168 | x=(((5.92-2)*6.79)-20) | x 5.92 2 - 6.79 * 20 - = | x:dollar 5.92:dollar 2:dollar -:dollar 6.79:dollar *:dollar 20:dollar -:dollar =:dollar
EXPR: 0 | POS | FRA | 0 | 1.37 | 0.5355 | ((5.92-(2-6.79))/20)=x | 5.92 2 6.79 - - 20 / x = | 5.92:dollar 2:dollar 6.79:dollar -:dollar -:dollar 20:dollar /:dollar x:dollar =:dollar
EXPR: 0 | POS | FRA | 0 | 1.37 | 30.71 | (5.92-(2-(6.79+20)))=x | 5.92 2 6.79 20 + - - x = | 5.92:dollar 2:dollar 6.79:dollar 20:dollar +:dollar -:dollar -:dollar x:dollar =:dollar
EXPR: 0 | POS | FRA | 0 | 1.37 | 7.5805 | (5.92+(2-(6.79/20)))=x | 5.92 2 6.79 20 / - + x = | 5.92:dollar 2:dollar 6.79:dollar 20:dollar /:dollar -:dollar +:dollar x:dollar =:dollar
EXPR: 0 | POS | FRA | 0 | 1.37 | 22.6 | (((5.92+2)-6.79)*20)=x | 5.92 2 + 6.79 - 20 * x = | 5.92:dollar 2:dollar +:dollar 6.79:dollar -:dollar 20:dollar *:dollar x:dollar =:dollar
EXPR: 0 | POS | FRA | 2 | 1.37 | 4.97449189985272 | (((5.92+2)-x)*6.79)=20 | 5.92 2 + x - 6.79 * 20 = | 5.92:dollar 2:dollar +:dollar x:dollar -:dollar 6.79:dollar *:dollar 20:dollar =:dollar
EXPR: 0 | POS | FRA | 2 | 1.37 | 1.86741363211951 | (((5.92-2)+6.79)*x)=20 | 5.92 2 - 6.79 + x * 20 = | 5.92:dollar 2:dollar -:dollar 6.79:dollar +:dollar x:dollar *:dollar 20:dollar =:dollar
EXPR: 0 | POS | FRA | 2 | 1.37 | 0.9315 | (((5.92*2)+6.79)/x)=20 | 5.92 2 * 6.79 + x / 20 = | 5.92:dollar 2:dollar *:dollar 6.79:dollar +:dollar x:dollar /:dollar 20:dollar =:dollar
EXPR: 0 | POS | FRA | 2 | 1.37 | 0.2525 | (((5.92*2)-6.79)/x)=20 | 5.92 2 * 6.79 - x / 20 = | 5.92:dollar 2:dollar *:dollar 6.79:dollar -:dollar x:dollar /:dollar 20:dollar =:dollar
EXPR: 0 | POS | FRA | 2 | 1.37 | 4.97449189985272 | (((5.92-x)+2)*6.79)=20 | 5.92 x - 2 + 6.79 * 20 = | 5.92:dollar x:dollar -:dollar 2:dollar +:dollar 6.79:dollar *:dollar 20:dollar =:dollar
EXPR: 0 | POS | FRA | 2 | 1.37 | 214.2 | (((5.92+6.79)-2)*20)=x | 5.92 6.79 + 2 - 20 * x = | 5.92:dollar 6.79:dollar +:dollar 2:dollar -:dollar 20:dollar *:dollar x:dollar =:dollar
EXPR: 0 | POS | FRA | 2 | 1.37 | 21.13 | (((5.92+2)+20)-6.79)=x | 5.92 2 + 20 + 6.79 - x = | 5.92:dollar 2:dollar +:dollar 20:dollar +:dollar 6.79:dollar -:dollar x:dollar =:dollar
EXPR: 0 | POS | FRA | 2 | 1.37 | 10.0953653444676 | ((5.92-x)*(2-6.79))=20 | 5.92 x - 2 6.79 - * 20 = | 5.92:dollar x:dollar -:dollar 2:dollar 6.79:dollar -:dollar *:dollar 20:dollar =:dollar
EXPR: 0 | POS | FRA | 2 | 1.37 | 11.8920408163265 | ((5.92-2)*(x-6.79))=20 | 5.92 2 - x 6.79 - * 20 = | 5.92:dollar 2:dollar -:dollar x:dollar 6.79:dollar -:dollar *:dollar 20:dollar =:dollar
EXPR: 0 | POS | FRA | 2 | 1.37 | 162.4168 | (((5.92-2)+20)*6.79)=x | 5.92 2 - 20 + 6.79 * x = | 5.92:dollar 2:dollar -:dollar 20:dollar +:dollar 6.79:dollar *:dollar x:dollar =:dollar
EXPR: 0 | POS | FRA | 2 | 1.37 | 22.6 | (((5.92-6.79)+2)*20)=x | 5.92 6.79 - 2 + 20 * x = | 5.92:dollar 6.79:dollar -:dollar 2:dollar +:dollar 20:dollar *:dollar x:dollar =:dollar
EXPR: 0 | POS | FRA | 2 | 1.37 | 0.0565 | (((5.92-6.79)+2)/20)=x | 5.92 6.79 - 2 + 20 / x = | 5.92:dollar 6.79:dollar -:dollar 2:dollar +:dollar 20:dollar /:dollar x:dollar =:dollar
EXPR: 0 | POS | FRA | 2 | 1.37 | 3.52282768777614 | (((5.92-2)+20)/6.79)=x | 5.92 2 - 20 + 6.79 / x = | 5.92:dollar 2:dollar -:dollar 20:dollar +:dollar 6.79:dollar /:dollar x:dollar =:dollar
EXPR: 0 | POS | FRA | 2 | 1.37 | 104.6232 | ((5.92+2)*(20-6.79))=x | 5.92 2 + 20 6.79 - * x = | 5.92:dollar 2:dollar +:dollar 20:dollar 6.79:dollar -:dollar *:dollar x:dollar =:dollar
EXPR: 0 | POS | FRA | 2 | 1.37 | 0.5355 | (((5.92+6.79)-2)/20)=x | 5.92 6.79 + 2 - 20 / x = | 5.92:dollar 6.79:dollar +:dollar 2:dollar -:dollar 20:dollar /:dollar x:dollar =:dollar
EXPR: 0 | POS | FRA | 2 | 1.37 | 15.66 | ((5.92-6.79)*(2-20))=x | 5.92 6.79 - 2 20 - * x = | 5.92:dollar 6.79:dollar -:dollar 2:dollar 20:dollar -:dollar *:dollar x:dollar =:dollar
EXPR: 0 | POS | FRA | 2 | 1.37 | 1.68795918367347 | ((5.92-2)*(6.79-x))=20 | 5.92 2 - 6.79 x - * 20 = | 5.92:dollar 2:dollar -:dollar 6.79:dollar x:dollar -:dollar *:dollar 20:dollar =:dollar
EXPR: 0 | POS | FRA | 2 | 1.37 | 5.10081081081081 | ((5.92*2)*(6.79-x))=20 | 5.92 2 * 6.79 x - * 20 = | 5.92:dollar 2:dollar *:dollar 6.79:dollar x:dollar -:dollar *:dollar 20:dollar =:dollar
EXPR: 0 | POS | FRA | 2 | 1.37 | 156.4064 | ((5.92*2)*(20-6.79))=x | 5.92 2 * 20 6.79 - * x = | 5.92:dollar 2:dollar *:dollar 20:dollar 6.79:dollar -:dollar *:dollar x:dollar =:dollar
EXPR: 0 | POS | FRA | 2 | 1.37 | 4.86317567567568 | (((5.92*x)-2)-6.79)=20 | 5.92 x * 2 - 6.79 - 20 = | 5.92:dollar x:dollar *:dollar 2:dollar -:dollar 6.79:dollar -:dollar 20:dollar =:dollar
EXPR: 0 | POS | FRA | 2 | 1.37 | 294.2 | (((5.92+6.79)+2)*20)=x | 5.92 6.79 + 2 + 20 * x = | 5.92:dollar 6.79:dollar +:dollar 2:dollar +:dollar 20:dollar *:dollar x:dollar =:dollar
EXPR: 0 | POS | FRA | 2 | 1.37 | 189.5768 | (((5.92+2)+20)*6.79)=x | 5.92 2 + 20 + 6.79 * x = | 5.92:dollar 2:dollar +:dollar 20:dollar +:dollar 6.79:dollar *:dollar x:dollar =:dollar
EXPR: 0 | POS | FRA | 2 | 1.37 | 0.0429608127721336 | (((5.92/x)-2)/6.79)=20 | 5.92 x / 2 - 6.79 / 20 = | 5.92:dollar x:dollar /:dollar 2:dollar -:dollar 6.79:dollar /:dollar 20:dollar =:dollar
EXPR: 0 | POS | FRA | 2 | 1.37 | 18.1968 | (((5.92*6.79)-2)-20)=x | 5.92 6.79 * 2 - 20 - x = | 5.92:dollar 6.79:dollar *:dollar 2:dollar -:dollar 20:dollar -:dollar x:dollar =:dollar
EXPR: 0 | POS | FRA | 2 | 1.37 | 3.38257575757576 | (((5.92+2)*x)-6.79)=20 | 5.92 2 + x * 6.79 - 20 = | 5.92:dollar 2:dollar +:dollar x:dollar *:dollar 6.79:dollar -:dollar 20:dollar =:dollar
EXPR: 0 | POS | FRA | 2 | 1.37 | 7.475 | (((5.92+x)*2)-6.79)=20 | 5.92 x + 2 * 6.79 - 20 = | 5.92:dollar x:dollar +:dollar 2:dollar *:dollar 6.79:dollar -:dollar 20:dollar =:dollar
EXPR: 0 | POS | FRA | 2 | 1.37 | 5.42 | (((5.92+6.79)*2)-20)=x | 5.92 6.79 + 2 * 20 - x = | 5.92:dollar 6.79:dollar +:dollar 2:dollar *:dollar 20:dollar -:dollar x:dollar =:dollar
EXPR: 0 | POS | FRA | 2 | 1.37 | 151.61 | (((5.92+2)*20)-6.79)=x | 5.92 2 + 20 * 6.79 - x = | 5.92:dollar 2:dollar +:dollar 20:dollar *:dollar 6.79:dollar -:dollar x:dollar =:dollar
EXPR: 0 | POS | FRA | 2 | 1.37 | 71.61 | (((5.92-2)*20)-6.79)=x | 5.92 2 - 20 * 6.79 - x = | 5.92:dollar 2:dollar -:dollar 20:dollar *:dollar 6.79:dollar -:dollar x:dollar =:dollar
EXPR: 0 | POS | FRA | 2 | 1.37 | 22.87 | (((5.92+x)-2)-6.79)=20 | 5.92 x + 2 - 6.79 - 20 = | 5.92:dollar x:dollar +:dollar 2:dollar -:dollar 6.79:dollar -:dollar 20:dollar =:dollar
EXPR: 0 | POS | FRA | 2 | 1.37 | 17.13 | (((5.92-2)+20)-6.79)=x | 5.92 2 - 20 + 6.79 - x = | 5.92:dollar 2:dollar -:dollar 20:dollar +:dollar 6.79:dollar -:dollar x:dollar =:dollar
EXPR: 0 | POS | FRA | 2 | 1.37 | 0.88659793814433 | ((5.92+(2/20))/6.79)=x | 5.92 2 20 / + 6.79 / x = | 5.92:dollar 2:dollar 20:dollar /:dollar +:dollar 6.79:dollar /:dollar x:dollar =:dollar
EXPR: 0 | POS | FRA | 2 | 1.37 | 0.14359351988218 | (((5.92/6.79)+2)/20)=x | 5.92 6.79 / 2 + 20 / x = | 5.92:dollar 6.79:dollar /:dollar 2:dollar +:dollar 20:dollar /:dollar x:dollar =:dollar
EXPR: 0 | POS | FRA | 2 | 1.37 | 3.38144329896907 | (((5.92/2)+20)/6.79)=x | 5.92 2 / 20 + 6.79 / x = | 5.92:dollar 2:dollar /:dollar 20:dollar +:dollar 6.79:dollar /:dollar x:dollar =:dollar
EXPR: 0 | POS | FRA | 2 | 1.37 | 0.7355 | (((5.92+6.79)+2)/20)=x | 5.92 6.79 + 2 + 20 / x = | 5.92:dollar 6.79:dollar +:dollar 2:dollar +:dollar 20:dollar /:dollar x:dollar =:dollar
EXPR: 0 | POS | FRA | 2 | 1.37 | 4.1119293078056 | (((5.92+2)+20)/6.79)=x | 5.92 2 + 20 + 6.79 / x = | 5.92:dollar 2:dollar +:dollar 20:dollar +:dollar 6.79:dollar /:dollar x:dollar =:dollar
EXPR: 0 | POS | FRA | 2 | 1.37 | 6.93204545454545 | 5.92=((2/(6.79-x))+20) | 5.92 2 6.79 x - / 20 + = | 5.92:dollar 2:dollar 6.79:dollar x:dollar -:dollar /:dollar 20:dollar +:dollar =:dollar
EXPR: 0 | POS | FRA | 2 | 1.37 | 4.2595 | 5.92=((2-(6.79/20))+x) | 5.92 2 6.79 20 / - x + = | 5.92:dollar 2:dollar 6.79:dollar 20:dollar /:dollar -:dollar x:dollar +:dollar =:dollar
EXPR: 0 | POS | FRA | 2 | 1.37 | 0.5355 | ((5.92+(6.79-2))/20)=x | 5.92 6.79 2 - + 20 / x = | 5.92:dollar 6.79:dollar 2:dollar -:dollar +:dollar 20:dollar /:dollar x:dollar =:dollar
EXPR: 0 | POS | FRA | 2 | 1.37 | 763.936 | (((5.92*6.79)-2)*20)=x | 5.92 6.79 * 2 - 20 * x = | 5.92:dollar 6.79:dollar *:dollar 2:dollar -:dollar 20:dollar *:dollar x:dollar =:dollar
EXPR: 0 | POS | FRA | 2 | 1.37 | 21.13 | ((5.92+(2+20))-6.79)=x | 5.92 2 20 + + 6.79 - x = | 5.92:dollar 2:dollar 20:dollar +:dollar +:dollar 6.79:dollar -:dollar x:dollar =:dollar
EXPR: 0 | POS | FRA | 2 | 1.37 | 6.76288659793814 | ((5.92+(2*20))/6.79)=x | 5.92 2 20 * + 6.79 / x = | 5.92:dollar 2:dollar 20:dollar *:dollar +:dollar 6.79:dollar /:dollar x:dollar =:dollar
EXPR: 0 | POS | FRA | 2 | 1.37 | 0.159714206105959 | (((5.92*x)+2)*6.79)=20 | 5.92 x * 2 + 6.79 * 20 = | 5.92:dollar x:dollar *:dollar 2:dollar +:dollar 6.79:dollar *:dollar 20:dollar =:dollar
EXPR: 0 | POS | FRA | 2 | 1.37 | 4.97449189985272 | x=((5.92+2)-(20/6.79)) | x 5.92 2 + 20 6.79 / - = | x:dollar 5.92:dollar 2:dollar +:dollar 20:dollar 6.79:dollar /:dollar -:dollar =:dollar
EXPR: 0 | POS | FRA | 2 | 1.37 | 0.12625 | ((5.92-(6.79/2))/20)=x | 5.92 6.79 2 / - 20 / x = | 5.92:dollar 6.79:dollar 2:dollar /:dollar -:dollar 20:dollar /:dollar x:dollar =:dollar
EXPR: 0 | POS | FRA | 2 | 1.37 | 0.857142857142857 | ((5.92-(2/20))/6.79)=x | 5.92 2 20 / - 6.79 / x = | 5.92:dollar 2:dollar 20:dollar /:dollar -:dollar 6.79:dollar /:dollar x:dollar =:dollar
EXPR: 0 | POS | FRA | 2 | 1.37 | 0.599545798637396 | x=((5.92+2)/(20-6.79)) | x 5.92 2 + 20 6.79 - / = | x:dollar 5.92:dollar 2:dollar +:dollar 20:dollar 6.79:dollar -:dollar /:dollar =:dollar
EXPR: 0 | POS | FRA | 2 | 1.37 | 2.36818851251841 | 5.92=((2-(6.79*x))+20) | 5.92 2 6.79 x * - 20 + = | 5.92:dollar 2:dollar 6.79:dollar x:dollar *:dollar -:dollar 20:dollar +:dollar =:dollar
EXPR: 0 | POS | FRA | 2 | 1.37 | 90.0432 | x=(5.92*((2+20)-6.79)) | x 5.92 2 20 + 6.79 - * = | x:dollar 5.92:dollar 2:dollar 20:dollar +:dollar 6.79:dollar -:dollar *:dollar =:dollar
EXPR: 0 | POS | FRA | 2 | 1.37 | 11.57016 | 5.92=((2-(x/6.79))*20) | 5.92 2 x 6.79 / - 20 * = | 5.92:dollar 2:dollar x:dollar 6.79:dollar /:dollar -:dollar 20:dollar *:dollar =:dollar
EXPR: 0 | POS | FRA | 2 | 1.37 | 8.3568 | ((5.92*(6.79-2))-20)=x | 5.92 6.79 2 - * 20 - x = | 5.92:dollar 6.79:dollar 2:dollar -:dollar *:dollar 20:dollar -:dollar x:dollar =:dollar
EXPR: 0 | POS | FRA | 2 | 1.37 | 0.389217619986851 | x=(5.92/((2+20)-6.79)) | x 5.92 2 20 + 6.79 - / = | x:dollar 5.92:dollar 2:dollar 20:dollar +:dollar 6.79:dollar -:dollar /:dollar =:dollar
EXPR: 0 | POS | FRA | 2 | 1.37 | 5.42 | x=(((5.92+6.79)*2)-20) | x 5.92 6.79 + 2 * 20 - = | x:dollar 5.92:dollar 6.79:dollar +:dollar 2:dollar *:dollar 20:dollar -:dollar =:dollar
EXPR: 0 | POS | FRA | 2 | 1.37 | 151.61 | x=(((5.92+2)*20)-6.79) | x 5.92 2 + 20 * 6.79 - = | x:dollar 5.92:dollar 2:dollar +:dollar 20:dollar *:dollar 6.79:dollar -:dollar =:dollar
EXPR: 0 | POS | FRA | 2 | 1.37 | 51.7832 | 5.92=(2-(x/(6.79-20))) | 5.92 2 x 6.79 20 - / - = | 5.92:dollar 2:dollar x:dollar 6.79:dollar 20:dollar -:dollar /:dollar -:dollar =:dollar
EXPR: 0 | POS | FRA | 2 | 1.37 | 170.4368 | x=(5.92*((2+20)+6.79)) | x 5.92 2 20 + 6.79 + * = | x:dollar 5.92:dollar 2:dollar 20:dollar +:dollar 6.79:dollar +:dollar *:dollar =:dollar
EXPR: 0 | POS | FRA | 2 | 1.37 | 137.03 | x=((5.92*(2+20))+6.79) | x 5.92 2 20 + * 6.79 + = | x:dollar 5.92:dollar 2:dollar 20:dollar +:dollar *:dollar 6.79:dollar +:dollar =:dollar
EXPR: 0 | POS | FRA | 2 | 1.37 | 4.97449189985272 | ((5.92+(2-x))*6.79)=20 | 5.92 2 x - + 6.79 * 20 = | 5.92:dollar 2:dollar x:dollar -:dollar +:dollar 6.79:dollar *:dollar 20:dollar =:dollar
EXPR: 0 | POS | FRA | 2 | 1.37 | 0.196800000000003 | x=((5.92*6.79)-(2*20)) | x 5.92 6.79 * 2 20 * - = | x:dollar 5.92:dollar 6.79:dollar *:dollar 2:dollar 20:dollar *:dollar -:dollar =:dollar
EXPR: 0 | POS | FRA | 2 | 1.37 | 51.7832 | x=((5.92-2)*(20-6.79)) | x 5.92 2 - 20 6.79 - * = | x:dollar 5.92:dollar 2:dollar -:dollar 20:dollar 6.79:dollar -:dollar *:dollar =:dollar
EXPR: 0 | POS | FRA | 2 | 1.37 | 34.71 | ((5.92+(2+20))+6.79)=x | 5.92 2 20 + + 6.79 + x = | 5.92:dollar 2:dollar 20:dollar +:dollar +:dollar 6.79:dollar +:dollar x:dollar =:dollar
EXPR: 0 | POS | FRA | 2 | 1.37 | 109.1832 | ((5.92-2)+(x/6.79))=20 | 5.92 2 - x 6.79 / + 20 = | 5.92:dollar 2:dollar -:dollar x:dollar 6.79:dollar /:dollar +:dollar 20:dollar =:dollar
EXPR: 0 | POS | FRA | 2 | 1.37 | 55.4064 | ((5.92*2)+(x/6.79))=20 | 5.92 2 * x 6.79 / + 20 = | 5.92:dollar 2:dollar *:dollar x:dollar 6.79:dollar /:dollar +:dollar 20:dollar =:dollar
EXPR: 0 | POS | FRA | 2 | 1.37 | 2.36818851251841 | ((5.92-2)+(x*6.79))=20 | 5.92 2 - x 6.79 * + 20 = | 5.92:dollar 2:dollar -:dollar x:dollar 6.79:dollar *:dollar +:dollar 20:dollar =:dollar
EXPR: 0 | POS | FRA | 2 | 1.37 | 10.435 | ((5.92+(2*x))-6.79)=20 | 5.92 2 x * + 6.79 - 20 = | 5.92:dollar 2:dollar x:dollar *:dollar +:dollar 6.79:dollar -:dollar 20:dollar =:dollar
EXPR: 0 | POS | FRA | 2 | 1.37 | 21.13 | x=(((5.92+2)+20)-6.79) | x 5.92 2 + 20 + 6.79 - = | x:dollar 5.92:dollar 2:dollar +:dollar 20:dollar +:dollar 6.79:dollar -:dollar =:dollar
EXPR: 0 | POS | FRA | 2 | 1.37 | 39.13 | ((5.92+(2*20))-6.79)=x | 5.92 2 20 * + 6.79 - x = | 5.92:dollar 2:dollar 20:dollar *:dollar +:dollar 6.79:dollar -:dollar x:dollar =:dollar
EXPR: 0 | POS | FRA | 2 | 1.37 | 17.13 | ((5.92-(2-20))-6.79)=x | 5.92 2 20 - - 6.79 - x = | 5.92:dollar 2:dollar 20:dollar -:dollar -:dollar 6.79:dollar -:dollar x:dollar =:dollar
EXPR: 0 | POS | FRA | 2 | 1.37 | 2.52533783783784 | ((5.92*(2+x))-6.79)=20 | 5.92 2 x + * 6.79 - 20 = | 5.92:dollar 2:dollar x:dollar +:dollar *:dollar 6.79:dollar -:dollar 20:dollar =:dollar
EXPR: 0 | POS | FRA | 2 | 1.37 | 5.29 | ((5.92+(2+x))+6.79)=20 | 5.92 2 x + + 6.79 + 20 = | 5.92:dollar 2:dollar x:dollar +:dollar +:dollar 6.79:dollar +:dollar 20:dollar =:dollar
EXPR: 0 | POS | FRA | 2 | 1.37 | 22.87 | (((5.92-2)+x)-6.79)=20 | 5.92 2 - x + 6.79 - 20 = | 5.92:dollar 2:dollar -:dollar x:dollar +:dollar 6.79:dollar -:dollar 20:dollar =:dollar
EXPR: 0 | POS | FRA | 2 | 1.37 | 9.29 | (((5.92+x)-2)+6.79)=20 | 5.92 x + 2 - 6.79 + 20 = | 5.92:dollar x:dollar +:dollar 2:dollar -:dollar 6.79:dollar +:dollar 20:dollar =:dollar
EXPR: 0 | POS | FRA | 2 | 1.37 | 0.178259560373382 | x=(5.92/((2*20)-6.79)) | x 5.92 2 20 * 6.79 - / = | x:dollar 5.92:dollar 2:dollar 20:dollar *:dollar 6.79:dollar -:dollar /:dollar =:dollar
EXPR: 0 | POS | FRA | 2 | 1.37 | 279.62 | ((5.92+6.79)*(2+20))=x | 5.92 6.79 + 2 20 + * x = | 5.92:dollar 6.79:dollar +:dollar 2:dollar 20:dollar +:dollar *:dollar x:dollar =:dollar
EXPR: 0 | POS | FRA | 2 | 1.37 | 6.64795454545455 | (5.92+(2/(6.79-x)))=20 | 5.92 2 6.79 x - / + 20 = | 5.92:dollar 2:dollar 6.79:dollar x:dollar -:dollar /:dollar +:dollar 20:dollar =:dollar
EXPR: 0 | POS | FRA | 2 | 1.37 | 39.1016 | ((5.92/2)*(20-6.79))=x | 5.92 2 / 20 6.79 - * x = | 5.92:dollar 2:dollar /:dollar 20:dollar 6.79:dollar -:dollar *:dollar x:dollar =:dollar
EXPR: 0 | POS | FRA | 2 | 1.37 | 189.5768 | ((5.92+(2+20))*6.79)=x | 5.92 2 20 + + 6.79 * x = | 5.92:dollar 2:dollar 20:dollar +:dollar +:dollar 6.79:dollar *:dollar x:dollar =:dollar
EXPR: 0 | POS | FRA | 2 | 1.37 | 22.525 | ((5.92-(6.79/2))+20)=x | 5.92 6.79 2 / - 20 + x = | 5.92:dollar 6.79:dollar 2:dollar /:dollar -:dollar 20:dollar +:dollar x:dollar =:dollar
EXPR: 0 | POS | FRA | 2 | 1.37 | 12.61 | ((5.92-(2/20))+6.79)=x | 5.92 2 20 / - 6.79 + x = | 5.92:dollar 2:dollar 20:dollar /:dollar -:dollar 6.79:dollar +:dollar x:dollar =:dollar
EXPR: 0 | POS | FRA | 2 | 1.37 | 5.29 | (((5.92+x)+2)+6.79)=20 | 5.92 x + 2 + 6.79 + 20 = | 5.92:dollar x:dollar +:dollar 2:dollar +:dollar 6.79:dollar +:dollar 20:dollar =:dollar
EXPR: 0 | POS | FRA | 2 | 1.37 | 27.66 | ((5.92-(2*6.79))+x)=20 | 5.92 2 6.79 * - x + 20 = | 5.92:dollar 2:dollar 6.79:dollar *:dollar -:dollar x:dollar +:dollar 20:dollar =:dollar
EXPR: 0 | POS | FRA | 2 | 1.37 | 14.3745508100147 | ((5.92-(2/6.79))+x)=20 | 5.92 2 6.79 / - x + 20 = | 5.92:dollar 2:dollar 6.79:dollar /:dollar -:dollar x:dollar +:dollar 20:dollar =:dollar
EXPR: 0 | POS | FRA | 2 | 1.37 | 18.87 | ((5.92+(2+x))-6.79)=20 | 5.92 2 x + + 6.79 - 20 = | 5.92:dollar 2:dollar x:dollar +:dollar +:dollar 6.79:dollar -:dollar 20:dollar =:dollar
EXPR: 0 | POS | FRA | 2 | 1.37 | 127.88 | ((5.92+(2+x))/6.79)=20 | 5.92 2 x + + 6.79 / 20 = | 5.92:dollar 2:dollar x:dollar +:dollar +:dollar 6.79:dollar /:dollar 20:dollar =:dollar
EXPR: 0 | POS | FRA | 2 | 1.37 | 6.93204545454545 | (5.92-(2/(6.79-x)))=20 | 5.92 2 6.79 x - / - 20 = | 5.92:dollar 2:dollar 6.79:dollar x:dollar -:dollar /:dollar -:dollar 20:dollar =:dollar
EXPR: 0 | POS | FRA | 2 | 1.37 | 22.87 | (5.92-(2+(6.79-x)))=20 | 5.92 2 6.79 x - + - 20 = | 5.92:dollar 2:dollar 6.79:dollar x:dollar -:dollar +:dollar -:dollar 20:dollar =:dollar
EXPR: 0 | POS | FRA | 2 | 1.37 | 2.679941089838 | x=(5.92-((2+20)/6.79)) | x 5.92 2 20 + 6.79 / - = | x:dollar 5.92:dollar 2:dollar 20:dollar +:dollar 6.79:dollar /:dollar -:dollar =:dollar
EXPR: 0 | POS | FRA | 2 | 1.37 | 40.7888 | x=(5.92*((2/20)+6.79)) | x 5.92 2 20 / 6.79 + * = | x:dollar 5.92:dollar 2:dollar 20:dollar /:dollar 6.79:dollar +:dollar *:dollar =:dollar
EXPR: 0 | POS | FRA | 2 | 1.37 | 6.07140045420136 | (5.92+(2/(20-6.79)))=x | 5.92 2 20 6.79 - / + x = | 5.92:dollar 2:dollar 20:dollar 6.79:dollar -:dollar /:dollar +:dollar x:dollar =:dollar
EXPR: 0 | POS | FRA | 2 | 1.37 | 57.4374079528719 | x=(((5.92/6.79)+2)*20) | x 5.92 6.79 / 2 + 20 * = | x:dollar 5.92:dollar 6.79:dollar /:dollar 2:dollar +:dollar 20:dollar *:dollar =:dollar
EXPR: 0 | POS | FRA | 2 | 1.37 | 155.8984 | x=(((5.92/2)+20)*6.79) | x 5.92 2 / 20 + 6.79 * = | x:dollar 5.92:dollar 2:dollar /:dollar 20:dollar +:dollar 6.79:dollar *:dollar =:dollar
EXPR: 0 | POS | FRA | 2 | 1.37 | 5.29 | (((5.92+2)+x)+6.79)=20 | 5.92 2 + x + 6.79 + 20 = | 5.92:dollar 2:dollar +:dollar x:dollar +:dollar 6.79:dollar +:dollar 20:dollar =:dollar
EXPR: 0 | POS | FRA | 2 | 1.37 | 216.1936 | (((5.92*2)+20)*6.79)=x | 5.92 2 * 20 + 6.79 * x = | 5.92:dollar 2:dollar *:dollar 20:dollar +:dollar 6.79:dollar *:dollar x:dollar =:dollar
EXPR: 0 | POS | FRA | 2 | 1.37 | 2.56925675675676 | (((5.92*x)-2)+6.79)=20 | 5.92 x * 2 - 6.79 + 20 = | 5.92:dollar x:dollar *:dollar 2:dollar -:dollar 6.79:dollar +:dollar 20:dollar =:dollar
EXPR: 0 | POS | FRA | 2 | 1.37 | 6.46111111111111 | ((5.92/(2-20))+6.79)=x | 5.92 2 20 - / 6.79 + x = | 5.92:dollar 2:dollar 20:dollar -:dollar /:dollar 6.79:dollar +:dollar x:dollar =:dollar
EXPR: 0 | POS | FRA | 2 | 1.37 | 0.42226368159204 | ((5.92-2)+(6.79/x))=20 | 5.92 2 - 6.79 x / + 20 = | 5.92:dollar 2:dollar -:dollar 6.79:dollar x:dollar /:dollar +:dollar 20:dollar =:dollar
EXPR: 0 | POS | FRA | 2 | 1.37 | 58.1968 | (((5.92*6.79)-2)+20)=x | 5.92 6.79 * 2 - 20 + x = | 5.92:dollar 6.79:dollar *:dollar 2:dollar -:dollar 20:dollar +:dollar x:dollar =:dollar
EXPR: 0 | POS | FRA | 2 | 1.37 | 39.13 | x=((5.92+(2*20))-6.79) | x 5.92 2 20 * + 6.79 - = | x:dollar 5.92:dollar 2:dollar 20:dollar *:dollar +:dollar 6.79:dollar -:dollar =:dollar
EXPR: 0 | POS | FRA | 2 | 1.37 | 1.48724594992636 | ((5.92-(x*2))*6.79)=20 | 5.92 x 2 * - 6.79 * 20 = | 5.92:dollar x:dollar 2:dollar *:dollar -:dollar 6.79:dollar *:dollar 20:dollar =:dollar
EXPR: 0 | POS | FRA | 2 | 1.37 | 276.9968 | x=(5.92*((2*20)+6.79)) | x 5.92 2 20 * 6.79 + * = | x:dollar 5.92:dollar 2:dollar 20:dollar *:dollar 6.79:dollar +:dollar *:dollar =:dollar
EXPR: 0 | POS | FRA | 2 | 1.37 | 30.71 | ((5.92+(6.79-2))+20)=x | 5.92 6.79 2 - + 20 + x = | 5.92:dollar 6.79:dollar 2:dollar -:dollar +:dollar 20:dollar +:dollar x:dollar =:dollar
EXPR: 0 | POS | FRA | 2 | 1.37 | 0.205626953803404 | x=(5.92/((2+20)+6.79)) | x 5.92 2 20 + 6.79 + / = | x:dollar 5.92:dollar 2:dollar 20:dollar +:dollar 6.79:dollar +:dollar /:dollar =:dollar
EXPR: 0 | POS | FRA | 2 | 1.37 | 14.95 | (((5.92*2)+x)-6.79)=20 | 5.92 2 * x + 6.79 - 20 = | 5.92:dollar 2:dollar *:dollar x:dollar +:dollar 6.79:dollar -:dollar 20:dollar =:dollar
EXPR: 0 | POS | FRA | 2 | 1.37 | 22.1968 | (((5.92*6.79)+2)-20)=x | 5.92 6.79 * 2 + 20 - x = | 5.92:dollar 6.79:dollar *:dollar 2:dollar +:dollar 20:dollar -:dollar x:dollar =:dollar
EXPR: 0 | POS | FRA | 2 | 1.37 | 25.05 | (((5.92*2)+20)-6.79)=x | 5.92 2 * 20 + 6.79 - x = | 5.92:dollar 2:dollar *:dollar 20:dollar +:dollar 6.79:dollar -:dollar x:dollar =:dollar
EXPR: 0 | POS | FRA | 2 | 1.37 | 5.54277777777778 | (5.92+(6.79/(2-20)))=x | 5.92 6.79 2 20 - / + x = | 5.92:dollar 6.79:dollar 2:dollar 20:dollar -:dollar /:dollar +:dollar x:dollar =:dollar
EXPR: 0 | POS | FRA | 2 | 1.37 | 30.71 | (5.92+(6.79-(2-20)))=x | 5.92 6.79 2 20 - - + x = | 5.92:dollar 6.79:dollar 2:dollar 20:dollar -:dollar -:dollar +:dollar x:dollar =:dollar
EXPR: 0 | POS | FRA | 2 | 1.37 | 6.26118380062305 | (((5.92/x)+2)*6.79)=20 | 5.92 x / 2 + 6.79 * 20 = | 5.92:dollar x:dollar /:dollar 2:dollar +:dollar 6.79:dollar *:dollar 20:dollar =:dollar
EXPR: 0 | POS | FRA | 2 | 1.37 | 104.6232 | x=((5.92+2)*(20-6.79)) | x 5.92 2 + 20 6.79 - * = | x:dollar 5.92:dollar 2:dollar +:dollar 20:dollar 6.79:dollar -:dollar *:dollar =:dollar
EXPR: 0 | POS | FRA | 2 | 1.37 | 21.13 | x=((5.92+(2+20))-6.79) | x 5.92 2 20 + + 6.79 - = | x:dollar 5.92:dollar 2:dollar 20:dollar +:dollar +:dollar 6.79:dollar -:dollar =:dollar
EXPR: 0 | POS | FRA | 2 | 1.37 | 39.13 | x=(5.92+((2*20)-6.79)) | x 5.92 2 20 * 6.79 - + = | x:dollar 5.92:dollar 2:dollar 20:dollar *:dollar 6.79:dollar -:dollar +:dollar =:dollar
EXPR: 0 | POS | FRA | 2 | 1.37 | 843.936 | (((5.92*6.79)+2)*20)=x | 5.92 6.79 * 2 + 20 * x = | 5.92:dollar 6.79:dollar *:dollar 2:dollar +:dollar 20:dollar *:dollar x:dollar =:dollar
EXPR: 0 | POS | FRA | 2 | 1.37 | 0.126522761273776 | x=(5.92/((2*20)+6.79)) | x 5.92 2 20 * 6.79 + / = | x:dollar 5.92:dollar 2:dollar 20:dollar *:dollar 6.79:dollar +:dollar /:dollar =:dollar
EXPR: 0 | POS | FRA | 2 | 1.37 | 0.974491899852725 | ((5.92-(x+2))*6.79)=20 | 5.92 x 2 + - 6.79 * 20 = | 5.92:dollar x:dollar 2:dollar +:dollar -:dollar 6.79:dollar *:dollar 20:dollar =:dollar
EXPR: 0 | POS | FRA | 2 | 1.37 | 5.29 | (5.92+(2+(6.79+x)))=20 | 5.92 2 6.79 x + + + 20 = | 5.92:dollar 2:dollar 6.79:dollar x:dollar +:dollar +:dollar +:dollar 20:dollar =:dollar
EXPR: 0 | POS | FRA | 2 | 1.37 | 2.679941089838 | (5.92-((2+20)/6.79))=x | 5.92 2 20 + 6.79 / - x = | 5.92:dollar 2:dollar 20:dollar +:dollar 6.79:dollar /:dollar -:dollar x:dollar =:dollar
EXPR: 0 | POS | FRA | 2 | 1.37 | 21.13 | ((5.92-(6.79-2))+20)=x | 5.92 6.79 2 - - 20 + x = | 5.92:dollar 6.79:dollar 2:dollar -:dollar -:dollar 20:dollar +:dollar x:dollar =:dollar
EXPR: 0 | POS | FRA | 2 | 1.37 | 30.71 | ((5.92-(2-20))+6.79)=x | 5.92 2 20 - - 6.79 + x = | 5.92:dollar 2:dollar 20:dollar -:dollar -:dollar 6.79:dollar +:dollar x:dollar =:dollar
EXPR: 0 | POS | FRA | 2 | 1.37 | 71.61 | x=(((5.92-2)*20)-6.79) | x 5.92 2 - 20 * 6.79 - = | x:dollar 5.92:dollar 2:dollar -:dollar 20:dollar *:dollar 6.79:dollar -:dollar =:dollar
EXPR: 0 | POS | FRA | 2 | 1.37 | 40.8758 | x=((5.92+(2/20))*6.79) | x 5.92 2 20 / + 6.79 * = | x:dollar 5.92:dollar 2:dollar 20:dollar /:dollar +:dollar 6.79:dollar *:dollar =:dollar
EXPR: 0 | POS | FRA | 2 | 1.37 | 216.1936 | x=(((5.92*2)+20)*6.79) | x 5.92 2 * 20 + 6.79 * = | x:dollar 5.92:dollar 2:dollar *:dollar 20:dollar +:dollar 6.79:dollar *:dollar =:dollar
EXPR: 0 | POS | FRA | 2 | 1.37 | 0.0565 | ((5.92-(6.79-2))/20)=x | 5.92 6.79 2 - - 20 / x = | 5.92:dollar 6.79:dollar 2:dollar -:dollar -:dollar 20:dollar /:dollar x:dollar =:dollar
EXPR: 0 | POS | FRA | 2 | 1.37 | 3.52282768777614 | ((5.92-(2-20))/6.79)=x | 5.92 2 20 - - 6.79 / x = | 5.92:dollar 2:dollar 20:dollar -:dollar -:dollar 6.79:dollar /:dollar x:dollar =:dollar
EXPR: 0 | POS | FRA | 2 | 1.37 | 3.36989795918367 | (((5.92-2)*x)+6.79)=20 | 5.92 2 - x * 6.79 + 20 = | 5.92:dollar 2:dollar -:dollar x:dollar *:dollar 6.79:dollar +:dollar 20:dollar =:dollar
EXPR: 0 | POS | FRA | 3 | 1.37 | 311.7968 | x=((5.92+(2*20))*6.79) | x 5.92 2 20 * + 6.79 * = | x:dollar 5.92:dollar 2:dollar 20:dollar *:dollar +:dollar 6.79:dollar *:dollar =:dollar
EXPR: 0 | POS | FRA | 3 | 1.37 | 0.5355 | x=(((5.92+6.79)-2)/20) | x 5.92 6.79 + 2 - 20 / = | x:dollar 5.92:dollar 6.79:dollar +:dollar 2:dollar -:dollar 20:dollar /:dollar =:dollar
EXPR: 0 | POS | FRA | 3 | 1.37 | 16.17 | x=(((5.92/2)+20)-6.79) | x 5.92 2 / 20 + 6.79 - = | x:dollar 5.92:dollar 2:dollar /:dollar 20:dollar +:dollar 6.79:dollar -:dollar =:dollar
EXPR: 0 | POS | FRA | 4 | 1.37 | 1.90984 | (((5.92*6.79)-2)/x)=20 | 5.92 6.79 * 2 - x / 20 = | 5.92:dollar 6.79:dollar *:dollar 2:dollar -:dollar x:dollar /:dollar 20:dollar =:dollar
EXPR: 0 | POS | FRA | 4 | 1.37 | 19.4265202702703 | ((5.92*2)*(20-x))=6.79 | 5.92 2 * 20 x - * 6.79 = | 5.92:dollar 2:dollar *:dollar 20:dollar x:dollar -:dollar *:dollar 6.79:dollar =:dollar
EXPR: 0 | POS | FRA | 4 | 1.37 | 0.296744890234671 | 5.92=(2+(x*(20-6.79))) | 5.92 2 x 20 6.79 - * + = | 5.92:dollar 2:dollar x:dollar 20:dollar 6.79:dollar -:dollar *:dollar +:dollar =:dollar
EXPR: 0 | POS | FRA | 4 | 1.37 | 21.7321428571429 | ((5.92-2)*(x-20))=6.79 | 5.92 2 - x 20 - * 6.79 = | 5.92:dollar 2:dollar -:dollar x:dollar 20:dollar -:dollar *:dollar 6.79:dollar =:dollar
EXPR: 0 | POS | FRA | 4 | 1.37 | 279.62 | 2=((x/(5.92+6.79))-20) | 2 x 5.92 6.79 + / 20 - = | 2:dollar x:dollar 5.92:dollar 6.79:dollar +:dollar /:dollar 20:dollar -:dollar =:dollar
EXPR: 0 | POS | FRA | 4 | 1.37 | 34.71 | 2=((x-(5.92+6.79))-20) | 2 x 5.92 6.79 + - 20 - = | 2:dollar x:dollar 5.92:dollar 6.79:dollar +:dollar -:dollar 20:dollar -:dollar =:dollar
EXPR: 0 | POS | FRA | 4 | 1.37 | 15.66 | 2=((x/(5.92-6.79))+20) | 2 x 5.92 6.79 - / 20 + = | 2:dollar x:dollar 5.92:dollar 6.79:dollar -:dollar /:dollar 20:dollar +:dollar =:dollar
EXPR: 0 | POS | FRA | 4 | 1.37 | 0.0153988296889436 | ((5.92+(2/x))/20)=6.79 | 5.92 2 x / + 20 / 6.79 = | 5.92:dollar 2:dollar x:dollar /:dollar +:dollar 20:dollar /:dollar 6.79:dollar =:dollar
EXPR: 0 | POS | FRA | 4 | 1.37 | 6.594 | 5.92=(2-(20*(x-6.79))) | 5.92 2 20 x 6.79 - * - = | 5.92:dollar 2:dollar 20:dollar x:dollar 6.79:dollar -:dollar *:dollar -:dollar =:dollar
EXPR: 0 | POS | FRA | 4 | 1.37 | 4.23141891891892 | ((5.92*(2-x))+20)=6.79 | 5.92 2 x - * 20 + 6.79 = | 5.92:dollar 2:dollar x:dollar -:dollar *:dollar 20:dollar +:dollar 6.79:dollar =:dollar
EXPR: 0 | POS | FRA | 4 | 1.37 | 2.44814534443603 | ((5.92/(2-x))+20)=6.79 | 5.92 2 x - / 20 + 6.79 = | 5.92:dollar 2:dollar x:dollar -:dollar /:dollar 20:dollar +:dollar 6.79:dollar =:dollar
EXPR: 0 | POS | FRA | 4 | 1.37 | 1.7309205350118 | 2=((x*(5.92+6.79))-20) | 2 x 5.92 6.79 + * 20 - = | 2:dollar x:dollar 5.92:dollar 6.79:dollar +:dollar *:dollar 20:dollar -:dollar =:dollar
EXPR: 0 | POS | FRA | 4 | 1.37 | 0.54222972972973 | (((5.92*x)+6.79)*2)=20 | 5.92 x * 6.79 + 2 * 20 = | 5.92:dollar x:dollar *:dollar 6.79:dollar +:dollar 2:dollar *:dollar 20:dollar =:dollar
EXPR: 0 | POS | FRA | 4 | 1.37 | 22.5625920471281 | 5.92=((2-(x/20))*6.79) | 5.92 2 x 20 / - 6.79 * = | 5.92:dollar 2:dollar x:dollar 20:dollar /:dollar -:dollar 6.79:dollar *:dollar =:dollar
EXPR: 0 | POS | FRA | 4 | 1.37 | 139.72 | ((x+(2-5.92))/6.79)=20 | x 2 5.92 - + 6.79 / 20 = | x:dollar 2:dollar 5.92:dollar -:dollar +:dollar 6.79:dollar /:dollar 20:dollar =:dollar
EXPR: 0 | POS | FRA | 4 | 1.37 | 138.093918918919 | 2=(5.92*((x/6.79)-20)) | 2 5.92 x 6.79 / 20 - * = | 2:dollar 5.92:dollar x:dollar 6.79:dollar /:dollar 20:dollar -:dollar *:dollar =:dollar
EXPR: 0 | POS | FRA | 4 | 1.37 | 0.1435 | ((5.92-2)+(x*20))=6.79 | 5.92 2 - x 20 * + 6.79 = | 5.92:dollar 2:dollar -:dollar x:dollar 20:dollar *:dollar +:dollar 6.79:dollar =:dollar
EXPR: 0 | POS | FRA | 4 | 1.37 | 2.36818851251841 | ((5.92+(6.79*x))-2)=20 | 5.92 6.79 x * + 2 - 20 = | 5.92:dollar 6.79:dollar x:dollar *:dollar +:dollar 2:dollar -:dollar 20:dollar =:dollar
EXPR: 0 | POS | FRA | 4 | 1.37 | 5.29 | ((5.92+(6.79+x))+2)=20 | 5.92 6.79 x + + 2 + 20 = | 5.92:dollar 6.79:dollar x:dollar +:dollar +:dollar 2:dollar +:dollar 20:dollar =:dollar
EXPR: 0 | POS | FRA | 4 | 1.37 | 9.29 | ((5.92+(6.79+x))-2)=20 | 5.92 6.79 x + + 2 - 20 = | 5.92:dollar 6.79:dollar x:dollar +:dollar +:dollar 2:dollar -:dollar 20:dollar =:dollar
EXPR: 0 | POS | FRA | 4 | 1.37 | 3.36989795918367 | 2=(5.92+((6.79-20)/x)) | 2 5.92 6.79 20 - x / + = | 2:dollar 5.92:dollar 6.79:dollar 20:dollar -:dollar x:dollar /:dollar +:dollar =:dollar
EXPR: 0 | POS | FRA | 4 | 1.37 | 0.600883652430044 | ((5.92+(x*6.79))*2)=20 | 5.92 x 6.79 * + 2 * 20 = | 5.92:dollar x:dollar 6.79:dollar *:dollar +:dollar 2:dollar *:dollar 20:dollar =:dollar
EXPR: 0 | POS | FRA | 5 | 1.37 | 30.71 | (((5.92+6.79)+20)-2)=x | 5.92 6.79 + 20 + 2 - x = | 5.92:dollar 6.79:dollar +:dollar 20:dollar +:dollar 2:dollar -:dollar x:dollar =:dollar
EXPR: 0 | POS | FRA | 5 | 1.37 | 9.565 | (((5.92-6.79)+20)/2)=x | 5.92 6.79 - 20 + 2 / x = | 5.92:dollar 6.79:dollar -:dollar 20:dollar +:dollar 2:dollar /:dollar x:dollar =:dollar
EXPR: 0 | POS | FRA | 5 | 1.37 | 38.26 | (((5.92-6.79)+20)*2)=x | 5.92 6.79 - 20 + 2 * x = | 5.92:dollar 6.79:dollar -:dollar 20:dollar +:dollar 2:dollar *:dollar x:dollar =:dollar
EXPR: 0 | POS | FRA | 5 | 1.37 | 65.42 | (((5.92+6.79)+20)*2)=x | 5.92 6.79 + 20 + 2 * x = | 5.92:dollar 6.79:dollar +:dollar 20:dollar +:dollar 2:dollar *:dollar x:dollar =:dollar
EXPR: 0 | POS | FRA | 5 | 1.37 | 18.1968 | (((5.92*6.79)-20)-2)=x | 5.92 6.79 * 20 - 2 - x = | 5.92:dollar 6.79:dollar *:dollar 20:dollar -:dollar 2:dollar -:dollar x:dollar =:dollar
EXPR: 0 | POS | FRA | 5 | 1.37 | 252.2 | (((5.92+6.79)*20)-2)=x | 5.92 6.79 + 20 * 2 - x = | 5.92:dollar 6.79:dollar +:dollar 20:dollar *:dollar 2:dollar -:dollar x:dollar =:dollar
EXPR: 0 | POS | FRA | 5 | 1.37 | 17.13 | (((5.92-6.79)+20)-2)=x | 5.92 6.79 - 20 + 2 - x = | 5.92:dollar 6.79:dollar -:dollar 20:dollar +:dollar 2:dollar -:dollar x:dollar =:dollar
EXPR: 0 | POS | FRA | 5 | 1.37 | 10.4359351988218 | (((5.92/6.79)+20)/2)=x | 5.92 6.79 / 20 + 2 / x = | 5.92:dollar 6.79:dollar /:dollar 20:dollar +:dollar 2:dollar /:dollar x:dollar =:dollar
EXPR: 0 | POS | FRA | 5 | 1.37 | 16.355 | (((5.92+6.79)+20)/2)=x | 5.92 6.79 + 20 + 2 / x = | 5.92:dollar 6.79:dollar +:dollar 20:dollar +:dollar 2:dollar /:dollar x:dollar =:dollar
EXPR: 0 | POS | FRA | 5 | 1.37 | 3.12975 | ((5.92+(6.79/20))/2)=x | 5.92 6.79 20 / + 2 / x = | 5.92:dollar 6.79:dollar 20:dollar /:dollar +:dollar 2:dollar /:dollar x:dollar =:dollar
EXPR: 0 | POS | FRA | 5 | 1.37 | 3.52282768777614 | ((5.92+(20-2))/6.79)=x | 5.92 20 2 - + 6.79 / x = | 5.92:dollar 20:dollar 2:dollar -:dollar +:dollar 6.79:dollar /:dollar x:dollar =:dollar
EXPR: 0 | POS | FRA | 5 | 1.37 | 40.3936 | (((5.92*6.79)-20)*2)=x | 5.92 6.79 * 20 - 2 * x = | 5.92:dollar 6.79:dollar *:dollar 20:dollar -:dollar 2:dollar *:dollar x:dollar =:dollar
EXPR: 0 | POS | FRA | 5 | 1.37 | 30.71 | ((5.92+(6.79+20))-2)=x | 5.92 6.79 20 + + 2 - x = | 5.92:dollar 6.79:dollar 20:dollar +:dollar +:dollar 2:dollar -:dollar x:dollar =:dollar
EXPR: 0 | POS | FRA | 5 | 1.37 | 70.86 | ((5.92+(6.79*20))/2)=x | 5.92 6.79 20 * + 2 / x = | 5.92:dollar 6.79:dollar 20:dollar *:dollar +:dollar 2:dollar /:dollar x:dollar =:dollar
EXPR: 0 | POS | FRA | 5 | 1.37 | 2.71 | x=((5.92+6.79)-(20/2)) | x 5.92 6.79 + 20 2 / - = | x:dollar 5.92:dollar 6.79:dollar +:dollar 20:dollar 2:dollar /:dollar -:dollar =:dollar
EXPR: 0 | POS | FRA | 5 | 1.37 | 2.79025 | ((5.92-(6.79/20))/2)=x | 5.92 6.79 20 / - 2 / x = | 5.92:dollar 6.79:dollar 20:dollar /:dollar -:dollar 2:dollar /:dollar x:dollar =:dollar
EXPR: 0 | POS | FRA | 5 | 1.37 | 146.7568 | x=(5.92*((6.79+20)-2)) | x 5.92 6.79 20 + 2 - * = | x:dollar 5.92:dollar 6.79:dollar 20:dollar +:dollar 2:dollar -:dollar *:dollar =:dollar
EXPR: 0 | POS | FRA | 5 | 1.37 | 0.238805970149254 | x=(5.92/((6.79+20)-2)) | x 5.92 6.79 20 + 2 - / = | x:dollar 5.92:dollar 6.79:dollar 20:dollar +:dollar 2:dollar -:dollar /:dollar =:dollar
EXPR: 0 | POS | FRA | 5 | 1.37 | 252.2 | x=(((5.92+6.79)*20)-2) | x 5.92 6.79 + 20 * 2 - = | x:dollar 5.92:dollar 6.79:dollar +:dollar 20:dollar *:dollar 2:dollar -:dollar =:dollar
EXPR: 0 | POS | FRA | 5 | 1.37 | 12.34 | x=((5.92+20)-(2*6.79)) | x 5.92 20 + 2 6.79 * - = | x:dollar 5.92:dollar 20:dollar +:dollar 2:dollar 6.79:dollar *:dollar -:dollar =:dollar
EXPR: 0 | POS | FRA | 5 | 1.37 | 160.5968 | x=((5.92*(6.79+20))+2) | x 5.92 6.79 20 + * 2 + = | x:dollar 5.92:dollar 6.79:dollar 20:dollar +:dollar *:dollar 2:dollar +:dollar =:dollar
EXPR: 0 | POS | FRA | 5 | 1.37 | 170.4368 | x=(5.92*((6.79+20)+2)) | x 5.92 6.79 20 + 2 + * = | x:dollar 5.92:dollar 6.79:dollar 20:dollar +:dollar 2:dollar +:dollar *:dollar =:dollar
EXPR: 0 | POS | FRA | 5 | 1.37 | 34.71 | ((5.92+(6.79+20))+2)=x | 5.92 6.79 20 + + 2 + x = | 5.92:dollar 6.79:dollar 20:dollar +:dollar +:dollar 2:dollar +:dollar x:dollar =:dollar
EXPR: 0 | POS | FRA | 5 | 1.37 | 21.13 | x=(((5.92+20)+2)-6.79) | x 5.92 20 + 2 + 6.79 - = | x:dollar 5.92:dollar 20:dollar +:dollar 2:dollar +:dollar 6.79:dollar -:dollar =:dollar
EXPR: 0 | POS | FRA | 5 | 1.37 | 57.4 | ((2+(6.79-5.92))*20)=x | 2 6.79 5.92 - + 20 * x = | 2:dollar 6.79:dollar 5.92:dollar -:dollar +:dollar 20:dollar *:dollar x:dollar =:dollar
EXPR: 0 | POS | FRA | 5 | 1.37 | 17.0608108108108 | ((2-(6.79/5.92))*20)=x | 2 6.79 5.92 / - 20 * x = | 2:dollar 6.79:dollar 5.92:dollar /:dollar -:dollar 20:dollar *:dollar x:dollar =:dollar
EXPR: 0 | POS | FRA | 5 | 1.37 | 139.72 | ((5.92+(6.79*20))-2)=x | 5.92 6.79 20 * + 2 - x = | 5.92:dollar 6.79:dollar 20:dollar *:dollar +:dollar 2:dollar -:dollar x:dollar =:dollar
EXPR: 0 | POS | FRA | 5 | 1.37 | 17.13 | ((5.92-(6.79-20))-2)=x | 5.92 6.79 20 - - 2 - x = | 5.92:dollar 6.79:dollar 20:dollar -:dollar -:dollar 2:dollar -:dollar x:dollar =:dollar
EXPR: 0 | POS | FRA | 5 | 1.37 | 156.5968 | ((5.92*(6.79+20))-2)=x | 5.92 6.79 20 + * 2 - x = | 5.92:dollar 6.79:dollar 20:dollar +:dollar *:dollar 2:dollar -:dollar x:dollar =:dollar
EXPR: 0 | POS | FRA | 5 | 1.37 | 0.0442451420029895 | x=(5.92/((6.79*20)-2)) | x 5.92 6.79 20 * 2 - / = | x:dollar 5.92:dollar 6.79:dollar 20:dollar *:dollar 2:dollar -:dollar /:dollar =:dollar
EXPR: 0 | POS | FRA | 5 | 1.37 | 3.5805 | ((5.92-(6.79/20))-2)=x | 5.92 6.79 20 / - 2 - x = | 5.92:dollar 6.79:dollar 20:dollar /:dollar -:dollar 2:dollar -:dollar x:dollar =:dollar
EXPR: 0 | POS | FRA | 5 | 1.37 | 7.5805 | ((5.92-(6.79/20))+2)=x | 5.92 6.79 20 / - 2 + x = | 5.92:dollar 6.79:dollar 20:dollar /:dollar -:dollar 2:dollar +:dollar x:dollar =:dollar
EXPR: 0 | POS | FRA | 5 | 1.37 | 0.205626953803404 | x=(5.92/((6.79+20)+2)) | x 5.92 6.79 20 + 2 + / = | x:dollar 5.92:dollar 6.79:dollar 20:dollar +:dollar 2:dollar +:dollar /:dollar =:dollar
EXPR: 0 | POS | FRA | 5 | 1.37 | 13.84984 | x=(5.92*((6.79/20)+2)) | x 5.92 6.79 20 / 2 + * = | x:dollar 5.92:dollar 6.79:dollar 20:dollar /:dollar 2:dollar +:dollar *:dollar =:dollar
EXPR: 0 | POS | FRA | 5 | 1.37 | 41.7437407952872 | x=(((5.92/6.79)+20)*2) | x 5.92 6.79 / 20 + 2 * = | x:dollar 5.92:dollar 6.79:dollar /:dollar 20:dollar +:dollar 2:dollar *:dollar =:dollar
EXPR: 0 | POS | FRA | 5 | 1.37 | 4.2595 | x=((5.92+(6.79/20))-2) | x 5.92 6.79 20 / + 2 - = | x:dollar 5.92:dollar 6.79:dollar 20:dollar /:dollar +:dollar 2:dollar -:dollar =:dollar
EXPR: 0 | POS | FRA | 5 | 1.37 | 1.55185465556397 | ((5.92/(6.79-20))+2)=x | 5.92 6.79 20 - / 2 + x = | 5.92:dollar 6.79:dollar 20:dollar -:dollar /:dollar 2:dollar +:dollar x:dollar =:dollar
EXPR: 0 | POS | FRA | 5 | 1.37 | 22.1968 | (((5.92*6.79)-20)+2)=x | 5.92 6.79 * 20 - 2 + x = | 5.92:dollar 6.79:dollar *:dollar 20:dollar -:dollar 2:dollar +:dollar x:dollar =:dollar
EXPR: 0 | POS | FRA | 5 | 1.37 | 58.1968 | (((5.92*6.79)+20)-2)=x | 5.92 6.79 * 20 + 2 - x = | 5.92:dollar 6.79:dollar *:dollar 20:dollar +:dollar 2:dollar -:dollar x:dollar =:dollar
EXPR: 0 | POS | FRA | 5 | 1.37 | 18.8718703976436 | x=(((5.92/6.79)+20)-2) | x 5.92 6.79 / 20 + 2 - = | x:dollar 5.92:dollar 6.79:dollar /:dollar 20:dollar +:dollar 2:dollar -:dollar =:dollar
EXPR: 0 | POS | FRA | 5 | 1.37 | 228.78 | x=((5.92+6.79)*(20-2)) | x 5.92 6.79 + 20 2 - * = | x:dollar 5.92:dollar 6.79:dollar +:dollar 20:dollar 2:dollar -:dollar *:dollar =:dollar
EXPR: 0 | POS | FRA | 5 | 1.37 | 30.71 | x=((5.92+(6.79+20))-2) | x 5.92 6.79 20 + + 2 - = | x:dollar 5.92:dollar 6.79:dollar 20:dollar +:dollar +:dollar 2:dollar -:dollar =:dollar
EXPR: 0 | POS | FRA | 5 | 1.37 | 139.72 | x=(5.92+((6.79*20)-2)) | x 5.92 6.79 20 * 2 - + = | x:dollar 5.92:dollar 6.79:dollar 20:dollar *:dollar 2:dollar -:dollar +:dollar =:dollar
EXPR: 0 | POS | FRA | 5 | 1.37 | 9.13 | ((5.92+(20/2))-6.79)=x | 5.92 20 2 / + 6.79 - x = | 5.92:dollar 20:dollar 2:dollar /:dollar +:dollar 6.79:dollar -:dollar x:dollar =:dollar
EXPR: 0 | POS | FRA | 5 | 1.37 | 4.2595 | ((5.92+(6.79/20))-2)=x | 5.92 6.79 20 / + 2 - x = | 5.92:dollar 6.79:dollar 20:dollar /:dollar +:dollar 2:dollar -:dollar x:dollar =:dollar
EXPR: 0 | POS | FRA | 5 | 1.37 | 0.0429608127721335 | x=(5.92/((6.79*20)+2)) | x 5.92 6.79 20 * 2 + / = | x:dollar 5.92:dollar 6.79:dollar 20:dollar *:dollar 2:dollar +:dollar /:dollar =:dollar
EXPR: 0 | POS | FRA | 5 | 1.37 | 21.13 | ((5.92-(6.79-20))+2)=x | 5.92 6.79 20 - - 2 + x = | 5.92:dollar 6.79:dollar 20:dollar -:dollar -:dollar 2:dollar +:dollar x:dollar =:dollar
EXPR: 0 | POS | FRA | 5 | 1.37 | 3.5805 | x=(5.92-((6.79/20)+2)) | x 5.92 6.79 20 / 2 + - = | x:dollar 5.92:dollar 6.79:dollar 20:dollar /:dollar 2:dollar +:dollar -:dollar =:dollar
EXPR: 0 | POS | FRA | 5 | 1.37 | 9.565 | ((5.92-(6.79-20))/2)=x | 5.92 6.79 20 - - 2 / x = | 5.92:dollar 6.79:dollar 20:dollar -:dollar -:dollar 2:dollar /:dollar x:dollar =:dollar
EXPR: 0 | POS | FRA | 6 | 1.37 | 227.8368 | 2=((x/(5.92+20))-6.79) | 2 x 5.92 20 + / 6.79 - = | 2:dollar x:dollar 5.92:dollar 20:dollar +:dollar /:dollar 6.79:dollar -:dollar =:dollar
EXPR: 0 | POS | FRA | 6 | 1.37 | 34.71 | 2=((x-(5.92+20))-6.79) | 2 x 5.92 20 + - 6.79 - = | 2:dollar x:dollar 5.92:dollar 20:dollar +:dollar -:dollar 6.79:dollar -:dollar =:dollar
EXPR: 0 | POS | FRA | 6 | 1.37 | 0.33912037037037 | 2=((x*(5.92+20))-6.79) | 2 x 5.92 20 + * 6.79 - = | 2:dollar x:dollar 5.92:dollar 20:dollar +:dollar *:dollar 6.79:dollar -:dollar =:dollar
EXPR: 0 | POS | FRA | 6 | 1.37 | 30.71 | x=(((5.92+6.79)+20)-2) | x 5.92 6.79 + 20 + 2 - = | x:dollar 5.92:dollar 6.79:dollar +:dollar 20:dollar +:dollar 2:dollar -:dollar =:dollar
EXPR: 0 | POS | FRA | 6 | 1.37 | 283.44 | x=((5.92+(6.79*20))*2) | x 5.92 6.79 20 * + 2 * = | x:dollar 5.92:dollar 6.79:dollar 20:dollar *:dollar +:dollar 2:dollar *:dollar =:dollar
EXPR: 0 | POS | FRA | 6 | 1.37 | 120.3936 | (((5.92*6.79)+20)*2)=x | 5.92 6.79 * 20 + 2 * x = | 5.92:dollar 6.79:dollar *:dollar 20:dollar +:dollar 2:dollar *:dollar x:dollar =:dollar
EXPR: 0 | POS | FRA | 6 | 1.37 | 4.2595 | x=(5.92+((6.79/20)-2)) | x 5.92 6.79 20 / 2 - + = | x:dollar 5.92:dollar 6.79:dollar 20:dollar /:dollar 2:dollar -:dollar +:dollar =:dollar
EXPR: 0 | POS | FRA | 7 | 1.37 | 17.1428571428571 | (((5.92*20)-2)/x)=6.79 | 5.92 20 * 2 - x / 6.79 = | 5.92:dollar 20:dollar *:dollar 2:dollar -:dollar x:dollar /:dollar 6.79:dollar =:dollar
EXPR: 0 | POS | FRA | 7 | 1.37 | 3.52282768777614 | ((5.92-(6.79*x))+20)=2 | 5.92 6.79 x * - 20 + 2 = | 5.92:dollar 6.79:dollar x:dollar *:dollar -:dollar 20:dollar +:dollar 2:dollar =:dollar
EXPR: 0 | POS | FRA | 7 | 1.37 | 0.283862876254181 | ((5.92-(6.79/x))+20)=2 | 5.92 6.79 x / - 20 + 2 = | 5.92:dollar 6.79:dollar x:dollar /:dollar -:dollar 20:dollar +:dollar 2:dollar =:dollar
EXPR: 0 | POS | FRA | 7 | 1.37 | 0.54222972972973 | ((6.79+(x*5.92))*2)=20 | 6.79 x 5.92 * + 2 * 20 = | 6.79:dollar x:dollar 5.92:dollar *:dollar +:dollar 2:dollar *:dollar 20:dollar =:dollar
EXPR: 0 | POS | FRA | 7 | 1.37 | 2.0435 | 5.92=(6.79-(20*(x-2))) | 5.92 6.79 20 x 2 - * - = | 5.92:dollar 6.79:dollar 20:dollar x:dollar 2:dollar -:dollar *:dollar -:dollar =:dollar
EXPR: 0 | POS | FRA | 7 | 1.37 | 2.0435 | 2=(x-((6.79-5.92)/20)) | 2 x 6.79 5.92 - 20 / - = | 2:dollar x:dollar 6.79:dollar 5.92:dollar -:dollar 20:dollar /:dollar -:dollar =:dollar
EXPR: 0 | POS | FRA | 7 | 1.37 | 41.1469594594594 | 2=((x-(6.79/5.92))/20) | 2 x 6.79 5.92 / - 20 / = | 2:dollar x:dollar 6.79:dollar 5.92:dollar /:dollar -:dollar 20:dollar /:dollar =:dollar
EXPR: 0 | POS | FRA | 7 | 1.37 | 39.13 | ((x+(6.79-5.92))/2)=20 | x 6.79 5.92 - + 2 / 20 = | x:dollar 6.79:dollar 5.92:dollar -:dollar +:dollar 2:dollar /:dollar 20:dollar =:dollar
EXPR: 0 | POS | FRA | 7 | 1.37 | 212.1768 | 6.79=((x/(5.92+2))-20) | 6.79 x 5.92 2 + / 20 - = | 6.79:dollar x:dollar 5.92:dollar 2:dollar +:dollar /:dollar 20:dollar -:dollar =:dollar
EXPR: 0 | POS | FRA | 7 | 1.37 | 105.0168 | 6.79=((x/(5.92-2))-20) | 6.79 x 5.92 2 - / 20 - = | 6.79:dollar x:dollar 5.92:dollar 2:dollar -:dollar /:dollar 20:dollar -:dollar =:dollar
EXPR: 0 | POS | FRA | 7 | 1.37 | 181.72 | 5.92=(x-(20*(2+6.79))) | 5.92 x 20 2 6.79 + * - = | 5.92:dollar x:dollar 20:dollar 2:dollar 6.79:dollar +:dollar *:dollar -:dollar =:dollar
EXPR: 0 | POS | FRA | 7 | 1.37 | 0.203001233929069 | ((2+(6.79*x))*5.92)=20 | 2 6.79 x * + 5.92 * 20 = | 2:dollar 6.79:dollar x:dollar *:dollar +:dollar 5.92:dollar *:dollar 20:dollar =:dollar
EXPR: 0 | POS | FRA | 7 | 1.37 | 57.4 | ((6.79+(2-5.92))*20)=x | 6.79 2 5.92 - + 20 * x = | 6.79:dollar 2:dollar 5.92:dollar -:dollar +:dollar 20:dollar *:dollar x:dollar =:dollar
EXPR: 0 | POS | FRA | 7 | 1.37 | 129.043243243243 | ((6.79-(2/5.92))*20)=x | 6.79 2 5.92 / - 20 * x = | 6.79:dollar 2:dollar 5.92:dollar /:dollar -:dollar 20:dollar *:dollar x:dollar =:dollar
EXPR: 0 | POS | FRA | 7 | 1.37 | 3.52282768777614 | ((2+(6.79*x))-5.92)=20 | 2 6.79 x * + 5.92 - 20 = | 2:dollar 6.79:dollar x:dollar *:dollar +:dollar 5.92:dollar -:dollar 20:dollar =:dollar
EXPR: 0 | POS | FRA | 7 | 1.37 | 6.17 | ((2*(6.79+x))-5.92)=20 | 2 6.79 x + * 5.92 - 20 = | 2:dollar 6.79:dollar x:dollar +:dollar *:dollar 5.92:dollar -:dollar 20:dollar =:dollar
EXPR: 0 | POS | FRA | 7 | 1.37 | 1.41784 | ((5.92/20)*(6.79-2))=x | 5.92 20 / 6.79 2 - * x = | 5.92:dollar 20:dollar /:dollar 6.79:dollar 2:dollar -:dollar *:dollar x:dollar =:dollar
EXPR: 0 | POS | FRA | 7 | 1.37 | 17.13 | ((2+(6.79+x))-5.92)=20 | 2 6.79 x + + 5.92 - 20 = | 2:dollar 6.79:dollar x:dollar +:dollar +:dollar 5.92:dollar -:dollar 20:dollar =:dollar
EXPR: 0 | POS | FRA | 9 | 1.37 | 22.87 | ((2+(6.79+20))-5.92)=x | 2 6.79 20 + + 5.92 - x = | 2:dollar 6.79:dollar 20:dollar +:dollar +:dollar 5.92:dollar -:dollar x:dollar =:dollar
EXPR: 0 | POS | FRA | 9 | 1.37 | 23.277027027027 | ((2+(6.79*20))/5.92)=x | 2 6.79 20 * + 5.92 / x = | 2:dollar 6.79:dollar 20:dollar *:dollar +:dollar 5.92:dollar /:dollar x:dollar =:dollar
EXPR: 0 | POS | FRA | 9 | 1.37 | 0.280489864864865 | ((2-(6.79/20))/5.92)=x | 2 6.79 20 / - 5.92 / x = | 2:dollar 6.79:dollar 20:dollar /:dollar -:dollar 5.92:dollar /:dollar x:dollar =:dollar
EXPR: 0 | POS | FRA | 9 | 1.37 | 0.395185810810811 | ((2+(6.79/20))/5.92)=x | 2 6.79 20 / + 5.92 / x = | 2:dollar 6.79:dollar 20:dollar /:dollar +:dollar 5.92:dollar /:dollar x:dollar =:dollar
EXPR: 0 | POS | FRA | 9 | 1.37 | 47.66 | ((2*(6.79+20))-5.92)=x | 2 6.79 20 + * 5.92 - x = | 2:dollar 6.79:dollar 20:dollar +:dollar *:dollar 5.92:dollar -:dollar x:dollar =:dollar
EXPR: 0 | POS | FRA | 9 | 1.37 | 22.87 | x=(((2+6.79)+20)-5.92) | x 2 6.79 + 20 + 5.92 - = | x:dollar 2:dollar 6.79:dollar +:dollar 20:dollar +:dollar 5.92:dollar -:dollar =:dollar
EXPR: 0 | POS | FRA | 9 | 1.37 | 131.88 | ((2+(6.79*20))-5.92)=x | 2 6.79 20 * + 5.92 - x = | 2:dollar 6.79:dollar 20:dollar *:dollar +:dollar 5.92:dollar -:dollar x:dollar =:dollar
EXPR: 0 | POS | FRA | 9 | 1.37 | 0.061143381228982 | x=(2/((6.79+20)+5.92)) | x 2 6.79 20 + 5.92 + / = | x:dollar 2:dollar 6.79:dollar 20:dollar +:dollar 5.92:dollar +:dollar /:dollar =:dollar
EXPR: 0 | POS | FRA | 9 | 1.37 | 5.76859954579864 | ((2/(6.79-20))+5.92)=x | 2 6.79 20 - / 5.92 + x = | 2:dollar 6.79:dollar 20:dollar -:dollar /:dollar 5.92:dollar +:dollar x:dollar =:dollar
EXPR: 0 | POS | FRA | 9 | 1.37 | 7.5805 | ((2-(6.79/20))+5.92)=x | 2 6.79 20 / - 5.92 + x = | 2:dollar 6.79:dollar 20:dollar /:dollar -:dollar 5.92:dollar +:dollar x:dollar =:dollar
EXPR: 0 | POS | FRA | 9 | 1.37 | 21.13 | ((2-(6.79-20))+5.92)=x | 2 6.79 20 - - 5.92 + x = | 2:dollar 6.79:dollar 20:dollar -:dollar -:dollar 5.92:dollar +:dollar x:dollar =:dollar
EXPR: 0 | POS | FRA | 10 | 1.37 | 20.435 | 6.79=(5.92+((x-20)*2)) | 6.79 5.92 x 20 - 2 * + = | 6.79:dollar 5.92:dollar x:dollar 20:dollar -:dollar 2:dollar *:dollar +:dollar =:dollar
EXPR: 0 | POS | FRA | 10 | 1.37 | 3.247 | ((6.79-(5.92/20))/x)=2 | 6.79 5.92 20 / - x / 2 = | 6.79:dollar 5.92:dollar 20:dollar /:dollar -:dollar x:dollar /:dollar 2:dollar =:dollar
EXPR: 0 | POS | FRA | 10 | 1.37 | 4.07363770250368 | 2=(x-((20-5.92)/6.79)) | 2 x 20 5.92 - 6.79 / - = | 2:dollar x:dollar 20:dollar 5.92:dollar -:dollar 6.79:dollar /:dollar -:dollar =:dollar
EXPR: 0 | POS | FRA | 11 | 1.37 | 143.46 | (((2+20)*6.79)-5.92)=x | 2 20 + 6.79 * 5.92 - x = | 2:dollar 20:dollar +:dollar 6.79:dollar *:dollar 5.92:dollar -:dollar x:dollar =:dollar
EXPR: 0 | POS | FRA | 11 | 1.37 | 1.16385135135135 | ((6.79+(2/20))/5.92)=x | 6.79 2 20 / + 5.92 / x = | 6.79:dollar 2:dollar 20:dollar /:dollar +:dollar 5.92:dollar /:dollar x:dollar =:dollar
EXPR: 0 | POS | FRA | 11 | 1.37 | 1.13006756756757 | ((6.79-(2/20))/5.92)=x | 6.79 2 20 / - 5.92 / x = | 6.79:dollar 2:dollar 20:dollar /:dollar -:dollar 5.92:dollar /:dollar x:dollar =:dollar
EXPR: 0 | POS | FRA | 11 | 1.37 | 4.1875 | ((6.79-(2-20))/5.92)=x | 6.79 2 20 - - 5.92 / x = | 6.79:dollar 2:dollar 20:dollar -:dollar -:dollar 5.92:dollar /:dollar x:dollar =:dollar
EXPR: 0 | POS | FRA | 11 | 1.37 | 30.71 | ((6.79-(2-20))+5.92)=x | 6.79 2 20 - - 5.92 + x = | 6.79:dollar 2:dollar 20:dollar -:dollar -:dollar 5.92:dollar +:dollar x:dollar =:dollar
EXPR: 0 | POS | FRA | 11 | 1.37 | 4.26474747474747 | 20=((5.92+2)*(6.79-x)) | 20 5.92 2 + 6.79 x - * = | 20:dollar 5.92:dollar 2:dollar +:dollar 6.79:dollar x:dollar -:dollar *:dollar =:dollar
EXPR: 0 | POS | FRA | 11 | 1.37 | 212.1768 | 2=((x/(6.79+20))-5.92) | 2 x 6.79 20 + / 5.92 - = | 2:dollar x:dollar 6.79:dollar 20:dollar +:dollar /:dollar 5.92:dollar -:dollar =:dollar
EXPR: 0 | POS | FRA | 11 | 1.37 | 27.66 | 20=((5.92+x)-(2*6.79)) | 20 5.92 x + 2 6.79 * - = | 20:dollar 5.92:dollar x:dollar +:dollar 2:dollar 6.79:dollar *:dollar -:dollar =:dollar
EXPR: 0 | POS | FRA | 11 | 1.37 | 3.21825351685436 | 20=((5.92+(2/6.79))*x) | 20 5.92 2 6.79 / + x * = | 20:dollar 5.92:dollar 2:dollar 6.79:dollar /:dollar +:dollar x:dollar *:dollar =:dollar
EXPR: 0 | POS | FRA | 11 | 1.37 | 19.3265073947668 | 20=((5.92/(2+6.79))+x) | 20 5.92 2 6.79 + / x + = | 20:dollar 5.92:dollar 2:dollar 6.79:dollar +:dollar /:dollar x:dollar +:dollar =:dollar
EXPR: 0 | POS | FRA | 11 | 1.37 | 22.87 | ((6.79+(2+20))-5.92)=x | 6.79 2 20 + + 5.92 - x = | 6.79:dollar 2:dollar 20:dollar +:dollar +:dollar 5.92:dollar -:dollar x:dollar =:dollar
EXPR: 0 | POS | FRA | 11 | 1.37 | 4.86317567567568 | ((6.79+(2+20))/5.92)=x | 6.79 2 20 + + 5.92 / x = | 6.79:dollar 2:dollar 20:dollar +:dollar +:dollar 5.92:dollar /:dollar x:dollar =:dollar
EXPR: 0 | POS | FRA | 11 | 1.37 | 3.55527164579232 | 20=((5.92-(2/6.79))*x) | 20 5.92 2 6.79 / - x * = | 20:dollar 5.92:dollar 2:dollar 6.79:dollar /:dollar -:dollar x:dollar *:dollar =:dollar
EXPR: 0 | POS | FRA | 11 | 1.37 | 34.71 | ((6.79+(2+20))+5.92)=x | 6.79 2 20 + + 5.92 + x = | 6.79:dollar 2:dollar 20:dollar +:dollar +:dollar 5.92:dollar +:dollar x:dollar =:dollar
EXPR: 0 | POS | FRA | 11 | 1.37 | 0.231418918918919 | 20=((5.92*(2+x))+6.79) | 20 5.92 2 x + * 6.79 + = | 20:dollar 5.92:dollar 2:dollar x:dollar +:dollar *:dollar 6.79:dollar +:dollar =:dollar
EXPR: 0 | POS | FRA | 11 | 1.37 | 1.68795918367347 | 20=((5.92-2)*(6.79-x)) | 20 5.92 2 - 6.79 x - * = | 20:dollar 5.92:dollar 2:dollar -:dollar 6.79:dollar x:dollar -:dollar *:dollar =:dollar
EXPR: 0 | POS | FRA | 11 | 1.37 | 6.594 | 20=((5.92-2)/(6.79-x)) | 20 5.92 2 - 6.79 x - / = | 20:dollar 5.92:dollar 2:dollar -:dollar 6.79:dollar x:dollar -:dollar /:dollar =:dollar
EXPR: 0 | POS | FRA | 11 | 1.37 | 4.97449189985272 | ((2-(20/6.79))+5.92)=x | 2 20 6.79 / - 5.92 + x = | 2:dollar 20:dollar 6.79:dollar /:dollar -:dollar 5.92:dollar +:dollar x:dollar =:dollar
EXPR: 0 | POS | FRA | 11 | 1.37 | 40.87 | ((6.79+(2*20))-5.92)=x | 6.79 2 20 * + 5.92 - x = | 6.79:dollar 2:dollar 20:dollar *:dollar +:dollar 5.92:dollar -:dollar x:dollar =:dollar
EXPR: 0 | POS | FRA | 11 | 1.37 | 0.97 | ((6.79+(2/20))-5.92)=x | 6.79 2 20 / + 5.92 - x = | 6.79:dollar 2:dollar 20:dollar /:dollar +:dollar 5.92:dollar -:dollar x:dollar =:dollar
EXPR: 0 | POS | FRA | 12 | 1.37 | 21.13 | ((5.92-x)+2)=(6.79-20) | 5.92 x - 2 + 6.79 20 - = | 5.92:dollar x:dollar -:dollar 2:dollar +:dollar 6.79:dollar 20:dollar -:dollar =:dollar
EXPR: 0 | POS | FRA | 12 | 1.37 | 189.5768 | (5.92+2)=((x/6.79)-20) | 5.92 2 + x 6.79 / 20 - = | 5.92:dollar 2:dollar +:dollar x:dollar 6.79:dollar /:dollar 20:dollar -:dollar =:dollar
EXPR: 0 | POS | FRA | 12 | 1.37 | 4.1119293078056 | (5.92+2)=((x*6.79)-20) | 5.92 2 + x 6.79 * 20 - = | 5.92:dollar 2:dollar +:dollar x:dollar 6.79:dollar *:dollar 20:dollar -:dollar =:dollar
EXPR: 0 | POS | FRA | 13 | 1.37 | 22.1968 | ((20-(2-x))/5.92)=6.79 | 20 2 x - - 5.92 / 6.79 = | 20:dollar 2:dollar x:dollar -:dollar -:dollar 5.92:dollar /:dollar 6.79:dollar =:dollar
EXPR: 0 | POS | FRA | 13 | 1.37 | 8.3568 | 20=((5.92*(6.79-2))-x) | 20 5.92 6.79 2 - * x - = | 20:dollar 5.92:dollar 6.79:dollar 2:dollar -:dollar *:dollar x:dollar -:dollar =:dollar
EXPR: 0 | POS | FRA | 13 | 1.37 | 17.7284595300261 | 20=((2-(5.92/6.79))*x) | 20 2 5.92 6.79 / - x * = | 20:dollar 2:dollar 5.92:dollar 6.79:dollar /:dollar -:dollar x:dollar *:dollar =:dollar
EXPR: 0 | POS | FRA | 14 | 1.37 | 30.71 | ((5.92-x)+6.79)=(2-20) | 5.92 x - 6.79 + 2 20 - = | 5.92:dollar x:dollar -:dollar 6.79:dollar +:dollar 2:dollar 20:dollar -:dollar =:dollar
EXPR: 0 | POS | FRA | 14 | 1.37 | 52.71 | (5.92+6.79)=(x-(2*20)) | 5.92 6.79 + x 2 20 * - = | 5.92:dollar 6.79:dollar +:dollar x:dollar 2:dollar 20:dollar *:dollar -:dollar =:dollar
EXPR: 0 | POS | FRA | 14 | 1.37 | 0.1435 | (2-(5.92-6.79))=(20*x) | 2 5.92 6.79 - - 20 x * = | 2:dollar 5.92:dollar 6.79:dollar -:dollar -:dollar 20:dollar x:dollar *:dollar =:dollar
EXPR: 0 | POS | FRA | 14 | 1.37 | 0.0565 | (2+(5.92-6.79))=(x*20) | 2 5.92 6.79 - + x 20 * = | 2:dollar 5.92:dollar 6.79:dollar -:dollar +:dollar x:dollar 20:dollar *:dollar =:dollar
EXPR: 0 | POS | FRA | 14 | 1.37 | 0.7355 | (5.92+2)=((x*20)-6.79) | 5.92 2 + x 20 * 6.79 - = | 5.92:dollar 2:dollar +:dollar x:dollar 20:dollar *:dollar 6.79:dollar -:dollar =:dollar
EXPR: 0 | POS | FRA | 14 | 1.37 | 162.4168 | (6.79*(20-(2-5.92)))=x | 6.79 20 2 5.92 - - * x = | 6.79:dollar 20:dollar 2:dollar 5.92:dollar -:dollar -:dollar *:dollar x:dollar =:dollar
EXPR: 0 | POS | FRA | 14 | 1.37 | 1.20176730486009 | (5.92*2)=(20-(6.79*x)) | 5.92 2 * 20 6.79 x * - = | 5.92:dollar 2:dollar *:dollar 20:dollar 6.79:dollar x:dollar *:dollar -:dollar =:dollar
EXPR: 0 | POS | FRA | 14 | 1.37 | 2.50957290132548 | (5.92/2)=(20-(6.79*x)) | 5.92 2 / 20 6.79 x * - = | 5.92:dollar 2:dollar /:dollar 20:dollar 6.79:dollar x:dollar *:dollar -:dollar =:dollar
EXPR: 0 | POS | FRA | 14 | 1.37 | 0.095831336847149 | ((6.79+(20-5.92))*x)=2 | 6.79 20 5.92 - + x * 2 = | 6.79:dollar 20:dollar 5.92:dollar -:dollar +:dollar x:dollar *:dollar 2:dollar =:dollar
EXPR: 0 | POS | FRA | 14 | 1.37 | 0.586231482215005 | ((6.79-(20/5.92))*x)=2 | 6.79 20 5.92 / - x * 2 = | 6.79:dollar 20:dollar 5.92:dollar /:dollar -:dollar x:dollar *:dollar 2:dollar =:dollar
EXPR: 0 | POS | FRA | 14 | 1.37 | 18.5152027027027 | (20-((2+6.79)/5.92))=x | 20 2 6.79 + 5.92 / - x = | 20:dollar 2:dollar 6.79:dollar +:dollar 5.92:dollar /:dollar -:dollar x:dollar =:dollar
EXPR: 0 | POS | FRA | 16 | 1.37 | 3.74945945945946 | 6.79=(x+((20-2)/5.92)) | 6.79 x 20 2 - 5.92 / + = | 6.79:dollar x:dollar 20:dollar 2:dollar -:dollar 5.92:dollar /:dollar +:dollar =:dollar
EXPR: 0 | POS | FRA | 17 | 1.37 | 8.57095729013255 | (6.79*(5.92-x))=(2-20) | 6.79 5.92 x - * 2 20 - = | 6.79:dollar 5.92:dollar x:dollar -:dollar *:dollar 2:dollar 20:dollar -:dollar =:dollar
EXPR: 0 | POS | FRA | 19 | 1.37 | 10.685 | (5.92+x)=(20-(6.79/2)) | 5.92 x + 20 6.79 2 / - = | 5.92:dollar x:dollar +:dollar 20:dollar 6.79:dollar 2:dollar /:dollar -:dollar =:dollar
EXPR: 0 | POS | FRA | 21 | 1.37 | 6.1595 | (20*(5.92-x))=(2-6.79) | 20 5.92 x - * 2 6.79 - = | 20:dollar 5.92:dollar x:dollar -:dollar *:dollar 2:dollar 6.79:dollar -:dollar =:dollar
EXPR: 0 | POS | FRA | 21 | 1.37 | 12.1683783783784 | (2+6.79)=(x-(20/5.92)) | 2 6.79 + x 20 5.92 / - = | 2:dollar 6.79:dollar +:dollar x:dollar 20:dollar 5.92:dollar /:dollar -:dollar =:dollar
EXPR: 0 | POS | FRA | 21 | 1.37 | 294.2 | (2+6.79)=((x/20)-5.92) | 2 6.79 + x 20 / 5.92 - = | 2:dollar 6.79:dollar +:dollar x:dollar 20:dollar /:dollar 5.92:dollar -:dollar =:dollar
EXPR: 0 | POS | FRA | 21 | 1.37 | 0.7355 | (2+6.79)=((x*20)-5.92) | 2 6.79 + x 20 * 5.92 - = | 2:dollar 6.79:dollar +:dollar x:dollar 20:dollar *:dollar 5.92:dollar -:dollar =:dollar
EXPR: 0 | POS | FRA | 23 | 1.37 | 0.241122159090909 | (x*(20-5.92))=(6.79/2) | x 20 5.92 - * 6.79 2 / = | x:dollar 20:dollar 5.92:dollar -:dollar *:dollar 6.79:dollar 2:dollar /:dollar =:dollar
EXPR: 0 | POS | FRA | 23 | 1.37 | 0.0395454545454545 | (x*(2+20))=(6.79-5.92) | x 2 20 + * 6.79 5.92 - = | x:dollar 2:dollar 20:dollar +:dollar *:dollar 6.79:dollar 5.92:dollar -:dollar =:dollar
EXPR: 0 | POS | FRA | 23 | 1.37 | 4.1119293078056 | (2+20)=((x*6.79)-5.92) | 2 20 + x 6.79 * 5.92 - = | 2:dollar 20:dollar +:dollar x:dollar 6.79:dollar *:dollar 5.92:dollar -:dollar =:dollar
NET 371 unique, non-negative solutions found out of 858 total solutions
