parameters: n=9 l=4 k=1 p=5 q=2 m=10
TOTAL 721 solutions found
SOLN: CORRECT | POS/NEG | INT/FRA | OBJ-SCORE | TRUE-ANS | ANS | INFIX | POSTFIX | TYPED-POSTFIX
EXPR: 0 | POS | FRA | 0 | 36.78 | 28.16 | ((10.62+(2+1.59))+13.95)=x | 10.62 2 1.59 + + 13.95 + x = | 10.62:dollar 2:dollar 1.59:dollar +:dollar +:dollar 13.95:dollar +:dollar x:dollar =:dollar
EXPR: 0 | POS | FRA | 0 | 36.78 | 142.4295 | (((10.62-2)+1.59)*13.95)=x | 10.62 2 - 1.59 + 13.95 * x = | 10.62:dollar 2:dollar -:dollar 1.59:dollar +:dollar 13.95:dollar *:dollar x:dollar =:dollar
EXPR: 0 | POS | FRA | 0 | 36.78 | 0.790681003584229 | (((10.62+2)-1.59)/13.95)=x | 10.62 2 + 1.59 - 13.95 / x = | 10.62:dollar 2:dollar +:dollar 1.59:dollar -:dollar 13.95:dollar /:dollar x:dollar =:dollar
EXPR: 0 | POS | FRA | 0 | 36.78 | 0.26 | (((10.62+2)+1.59)-13.95)=x | 10.62 2 + 1.59 + 13.95 - x = | 10.62:dollar 2:dollar +:dollar 1.59:dollar +:dollar 13.95:dollar -:dollar x:dollar =:dollar
EXPR: 0 | POS | FRA | 0 | 36.78 | 1.01863799283154 | (((10.62+2)+1.59)/13.95)=x | 10.62 2 + 1.59 + 13.95 / x = | 10.62:dollar 2:dollar +:dollar 1.59:dollar +:dollar 13.95:dollar /:dollar x:dollar =:dollar
EXPR: 0 | POS | FRA | 0 | 36.78 | 198.2295 | (((10.62+2)+1.59)*13.95)=x | 10.62 2 + 1.59 + 13.95 * x = | 10.62:dollar 2:dollar +:dollar 1.59:dollar +:dollar 13.95:dollar *:dollar x:dollar =:dollar
EXPR: 0 | POS | FRA | 0 | 36.78 | 0.731899641577061 | (((10.62-2)+1.59)/13.95)=x | 10.62 2 - 1.59 + 13.95 / x = | 10.62:dollar 2:dollar -:dollar 1.59:dollar +:dollar 13.95:dollar /:dollar x:dollar =:dollar
EXPR: 0 | POS | FRA | 0 | 36.78 | 0.851459615427966 | ((10.62+(2/1.59))/13.95)=x | 10.62 2 1.59 / + 13.95 / x = | 10.62:dollar 2:dollar 1.59:dollar /:dollar +:dollar 13.95:dollar /:dollar x:dollar =:dollar
EXPR: 0 | POS | FRA | 0 | 36.78 | 5.7 | (((10.62*2)-1.59)-13.95)=x | 10.62 2 * 1.59 - 13.95 - x = | 10.62:dollar 2:dollar *:dollar 1.59:dollar -:dollar 13.95:dollar -:dollar x:dollar =:dollar
EXPR: 0 | POS | FRA | 0 | 36.78 | 11.9524390243902 | x=((10.62/(2-1.59))-13.95) | x 10.62 2 1.59 - / 13.95 - = | x:dollar 10.62:dollar 2:dollar 1.59:dollar -:dollar /:dollar 13.95:dollar -:dollar =:dollar
EXPR: 0 | POS | FRA | 0 | 36.78 | 0.790681003584229 | ((10.62+(2-1.59))/13.95)=x | 10.62 2 1.59 - + 13.95 / x = | 10.62:dollar 2:dollar 1.59:dollar -:dollar +:dollar 13.95:dollar /:dollar x:dollar =:dollar
EXPR: 0 | POS | FRA | 0 | 36.78 | 0.266666666666667 | (((10.62/2)-1.59)/13.95)=x | 10.62 2 / 1.59 - 13.95 / x = | 10.62:dollar 2:dollar /:dollar 1.59:dollar -:dollar 13.95:dollar /:dollar x:dollar =:dollar
EXPR: 0 | POS | FRA | 0 | 36.78 | 6.1158 | (((10.62+2)*1.59)-13.95)=x | 10.62 2 + 1.59 * 13.95 - x = | 10.62:dollar 2:dollar +:dollar 1.59:dollar *:dollar 13.95:dollar -:dollar x:dollar =:dollar
EXPR: 0 | POS | FRA | 0 | 36.78 | 18.3042 | ((10.62*(2-1.59))+13.95)=x | 10.62 2 1.59 - * 13.95 + x = | 10.62:dollar 2:dollar 1.59:dollar -:dollar *:dollar 13.95:dollar +:dollar x:dollar =:dollar
EXPR: 0 | POS | FRA | 0 | 36.78 | 0.494623655913978 | (((10.62/2)+1.59)/13.95)=x | 10.62 2 / 1.59 + 13.95 / x = | 10.62:dollar 2:dollar /:dollar 1.59:dollar +:dollar 13.95:dollar /:dollar x:dollar =:dollar
EXPR: 0 | POS | FRA | 0 | 36.78 | 24.98 | x=((10.62+2)-(1.59-13.95)) | x 10.62 2 + 1.59 13.95 - - = | x:dollar 10.62:dollar 2:dollar +:dollar 1.59:dollar 13.95:dollar -:dollar -:dollar =:dollar
EXPR: 0 | POS | FRA | 0 | 36.78 | 0.503942652329749 | ((10.62-(2+1.59))/13.95)=x | 10.62 2 1.59 + - 13.95 / x = | 10.62:dollar 2:dollar 1.59:dollar +:dollar -:dollar 13.95:dollar /:dollar x:dollar =:dollar
EXPR: 0 | POS | FRA | 0 | 36.78 | 98.0685 | (((10.62-2)-1.59)*13.95)=x | 10.62 2 - 1.59 - 13.95 * x = | 10.62:dollar 2:dollar -:dollar 1.59:dollar -:dollar 13.95:dollar *:dollar x:dollar =:dollar
EXPR: 0 | POS | FRA | 0 | 36.78 | 318.4785 | (((10.62*2)+1.59)*13.95)=x | 10.62 2 * 1.59 + 13.95 * x = | 10.62:dollar 2:dollar *:dollar 1.59:dollar +:dollar 13.95:dollar *:dollar x:dollar =:dollar
EXPR: 0 | POS | FRA | 0 | 36.78 | 274.1175 | (((10.62*2)-1.59)*13.95)=x | 10.62 2 * 1.59 - 13.95 * x = | 10.62:dollar 2:dollar *:dollar 1.59:dollar -:dollar 13.95:dollar *:dollar x:dollar =:dollar
EXPR: 0 | POS | FRA | 0 | 36.78 | 0.503942652329749 | (((10.62-2)-1.59)/13.95)=x | 10.62 2 - 1.59 - 13.95 / x = | 10.62:dollar 2:dollar -:dollar 1.59:dollar -:dollar 13.95:dollar /:dollar x:dollar =:dollar
EXPR: 0 | POS | FRA | 0 | 36.78 | 0.26 | ((10.62+(2+1.59))-13.95)=x | 10.62 2 1.59 + + 13.95 - x = | 10.62:dollar 2:dollar 1.59:dollar +:dollar +:dollar 13.95:dollar -:dollar x:dollar =:dollar
EXPR: 0 | POS | FRA | 0 | 36.78 | 1.01863799283154 | ((10.62+(2+1.59))/13.95)=x | 10.62 2 1.59 + + 13.95 / x = | 10.62:dollar 2:dollar 1.59:dollar +:dollar +:dollar 13.95:dollar /:dollar x:dollar =:dollar
EXPR: 0 | POS | FRA | 0 | 36.78 | 0.989247311827957 | ((10.62+(2*1.59))/13.95)=x | 10.62 2 1.59 * + 13.95 / x = | 10.62:dollar 2:dollar 1.59:dollar *:dollar +:dollar 13.95:dollar /:dollar x:dollar =:dollar
EXPR: 0 | POS | FRA | 0 | 36.78 | 0.533333333333333 | ((10.62-(2*1.59))/13.95)=x | 10.62 2 1.59 * - 13.95 / x = | 10.62:dollar 2:dollar 1.59:dollar *:dollar -:dollar 13.95:dollar /:dollar x:dollar =:dollar
EXPR: 0 | POS | FRA | 0 | 36.78 | 196.1148 | x=((10.62+2)*(1.59+13.95)) | x 10.62 2 + 1.59 13.95 + * = | x:dollar 10.62:dollar 2:dollar +:dollar 1.59:dollar 13.95:dollar +:dollar *:dollar =:dollar
EXPR: 0 | POS | FRA | 0 | 36.78 | 12.5060215053763 | x=((10.62+2)-(1.59/13.95)) | x 10.62 2 + 1.59 13.95 / - = | x:dollar 10.62:dollar 2:dollar +:dollar 1.59:dollar 13.95:dollar /:dollar -:dollar =:dollar
EXPR: 0 | POS | FRA | 0 | 36.78 | 0.671121029733324 | ((10.62-(2/1.59))/13.95)=x | 10.62 2 1.59 / - 13.95 / x = | 10.62:dollar 2:dollar 1.59:dollar /:dollar -:dollar 13.95:dollar /:dollar x:dollar =:dollar
EXPR: 0 | POS | FRA | 0 | 36.78 | 153.8685 | ((10.62+(2-1.59))*13.95)=x | 10.62 2 1.59 - + 13.95 * x = | 10.62:dollar 2:dollar 1.59:dollar -:dollar +:dollar 13.95:dollar *:dollar x:dollar =:dollar
EXPR: 0 | POS | FRA | 0 | 36.78 | 103.788 | ((10.62-(2*1.59))*13.95)=x | 10.62 2 1.59 * - 13.95 * x = | 10.62:dollar 2:dollar 1.59:dollar *:dollar -:dollar 13.95:dollar *:dollar x:dollar =:dollar
EXPR: 0 | POS | FRA | 0 | 36.78 | 130.601830188679 | ((10.62-(2/1.59))*13.95)=x | 10.62 2 1.59 / - 13.95 * x = | 10.62:dollar 2:dollar 1.59:dollar /:dollar -:dollar 13.95:dollar *:dollar x:dollar =:dollar
EXPR: 0 | POS | FRA | 0 | 36.78 | 152.5032 | x=(10.62*((2-1.59)+13.95)) | x 10.62 2 1.59 - 13.95 + * = | x:dollar 10.62:dollar 2:dollar 1.59:dollar -:dollar 13.95:dollar +:dollar *:dollar =:dollar
EXPR: 0 | POS | FRA | 0 | 36.78 | 11.9524390243902 | ((10.62/(2-1.59))-13.95)=x | 10.62 2 1.59 - / 13.95 - x = | 10.62:dollar 2:dollar 1.59:dollar -:dollar /:dollar 13.95:dollar -:dollar x:dollar =:dollar
EXPR: 0 | POS | FRA | 0 | 36.78 | 6.1158 | x=(((10.62+2)*1.59)-13.95) | x 10.62 2 + 1.59 * 13.95 - = | x:dollar 10.62:dollar 2:dollar +:dollar 1.59:dollar *:dollar 13.95:dollar -:dollar =:dollar
EXPR: 0 | POS | FRA | 0 | 36.78 | 0.739554317548746 | x=(10.62/((2-1.59)+13.95)) | x 10.62 2 1.59 - 13.95 + / = | x:dollar 10.62:dollar 2:dollar 1.59:dollar -:dollar 13.95:dollar +:dollar /:dollar =:dollar
EXPR: 0 | POS | FRA | 0 | 36.78 | 133.9548 | x=((10.62-2)*(1.59+13.95)) | x 10.62 2 - 1.59 13.95 + * = | x:dollar 10.62:dollar 2:dollar -:dollar 1.59:dollar 13.95:dollar +:dollar *:dollar =:dollar
EXPR: 0 | POS | FRA | 0 | 36.78 | 0.26 | x=(((10.62+2)+1.59)-13.95) | x 10.62 2 + 1.59 + 13.95 - = | x:dollar 10.62:dollar 2:dollar +:dollar 1.59:dollar +:dollar 13.95:dollar -:dollar =:dollar
EXPR: 0 | POS | FRA | 0 | 36.78 | 24.1758 | ((10.62*(2+1.59))-13.95)=x | 10.62 2 1.59 + * 13.95 - x = | 10.62:dollar 2:dollar 1.59:dollar +:dollar *:dollar 13.95:dollar -:dollar x:dollar =:dollar
EXPR: 0 | POS | FRA | 0 | 36.78 | 8.73397849462365 | ((10.62-2)+(1.59/13.95))=x | 10.62 2 - 1.59 13.95 / + x = | 10.62:dollar 2:dollar -:dollar 1.59:dollar 13.95:dollar /:dollar +:dollar x:dollar =:dollar
EXPR: 0 | POS | FRA | 0 | 36.78 | 21.39 | ((10.62-(2*1.59))+13.95)=x | 10.62 2 1.59 * - 13.95 + x = | 10.62:dollar 2:dollar 1.59:dollar *:dollar -:dollar 13.95:dollar +:dollar x:dollar =:dollar
EXPR: 0 | POS | FRA | 0 | 36.78 | 23.3121383647799 | ((10.62-(2/1.59))+13.95)=x | 10.62 2 1.59 / - 13.95 + x = | 10.62:dollar 2:dollar 1.59:dollar /:dollar -:dollar 13.95:dollar +:dollar x:dollar =:dollar
EXPR: 0 | POS | FRA | 0 | 36.78 | 24.98 | ((10.62+(2-1.59))+13.95)=x | 10.62 2 1.59 - + 13.95 + x = | 10.62:dollar 2:dollar 1.59:dollar -:dollar +:dollar 13.95:dollar +:dollar x:dollar =:dollar
EXPR: 0 | POS | FRA | 0 | 36.78 | 10.4912998712999 | (10.62-(2/(1.59+13.95)))=x | 10.62 2 1.59 13.95 + / - x = | 10.62:dollar 2:dollar 1.59:dollar 13.95:dollar +:dollar /:dollar -:dollar x:dollar =:dollar
EXPR: 0 | POS | FRA | 0 | 36.78 | 52.0758 | x=((10.62*(2+1.59))+13.95) | x 10.62 2 1.59 + * 13.95 + = | x:dollar 10.62:dollar 2:dollar 1.59:dollar +:dollar *:dollar 13.95:dollar +:dollar =:dollar
EXPR: 0 | POS | FRA | 0 | 36.78 | 186.2748 | x=(10.62*((2+1.59)+13.95)) | x 10.62 2 1.59 + 13.95 + * = | x:dollar 10.62:dollar 2:dollar 1.59:dollar +:dollar 13.95:dollar +:dollar *:dollar =:dollar
EXPR: 0 | POS | FRA | 0 | 36.78 | 0.605473204104903 | x=(10.62/((2+1.59)+13.95)) | x 10.62 2 1.59 + 13.95 + / = | x:dollar 10.62:dollar 2:dollar 1.59:dollar +:dollar 13.95:dollar +:dollar /:dollar =:dollar
EXPR: 0 | POS | FRA | 0 | 36.78 | 0.739554317548746 | (10.62/(2-(1.59-13.95)))=x | 10.62 2 1.59 13.95 - - / x = | 10.62:dollar 2:dollar 1.59:dollar 13.95:dollar -:dollar -:dollar /:dollar x:dollar =:dollar
EXPR: 0 | POS | FRA | 0 | 36.78 | 133.9548 | ((10.62-2)*(1.59+13.95))=x | 10.62 2 - 1.59 13.95 + * x = | 10.62:dollar 2:dollar -:dollar 1.59:dollar 13.95:dollar +:dollar *:dollar x:dollar =:dollar
EXPR: 0 | POS | FRA | 0 | 36.78 | 330.0696 | ((10.62*2)*(1.59+13.95))=x | 10.62 2 * 1.59 13.95 + * x = | 10.62:dollar 2:dollar *:dollar 1.59:dollar 13.95:dollar +:dollar *:dollar x:dollar =:dollar
EXPR: 0 | POS | FRA | 0 | 36.78 | 165.696169811321 | x=((10.62+(2/1.59))*13.95) | x 10.62 2 1.59 / + 13.95 * = | x:dollar 10.62:dollar 2:dollar 1.59:dollar /:dollar +:dollar 13.95:dollar *:dollar =:dollar
EXPR: 0 | POS | FRA | 0 | 36.78 | 24.98 | (((10.62+2)-1.59)+13.95)=x | 10.62 2 + 1.59 - 13.95 + x = | 10.62:dollar 2:dollar +:dollar 1.59:dollar -:dollar 13.95:dollar +:dollar x:dollar =:dollar
EXPR: 0 | POS | FRA | 0 | 36.78 | 10.4581877022654 | (10.62+(2/(1.59-13.95)))=x | 10.62 2 1.59 13.95 - / + x = | 10.62:dollar 2:dollar 1.59:dollar 13.95:dollar -:dollar /:dollar +:dollar x:dollar =:dollar
EXPR: 0 | POS | FRA | 0 | 36.78 | 24.98 | (10.62+(2-(1.59-13.95)))=x | 10.62 2 1.59 13.95 - - + x = | 10.62:dollar 2:dollar 1.59:dollar 13.95:dollar -:dollar -:dollar +:dollar x:dollar =:dollar
EXPR: 0 | POS | FRA | 0 | 36.78 | 0.554697554697555 | x=((10.62-2)/(1.59+13.95)) | x 10.62 2 - 1.59 13.95 + / = | x:dollar 10.62:dollar 2:dollar -:dollar 1.59:dollar 13.95:dollar +:dollar /:dollar =:dollar
EXPR: 0 | POS | FRA | 0 | 36.78 | 196.1148 | ((10.62+2)*(1.59+13.95))=x | 10.62 2 + 1.59 13.95 + * x = | 10.62:dollar 2:dollar +:dollar 1.59:dollar 13.95:dollar +:dollar *:dollar x:dollar =:dollar
EXPR: 0 | POS | FRA | 0 | 36.78 | 24.98 | x=((10.62+(2-1.59))+13.95) | x 10.62 2 1.59 - + 13.95 + = | x:dollar 10.62:dollar 2:dollar 1.59:dollar -:dollar +:dollar 13.95:dollar +:dollar =:dollar
EXPR: 0 | POS | FRA | 0 | 36.78 | 192.51 | x=((10.62+(2*1.59))*13.95) | x 10.62 2 1.59 * + 13.95 * = | x:dollar 10.62:dollar 2:dollar 1.59:dollar *:dollar +:dollar 13.95:dollar *:dollar =:dollar
EXPR: 0 | POS | FRA | 0 | 36.78 | 152.5032 | (10.62*(2-(1.59-13.95)))=x | 10.62 2 1.59 13.95 - - * x = | 10.62:dollar 2:dollar 1.59:dollar 13.95:dollar -:dollar -:dollar *:dollar x:dollar =:dollar
EXPR: 0 | POS | FRA | 0 | 36.78 | 198.2295 | ((10.62+(2+1.59))*13.95)=x | 10.62 2 1.59 + + 13.95 * x = | 10.62:dollar 2:dollar 1.59:dollar +:dollar +:dollar 13.95:dollar *:dollar x:dollar =:dollar
EXPR: 0 | POS | FRA | 0 | 36.78 | 28.16 | (((10.62+2)+1.59)+13.95)=x | 10.62 2 + 1.59 + 13.95 + x = | 10.62:dollar 2:dollar +:dollar 1.59:dollar +:dollar 13.95:dollar +:dollar x:dollar =:dollar
EXPR: 0 | POS | FRA | 0 | 36.78 | 20.98 | x=((10.62-2)-(1.59-13.95)) | x 10.62 2 - 1.59 13.95 - - = | x:dollar 10.62:dollar 2:dollar -:dollar 1.59:dollar 13.95:dollar -:dollar -:dollar =:dollar
EXPR: 0 | POS | FRA | 0 | 36.78 | 10.7487001287001 | (10.62+(2/(1.59+13.95)))=x | 10.62 2 1.59 13.95 + / + x = | 10.62:dollar 2:dollar 1.59:dollar 13.95:dollar +:dollar /:dollar +:dollar x:dollar =:dollar
EXPR: 0 | POS | FRA | 0 | 36.78 | 10.3626523297491 | x=(10.62-((2+1.59)/13.95)) | x 10.62 2 1.59 + 13.95 / - = | x:dollar 10.62:dollar 2:dollar 1.59:dollar +:dollar 13.95:dollar /:dollar -:dollar =:dollar
EXPR: 0 | POS | FRA | 0 | 36.78 | 161.507490566038 | x=(10.62*((2/1.59)+13.95)) | x 10.62 2 1.59 / 13.95 + * = | x:dollar 10.62:dollar 2:dollar 1.59:dollar /:dollar 13.95:dollar +:dollar *:dollar =:dollar
EXPR: 0 | POS | FRA | 0 | 36.78 | 33.6 | (((10.62*2)-1.59)+13.95)=x | 10.62 2 * 1.59 - 13.95 + x = | 10.62:dollar 2:dollar *:dollar 1.59:dollar -:dollar 13.95:dollar +:dollar x:dollar =:dollar
EXPR: 0 | POS | FRA | 0 | 36.78 | 17.67 | (((10.62/2)-1.59)+13.95)=x | 10.62 2 / 1.59 - 13.95 + x = | 10.62:dollar 2:dollar /:dollar 1.59:dollar -:dollar 13.95:dollar +:dollar x:dollar =:dollar
EXPR: 0 | POS | FRA | 0 | 36.78 | 21.1260215053763 | ((10.62*2)-(1.59/13.95))=x | 10.62 2 * 1.59 13.95 / - x = | 10.62:dollar 2:dollar *:dollar 1.59:dollar 13.95:dollar /:dollar -:dollar x:dollar =:dollar
EXPR: 0 | POS | FRA | 0 | 36.78 | 8.50602150537634 | (10.62-(2+(1.59/13.95)))=x | 10.62 2 1.59 13.95 / + - x = | 10.62:dollar 2:dollar 1.59:dollar 13.95:dollar /:dollar +:dollar -:dollar x:dollar =:dollar
EXPR: 0 | POS | FRA | 0 | 36.78 | 20.98 | (((10.62-2)-1.59)+13.95)=x | 10.62 2 - 1.59 - 13.95 + x = | 10.62:dollar 2:dollar -:dollar 1.59:dollar -:dollar 13.95:dollar +:dollar x:dollar =:dollar
EXPR: 0 | POS | FRA | 0 | 36.78 | 192.51 | ((10.62+(2*1.59))*13.95)=x | 10.62 2 1.59 * + 13.95 * x = | 10.62:dollar 2:dollar 1.59:dollar *:dollar +:dollar 13.95:dollar *:dollar x:dollar =:dollar
EXPR: 0 | POS | FRA | 0 | 36.78 | 5.19602150537634 | ((10.62/2)-(1.59/13.95))=x | 10.62 2 / 1.59 13.95 / - x = | 10.62:dollar 2:dollar /:dollar 1.59:dollar 13.95:dollar /:dollar -:dollar x:dollar =:dollar
EXPR: 0 | POS | FRA | 0 | 36.78 | 165.696169811321 | ((10.62+(2/1.59))*13.95)=x | 10.62 2 1.59 / + 13.95 * x = | 10.62:dollar 2:dollar 1.59:dollar /:dollar +:dollar 13.95:dollar *:dollar x:dollar =:dollar
EXPR: 0 | POS | FRA | 0 | 36.78 | 1.63655913978495 | (((10.62*2)+1.59)/13.95)=x | 10.62 2 * 1.59 + 13.95 / x = | 10.62:dollar 2:dollar *:dollar 1.59:dollar +:dollar 13.95:dollar /:dollar x:dollar =:dollar
EXPR: 0 | POS | FRA | 0 | 36.78 | 24.16 | (((10.62-2)+1.59)+13.95)=x | 10.62 2 - 1.59 + 13.95 + x = | 10.62:dollar 2:dollar -:dollar 1.59:dollar +:dollar 13.95:dollar +:dollar x:dollar =:dollar
EXPR: 1 | POS | FRA | 0 | 36.78 | 36.78 | (((10.62*2)+1.59)+13.95)=x | 10.62 2 * 1.59 + 13.95 + x = | 10.62:dollar 2:dollar *:dollar 1.59:dollar +:dollar 13.95:dollar +:dollar x:dollar =:dollar
EXPR: 0 | POS | FRA | 0 | 36.78 | 10.5906093189964 | x=(10.62-((2-1.59)/13.95)) | x 10.62 2 1.59 - 13.95 / - = | x:dollar 10.62:dollar 2:dollar 1.59:dollar -:dollar 13.95:dollar /:dollar -:dollar =:dollar
EXPR: 0 | POS | FRA | 0 | 36.78 | 0.731899641577061 | ((10.62-(2-1.59))/13.95)=x | 10.62 2 1.59 - - 13.95 / x = | 10.62:dollar 2:dollar 1.59:dollar -:dollar -:dollar 13.95:dollar /:dollar x:dollar =:dollar
EXPR: 0 | POS | FRA | 0 | 36.78 | 12.5060215053763 | ((10.62+2)-(1.59/13.95))=x | 10.62 2 + 1.59 13.95 / - x = | 10.62:dollar 2:dollar +:dollar 1.59:dollar 13.95:dollar /:dollar -:dollar x:dollar =:dollar
EXPR: 0 | POS | FRA | 0 | 36.78 | 24.98 | ((10.62+2)-(1.59-13.95))=x | 10.62 2 + 1.59 13.95 - - x = | 10.62:dollar 2:dollar +:dollar 1.59:dollar 13.95:dollar -:dollar -:dollar x:dollar =:dollar
EXPR: 0 | POS | FRA | 0 | 36.78 | 0.26 | (10.62+(2+(1.59-13.95)))=x | 10.62 2 1.59 13.95 - + + x = | 10.62:dollar 2:dollar 1.59:dollar 13.95:dollar -:dollar +:dollar +:dollar x:dollar =:dollar
EXPR: 0 | POS | FRA | 0 | 36.78 | 34.8005 | (10.62+(2+(1.59*13.95)))=x | 10.62 2 1.59 13.95 * + + x = | 10.62:dollar 2:dollar 1.59:dollar 13.95:dollar *:dollar +:dollar +:dollar x:dollar =:dollar
EXPR: 0 | POS | FRA | 0 | 36.78 | 16.908217270195 | x=((10.62/(2+1.59))+13.95) | x 10.62 2 1.59 + / 13.95 + = | x:dollar 10.62:dollar 2:dollar 1.59:dollar +:dollar /:dollar 13.95:dollar +:dollar =:dollar
EXPR: 0 | POS | FRA | 0 | 36.78 | 153.8685 | (((10.62+2)-1.59)*13.95)=x | 10.62 2 + 1.59 - 13.95 * x = | 10.62:dollar 2:dollar +:dollar 1.59:dollar -:dollar 13.95:dollar *:dollar x:dollar =:dollar
EXPR: 0 | POS | FRA | 2 | 36.78 | 3.84641509433962 | (((10.62+2)-x)*1.59)=13.95 | 10.62 2 + x - 1.59 * 13.95 = | 10.62:dollar 2:dollar +:dollar x:dollar -:dollar 1.59:dollar *:dollar 13.95:dollar =:dollar
EXPR: 0 | POS | FRA | 2 | 36.78 | 1.36630754162586 | (((10.62-2)+1.59)*x)=13.95 | 10.62 2 - 1.59 + x * 13.95 = | 10.62:dollar 2:dollar -:dollar 1.59:dollar +:dollar x:dollar *:dollar 13.95:dollar =:dollar
EXPR: 0 | POS | FRA | 2 | 36.78 | 1.63655913978495 | (((10.62*2)+1.59)/x)=13.95 | 10.62 2 * 1.59 + x / 13.95 = | 10.62:dollar 2:dollar *:dollar 1.59:dollar +:dollar x:dollar /:dollar 13.95:dollar =:dollar
EXPR: 0 | POS | FRA | 2 | 36.78 | 1.40860215053763 | (((10.62*2)-1.59)/x)=13.95 | 10.62 2 * 1.59 - x / 13.95 = | 10.62:dollar 2:dollar *:dollar 1.59:dollar -:dollar x:dollar /:dollar 13.95:dollar =:dollar
EXPR: 0 | POS | FRA | 2 | 36.78 | 3.84641509433962 | (((10.62-x)+2)*1.59)=13.95 | 10.62 x - 2 + 1.59 * 13.95 = | 10.62:dollar x:dollar -:dollar 2:dollar +:dollar 1.59:dollar *:dollar 13.95:dollar =:dollar
EXPR: 0 | POS | FRA | 2 | 36.78 | 0.153584905660377 | (((10.62-2)+x)*1.59)=13.95 | 10.62 2 - x + 1.59 * 13.95 = | 10.62:dollar 2:dollar -:dollar x:dollar +:dollar 1.59:dollar *:dollar 13.95:dollar =:dollar
EXPR: 0 | POS | FRA | 2 | 36.78 | 0.153584905660377 | (((10.62+x)-2)*1.59)=13.95 | 10.62 x + 2 - 1.59 * 13.95 = | 10.62:dollar x:dollar +:dollar 2:dollar -:dollar 1.59:dollar *:dollar 13.95:dollar =:dollar
EXPR: 0 | POS | FRA | 2 | 36.78 | 142.4295 | (((10.62+1.59)-2)*13.95)=x | 10.62 1.59 + 2 - 13.95 * x = | 10.62:dollar 1.59:dollar +:dollar 2:dollar -:dollar 13.95:dollar *:dollar x:dollar =:dollar
EXPR: 0 | POS | FRA | 2 | 36.78 | 3.75 | (x*((10.62/2)-1.59))=13.95 | x 10.62 2 / 1.59 - * 13.95 = | x:dollar 10.62:dollar 2:dollar /:dollar 1.59:dollar -:dollar *:dollar 13.95:dollar =:dollar
EXPR: 0 | POS | FRA | 2 | 36.78 | 0.26 | (((10.62+1.59)+2)-13.95)=x | 10.62 1.59 + 2 + 13.95 - x = | 10.62:dollar 1.59:dollar +:dollar 2:dollar +:dollar 13.95:dollar -:dollar x:dollar =:dollar
EXPR: 0 | POS | FRA | 2 | 36.78 | 24.98 | (((10.62+2)+13.95)-1.59)=x | 10.62 2 + 13.95 + 1.59 - x = | 10.62:dollar 2:dollar +:dollar 13.95:dollar +:dollar 1.59:dollar -:dollar x:dollar =:dollar
EXPR: 0 | POS | FRA | 2 | 36.78 | 3.20832946635731 | ((10.62-2)*(x-1.59))=13.95 | 10.62 2 - x 1.59 - * 13.95 = | 10.62:dollar 2:dollar -:dollar x:dollar 1.59:dollar -:dollar *:dollar 13.95:dollar =:dollar
EXPR: 0 | POS | FRA | 2 | 36.78 | 35.8863 | (((10.62-2)+13.95)*1.59)=x | 10.62 2 - 13.95 + 1.59 * x = | 10.62:dollar 2:dollar -:dollar 13.95:dollar +:dollar 1.59:dollar *:dollar x:dollar =:dollar
EXPR: 0 | POS | FRA | 2 | 36.78 | 153.8685 | (((10.62-1.59)+2)*13.95)=x | 10.62 1.59 - 2 + 13.95 * x = | 10.62:dollar 1.59:dollar -:dollar 2:dollar +:dollar 13.95:dollar *:dollar x:dollar =:dollar
EXPR: 0 | POS | FRA | 2 | 36.78 | 0.790681003584229 | (((10.62-1.59)+2)/13.95)=x | 10.62 1.59 - 2 + 13.95 / x = | 10.62:dollar 1.59:dollar -:dollar 2:dollar +:dollar 13.95:dollar /:dollar x:dollar =:dollar
EXPR: 0 | POS | FRA | 2 | 36.78 | 14.1949685534591 | (((10.62-2)+13.95)/1.59)=x | 10.62 2 - 13.95 + 1.59 / x = | 10.62:dollar 2:dollar -:dollar 13.95:dollar +:dollar 1.59:dollar /:dollar x:dollar =:dollar
EXPR: 0 | POS | FRA | 2 | 36.78 | 155.9832 | ((10.62+2)*(13.95-1.59))=x | 10.62 2 + 13.95 1.59 - * x = | 10.62:dollar 2:dollar +:dollar 13.95:dollar 1.59:dollar -:dollar *:dollar x:dollar =:dollar
EXPR: 0 | POS | FRA | 2 | 36.78 | 0.731899641577061 | (((10.62+1.59)-2)/13.95)=x | 10.62 1.59 + 2 - 13.95 / x = | 10.62:dollar 1.59:dollar +:dollar 2:dollar -:dollar 13.95:dollar /:dollar x:dollar =:dollar
EXPR: 0 | POS | FRA | 2 | 36.78 | 0.933220338983051 | ((10.62*2)*(1.59-x))=13.95 | 10.62 2 * 1.59 x - * 13.95 = | 10.62:dollar 2:dollar *:dollar 1.59:dollar x:dollar -:dollar *:dollar 13.95:dollar =:dollar
EXPR: 0 | POS | FRA | 2 | 36.78 | 3.20380322447292 | ((10.62*x)*(2-1.59))=13.95 | 10.62 x * 2 1.59 - * 13.95 = | 10.62:dollar x:dollar *:dollar 2:dollar 1.59:dollar -:dollar *:dollar 13.95:dollar =:dollar
EXPR: 0 | POS | FRA | 2 | 36.78 | 262.5264 | ((10.62*2)*(13.95-1.59))=x | 10.62 2 * 13.95 1.59 - * x = | 10.62:dollar 2:dollar *:dollar 13.95:dollar 1.59:dollar -:dollar *:dollar x:dollar =:dollar
EXPR: 0 | POS | FRA | 2 | 36.78 | 1.65160075329567 | (((10.62*x)-2)-1.59)=13.95 | 10.62 x * 2 - 1.59 - 13.95 = | 10.62:dollar x:dollar *:dollar 2:dollar -:dollar 1.59:dollar -:dollar 13.95:dollar =:dollar
EXPR: 0 | POS | FRA | 2 | 36.78 | 198.2295 | (((10.62+1.59)+2)*13.95)=x | 10.62 1.59 + 2 + 13.95 * x = | 10.62:dollar 1.59:dollar +:dollar 2:dollar +:dollar 13.95:dollar *:dollar x:dollar =:dollar
EXPR: 0 | POS | FRA | 2 | 36.78 | 42.2463 | (((10.62+2)+13.95)*1.59)=x | 10.62 2 + 13.95 + 1.59 * x = | 10.62:dollar 2:dollar +:dollar 13.95:dollar +:dollar 1.59:dollar *:dollar x:dollar =:dollar
EXPR: 0 | POS | FRA | 2 | 36.78 | 0.439196873513783 | (((10.62/x)-2)/1.59)=13.95 | 10.62 x / 2 - 1.59 / 13.95 = | 10.62:dollar x:dollar /:dollar 2:dollar -:dollar 1.59:dollar /:dollar 13.95:dollar =:dollar
EXPR: 0 | POS | FRA | 2 | 36.78 | 0.9358 | (((10.62*1.59)-2)-13.95)=x | 10.62 1.59 * 2 - 13.95 - x = | 10.62:dollar 1.59:dollar *:dollar 2:dollar -:dollar 13.95:dollar -:dollar x:dollar =:dollar
EXPR: 0 | POS | FRA | 2 | 36.78 | 5.7 | (((10.62*2)-13.95)-1.59)=x | 10.62 2 * 13.95 - 1.59 - x = | 10.62:dollar 2:dollar *:dollar 13.95:dollar -:dollar 1.59:dollar -:dollar x:dollar =:dollar
EXPR: 0 | POS | FRA | 2 | 36.78 | 1.23137876386688 | (((10.62+2)*x)-1.59)=13.95 | 10.62 2 + x * 1.59 - 13.95 = | 10.62:dollar 2:dollar +:dollar x:dollar *:dollar 1.59:dollar -:dollar 13.95:dollar =:dollar
EXPR: 0 | POS | FRA | 2 | 36.78 | 10.47 | (((10.62+1.59)*2)-13.95)=x | 10.62 1.59 + 2 * 13.95 - x = | 10.62:dollar 1.59:dollar +:dollar 2:dollar *:dollar 13.95:dollar -:dollar x:dollar =:dollar
EXPR: 0 | POS | FRA | 2 | 36.78 | 174.459 | (((10.62+2)*13.95)-1.59)=x | 10.62 2 + 13.95 * 1.59 - x = | 10.62:dollar 2:dollar +:dollar 13.95:dollar *:dollar 1.59:dollar -:dollar x:dollar =:dollar
EXPR: 0 | POS | FRA | 2 | 36.78 | 4.11 | (((10.62-1.59)*2)-13.95)=x | 10.62 1.59 - 2 * 13.95 - x = | 10.62:dollar 1.59:dollar -:dollar 2:dollar *:dollar 13.95:dollar -:dollar x:dollar =:dollar
EXPR: 0 | POS | FRA | 2 | 36.78 | 118.659 | (((10.62-2)*13.95)-1.59)=x | 10.62 2 - 13.95 * 1.59 - x = | 10.62:dollar 2:dollar -:dollar 13.95:dollar *:dollar 1.59:dollar -:dollar x:dollar =:dollar
EXPR: 0 | POS | FRA | 2 | 36.78 | 6.92 | (((10.62+x)-2)-1.59)=13.95 | 10.62 x + 2 - 1.59 - 13.95 = | 10.62:dollar x:dollar +:dollar 2:dollar -:dollar 1.59:dollar -:dollar 13.95:dollar =:dollar
EXPR: 0 | POS | FRA | 2 | 36.78 | 0.335429769392034 | (((10.62/1.59)-2)/13.95)=x | 10.62 1.59 / 2 - 13.95 / x = | 10.62:dollar 1.59:dollar /:dollar 2:dollar -:dollar 13.95:dollar /:dollar x:dollar =:dollar
EXPR: 0 | POS | FRA | 2 | 36.78 | 20.98 | (((10.62-2)+13.95)-1.59)=x | 10.62 2 - 13.95 + 1.59 - x = | 10.62:dollar 2:dollar -:dollar 13.95:dollar +:dollar 1.59:dollar -:dollar x:dollar =:dollar
EXPR: 0 | POS | FRA | 2 | 36.78 | 6.76941457586619 | ((10.62+(2/13.95))/1.59)=x | 10.62 2 13.95 / + 1.59 / x = | 10.62:dollar 2:dollar 13.95:dollar /:dollar +:dollar 1.59:dollar /:dollar x:dollar =:dollar
EXPR: 0 | POS | FRA | 2 | 36.78 | 0.622168120646514 | (((10.62/1.59)+2)/13.95)=x | 10.62 1.59 / 2 + 13.95 / x = | 10.62:dollar 1.59:dollar /:dollar 2:dollar +:dollar 13.95:dollar /:dollar x:dollar =:dollar
EXPR: 0 | POS | FRA | 2 | 36.78 | 12.1132075471698 | (((10.62/2)+13.95)/1.59)=x | 10.62 2 / 13.95 + 1.59 / x = | 10.62:dollar 2:dollar /:dollar 13.95:dollar +:dollar 1.59:dollar /:dollar x:dollar =:dollar
EXPR: 0 | POS | FRA | 2 | 36.78 | 0.26 | x=((10.62+2)-(13.95-1.59)) | x 10.62 2 + 13.95 1.59 - - = | x:dollar 10.62:dollar 2:dollar +:dollar 13.95:dollar 1.59:dollar -:dollar -:dollar =:dollar
EXPR: 0 | POS | FRA | 2 | 36.78 | 5.7 | (((10.62*2)-x)-1.59)=13.95 | 10.62 2 * x - 1.59 - 13.95 = | 10.62:dollar 2:dollar *:dollar x:dollar -:dollar 1.59:dollar -:dollar 13.95:dollar =:dollar
EXPR: 0 | POS | FRA | 2 | 36.78 | 1.01863799283154 | (((10.62+1.59)+2)/13.95)=x | 10.62 1.59 + 2 + 13.95 / x = | 10.62:dollar 1.59:dollar +:dollar 2:dollar +:dollar 13.95:dollar /:dollar x:dollar =:dollar
EXPR: 0 | POS | FRA | 2 | 36.78 | 16.7106918238994 | (((10.62+2)+13.95)/1.59)=x | 10.62 2 + 13.95 + 1.59 / x = | 10.62:dollar 2:dollar +:dollar 13.95:dollar +:dollar 1.59:dollar /:dollar x:dollar =:dollar
EXPR: 0 | POS | FRA | 2 | 36.78 | 2.1906006006006 | 10.62=((2/(1.59-x))+13.95) | 10.62 2 1.59 x - / 13.95 + = | 10.62:dollar 2:dollar 1.59:dollar x:dollar -:dollar /:dollar 13.95:dollar +:dollar =:dollar
EXPR: 0 | POS | FRA | 2 | 36.78 | 8.73397849462365 | 10.62=((2-(1.59/13.95))+x) | 10.62 2 1.59 13.95 / - x + = | 10.62:dollar 2:dollar 1.59:dollar 13.95:dollar /:dollar -:dollar x:dollar +:dollar =:dollar
EXPR: 0 | POS | FRA | 2 | 36.78 | 0.731899641577061 | ((10.62+(1.59-2))/13.95)=x | 10.62 1.59 2 - + 13.95 / x = | 10.62:dollar 1.59:dollar 2:dollar -:dollar +:dollar 13.95:dollar /:dollar x:dollar =:dollar
EXPR: 0 | POS | FRA | 2 | 36.78 | 207.65691 | (((10.62*1.59)-2)*13.95)=x | 10.62 1.59 * 2 - 13.95 * x = | 10.62:dollar 1.59:dollar *:dollar 2:dollar -:dollar 13.95:dollar *:dollar x:dollar =:dollar
EXPR: 0 | POS | FRA | 2 | 36.78 | 11.5911 | (((10.62*2)-13.95)*1.59)=x | 10.62 2 * 13.95 - 1.59 * x = | 10.62:dollar 2:dollar *:dollar 13.95:dollar -:dollar 1.59:dollar *:dollar x:dollar =:dollar
EXPR: 0 | POS | FRA | 2 | 36.78 | 0.503942652329749 | (((10.62-1.59)-2)/13.95)=x | 10.62 1.59 - 2 - 13.95 / x = | 10.62:dollar 1.59:dollar -:dollar 2:dollar -:dollar 13.95:dollar /:dollar x:dollar =:dollar
EXPR: 0 | POS | FRA | 2 | 36.78 | 24.98 | ((10.62+(2+13.95))-1.59)=x | 10.62 2 13.95 + + 1.59 - x = | 10.62:dollar 2:dollar 13.95:dollar +:dollar +:dollar 1.59:dollar -:dollar x:dollar =:dollar
EXPR: 0 | POS | FRA | 2 | 36.78 | 24.2264150943396 | ((10.62+(2*13.95))/1.59)=x | 10.62 2 13.95 * + 1.59 / x = | 10.62:dollar 2:dollar 13.95:dollar *:dollar +:dollar 1.59:dollar /:dollar x:dollar =:dollar
EXPR: 0 | POS | FRA | 2 | 36.78 | 0.637814021248623 | (((10.62*x)+2)*1.59)=13.95 | 10.62 x * 2 + 1.59 * 13.95 = | 10.62:dollar x:dollar *:dollar 2:dollar +:dollar 1.59:dollar *:dollar 13.95:dollar =:dollar
EXPR: 0 | POS | FRA | 2 | 36.78 | 3.84641509433962 | x=((10.62+2)-(13.95/1.59)) | x 10.62 2 + 13.95 1.59 / - = | x:dollar 10.62:dollar 2:dollar +:dollar 13.95:dollar 1.59:dollar /:dollar -:dollar =:dollar
EXPR: 0 | POS | FRA | 2 | 36.78 | 0.704301075268817 | ((10.62-(1.59/2))/13.95)=x | 10.62 1.59 2 / - 13.95 / x = | 10.62:dollar 1.59:dollar 2:dollar /:dollar -:dollar 13.95:dollar /:dollar x:dollar =:dollar
EXPR: 0 | POS | FRA | 2 | 36.78 | 6.58907599017155 | ((10.62-(2/13.95))/1.59)=x | 10.62 2 13.95 / - 1.59 / x = | 10.62:dollar 2:dollar 13.95:dollar /:dollar -:dollar 1.59:dollar /:dollar x:dollar =:dollar
EXPR: 0 | POS | FRA | 2 | 36.78 | 1.0210355987055 | x=((10.62+2)/(13.95-1.59)) | x 10.62 2 + 13.95 1.59 - / = | x:dollar 10.62:dollar 2:dollar +:dollar 13.95:dollar 1.59:dollar -:dollar /:dollar =:dollar
EXPR: 0 | POS | FRA | 2 | 36.78 | 3.35220125786164 | 10.62=((2-(1.59*x))+13.95) | 10.62 2 1.59 x * - 13.95 + = | 10.62:dollar 2:dollar 1.59:dollar x:dollar *:dollar -:dollar 13.95:dollar +:dollar =:dollar
EXPR: 0 | POS | FRA | 2 | 36.78 | 152.5032 | x=(10.62*((2+13.95)-1.59)) | x 10.62 2 13.95 + 1.59 - * = | x:dollar 10.62:dollar 2:dollar 13.95:dollar +:dollar 1.59:dollar -:dollar *:dollar =:dollar
EXPR: 0 | POS | FRA | 2 | 36.78 | 1.96954838709677 | 10.62=((2-(x/1.59))*13.95) | 10.62 2 x 1.59 / - 13.95 * = | 10.62:dollar 2:dollar x:dollar 1.59:dollar /:dollar -:dollar 13.95:dollar *:dollar =:dollar
EXPR: 0 | POS | FRA | 2 | 36.78 | 98.0685 | (((10.62-1.59)-2)*13.95)=x | 10.62 1.59 - 2 - 13.95 * x = | 10.62:dollar 1.59:dollar -:dollar 2:dollar -:dollar 13.95:dollar *:dollar x:dollar =:dollar
EXPR: 0 | POS | FRA | 2 | 36.78 | 0.739554317548746 | x=(10.62/((2+13.95)-1.59)) | x 10.62 2 13.95 + 1.59 - / = | x:dollar 10.62:dollar 2:dollar 13.95:dollar +:dollar 1.59:dollar -:dollar /:dollar =:dollar
EXPR: 0 | POS | FRA | 2 | 36.78 | 0.503942652329749 | ((10.62-(2+1.59))/x)=13.95 | 10.62 2 1.59 + - x / 13.95 = | 10.62:dollar 2:dollar 1.59:dollar +:dollar -:dollar x:dollar /:dollar 13.95:dollar =:dollar
EXPR: 0 | POS | FRA | 2 | 36.78 | 0.836158192090395 | ((10.62*(2-x))+1.59)=13.95 | 10.62 2 x - * 1.59 + 13.95 = | 10.62:dollar 2:dollar x:dollar -:dollar *:dollar 1.59:dollar +:dollar 13.95:dollar =:dollar
EXPR: 0 | POS | FRA | 2 | 36.78 | 10.47 | x=(((10.62+1.59)*2)-13.95) | x 10.62 1.59 + 2 * 13.95 - = | x:dollar 10.62:dollar 1.59:dollar +:dollar 2:dollar *:dollar 13.95:dollar -:dollar =:dollar
EXPR: 0 | POS | FRA | 2 | 36.78 | 174.459 | x=(((10.62+2)*13.95)-1.59) | x 10.62 2 + 13.95 * 1.59 - = | x:dollar 10.62:dollar 2:dollar +:dollar 13.95:dollar *:dollar 1.59:dollar -:dollar =:dollar
EXPR: 0 | POS | FRA | 2 | 36.78 | 106.5432 | 10.62=(2-(x/(1.59-13.95))) | 10.62 2 x 1.59 13.95 - / - = | 10.62:dollar 2:dollar x:dollar 1.59:dollar 13.95:dollar -:dollar /:dollar -:dollar =:dollar
EXPR: 0 | POS | FRA | 2 | 36.78 | 186.2748 | x=(10.62*((2+13.95)+1.59)) | x 10.62 2 13.95 + 1.59 + * = | x:dollar 10.62:dollar 2:dollar 13.95:dollar +:dollar 1.59:dollar +:dollar *:dollar =:dollar
EXPR: 0 | POS | FRA | 2 | 36.78 | 170.979 | x=((10.62*(2+13.95))+1.59) | x 10.62 2 13.95 + * 1.59 + = | x:dollar 10.62:dollar 2:dollar 13.95:dollar +:dollar *:dollar 1.59:dollar +:dollar =:dollar
EXPR: 0 | POS | FRA | 2 | 36.78 | 3.84641509433962 | ((10.62+(2-x))*1.59)=13.95 | 10.62 2 x - + 1.59 * 13.95 = | 10.62:dollar 2:dollar x:dollar -:dollar +:dollar 1.59:dollar *:dollar 13.95:dollar =:dollar
EXPR: 0 | POS | FRA | 2 | 36.78 | 0.26 | ((10.62+(2+1.59))-x)=13.95 | 10.62 2 1.59 + + x - 13.95 = | 10.62:dollar 2:dollar 1.59:dollar +:dollar +:dollar x:dollar -:dollar 13.95:dollar =:dollar
EXPR: 0 | POS | FRA | 2 | 36.78 | 106.5432 | x=((10.62-2)*(13.95-1.59)) | x 10.62 2 - 13.95 1.59 - * = | x:dollar 10.62:dollar 2:dollar -:dollar 13.95:dollar 1.59:dollar -:dollar *:dollar =:dollar
EXPR: 0 | POS | FRA | 2 | 36.78 | 0.26 | ((10.62+(2-x))+1.59)=13.95 | 10.62 2 x - + 1.59 + 13.95 = | 10.62:dollar 2:dollar x:dollar -:dollar +:dollar 1.59:dollar +:dollar 13.95:dollar =:dollar
EXPR: 0 | POS | FRA | 2 | 36.78 | 28.16 | ((10.62+(2+13.95))+1.59)=x | 10.62 2 13.95 + + 1.59 + x = | 10.62:dollar 2:dollar 13.95:dollar +:dollar +:dollar 1.59:dollar +:dollar x:dollar =:dollar
EXPR: 0 | POS | FRA | 2 | 36.78 | 8.4747 | ((10.62-2)+(x/1.59))=13.95 | 10.62 2 - x 1.59 / + 13.95 = | 10.62:dollar 2:dollar -:dollar x:dollar 1.59:dollar /:dollar +:dollar 13.95:dollar =:dollar
EXPR: 0 | POS | FRA | 2 | 36.78 | 3.35220125786164 | ((10.62-2)+(x*1.59))=13.95 | 10.62 2 - x 1.59 * + 13.95 = | 10.62:dollar 2:dollar -:dollar x:dollar 1.59:dollar *:dollar +:dollar 13.95:dollar =:dollar
EXPR: 0 | POS | FRA | 2 | 36.78 | 0.26 | x=(((10.62+1.59)+2)-13.95) | x 10.62 1.59 + 2 + 13.95 - = | x:dollar 10.62:dollar 1.59:dollar +:dollar 2:dollar +:dollar 13.95:dollar -:dollar =:dollar
EXPR: 0 | POS | FRA | 2 | 36.78 | 2.46 | ((10.62+(2*x))-1.59)=13.95 | 10.62 2 x * + 1.59 - 13.95 = | 10.62:dollar 2:dollar x:dollar *:dollar +:dollar 1.59:dollar -:dollar 13.95:dollar =:dollar
EXPR: 0 | POS | FRA | 2 | 36.78 | 24.98 | x=(((10.62+2)+13.95)-1.59) | x 10.62 2 + 13.95 + 1.59 - = | x:dollar 10.62:dollar 2:dollar +:dollar 13.95:dollar +:dollar 1.59:dollar -:dollar =:dollar
EXPR: 0 | POS | FRA | 2 | 36.78 | 36.93 | ((10.62+(2*13.95))-1.59)=x | 10.62 2 13.95 * + 1.59 - x = | 10.62:dollar 2:dollar 13.95:dollar *:dollar +:dollar 1.59:dollar -:dollar x:dollar =:dollar
EXPR: 0 | POS | FRA | 2 | 36.78 | 20.98 | ((10.62-(2-13.95))-1.59)=x | 10.62 2 13.95 - - 1.59 - x = | 10.62:dollar 2:dollar 13.95:dollar -:dollar -:dollar 1.59:dollar -:dollar x:dollar =:dollar
EXPR: 0 | POS | FRA | 2 | 36.78 | 6.92 | (((10.62-2)+x)-1.59)=13.95 | 10.62 2 - x + 1.59 - 13.95 = | 10.62:dollar 2:dollar -:dollar x:dollar +:dollar 1.59:dollar -:dollar 13.95:dollar =:dollar
EXPR: 0 | POS | FRA | 2 | 36.78 | 3.74 | (((10.62+x)-2)+1.59)=13.95 | 10.62 x + 2 - 1.59 + 13.95 = | 10.62:dollar x:dollar +:dollar 2:dollar -:dollar 1.59:dollar +:dollar 13.95:dollar =:dollar
EXPR: 0 | POS | FRA | 2 | 36.78 | 0.403648802736602 | x=(10.62/((2*13.95)-1.59)) | x 10.62 2 13.95 * 1.59 - / = | x:dollar 10.62:dollar 2:dollar 13.95:dollar *:dollar 1.59:dollar -:dollar /:dollar =:dollar
EXPR: 0 | POS | FRA | 2 | 36.78 | 8.88663082437276 | ((10.62-(2/13.95))-1.59)=x | 10.62 2 13.95 / - 1.59 - x = | 10.62:dollar 2:dollar 13.95:dollar /:dollar -:dollar 1.59:dollar -:dollar x:dollar =:dollar
EXPR: 0 | POS | FRA | 2 | 36.78 | 194.7495 | ((10.62+1.59)*(2+13.95))=x | 10.62 1.59 + 2 13.95 + * x = | 10.62:dollar 1.59:dollar +:dollar 2:dollar 13.95:dollar +:dollar *:dollar x:dollar =:dollar
EXPR: 0 | POS | FRA | 2 | 36.78 | 0.989399399399399 | (10.62+(2/(1.59-x)))=13.95 | 10.62 2 1.59 x - / + 13.95 = | 10.62:dollar 2:dollar 1.59:dollar x:dollar -:dollar /:dollar +:dollar 13.95:dollar =:dollar
EXPR: 0 | POS | FRA | 2 | 36.78 | 65.6316 | ((10.62/2)*(13.95-1.59))=x | 10.62 2 / 13.95 1.59 - * x = | 10.62:dollar 2:dollar /:dollar 13.95:dollar 1.59:dollar -:dollar *:dollar x:dollar =:dollar
EXPR: 0 | POS | FRA | 2 | 36.78 | 0.0283294663573085 | ((10.62-2)*(1.59+x))=13.95 | 10.62 2 - 1.59 x + * 13.95 = | 10.62:dollar 2:dollar -:dollar 1.59:dollar x:dollar +:dollar *:dollar 13.95:dollar =:dollar
EXPR: 0 | POS | FRA | 2 | 36.78 | 42.2463 | ((10.62+(2+13.95))*1.59)=x | 10.62 2 13.95 + + 1.59 * x = | 10.62:dollar 2:dollar 13.95:dollar +:dollar +:dollar 1.59:dollar *:dollar x:dollar =:dollar
EXPR: 0 | POS | FRA | 2 | 36.78 | 23.775 | ((10.62-(1.59/2))+13.95)=x | 10.62 1.59 2 / - 13.95 + x = | 10.62:dollar 1.59:dollar 2:dollar /:dollar -:dollar 13.95:dollar +:dollar x:dollar =:dollar
EXPR: 0 | POS | FRA | 2 | 36.78 | 12.0666308243728 | ((10.62-(2/13.95))+1.59)=x | 10.62 2 13.95 / - 1.59 + x = | 10.62:dollar 2:dollar 13.95:dollar /:dollar -:dollar 1.59:dollar +:dollar x:dollar =:dollar
EXPR: 0 | POS | FRA | 2 | 36.78 | 10.7818122977346 | (10.62+(2/(13.95-1.59)))=x | 10.62 2 13.95 1.59 - / + x = | 10.62:dollar 2:dollar 13.95:dollar 1.59:dollar -:dollar /:dollar +:dollar x:dollar =:dollar
EXPR: 0 | POS | FRA | 2 | 36.78 | 0.26 | (10.62+(2-(13.95-1.59)))=x | 10.62 2 13.95 1.59 - - + x = | 10.62:dollar 2:dollar 13.95:dollar 1.59:dollar -:dollar -:dollar +:dollar x:dollar =:dollar
EXPR: 0 | POS | FRA | 2 | 36.78 | 16.7106918238994 | ((10.62+(2+13.95))/1.59)=x | 10.62 2 13.95 + + 1.59 / x = | 10.62:dollar 2:dollar 13.95:dollar +:dollar +:dollar 1.59:dollar /:dollar x:dollar =:dollar
EXPR: 0 | POS | FRA | 2 | 36.78 | 167.799 | ((10.62*(2+13.95))-1.59)=x | 10.62 2 13.95 + * 1.59 - x = | 10.62:dollar 2:dollar 13.95:dollar +:dollar *:dollar 1.59:dollar -:dollar x:dollar =:dollar
EXPR: 0 | POS | FRA | 2 | 36.78 | 8.88 | (((10.62*2)-x)+1.59)=13.95 | 10.62 2 * x - 1.59 + 13.95 = | 10.62:dollar 2:dollar *:dollar x:dollar -:dollar 1.59:dollar +:dollar 13.95:dollar =:dollar
EXPR: 0 | POS | FRA | 2 | 36.78 | 1.35216572504708 | (((10.62*x)-2)+1.59)=13.95 | 10.62 x * 2 - 1.59 + 13.95 = | 10.62:dollar x:dollar *:dollar 2:dollar -:dollar 1.59:dollar +:dollar 13.95:dollar =:dollar
EXPR: 0 | POS | FRA | 2 | 36.78 | 12.4664150943396 | ((10.62*2)-(13.95/1.59))=x | 10.62 2 * 13.95 1.59 / - x = | 10.62:dollar 2:dollar *:dollar 13.95:dollar 1.59:dollar /:dollar -:dollar x:dollar =:dollar
EXPR: 0 | POS | FRA | 2 | 36.78 | 24.1758 | ((10.62*(2+1.59))-x)=13.95 | 10.62 2 1.59 + * x - 13.95 = | 10.62:dollar 2:dollar 1.59:dollar +:dollar *:dollar x:dollar -:dollar 13.95:dollar =:dollar
EXPR: 0 | POS | FRA | 2 | 36.78 | 28.8358 | (((10.62*1.59)-2)+13.95)=x | 10.62 1.59 * 2 - 13.95 + x = | 10.62:dollar 1.59:dollar *:dollar 2:dollar -:dollar 13.95:dollar +:dollar x:dollar =:dollar
EXPR: 0 | POS | FRA | 2 | 36.78 | 8.88 | (((10.62*2)-13.95)+1.59)=x | 10.62 2 * 13.95 - 1.59 + x = | 10.62:dollar 2:dollar *:dollar 13.95:dollar -:dollar 1.59:dollar +:dollar x:dollar =:dollar
EXPR: 0 | POS | FRA | 2 | 36.78 | 0.26 | (((10.62+2)-x)+1.59)=13.95 | 10.62 2 + x - 1.59 + 13.95 = | 10.62:dollar 2:dollar +:dollar x:dollar -:dollar 1.59:dollar +:dollar 13.95:dollar =:dollar
EXPR: 0 | POS | FRA | 2 | 36.78 | 1.4338747099768 | (((10.62-2)*x)+1.59)=13.95 | 10.62 2 - x * 1.59 + 13.95 = | 10.62:dollar 2:dollar -:dollar x:dollar *:dollar 1.59:dollar +:dollar 13.95:dollar =:dollar
EXPR: 0 | POS | FRA | 2 | 36.78 | 20.98 | 10.62=((2+(1.59-13.95))+x) | 10.62 2 1.59 13.95 - + x + = | 10.62:dollar 2:dollar 1.59:dollar 13.95:dollar -:dollar +:dollar x:dollar +:dollar =:dollar
EXPR: 0 | POS | FRA | 2 | 36.78 | 0.818279569892473 | ((10.62+(1.59/2))/13.95)=x | 10.62 1.59 2 / + 13.95 / x = | 10.62:dollar 1.59:dollar 2:dollar /:dollar +:dollar 13.95:dollar /:dollar x:dollar =:dollar
EXPR: 0 | POS | FRA | 2 | 36.78 | 10.4869456066946 | (10.62+(1.59/(2-13.95)))=x | 10.62 1.59 2 13.95 - / + x = | 10.62:dollar 1.59:dollar 2:dollar 13.95:dollar -:dollar /:dollar +:dollar x:dollar =:dollar
EXPR: 0 | POS | FRA | 2 | 36.78 | 24.16 | (10.62+(1.59-(2-13.95)))=x | 10.62 1.59 2 13.95 - - + x = | 10.62:dollar 1.59:dollar 2:dollar 13.95:dollar -:dollar -:dollar +:dollar x:dollar =:dollar
EXPR: 0 | POS | FRA | 2 | 36.78 | 17.67 | x=(((10.62/2)+13.95)-1.59) | x 10.62 2 / 13.95 + 1.59 - = | x:dollar 10.62:dollar 2:dollar /:dollar 13.95:dollar +:dollar 1.59:dollar -:dollar =:dollar
EXPR: 0 | POS | FRA | 2 | 36.78 | 3.74 | (((10.62-2)+x)+1.59)=13.95 | 10.62 2 - x + 1.59 + 13.95 = | 10.62:dollar 2:dollar -:dollar x:dollar +:dollar 1.59:dollar +:dollar 13.95:dollar =:dollar
EXPR: 0 | POS | FRA | 2 | 36.78 | 0.26 | (((10.62-x)+2)+1.59)=13.95 | 10.62 x - 2 + 1.59 + 13.95 = | 10.62:dollar x:dollar -:dollar 2:dollar +:dollar 1.59:dollar +:dollar 13.95:dollar =:dollar
EXPR: 0 | POS | FRA | 2 | 36.78 | 18.1357232704403 | x=(10.62-((2-13.95)/1.59)) | x 10.62 2 13.95 - 1.59 / - = | x:dollar 10.62:dollar 2:dollar 13.95:dollar -:dollar 1.59:dollar /:dollar -:dollar =:dollar
EXPR: 0 | POS | FRA | 2 | 36.78 | 24.98 | (((10.62-1.59)+2)+13.95)=x | 10.62 1.59 - 2 + 13.95 + x = | 10.62:dollar 1.59:dollar -:dollar 2:dollar +:dollar 13.95:dollar +:dollar x:dollar =:dollar
EXPR: 0 | POS | FRA | 2 | 36.78 | 24.16 | (((10.62-2)+13.95)+1.59)=x | 10.62 2 - 13.95 + 1.59 + x = | 10.62:dollar 2:dollar -:dollar 13.95:dollar +:dollar 1.59:dollar +:dollar x:dollar =:dollar
EXPR: 0 | POS | FRA | 2 | 36.78 | 0.218106995884774 | ((10.62*2)-(1.59/x))=13.95 | 10.62 2 * 1.59 x / - 13.95 = | 10.62:dollar 2:dollar *:dollar 1.59:dollar x:dollar /:dollar -:dollar 13.95:dollar =:dollar
EXPR: 0 | POS | FRA | 2 | 36.78 | 10.23 | ((10.62/2)-(1.59-x))=13.95 | 10.62 2 / 1.59 x - - 13.95 = | 10.62:dollar 2:dollar /:dollar 1.59:dollar x:dollar -:dollar -:dollar 13.95:dollar =:dollar
EXPR: 0 | POS | FRA | 2 | 36.78 | 3.84641509433962 | ((10.62+2)-(13.95/1.59))=x | 10.62 2 + 13.95 1.59 / - x = | 10.62:dollar 2:dollar +:dollar 13.95:dollar 1.59:dollar /:dollar -:dollar x:dollar =:dollar
EXPR: 0 | POS | FRA | 2 | 36.78 | 2.92 | ((10.62+2)-(1.59-x))=13.95 | 10.62 2 + 1.59 x - - 13.95 = | 10.62:dollar 2:dollar +:dollar 1.59:dollar x:dollar -:dollar -:dollar 13.95:dollar =:dollar
EXPR: 0 | POS | FRA | 2 | 36.78 | 0.26 | ((10.62+2)-(13.95-1.59))=x | 10.62 2 + 13.95 1.59 - - x = | 10.62:dollar 2:dollar +:dollar 13.95:dollar 1.59:dollar -:dollar -:dollar x:dollar =:dollar
EXPR: 0 | POS | FRA | 2 | 36.78 | 1.0210355987055 | ((10.62+2)/(13.95-1.59))=x | 10.62 2 + 13.95 1.59 - / x = | 10.62:dollar 2:dollar +:dollar 13.95:dollar 1.59:dollar -:dollar /:dollar x:dollar =:dollar
EXPR: 0 | POS | FRA | 2 | 36.78 | 13.5605 | ((10.62-(2-x))/1.59)=13.95 | 10.62 2 x - - 1.59 / 13.95 = | 10.62:dollar 2:dollar x:dollar -:dollar -:dollar 1.59:dollar /:dollar 13.95:dollar =:dollar
EXPR: 0 | POS | FRA | 2 | 36.78 | 0.26 | (10.62+(2+(1.59-x)))=13.95 | 10.62 2 1.59 x - + + 13.95 = | 10.62:dollar 2:dollar 1.59:dollar x:dollar -:dollar +:dollar +:dollar 13.95:dollar =:dollar
EXPR: 0 | POS | FRA | 2 | 36.78 | 2.25583072100313 | x=((10.62/(2+13.95))+1.59) | x 10.62 2 13.95 + / 1.59 + = | x:dollar 10.62:dollar 2:dollar 13.95:dollar +:dollar /:dollar 1.59:dollar +:dollar =:dollar
EXPR: 0 | POS | FRA | 2 | 36.78 | 0.731899641577061 | ((10.62-(2-1.59))/x)=13.95 | 10.62 2 1.59 - - x / 13.95 = | 10.62:dollar 2:dollar 1.59:dollar -:dollar -:dollar x:dollar /:dollar 13.95:dollar =:dollar
EXPR: 0 | POS | FRA | 3 | 36.78 | 0.605473204104903 | x=(10.62/((2+13.95)+1.59)) | x 10.62 2 13.95 + 1.59 + / = | x:dollar 10.62:dollar 2:dollar 13.95:dollar +:dollar 1.59:dollar +:dollar /:dollar =:dollar
EXPR: 0 | POS | FRA | 3 | 36.78 | 61.2468 | x=((10.62+(2*13.95))*1.59) | x 10.62 2 13.95 * + 1.59 * = | x:dollar 10.62:dollar 2:dollar 13.95:dollar *:dollar +:dollar 1.59:dollar *:dollar =:dollar
EXPR: 0 | POS | FRA | 4 | 36.78 | 1.06708243727599 | (((10.62*1.59)-2)/x)=13.95 | 10.62 1.59 * 2 - x / 13.95 = | 10.62:dollar 1.59:dollar *:dollar 2:dollar -:dollar x:dollar /:dollar 13.95:dollar =:dollar
EXPR: 0 | POS | FRA | 4 | 36.78 | 2.98125 | (x*((10.62/1.59)-2))=13.95 | x 10.62 1.59 / 2 - * 13.95 = | x:dollar 10.62:dollar 1.59:dollar /:dollar 2:dollar -:dollar *:dollar 13.95:dollar =:dollar
EXPR: 0 | POS | FRA | 4 | 36.78 | 13.8751412429379 | ((10.62*2)*(13.95-x))=1.59 | 10.62 2 * 13.95 x - * 1.59 = | 10.62:dollar 2:dollar *:dollar 13.95:dollar x:dollar -:dollar *:dollar 1.59:dollar =:dollar
EXPR: 0 | POS | FRA | 4 | 36.78 | 0.697411003236246 | 10.62=(2+(x*(13.95-1.59))) | 10.62 2 x 13.95 1.59 - * + = | 10.62:dollar 2:dollar x:dollar 13.95:dollar 1.59:dollar -:dollar *:dollar +:dollar =:dollar
EXPR: 0 | POS | FRA | 4 | 36.78 | 14.1344547563805 | ((10.62-2)*(x-13.95))=1.59 | 10.62 2 - x 13.95 - * 1.59 = | 10.62:dollar 2:dollar -:dollar x:dollar 13.95:dollar -:dollar *:dollar 1.59:dollar =:dollar
EXPR: 0 | POS | FRA | 4 | 36.78 | 194.7495 | 2=((x/(10.62+1.59))-13.95) | 2 x 10.62 1.59 + / 13.95 - = | 2:dollar x:dollar 10.62:dollar 1.59:dollar +:dollar /:dollar 13.95:dollar -:dollar =:dollar
EXPR: 0 | POS | FRA | 4 | 36.78 | 28.16 | 2=((x-(10.62+1.59))-13.95) | 2 x 10.62 1.59 + - 13.95 - = | 2:dollar x:dollar 10.62:dollar 1.59:dollar +:dollar -:dollar 13.95:dollar -:dollar =:dollar
EXPR: 0 | POS | FRA | 4 | 36.78 | 0.173002897798538 | ((10.62+(2/x))/13.95)=1.59 | 10.62 2 x / + 13.95 / 1.59 = | 10.62:dollar 2:dollar x:dollar /:dollar +:dollar 13.95:dollar /:dollar 1.59:dollar =:dollar
EXPR: 0 | POS | FRA | 4 | 36.78 | 0.972078853046595 | 10.62=(2-(13.95*(x-1.59))) | 10.62 2 13.95 x 1.59 - * - = | 10.62:dollar 2:dollar 13.95:dollar x:dollar 1.59:dollar -:dollar *:dollar -:dollar =:dollar
EXPR: 0 | POS | FRA | 4 | 36.78 | 3.1638418079096 | ((10.62*(2-x))+13.95)=1.59 | 10.62 2 x - * 13.95 + 1.59 = | 10.62:dollar 2:dollar x:dollar -:dollar *:dollar 13.95:dollar +:dollar 1.59:dollar =:dollar
EXPR: 0 | POS | FRA | 4 | 36.78 | 2.85922330097087 | ((10.62/(2-x))+13.95)=1.59 | 10.62 2 x - / 13.95 + 1.59 = | 10.62:dollar 2:dollar x:dollar -:dollar /:dollar 13.95:dollar +:dollar 1.59:dollar =:dollar
EXPR: 0 | POS | FRA | 4 | 36.78 | 1.30630630630631 | 2=((x*(10.62+1.59))-13.95) | 2 x 10.62 1.59 + * 13.95 - = | 2:dollar x:dollar 10.62:dollar 1.59:dollar +:dollar *:dollar 13.95:dollar -:dollar =:dollar
EXPR: 0 | POS | FRA | 4 | 36.78 | 1.76633444075305 | 2=((x*(10.62-1.59))-13.95) | 2 x 10.62 1.59 - * 13.95 - = | 2:dollar x:dollar 10.62:dollar 1.59:dollar -:dollar *:dollar 13.95:dollar -:dollar =:dollar
EXPR: 0 | POS | FRA | 4 | 36.78 | 0.507062146892655 | (((10.62*x)+1.59)*2)=13.95 | 10.62 x * 1.59 + 2 * 13.95 = | 10.62:dollar x:dollar *:dollar 1.59:dollar +:dollar 2:dollar *:dollar 13.95:dollar =:dollar
EXPR: 0 | POS | FRA | 4 | 36.78 | 30.8004999999999 | ((x+(2-10.62))/1.59)=13.95 | x 2 10.62 - + 1.59 / 13.95 = | x:dollar 2:dollar 10.62:dollar -:dollar +:dollar 1.59:dollar /:dollar 13.95:dollar =:dollar
EXPR: 0 | POS | FRA | 4 | 36.78 | 22.4799350282486 | 2=(10.62*((x/1.59)-13.95)) | 2 10.62 x 1.59 / 13.95 - * = | 2:dollar 10.62:dollar x:dollar 1.59:dollar /:dollar 13.95:dollar -:dollar *:dollar =:dollar
EXPR: 0 | POS | FRA | 4 | 36.78 | 3.35220125786164 | ((10.62+(1.59*x))-2)=13.95 | 10.62 1.59 x * + 2 - 13.95 = | 10.62:dollar 1.59:dollar x:dollar *:dollar +:dollar 2:dollar -:dollar 13.95:dollar =:dollar
EXPR: 0 | POS | FRA | 4 | 36.78 | 127.9685 | 10.62=(1.59-((2-x)/13.95)) | 10.62 1.59 2 x - 13.95 / - = | 10.62:dollar 1.59:dollar 2:dollar x:dollar -:dollar 13.95:dollar /:dollar -:dollar =:dollar
EXPR: 0 | POS | FRA | 4 | 36.78 | 1.4338747099768 | 2=(10.62+((1.59-13.95)/x)) | 2 10.62 1.59 13.95 - x / + = | 2:dollar 10.62:dollar 1.59:dollar 13.95:dollar -:dollar x:dollar /:dollar +:dollar =:dollar
EXPR: 0 | POS | FRA | 4 | 36.78 | 1.52252252252252 | (10.62+(1.59/(2-x)))=13.95 | 10.62 1.59 2 x - / + 13.95 = | 10.62:dollar 1.59:dollar 2:dollar x:dollar -:dollar /:dollar +:dollar 13.95:dollar =:dollar
EXPR: 0 | POS | FRA | 5 | 36.78 | 24.16 | (((10.62+1.59)+13.95)-2)=x | 10.62 1.59 + 13.95 + 2 - x = | 10.62:dollar 1.59:dollar +:dollar 13.95:dollar +:dollar 2:dollar -:dollar x:dollar =:dollar
EXPR: 0 | POS | FRA | 5 | 36.78 | 11.49 | (((10.62-1.59)+13.95)/2)=x | 10.62 1.59 - 13.95 + 2 / x = | 10.62:dollar 1.59:dollar -:dollar 13.95:dollar +:dollar 2:dollar /:dollar x:dollar =:dollar
EXPR: 0 | POS | FRA | 5 | 36.78 | 45.96 | (((10.62-1.59)+13.95)*2)=x | 10.62 1.59 - 13.95 + 2 * x = | 10.62:dollar 1.59:dollar -:dollar 13.95:dollar +:dollar 2:dollar *:dollar x:dollar =:dollar
EXPR: 0 | POS | FRA | 5 | 36.78 | 52.32 | (((10.62+1.59)+13.95)*2)=x | 10.62 1.59 + 13.95 + 2 * x = | 10.62:dollar 1.59:dollar +:dollar 13.95:dollar +:dollar 2:dollar *:dollar x:dollar =:dollar
EXPR: 0 | POS | FRA | 5 | 36.78 | 0.9358 | (((10.62*1.59)-13.95)-2)=x | 10.62 1.59 * 13.95 - 2 - x = | 10.62:dollar 1.59:dollar *:dollar 13.95:dollar -:dollar 2:dollar -:dollar x:dollar =:dollar
EXPR: 0 | POS | FRA | 5 | 36.78 | 168.3295 | (((10.62+1.59)*13.95)-2)=x | 10.62 1.59 + 13.95 * 2 - x = | 10.62:dollar 1.59:dollar +:dollar 13.95:dollar *:dollar 2:dollar -:dollar x:dollar =:dollar
EXPR: 0 | POS | FRA | 5 | 36.78 | 123.9685 | (((10.62-1.59)*13.95)-2)=x | 10.62 1.59 - 13.95 * 2 - x = | 10.62:dollar 1.59:dollar -:dollar 13.95:dollar *:dollar 2:dollar -:dollar x:dollar =:dollar
EXPR: 0 | POS | FRA | 5 | 36.78 | 20.98 | (((10.62-1.59)+13.95)-2)=x | 10.62 1.59 - 13.95 + 2 - x = | 10.62:dollar 1.59:dollar -:dollar 13.95:dollar +:dollar 2:dollar -:dollar x:dollar =:dollar
EXPR: 0 | POS | FRA | 5 | 36.78 | 10.3146226415094 | (((10.62/1.59)+13.95)/2)=x | 10.62 1.59 / 13.95 + 2 / x = | 10.62:dollar 1.59:dollar /:dollar 13.95:dollar +:dollar 2:dollar /:dollar x:dollar =:dollar
EXPR: 0 | POS | FRA | 5 | 36.78 | 13.08 | (((10.62+1.59)+13.95)/2)=x | 10.62 1.59 + 13.95 + 2 / x = | 10.62:dollar 1.59:dollar +:dollar 13.95:dollar +:dollar 2:dollar /:dollar x:dollar =:dollar
EXPR: 0 | POS | FRA | 5 | 36.78 | 5.36698924731183 | ((10.62+(1.59/13.95))/2)=x | 10.62 1.59 13.95 / + 2 / x = | 10.62:dollar 1.59:dollar 13.95:dollar /:dollar +:dollar 2:dollar /:dollar x:dollar =:dollar
EXPR: 0 | POS | FRA | 5 | 36.78 | 14.1949685534591 | ((10.62+(13.95-2))/1.59)=x | 10.62 13.95 2 - + 1.59 / x = | 10.62:dollar 13.95:dollar 2:dollar -:dollar +:dollar 1.59:dollar /:dollar x:dollar =:dollar
EXPR: 0 | POS | FRA | 5 | 36.78 | 5.8716 | (((10.62*1.59)-13.95)*2)=x | 10.62 1.59 * 13.95 - 2 * x = | 10.62:dollar 1.59:dollar *:dollar 13.95:dollar -:dollar 2:dollar *:dollar x:dollar =:dollar
EXPR: 0 | POS | FRA | 5 | 36.78 | 24.16 | ((10.62+(1.59+13.95))-2)=x | 10.62 1.59 13.95 + + 2 - x = | 10.62:dollar 1.59:dollar 13.95:dollar +:dollar +:dollar 2:dollar -:dollar x:dollar =:dollar
EXPR: 0 | POS | FRA | 5 | 36.78 | 16.40025 | ((10.62+(1.59*13.95))/2)=x | 10.62 1.59 13.95 * + 2 / x = | 10.62:dollar 1.59:dollar 13.95:dollar *:dollar +:dollar 2:dollar /:dollar x:dollar =:dollar
EXPR: 0 | POS | FRA | 5 | 36.78 | 5.235 | x=((10.62+1.59)-(13.95/2)) | x 10.62 1.59 + 13.95 2 / - = | x:dollar 10.62:dollar 1.59:dollar +:dollar 13.95:dollar 2:dollar /:dollar -:dollar =:dollar
EXPR: 0 | POS | FRA | 5 | 36.78 | 5.25301075268817 | ((10.62-(1.59/13.95))/2)=x | 10.62 1.59 13.95 / - 2 / x = | 10.62:dollar 1.59:dollar 13.95:dollar /:dollar -:dollar 2:dollar /:dollar x:dollar =:dollar
EXPR: 0 | POS | FRA | 5 | 36.78 | 143.7948 | x=(10.62*((1.59+13.95)-2)) | x 10.62 1.59 13.95 + 2 - * = | x:dollar 10.62:dollar 1.59:dollar 13.95:dollar +:dollar 2:dollar -:dollar *:dollar =:dollar
EXPR: 0 | POS | FRA | 5 | 36.78 | 0.784342688330872 | x=(10.62/((1.59+13.95)-2)) | x 10.62 1.59 13.95 + 2 - / = | x:dollar 10.62:dollar 1.59:dollar 13.95:dollar +:dollar 2:dollar -:dollar /:dollar =:dollar
EXPR: 0 | POS | FRA | 5 | 36.78 | 168.3295 | x=(((10.62+1.59)*13.95)-2) | x 10.62 1.59 + 13.95 * 2 - = | x:dollar 10.62:dollar 1.59:dollar +:dollar 13.95:dollar *:dollar 2:dollar -:dollar =:dollar
EXPR: 0 | POS | FRA | 5 | 36.78 | 21.39 | x=((10.62+13.95)-(2*1.59)) | x 10.62 13.95 + 2 1.59 * - = | x:dollar 10.62:dollar 13.95:dollar +:dollar 2:dollar 1.59:dollar *:dollar -:dollar =:dollar
EXPR: 0 | POS | FRA | 5 | 36.78 | 167.0348 | x=((10.62*(1.59+13.95))+2) | x 10.62 1.59 13.95 + * 2 + = | x:dollar 10.62:dollar 1.59:dollar 13.95:dollar +:dollar *:dollar 2:dollar +:dollar =:dollar
EXPR: 0 | POS | FRA | 5 | 36.78 | 186.2748 | x=(10.62*((1.59+13.95)+2)) | x 10.62 1.59 13.95 + 2 + * = | x:dollar 10.62:dollar 1.59:dollar 13.95:dollar +:dollar 2:dollar +:dollar *:dollar =:dollar
EXPR: 0 | POS | FRA | 5 | 36.78 | 107.9085 | x=((10.62-1.59)*(13.95-2)) | x 10.62 1.59 - 13.95 2 - * = | x:dollar 10.62:dollar 1.59:dollar -:dollar 13.95:dollar 2:dollar -:dollar *:dollar =:dollar
EXPR: 0 | POS | FRA | 5 | 36.78 | 28.16 | ((10.62+(1.59+13.95))+2)=x | 10.62 1.59 13.95 + + 2 + x = | 10.62:dollar 1.59:dollar 13.95:dollar +:dollar +:dollar 2:dollar +:dollar x:dollar =:dollar
EXPR: 0 | POS | FRA | 5 | 36.78 | 24.98 | x=(((10.62+13.95)+2)-1.59) | x 10.62 13.95 + 2 + 1.59 - = | x:dollar 10.62:dollar 13.95:dollar +:dollar 2:dollar +:dollar 1.59:dollar -:dollar =:dollar
EXPR: 0 | POS | FRA | 5 | 36.78 | 25.8114406779661 | ((2-(1.59/10.62))*13.95)=x | 2 1.59 10.62 / - 13.95 * x = | 2:dollar 1.59:dollar 10.62:dollar /:dollar -:dollar 13.95:dollar *:dollar x:dollar =:dollar
EXPR: 0 | POS | FRA | 5 | 36.78 | 30.8005 | ((10.62+(1.59*13.95))-2)=x | 10.62 1.59 13.95 * + 2 - x = | 10.62:dollar 1.59:dollar 13.95:dollar *:dollar +:dollar 2:dollar -:dollar x:dollar =:dollar
EXPR: 0 | POS | FRA | 5 | 36.78 | 20.98 | ((10.62-(1.59-13.95))-2)=x | 10.62 1.59 13.95 - - 2 - x = | 10.62:dollar 1.59:dollar 13.95:dollar -:dollar -:dollar 2:dollar -:dollar x:dollar =:dollar
EXPR: 0 | POS | FRA | 5 | 36.78 | 163.0348 | ((10.62*(1.59+13.95))-2)=x | 10.62 1.59 13.95 + * 2 - x = | 10.62:dollar 1.59:dollar 13.95:dollar +:dollar *:dollar 2:dollar -:dollar x:dollar =:dollar
EXPR: 0 | POS | FRA | 5 | 36.78 | 0.526250588439335 | x=(10.62/((1.59*13.95)-2)) | x 10.62 1.59 13.95 * 2 - / = | x:dollar 10.62:dollar 1.59:dollar 13.95:dollar *:dollar 2:dollar -:dollar /:dollar =:dollar
EXPR: 0 | POS | FRA | 5 | 36.78 | 8.50602150537634 | ((10.62-(1.59/13.95))-2)=x | 10.62 1.59 13.95 / - 2 - x = | 10.62:dollar 1.59:dollar 13.95:dollar /:dollar -:dollar 2:dollar -:dollar x:dollar =:dollar
EXPR: 0 | POS | FRA | 5 | 36.78 | 12.5060215053763 | ((10.62-(1.59/13.95))+2)=x | 10.62 1.59 13.95 / - 2 + x = | 10.62:dollar 1.59:dollar 13.95:dollar /:dollar -:dollar 2:dollar +:dollar x:dollar =:dollar
EXPR: 0 | POS | FRA | 5 | 36.78 | 0.605473204104903 | x=(10.62/((1.59+13.95)+2)) | x 10.62 1.59 13.95 + 2 + / = | x:dollar 10.62:dollar 1.59:dollar 13.95:dollar +:dollar 2:dollar +:dollar /:dollar =:dollar
EXPR: 0 | POS | FRA | 5 | 36.78 | 65.601 | x=((10.62+(1.59*13.95))*2) | x 10.62 1.59 13.95 * + 2 * = | x:dollar 10.62:dollar 1.59:dollar 13.95:dollar *:dollar +:dollar 2:dollar *:dollar =:dollar
EXPR: 0 | POS | FRA | 5 | 36.78 | 0.26 | (10.62+(1.59-(13.95-2)))=x | 10.62 1.59 13.95 2 - - + x = | 10.62:dollar 1.59:dollar 13.95:dollar 2:dollar -:dollar -:dollar +:dollar x:dollar =:dollar
EXPR: 0 | POS | FRA | 5 | 36.78 | 13.08 | ((10.62+(1.59+13.95))/2)=x | 10.62 1.59 13.95 + + 2 / x = | 10.62:dollar 1.59:dollar 13.95:dollar +:dollar +:dollar 2:dollar /:dollar x:dollar =:dollar
EXPR: 0 | POS | FRA | 5 | 36.78 | 4.9358 | (((10.62*1.59)-13.95)+2)=x | 10.62 1.59 * 13.95 - 2 + x = | 10.62:dollar 1.59:dollar *:dollar 13.95:dollar -:dollar 2:dollar +:dollar x:dollar =:dollar
EXPR: 0 | POS | FRA | 5 | 36.78 | 2.055 | (10.62-(1.59+(13.95/2)))=x | 10.62 1.59 13.95 2 / + - x = | 10.62:dollar 1.59:dollar 13.95:dollar 2:dollar /:dollar +:dollar -:dollar x:dollar =:dollar
EXPR: 0 | POS | FRA | 5 | 36.78 | 0.558932659666851 | x=((10.62/1.59)/(13.95-2)) | x 10.62 1.59 / 13.95 2 - / = | x:dollar 10.62:dollar 1.59:dollar /:dollar 13.95:dollar 2:dollar -:dollar /:dollar =:dollar
EXPR: 0 | POS | FRA | 5 | 36.78 | 18.6292452830189 | x=(((10.62/1.59)+13.95)-2) | x 10.62 1.59 / 13.95 + 2 - = | x:dollar 10.62:dollar 1.59:dollar /:dollar 13.95:dollar +:dollar 2:dollar -:dollar =:dollar
EXPR: 0 | POS | FRA | 5 | 36.78 | 61.6716 | (((10.62*1.59)+13.95)*2)=x | 10.62 1.59 * 13.95 + 2 * x = | 10.62:dollar 1.59:dollar *:dollar 13.95:dollar +:dollar 2:dollar *:dollar x:dollar =:dollar
EXPR: 0 | POS | FRA | 5 | 36.78 | 24.98 | (((10.62-1.59)+13.95)+2)=x | 10.62 1.59 - 13.95 + 2 + x = | 10.62:dollar 1.59:dollar -:dollar 13.95:dollar +:dollar 2:dollar +:dollar x:dollar =:dollar
EXPR: 0 | POS | FRA | 5 | 36.78 | 22.4504516129032 | x=(10.62*((1.59/13.95)+2)) | x 10.62 1.59 13.95 / 2 + * = | x:dollar 10.62:dollar 1.59:dollar 13.95:dollar /:dollar 2:dollar +:dollar *:dollar =:dollar
EXPR: 0 | POS | FRA | 5 | 36.78 | 2.68339768339768 | x=((10.62/(1.59+13.95))+2) | x 10.62 1.59 13.95 + / 2 + = | x:dollar 10.62:dollar 1.59:dollar 13.95:dollar +:dollar /:dollar 2:dollar +:dollar =:dollar
EXPR: 0 | POS | FRA | 6 | 36.78 | 88.2063 | 2=((x/(10.62+13.95))-1.59) | 2 x 10.62 13.95 + / 1.59 - = | 2:dollar x:dollar 10.62:dollar 13.95:dollar +:dollar /:dollar 1.59:dollar -:dollar =:dollar
EXPR: 0 | POS | FRA | 6 | 36.78 | 28.16 | 2=((x-(10.62+13.95))-1.59) | 2 x 10.62 13.95 + - 1.59 - = | 2:dollar x:dollar 10.62:dollar 13.95:dollar +:dollar -:dollar 1.59:dollar -:dollar =:dollar
EXPR: 0 | POS | FRA | 6 | 36.78 | 0.146113146113146 | 2=((x*(10.62+13.95))-1.59) | 2 x 10.62 13.95 + * 1.59 - = | 2:dollar x:dollar 10.62:dollar 13.95:dollar +:dollar *:dollar 1.59:dollar -:dollar =:dollar
EXPR: 0 | POS | FRA | 6 | 36.78 | 24.16 | x=(((10.62+1.59)+13.95)-2) | x 10.62 1.59 + 13.95 + 2 - = | x:dollar 10.62:dollar 1.59:dollar +:dollar 13.95:dollar +:dollar 2:dollar -:dollar =:dollar
EXPR: 0 | POS | FRA | 7 | 36.78 | 5.7 | 1.59=((10.62*2)-(13.95+x)) | 1.59 10.62 2 * 13.95 x + - = | 1.59:dollar 10.62:dollar 2:dollar *:dollar 13.95:dollar x:dollar +:dollar -:dollar =:dollar
EXPR: 0 | POS | FRA | 7 | 36.78 | 91.9176100628931 | (((10.62*13.95)-2)/x)=1.59 | 10.62 13.95 * 2 - x / 1.59 = | 10.62:dollar 13.95:dollar *:dollar 2:dollar -:dollar x:dollar /:dollar 1.59:dollar =:dollar
EXPR: 0 | POS | FRA | 7 | 36.78 | 14.1949685534591 | ((10.62-(1.59*x))+13.95)=2 | 10.62 1.59 x * - 13.95 + 2 = | 10.62:dollar 1.59:dollar x:dollar *:dollar -:dollar 13.95:dollar +:dollar 2:dollar =:dollar
EXPR: 0 | POS | FRA | 7 | 36.78 | 0.0704474966770049 | ((10.62-(1.59/x))+13.95)=2 | 10.62 1.59 x / - 13.95 + 2 = | 10.62:dollar 1.59:dollar x:dollar /:dollar -:dollar 13.95:dollar +:dollar 2:dollar =:dollar
EXPR: 0 | POS | FRA | 7 | 36.78 | 8.12195121951219 | 10.62=(13.95-(x*(2-1.59))) | 10.62 13.95 x 2 1.59 - * - = | 10.62:dollar 13.95:dollar x:dollar 2:dollar 1.59:dollar -:dollar *:dollar -:dollar =:dollar
EXPR: 0 | POS | FRA | 7 | 36.78 | 0.507062146892655 | ((1.59+(x*10.62))*2)=13.95 | 1.59 x 10.62 * + 2 * 13.95 = | 1.59:dollar x:dollar 10.62:dollar *:dollar +:dollar 2:dollar *:dollar 13.95:dollar =:dollar
EXPR: 0 | POS | FRA | 7 | 36.78 | 1.35268817204301 | 10.62=(1.59-(13.95*(x-2))) | 10.62 1.59 13.95 x 2 - * - = | 10.62:dollar 1.59:dollar 13.95:dollar x:dollar 2:dollar -:dollar *:dollar -:dollar =:dollar
EXPR: 0 | POS | FRA | 7 | 36.78 | 1.35268817204301 | 2=(x-((1.59-10.62)/13.95)) | 2 x 1.59 10.62 - 13.95 / - = | 2:dollar x:dollar 1.59:dollar 10.62:dollar -:dollar 13.95:dollar /:dollar -:dollar =:dollar
EXPR: 0 | POS | FRA | 7 | 36.78 | 28.0497175141243 | 2=((x-(1.59/10.62))/13.95) | 2 x 1.59 10.62 / - 13.95 / = | 2:dollar x:dollar 1.59:dollar 10.62:dollar /:dollar -:dollar 13.95:dollar /:dollar =:dollar
EXPR: 0 | POS | FRA | 7 | 36.78 | 36.93 | ((x+(1.59-10.62))/2)=13.95 | x 1.59 10.62 - + 2 / 13.95 = | x:dollar 1.59:dollar 10.62:dollar -:dollar +:dollar 2:dollar /:dollar 13.95:dollar =:dollar
EXPR: 0 | POS | FRA | 7 | 36.78 | 196.1148 | 1.59=((x/(10.62+2))-13.95) | 1.59 x 10.62 2 + / 13.95 - = | 1.59:dollar x:dollar 10.62:dollar 2:dollar +:dollar /:dollar 13.95:dollar -:dollar =:dollar
EXPR: 0 | POS | FRA | 7 | 36.78 | 133.9548 | 1.59=((x/(10.62-2))-13.95) | 1.59 x 10.62 2 - / 13.95 - = | 1.59:dollar x:dollar 10.62:dollar 2:dollar -:dollar /:dollar 13.95:dollar -:dollar =:dollar
EXPR: 0 | POS | FRA | 7 | 36.78 | 60.7005 | 10.62=(x-(13.95*(2+1.59))) | 10.62 x 13.95 2 1.59 + * - = | 10.62:dollar x:dollar 13.95:dollar 2:dollar 1.59:dollar +:dollar *:dollar -:dollar =:dollar
EXPR: 0 | POS | FRA | 7 | 36.78 | 0.431723696834026 | ((2-(1.59*x))*10.62)=13.95 | 2 1.59 x * - 10.62 * 13.95 = | 2:dollar 1.59:dollar x:dollar *:dollar -:dollar 10.62:dollar *:dollar 13.95:dollar =:dollar
EXPR: 0 | POS | FRA | 7 | 36.78 | 19.5533813559322 | ((1.59-(2/10.62))*13.95)=x | 1.59 2 10.62 / - 13.95 * x = | 1.59:dollar 2:dollar 10.62:dollar /:dollar -:dollar 13.95:dollar *:dollar x:dollar =:dollar
EXPR: 0 | POS | FRA | 7 | 36.78 | 14.1949685534591 | ((2+(1.59*x))-10.62)=13.95 | 2 1.59 x * + 10.62 - 13.95 = | 2:dollar 1.59:dollar x:dollar *:dollar +:dollar 10.62:dollar -:dollar 13.95:dollar =:dollar
EXPR: 0 | POS | FRA | 7 | 36.78 | 10.695 | ((2*(1.59+x))-10.62)=13.95 | 2 1.59 x + * 10.62 - 13.95 = | 2:dollar 1.59:dollar x:dollar +:dollar *:dollar 10.62:dollar -:dollar 13.95:dollar =:dollar
EXPR: 0 | POS | FRA | 9 | 36.78 | 6.92 | ((2+(1.59+13.95))-10.62)=x | 2 1.59 13.95 + + 10.62 - x = | 2:dollar 1.59:dollar 13.95:dollar +:dollar +:dollar 10.62:dollar -:dollar x:dollar =:dollar
EXPR: 0 | POS | FRA | 9 | 36.78 | 2.27688323917137 | ((2+(1.59*13.95))/10.62)=x | 2 1.59 13.95 * + 10.62 / x = | 2:dollar 1.59:dollar 13.95:dollar *:dollar +:dollar 10.62:dollar /:dollar x:dollar =:dollar
EXPR: 0 | POS | FRA | 9 | 36.78 | 0.177591478848997 | ((2-(1.59/13.95))/10.62)=x | 2 1.59 13.95 / - 10.62 / x = | 2:dollar 1.59:dollar 13.95:dollar /:dollar -:dollar 10.62:dollar /:dollar x:dollar =:dollar
EXPR: 0 | POS | FRA | 9 | 36.78 | 0.199056355425956 | ((2+(1.59/13.95))/10.62)=x | 2 1.59 13.95 / + 10.62 / x = | 2:dollar 1.59:dollar 13.95:dollar /:dollar +:dollar 10.62:dollar /:dollar x:dollar =:dollar
EXPR: 0 | POS | FRA | 9 | 36.78 | 20.46 | ((2*(1.59+13.95))-10.62)=x | 2 1.59 13.95 + * 10.62 - x = | 2:dollar 1.59:dollar 13.95:dollar +:dollar *:dollar 10.62:dollar -:dollar x:dollar =:dollar
EXPR: 0 | POS | FRA | 9 | 36.78 | 0.26 | ((2+(1.59-13.95))+10.62)=x | 2 1.59 13.95 - + 10.62 + x = | 2:dollar 1.59:dollar 13.95:dollar -:dollar +:dollar 10.62:dollar +:dollar x:dollar =:dollar
EXPR: 0 | POS | FRA | 9 | 36.78 | 6.92 | x=(((2+1.59)+13.95)-10.62) | x 2 1.59 + 13.95 + 10.62 - = | x:dollar 2:dollar 1.59:dollar +:dollar 13.95:dollar +:dollar 10.62:dollar -:dollar =:dollar
EXPR: 0 | POS | FRA | 9 | 36.78 | 13.5605 | ((2+(1.59*13.95))-10.62)=x | 2 1.59 13.95 * + 10.62 - x = | 2:dollar 1.59:dollar 13.95:dollar *:dollar +:dollar 10.62:dollar -:dollar x:dollar =:dollar
EXPR: 0 | POS | FRA | 9 | 36.78 | 0.0764525993883792 | x=(2/((1.59+13.95)+10.62)) | x 2 1.59 13.95 + 10.62 + / = | x:dollar 2:dollar 1.59:dollar 13.95:dollar +:dollar 10.62:dollar +:dollar /:dollar =:dollar
EXPR: 0 | POS | FRA | 9 | 36.78 | 256.79691 | x=((2+(1.59*13.95))*10.62) | x 2 1.59 13.95 * + 10.62 * = | x:dollar 2:dollar 1.59:dollar 13.95:dollar *:dollar +:dollar 10.62:dollar *:dollar =:dollar
EXPR: 0 | POS | FRA | 9 | 36.78 | 1.65160075329567 | ((2+(1.59+13.95))/10.62)=x | 2 1.59 13.95 + + 10.62 / x = | 2:dollar 1.59:dollar 13.95:dollar +:dollar +:dollar 10.62:dollar /:dollar x:dollar =:dollar
EXPR: 0 | POS | FRA | 9 | 36.78 | 1.35216572504708 | ((2-(1.59-13.95))/10.62)=x | 2 1.59 13.95 - - 10.62 / x = | 2:dollar 1.59:dollar 13.95:dollar -:dollar -:dollar 10.62:dollar /:dollar x:dollar =:dollar
EXPR: 0 | POS | FRA | 9 | 36.78 | 21.4679569892473 | x=(2*((1.59/13.95)+10.62)) | x 2 1.59 13.95 / 10.62 + * = | x:dollar 2:dollar 1.59:dollar 13.95:dollar /:dollar 10.62:dollar +:dollar *:dollar =:dollar
EXPR: 0 | POS | FRA | 10 | 36.78 | 9.435 | 1.59=(10.62+((x-13.95)*2)) | 1.59 10.62 x 13.95 - 2 * + = | 1.59:dollar 10.62:dollar x:dollar 13.95:dollar -:dollar 2:dollar *:dollar +:dollar =:dollar
EXPR: 0 | POS | FRA | 10 | 36.78 | 0.414354838709677 | ((1.59-(10.62/13.95))/x)=2 | 1.59 10.62 13.95 / - x / 2 = | 1.59:dollar 10.62:dollar 13.95:dollar /:dollar -:dollar x:dollar /:dollar 2:dollar =:dollar
EXPR: 0 | POS | FRA | 10 | 36.78 | 4.09433962264151 | 2=(x-((13.95-10.62)/1.59)) | 2 x 13.95 10.62 - 1.59 / - = | 2:dollar x:dollar 13.95:dollar 10.62:dollar -:dollar 1.59:dollar /:dollar -:dollar =:dollar
EXPR: 0 | POS | FRA | 11 | 36.78 | 14.7405 | (((2+13.95)*1.59)-10.62)=x | 2 13.95 + 1.59 * 10.62 - x = | 2:dollar 13.95:dollar +:dollar 1.59:dollar *:dollar 10.62:dollar -:dollar x:dollar =:dollar
EXPR: 0 | POS | FRA | 11 | 36.78 | 0.16321743649974 | ((1.59+(2/13.95))/10.62)=x | 1.59 2 13.95 / + 10.62 / x = | 1.59:dollar 2:dollar 13.95:dollar /:dollar +:dollar 10.62:dollar /:dollar x:dollar =:dollar
EXPR: 0 | POS | FRA | 11 | 36.78 | 0.136217591748847 | ((1.59-(2/13.95))/10.62)=x | 1.59 2 13.95 / - 10.62 / x = | 1.59:dollar 2:dollar 13.95:dollar /:dollar -:dollar 10.62:dollar /:dollar x:dollar =:dollar
EXPR: 0 | POS | FRA | 11 | 36.78 | 1.27495291902072 | ((1.59-(2-13.95))/10.62)=x | 1.59 2 13.95 - - 10.62 / x = | 1.59:dollar 2:dollar 13.95:dollar -:dollar -:dollar 10.62:dollar /:dollar x:dollar =:dollar
EXPR: 0 | POS | FRA | 11 | 36.78 | 24.16 | ((1.59-(2-13.95))+10.62)=x | 1.59 2 13.95 - - 10.62 + x = | 1.59:dollar 2:dollar 13.95:dollar -:dollar -:dollar 10.62:dollar +:dollar x:dollar =:dollar
EXPR: 0 | POS | FRA | 11 | 36.78 | 0.484611727416799 | 13.95=((10.62+2)*(1.59-x)) | 13.95 10.62 2 + 1.59 x - * = | 13.95:dollar 10.62:dollar 2:dollar +:dollar 1.59:dollar x:dollar -:dollar *:dollar =:dollar
EXPR: 0 | POS | FRA | 11 | 36.78 | 196.1148 | 2=((x/(1.59+13.95))-10.62) | 2 x 1.59 13.95 + / 10.62 - = | 2:dollar x:dollar 1.59:dollar 13.95:dollar +:dollar /:dollar 10.62:dollar -:dollar =:dollar
EXPR: 0 | POS | FRA | 11 | 36.78 | 6.51 | 13.95=((10.62+x)-(2*1.59)) | 13.95 10.62 x + 2 1.59 * - = | 13.95:dollar 10.62:dollar x:dollar +:dollar 2:dollar 1.59:dollar *:dollar -:dollar =:dollar
EXPR: 0 | POS | FRA | 11 | 36.78 | 1.17445382244861 | 13.95=((10.62+(2/1.59))*x) | 13.95 10.62 2 1.59 / + x * = | 13.95:dollar 10.62:dollar 2:dollar 1.59:dollar /:dollar +:dollar x:dollar *:dollar =:dollar
EXPR: 0 | POS | FRA | 11 | 36.78 | 10.991782729805 | 13.95=((10.62/(2+1.59))+x) | 13.95 10.62 2 1.59 + / x + = | 13.95:dollar 10.62:dollar 2:dollar 1.59:dollar +:dollar /:dollar x:dollar +:dollar =:dollar
EXPR: 0 | POS | FRA | 11 | 36.78 | 6.92 | ((1.59+(2+13.95))-10.62)=x | 1.59 2 13.95 + + 10.62 - x = | 1.59:dollar 2:dollar 13.95:dollar +:dollar +:dollar 10.62:dollar -:dollar x:dollar =:dollar
EXPR: 0 | POS | FRA | 11 | 36.78 | 1.65160075329567 | ((1.59+(2+13.95))/10.62)=x | 1.59 2 13.95 + + 10.62 / x = | 1.59:dollar 2:dollar 13.95:dollar +:dollar +:dollar 10.62:dollar /:dollar x:dollar =:dollar
EXPR: 0 | POS | FRA | 11 | 36.78 | 1.49004420320037 | 13.95=((10.62-(2/1.59))*x) | 13.95 10.62 2 1.59 / - x * = | 13.95:dollar 10.62:dollar 2:dollar 1.59:dollar /:dollar -:dollar x:dollar *:dollar =:dollar
EXPR: 0 | POS | FRA | 11 | 36.78 | 28.16 | ((1.59+(2+13.95))+10.62)=x | 1.59 2 13.95 + + 10.62 + x = | 1.59:dollar 2:dollar 13.95:dollar +:dollar +:dollar 10.62:dollar +:dollar x:dollar =:dollar
EXPR: 0 | POS | FRA | 11 | 36.78 | 0.26 | ((1.59+(2-13.95))+10.62)=x | 1.59 2 13.95 - + 10.62 + x = | 1.59:dollar 2:dollar 13.95:dollar -:dollar +:dollar 10.62:dollar +:dollar x:dollar =:dollar
EXPR: 0 | POS | FRA | 11 | 36.78 | 0.972078853046595 | 13.95=((10.62-2)/(1.59-x)) | 13.95 10.62 2 - 1.59 x - / = | 13.95:dollar 10.62:dollar 2:dollar -:dollar 1.59:dollar x:dollar -:dollar /:dollar =:dollar
EXPR: 0 | POS | FRA | 11 | 36.78 | 4.58490566037736 | 13.95=((10.62*2)-(x*1.59)) | 13.95 10.62 2 * x 1.59 * - = | 13.95:dollar 10.62:dollar 2:dollar *:dollar x:dollar 1.59:dollar *:dollar -:dollar =:dollar
EXPR: 0 | POS | FRA | 11 | 36.78 | 1.61299435028249 | 13.95=((10.62*x)-(2*1.59)) | 13.95 10.62 x * 2 1.59 * - = | 13.95:dollar 10.62:dollar x:dollar *:dollar 2:dollar 1.59:dollar *:dollar -:dollar =:dollar
EXPR: 0 | POS | FRA | 11 | 36.78 | 3.35220125786164 | 13.95=((10.62-2)+(x*1.59)) | 13.95 10.62 2 - x 1.59 * + = | 13.95:dollar 10.62:dollar 2:dollar -:dollar x:dollar 1.59:dollar *:dollar +:dollar =:dollar
EXPR: 0 | POS | FRA | 12 | 36.78 | 24.98 | ((10.62-x)+2)=(1.59-13.95) | 10.62 x - 2 + 1.59 13.95 - = | 10.62:dollar x:dollar -:dollar 2:dollar +:dollar 1.59:dollar 13.95:dollar -:dollar =:dollar
EXPR: 0 | POS | FRA | 12 | 36.78 | 42.2463 | (10.62+2)=((x/1.59)-13.95) | 10.62 2 + x 1.59 / 13.95 - = | 10.62:dollar 2:dollar +:dollar x:dollar 1.59:dollar /:dollar 13.95:dollar -:dollar =:dollar
EXPR: 0 | POS | FRA | 12 | 36.78 | 16.7106918238994 | (10.62+2)=((x*1.59)-13.95) | 10.62 2 + x 1.59 * 13.95 - = | 10.62:dollar 2:dollar +:dollar x:dollar 1.59:dollar *:dollar 13.95:dollar -:dollar =:dollar
EXPR: 0 | POS | FRA | 13 | 36.78 | 4.9358 | ((13.95-(2-x))/10.62)=1.59 | 13.95 2 x - - 10.62 / 1.59 = | 13.95:dollar 2:dollar x:dollar -:dollar -:dollar 10.62:dollar /:dollar 1.59:dollar =:dollar
EXPR: 0 | POS | FRA | 13 | 36.78 | 39.8524390243902 | 13.95=((10.62/(1.59-2))+x) | 13.95 10.62 1.59 2 - / x + = | 13.95:dollar 10.62:dollar 1.59:dollar 2:dollar -:dollar /:dollar x:dollar +:dollar =:dollar
EXPR: 0 | POS | FRA | 14 | 36.78 | 24.16 | ((10.62-x)+1.59)=(2-13.95) | 10.62 x - 1.59 + 2 13.95 - = | 10.62:dollar x:dollar -:dollar 1.59:dollar +:dollar 2:dollar 13.95:dollar -:dollar =:dollar
EXPR: 0 | POS | FRA | 14 | 36.78 | 40.11 | (10.62+1.59)=(x-(2*13.95)) | 10.62 1.59 + x 2 13.95 * - = | 10.62:dollar 1.59:dollar +:dollar x:dollar 2:dollar 13.95:dollar *:dollar -:dollar =:dollar
EXPR: 0 | POS | FRA | 14 | 36.78 | 0.790681003584229 | (2+(10.62-1.59))=(x*13.95) | 2 10.62 1.59 - + x 13.95 * = | 2:dollar 10.62:dollar 1.59:dollar -:dollar +:dollar x:dollar 13.95:dollar *:dollar =:dollar
EXPR: 0 | POS | FRA | 14 | 36.78 | 1.01863799283154 | (10.62+2)=((x*13.95)-1.59) | 10.62 2 + x 13.95 * 1.59 - = | 10.62:dollar 2:dollar +:dollar x:dollar 13.95:dollar *:dollar 1.59:dollar -:dollar =:dollar
EXPR: 0 | POS | FRA | 14 | 36.78 | 35.8863 | (1.59*(13.95-(2-10.62)))=x | 1.59 13.95 2 10.62 - - * x = | 1.59:dollar 13.95:dollar 2:dollar 10.62:dollar -:dollar -:dollar *:dollar x:dollar =:dollar
EXPR: 0 | POS | FRA | 14 | 36.78 | 5.43396226415094 | (10.62/2)=(13.95-(1.59*x)) | 10.62 2 / 13.95 1.59 x * - = | 10.62:dollar 2:dollar /:dollar 13.95:dollar 1.59:dollar x:dollar *:dollar -:dollar =:dollar
EXPR: 0 | POS | FRA | 16 | 36.78 | 0.464764595103578 | 1.59=(x+((13.95-2)/10.62)) | 1.59 x 13.95 2 - 10.62 / + = | 1.59:dollar x:dollar 13.95:dollar 2:dollar -:dollar 10.62:dollar /:dollar +:dollar =:dollar
EXPR: 0 | POS | FRA | 17 | 36.78 | 18.1357232704403 | (1.59*(10.62-x))=(2-13.95) | 1.59 10.62 x - * 2 13.95 - = | 1.59:dollar 10.62:dollar x:dollar -:dollar *:dollar 2:dollar 13.95:dollar -:dollar =:dollar
EXPR: 0 | POS | FRA | 19 | 36.78 | 2.535 | (10.62+x)=(13.95-(1.59/2)) | 10.62 x + 13.95 1.59 2 / - = | 10.62:dollar x:dollar +:dollar 13.95:dollar 1.59:dollar 2:dollar /:dollar -:dollar =:dollar
EXPR: 0 | POS | FRA | 21 | 36.78 | 10.5906093189964 | (13.95*(10.62-x))=(2-1.59) | 13.95 10.62 x - * 2 1.59 - = | 13.95:dollar 10.62:dollar x:dollar -:dollar *:dollar 2:dollar 1.59:dollar -:dollar =:dollar
EXPR: 0 | POS | FRA | 21 | 36.78 | 4.9035593220339 | (2+1.59)=(x-(13.95/10.62)) | 2 1.59 + x 13.95 10.62 / - = | 2:dollar 1.59:dollar +:dollar x:dollar 13.95:dollar 10.62:dollar /:dollar -:dollar =:dollar
EXPR: 0 | POS | FRA | 23 | 36.78 | 0.238738738738739 | (x*(13.95-10.62))=(1.59/2) | x 13.95 10.62 - * 1.59 2 / = | x:dollar 13.95:dollar 10.62:dollar -:dollar *:dollar 1.59:dollar 2:dollar /:dollar =:dollar
NET 345 unique, non-negative solutions found out of 721 total solutions
