parameters: n=9 l=4 k=1 p=5 q=1 m=10
TOTAL 922 solutions found
SOLN: CORRECT | POS/NEG | INT/FRA | OBJ-SCORE | TRUE-ANS | ANS | INFIX | POSTFIX | TYPED-POSTFIX
EXPR: 0 | POS | INT | 0 | 29 | 45 | x=((11.0+19.0)+(7.0+8.0)) | x 11.0 19.0 + 7.0 8.0 + + = | x:money 11.0:money 19.0:money +:money 7.0:money 8.0:money +:money +:money =:money
EXPR: 0 | POS | INT | 0 | 29 | 3135 | x=((11.0*19.0)*(7.0+8.0)) | x 11.0 19.0 * 7.0 8.0 + * = | x:money 11.0:money 19.0:money *:money 7.0:money 8.0:money +:money *:money =:money
EXPR: 0 | POS | INT | 0 | 29 | 224 | x=((11.0*19.0)+(7.0+8.0)) | x 11.0 19.0 * 7.0 8.0 + + = | x:money 11.0:money 19.0:money *:money 7.0:money 8.0:money +:money +:money =:money
EXPR: 0 | POS | INT | 0 | 29 | 27 | (((11.0*19.0)+7.0)/8.0)=x | 11.0 19.0 * 7.0 + 8.0 / x = | 11.0:money 19.0:money *:money 7.0:money +:money 8.0:money /:money x:money =:money
EXPR: 0 | POS | INT | 0 | 29 | 184 | (((11.0+19.0)-7.0)*8.0)=x | 11.0 19.0 + 7.0 - 8.0 * x = | 11.0:money 19.0:money +:money 7.0:money -:money 8.0:money *:money x:money =:money
EXPR: 0 | POS | INT | 0 | 29 | 208 | x=((11.0*19.0)+(7.0-8.0)) | x 11.0 19.0 * 7.0 8.0 - + = | x:money 11.0:money 19.0:money *:money 7.0:money 8.0:money -:money +:money =:money
EXPR: 0 | POS | INT | 0 | 29 | 1551 | x=(11.0*((19.0*7.0)+8.0)) | x 11.0 19.0 7.0 * 8.0 + * = | x:money 11.0:money 19.0:money 7.0:money *:money 8.0:money +:money *:money =:money
EXPR: 0 | POS | INT | 0 | 29 | 1728 | (((11.0*19.0)+7.0)*8.0)=x | 11.0 19.0 * 7.0 + 8.0 * x = | 11.0:money 19.0:money *:money 7.0:money +:money 8.0:money *:money x:money =:money
EXPR: 0 | POS | INT | 0 | 29 | 1616 | (((11.0*19.0)-7.0)*8.0)=x | 11.0 19.0 * 7.0 - 8.0 * x = | 11.0:money 19.0:money *:money 7.0:money -:money 8.0:money *:money x:money =:money
EXPR: 0 | POS | INT | 0 | 29 | 265 | x=((11.0*19.0)+(7.0*8.0)) | x 11.0 19.0 * 7.0 8.0 * + = | x:money 11.0:money 19.0:money *:money 7.0:money 8.0:money *:money +:money =:money
EXPR: 1 | POS | INT | 0 | 29 | 29 | (((11.0+19.0)+7.0)-8.0)=x | 11.0 19.0 + 7.0 + 8.0 - x = | 11.0:money 19.0:money +:money 7.0:money +:money 8.0:money -:money x:money =:money
EXPR: 0 | POS | INT | 0 | 29 | 296 | (((11.0+19.0)+7.0)*8.0)=x | 11.0 19.0 + 7.0 + 8.0 * x = | 11.0:money 19.0:money +:money 7.0:money +:money 8.0:money *:money x:money =:money
EXPR: 0 | POS | INT | 0 | 29 | 294 | ((11.0*(19.0+7.0))+8.0)=x | 11.0 19.0 7.0 + * 8.0 + x = | 11.0:money 19.0:money 7.0:money +:money *:money 8.0:money +:money x:money =:money
EXPR: 0 | POS | INT | 0 | 29 | 152 | x=(11.0+((19.0*7.0)+8.0)) | x 11.0 19.0 7.0 * 8.0 + + = | x:money 11.0:money 19.0:money 7.0:money *:money 8.0:money +:money +:money =:money
EXPR: 0 | POS | INT | 0 | 29 | 1375 | x=(11.0*((19.0*7.0)-8.0)) | x 11.0 19.0 7.0 * 8.0 - * = | x:money 11.0:money 19.0:money 7.0:money *:money 8.0:money -:money *:money =:money
EXPR: 0 | POS | INT | 0 | 29 | 45 | ((11.0+19.0)+(7.0+8.0))=x | 11.0 19.0 + 7.0 8.0 + + x = | 11.0:money 19.0:money +:money 7.0:money 8.0:money +:money +:money x:money =:money
EXPR: 0 | POS | INT | 0 | 29 | 140 | ((11.0*(19.0-7.0))+8.0)=x | 11.0 19.0 7.0 - * 8.0 + x = | 11.0:money 19.0:money 7.0:money -:money *:money 8.0:money +:money x:money =:money
EXPR: 0 | POS | INT | 0 | 29 | 278 | ((11.0*(19.0+7.0))-8.0)=x | 11.0 19.0 7.0 + * 8.0 - x = | 11.0:money 19.0:money 7.0:money +:money *:money 8.0:money -:money x:money =:money
EXPR: 0 | POS | INT | 0 | 29 | 31 | (11.0+(19.0-(7.0-8.0)))=x | 11.0 19.0 7.0 8.0 - - + x = | 11.0:money 19.0:money 7.0:money 8.0:money -:money -:money +:money x:money =:money
EXPR: 0 | POS | INT | 0 | 29 | 45 | (((11.0+19.0)+7.0)+8.0)=x | 11.0 19.0 + 7.0 + 8.0 + x = | 11.0:money 19.0:money +:money 7.0:money +:money 8.0:money +:money x:money =:money
EXPR: 0 | POS | INT | 0 | 29 | 15 | (11.0+(19.0-(7.0+8.0)))=x | 11.0 19.0 7.0 8.0 + - + x = | 11.0:money 19.0:money 7.0:money 8.0:money +:money -:money +:money x:money =:money
EXPR: 0 | POS | INT | 0 | 29 | 45 | (11.0+(19.0+(7.0+8.0)))=x | 11.0 19.0 7.0 8.0 + + + x = | 11.0:money 19.0:money 7.0:money 8.0:money +:money +:money +:money x:money =:money
EXPR: 0 | POS | INT | 0 | 29 | 184 | ((11.0+(19.0-7.0))*8.0)=x | 11.0 19.0 7.0 - + 8.0 * x = | 11.0:money 19.0:money 7.0:money -:money +:money 8.0:money *:money x:money =:money
EXPR: 0 | POS | INT | 0 | 29 | 7 | (11.0-(19.0-(7.0+8.0)))=x | 11.0 19.0 7.0 8.0 + - - x = | 11.0:money 19.0:money 7.0:money 8.0:money +:money -:money -:money x:money =:money
EXPR: 0 | POS | INT | 0 | 29 | 44 | (11.0*(19.0-(7.0+8.0)))=x | 11.0 19.0 7.0 8.0 + - * x = | 11.0:money 19.0:money 7.0:money 8.0:money +:money -:money *:money x:money =:money
EXPR: 0 | POS | INT | 0 | 29 | 2 | ((11.0+19.0)/(7.0+8.0))=x | 11.0 19.0 + 7.0 8.0 + / x = | 11.0:money 19.0:money +:money 7.0:money 8.0:money +:money /:money x:money =:money
EXPR: 0 | POS | INT | 0 | 29 | 7 | x=(11.0-((19.0-7.0)-8.0)) | x 11.0 19.0 7.0 - 8.0 - - = | x:money 11.0:money 19.0:money 7.0:money -:money 8.0:money -:money -:money =:money
EXPR: 0 | POS | INT | 0 | 29 | 124 | ((11.0*(19.0-7.0))-8.0)=x | 11.0 19.0 7.0 - * 8.0 - x = | 11.0:money 19.0:money 7.0:money -:money *:money 8.0:money -:money x:money =:money
EXPR: 0 | POS | INT | 0 | 29 | 3135 | ((11.0*19.0)*(7.0+8.0))=x | 11.0 19.0 * 7.0 8.0 + * x = | 11.0:money 19.0:money *:money 7.0:money 8.0:money +:money *:money x:money =:money
EXPR: 1 | POS | INT | 0 | 29 | 29 | (11.0+(19.0+(7.0-8.0)))=x | 11.0 19.0 7.0 8.0 - + + x = | 11.0:money 19.0:money 7.0:money 8.0:money -:money +:money +:money x:money =:money
EXPR: 0 | POS | INT | 0 | 29 | 374 | (11.0*(19.0+(7.0+8.0)))=x | 11.0 19.0 7.0 8.0 + + * x = | 11.0:money 19.0:money 7.0:money 8.0:money +:money +:money *:money x:money =:money
EXPR: 0 | POS | INT | 0 | 29 | 194 | x=((11.0*19.0)-(7.0+8.0)) | x 11.0 19.0 * 7.0 8.0 + - = | x:money 11.0:money 19.0:money *:money 7.0:money 8.0:money +:money -:money =:money
EXPR: 0 | POS | INT | 0 | 29 | 220 | (11.0*(19.0-(7.0-8.0)))=x | 11.0 19.0 7.0 8.0 - - * x = | 11.0:money 19.0:money 7.0:money 8.0:money -:money -:money *:money x:money =:money
EXPR: 0 | POS | INT | 0 | 29 | 15 | ((11.0+(19.0-7.0))-8.0)=x | 11.0 19.0 7.0 - + 8.0 - x = | 11.0:money 19.0:money 7.0:money -:money +:money 8.0:money -:money x:money =:money
EXPR: 0 | POS | INT | 0 | 29 | 136 | x=(11.0+((19.0*7.0)-8.0)) | x 11.0 19.0 7.0 * 8.0 - + = | x:money 11.0:money 19.0:money 7.0:money *:money 8.0:money -:money +:money =:money
EXPR: 1 | POS | INT | 0 | 29 | 29 | x=(11.0+((19.0+7.0)-8.0)) | x 11.0 19.0 7.0 + 8.0 - + = | x:money 11.0:money 19.0:money 7.0:money +:money 8.0:money -:money +:money =:money
EXPR: 0 | POS | INT | 0 | 29 | 31 | ((11.0+(19.0-7.0))+8.0)=x | 11.0 19.0 7.0 - + 8.0 + x = | 11.0:money 19.0:money 7.0:money -:money +:money 8.0:money +:money x:money =:money
EXPR: 0 | POS | INT | 0 | 29 | 210 | x=((11.0*19.0)-(7.0-8.0)) | x 11.0 19.0 * 7.0 8.0 - - = | x:money 11.0:money 19.0:money *:money 7.0:money 8.0:money -:money -:money =:money
EXPR: 0 | POS | INT | 0 | 29 | 374 | x=(11.0*((19.0+7.0)+8.0)) | x 11.0 19.0 7.0 + 8.0 + * = | x:money 11.0:money 19.0:money 7.0:money +:money 8.0:money +:money *:money =:money
EXPR: 1 | POS | INT | 0 | 29 | 29 | ((11.0+(19.0+7.0))-8.0)=x | 11.0 19.0 7.0 + + 8.0 - x = | 11.0:money 19.0:money 7.0:money +:money +:money 8.0:money -:money x:money =:money
EXPR: 0 | POS | INT | 0 | 29 | 198 | (11.0*(19.0+(7.0-8.0)))=x | 11.0 19.0 7.0 8.0 - + * x = | 11.0:money 19.0:money 7.0:money 8.0:money -:money +:money *:money x:money =:money
EXPR: 0 | POS | INT | 0 | 29 | 198 | x=(11.0*((19.0+7.0)-8.0)) | x 11.0 19.0 7.0 + 8.0 - * = | x:money 11.0:money 19.0:money 7.0:money +:money 8.0:money -:money *:money =:money
EXPR: 0 | POS | INT | 0 | 29 | 7 | ((11.0-19.0)+(7.0+8.0))=x | 11.0 19.0 - 7.0 8.0 + + x = | 11.0:money 19.0:money -:money 7.0:money 8.0:money +:money +:money x:money =:money
EXPR: 0 | POS | INT | 0 | 29 | 31 | (((11.0+19.0)-7.0)+8.0)=x | 11.0 19.0 + 7.0 - 8.0 + x = | 11.0:money 19.0:money +:money 7.0:money -:money 8.0:money +:money x:money =:money
EXPR: 0 | POS | INT | 0 | 29 | 8 | x=((11.0-19.0)*(7.0-8.0)) | x 11.0 19.0 - 7.0 8.0 - * = | x:money 11.0:money 19.0:money -:money 7.0:money 8.0:money -:money *:money =:money
EXPR: 0 | POS | INT | 0 | 29 | 45 | ((11.0+(19.0+7.0))+8.0)=x | 11.0 19.0 7.0 + + 8.0 + x = | 11.0:money 19.0:money 7.0:money +:money +:money 8.0:money +:money x:money =:money
EXPR: 0 | POS | INT | 0 | 29 | 15 | (11.0+((19.0-7.0)-8.0))=x | 11.0 19.0 7.0 - 8.0 - + x = | 11.0:money 19.0:money 7.0:money -:money 8.0:money -:money +:money x:money =:money
EXPR: 0 | POS | INT | 0 | 29 | 219 | x=(11.0+((19.0+7.0)*8.0)) | x 11.0 19.0 7.0 + 8.0 * + = | x:money 11.0:money 19.0:money 7.0:money +:money 8.0:money *:money +:money =:money
EXPR: 0 | POS | INT | 0 | 29 | 450 | x=((11.0+19.0)*(7.0+8.0)) | x 11.0 19.0 + 7.0 8.0 + * = | x:money 11.0:money 19.0:money +:money 7.0:money 8.0:money +:money *:money =:money
EXPR: 1 | POS | INT | 0 | 29 | 29 | x=((11.0+19.0)+(7.0-8.0)) | x 11.0 19.0 + 7.0 8.0 - + = | x:money 11.0:money 19.0:money +:money 7.0:money 8.0:money -:money +:money =:money
EXPR: 0 | POS | INT | 0 | 29 | 86 | x=((11.0+19.0)+(7.0*8.0)) | x 11.0 19.0 + 7.0 8.0 * + = | x:money 11.0:money 19.0:money +:money 7.0:money 8.0:money *:money +:money =:money
EXPR: 0 | POS | INT | 0 | 29 | 224 | ((11.0*19.0)+(7.0+8.0))=x | 11.0 19.0 * 7.0 8.0 + + x = | 11.0:money 19.0:money *:money 7.0:money 8.0:money +:money +:money x:money =:money
EXPR: 0 | POS | INT | 0 | 29 | 153 | x=((11.0*19.0)-(7.0*8.0)) | x 11.0 19.0 * 7.0 8.0 * - = | x:money 11.0:money 19.0:money *:money 7.0:money 8.0:money *:money -:money =:money
EXPR: 0 | POS | INT | 0 | 29 | 220 | x=(11.0*((19.0-7.0)+8.0)) | x 11.0 19.0 7.0 - 8.0 + * = | x:money 11.0:money 19.0:money 7.0:money -:money 8.0:money +:money *:money =:money
EXPR: 0 | POS | INT | 0 | 29 | 48 | ((11.0-19.0)+(7.0*8.0))=x | 11.0 19.0 - 7.0 8.0 * + x = | 11.0:money 19.0:money -:money 7.0:money 8.0:money *:money +:money x:money =:money
EXPR: 0 | POS | INT | 0 | 29 | 45 | x=(11.0+((19.0+7.0)+8.0)) | x 11.0 19.0 7.0 + 8.0 + + = | x:money 11.0:money 19.0:money 7.0:money +:money 8.0:money +:money +:money =:money
EXPR: 0 | POS | INT | 0 | 29 | 296 | (11.0+(19.0*(7.0+8.0)))=x | 11.0 19.0 7.0 8.0 + * + x = | 11.0:money 19.0:money 7.0:money 8.0:money +:money *:money +:money x:money =:money
EXPR: 0 | POS | INT | 0 | 29 | 194 | ((11.0*19.0)-(7.0+8.0))=x | 11.0 19.0 * 7.0 8.0 + - x = | 11.0:money 19.0:money *:money 7.0:money 8.0:money +:money -:money x:money =:money
EXPR: 0 | POS | INT | 0 | 29 | 8 | ((11.0-19.0)*(7.0-8.0))=x | 11.0 19.0 - 7.0 8.0 - * x = | 11.0:money 19.0:money -:money 7.0:money 8.0:money -:money *:money x:money =:money
EXPR: 0 | POS | INT | 0 | 29 | 210 | ((11.0*19.0)-(7.0-8.0))=x | 11.0 19.0 * 7.0 8.0 - - x = | 11.0:money 19.0:money *:money 7.0:money 8.0:money -:money -:money x:money =:money
EXPR: 0 | POS | INT | 0 | 29 | 210 | (((11.0*19.0)-7.0)+8.0)=x | 11.0 19.0 * 7.0 - 8.0 + x = | 11.0:money 19.0:money *:money 7.0:money -:money 8.0:money +:money x:money =:money
EXPR: 0 | POS | INT | 0 | 29 | 15 | ((11.0+19.0)-(7.0+8.0))=x | 11.0 19.0 + 7.0 8.0 + - x = | 11.0:money 19.0:money +:money 7.0:money 8.0:money +:money -:money x:money =:money
EXPR: 0 | POS | INT | 0 | 29 | 107 | (11.0+((19.0-7.0)*8.0))=x | 11.0 19.0 7.0 - 8.0 * + x = | 11.0:money 19.0:money 7.0:money -:money 8.0:money *:money +:money x:money =:money
EXPR: 0 | POS | INT | 0 | 29 | 265 | ((11.0*19.0)+(7.0*8.0))=x | 11.0 19.0 * 7.0 8.0 * + x = | 11.0:money 19.0:money *:money 7.0:money 8.0:money *:money +:money x:money =:money
EXPR: 0 | POS | INT | 0 | 29 | 2 | x=((11.0+19.0)/(7.0+8.0)) | x 11.0 19.0 + 7.0 8.0 + / = | x:money 11.0:money 19.0:money +:money 7.0:money 8.0:money +:money /:money =:money
EXPR: 0 | POS | INT | 0 | 29 | 30 | (11.0-(19.0/(7.0-8.0)))=x | 11.0 19.0 7.0 8.0 - / - x = | 11.0:money 19.0:money 7.0:money 8.0:money -:money /:money -:money x:money =:money
EXPR: 0 | POS | INT | 0 | 29 | 7 | (((11.0-19.0)+7.0)+8.0)=x | 11.0 19.0 - 7.0 + 8.0 + x = | 11.0:money 19.0:money -:money 7.0:money +:money 8.0:money +:money x:money =:money
EXPR: 0 | POS | INT | 0 | 29 | 8 | ((11.0-19.0)/(7.0-8.0))=x | 11.0 19.0 - 7.0 8.0 - / x = | 11.0:money 19.0:money -:money 7.0:money 8.0:money -:money /:money x:money =:money
EXPR: 1 | POS | INT | 0 | 29 | 29 | (11.0+((19.0+7.0)-8.0))=x | 11.0 19.0 7.0 + 8.0 - + x = | 11.0:money 19.0:money 7.0:money +:money 8.0:money -:money +:money x:money =:money
EXPR: 0 | POS | INT | 0 | 29 | 15 | x=(11.0+((19.0-7.0)-8.0)) | x 11.0 19.0 7.0 - 8.0 - + = | x:money 11.0:money 19.0:money 7.0:money -:money 8.0:money -:money +:money =:money
EXPR: 0 | POS | INT | 0 | 29 | 30 | (11.0-(19.0*(7.0-8.0)))=x | 11.0 19.0 7.0 8.0 - * - x = | 11.0:money 19.0:money 7.0:money 8.0:money -:money *:money -:money x:money =:money
EXPR: 0 | POS | INT | 0 | 29 | 198 | (11.0*((19.0+7.0)-8.0))=x | 11.0 19.0 7.0 + 8.0 - * x = | 11.0:money 19.0:money 7.0:money +:money 8.0:money -:money *:money x:money =:money
EXPR: 0 | POS | INT | 0 | 29 | 31 | x=(11.0+((19.0-7.0)+8.0)) | x 11.0 19.0 7.0 - 8.0 + + = | x:money 11.0:money 19.0:money 7.0:money -:money 8.0:money +:money +:money =:money
EXPR: 0 | POS | INT | 0 | 29 | 44 | (11.0*((19.0-7.0)-8.0))=x | 11.0 19.0 7.0 - 8.0 - * x = | 11.0:money 19.0:money 7.0:money -:money 8.0:money -:money *:money x:money =:money
EXPR: 0 | POS | INT | 0 | 29 | 15 | x=((11.0+19.0)-(7.0+8.0)) | x 11.0 19.0 + 7.0 8.0 + - = | x:money 11.0:money 19.0:money +:money 7.0:money 8.0:money +:money -:money =:money
EXPR: 0 | POS | INT | 0 | 29 | 208 | x=(((11.0*19.0)+7.0)-8.0) | x 11.0 19.0 * 7.0 + 8.0 - = | x:money 11.0:money 19.0:money *:money 7.0:money +:money 8.0:money -:money =:money
EXPR: 0 | POS | INT | 0 | 29 | 48 | x=((11.0-19.0)+(7.0*8.0)) | x 11.0 19.0 - 7.0 8.0 * + = | x:money 11.0:money 19.0:money -:money 7.0:money 8.0:money *:money +:money =:money
EXPR: 0 | POS | INT | 0 | 29 | 220 | (11.0*((19.0-7.0)+8.0))=x | 11.0 19.0 7.0 - 8.0 + * x = | 11.0:money 19.0:money 7.0:money -:money 8.0:money +:money *:money x:money =:money
EXPR: 0 | POS | INT | 0 | 29 | 224 | (((11.0*19.0)+7.0)+8.0)=x | 11.0 19.0 * 7.0 + 8.0 + x = | 11.0:money 19.0:money *:money 7.0:money +:money 8.0:money +:money x:money =:money
EXPR: 0 | POS | INT | 0 | 29 | 31 | x=((11.0+19.0)-(7.0-8.0)) | x 11.0 19.0 + 7.0 8.0 - - = | x:money 11.0:money 19.0:money +:money 7.0:money 8.0:money -:money -:money =:money
EXPR: 0 | POS | INT | 0 | 29 | 107 | x=(11.0+((19.0-7.0)*8.0)) | x 11.0 19.0 7.0 - 8.0 * + = | x:money 11.0:money 19.0:money 7.0:money -:money 8.0:money *:money +:money =:money
EXPR: 0 | POS | INT | 0 | 29 | 184 | x=(((11.0+19.0)-7.0)*8.0) | x 11.0 19.0 + 7.0 - 8.0 * = | x:money 11.0:money 19.0:money +:money 7.0:money -:money 8.0:money *:money =:money
EXPR: 0 | POS | INT | 0 | 29 | 296 | x=((11.0+(19.0+7.0))*8.0) | x 11.0 19.0 7.0 + + 8.0 * = | x:money 11.0:money 19.0:money 7.0:money +:money +:money 8.0:money *:money =:money
EXPR: 0 | POS | INT | 0 | 29 | 202 | x=(((11.0+19.0)*7.0)-8.0) | x 11.0 19.0 + 7.0 * 8.0 - = | x:money 11.0:money 19.0:money +:money 7.0:money *:money 8.0:money -:money =:money
EXPR: 0 | POS | INT | 2 | 29 | 296 | (((x-11.0)/19.0)-7.0)=8.0 | x 11.0 - 19.0 / 7.0 - 8.0 = | x:money 11.0:money -:money 19.0:money /:money 7.0:money -:money 8.0:money =:money
EXPR: 0 | POS | INT | 2 | 29 | 494 | x=(19.0*(11.0+(7.0+8.0))) | x 19.0 11.0 7.0 8.0 + + * = | x:money 19.0:money 11.0:money 7.0:money 8.0:money +:money +:money *:money =:money
EXPR: 0 | POS | INT | 2 | 29 | 198 | x=(11.0*(19.0-(8.0-7.0))) | x 11.0 19.0 8.0 7.0 - - * = | x:money 11.0:money 19.0:money 8.0:money 7.0:money -:money -:money *:money =:money
EXPR: 0 | POS | INT | 2 | 29 | 6 | (((11.0-19.0)/8.0)+7.0)=x | 11.0 19.0 - 8.0 / 7.0 + x = | 11.0:money 19.0:money -:money 8.0:money /:money 7.0:money +:money x:money =:money
EXPR: 0 | POS | INT | 2 | 29 | 210 | x=((11.0*19.0)+(8.0-7.0)) | x 11.0 19.0 * 8.0 7.0 - + = | x:money 11.0:money 19.0:money *:money 8.0:money 7.0:money -:money +:money =:money
EXPR: 1 | POS | INT | 2 | 29 | 29 | (((11.0+19.0)+7.0)-x)=8.0 | 11.0 19.0 + 7.0 + x - 8.0 = | 11.0:money 19.0:money +:money 7.0:money +:money x:money -:money 8.0:money =:money
EXPR: 0 | POS | INT | 2 | 29 | 209 | x=((11.0*19.0)*(8.0-7.0)) | x 11.0 19.0 * 8.0 7.0 - * = | x:money 11.0:money 19.0:money *:money 8.0:money 7.0:money -:money *:money =:money
EXPR: 0 | POS | INT | 2 | 29 | 209 | x=((11.0*19.0)/(8.0-7.0)) | x 11.0 19.0 * 8.0 7.0 - / = | x:money 11.0:money 19.0:money *:money 8.0:money 7.0:money -:money /:money =:money
EXPR: 0 | POS | INT | 2 | 29 | 12 | (((11.0*7.0)+19.0)/8.0)=x | 11.0 7.0 * 19.0 + 8.0 / x = | 11.0:money 7.0:money *:money 19.0:money +:money 8.0:money /:money x:money =:money
EXPR: 0 | POS | INT | 2 | 29 | 31 | (((11.0*19.0)+8.0)/7.0)=x | 11.0 19.0 * 8.0 + 7.0 / x = | 11.0:money 19.0:money *:money 8.0:money +:money 7.0:money /:money x:money =:money
EXPR: 0 | POS | INT | 2 | 29 | 184 | (((11.0-7.0)+19.0)*8.0)=x | 11.0 7.0 - 19.0 + 8.0 * x = | 11.0:money 7.0:money -:money 19.0:money +:money 8.0:money *:money x:money =:money
EXPR: 0 | POS | INT | 2 | 29 | 0 | (((11.0-19.0)+8.0)*7.0)=x | 11.0 19.0 - 8.0 + 7.0 * x = | 11.0:money 19.0:money -:money 8.0:money +:money 7.0:money *:money x:money =:money
EXPR: 0 | POS | INT | 2 | 29 | 464 | (((11.0*7.0)-19.0)*8.0)=x | 11.0 7.0 * 19.0 - 8.0 * x = | 11.0:money 7.0:money *:money 19.0:money -:money 8.0:money *:money x:money =:money
EXPR: 0 | POS | INT | 2 | 29 | 1407 | (((11.0*19.0)-8.0)*7.0)=x | 11.0 19.0 * 8.0 - 7.0 * x = | 11.0:money 19.0:money *:money 8.0:money -:money 7.0:money *:money x:money =:money
EXPR: 0 | POS | INT | 2 | 29 | 229 | x=((11.0*7.0)+(19.0*8.0)) | x 11.0 7.0 * 19.0 8.0 * + = | x:money 11.0:money 7.0:money *:money 19.0:money 8.0:money *:money +:money =:money
EXPR: 0 | POS | INT | 2 | 29 | 154 | (((11.0+19.0)-8.0)*7.0)=x | 11.0 19.0 + 8.0 - 7.0 * x = | 11.0:money 19.0:money +:money 8.0:money -:money 7.0:money *:money x:money =:money
EXPR: 0 | POS | INT | 2 | 29 | 768 | (((11.0*7.0)+19.0)*8.0)=x | 11.0 7.0 * 19.0 + 8.0 * x = | 11.0:money 7.0:money *:money 19.0:money +:money 8.0:money *:money x:money =:money
EXPR: 0 | POS | INT | 2 | 29 | 1519 | (((11.0*19.0)+8.0)*7.0)=x | 11.0 19.0 * 8.0 + 7.0 * x = | 11.0:money 19.0:money *:money 8.0:money +:money 7.0:money *:money x:money =:money
EXPR: 1 | POS | INT | 2 | 29 | 29 | (((11.0+7.0)+19.0)-8.0)=x | 11.0 7.0 + 19.0 + 8.0 - x = | 11.0:money 7.0:money +:money 19.0:money +:money 8.0:money -:money x:money =:money
EXPR: 0 | POS | INT | 2 | 29 | 31 | (((11.0+19.0)+8.0)-7.0)=x | 11.0 19.0 + 8.0 + 7.0 - x = | 11.0:money 19.0:money +:money 8.0:money +:money 7.0:money -:money x:money =:money
EXPR: 0 | POS | INT | 2 | 29 | 296 | (((11.0+7.0)+19.0)*8.0)=x | 11.0 7.0 + 19.0 + 8.0 * x = | 11.0:money 7.0:money +:money 19.0:money +:money 8.0:money *:money x:money =:money
EXPR: 0 | POS | INT | 2 | 29 | 266 | (((11.0+19.0)+8.0)*7.0)=x | 11.0 19.0 + 8.0 + 7.0 * x = | 11.0:money 19.0:money +:money 8.0:money +:money 7.0:money *:money x:money =:money
EXPR: 0 | POS | INT | 2 | 29 | 304 | ((11.0*(19.0+8.0))+7.0)=x | 11.0 19.0 8.0 + * 7.0 + x = | 11.0:money 19.0:money 8.0:money +:money *:money 7.0:money +:money x:money =:money
EXPR: 0 | POS | INT | 2 | 29 | 170 | x=(11.0+((19.0*8.0)+7.0)) | x 11.0 19.0 8.0 * 7.0 + + = | x:money 11.0:money 19.0:money 8.0:money *:money 7.0:money +:money +:money =:money
EXPR: 0 | POS | INT | 2 | 29 | 23 | ((19.0-11.0)+(7.0+8.0))=x | 19.0 11.0 - 7.0 8.0 + + x = | 19.0:money 11.0:money -:money 7.0:money 8.0:money +:money +:money x:money =:money
EXPR: 0 | POS | INT | 2 | 29 | 45 | (((11.0+7.0)+19.0)+8.0)=x | 11.0 7.0 + 19.0 + 8.0 + x = | 11.0:money 7.0:money +:money 19.0:money +:money 8.0:money +:money x:money =:money
EXPR: 0 | POS | INT | 2 | 29 | 45 | (((11.0+19.0)+8.0)+7.0)=x | 11.0 19.0 + 8.0 + 7.0 + x = | 11.0:money 19.0:money +:money 8.0:money +:money 7.0:money +:money x:money =:money
EXPR: 0 | POS | INT | 2 | 29 | 7 | (x-(11.0-(19.0-7.0)))=8.0 | x 11.0 19.0 7.0 - - - 8.0 = | x:money 11.0:money 19.0:money 7.0:money -:money -:money -:money 8.0:money =:money
EXPR: 0 | POS | INT | 2 | 29 | 0 | (((11.0-19.0)+8.0)/7.0)=x | 11.0 19.0 - 8.0 + 7.0 / x = | 11.0:money 19.0:money -:money 8.0:money +:money 7.0:money /:money x:money =:money
EXPR: 0 | POS | INT | 2 | 29 | 114 | ((11.0*(19.0-8.0))-7.0)=x | 11.0 19.0 8.0 - * 7.0 - x = | 11.0:money 19.0:money 8.0:money -:money *:money 7.0:money -:money x:money =:money
EXPR: 0 | POS | INT | 2 | 29 | 128 | ((11.0*(19.0-8.0))+7.0)=x | 11.0 19.0 8.0 - * 7.0 + x = | 11.0:money 19.0:money 8.0:money -:money *:money 7.0:money +:money x:money =:money
EXPR: 0 | POS | INT | 2 | 29 | 1749 | x=(11.0*((19.0*8.0)+7.0)) | x 11.0 19.0 8.0 * 7.0 + * = | x:money 11.0:money 19.0:money 8.0:money *:money 7.0:money +:money *:money =:money
EXPR: 0 | POS | INT | 2 | 29 | 1595 | x=(11.0*((19.0*8.0)-7.0)) | x 11.0 19.0 8.0 * 7.0 - * = | x:money 11.0:money 19.0:money 8.0:money *:money 7.0:money -:money *:money =:money
EXPR: 0 | POS | INT | 2 | 29 | 154 | ((11.0+(19.0-8.0))*7.0)=x | 11.0 19.0 8.0 - + 7.0 * x = | 11.0:money 19.0:money 8.0:money -:money +:money 7.0:money *:money x:money =:money
EXPR: 0 | POS | INT | 2 | 29 | 198 | (11.0*(19.0-(8.0-7.0)))=x | 11.0 19.0 8.0 7.0 - - * x = | 11.0:money 19.0:money 8.0:money 7.0:money -:money -:money *:money x:money =:money
EXPR: 0 | POS | INT | 2 | 29 | 15 | ((11.0+(19.0-8.0))-7.0)=x | 11.0 19.0 8.0 - + 7.0 - x = | 11.0:money 19.0:money 8.0:money -:money +:money 7.0:money -:money x:money =:money
EXPR: 1 | POS | INT | 2 | 29 | 29 | ((11.0+(19.0-8.0))+7.0)=x | 11.0 19.0 8.0 - + 7.0 + x = | 11.0:money 19.0:money 8.0:money -:money +:money 7.0:money +:money x:money =:money
EXPR: 0 | POS | INT | 2 | 29 | 31 | (19.0+(11.0-(7.0-8.0)))=x | 19.0 11.0 7.0 8.0 - - + x = | 19.0:money 11.0:money 7.0:money 8.0:money -:money -:money +:money x:money =:money
EXPR: 1 | POS | INT | 2 | 29 | 29 | (11.0+(19.0-(8.0-7.0)))=x | 11.0 19.0 8.0 7.0 - - + x = | 11.0:money 19.0:money 8.0:money 7.0:money -:money -:money +:money x:money =:money
EXPR: 0 | POS | INT | 2 | 29 | 31 | x=(11.0-((7.0-19.0)-8.0)) | x 11.0 7.0 19.0 - 8.0 - - = | x:money 11.0:money 7.0:money 19.0:money -:money 8.0:money -:money -:money =:money
EXPR: 0 | POS | INT | 2 | 29 | 7 | x=(11.0-((19.0-8.0)-7.0)) | x 11.0 19.0 8.0 - 7.0 - - = | x:money 11.0:money 19.0:money 8.0:money -:money 7.0:money -:money -:money =:money
EXPR: 0 | POS | INT | 2 | 29 | 220 | (11.0*(19.0+(8.0-7.0)))=x | 11.0 19.0 8.0 7.0 - + * x = | 11.0:money 19.0:money 8.0:money 7.0:money -:money +:money *:money x:money =:money
EXPR: 0 | POS | INT | 2 | 29 | 220 | x=(11.0*((19.0+8.0)-7.0)) | x 11.0 19.0 8.0 + 7.0 - * = | x:money 11.0:money 19.0:money 8.0:money +:money 7.0:money -:money *:money =:money
EXPR: 0 | POS | INT | 2 | 29 | 290 | ((11.0*(19.0+8.0))-7.0)=x | 11.0 19.0 8.0 + * 7.0 - x = | 11.0:money 19.0:money 8.0:money +:money *:money 7.0:money -:money x:money =:money
EXPR: 0 | POS | INT | 2 | 29 | 30 | (11.0+(19.0*(8.0-7.0)))=x | 11.0 19.0 8.0 7.0 - * + x = | 11.0:money 19.0:money 8.0:money 7.0:money -:money *:money +:money x:money =:money
EXPR: 0 | POS | INT | 2 | 29 | 7 | (((11.0+7.0)-19.0)+8.0)=x | 11.0 7.0 + 19.0 - 8.0 + x = | 11.0:money 7.0:money +:money 19.0:money -:money 8.0:money +:money x:money =:money
EXPR: 1 | POS | INT | 2 | 29 | 29 | (((11.0+19.0)-8.0)+7.0)=x | 11.0 19.0 + 8.0 - 7.0 + x = | 11.0:money 19.0:money +:money 8.0:money -:money 7.0:money +:money x:money =:money
EXPR: 0 | POS | INT | 2 | 29 | 374 | x=(11.0*((19.0+8.0)+7.0)) | x 11.0 19.0 8.0 + 7.0 + * = | x:money 11.0:money 19.0:money 8.0:money +:money 7.0:money +:money *:money =:money
EXPR: 0 | POS | INT | 2 | 29 | 15 | (11.0+((19.0-8.0)-7.0))=x | 11.0 19.0 8.0 - 7.0 - + x = | 11.0:money 19.0:money 8.0:money -:money 7.0:money -:money +:money x:money =:money
EXPR: 0 | POS | INT | 2 | 29 | 15 | x=(11.0-((7.0-19.0)+8.0)) | x 11.0 7.0 19.0 - 8.0 + - = | x:money 11.0:money 7.0:money 19.0:money -:money 8.0:money +:money -:money =:money
EXPR: 0 | POS | INT | 2 | 29 | 8 | ((11.0/(19.0-8.0))+7.0)=x | 11.0 19.0 8.0 - / 7.0 + x = | 11.0:money 19.0:money 8.0:money -:money /:money 7.0:money +:money x:money =:money
EXPR: 0 | POS | INT | 2 | 29 | 200 | x=(11.0+((19.0+8.0)*7.0)) | x 11.0 19.0 8.0 + 7.0 * + = | x:money 11.0:money 19.0:money 8.0:money +:money 7.0:money *:money +:money =:money
EXPR: 0 | POS | INT | 2 | 29 | 31 | x=(11.0+((19.0+8.0)-7.0)) | x 11.0 19.0 8.0 + 7.0 - + = | x:money 11.0:money 19.0:money 8.0:money +:money 7.0:money -:money +:money =:money
EXPR: 0 | POS | INT | 2 | 29 | 198 | x=(11.0*((19.0-8.0)+7.0)) | x 11.0 19.0 8.0 - 7.0 + * = | x:money 11.0:money 19.0:money 8.0:money -:money 7.0:money +:money *:money =:money
EXPR: 0 | POS | INT | 2 | 29 | 45 | x=(11.0+((19.0+8.0)+7.0)) | x 11.0 19.0 8.0 + 7.0 + + = | x:money 11.0:money 19.0:money 8.0:money +:money 7.0:money +:money +:money =:money
EXPR: 0 | POS | INT | 2 | 29 | 8 | (19.0+(11.0*(7.0-8.0)))=x | 19.0 11.0 7.0 8.0 - * + x = | 19.0:money 11.0:money 7.0:money 8.0:money -:money *:money +:money x:money =:money
EXPR: 0 | POS | INT | 2 | 29 | 31 | (11.0+(19.0+(8.0-7.0)))=x | 11.0 19.0 8.0 7.0 - + + x = | 11.0:money 19.0:money 8.0:money 7.0:money -:money +:money +:money x:money =:money
EXPR: 0 | POS | INT | 2 | 29 | 30 | (11.0+(19.0/(8.0-7.0)))=x | 11.0 19.0 8.0 7.0 - / + x = | 11.0:money 19.0:money 8.0:money 7.0:money -:money /:money +:money x:money =:money
EXPR: 0 | POS | INT | 2 | 29 | 45 | ((11.0+(19.0+8.0))+7.0)=x | 11.0 19.0 8.0 + + 7.0 + x = | 11.0:money 19.0:money 8.0:money +:money +:money 7.0:money +:money x:money =:money
EXPR: 0 | POS | INT | 2 | 29 | 66 | (((11.0*7.0)-19.0)+8.0)=x | 11.0 7.0 * 19.0 - 8.0 + x = | 11.0:money 7.0:money *:money 19.0:money -:money 8.0:money +:money x:money =:money
EXPR: 0 | POS | INT | 2 | 29 | 208 | (((11.0*19.0)-8.0)+7.0)=x | 11.0 19.0 * 8.0 - 7.0 + x = | 11.0:money 19.0:money *:money 8.0:money -:money 7.0:money +:money x:money =:money
EXPR: 0 | POS | INT | 2 | 29 | 88 | (11.0+((19.0-8.0)*7.0))=x | 11.0 19.0 8.0 - 7.0 * + x = | 11.0:money 19.0:money 8.0:money -:money 7.0:money *:money +:money x:money =:money
EXPR: 0 | POS | INT | 2 | 29 | 9 | ((19.0-11.0)-(7.0-8.0))=x | 19.0 11.0 - 7.0 8.0 - - x = | 19.0:money 11.0:money -:money 7.0:money 8.0:money -:money -:money x:money =:money
EXPR: 0 | POS | INT | 2 | 29 | 31 | (((11.0-7.0)+19.0)+8.0)=x | 11.0 7.0 - 19.0 + 8.0 + x = | 11.0:money 7.0:money -:money 19.0:money +:money 8.0:money +:money x:money =:money
EXPR: 0 | POS | INT | 2 | 29 | 7 | (((11.0-19.0)+8.0)+7.0)=x | 11.0 19.0 - 8.0 + 7.0 + x = | 11.0:money 19.0:money -:money 8.0:money +:money 7.0:money +:money x:money =:money
EXPR: 0 | POS | INT | 2 | 29 | 31 | (11.0+((19.0+8.0)-7.0))=x | 11.0 19.0 8.0 + 7.0 - + x = | 11.0:money 19.0:money 8.0:money +:money 7.0:money -:money +:money x:money =:money
EXPR: 0 | POS | INT | 2 | 29 | 220 | (11.0*((19.0+8.0)-7.0))=x | 11.0 19.0 8.0 + 7.0 - * x = | 11.0:money 19.0:money 8.0:money +:money 7.0:money -:money *:money x:money =:money
EXPR: 0 | POS | INT | 2 | 29 | 156 | x=(11.0+((19.0*8.0)-7.0)) | x 11.0 19.0 8.0 * 7.0 - + = | x:money 11.0:money 19.0:money 8.0:money *:money 7.0:money -:money +:money =:money
EXPR: 0 | POS | INT | 2 | 29 | 44 | (11.0*((19.0-8.0)-7.0))=x | 11.0 19.0 8.0 - 7.0 - * x = | 11.0:money 19.0:money 8.0:money -:money 7.0:money -:money *:money x:money =:money
EXPR: 0 | POS | INT | 2 | 29 | 198 | (11.0*((19.0-8.0)+7.0))=x | 11.0 19.0 8.0 - 7.0 + * x = | 11.0:money 19.0:money 8.0:money -:money 7.0:money +:money *:money x:money =:money
EXPR: 0 | POS | INT | 2 | 29 | 88 | x=(11.0+((19.0-8.0)*7.0)) | x 11.0 19.0 8.0 - 7.0 * + = | x:money 11.0:money 19.0:money 8.0:money -:money 7.0:money *:money +:money =:money
EXPR: 0 | POS | INT | 2 | 29 | 7 | x=(11.0+((7.0-19.0)+8.0)) | x 11.0 7.0 19.0 - 8.0 + + = | x:money 11.0:money 7.0:money 19.0:money -:money 8.0:money +:money +:money =:money
EXPR: 1 | POS | INT | 2 | 29 | 29 | x=(11.0+((19.0-8.0)+7.0)) | x 11.0 19.0 8.0 - 7.0 + + = | x:money 11.0:money 19.0:money 8.0:money -:money 7.0:money +:money +:money =:money
EXPR: 0 | POS | INT | 2 | 29 | 266 | x=((11.0+(19.0+8.0))*7.0) | x 11.0 19.0 8.0 + + 7.0 * = | x:money 11.0:money 19.0:money 8.0:money +:money +:money 7.0:money *:money =:money
EXPR: 0 | POS | INT | 2 | 29 | 334 | x=(((11.0+7.0)*19.0)-8.0) | x 11.0 7.0 + 19.0 * 8.0 - = | x:money 11.0:money 7.0:money +:money 19.0:money *:money 8.0:money -:money =:money
EXPR: 0 | POS | INT | 2 | 29 | 233 | x=(((11.0+19.0)*8.0)-7.0) | x 11.0 19.0 + 8.0 * 7.0 - = | x:money 11.0:money 19.0:money +:money 8.0:money *:money 7.0:money -:money =:money
EXPR: 0 | POS | INT | 3 | 29 | 31 | ((11.0+(19.0+8.0))-7.0)=x | 11.0 19.0 8.0 + + 7.0 - x = | 11.0:money 19.0:money 8.0:money +:money +:money 7.0:money -:money x:money =:money
EXPR: 0 | POS | INT | 4 | 29 | 184 | (((x-19.0)/11.0)-7.0)=8.0 | x 19.0 - 11.0 / 7.0 - 8.0 = | x:money 19.0:money -:money 11.0:money /:money 7.0:money -:money 8.0:money =:money
EXPR: 0 | POS | INT | 4 | 29 | 200 | (((x-11.0)/7.0)-19.0)=8.0 | x 11.0 - 7.0 / 19.0 - 8.0 = | x:money 11.0:money -:money 7.0:money /:money 19.0:money -:money 8.0:money =:money
EXPR: 1 | POS | INT | 4 | 29 | 29 | (((11.0+7.0)+19.0)-x)=8.0 | 11.0 7.0 + 19.0 + x - 8.0 = | 11.0:money 7.0:money +:money 19.0:money +:money x:money -:money 8.0:money =:money
EXPR: 0 | POS | INT | 4 | 29 | 31 | (((11.0+19.0)+8.0)-x)=7.0 | 11.0 19.0 + 8.0 + x - 7.0 = | 11.0:money 19.0:money +:money 8.0:money +:money x:money -:money 7.0:money =:money
EXPR: 0 | POS | INT | 4 | 29 | 68 | (((11.0-7.0)*19.0)-x)=8.0 | 11.0 7.0 - 19.0 * x - 8.0 = | 11.0:money 7.0:money -:money 19.0:money *:money x:money -:money 8.0:money =:money
EXPR: 1 | POS | INT | 4 | 29 | 29 | (19.0+(11.0-(8.0-7.0)))=x | 19.0 11.0 8.0 7.0 - - + x = | 19.0:money 11.0:money 8.0:money 7.0:money -:money -:money +:money x:money =:money
EXPR: 0 | POS | INT | 4 | 29 | 30 | (19.0+(11.0*(8.0-7.0)))=x | 19.0 11.0 8.0 7.0 - * + x = | 19.0:money 11.0:money 8.0:money 7.0:money -:money *:money +:money x:money =:money
EXPR: 0 | POS | INT | 5 | 29 | 154 | (((11.0-8.0)+19.0)*7.0)=x | 11.0 8.0 - 19.0 + 7.0 * x = | 11.0:money 8.0:money -:money 19.0:money +:money 7.0:money *:money x:money =:money
EXPR: 0 | POS | INT | 5 | 29 | 228 | (((11.0-7.0)+8.0)*19.0)=x | 11.0 7.0 - 8.0 + 19.0 * x = | 11.0:money 7.0:money -:money 8.0:money +:money 19.0:money *:money x:money =:money
EXPR: 0 | POS | INT | 5 | 29 | 0 | (((11.0+8.0)-19.0)/7.0)=x | 11.0 8.0 + 19.0 - 7.0 / x = | 11.0:money 8.0:money +:money 19.0:money -:money 7.0:money /:money x:money =:money
EXPR: 0 | POS | INT | 5 | 29 | 825 | x=(11.0*((7.0*8.0)+19.0)) | x 11.0 7.0 8.0 * 19.0 + * = | x:money 11.0:money 7.0:money 8.0:money *:money 19.0:money +:money *:money =:money
EXPR: 0 | POS | INT | 5 | 29 | 1311 | (((11.0*7.0)-8.0)*19.0)=x | 11.0 7.0 * 8.0 - 19.0 * x = | 11.0:money 7.0:money *:money 8.0:money -:money 19.0:money *:money x:money =:money
EXPR: 0 | POS | INT | 5 | 29 | 190 | (((11.0+7.0)-8.0)*19.0)=x | 11.0 7.0 + 8.0 - 19.0 * x = | 11.0:money 7.0:money +:money 8.0:money -:money 19.0:money *:money x:money =:money
EXPR: 0 | POS | INT | 5 | 29 | 221 | x=((19.0*7.0)+(11.0*8.0)) | x 19.0 7.0 * 11.0 8.0 * + = | x:money 19.0:money 7.0:money *:money 11.0:money 8.0:money *:money +:money =:money
EXPR: 0 | POS | INT | 5 | 29 | 1615 | (((11.0*7.0)+8.0)*19.0)=x | 11.0 7.0 * 8.0 + 19.0 * x = | 11.0:money 7.0:money *:money 8.0:money +:money 19.0:money *:money x:money =:money
EXPR: 0 | POS | INT | 5 | 29 | 7 | (((11.0+7.0)+8.0)-19.0)=x | 11.0 7.0 + 8.0 + 19.0 - x = | 11.0:money 7.0:money +:money 8.0:money +:money 19.0:money -:money x:money =:money
EXPR: 0 | POS | INT | 5 | 29 | 494 | (((11.0+7.0)+8.0)*19.0)=x | 11.0 7.0 + 8.0 + 19.0 * x = | 11.0:money 7.0:money +:money 8.0:money +:money 19.0:money *:money x:money =:money
EXPR: 0 | POS | INT | 5 | 29 | 184 | ((11.0*(7.0+8.0))+19.0)=x | 11.0 7.0 8.0 + * 19.0 + x = | 11.0:money 7.0:money 8.0:money +:money *:money 19.0:money +:money x:money =:money
EXPR: 0 | POS | INT | 5 | 29 | 86 | x=(11.0+((7.0*8.0)+19.0)) | x 11.0 7.0 8.0 * 19.0 + + = | x:money 11.0:money 7.0:money 8.0:money *:money 19.0:money +:money +:money =:money
EXPR: 0 | POS | INT | 5 | 29 | 407 | x=(11.0*((7.0*8.0)-19.0)) | x 11.0 7.0 8.0 * 19.0 - * = | x:money 11.0:money 7.0:money 8.0:money *:money 19.0:money -:money *:money =:money
EXPR: 0 | POS | INT | 5 | 29 | 45 | (((11.0+7.0)+8.0)+19.0)=x | 11.0 7.0 + 8.0 + 19.0 + x = | 11.0:money 7.0:money +:money 8.0:money +:money 19.0:money +:money x:money =:money
EXPR: 0 | POS | INT | 5 | 29 | 8 | ((11.0*(7.0-8.0))+19.0)=x | 11.0 7.0 8.0 - * 19.0 + x = | 11.0:money 7.0:money 8.0:money -:money *:money 19.0:money +:money x:money =:money
EXPR: 0 | POS | INT | 5 | 29 | 15 | x=(11.0-((7.0+8.0)-19.0)) | x 11.0 7.0 8.0 + 19.0 - - = | x:money 11.0:money 7.0:money 8.0:money +:money 19.0:money -:money -:money =:money
EXPR: 0 | POS | INT | 5 | 29 | 15 | x=(19.0-((7.0-11.0)+8.0)) | x 19.0 7.0 11.0 - 8.0 + - = | x:money 19.0:money 7.0:money 11.0:money -:money 8.0:money +:money -:money =:money
EXPR: 0 | POS | INT | 5 | 29 | 48 | x=(11.0+((7.0*8.0)-19.0)) | x 11.0 7.0 8.0 * 19.0 - + = | x:money 11.0:money 7.0:money 8.0:money *:money 19.0:money -:money +:money =:money
EXPR: 1 | POS | INT | 5 | 29 | 29 | ((11.0+(7.0-8.0))+19.0)=x | 11.0 7.0 8.0 - + 19.0 + x = | 11.0:money 7.0:money 8.0:money -:money +:money 19.0:money +:money x:money =:money
EXPR: 1 | POS | INT | 5 | 29 | 29 | (11.0+(7.0-(8.0-19.0)))=x | 11.0 7.0 8.0 19.0 - - + x = | 11.0:money 7.0:money 8.0:money 19.0:money -:money -:money +:money x:money =:money
EXPR: 0 | POS | INT | 5 | 29 | 31 | x=(11.0-((7.0-8.0)-19.0)) | x 11.0 7.0 8.0 - 19.0 - - = | x:money 11.0:money 7.0:money 8.0:money -:money 19.0:money -:money -:money =:money
EXPR: 1 | POS | INT | 5 | 29 | 29 | (((11.0+7.0)-8.0)+19.0)=x | 11.0 7.0 + 8.0 - 19.0 + x = | 11.0:money 7.0:money +:money 8.0:money -:money 19.0:money +:money x:money =:money
EXPR: 0 | POS | INT | 5 | 29 | 146 | ((11.0*(7.0+8.0))-19.0)=x | 11.0 7.0 8.0 + * 19.0 - x = | 11.0:money 7.0:money 8.0:money +:money *:money 19.0:money -:money x:money =:money
EXPR: 0 | POS | INT | 5 | 29 | 374 | x=(11.0*((7.0+8.0)+19.0)) | x 11.0 7.0 8.0 + 19.0 + * = | x:money 11.0:money 7.0:money 8.0:money +:money 19.0:money +:money *:money =:money
EXPR: 0 | POS | INT | 5 | 29 | 15 | x=(11.0-((8.0-19.0)+7.0)) | x 11.0 8.0 19.0 - 7.0 + - = | x:money 11.0:money 8.0:money 19.0:money -:money 7.0:money +:money -:money =:money
EXPR: 0 | POS | INT | 5 | 29 | 45 | ((11.0+(7.0+8.0))+19.0)=x | 11.0 7.0 8.0 + + 19.0 + x = | 11.0:money 7.0:money 8.0:money +:money +:money 19.0:money +:money x:money =:money
EXPR: 0 | POS | INT | 5 | 29 | 8 | ((11.0/(7.0-8.0))+19.0)=x | 11.0 7.0 8.0 - / 19.0 + x = | 11.0:money 7.0:money 8.0:money -:money /:money 19.0:money +:money x:money =:money
EXPR: 0 | POS | INT | 5 | 29 | 7 | x=(11.0+((7.0+8.0)-19.0)) | x 11.0 7.0 8.0 + 19.0 - + = | x:money 11.0:money 7.0:money 8.0:money +:money 19.0:money -:money +:money =:money
EXPR: 0 | POS | INT | 5 | 29 | 296 | x=(11.0+((7.0+8.0)*19.0)) | x 11.0 7.0 8.0 + 19.0 * + = | x:money 11.0:money 7.0:money 8.0:money +:money 19.0:money *:money +:money =:money
EXPR: 0 | POS | INT | 5 | 29 | 7 | ((11.0+(7.0+8.0))-19.0)=x | 11.0 7.0 8.0 + + 19.0 - x = | 11.0:money 7.0:money 8.0:money +:money +:money 19.0:money -:money x:money =:money
EXPR: 0 | POS | INT | 5 | 29 | 190 | ((11.0+(7.0-8.0))*19.0)=x | 11.0 7.0 8.0 - + 19.0 * x = | 11.0:money 7.0:money 8.0:money -:money +:money 19.0:money *:money x:money =:money
EXPR: 0 | POS | INT | 5 | 29 | 198 | x=(11.0*((7.0-8.0)+19.0)) | x 11.0 7.0 8.0 - 19.0 + * = | x:money 11.0:money 7.0:money 8.0:money -:money 19.0:money +:money *:money =:money
EXPR: 0 | POS | INT | 5 | 29 | 45 | x=(11.0+((7.0+8.0)+19.0)) | x 11.0 7.0 8.0 + 19.0 + + = | x:money 11.0:money 7.0:money 8.0:money +:money 19.0:money +:money +:money =:money
EXPR: 0 | POS | INT | 5 | 29 | 7 | (7.0-((11.0-19.0)+8.0))=x | 7.0 11.0 19.0 - 8.0 + - x = | 7.0:money 11.0:money 19.0:money -:money 8.0:money +:money -:money x:money =:money
EXPR: 0 | POS | INT | 5 | 29 | 7 | x=(19.0+((7.0-11.0)-8.0)) | x 19.0 7.0 11.0 - 8.0 - + = | x:money 19.0:money 7.0:money 11.0:money -:money 8.0:money -:money +:money =:money
EXPR: 0 | POS | INT | 5 | 29 | 88 | (((11.0*7.0)-8.0)+19.0)=x | 11.0 7.0 * 8.0 - 19.0 + x = | 11.0:money 7.0:money *:money 8.0:money -:money 19.0:money +:money x:money =:money
EXPR: 0 | POS | INT | 5 | 29 | 15 | (((11.0-7.0)-8.0)+19.0)=x | 11.0 7.0 - 8.0 - 19.0 + x = | 11.0:money 7.0:money -:money 8.0:money -:money 19.0:money +:money x:money =:money
EXPR: 0 | POS | INT | 5 | 29 | 100 | ((19.0-7.0)+(11.0*8.0))=x | 19.0 7.0 - 11.0 8.0 * + x = | 19.0:money 7.0:money -:money 11.0:money 8.0:money *:money +:money x:money =:money
EXPR: 0 | POS | INT | 5 | 29 | 31 | (((11.0-7.0)+8.0)+19.0)=x | 11.0 7.0 - 8.0 + 19.0 + x = | 11.0:money 7.0:money -:money 8.0:money +:money 19.0:money +:money x:money =:money
EXPR: 0 | POS | INT | 5 | 29 | 1519 | (7.0*((11.0*19.0)+8.0))=x | 7.0 11.0 19.0 * 8.0 + * x = | 7.0:money 11.0:money 19.0:money *:money 8.0:money +:money *:money x:money =:money
EXPR: 0 | POS | INT | 5 | 29 | 136 | x=(((19.0*7.0)+11.0)-8.0) | x 19.0 7.0 * 11.0 + 8.0 - = | x:money 19.0:money 7.0:money *:money 11.0:money +:money 8.0:money -:money =:money
EXPR: 0 | POS | INT | 5 | 29 | 140 | x=(((19.0-7.0)*11.0)+8.0) | x 19.0 7.0 - 11.0 * 8.0 + = | x:money 19.0:money 7.0:money -:money 11.0:money *:money 8.0:money +:money =:money
EXPR: 0 | POS | INT | 5 | 29 | 15 | (11.0-((7.0+8.0)-19.0))=x | 11.0 7.0 8.0 + 19.0 - - x = | 11.0:money 7.0:money 8.0:money +:money 19.0:money -:money -:money x:money =:money
EXPR: 0 | POS | INT | 5 | 29 | 120 | x=(((19.0+7.0)-11.0)*8.0) | x 19.0 7.0 + 11.0 - 8.0 * = | x:money 19.0:money 7.0:money +:money 11.0:money -:money 8.0:money *:money =:money
EXPR: 0 | POS | INT | 5 | 29 | 494 | x=((11.0+(7.0+8.0))*19.0) | x 11.0 7.0 8.0 + + 19.0 * = | x:money 11.0:money 7.0:money 8.0:money +:money +:money 19.0:money *:money =:money
EXPR: 1 | POS | INT | 5 | 29 | 29 | x=(11.0+((7.0-8.0)+19.0)) | x 11.0 7.0 8.0 - 19.0 + + = | x:money 11.0:money 7.0:money 8.0:money -:money 19.0:money +:money +:money =:money
EXPR: 0 | POS | INT | 5 | 29 | 125 | x=(((11.0+7.0)*8.0)-19.0) | x 11.0 7.0 + 8.0 * 19.0 - = | x:money 11.0:money 7.0:money +:money 8.0:money *:money 19.0:money -:money =:money
EXPR: 0 | POS | INT | 5 | 29 | 76 | x=(19.0*((7.0-11.0)+8.0)) | x 19.0 7.0 11.0 - 8.0 + * = | x:money 19.0:money 7.0:money 11.0:money -:money 8.0:money +:money *:money =:money
EXPR: 0 | POS | INT | 7 | 29 | 152 | (((x-19.0)/7.0)-11.0)=8.0 | x 19.0 - 7.0 / 11.0 - 8.0 = | x:money 19.0:money -:money 7.0:money /:money 11.0:money -:money 8.0:money =:money
EXPR: 0 | POS | INT | 7 | 29 | 154 | ((19.0-(x/7.0))+11.0)=8.0 | 19.0 x 7.0 / - 11.0 + 8.0 = | 19.0:money x:money 7.0:money /:money -:money 11.0:money +:money 8.0:money =:money
EXPR: 0 | POS | INT | 7 | 29 | 7 | (((11.0+7.0)+8.0)-x)=19.0 | 11.0 7.0 + 8.0 + x - 19.0 = | 11.0:money 7.0:money +:money 8.0:money +:money x:money -:money 19.0:money =:money
EXPR: 0 | POS | INT | 7 | 29 | 7 | 19.0=((x/7.0)*(11.0+8.0)) | 19.0 x 7.0 / 11.0 8.0 + * = | 19.0:money x:money 7.0:money /:money 11.0:money 8.0:money +:money *:money =:money
EXPR: 1 | POS | INT | 7 | 29 | 29 | ((19.0+(7.0-x))+11.0)=8.0 | 19.0 7.0 x - + 11.0 + 8.0 = | 19.0:money 7.0:money x:money -:money +:money 11.0:money +:money 8.0:money =:money
EXPR: 0 | POS | INT | 7 | 29 | 13 | (((11.0-7.0)*8.0)-x)=19.0 | 11.0 7.0 - 8.0 * x - 19.0 = | 11.0:money 7.0:money -:money 8.0:money *:money x:money -:money 19.0:money =:money
EXPR: 0 | POS | INT | 8 | 29 | 76 | (((7.0-11.0)+8.0)*19.0)=x | 7.0 11.0 - 8.0 + 19.0 * x = | 7.0:money 11.0:money -:money 8.0:money +:money 19.0:money *:money x:money =:money
EXPR: 0 | POS | INT | 8 | 29 | 7 | x=(7.0+((11.0+8.0)-19.0)) | x 7.0 11.0 8.0 + 19.0 - + = | x:money 7.0:money 11.0:money 8.0:money +:money 19.0:money -:money +:money =:money
EXPR: 0 | POS | INT | 8 | 29 | 749 | x=(7.0*((11.0*8.0)+19.0)) | x 7.0 11.0 8.0 * 19.0 + * = | x:money 7.0:money 11.0:money 8.0:money *:money 19.0:money +:money *:money =:money
EXPR: 0 | POS | INT | 8 | 29 | 40 | ((7.0*(11.0-8.0))+19.0)=x | 7.0 11.0 8.0 - * 19.0 + x = | 7.0:money 11.0:money 8.0:money -:money *:money 19.0:money +:money x:money =:money
EXPR: 0 | POS | INT | 8 | 29 | 6 | x=(7.0-((11.0+8.0)/19.0)) | x 7.0 11.0 8.0 + 19.0 / - = | x:money 7.0:money 11.0:money 8.0:money +:money 19.0:money /:money -:money =:money
EXPR: 0 | POS | INT | 8 | 29 | 190 | ((7.0+(11.0-8.0))*19.0)=x | 7.0 11.0 8.0 - + 19.0 * x = | 7.0:money 11.0:money 8.0:money -:money +:money 19.0:money *:money x:money =:money
EXPR: 0 | POS | INT | 8 | 29 | 8 | x=(7.0+((11.0+8.0)/19.0)) | x 7.0 11.0 8.0 + 19.0 / + = | x:money 7.0:money 11.0:money 8.0:money +:money 19.0:money /:money +:money =:money
EXPR: 0 | POS | INT | 8 | 29 | 88 | ((19.0-8.0)+(11.0*7.0))=x | 19.0 8.0 - 11.0 7.0 * + x = | 19.0:money 8.0:money -:money 11.0:money 7.0:money *:money +:money x:money =:money
EXPR: 0 | POS | INT | 9 | 29 | 9 | (((19.0-7.0)+8.0)-11.0)=x | 19.0 7.0 - 8.0 + 11.0 - x = | 19.0:money 7.0:money -:money 8.0:money +:money 11.0:money -:money x:money =:money
EXPR: 0 | POS | INT | 9 | 29 | 130 | x=((19.0*7.0)+(8.0-11.0)) | x 19.0 7.0 * 8.0 11.0 - + = | x:money 19.0:money 7.0:money *:money 8.0:money 11.0:money -:money +:money =:money
EXPR: 0 | POS | INT | 9 | 29 | 23 | (((19.0+7.0)+8.0)-11.0)=x | 19.0 7.0 + 8.0 + 11.0 - x = | 19.0:money 7.0:money +:money 8.0:money +:money 11.0:money -:money x:money =:money
EXPR: 0 | POS | INT | 9 | 29 | 374 | (((19.0+7.0)+8.0)*11.0)=x | 19.0 7.0 + 8.0 + 11.0 * x = | 19.0:money 7.0:money +:money 8.0:money +:money 11.0:money *:money x:money =:money
EXPR: 0 | POS | INT | 9 | 29 | 220 | (((19.0-7.0)+8.0)*11.0)=x | 19.0 7.0 - 8.0 + 11.0 * x = | 19.0:money 7.0:money -:money 8.0:money +:money 11.0:money *:money x:money =:money
EXPR: 0 | POS | INT | 9 | 29 | 494 | x=(19.0*((7.0+8.0)+11.0)) | x 19.0 7.0 8.0 + 11.0 + * = | x:money 19.0:money 7.0:money 8.0:money +:money 11.0:money +:money *:money =:money
EXPR: 0 | POS | INT | 9 | 29 | 1273 | x=(19.0*((7.0*8.0)+11.0)) | x 19.0 7.0 8.0 * 11.0 + * = | x:money 19.0:money 7.0:money 8.0:money *:money 11.0:money +:money *:money =:money
EXPR: 0 | POS | INT | 9 | 29 | 86 | x=(19.0+((7.0*8.0)+11.0)) | x 19.0 7.0 8.0 * 11.0 + + = | x:money 19.0:money 7.0:money 8.0:money *:money 11.0:money +:money +:money =:money
EXPR: 0 | POS | INT | 9 | 29 | 296 | ((19.0*(7.0+8.0))+11.0)=x | 19.0 7.0 8.0 + * 11.0 + x = | 19.0:money 7.0:money 8.0:money +:money *:money 11.0:money +:money x:money =:money
EXPR: 0 | POS | INT | 9 | 29 | 23 | ((8.0-(11.0-19.0))+7.0)=x | 8.0 11.0 19.0 - - 7.0 + x = | 8.0:money 11.0:money 19.0:money -:money -:money 7.0:money +:money x:money =:money
EXPR: 0 | POS | INT | 9 | 29 | 85 | (((19.0-7.0)*8.0)-11.0)=x | 19.0 7.0 - 8.0 * 11.0 - x = | 19.0:money 7.0:money -:money 8.0:money *:money 11.0:money -:money x:money =:money
EXPR: 0 | POS | INT | 9 | 29 | 198 | ((19.0+(7.0-8.0))*11.0)=x | 19.0 7.0 8.0 - + 11.0 * x = | 19.0:money 7.0:money 8.0:money -:money +:money 11.0:money *:money x:money =:money
EXPR: 0 | POS | INT | 9 | 29 | 64 | x=(19.0+((7.0*8.0)-11.0)) | x 19.0 7.0 8.0 * 11.0 - + = | x:money 19.0:money 7.0:money 8.0:money *:money 11.0:money -:money +:money =:money
EXPR: 0 | POS | INT | 9 | 29 | 45 | x=(19.0+((7.0+8.0)+11.0)) | x 19.0 7.0 8.0 + 11.0 + + = | x:money 19.0:money 7.0:money 8.0:money +:money 11.0:money +:money +:money =:money
EXPR: 0 | POS | INT | 9 | 29 | 23 | x=(19.0+((7.0+8.0)-11.0)) | x 19.0 7.0 8.0 + 11.0 - + = | x:money 19.0:money 7.0:money 8.0:money +:money 11.0:money -:money +:money =:money
EXPR: 0 | POS | INT | 9 | 29 | 9 | (19.0-(7.0-(8.0-11.0)))=x | 19.0 7.0 8.0 11.0 - - - x = | 19.0:money 7.0:money 8.0:money 11.0:money -:money -:money -:money x:money =:money
EXPR: 0 | POS | INT | 9 | 29 | 40 | (19.0-(7.0*(8.0-11.0)))=x | 19.0 7.0 8.0 11.0 - * - x = | 19.0:money 7.0:money 8.0:money 11.0:money -:money *:money -:money x:money =:money
EXPR: 0 | POS | INT | 10 | 29 | 184 | ((19.0-(x/8.0))+11.0)=7.0 | 19.0 x 8.0 / - 11.0 + 7.0 = | 19.0:money x:money 8.0:money /:money -:money 11.0:money +:money 7.0:money =:money
EXPR: 0 | POS | INT | 11 | 29 | 7 | (((19.0-8.0)+7.0)-11.0)=x | 19.0 8.0 - 7.0 + 11.0 - x = | 19.0:money 8.0:money -:money 7.0:money +:money 11.0:money -:money x:money =:money
EXPR: 0 | POS | INT | 11 | 29 | 26 | 19.0=((7.0*8.0)-(x+11.0)) | 19.0 7.0 8.0 * x 11.0 + - = | 19.0:money 7.0:money 8.0:money *:money x:money 11.0:money +:money -:money =:money
EXPR: 0 | POS | INT | 11 | 29 | 23 | (((19.0+8.0)+7.0)-11.0)=x | 19.0 8.0 + 7.0 + 11.0 - x = | 19.0:money 8.0:money +:money 7.0:money +:money 11.0:money -:money x:money =:money
EXPR: 0 | POS | INT | 11 | 29 | 374 | (((19.0+8.0)+7.0)*11.0)=x | 19.0 8.0 + 7.0 + 11.0 * x = | 19.0:money 8.0:money +:money 7.0:money +:money 11.0:money *:money x:money =:money
EXPR: 0 | POS | INT | 11 | 29 | 23 | x=(7.0+((19.0+8.0)-11.0)) | x 7.0 19.0 8.0 + 11.0 - + = | x:money 7.0:money 19.0:money 8.0:money +:money 11.0:money -:money +:money =:money
EXPR: 0 | POS | INT | 11 | 29 | 1141 | x=(7.0*((19.0*8.0)+11.0)) | x 7.0 19.0 8.0 * 11.0 + * = | x:money 7.0:money 19.0:money 8.0:money *:money 11.0:money +:money *:money =:money
EXPR: 0 | POS | INT | 11 | 29 | 88 | ((7.0*(19.0-8.0))+11.0)=x | 7.0 19.0 8.0 - * 11.0 + x = | 7.0:money 19.0:money 8.0:money -:money *:money 11.0:money +:money x:money =:money
EXPR: 0 | POS | INT | 11 | 29 | 66 | (((19.0-8.0)*7.0)-11.0)=x | 19.0 8.0 - 7.0 * 11.0 - x = | 19.0:money 8.0:money -:money 7.0:money *:money 11.0:money -:money x:money =:money
EXPR: 0 | POS | INT | 11 | 29 | 198 | ((7.0+(19.0-8.0))*11.0)=x | 7.0 19.0 8.0 - + 11.0 * x = | 7.0:money 19.0:money 8.0:money -:money +:money 11.0:money *:money x:money =:money
EXPR: 0 | POS | INT | 12 | 29 | 26 | ((x+11.0)+19.0)=(7.0*8.0) | x 11.0 + 19.0 + 7.0 8.0 * = | x:money 11.0:money +:money 19.0:money +:money 7.0:money 8.0:money *:money =:money
EXPR: 0 | POS | INT | 12 | 29 | 407 | ((x/11.0)+19.0)=(7.0*8.0) | x 11.0 / 19.0 + 7.0 8.0 * = | x:money 11.0:money /:money 19.0:money +:money 7.0:money 8.0:money *:money =:money
EXPR: 0 | POS | INT | 12 | 29 | 9 | (11.0+x)=((19.0-7.0)+8.0) | 11.0 x + 19.0 7.0 - 8.0 + = | 11.0:money x:money +:money 19.0:money 7.0:money -:money 8.0:money +:money =:money
EXPR: 0 | POS | INT | 12 | 29 | 45 | ((7.0+8.0)+(11.0+19.0))=x | 7.0 8.0 + 11.0 19.0 + + x = | 7.0:money 8.0:money +:money 11.0:money 19.0:money +:money +:money x:money =:money
EXPR: 0 | POS | INT | 14 | 29 | 134 | ((x+11.0)+7.0)=(19.0*8.0) | x 11.0 + 7.0 + 19.0 8.0 * = | x:money 11.0:money +:money 7.0:money +:money 19.0:money 8.0:money *:money =:money
EXPR: 0 | POS | INT | 14 | 29 | 26 | ((x+19.0)+11.0)=(7.0*8.0) | x 19.0 + 11.0 + 7.0 8.0 * = | x:money 19.0:money +:money 11.0:money +:money 7.0:money 8.0:money *:money =:money
EXPR: 0 | POS | INT | 14 | 29 | 7 | ((7.0+(8.0-x))+11.0)=19.0 | 7.0 8.0 x - + 11.0 + 19.0 = | 7.0:money 8.0:money x:money -:money +:money 11.0:money +:money 19.0:money =:money
NET 264 unique, non-negative, integer-valued solutions found out of 922 total solutions
