parameters: n=9 l=4 k=1 p=5 q=2 m=10
TOTAL 948 solutions found
SOLN: CORRECT | POS/NEG | INT/FRA | OBJ-SCORE | TRUE-ANS | ANS | INFIX | POSTFIX | TYPED-POSTFIX
EXPR: 0 | POS | INT | 0 | 286 | 35 | ((13.0+(9+10))+3)=x | 13.0 9 10 + + 3 + x = | 13.0:money 9:money 10:money +:money +:money 3:money +:money x:money =:money
EXPR: 0 | POS | INT | 0 | 286 | 42 | (((13.0-9)+10)*3)=x | 13.0 9 - 10 + 3 * x = | 13.0:money 9:money -:money 10:money +:money 3:money *:money x:money =:money
EXPR: 0 | POS | INT | 0 | 286 | 4 | (((13.0+9)-10)/3)=x | 13.0 9 + 10 - 3 / x = | 13.0:money 9:money +:money 10:money -:money 3:money /:money x:money =:money
EXPR: 0 | POS | INT | 0 | 286 | 29 | (((13.0+9)+10)-3)=x | 13.0 9 + 10 + 3 - x = | 13.0:money 9:money +:money 10:money +:money 3:money -:money x:money =:money
EXPR: 0 | POS | INT | 0 | 286 | 28 | ((13.0-9)*(10-3))=x | 13.0 9 - 10 3 - * x = | 13.0:money 9:money -:money 10:money 3:money -:money *:money x:money =:money
EXPR: 0 | POS | INT | 0 | 286 | 96 | (((13.0+9)+10)*3)=x | 13.0 9 + 10 + 3 * x = | 13.0:money 9:money +:money 10:money +:money 3:money *:money x:money =:money
EXPR: 0 | POS | INT | 0 | 286 | 154 | ((13.0+9)*(10-3))=x | 13.0 9 + 10 3 - * x = | 13.0:money 9:money +:money 10:money 3:money -:money *:money x:money =:money
EXPR: 0 | POS | INT | 0 | 286 | 819 | ((13.0*9)*(10-3))=x | 13.0 9 * 10 3 - * x = | 13.0:money 9:money *:money 10:money 3:money -:money *:money x:money =:money
EXPR: 0 | POS | INT | 0 | 286 | 104 | (((13.0*9)-10)-3)=x | 13.0 9 * 10 - 3 - x = | 13.0:money 9:money *:money 10:money -:money 3:money -:money x:money =:money
EXPR: 0 | POS | INT | 0 | 286 | 4 | ((13.0+(9-10))/3)=x | 13.0 9 10 - + 3 / x = | 13.0:money 9:money 10:money -:money +:money 3:money /:money x:money =:money
EXPR: 0 | POS | INT | 0 | 286 | 11 | (((13.0-9)+10)-3)=x | 13.0 9 - 10 + 3 - x = | 13.0:money 9:money -:money 10:money +:money 3:money -:money x:money =:money
EXPR: 0 | POS | INT | 0 | 286 | 217 | (((13.0+9)*10)-3)=x | 13.0 9 + 10 * 3 - x = | 13.0:money 9:money +:money 10:money *:money 3:money -:money x:money =:money
EXPR: 0 | POS | INT | 0 | 286 | 37 | (((13.0-9)*10)-3)=x | 13.0 9 - 10 * 3 - x = | 13.0:money 9:money -:money 10:money *:money 3:money -:money x:money =:money
EXPR: 0 | POS | INT | 0 | 286 | 9 | (((13.0+9)-10)-3)=x | 13.0 9 + 10 - 3 - x = | 13.0:money 9:money +:money 10:money -:money 3:money -:money x:money =:money
EXPR: 0 | POS | INT | 0 | 286 | 15 | x=((13.0+9)-(10-3)) | x 13.0 9 + 10 3 - - = | x:money 13.0:money 9:money +:money 10:money 3:money -:money -:money =:money
EXPR: 0 | POS | INT | 0 | 286 | 381 | (((13.0*9)+10)*3)=x | 13.0 9 * 10 + 3 * x = | 13.0:money 9:money *:money 10:money +:money 3:money *:money x:money =:money
EXPR: 0 | POS | INT | 0 | 286 | 321 | (((13.0*9)-10)*3)=x | 13.0 9 * 10 - 3 * x = | 13.0:money 9:money *:money 10:money -:money 3:money *:money x:money =:money
EXPR: 0 | POS | INT | 0 | 286 | 29 | ((13.0+(9+10))-3)=x | 13.0 9 10 + + 3 - x = | 13.0:money 9:money 10:money +:money +:money 3:money -:money x:money =:money
EXPR: 0 | POS | INT | 0 | 286 | 9 | x=((13.0+9)-(10+3)) | x 13.0 9 + 10 3 + - = | x:money 13.0:money 9:money +:money 10:money 3:money +:money -:money =:money
EXPR: 0 | POS | INT | 0 | 286 | 9 | ((13.0+(9-10))-3)=x | 13.0 9 10 - + 3 - x = | 13.0:money 9:money 10:money -:money +:money 3:money -:money x:money =:money
EXPR: 1 | POS | INT | 0 | 286 | 286 | x=((13.0+9)*(10+3)) | x 13.0 9 + 10 3 + * = | x:money 13.0:money 9:money +:money 10:money 3:money +:money *:money =:money
EXPR: 0 | POS | INT | 0 | 286 | 36 | ((13.0+(9-10))*3)=x | 13.0 9 10 - + 3 * x = | 13.0:money 9:money 10:money -:money +:money 3:money *:money x:money =:money
EXPR: 0 | POS | INT | 0 | 286 | 208 | x=(13.0*((9+10)-3)) | x 13.0 9 10 + 3 - * = | x:money 13.0:money 9:money 10:money +:money 3:money -:money *:money =:money
EXPR: 0 | POS | INT | 0 | 286 | 26 | x=(13.0*((9-10)+3)) | x 13.0 9 10 - 3 + * = | x:money 13.0:money 9:money 10:money -:money 3:money +:money *:money =:money
EXPR: 0 | POS | INT | 0 | 286 | 217 | x=(((13.0+9)*10)-3) | x 13.0 9 + 10 * 3 - = | x:money 13.0:money 9:money +:money 10:money *:money 3:money -:money =:money
EXPR: 0 | POS | INT | 0 | 286 | 52 | x=((13.0-9)*(10+3)) | x 13.0 9 - 10 3 + * = | x:money 13.0:money 9:money -:money 10:money 3:money +:money *:money =:money
EXPR: 0 | POS | INT | 0 | 286 | 29 | x=(((13.0+9)+10)-3) | x 13.0 9 + 10 + 3 - = | x:money 13.0:money 9:money +:money 10:money +:money 3:money -:money =:money
EXPR: 0 | POS | INT | 0 | 286 | 244 | ((13.0*(9+10))-3)=x | 13.0 9 10 + * 3 - x = | 13.0:money 9:money 10:money +:money *:money 3:money -:money x:money =:money
EXPR: 0 | POS | INT | 0 | 286 | 15 | ((13.0+(9-10))+3)=x | 13.0 9 10 - + 3 + x = | 13.0:money 9:money 10:money -:money +:money 3:money +:money x:money =:money
EXPR: 0 | POS | INT | 0 | 286 | 250 | x=((13.0*(9+10))+3) | x 13.0 9 10 + * 3 + = | x:money 13.0:money 9:money 10:money +:money *:money 3:money +:money =:money
EXPR: 1 | POS | INT | 0 | 286 | 286 | x=(13.0*((9+10)+3)) | x 13.0 9 10 + 3 + * = | x:money 13.0:money 9:money 10:money +:money 3:money +:money *:money =:money
EXPR: 0 | POS | INT | 0 | 286 | 52 | ((13.0-9)*(10+3))=x | 13.0 9 - 10 3 + * x = | 13.0:money 9:money -:money 10:money 3:money +:money *:money x:money =:money
EXPR: 0 | POS | INT | 0 | 286 | 1521 | ((13.0*9)*(10+3))=x | 13.0 9 * 10 3 + * x = | 13.0:money 9:money *:money 10:money 3:money +:money *:money x:money =:money
EXPR: 0 | POS | INT | 0 | 286 | 28 | x=((13.0-9)*(10-3)) | x 13.0 9 - 10 3 - * = | x:money 13.0:money 9:money -:money 10:money 3:money -:money *:money =:money
EXPR: 0 | POS | INT | 0 | 286 | 154 | x=((13.0+9)*(10-3)) | x 13.0 9 + 10 3 - * = | x:money 13.0:money 9:money +:money 10:money 3:money -:money *:money =:money
EXPR: 0 | POS | INT | 0 | 286 | 100 | ((13.0+(9*10))-3)=x | 13.0 9 10 * + 3 - x = | 13.0:money 9:money 10:money *:money +:money 3:money -:money x:money =:money
EXPR: 0 | POS | INT | 0 | 286 | 11 | ((13.0-(9-10))-3)=x | 13.0 9 10 - - 3 - x = | 13.0:money 9:money 10:money -:money -:money 3:money -:money x:money =:money
EXPR: 0 | POS | INT | 0 | 286 | 15 | (((13.0+9)-10)+3)=x | 13.0 9 + 10 - 3 + x = | 13.0:money 9:money +:money 10:money -:money 3:money +:money x:money =:money
EXPR: 0 | POS | INT | 0 | 286 | 15 | (13.0+(9-(10-3)))=x | 13.0 9 10 3 - - + x = | 13.0:money 9:money 10:money 3:money -:money -:money +:money x:money =:money
EXPR: 1 | POS | INT | 0 | 286 | 286 | ((13.0+9)*(10+3))=x | 13.0 9 + 10 3 + * x = | 13.0:money 9:money +:money 10:money 3:money +:money *:money x:money =:money
EXPR: 0 | POS | INT | 0 | 286 | 15 | x=((13.0+(9-10))+3) | x 13.0 9 10 - + 3 + = | x:money 13.0:money 9:money 10:money -:money +:money 3:money +:money =:money
EXPR: 0 | POS | INT | 0 | 286 | 309 | x=((13.0+(9*10))*3) | x 13.0 9 10 * + 3 * = | x:money 13.0:money 9:money 10:money *:money +:money 3:money *:money =:money
EXPR: 0 | POS | INT | 0 | 286 | 26 | (13.0*(9-(10-3)))=x | 13.0 9 10 3 - - * x = | 13.0:money 9:money 10:money 3:money -:money -:money *:money x:money =:money
EXPR: 0 | POS | INT | 0 | 286 | 96 | ((13.0+(9+10))*3)=x | 13.0 9 10 + + 3 * x = | 13.0:money 9:money 10:money +:money +:money 3:money *:money x:money =:money
EXPR: 0 | POS | INT | 0 | 286 | 35 | (((13.0+9)+10)+3)=x | 13.0 9 + 10 + 3 + x = | 13.0:money 9:money +:money 10:money +:money 3:money +:money x:money =:money
EXPR: 0 | POS | INT | 0 | 286 | 9 | (13.0+(9-(10+3)))=x | 13.0 9 10 3 + - + x = | 13.0:money 9:money 10:money 3:money +:money -:money +:money x:money =:money
EXPR: 0 | POS | INT | 0 | 286 | 4 | x=(((13.0+9)-10)/3) | x 13.0 9 + 10 - 3 / = | x:money 13.0:money 9:money +:money 10:money -:money 3:money /:money =:money
EXPR: 0 | POS | INT | 0 | 286 | 9 | x=(((13.0+9)-10)-3) | x 13.0 9 + 10 - 3 - = | x:money 13.0:money 9:money +:money 10:money -:money 3:money -:money =:money
EXPR: 0 | POS | INT | 0 | 286 | 17 | ((13.0-9)+(10+3))=x | 13.0 9 - 10 3 + + x = | 13.0:money 9:money -:money 10:money 3:money +:money +:money x:money =:money
EXPR: 0 | POS | INT | 0 | 286 | 100 | x=((13.0+(9*10))-3) | x 13.0 9 10 * + 3 - = | x:money 13.0:money 9:money 10:money *:money +:money 3:money -:money =:money
EXPR: 0 | POS | INT | 0 | 286 | 819 | x=((13.0*9)*(10-3)) | x 13.0 9 * 10 3 - * = | x:money 13.0:money 9:money *:money 10:money 3:money -:money *:money =:money
EXPR: 0 | POS | INT | 0 | 286 | 110 | (((13.0*9)-10)+3)=x | 13.0 9 * 10 - 3 + x = | 13.0:money 9:money *:money 10:money -:money 3:money +:money x:money =:money
EXPR: 0 | POS | INT | 0 | 286 | 9 | ((13.0+9)-(10+3))=x | 13.0 9 + 10 3 + - x = | 13.0:money 9:money +:money 10:money 3:money +:money -:money x:money =:money
EXPR: 0 | POS | INT | 0 | 286 | 1131 | x=(13.0*((9*10)-3)) | x 13.0 9 10 * 3 - * = | x:money 13.0:money 9:money 10:money *:money 3:money -:money *:money =:money
EXPR: 0 | POS | INT | 0 | 286 | 1209 | x=(13.0*((9*10)+3)) | x 13.0 9 10 * 3 + * = | x:money 13.0:money 9:money 10:money *:money 3:money +:money *:money =:money
EXPR: 0 | POS | INT | 0 | 286 | 9 | x=((13.0*9)/(10+3)) | x 13.0 9 * 10 3 + / = | x:money 13.0:money 9:money *:money 10:money 3:money +:money /:money =:money
EXPR: 0 | POS | INT | 0 | 286 | 124 | (((13.0*9)+10)-3)=x | 13.0 9 * 10 + 3 - x = | 13.0:money 9:money *:money 10:money +:money 3:money -:money x:money =:money
EXPR: 0 | POS | INT | 0 | 286 | 9 | x=((13.0+(9-10))-3) | x 13.0 9 10 - + 3 - = | x:money 13.0:money 9:money 10:money -:money +:money 3:money -:money =:money
EXPR: 0 | POS | INT | 0 | 286 | 43 | (((13.0-9)*10)+3)=x | 13.0 9 - 10 * 3 + x = | 13.0:money 9:money -:money 10:money *:money 3:money +:money x:money =:money
EXPR: 0 | POS | INT | 0 | 286 | 223 | (((13.0+9)*10)+3)=x | 13.0 9 + 10 * 3 + x = | 13.0:money 9:money +:money 10:money *:money 3:money +:money x:money =:money
EXPR: 0 | POS | INT | 0 | 286 | 15 | ((13.0+9)-(10-3))=x | 13.0 9 + 10 3 - - x = | 13.0:money 9:money +:money 10:money 3:money -:money -:money x:money =:money
EXPR: 0 | POS | INT | 0 | 286 | 29 | ((13.0+9)+(10-3))=x | 13.0 9 + 10 3 - + x = | 13.0:money 9:money +:money 10:money 3:money -:money +:money x:money =:money
EXPR: 0 | POS | INT | 0 | 286 | 130 | (13.0+(9*(10+3)))=x | 13.0 9 10 3 + * + x = | 13.0:money 9:money 10:money 3:money +:money *:money +:money x:money =:money
EXPR: 0 | POS | INT | 0 | 286 | 35 | ((13.0+9)+(10+3))=x | 13.0 9 + 10 3 + + x = | 13.0:money 9:money +:money 10:money 3:money +:money +:money x:money =:money
EXPR: 0 | POS | INT | 0 | 286 | 29 | (13.0+(9+(10-3)))=x | 13.0 9 10 3 - + + x = | 13.0:money 9:money 10:money 3:money -:money +:money +:money x:money =:money
EXPR: 0 | POS | INT | 0 | 286 | 100 | x=(13.0+((9*10)-3)) | x 13.0 9 10 * 3 - + = | x:money 13.0:money 9:money 10:money *:money 3:money -:money +:money =:money
EXPR: 0 | POS | INT | 0 | 286 | 35 | x=((13.0+(9+10))+3) | x 13.0 9 10 + + 3 + = | x:money 13.0:money 9:money 10:money +:money +:money 3:money +:money =:money
EXPR: 0 | POS | INT | 0 | 286 | 130 | ((13.0*9)+(10+3))=x | 13.0 9 * 10 3 + + x = | 13.0:money 9:money *:money 10:money 3:money +:money +:money x:money =:money
EXPR: 0 | POS | INT | 0 | 286 | 250 | ((13.0*(9+10))+3)=x | 13.0 9 10 + * 3 + x = | 13.0:money 9:money 10:money +:money *:money 3:money +:money x:money =:money
EXPR: 0 | POS | INT | 0 | 286 | 17 | ((13.0-(9-10))+3)=x | 13.0 9 10 - - 3 + x = | 13.0:money 9:money 10:money -:money -:money 3:money +:money x:money =:money
EXPR: 0 | POS | INT | 0 | 286 | 381 | x=(((13.0*9)+10)*3) | x 13.0 9 * 10 + 3 * = | x:money 13.0:money 9:money *:money 10:money +:money 3:money *:money =:money
EXPR: 0 | POS | INT | 0 | 286 | 9 | ((13.0*9)/(10+3))=x | 13.0 9 * 10 3 + / x = | 13.0:money 9:money *:money 10:money 3:money +:money /:money x:money =:money
EXPR: 0 | POS | INT | 0 | 286 | 34 | ((13.0-9)+(10*3))=x | 13.0 9 - 10 3 * + x = | 13.0:money 9:money -:money 10:money 3:money *:money +:money x:money =:money
EXPR: 0 | POS | INT | 0 | 286 | 29 | x=((13.0+(9+10))-3) | x 13.0 9 10 + + 3 - = | x:money 13.0:money 9:money 10:money +:money +:money 3:money -:money =:money
EXPR: 0 | POS | INT | 0 | 286 | 17 | (((13.0-9)+10)+3)=x | 13.0 9 - 10 + 3 + x = | 13.0:money 9:money -:money 10:money +:money 3:money +:money x:money =:money
EXPR: 0 | POS | INT | 0 | 286 | 15 | x=(13.0+((9-10)+3)) | x 13.0 9 10 - 3 + + = | x:money 13.0:money 9:money 10:money -:money 3:money +:money +:money =:money
EXPR: 0 | POS | INT | 0 | 286 | 106 | x=(13.0+((9*10)+3)) | x 13.0 9 10 * 3 + + = | x:money 13.0:money 9:money 10:money *:money 3:money +:money +:money =:money
EXPR: 0 | POS | INT | 0 | 286 | 244 | x=((13.0*(9+10))-3) | x 13.0 9 10 + * 3 - = | x:money 13.0:money 9:money 10:money +:money *:money 3:money -:money =:money
EXPR: 0 | POS | INT | 0 | 286 | 36 | (((13.0+9)-10)*3)=x | 13.0 9 + 10 - 3 * x = | 13.0:money 9:money +:money 10:money -:money 3:money *:money x:money =:money
EXPR: 0 | POS | INT | 2 | 286 | 42 | (((13.0+10)-9)*3)=x | 13.0 10 + 9 - 3 * x = | 13.0:money 10:money +:money 9:money -:money 3:money *:money x:money =:money
EXPR: 0 | POS | INT | 2 | 286 | 190 | (((13.0+9)-3)*10)=x | 13.0 9 + 3 - 10 * x = | 13.0:money 9:money +:money 3:money -:money 10:money *:money x:money =:money
EXPR: 0 | POS | INT | 2 | 286 | 29 | (((13.0+10)+9)-3)=x | 13.0 10 + 9 + 3 - x = | 13.0:money 10:money +:money 9:money +:money 3:money -:money x:money =:money
EXPR: 0 | POS | INT | 2 | 286 | 15 | (((13.0+9)+3)-10)=x | 13.0 9 + 3 + 10 - x = | 13.0:money 9:money +:money 3:money +:money 10:money -:money x:money =:money
EXPR: 0 | POS | INT | 2 | 286 | 16 | ((13.0-x)*(9-10))=3 | 13.0 x - 9 10 - * 3 = | 13.0:money x:money -:money 9:money 10:money -:money *:money 3:money =:money
EXPR: 0 | POS | INT | 2 | 286 | 70 | (((13.0-9)+3)*10)=x | 13.0 9 - 3 + 10 * x = | 13.0:money 9:money -:money 3:money +:money 10:money *:money x:money =:money
EXPR: 0 | POS | INT | 2 | 286 | 36 | (((13.0-10)+9)*3)=x | 13.0 10 - 9 + 3 * x = | 13.0:money 10:money -:money 9:money +:money 3:money *:money x:money =:money
EXPR: 0 | POS | INT | 2 | 286 | 4 | (((13.0-10)+9)/3)=x | 13.0 10 - 9 + 3 / x = | 13.0:money 10:money -:money 9:money +:money 3:money /:money x:money =:money
EXPR: 0 | POS | INT | 2 | 286 | 138 | ((13.0+10)*(9-3))=x | 13.0 10 + 9 3 - * x = | 13.0:money 10:money +:money 9:money 3:money -:money *:money x:money =:money
EXPR: 0 | POS | INT | 2 | 286 | 18 | ((13.0-10)*(9-3))=x | 13.0 10 - 9 3 - * x = | 13.0:money 10:money -:money 9:money 3:money -:money *:money x:money =:money
EXPR: 0 | POS | INT | 2 | 286 | 780 | ((13.0*10)*(9-3))=x | 13.0 10 * 9 3 - * x = | 13.0:money 10:money *:money 9:money 3:money -:money *:money x:money =:money
EXPR: 0 | POS | INT | 2 | 286 | 76 | 13.0=(x-(9*(10-3))) | 13.0 x 9 10 3 - * - = | 13.0:money x:money 9:money 10:money 3:money -:money *:money -:money =:money
EXPR: 0 | POS | INT | 2 | 286 | 96 | (((13.0+10)+9)*3)=x | 13.0 10 + 9 + 3 * x = | 13.0:money 10:money +:money 9:money +:money 3:money *:money x:money =:money
EXPR: 0 | POS | INT | 2 | 286 | 250 | (((13.0+9)+3)*10)=x | 13.0 9 + 3 + 10 * x = | 13.0:money 9:money +:money 3:money +:money 10:money *:money x:money =:money
EXPR: 0 | POS | INT | 2 | 286 | 118 | (((13.0*10)-9)-3)=x | 13.0 10 * 9 - 3 - x = | 13.0:money 10:money *:money 9:money -:money 3:money -:money x:money =:money
EXPR: 0 | POS | INT | 2 | 286 | 104 | (((13.0*9)-3)-10)=x | 13.0 9 * 3 - 10 - x = | 13.0:money 9:money *:money 3:money -:money 10:money -:money x:money =:money
EXPR: 0 | POS | INT | 2 | 286 | 204 | (((13.0+10)*9)-3)=x | 13.0 10 + 9 * 3 - x = | 13.0:money 10:money +:money 9:money *:money 3:money -:money x:money =:money
EXPR: 0 | POS | INT | 2 | 286 | 56 | (((13.0+9)*3)-10)=x | 13.0 9 + 3 * 10 - x = | 13.0:money 9:money +:money 3:money *:money 10:money -:money x:money =:money
EXPR: 0 | POS | INT | 2 | 286 | 24 | (((13.0-10)*9)-3)=x | 13.0 10 - 9 * 3 - x = | 13.0:money 10:money -:money 9:money *:money 3:money -:money x:money =:money
EXPR: 0 | POS | INT | 2 | 286 | 2 | (((13.0-9)*3)-10)=x | 13.0 9 - 3 * 10 - x = | 13.0:money 9:money -:money 3:money *:money 10:money -:money x:money =:money
EXPR: 0 | POS | INT | 2 | 286 | 9 | (((13.0+x)-9)-10)=3 | 13.0 x + 9 - 10 - 3 = | 13.0:money x:money +:money 9:money -:money 10:money -:money 3:money =:money
EXPR: 0 | POS | INT | 2 | 286 | 9 | (((13.0-x)+9)-10)=3 | 13.0 x - 9 + 10 - 3 = | 13.0:money x:money -:money 9:money +:money 10:money -:money 3:money =:money
EXPR: 0 | POS | INT | 2 | 286 | 9 | (((13.0-10)+9)-3)=x | 13.0 10 - 9 + 3 - x = | 13.0:money 10:money -:money 9:money +:money 3:money -:money x:money =:money
EXPR: 0 | POS | INT | 2 | 286 | 29 | x=((13.0+9)-(3-10)) | x 13.0 9 + 3 10 - - = | x:money 13.0:money 9:money +:money 3:money 10:money -:money -:money =:money
EXPR: 0 | POS | INT | 2 | 286 | 104 | (((13.0*9)-x)-10)=3 | 13.0 9 * x - 10 - 3 = | 13.0:money 9:money *:money x:money -:money 10:money -:money 3:money =:money
EXPR: 0 | POS | INT | 2 | 286 | 11 | 13.0=((9-(10-x))+3) | 13.0 9 10 x - - 3 + = | 13.0:money 9:money 10:money x:money -:money -:money 3:money +:money =:money
EXPR: 0 | POS | INT | 2 | 286 | 11 | (((13.0+10)-9)-3)=x | 13.0 10 + 9 - 3 - x = | 13.0:money 10:money +:money 9:money -:money 3:money -:money x:money =:money
EXPR: 0 | POS | INT | 2 | 286 | 9 | (((13.0+9)-3)-10)=x | 13.0 9 + 3 - 10 - x = | 13.0:money 9:money +:money 3:money -:money 10:money -:money x:money =:money
EXPR: 0 | POS | INT | 2 | 286 | 363 | (((13.0*10)-9)*3)=x | 13.0 10 * 9 - 3 * x = | 13.0:money 10:money *:money 9:money -:money 3:money *:money x:money =:money
EXPR: 0 | POS | INT | 2 | 286 | 1140 | (((13.0*9)-3)*10)=x | 13.0 9 * 3 - 10 * x = | 13.0:money 9:money *:money 3:money -:money 10:money *:money x:money =:money
EXPR: 0 | POS | INT | 2 | 286 | 15 | ((13.0+(9+3))-10)=x | 13.0 9 3 + + 10 - x = | 13.0:money 9:money 3:money +:money +:money 10:money -:money x:money =:money
EXPR: 0 | POS | INT | 2 | 286 | 4 | ((13.0+(9*3))/10)=x | 13.0 9 3 * + 10 / x = | 13.0:money 9:money 3:money *:money +:money 10:money /:money x:money =:money
EXPR: 0 | POS | INT | 2 | 286 | 11 | ((13.0+(10-9))-3)=x | 13.0 10 9 - + 3 - x = | 13.0:money 10:money 9:money -:money +:money 3:money -:money x:money =:money
EXPR: 0 | POS | INT | 2 | 286 | 9 | ((13.0+(9-3))-10)=x | 13.0 9 3 - + 10 - x = | 13.0:money 9:money 3:money -:money +:money 10:money -:money x:money =:money
EXPR: 0 | POS | INT | 2 | 286 | 9 | (((13.0+9)-x)-10)=3 | 13.0 9 + x - 10 - 3 = | 13.0:money 9:money +:money x:money -:money 10:money -:money 3:money =:money
EXPR: 0 | POS | INT | 2 | 286 | 9 | ((13.0+(9-x))-10)=3 | 13.0 9 x - + 10 - 3 = | 13.0:money 9:money x:money -:money +:money 10:money -:money 3:money =:money
EXPR: 0 | POS | INT | 2 | 286 | 1 | ((13.0-(9/3))/10)=x | 13.0 9 3 / - 10 / x = | 13.0:money 9:money 3:money /:money -:money 10:money /:money x:money =:money
EXPR: 0 | POS | INT | 2 | 286 | 190 | ((13.0+(9-3))*10)=x | 13.0 9 3 - + 10 * x = | 13.0:money 9:money 3:money -:money +:money 10:money *:money x:money =:money
EXPR: 0 | POS | INT | 2 | 286 | 26 | x=(13.0*((9+3)-10)) | x 13.0 9 3 + 10 - * = | x:money 13.0:money 9:money 3:money +:money 10:money -:money *:money =:money
EXPR: 0 | POS | INT | 2 | 286 | 10 | ((13.0*(10-9))-3)=x | 13.0 10 9 - * 3 - x = | 13.0:money 10:money 9:money -:money *:money 3:money -:money x:money =:money
EXPR: 0 | POS | INT | 2 | 286 | 68 | ((13.0*(9-3))-10)=x | 13.0 9 3 - * 10 - x = | 13.0:money 9:money 3:money -:money *:money 10:money -:money x:money =:money
EXPR: 0 | POS | INT | 2 | 286 | 10 | (((13.0-9)-3)*10)=x | 13.0 9 - 3 - 10 * x = | 13.0:money 9:money -:money 3:money -:money 10:money *:money x:money =:money
EXPR: 0 | POS | INT | 2 | 286 | 204 | x=(((13.0+10)*9)-3) | x 13.0 10 + 9 * 3 - = | x:money 13.0:money 10:money +:money 9:money *:money 3:money -:money =:money
EXPR: 0 | POS | INT | 2 | 286 | 56 | x=(((13.0+9)*3)-10) | x 13.0 9 + 3 * 10 - = | x:money 13.0:money 9:money +:money 3:money *:money 10:money -:money =:money
EXPR: 0 | POS | INT | 2 | 286 | 9 | ((13.0-10)+(9-3))=x | 13.0 10 - 9 3 - + x = | 13.0:money 10:money -:money 9:money 3:money -:money +:money x:money =:money
EXPR: 1 | POS | INT | 2 | 286 | 286 | x=(13.0*((9+3)+10)) | x 13.0 9 3 + 10 + * = | x:money 13.0:money 9:money 3:money +:money 10:money +:money *:money =:money
EXPR: 0 | POS | INT | 2 | 286 | 166 | x=((13.0*(9+3))+10) | x 13.0 9 3 + * 10 + = | x:money 13.0:money 9:money 3:money +:money *:money 10:money +:money =:money
EXPR: 0 | POS | INT | 2 | 286 | 103 | x=((13.0*10)-(9*3)) | x 13.0 10 * 9 3 * - = | x:money 13.0:money 10:money *:money 9:money 3:money *:money -:money =:money
EXPR: 0 | POS | INT | 2 | 286 | 29 | ((13.0+(9+10))-x)=3 | 13.0 9 10 + + x - 3 = | 13.0:money 9:money 10:money +:money +:money x:money -:money 3:money =:money
EXPR: 0 | POS | INT | 2 | 286 | 29 | ((13.0+(9-x))+10)=3 | 13.0 9 x - + 10 + 3 = | 13.0:money 9:money x:money -:money +:money 10:money +:money 3:money =:money
EXPR: 0 | POS | INT | 2 | 286 | 35 | ((13.0+(9+3))+10)=x | 13.0 9 3 + + 10 + x = | 13.0:money 9:money 3:money +:money +:money 10:money +:money x:money =:money
EXPR: 0 | POS | INT | 2 | 286 | 29 | x=(((13.0+10)+9)-3) | x 13.0 10 + 9 + 3 - = | x:money 13.0:money 10:money +:money 9:money +:money 3:money -:money =:money
EXPR: 0 | POS | INT | 2 | 286 |  | ((13.0+(9*x))-10)=3 | 13.0 9 x * + 10 - 3 = | 13.0:money 9:money x:money *:money +:money 10:money -:money 3:money =:money
EXPR: 0 | POS | INT | 2 | 286 | 9 | ((13.0-(10-9))-3)=x | 13.0 10 9 - - 3 - x = | 13.0:money 10:money 9:money -:money -:money 3:money -:money x:money =:money
EXPR: 0 | POS | INT | 2 | 286 | 15 | x=(((13.0+9)+3)-10) | x 13.0 9 + 3 + 10 - = | x:money 13.0:money 9:money +:money 3:money +:money 10:money -:money =:money
EXPR: 0 | POS | INT | 2 | 286 | 30 | ((13.0+(9*3))-10)=x | 13.0 9 3 * + 10 - x = | 13.0:money 9:money 3:money *:money +:money 10:money -:money x:money =:money
EXPR: 0 | POS | INT | 2 | 286 | 9 | (((13.0-9)+x)-10)=3 | 13.0 9 - x + 10 - 3 = | 13.0:money 9:money -:money x:money +:money 10:money -:money 3:money =:money
EXPR: 0 | POS | INT | 2 | 286 | 0 | ((13.0-(9/3))-10)=x | 13.0 9 3 / - 10 - x = | 13.0:money 9:money 3:money /:money -:money 10:money -:money x:money =:money
EXPR: 0 | POS | INT | 2 | 286 | 276 | ((13.0+10)*(9+3))=x | 13.0 10 + 9 3 + * x = | 13.0:money 10:money +:money 9:money 3:money +:money *:money x:money =:money
EXPR: 0 | POS | INT | 2 | 286 | 250 | ((13.0+(9+3))*10)=x | 13.0 9 3 + + 10 * x = | 13.0:money 9:money 3:money +:money +:money 10:money *:money x:money =:money
EXPR: 0 | POS | INT | 2 | 286 | 20 | ((13.0-(9/3))+10)=x | 13.0 9 3 / - 10 + x = | 13.0:money 9:money 3:money /:money -:money 10:money +:money x:money =:money
EXPR: 0 | POS | INT | 2 | 286 | 11 | x=((13.0-9)-(3-10)) | x 13.0 9 - 3 10 - - = | x:money 13.0:money 9:money -:money 3:money 10:money -:money -:money =:money
EXPR: 0 | POS | INT | 2 | 286 | 80 | ((13.0-(9*10))+x)=3 | 13.0 9 10 * - x + 3 = | 13.0:money 9:money 10:money *:money -:money x:money +:money 3:money =:money
EXPR: 0 | POS | INT | 2 | 286 | 8 | ((13.0+(9+x))/10)=3 | 13.0 9 x + + 10 / 3 = | 13.0:money 9:money x:money +:money +:money 10:money /:money 3:money =:money
EXPR: 0 | POS | INT | 2 | 286 | 9 | (13.0+(9-(10+x)))=3 | 13.0 9 10 x + - + 3 = | 13.0:money 9:money 10:money x:money +:money -:money +:money 3:money =:money
EXPR: 0 | POS | INT | 2 | 286 | 10 | ((13.0-9)-(x/10))=3 | 13.0 9 - x 10 / - 3 = | 13.0:money 9:money -:money x:money 10:money /:money -:money 3:money =:money
EXPR: 0 | POS | INT | 2 | 286 | 9 | (13.0-(9+(10-x)))=3 | 13.0 9 10 x - + - 3 = | 13.0:money 9:money 10:money x:money -:money +:money -:money 3:money =:money
EXPR: 0 | POS | INT | 2 | 286 | 11 | x=(((13.0+10)-9)-3) | x 13.0 10 + 9 - 3 - = | x:money 13.0:money 10:money +:money 9:money -:money 3:money -:money =:money
EXPR: 0 | POS | INT | 2 | 286 | 9 | x=(((13.0+9)-3)-10) | x 13.0 9 + 3 - 10 - = | x:money 13.0:money 9:money +:money 3:money -:money 10:money -:money =:money
EXPR: 0 | POS | INT | 2 | 286 | 169 | x=(13.0*((9/3)+10)) | x 13.0 9 3 / 10 + * = | x:money 13.0:money 9:money 3:money /:money 10:money +:money *:money =:money
EXPR: 0 | POS | INT | 2 | 286 | 10 | ((13.0-(9+3))*10)=x | 13.0 9 3 + - 10 * x = | 13.0:money 9:money 3:money +:money -:money 10:money *:money x:money =:money
EXPR: 0 | POS | INT | 2 | 286 | 29 | x=((13.0+(9-3))+10) | x 13.0 9 3 - + 10 + = | x:money 13.0:money 9:money 3:money -:money +:money 10:money +:money =:money
EXPR: 0 | POS | INT | 2 | 286 | 29 | (13.0+(9-(3-10)))=x | 13.0 9 3 10 - - + x = | 13.0:money 9:money 3:money 10:money -:money -:money +:money x:money =:money
EXPR: 0 | POS | INT | 2 | 286 | 88 | ((13.0*(9-3))+10)=x | 13.0 9 3 - * 10 + x = | 13.0:money 9:money 3:money -:money *:money 10:money +:money x:money =:money
EXPR: 0 | POS | INT | 2 | 286 | 1200 | (((13.0*9)+3)*10)=x | 13.0 9 * 3 + 10 * x = | 13.0:money 9:money *:money 3:money +:money 10:money *:money x:money =:money
EXPR: 0 | POS | INT | 2 | 286 | 6 | x=((13.0+(9/3))-10) | x 13.0 9 3 / + 10 - = | x:money 13.0:money 9:money 3:money /:money +:money 10:money -:money =:money
EXPR: 0 | POS | INT | 2 | 286 | 124 | (((13.0*9)-x)+10)=3 | 13.0 9 * x - 10 + 3 = | 13.0:money 9:money *:money x:money -:money 10:money +:money 3:money =:money
EXPR: 0 | POS | INT | 2 | 286 | 11 | ((13.0-(9-10))-x)=3 | 13.0 9 10 - - x - 3 = | 13.0:money 9:money 10:money -:money -:money x:money -:money 3:money =:money
EXPR: 0 | POS | INT | 2 | 286 | 124 | (((13.0*10)-9)+3)=x | 13.0 10 * 9 - 3 + x = | 13.0:money 10:money *:money 9:money -:money 3:money +:money x:money =:money
EXPR: 0 | POS | INT | 2 | 286 | 124 | (((13.0*9)-3)+10)=x | 13.0 9 * 3 - 10 + x = | 13.0:money 9:money *:money 3:money -:money 10:money +:money x:money =:money
EXPR: 0 | POS | INT | 2 | 286 | 30 | x=((13.0+(9*3))-10) | x 13.0 9 3 * + 10 - = | x:money 13.0:money 9:money 3:money *:money +:money 10:money -:money =:money
EXPR: 0 | POS | INT | 2 | 286 | 481 | x=(13.0*((9*3)+10)) | x 13.0 9 3 * 10 + * = | x:money 13.0:money 9:money 3:money *:money 10:money +:money *:money =:money
EXPR: 0 | POS | INT | 2 | 286 | 17 | ((13.0+(10-9))+3)=x | 13.0 10 9 - + 3 + x = | 13.0:money 10:money 9:money -:money +:money 3:money +:money x:money =:money
EXPR: 0 | POS | INT | 2 | 286 | 9 | x=((13.0+(9-3))-10) | x 13.0 9 3 - + 10 - = | x:money 13.0:money 9:money 3:money -:money +:money 10:money -:money =:money
EXPR: 0 | POS | INT | 2 | 286 | 136 | (((13.0*10)+9)-3)=x | 13.0 10 * 9 + 3 - x = | 13.0:money 10:money *:money 9:money +:money 3:money -:money x:money =:money
EXPR: 0 | POS | INT | 2 | 286 | 110 | (((13.0*9)+3)-10)=x | 13.0 9 * 3 + 10 - x = | 13.0:money 9:money *:money 3:money +:money 10:money -:money x:money =:money
EXPR: 0 | POS | INT | 2 | 286 | 29 | ((13.0+(9-3))+10)=x | 13.0 9 3 - + 10 + x = | 13.0:money 9:money 3:money -:money +:money 10:money +:money x:money =:money
EXPR: 0 | POS | INT | 2 | 286 | 17 | (((13.0+10)-9)+3)=x | 13.0 10 + 9 - 3 + x = | 13.0:money 10:money +:money 9:money -:money 3:money +:money x:money =:money
EXPR: 0 | POS | INT | 2 | 286 | 29 | (((13.0+9)-3)+10)=x | 13.0 9 + 3 - 10 + x = | 13.0:money 9:money +:money 3:money -:money 10:money +:money x:money =:money
EXPR: 0 | POS | INT | 2 | 286 | 29 | ((13.0+9)-(3-10))=x | 13.0 9 + 3 10 - - x = | 13.0:money 9:money +:money 3:money 10:money -:money -:money x:money =:money
EXPR: 0 | POS | INT | 2 | 286 | 17 | (13.0+(10-(9-3)))=x | 13.0 10 9 3 - - + x = | 13.0:money 10:money 9:money 3:money -:money -:money +:money x:money =:money
EXPR: 0 | POS | INT | 2 | 286 | 4 | ((13.0-(10-9))/3)=x | 13.0 10 9 - - 3 / x = | 13.0:money 10:money 9:money -:money -:money 3:money /:money x:money =:money
EXPR: 0 | POS | INT | 2 | 286 | 9 | ((13.0+(9-10))-x)=3 | 13.0 9 10 - + x - 3 = | 13.0:money 9:money 10:money -:money +:money x:money -:money 3:money =:money
EXPR: 0 | POS | INT | 2 | 286 | 400 | x=((13.0+(9*3))*10) | x 13.0 9 3 * + 10 * = | x:money 13.0:money 9:money 3:money *:money +:money 10:money *:money =:money
EXPR: 0 | POS | INT | 2 | 286 | 26 | ((13.0-(9-x))/10)=3 | 13.0 9 x - - 10 / 3 = | 13.0:money 9:money x:money -:money -:money 10:money /:money 3:money =:money
EXPR: 0 | POS | INT | 2 | 286 | 4 | x=(((13.0-10)+9)/3) | x 13.0 10 - 9 + 3 / = | x:money 13.0:money 10:money -:money 9:money +:money 3:money /:money =:money
EXPR: 0 | POS | INT | 2 | 286 | 88 | x=((13.0*(9-3))+10) | x 13.0 9 3 - * 10 + = | x:money 13.0:money 9:money 3:money -:money *:money 10:money +:money =:money
EXPR: 0 | POS | INT | 2 | 286 | 30 | x=(13.0+((9*3)-10)) | x 13.0 9 3 * 10 - + = | x:money 13.0:money 9:money 3:money *:money 10:money -:money +:money =:money
EXPR: 0 | POS | INT | 2 | 286 | 12 | x=(((13.0*9)+3)/10) | x 13.0 9 * 3 + 10 / = | x:money 13.0:money 9:money *:money 3:money +:money 10:money /:money =:money
EXPR: 0 | POS | INT | 2 | 286 |  | ((13.0-(9*x))-10)=3 | 13.0 9 x * - 10 - 3 = | 13.0:money 9:money x:money *:money -:money 10:money -:money 3:money =:money
EXPR: 0 | POS | INT | 2 | 286 | - | ((13.0-(9/x))-10)=3 | 13.0 9 x / - 10 - 3 = | 13.0:money 9:money x:money /:money -:money 10:money -:money 3:money =:money
EXPR: 0 | POS | INT | 2 | 286 | 36 | ((13.0-10)*(9+3))=x | 13.0 10 - 9 3 + * x = | 13.0:money 10:money -:money 9:money 3:money +:money *:money x:money =:money
EXPR: 0 | POS | INT | 2 | 286 | 1560 | ((13.0*10)*(9+3))=x | 13.0 10 * 9 3 + * x = | 13.0:money 10:money *:money 9:money 3:money +:money *:money x:money =:money
EXPR: 0 | POS | INT | 2 | 286 | 11 | ((13.0-(9+3))+10)=x | 13.0 9 3 + - 10 + x = | 13.0:money 9:money 3:money +:money -:money 10:money +:money x:money =:money
EXPR: 0 | POS | INT | 2 | 286 | 15 | ((13.0-(10-9))+3)=x | 13.0 10 9 - - 3 + x = | 13.0:money 10:money 9:money -:money -:money 3:money +:money x:money =:money
EXPR: 0 | POS | INT | 2 | 286 | 17 | ((13.0-(9-3))+10)=x | 13.0 9 3 - - 10 + x = | 13.0:money 9:money 3:money -:money -:money 10:money +:money x:money =:money
EXPR: 0 | POS | INT | 2 | 286 | 160 | x=((13.0+(9/3))*10) | x 13.0 9 3 / + 10 * = | x:money 13.0:money 9:money 3:money /:money +:money 10:money *:money =:money
EXPR: 0 | POS | INT | 2 | 286 | 9 | ((13.0+9)-(10+x))=3 | 13.0 9 + 10 x + - 3 = | 13.0:money 9:money +:money 10:money x:money +:money -:money 3:money =:money
EXPR: 0 | POS | INT | 2 | 286 | 29 | (((13.0+9)-x)+10)=3 | 13.0 9 + x - 10 + 3 = | 13.0:money 9:money +:money x:money -:money 10:money +:money 3:money =:money
EXPR: 0 | POS | INT | 2 | 286 | 100 | ((13.0+(9*10))-x)=3 | 13.0 9 10 * + x - 3 = | 13.0:money 9:money 10:money *:money +:money x:money -:money 3:money =:money
EXPR: 0 | POS | INT | 2 | 286 | 6 | x=(13.0+((9/3)-10)) | x 13.0 9 3 / 10 - + = | x:money 13.0:money 9:money 3:money /:money 10:money -:money +:money =:money
EXPR: 0 | POS | INT | 2 | 286 | 29 | (13.0+(9+(10-x)))=3 | 13.0 9 10 x - + + 3 = | 13.0:money 9:money 10:money x:money -:money +:money +:money 3:money =:money
EXPR: 0 | POS | INT | 2 | 286 | 15 | x=((13.0+(9+3))-10) | x 13.0 9 3 + + 10 - = | x:money 13.0:money 9:money 3:money +:money +:money 10:money -:money =:money
EXPR: 0 | POS | INT | 2 | 286 | 29 | (((13.0-x)+9)+10)=3 | 13.0 x - 9 + 10 + 3 = | 13.0:money x:money -:money 9:money +:money 10:money +:money 3:money =:money
EXPR: 0 | POS | INT | 2 | 286 | 1 | x=(13.0/((9/3)+10)) | x 13.0 9 3 / 10 + / = | x:money 13.0:money 9:money 3:money /:money 10:money +:money /:money =:money
EXPR: 0 | POS | INT | 2 | 286 | 29 | x=(13.0+((9-3)+10)) | x 13.0 9 3 - 10 + + = | x:money 13.0:money 9:money 3:money -:money 10:money +:money +:money =:money
EXPR: 0 | POS | INT | 2 | 286 | 146 | x=((13.0*(9+3))-10) | x 13.0 9 3 + * 10 - = | x:money 13.0:money 9:money 3:money +:money *:money 10:money -:money =:money
EXPR: 0 | POS | INT | 3 | 286 | 417 | (((13.0*10)+9)*3)=x | 13.0 10 * 9 + 3 * x = | 13.0:money 10:money *:money 9:money +:money 3:money *:money x:money =:money
EXPR: 0 | POS | INT | 3 | 286 |  | x=(13.0-((9/3)+10)) | x 13.0 9 3 / 10 + - = | x:money 13.0:money 9:money 3:money /:money 10:money +:money -:money =:money
EXPR: 0 | POS | INT | 4 | 286 | 276 | 9=((x/(13.0+10))-3) | 9 x 13.0 10 + / 3 - = | 9:money x:money 13.0:money 10:money +:money /:money 3:money -:money =:money
EXPR: 0 | POS | INT | 4 | 286 | 35 | 9=((x-(13.0+10))-3) | 9 x 13.0 10 + - 3 - = | 9:money x:money 13.0:money 10:money +:money -:money 3:money -:money =:money
EXPR: 0 | POS | INT | 4 | 286 | 18 | 9=((x/(13.0-10))+3) | 9 x 13.0 10 - / 3 + = | 9:money x:money 13.0:money 10:money -:money /:money 3:money +:money =:money
EXPR: 0 | POS | INT | 4 | 286 | 4 | 9=((x*(13.0-10))-3) | 9 x 13.0 10 - * 3 - = | 9:money x:money 13.0:money 10:money -:money *:money 3:money -:money =:money
EXPR: 0 | POS | INT | 4 | 286 | 11 | (((13.0+10)-x)-9)=3 | 13.0 10 + x - 9 - 3 = | 13.0:money 10:money +:money x:money -:money 9:money -:money 3:money =:money
EXPR: 0 | POS | INT | 4 | 286 | 34 | ((x+(9-13.0))/10)=3 | x 9 13.0 - + 10 / 3 = | x:money 9:money 13.0:money -:money +:money 10:money /:money 3:money =:money
EXPR: 0 | POS | INT | 4 | 286 | 28 | 13.0=(9-(x/(3-10))) | 13.0 9 x 3 10 - / - = | 13.0:money 9:money x:money 3:money 10:money -:money /:money -:money =:money
EXPR: 0 | POS | INT | 4 | 286 | 2 | ((13.0-9)+(x*3))=10 | 13.0 9 - x 3 * + 10 = | 13.0:money 9:money -:money x:money 3:money *:money +:money 10:money =:money
EXPR: 0 | POS | INT | 4 | 286 | 18 | 13.0=(10-((9-x)/3)) | 13.0 10 9 x - 3 / - = | 13.0:money 10:money 9:money x:money -:money 3:money /:money -:money =:money
EXPR: 0 | POS | INT | 4 | 286 | 9 | ((13.0-(10-9))-x)=3 | 13.0 10 9 - - x - 3 = | 13.0:money 10:money 9:money -:money -:money x:money -:money 3:money =:money
EXPR: 0 | POS | INT | 5 | 286 | 180 | (((13.0+10)-3)*9)=x | 13.0 10 + 3 - 9 * x = | 13.0:money 10:money +:money 3:money -:money 9:money *:money x:money =:money
EXPR: 0 | POS | INT | 5 | 286 | 17 | (((13.0+10)+3)-9)=x | 13.0 10 + 3 + 9 - x = | 13.0:money 10:money +:money 3:money +:money 9:money -:money x:money =:money
EXPR: 0 | POS | INT | 5 | 286 | 190 | (((13.0-3)+9)*10)=x | 13.0 3 - 9 + 10 * x = | 13.0:money 3:money -:money 9:money +:money 10:money *:money x:money =:money
EXPR: 0 | POS | INT | 5 | 286 | 54 | (((13.0-10)+3)*9)=x | 13.0 10 - 3 + 9 * x = | 13.0:money 10:money -:money 3:money +:money 9:money *:money x:money =:money
EXPR: 0 | POS | INT | 5 | 286 | 234 | (((13.0+10)+3)*9)=x | 13.0 10 + 3 + 9 * x = | 13.0:money 10:money +:money 3:money +:money 9:money *:money x:money =:money
EXPR: 0 | POS | INT | 5 | 286 | 118 | (((13.0*10)-3)-9)=x | 13.0 10 * 3 - 9 - x = | 13.0:money 10:money *:money 3:money -:money 9:money -:money x:money =:money
EXPR: 0 | POS | INT | 5 | 286 | 60 | (((13.0+10)*3)-9)=x | 13.0 10 + 3 * 9 - x = | 13.0:money 10:money +:money 3:money *:money 9:money -:money x:money =:money
EXPR: 0 | POS | INT | 5 | 286 | 0 | (((13.0-10)*3)-9)=x | 13.0 10 - 3 * 9 - x = | 13.0:money 10:money -:money 3:money *:money 9:money -:money x:money =:money
EXPR: 0 | POS | INT | 5 | 286 | 0 | ((13.0-(10+3))/9)=x | 13.0 10 3 + - 9 / x = | 13.0:money 10:money 3:money +:money -:money 9:money /:money x:money =:money
EXPR: 0 | POS | INT | 5 | 286 | 11 | (((13.0+10)-3)-9)=x | 13.0 10 + 3 - 9 - x = | 13.0:money 10:money +:money 3:money -:money 9:money -:money x:money =:money
EXPR: 0 | POS | INT | 5 | 286 | 1143 | (((13.0*10)-3)*9)=x | 13.0 10 * 3 - 9 * x = | 13.0:money 10:money *:money 3:money -:money 9:money *:money x:money =:money
EXPR: 0 | POS | INT | 5 | 286 | 0 | (((13.0-10)-3)/9)=x | 13.0 10 - 3 - 9 / x = | 13.0:money 10:money -:money 3:money -:money 9:money /:money x:money =:money
EXPR: 0 | POS | INT | 5 | 286 | 17 | ((13.0+(10+3))-9)=x | 13.0 10 3 + + 9 - x = | 13.0:money 10:money 3:money +:money +:money 9:money -:money x:money =:money
EXPR: 0 | POS | INT | 5 | 286 | 11 | ((13.0+(10-3))-9)=x | 13.0 10 3 - + 9 - x = | 13.0:money 10:money 3:money -:money +:money 9:money -:money x:money =:money
EXPR: 0 | POS | INT | 5 | 286 | 52 | x=(13.0*((10+3)-9)) | x 13.0 10 3 + 9 - * = | x:money 13.0:money 10:money 3:money +:money 9:money -:money *:money =:money
EXPR: 0 | POS | INT | 5 | 286 | 10 | (((13.0-3)-9)*10)=x | 13.0 3 - 9 - 10 * x = | 13.0:money 3:money -:money 9:money -:money 10:money *:money x:money =:money
EXPR: 0 | POS | INT | 5 | 286 | 82 | ((13.0*(10-3))-9)=x | 13.0 10 3 - * 9 - x = | 13.0:money 10:money 3:money -:money *:money 9:money -:money x:money =:money
EXPR: 0 | POS | INT | 5 | 286 | 208 | x=(13.0*((10-3)+9)) | x 13.0 10 3 - 9 + * = | x:money 13.0:money 10:money 3:money -:money 9:money +:money *:money =:money
EXPR: 0 | POS | INT | 5 | 286 | 60 | x=(((13.0+10)*3)-9) | x 13.0 10 + 3 * 9 - = | x:money 13.0:money 10:money +:money 3:money *:money 9:money -:money =:money
EXPR: 0 | POS | INT | 5 | 286 | 9 | ((13.0-3)+(9-10))=x | 13.0 3 - 9 10 - + x = | 13.0:money 3:money -:money 9:money 10:money -:money +:money x:money =:money
EXPR: 0 | POS | INT | 5 | 286 | 178 | x=((13.0*(10+3))+9) | x 13.0 10 3 + * 9 + = | x:money 13.0:money 10:money 3:money +:money *:money 9:money +:money =:money
EXPR: 1 | POS | INT | 5 | 286 | 286 | x=(13.0*((10+3)+9)) | x 13.0 10 3 + 9 + * = | x:money 13.0:money 10:money 3:money +:money 9:money +:money *:money =:money
EXPR: 0 | POS | INT | 5 | 286 | 35 | ((13.0+(10+3))+9)=x | 13.0 10 3 + + 9 + x = | 13.0:money 10:money 3:money +:money +:money 9:money +:money x:money =:money
EXPR: 0 | POS | INT | 5 | 286 | 15 | x=(((13.0+3)+9)-10) | x 13.0 3 + 9 + 10 - = | x:money 13.0:money 3:money +:money 9:money +:money 10:money -:money =:money
EXPR: 0 | POS | INT | 5 | 286 | 18 | ((9+(10-13.0))*3)=x | 9 10 13.0 - + 3 * x = | 9:money 10:money 13.0:money -:money +:money 3:money *:money x:money =:money
EXPR: 0 | POS | INT | 5 | 286 | 34 | ((13.0+(10*3))-9)=x | 13.0 10 3 * + 9 - x = | 13.0:money 10:money 3:money *:money +:money 9:money -:money x:money =:money
EXPR: 0 | POS | INT | 5 | 286 | 160 | ((13.0*(10+3))-9)=x | 13.0 10 3 + * 9 - x = | 13.0:money 10:money 3:money +:money *:money 9:money -:money x:money =:money
EXPR: 0 | POS | INT | 5 | 286 | 9 | x=((13.0-10)-(3-9)) | x 13.0 10 - 3 9 - - = | x:money 13.0:money 10:money -:money 3:money 9:money -:money -:money =:money
EXPR: 0 | POS | INT | 5 | 286 | 11 | x=(((13.0+10)-3)-9) | x 13.0 10 + 3 - 9 - = | x:money 13.0:money 10:money +:money 3:money -:money 9:money -:money =:money
EXPR: 0 | POS | INT | 5 | 286 | 29 | x=((13.0+(10-3))+9) | x 13.0 10 3 - + 9 + = | x:money 13.0:money 10:money 3:money -:money +:money 9:money +:money =:money
EXPR: 0 | POS | INT | 5 | 286 | 100 | ((13.0*(10-3))+9)=x | 13.0 10 3 - * 9 + x = | 13.0:money 10:money 3:money -:money *:money 9:money +:money x:money =:money
EXPR: 0 | POS | INT | 5 | 286 | 29 | (13.0+(10-(3-9)))=x | 13.0 10 3 9 - - + x = | 13.0:money 10:money 3:money 9:money -:money -:money +:money x:money =:money
EXPR: 0 | POS | INT | 5 | 286 | 29 | ((13.0+(10-3))+9)=x | 13.0 10 3 - + 9 + x = | 13.0:money 10:money 3:money -:money +:money 9:money +:money x:money =:money
EXPR: 0 | POS | INT | 5 | 286 | 136 | (((13.0*10)-3)+9)=x | 13.0 10 * 3 - 9 + x = | 13.0:money 10:money *:money 3:money -:money 9:money +:money x:money =:money
EXPR: 0 | POS | INT | 5 | 286 | 11 | x=((13.0+(10-3))-9) | x 13.0 10 3 - + 9 - = | x:money 13.0:money 10:money 3:money -:money +:money 9:money -:money =:money
EXPR: 0 | POS | INT | 5 | 286 | 124 | (((13.0*10)+3)-9)=x | 13.0 10 * 3 + 9 - x = | 13.0:money 10:money *:money 3:money +:money 9:money -:money x:money =:money
EXPR: 0 | POS | INT | 5 | 286 | 29 | (((13.0+10)-3)+9)=x | 13.0 10 + 3 - 9 + x = | 13.0:money 10:money +:money 3:money -:money 9:money +:money x:money =:money
EXPR: 0 | POS | INT | 5 | 286 | 0 | (((13.0-10)-3)*9)=x | 13.0 10 - 3 - 9 * x = | 13.0:money 10:money -:money 3:money -:money 9:money *:money x:money =:money
EXPR: 0 | POS | INT | 5 | 286 | 100 | x=((13.0*(10-3))+9) | x 13.0 10 3 - * 9 + = | x:money 13.0:money 10:money 3:money -:money *:money 9:money +:money =:money
EXPR: 0 | POS | INT | 5 | 286 | 9 | ((13.0-(10+3))+9)=x | 13.0 10 3 + - 9 + x = | 13.0:money 10:money 3:money +:money -:money 9:money +:money x:money =:money
EXPR: 0 | POS | INT | 5 | 286 | 741 | ((13.0*3)*(9+10))=x | 13.0 3 * 9 10 + * x = | 13.0:money 3:money *:money 9:money 10:money +:money *:money x:money =:money
EXPR: 0 | POS | INT | 5 | 286 | 15 | ((13.0-(10-3))+9)=x | 13.0 10 3 - - 9 + x = | 13.0:money 10:money 3:money -:money -:money 9:money +:money x:money =:money
EXPR: 0 | POS | INT | 5 | 286 | 17 | x=(((13.0+10)+3)-9) | x 13.0 10 + 3 + 9 - = | x:money 13.0:money 10:money +:money 3:money +:money 9:money -:money =:money
EXPR: 0 | POS | INT | 5 | 286 | 17 | x=((13.0+(10+3))-9) | x 13.0 10 3 + + 9 - = | x:money 13.0:money 10:money 3:money +:money +:money 9:money -:money =:money
EXPR: 0 | POS | INT | 5 | 286 | 160 | x=((13.0*(10+3))-9) | x 13.0 10 3 + * 9 - = | x:money 13.0:money 10:money 3:money +:money *:money 9:money -:money =:money
EXPR: 0 | POS | INT | 6 | 286 | 304 | 9=((x/(13.0+3))-10) | 9 x 13.0 3 + / 10 - = | 9:money x:money 13.0:money 3:money +:money /:money 10:money -:money =:money
EXPR: 0 | POS | INT | 6 | 286 | 35 | 9=((x-(13.0+3))-10) | 9 x 13.0 3 + - 10 - = | 9:money x:money 13.0:money 3:money +:money -:money 10:money -:money =:money
EXPR: 0 | POS | INT | 6 | 286 | 387 | x=((13.0+(10*3))*9) | x 13.0 10 3 * + 9 * = | x:money 13.0:money 10:money 3:money *:money +:money 9:money *:money =:money
EXPR: 0 | POS | INT | 6 | 286 | 1197 | (((13.0*10)+3)*9)=x | 13.0 10 * 3 + 9 * x = | 13.0:money 10:money *:money 3:money +:money 9:money *:money x:money =:money
EXPR: 0 | POS | INT | 7 | 286 | 104 | 10=((13.0*9)-(3+x)) | 10 13.0 9 * 3 x + - = | 10:money 13.0:money 9:money *:money 3:money x:money +:money -:money =:money
EXPR: 0 | POS | INT | 7 | 286 | 3 | (((13.0*3)-9)/x)=10 | 13.0 3 * 9 - x / 10 = | 13.0:money 3:money *:money 9:money -:money x:money /:money 10:money =:money
EXPR: 0 | POS | INT | 7 | 286 | 10 | 13.0=(3-(x*(9-10))) | 13.0 3 x 9 10 - * - = | 13.0:money 3:money x:money 9:money 10:money -:money *:money -:money =:money
EXPR: 0 | POS | INT | 7 | 286 | 8 | 13.0=(10-(3*(x-9))) | 13.0 10 3 x 9 - * - = | 13.0:money 10:money 3:money x:money 9:money -:money *:money -:money =:money
EXPR: 0 | POS | INT | 7 | 286 | 8 | 9=(x-((10-13.0)/3)) | 9 x 10 13.0 - 3 / - = | 9:money x:money 10:money 13.0:money -:money 3:money /:money -:money =:money
EXPR: 0 | POS | INT | 7 | 286 | 30 | ((x+(10-13.0))/9)=3 | x 10 13.0 - + 9 / 3 = | x:money 10:money 13.0:money -:money +:money 9:money /:money 3:money =:money
EXPR: 1 | POS | INT | 7 | 286 | 286 | 10=((x/(13.0+9))-3) | 10 x 13.0 9 + / 3 - = | 10:money x:money 13.0:money 9:money +:money /:money 3:money -:money =:money
EXPR: 0 | POS | INT | 7 | 286 | 52 | 10=((x/(13.0-9))-3) | 10 x 13.0 9 - / 3 - = | 10:money x:money 13.0:money 9:money -:money /:money 3:money -:money =:money
EXPR: 0 | POS | INT | 7 | 286 | 28 | 10=((x/(13.0-9))+3) | 10 x 13.0 9 - / 3 + = | 10:money x:money 13.0:money 9:money -:money /:money 3:money +:money =:money
EXPR: 0 | POS | INT | 7 | 286 | 70 | 13.0=(x-(3*(9+10))) | 13.0 x 3 9 10 + * - = | 13.0:money x:money 3:money 9:money 10:money +:money *:money -:money =:money
EXPR: 0 | POS | INT | 7 | 286 | 18 | ((10+(9-13.0))*3)=x | 10 9 13.0 - + 3 * x = | 10:money 9:money 13.0:money -:money +:money 3:money *:money x:money =:money
EXPR: 0 | POS | INT | 7 | 286 | 109 | 13.0=(3-((9-x)/10)) | 13.0 3 9 x - 10 / - = | 13.0:money 3:money 9:money x:money -:money 10:money /:money -:money =:money
EXPR: 0 | POS | INT | 7 | 286 | 10 | ((13.0-3)*(10-9))=x | 13.0 3 - 10 9 - * x = | 13.0:money 3:money -:money 10:money 9:money -:money *:money x:money =:money
EXPR: 0 | POS | INT | 9 | 286 | 9 | ((9+(10+3))-13.0)=x | 9 10 3 + + 13.0 - x = | 9:money 10:money 3:money +:money +:money 13.0:money -:money x:money =:money
EXPR: 0 | POS | INT | 9 | 286 | 3 | ((9+(10*3))/13.0)=x | 9 10 3 * + 13.0 / x = | 9:money 10:money 3:money *:money +:money 13.0:money /:money x:money =:money
EXPR: 0 | POS | INT | 9 | 286 | 3 | ((9+(10-3))-13.0)=x | 9 10 3 - + 13.0 - x = | 9:money 10:money 3:money -:money +:money 13.0:money -:money x:money =:money
EXPR: 0 | POS | INT | 9 | 286 | 50 | ((9*(10-3))-13.0)=x | 9 10 3 - * 13.0 - x = | 9:money 10:money 3:money -:money *:money 13.0:money -:money x:money =:money
EXPR: 0 | POS | INT | 9 | 286 | 104 | ((9*(10+3))-13.0)=x | 9 10 3 + * 13.0 - x = | 9:money 10:money 3:money +:money *:money 13.0:money -:money x:money =:money
EXPR: 0 | POS | INT | 9 | 286 | 29 | ((9+(10-3))+13.0)=x | 9 10 3 - + 13.0 + x = | 9:money 10:money 3:money -:money +:money 13.0:money +:money x:money =:money
EXPR: 0 | POS | INT | 9 | 286 | 9 | x=(((9+10)+3)-13.0) | x 9 10 + 3 + 13.0 - = | x:money 9:money 10:money +:money 3:money +:money 13.0:money -:money =:money
EXPR: 0 | POS | INT | 9 | 286 | 26 | ((9+(10*3))-13.0)=x | 9 10 3 * + 13.0 - x = | 9:money 10:money 3:money *:money +:money 13.0:money -:money x:money =:money
EXPR: 0 | POS | INT | 9 | 286 | 76 | x=((9*(10-3))+13.0) | x 9 10 3 - * 13.0 + = | x:money 9:money 10:money 3:money -:money *:money 13.0:money +:money =:money
EXPR: 0 | POS | INT | 9 | 286 | 9 | ((9-(10+3))+13.0)=x | 9 10 3 + - 13.0 + x = | 9:money 10:money 3:money +:money -:money 13.0:money +:money x:money =:money
EXPR: 0 | POS | INT | 9 | 286 | 15 | ((9-(10-3))+13.0)=x | 9 10 3 - - 13.0 + x = | 9:money 10:money 3:money -:money -:money 13.0:money +:money x:money =:money
EXPR: 0 | POS | INT | 10 | 286 | 8 | 9=(x-((3-13.0)/10)) | 9 x 3 13.0 - 10 / - = | 9:money x:money 3:money 13.0:money -:money 10:money /:money -:money =:money
EXPR: 0 | POS | INT | 11 | 286 | 107 | (((9+3)*10)-13.0)=x | 9 3 + 10 * 13.0 - x = | 9:money 3:money +:money 10:money *:money 13.0:money -:money x:money =:money
EXPR: 0 | POS | INT | 11 | 286 | 1 | ((10+(9/3))/13.0)=x | 10 9 3 / + 13.0 / x = | 10:money 9:money 3:money /:money +:money 13.0:money /:money x:money =:money
EXPR: 0 | POS | INT | 11 | 286 | 73 | ((10*(9-3))+13.0)=x | 10 9 3 - * 13.0 + x = | 10:money 9:money 3:money -:money *:money 13.0:money +:money x:money =:money
EXPR: 0 | POS | INT | 11 | 286 | 17 | ((10-(9-3))+13.0)=x | 10 9 3 - - 13.0 + x = | 10:money 9:money 3:money -:money -:money 13.0:money +:money x:money =:money
EXPR: 1 | POS | INT | 11 | 286 | 286 | 9=((x/(10+3))-13.0) | 9 x 10 3 + / 13.0 - = | 9:money x:money 10:money 3:money +:money /:money 13.0:money -:money =:money
EXPR: 0 | POS | INT | 11 | 286 | 80 | 3=((13.0+x)-(9*10)) | 3 13.0 x + 9 10 * - = | 3:money 13.0:money x:money +:money 9:money 10:money *:money -:money =:money
EXPR: 0 | POS | INT | 11 | 286 | 9 | ((10+(9+3))-13.0)=x | 10 9 3 + + 13.0 - x = | 10:money 9:money 3:money +:money +:money 13.0:money -:money x:money =:money
EXPR: 0 | POS | INT | 11 | 286 | 35 | ((10+(9+3))+13.0)=x | 10 9 3 + + 13.0 + x = | 10:money 9:money 3:money +:money +:money 13.0:money +:money x:money =:money
EXPR: 0 | POS | INT | 11 | 286 | 3 | ((10+(9-3))-13.0)=x | 10 9 3 - + 13.0 - x = | 10:money 9:money 3:money -:money +:money 13.0:money -:money x:money =:money
EXPR: 0 | POS | INT | 11 | 286 | 29 | ((10+(9-3))+13.0)=x | 10 9 3 - + 13.0 + x = | 10:money 9:money 3:money -:money +:money 13.0:money +:money x:money =:money
EXPR: 0 | POS | INT | 11 | 286 | 20 | ((10-(9/3))+13.0)=x | 10 9 3 / - 13.0 + x = | 10:money 9:money 3:money /:money -:money 13.0:money +:money x:money =:money
EXPR: 0 | POS | INT | 11 | 286 | 16 | 3=((13.0/(9-10))+x) | 3 13.0 9 10 - / x + = | 3:money 13.0:money 9:money 10:money -:money /:money x:money +:money =:money
EXPR: 0 | POS | INT | 11 | 286 | 244 | 3=((13.0*(9+10))-x) | 3 13.0 9 10 + * x - = | 3:money 13.0:money 9:money 10:money +:money *:money x:money -:money =:money
EXPR: 0 | POS | INT | 12 | 286 | 15 | ((13.0-x)+9)=(10-3) | 13.0 x - 9 + 10 3 - = | 13.0:money x:money -:money 9:money +:money 10:money 3:money -:money =:money
EXPR: 0 | POS | INT | 12 | 286 | 250 | (13.0+9)=((x/10)-3) | 13.0 9 + x 10 / 3 - = | 13.0:money 9:money +:money x:money 10:money /:money 3:money -:money =:money
EXPR: 0 | POS | INT | 13 | 286 | 136 | ((3-(9-x))/13.0)=10 | 3 9 x - - 13.0 / 10 = | 3:money 9:money x:money -:money -:money 13.0:money /:money 10:money =:money
EXPR: 0 | POS | INT | 13 | 286 | 10 | 3=((13.0*(10-9))-x) | 3 13.0 10 9 - * x - = | 3:money 13.0:money 10:money 9:money -:money *:money x:money -:money =:money
EXPR: 0 | POS | INT | 13 | 286 | 11 | 10=(((9+x)+3)-13.0) | 10 9 x + 3 + 13.0 - = | 10:money 9:money x:money +:money 3:money +:money 13.0:money -:money =:money
EXPR: 0 | POS | INT | 13 | 286 | 3 | ((3-(9-x))+13.0)=10 | 3 9 x - - 13.0 + 10 = | 3:money 9:money x:money -:money -:money 13.0:money +:money 10:money =:money
EXPR: 0 | POS | INT | 13 | 286 | 10 | 3=((13.0/(10-9))-x) | 3 13.0 10 9 - / x - = | 3:money 13.0:money 10:money 9:money -:money /:money x:money -:money =:money
EXPR: 0 | POS | INT | 13 | 286 | 29 | 3=((9+(13.0+10))-x) | 3 9 13.0 10 + + x - = | 3:money 9:money 13.0:money 10:money +:money +:money x:money -:money =:money
EXPR: 0 | POS | INT | 13 | 286 | 9 | 3=((9+(13.0-10))-x) | 3 9 13.0 10 - + x - = | 3:money 9:money 13.0:money 10:money -:money +:money x:money -:money =:money
EXPR: 0 | POS | INT | 13 | 286 | 136 | 3=((9+(13.0*10))-x) | 3 9 13.0 10 * + x - = | 3:money 9:money 13.0:money 10:money *:money +:money x:money -:money =:money
EXPR: 0 | POS | INT | 14 | 286 | 17 | ((13.0-x)+10)=(9-3) | 13.0 x - 10 + 9 3 - = | 13.0:money x:money -:money 10:money +:money 9:money 3:money -:money =:money
EXPR: 0 | POS | INT | 14 | 286 | 50 | (13.0+10)=(x-(9*3)) | 13.0 10 + x 9 3 * - = | 13.0:money 10:money +:money x:money 9:money 3:money *:money -:money =:money
EXPR: 0 | POS | INT | 14 | 286 | 2 | (9-(13.0-10))=(3*x) | 9 13.0 10 - - 3 x * = | 9:money 13.0:money 10:money -:money -:money 3:money x:money *:money =:money
EXPR: 0 | POS | INT | 14 | 286 | 4 | (9+(13.0-10))=(x*3) | 9 13.0 10 - + x 3 * = | 9:money 13.0:money 10:money -:money +:money x:money 3:money *:money =:money
EXPR: 0 | POS | INT | 14 | 286 | 70 | (10*(3-(9-13.0)))=x | 10 3 9 13.0 - - * x = | 10:money 3:money 9:money 13.0:money -:money -:money *:money x:money =:money
EXPR: 0 | POS | INT | 14 | 286 | - | ((10+(3-13.0))*x)=9 | 10 3 13.0 - + x * 9 = | 10:money 3:money 13.0:money -:money +:money x:money *:money 9:money =:money
EXPR: 0 | POS | INT | 16 | 286 | 68 | 3=(9-((10+x)/13.0)) | 3 9 10 x + 13.0 / - = | 3:money 9:money 10:money x:money +:money 13.0:money /:money -:money =:money
EXPR: 0 | POS | INT | 17 | 286 | 0 | (13.0-10)=(3+(x*9)) | 13.0 10 - 3 x 9 * + = | 13.0:money 10:money -:money 3:money x:money 9:money *:money +:money =:money
EXPR: 0 | POS | INT | 21 | 286 | 96 | (9+10)=((x/3)-13.0) | 9 10 + x 3 / 13.0 - = | 9:money 10:money +:money x:money 3:money /:money 13.0:money -:money =:money
NET 314 unique, non-negative, integer-valued solutions found out of 948 total solutions
