parameters: n=9 l=4 k=1 p=5 q=3 m=10
TOTAL 970 solutions found
SOLN: CORRECT | POS/NEG | INT/FRA | OBJ-SCORE | TRUE-ANS | ANS | INFIX | POSTFIX | TYPED-POSTFIX
EXPR: 0 | POS | INT | 0 | 180 | 360 | (((6+6)+8)*18)=x | 6 6 + 8 + 18 * x = | 6:van 6:van +:van 8:van +:van 18:van *:van x:van =:van
EXPR: 0 | POS | INT | 0 | 180 | 10 | (((6-6)-8)+18)=x | 6 6 - 8 - 18 + x = | 6:van 6:van -:van 8:van -:van 18:van +:van x:van =:van
EXPR: 0 | POS | INT | 0 | 180 | 18 | x=(((6-6)/8)+18) | x 6 6 - 8 / 18 + = | x:van 6:van 6:van -:van 8:van /:van 18:van +:van =:van
EXPR: 0 | POS | INT | 0 | 180 | 22 | (((6+6)-8)+18)=x | 6 6 + 8 - 18 + x = | 6:van 6:van +:van 8:van -:van 18:van +:van x:van =:van
EXPR: 0 | POS | INT | 0 | 180 | 38 | (((6+6)+8)+18)=x | 6 6 + 8 + 18 + x = | 6:van 6:van +:van 8:van +:van 18:van +:van x:van =:van
EXPR: 0 | POS | INT | 0 | 180 | 192 | (6*(6+(8+18)))=x | 6 6 8 18 + + * x = | 6:van 6:van 8:van 18:van +:van +:van *:van x:van =:van
EXPR: 0 | POS | INT | 0 | 180 | 10 | (6-(6+(8-18)))=x | 6 6 8 18 - + - x = | 6:van 6:van 8:van 18:van -:van +:van -:van x:van =:van
EXPR: 0 | POS | INT | 0 | 180 | 2 | (((6+6)+8)-18)=x | 6 6 + 8 + 18 - x = | 6:van 6:van +:van 8:van +:van 18:van -:van x:van =:van
EXPR: 0 | POS | INT | 0 | 180 | 72 | (((6+6)-8)*18)=x | 6 6 + 8 - 18 * x = | 6:van 6:van +:van 8:van -:van 18:van *:van x:van =:van
EXPR: 0 | POS | INT | 0 | 180 | 18 | (((6-6)/8)+18)=x | 6 6 - 8 / 18 + x = | 6:van 6:van -:van 8:van /:van 18:van +:van x:van =:van
EXPR: 0 | POS | INT | 0 | 180 | 18 | x=(((6-6)*8)+18) | x 6 6 - 8 * 18 + = | x:van 6:van 6:van -:van 8:van *:van 18:van +:van =:van
EXPR: 0 | POS | INT | 0 | 180 | 78 | (((6+6)*8)-18)=x | 6 6 + 8 * 18 - x = | 6:van 6:van +:van 8:van *:van 18:van -:van x:van =:van
EXPR: 0 | POS | INT | 0 | 180 | 72 | x=(((6+6)-8)*18) | x 6 6 + 8 - 18 * = | x:van 6:van 6:van +:van 8:van -:van 18:van *:van =:van
EXPR: 0 | POS | INT | 0 | 180 | 18 | (((6-6)*8)+18)=x | 6 6 - 8 * 18 + x = | 6:van 6:van -:van 8:van *:van 18:van +:van x:van =:van
EXPR: 0 | POS | INT | 0 | 180 | 22 | x=(((6+6)-8)+18) | x 6 6 + 8 - 18 + = | x:van 6:van 6:van +:van 8:van -:van 18:van +:van =:van
EXPR: 0 | POS | INT | 0 | 180 | 66 | x=(6-(6*(8-18))) | x 6 6 8 18 - * - = | x:van 6:van 6:van 8:van 18:van -:van *:van -:van =:van
EXPR: 0 | POS | INT | 0 | 180 | 2 | x=(6+(6+(8-18))) | x 6 6 8 18 - + + = | x:van 6:van 6:van 8:van 18:van -:van +:van +:van =:van
EXPR: 0 | POS | INT | 0 | 180 | 11 | (((6/6)-8)+18)=x | 6 6 / 8 - 18 + x = | 6:van 6:van /:van 8:van -:van 18:van +:van x:van =:van
EXPR: 0 | POS | INT | 0 | 180 | 144 | (((6-6)+8)*18)=x | 6 6 - 8 + 18 * x = | 6:van 6:van -:van 8:van +:van 18:van *:van x:van =:van
EXPR: 0 | POS | INT | 0 | 180 | 2 | ((6+(6+8))-18)=x | 6 6 8 + + 18 - x = | 6:van 6:van 8:van +:van +:van 18:van -:van x:van =:van
EXPR: 0 | POS | INT | 0 | 180 | 162 | x=(6+(6*(8+18))) | x 6 6 8 18 + * + = | x:van 6:van 6:van 8:van 18:van +:van *:van +:van =:van
EXPR: 0 | POS | INT | 0 | 180 | 162 | (((6/6)+8)*18)=x | 6 6 / 8 + 18 * x = | 6:van 6:van /:van 8:van +:van 18:van *:van x:van =:van
EXPR: 0 | POS | INT | 0 | 180 | 312 | ((6+6)*(8+18))=x | 6 6 + 8 18 + * x = | 6:van 6:van +:van 8:van 18:van +:van *:van x:van =:van
EXPR: 0 | POS | INT | 0 | 180 | 46 | (((6*6)-8)+18)=x | 6 6 * 8 - 18 + x = | 6:van 6:van *:van 8:van -:van 18:van +:van x:van =:van
EXPR: 0 | POS | INT | 0 | 180 | 96 | (6*(6-(8-18)))=x | 6 6 8 18 - - * x = | 6:van 6:van 8:van 18:van -:van -:van *:van x:van =:van
EXPR: 0 | POS | INT | 0 | 180 | 114 | (((6+6)*8)+18)=x | 6 6 + 8 * 18 + x = | 6:van 6:van +:van 8:van *:van 18:van +:van x:van =:van
EXPR: 0 | POS | INT | 0 | 180 | 2 | ((6+6)+(8-18))=x | 6 6 + 8 18 - + x = | 6:van 6:van +:van 8:van 18:van -:van +:van x:van =:van
EXPR: 0 | POS | INT | 0 | 180 | 38 | (6+(6+(8+18)))=x | 6 6 8 18 + + + x = | 6:van 6:van 8:van 18:van +:van +:van +:van x:van =:van
EXPR: 0 | POS | INT | 0 | 180 | 26 | (((6-6)+8)+18)=x | 6 6 - 8 + 18 + x = | 6:van 6:van -:van 8:van +:van 18:van +:van x:van =:van
EXPR: 0 | POS | INT | 0 | 180 | 36 | ((6+(6*8))-18)=x | 6 6 8 * + 18 - x = | 6:van 6:van 8:van *:van +:van 18:van -:van x:van =:van
EXPR: 0 | POS | INT | 0 | 180 | 10 | x=(((6-6)-8)+18) | x 6 6 - 8 - 18 + = | x:van 6:van 6:van -:van 8:van -:van 18:van +:van =:van
EXPR: 0 | POS | INT | 0 | 180 | 66 | (6-(6*(8-18)))=x | 6 6 8 18 - * - x = | 6:van 6:van 8:van 18:van -:van *:van -:van x:van =:van
EXPR: 0 | POS | INT | 0 | 180 | 10 | x=(((6*6)-8)-18) | x 6 6 * 8 - 18 - = | x:van 6:van 6:van *:van 8:van -:van 18:van -:van =:van
EXPR: 0 | POS | INT | 0 | 180 | 27 | x=(((6/6)+8)+18) | x 6 6 / 8 + 18 + = | x:van 6:van 6:van /:van 8:van +:van 18:van +:van =:van
EXPR: 0 | POS | INT | 0 | 180 | 22 | x=(6+(6-(8-18))) | x 6 6 8 18 - - + = | x:van 6:van 6:van 8:van 18:van -:van -:van +:van =:van
EXPR: 0 | POS | INT | 0 | 180 | 114 | x=(((6+6)*8)+18) | x 6 6 + 8 * 18 + = | x:van 6:van 6:van +:van 8:van *:van 18:van +:van =:van
EXPR: 0 | POS | INT | 0 | 180 | 62 | (((6*6)+8)+18)=x | 6 6 * 8 + 18 + x = | 6:van 6:van *:van 8:van +:van 18:van +:van x:van =:van
EXPR: 0 | POS | INT | 0 | 180 | 78 | x=(((6+6)*8)-18) | x 6 6 + 8 * 18 - = | x:van 6:van 6:van +:van 8:van *:van 18:van -:van =:van
EXPR: 0 | POS | INT | 0 | 180 | 26 | x=(6-(6-(8+18))) | x 6 6 8 18 + - - = | x:van 6:van 6:van 8:van 18:van +:van -:van -:van =:van
EXPR: 0 | POS | INT | 0 | 180 | 26 | x=(((6-6)+8)+18) | x 6 6 - 8 + 18 + = | x:van 6:van 6:van -:van 8:van +:van 18:van +:van =:van
EXPR: 0 | POS | INT | 0 | 180 | 27 | (((6/6)+8)+18)=x | 6 6 / 8 + 18 + x = | 6:van 6:van /:van 8:van +:van 18:van +:van x:van =:van
EXPR: 0 | POS | INT | 0 | 180 | 360 | x=(((6+6)+8)*18) | x 6 6 + 8 + 18 * = | x:van 6:van 6:van +:van 8:van +:van 18:van *:van =:van
EXPR: 0 | POS | INT | 0 | 180 | 26 | (6-(6-(8+18)))=x | 6 6 8 18 + - - x = | 6:van 6:van 8:van 18:van +:van -:van -:van x:van =:van
EXPR: 0 | POS | INT | 0 | 180 | 10 | x=(6-((6+8)-18)) | x 6 6 8 + 18 - - = | x:van 6:van 6:van 8:van +:van 18:van -:van -:van =:van
EXPR: 0 | POS | INT | 0 | 180 | 11 | x=(((6/6)-8)+18) | x 6 6 / 8 - 18 + = | x:van 6:van 6:van /:van 8:van -:van 18:van +:van =:van
EXPR: 0 | POS | INT | 0 | 180 | 26 | (((6*6)+8)-18)=x | 6 6 * 8 + 18 - x = | 6:van 6:van *:van 8:van +:van 18:van -:van x:van =:van
EXPR: 0 | POS | INT | 0 | 180 | 96 | x=(6*((6-8)+18)) | x 6 6 8 - 18 + * = | x:van 6:van 6:van 8:van -:van 18:van +:van *:van =:van
EXPR: 0 | POS | INT | 0 | 180 | 2 | x=(((6+6)+8)-18) | x 6 6 + 8 + 18 - = | x:van 6:van 6:van +:van 8:van +:van 18:van -:van =:van
EXPR: 0 | POS | INT | 0 | 180 | 26 | x=((6/6)*(8+18)) | x 6 6 / 8 18 + * = | x:van 6:van 6:van /:van 8:van 18:van +:van *:van =:van
EXPR: 0 | POS | INT | 0 | 180 |  | x=((6-6)/(8-18)) | x 6 6 - 8 18 - / = | x:van 6:van 6:van -:van 8:van 18:van -:van /:van =:van
EXPR: 0 | POS | INT | 0 | 180 | 972 | ((6+(6*8))*18)=x | 6 6 8 * + 18 * x = | 6:van 6:van 8:van *:van +:van 18:van *:van x:van =:van
EXPR: 0 | POS | INT | 0 | 180 | 27 | x=((6/6)+(8+18)) | x 6 6 / 8 18 + + = | x:van 6:van 6:van /:van 8:van 18:van +:van +:van =:van
EXPR: 0 | POS | INT | 0 | 180 | 792 | (((6*6)+8)*18)=x | 6 6 * 8 + 18 * x = | 6:van 6:van *:van 8:van +:van 18:van *:van x:van =:van
EXPR: 0 | POS | INT | 0 | 180 | 504 | (((6*6)-8)*18)=x | 6 6 * 8 - 18 * x = | 6:van 6:van *:van 8:van -:van 18:van *:van x:van =:van
EXPR: 0 | POS | INT | 0 | 180 | 22 | x=((6+6)-(8-18)) | x 6 6 + 8 18 - - = | x:van 6:van 6:van +:van 8:van 18:van -:van -:van =:van
EXPR: 0 | POS | INT | 0 | 180 | 192 | x=(6*(6+(8+18))) | x 6 6 8 18 + + * = | x:van 6:van 6:van 8:van 18:van +:van +:van *:van =:van
EXPR: 0 | POS | INT | 0 | 180 | 22 | ((6+6)-(8-18))=x | 6 6 + 8 18 - - x = | 6:van 6:van +:van 8:van 18:van -:van -:van x:van =:van
EXPR: 0 | POS | INT | 0 | 180 | 10 | x=((6-6)-(8-18)) | x 6 6 - 8 18 - - = | x:van 6:van 6:van -:van 8:van 18:van -:van -:van =:van
EXPR: 0 | POS | INT | 0 | 180 |  | x=((6-6)*(8-18)) | x 6 6 - 8 18 - * = | x:van 6:van 6:van -:van 8:van 18:van -:van *:van =:van
EXPR: 0 | POS | INT | 0 | 180 | 360 | ((6+(6+8))*18)=x | 6 6 8 + + 18 * x = | 6:van 6:van 8:van +:van +:van 18:van *:van x:van =:van
EXPR: 0 | POS | INT | 0 | 180 | 11 | x=((6/6)-(8-18)) | x 6 6 / 8 18 - - = | x:van 6:van 6:van /:van 8:van 18:van -:van -:van =:van
EXPR: 0 | POS | INT | 0 | 180 | 26 | x=(((6*6)+8)-18) | x 6 6 * 8 + 18 - = | x:van 6:van 6:van *:van 8:van +:van 18:van -:van =:van
EXPR: 0 | POS | INT | 0 | 180 | 144 | ((6-(6-8))*18)=x | 6 6 8 - - 18 * x = | 6:van 6:van 8:van -:van -:van 18:van *:van x:van =:van
EXPR: 0 | POS | INT | 2 | 180 | 14 | (((6+6)-8)+x)=18 | 6 6 + 8 - x + 18 = | 6:van 6:van +:van 8:van -:van x:van +:van 18:van =:van
EXPR: 0 | POS | INT | 2 | 180 | 38 | (((6+8)+6)+18)=x | 6 8 + 6 + 18 + x = | 6:van 8:van +:van 6:van +:van 18:van +:van x:van =:van
EXPR: 0 | POS | INT | 2 | 180 | 38 | (((6+6)+18)+8)=x | 6 6 + 18 + 8 + x = | 6:van 6:van +:van 18:van +:van 8:van +:van x:van =:van
EXPR: 0 | POS | INT | 2 | 180 | 26 | (6-(6+(8-x)))=18 | 6 6 8 x - + - 18 = | 6:van 6:van 8:van x:van -:van +:van -:van 18:van =:van
EXPR: 0 | POS | INT | 2 | 180 | 26 | (((6-6)-8)+x)=18 | 6 6 - 8 - x + 18 = | 6:van 6:van -:van 8:van -:van x:van +:van 18:van =:van
EXPR: 0 | POS | INT | 2 | 180 | 240 | (((6+6)+18)*8)=x | 6 6 + 18 + 8 * x = | 6:van 6:van +:van 18:van +:van 8:van *:van x:van =:van
EXPR: 0 | POS | INT | 2 | 180 | 144 | (((6+8)-6)*18)=x | 6 8 + 6 - 18 * x = | 6:van 8:van +:van 6:van -:van 18:van *:van x:van =:van
EXPR: 0 | POS | INT | 2 | 180 | 26 | (6-(6-(x-8)))=18 | 6 6 x 8 - - - 18 = | 6:van 6:van x:van 8:van -:van -:van -:van 18:van =:van
EXPR: 0 | POS | INT | 2 | 180 | 10 | (6-(6-(18-8)))=x | 6 6 18 8 - - - x = | 6:van 6:van 18:van 8:van -:van -:van -:van x:van =:van
EXPR: 0 | POS | INT | 2 | 180 | - | (((6-6)/x)+8)=18 | 6 6 - x / 8 + 18 = | 6:van 6:van -:van x:van /:van 8:van +:van 18:van =:van
EXPR: 0 | POS | INT | 2 | 180 | 18 | (((6-6)/8)+x)=18 | 6 6 - 8 / x + 18 = | 6:van 6:van -:van 8:van /:van x:van +:van 18:van =:van
EXPR: 0 | POS | INT | 2 | 180 | 8 | (((6-6)/18)+8)=x | 6 6 - 18 / 8 + x = | 6:van 6:van -:van 18:van /:van 8:van +:van x:van =:van
EXPR: 0 | POS | INT | 2 | 180 | 2 | (((6+6)+8)-x)=18 | 6 6 + 8 + x - 18 = | 6:van 6:van +:van 8:van +:van x:van -:van 18:van =:van
EXPR: 0 | POS | INT | 2 | 180 | 360 | (((6+8)+6)*18)=x | 6 8 + 6 + 18 * x = | 6:van 8:van +:van 6:van +:van 18:van *:van x:van =:van
EXPR: 0 | POS | INT | 2 | 180 | 150 | (((6+x)/6)-8)=18 | 6 x + 6 / 8 - 18 = | 6:van x:van +:van 6:van /:van 8:van -:van 18:van =:van
EXPR: 0 | POS | INT | 2 | 180 | 108 | (((6*6)+x)/8)=18 | 6 6 * x + 8 / 18 = | 6:van 6:van *:van x:van +:van 8:van /:van 18:van =:van
EXPR: 0 | POS | INT | 2 | 180 | 3 | (((6*8)+6)/18)=x | 6 8 * 6 + 18 / x = | 6:van 8:van *:van 6:van +:van 18:van /:van x:van =:van
EXPR: 0 | POS | INT | 2 | 180 | 144 | x=(((6+8)-6)*18) | x 6 8 + 6 - 18 * = | x:van 6:van 8:van +:van 6:van -:van 18:van *:van =:van
EXPR: 0 | POS | INT | 2 | 180 | - | (((6-6)*x)+8)=18 | 6 6 - x * 8 + 18 = | 6:van 6:van -:van x:van *:van 8:van +:van 18:van =:van
EXPR: 0 | POS | INT | 2 | 180 | 18 | (((6-6)*8)+x)=18 | 6 6 - 8 * x + 18 = | 6:van 6:van -:van 8:van *:van x:van +:van 18:van =:van
EXPR: 0 | POS | INT | 2 | 180 | 10 | (((6+x)-6)+8)=18 | 6 x + 6 - 8 + 18 = | 6:van x:van +:van 6:van -:van 8:van +:van 18:van =:van
EXPR: 0 | POS | INT | 2 | 180 | 6 | (((6-8)*6)+18)=x | 6 8 - 6 * 18 + x = | 6:van 8:van -:van 6:van *:van 18:van +:van x:van =:van
EXPR: 0 | POS | INT | 2 | 180 | 8 | (((6-6)*18)+8)=x | 6 6 - 18 * 8 + x = | 6:van 6:van -:van 18:van *:van 8:van +:van x:van =:van
EXPR: 0 | POS | INT | 2 | 180 | 8 | x=(((6-6)*18)+8) | x 6 6 - 18 * 8 + = | x:van 6:van 6:van -:van 18:van *:van 8:van +:van =:van
EXPR: 0 | POS | INT | 2 | 180 | 66 | x=(6+(6*(18-8))) | x 6 6 18 8 - * + = | x:van 6:van 6:van 18:van 8:van -:van *:van +:van =:van
EXPR: 0 | POS | INT | 2 | 180 | 66 | (((6+8)*6)-18)=x | 6 8 + 6 * 18 - x = | 6:van 8:van +:van 6:van *:van 18:van -:van x:van =:van
EXPR: 0 | POS | INT | 2 | 180 | 26 | x=(((6+8)-6)+18) | x 6 8 + 6 - 18 + = | x:van 6:van 8:van +:van 6:van -:van 18:van +:van =:van
EXPR: 0 | POS | INT | 2 | 180 | 2 | x=(((6+6)-18)+8) | x 6 6 + 18 - 8 + = | x:van 6:van 6:van +:van 18:van -:van 8:van +:van =:van
EXPR: 0 | POS | INT | 2 | 180 | 3 | x=(((6*8)+6)/18) | x 6 8 * 6 + 18 / = | x:van 6:van 8:van *:van 6:van +:van 18:van /:van =:van
EXPR: 0 | POS | INT | 2 | 180 | 26 | (((6+8)-6)+18)=x | 6 8 + 6 - 18 + x = | 6:van 8:van +:van 6:van -:van 18:van +:van x:van =:van
EXPR: 0 | POS | INT | 2 | 180 | 72 | (((6-8)+6)*18)=x | 6 8 - 6 + 18 * x = | 6:van 8:van -:van 6:van +:van 18:van *:van x:van =:van
EXPR: 0 | POS | INT | 2 | 180 | 144 | (((6-6)+18)*8)=x | 6 6 - 18 + 8 * x = | 6:van 6:van -:van 18:van +:van 8:van *:van x:van =:van
EXPR: 0 | POS | INT | 2 | 180 | 2 | ((6+(6+8))-x)=18 | 6 6 8 + + x - 18 = | 6:van 6:van 8:van +:van +:van x:van -:van 18:van =:van
EXPR: 0 | POS | INT | 2 | 180 | 22 | ((6+(6+18))-8)=x | 6 6 18 + + 8 - x = | 6:van 6:van 18:van +:van +:van 8:van -:van x:van =:van
EXPR: 0 | POS | INT | 2 | 180 | 336 | ((6+8)*(6+18))=x | 6 8 + 6 18 + * x = | 6:van 8:van +:van 6:van 18:van +:van *:van x:van =:van
EXPR: 0 | POS | INT | 2 | 180 | 2 | (((6+6)-18)+8)=x | 6 6 + 18 - 8 + x = | 6:van 6:van +:van 18:van -:van 8:van +:van x:van =:van
EXPR: 0 | POS | INT | 2 | 180 | 2 | (x*((6/6)+8))=18 | x 6 6 / 8 + * 18 = | x:van 6:van 6:van /:van 8:van +:van *:van 18:van =:van
EXPR: 0 | POS | INT | 2 | 180 | 25 | (x+((6/6)-8))=18 | x 6 6 / 8 - + 18 = | x:van 6:van 6:van /:van 8:van -:van +:van 18:van =:van
EXPR: 0 | POS | INT | 2 | 180 | 26 | (((6*6)-18)+8)=x | 6 6 * 18 - 8 + x = | 6:van 6:van *:van 18:van -:van 8:van +:van x:van =:van
EXPR: 0 | POS | INT | 2 | 180 | 2 | ((6+8)+(6-18))=x | 6 8 + 6 18 - + x = | 6:van 8:van +:van 6:van 18:van -:van +:van x:van =:van
EXPR: 0 | POS | INT | 2 | 180 | 2 | (((6/6)+8)*x)=18 | 6 6 / 8 + x * 18 = | 6:van 6:van /:van 8:van +:van x:van *:van 18:van =:van
EXPR: 0 | POS | INT | 2 | 180 | 78 | (((6+6)*8)-x)=18 | 6 6 + 8 * x - 18 = | 6:van 6:van +:van 8:van *:van x:van -:van 18:van =:van
EXPR: 0 | POS | INT | 2 | 180 | 10 | (((6-8)-6)+18)=x | 6 8 - 6 - 18 + x = | 6:van 8:van -:van 6:van -:van 18:van +:van x:van =:van
EXPR: 0 | POS | INT | 2 | 180 | 208 | (((6+6)*18)-8)=x | 6 6 + 18 * 8 - x = | 6:van 6:van +:van 18:van *:van 8:van -:van x:van =:van
EXPR: 0 | POS | INT | 2 | 180 | 22 | (((6-8)+6)+18)=x | 6 8 - 6 + 18 + x = | 6:van 8:van -:van 6:van +:van 18:van +:van x:van =:van
EXPR: 0 | POS | INT | 2 | 180 | 26 | (((6-6)+18)+8)=x | 6 6 - 18 + 8 + x = | 6:van 6:van -:van 18:van +:van 8:van +:van x:van =:van
EXPR: 0 | POS | INT | 2 | 180 | 60 | (((6*8)-6)+18)=x | 6 8 * 6 - 18 + x = | 6:van 8:van *:van 6:van -:van 18:van +:van x:van =:van
EXPR: 0 | POS | INT | 2 | 180 | 144 | (x/((6-6)+8))=18 | x 6 6 - 8 + / 18 = | x:van 6:van 6:van -:van 8:van +:van /:van 18:van =:van
EXPR: 0 | POS | INT | 2 | 180 | 6 | (6-(6*(x-8)))=18 | 6 6 x 8 - * - 18 = | 6:van 6:van x:van 8:van -:van *:van -:van 18:van =:van
EXPR: 0 | POS | INT | 2 | 180 | 10 | (6-(6*(8-x)))=18 | 6 6 8 x - * - 18 = | 6:van 6:van 8:van x:van -:van *:van -:van 18:van =:van
EXPR: 0 | POS | INT | 2 | 180 | 10 | (((6-6)+18)-8)=x | 6 6 - 18 + 8 - x = | 6:van 6:van -:van 18:van +:van 8:van -:van x:van =:van
EXPR: 0 | POS | INT | 2 | 180 | 96 | x=(6*(6+(18-8))) | x 6 6 18 8 - + * = | x:van 6:van 6:van 18:van 8:van -:van +:van *:van =:van
EXPR: 0 | POS | INT | 2 | 180 | 10 | ((x+6)-(6-8))=18 | x 6 + 6 8 - - 18 = | x:van 6:van +:van 6:van 8:van -:van -:van 18:van =:van
EXPR: 0 | POS | INT | 2 | 180 | 25 | (((6/6)+x)-8)=18 | 6 6 / x + 8 - 18 = | 6:van 6:van /:van x:van +:van 8:van -:van 18:van =:van
EXPR: 0 | POS | INT | 2 | 180 | 24 | x=(((6*8)-6)-18) | x 6 8 * 6 - 18 - = | x:van 6:van 8:van *:van 6:van -:van 18:van -:van =:van
EXPR: 0 | POS | INT | 2 | 180 | 10 | x=(((6*6)-18)-8) | x 6 6 * 18 - 8 - = | x:van 6:van 6:van *:van 18:van -:van 8:van -:van =:van
EXPR: 0 | POS | INT | 2 | 180 | 152 | (((6/6)+18)*8)=x | 6 6 / 18 + 8 * x = | 6:van 6:van /:van 18:van +:van 8:van *:van x:van =:van
EXPR: 0 | POS | INT | 2 | 180 | 14 | (((6+6)+x)-8)=18 | 6 6 + x + 8 - 18 = | 6:van 6:van +:van x:van +:van 8:van -:van 18:van =:van
EXPR: 0 | POS | INT | 2 | 180 | 27 | x=(((6/6)+18)+8) | x 6 6 / 18 + 8 + = | x:van 6:van 6:van /:van 18:van +:van 8:van +:van =:van
EXPR: 0 | POS | INT | 2 | 180 | 8 | x=(((6-6)/18)+8) | x 6 6 - 18 / 8 + = | x:van 6:van 6:van -:van 18:van /:van 8:van +:van =:van
EXPR: 0 | POS | INT | 2 | 180 | 102 | x=(((6+8)*6)+18) | x 6 8 + 6 * 18 + = | x:van 6:van 8:van +:van 6:van *:van 18:van +:van =:van
EXPR: 0 | POS | INT | 2 | 180 | 14 | ((x+6)+(6-8))=18 | x 6 + 6 8 - + 18 = | x:van 6:van +:van 6:van 8:van -:van +:van 18:van =:van
EXPR: 0 | POS | INT | 2 | 180 | 36 | ((6+(6*8))-x)=18 | 6 6 8 * + x - 18 = | 6:van 6:van 8:van *:van +:van x:van -:van 18:van =:van
EXPR: 0 | POS | INT | 2 | 180 | 66 | x=(((6+8)*6)-18) | x 6 8 + 6 * 18 - = | x:van 6:van 8:van +:van 6:van *:van 18:van -:van =:van
EXPR: 0 | POS | INT | 2 | 180 | 208 | x=(((6+6)*18)-8) | x 6 6 + 18 * 8 - = | x:van 6:van 6:van +:van 18:van *:van 8:van -:van =:van
EXPR: 0 | POS | INT | 2 | 180 | 102 | (((6+8)*6)+18)=x | 6 8 + 6 * 18 + x = | 6:van 8:van +:van 6:van *:van 18:van +:van x:van =:van
EXPR: 0 | POS | INT | 2 | 180 | 27 | (((6/6)+18)+8)=x | 6 6 / 18 + 8 + x = | 6:van 6:van /:van 18:van +:van 8:van +:van x:van =:van
EXPR: 0 | POS | INT | 2 | 180 | 42 | x=(6+((8-6)*18)) | x 6 8 6 - 18 * + = | x:van 6:van 8:van 6:van -:van 18:van *:van +:van =:van
EXPR: 0 | POS | INT | 2 | 180 | 360 | x=(((6+8)+6)*18) | x 6 8 + 6 + 18 * = | x:van 6:van 8:van +:van 6:van +:van 18:van *:van =:van
EXPR: 0 | POS | INT | 2 | 180 | 240 | x=(((6+6)+18)*8) | x 6 6 + 18 + 8 * = | x:van 6:van 6:van +:van 18:van +:van 8:van *:van =:van
EXPR: 0 | POS | INT | 2 | 180 | 22 | x=(6+(6+(18-8))) | x 6 6 18 8 - + + = | x:van 6:van 6:van 18:van 8:van -:van +:van +:van =:van
EXPR: 0 | POS | INT | 2 | 180 | 62 | (((6*6)+18)+8)=x | 6 6 * 18 + 8 + x = | 6:van 6:van *:van 18:van +:van 8:van +:van x:van =:van
EXPR: 0 | POS | INT | 2 | 180 | 143 | (((6/6)+x)/8)=18 | 6 6 / x + 8 / 18 = | 6:van 6:van /:van x:van +:van 8:van /:van 18:van =:van
EXPR: 0 | POS | INT | 2 | 180 | 10 | 6=((6/8)*(18-x)) | 6 6 8 / 18 x - * = | 6:van 6:van 8:van /:van 18:van x:van -:van *:van =:van
EXPR: 0 | POS | INT | 2 | 180 | 120 | x=(6*((8-6)+18)) | x 6 8 6 - 18 + * = | x:van 6:van 8:van 6:van -:van 18:van +:van *:van =:van
EXPR: 0 | POS | INT | 2 | 180 | - | (((6-6)*x)-8)=18 | 6 6 - x * 8 - 18 = | 6:van 6:van -:van x:van *:van 8:van -:van 18:van =:van
EXPR: 0 | POS | INT | 2 | 180 | 2 | x=(6+(6-(18-8))) | x 6 6 18 8 - - + = | x:van 6:van 6:van 18:van 8:van -:van -:van +:van =:van
EXPR: 0 | POS | INT | 2 | 180 | 132 | ((6+(8/6))*18)=x | 6 8 6 / + 18 * x = | 6:van 8:van 6:van /:van +:van 18:van *:van x:van =:van
EXPR: 0 | POS | INT | 2 | 180 | 54 | (((6+x)/6)+8)=18 | 6 x + 6 / 8 + 18 = | 6:van x:van +:van 6:van /:van 8:van +:van 18:van =:van
EXPR: 0 | POS | INT | 2 | 180 | 72 | (((6*8)+6)+18)=x | 6 8 * 6 + 18 + x = | 6:van 8:van *:van 6:van +:van 18:van +:van x:van =:van
EXPR: 0 | POS | INT | 2 | 180 | 912 | ((6+(6*18))*8)=x | 6 6 18 * + 8 * x = | 6:van 6:van 18:van *:van +:van 8:van *:van x:van =:van
EXPR: 0 | POS | INT | 2 | 180 | 46 | (((6*6)+18)-8)=x | 6 6 * 18 + 8 - x = | 6:van 6:van *:van 18:van +:van 8:van -:van x:van =:van
EXPR: 0 | POS | INT | 2 | 180 | 96 | x=(6*((6+18)-8)) | x 6 6 18 + 8 - * = | x:van 6:van 6:van 18:van +:van 8:van -:van *:van =:van
EXPR: 0 | POS | INT | 2 | 180 | 972 | (((6*8)+6)*18)=x | 6 8 * 6 + 18 * x = | 6:van 8:van *:van 6:van +:van 18:van *:van x:van =:van
EXPR: 0 | POS | INT | 2 | 180 | 432 | (((6*6)+18)*8)=x | 6 6 * 18 + 8 * x = | 6:van 6:van *:van 18:van +:van 8:van *:van x:van =:van
EXPR: 0 | POS | INT | 2 | 180 | 2 | x=((6+6)-(18-8)) | x 6 6 + 18 8 - - = | x:van 6:van 6:van +:van 18:van 8:van -:van -:van =:van
EXPR: 0 | POS | INT | 2 | 180 | 10 | ((6+x)-(6-8))=18 | 6 x + 6 8 - - 18 = | 6:van x:van +:van 6:van 8:van -:van -:van 18:van =:van
EXPR: 0 | POS | INT | 2 | 180 | 10 | x=((6/6)*(18-8)) | x 6 6 / 18 8 - * = | x:van 6:van 6:van /:van 18:van 8:van -:van *:van =:van
EXPR: 0 | POS | INT | 2 | 180 |  | x=((6-6)/(18-8)) | x 6 6 - 18 8 - / = | x:van 6:van 6:van -:van 18:van 8:van -:van /:van =:van
EXPR: 0 | POS | INT | 2 | 180 | 360 | x=((6*6)*(18-8)) | x 6 6 * 18 8 - * = | x:van 6:van 6:van *:van 18:van 8:van -:van *:van =:van
EXPR: 0 | POS | INT | 2 | 180 | 240 | ((6+(6+18))*8)=x | 6 6 18 + + 8 * x = | 6:van 6:van 18:van +:van +:van 8:van *:van x:van =:van
EXPR: 0 | POS | INT | 2 | 180 | 3 | x=(6-((6+18)/8)) | x 6 6 18 + 8 / - = | x:van 6:van 6:van 18:van +:van 8:van /:van -:van =:van
EXPR: 0 | POS | INT | 2 | 180 | 11 | x=(((6/6)+18)-8) | x 6 6 / 18 + 8 - = | x:van 6:van 6:van /:van 18:van +:van 8:van -:van =:van
EXPR: 0 | POS | INT | 2 | 180 | 36 | x=(((6*8)+6)-18) | x 6 8 * 6 + 18 - = | x:van 6:van 8:van *:van 6:van +:van 18:van -:van =:van
EXPR: 0 | POS | INT | 2 | 180 | 46 | x=(((6*6)+18)-8) | x 6 6 * 18 + 8 - = | x:van 6:van 6:van *:van 18:van +:van 8:van -:van =:van
EXPR: 0 | POS | INT | 3 | 180 | 10 | x=(((6-8)-6)+18) | x 6 8 - 6 - 18 + = | x:van 6:van 8:van -:van 6:van -:van 18:van +:van =:van
EXPR: 0 | POS | INT | 3 | 180 | 224 | x=(((6+6)*18)+8) | x 6 6 + 18 * 8 + = | x:van 6:van 6:van +:van 18:van *:van 8:van +:van =:van
EXPR: 0 | POS | INT | 4 | 180 | 10 | (((6+8)-6)+x)=18 | 6 8 + 6 - x + 18 = | 6:van 8:van +:van 6:van -:van x:van +:van 18:van =:van
EXPR: 0 | POS | INT | 4 | 180 | 14 | (((6+6)-18)+x)=8 | 6 6 + 18 - x + 8 = | 6:van 6:van +:van 18:van -:van x:van +:van 8:van =:van
EXPR: 0 | POS | INT | 4 | 180 | 1152 | 6=((x/8)/(6+18)) | 6 x 8 / 6 18 + / = | 6:van x:van 8:van /:van 6:van 18:van +:van /:van =:van
EXPR: 0 | POS | INT | 4 | 180 | 10 | (((6-6)+x)+8)=18 | 6 6 - x + 8 + 18 = | 6:van 6:van -:van x:van +:van 8:van +:van 18:van =:van
EXPR: 0 | POS | INT | 4 | 180 | 10 | (((6-6)+8)+x)=18 | 6 6 - 8 + x + 18 = | 6:van 6:van -:van 8:van +:van x:van +:van 18:van =:van
EXPR: 0 | POS | INT | 4 | 180 | 10 | 6=((8+x)+(6-18)) | 6 8 x + 6 18 - + = | 6:van 8:van x:van +:van 6:van 18:van -:van +:van =:van
EXPR: 0 | POS | INT | 4 | 180 | 186 | (((6+x)/8)-6)=18 | 6 x + 8 / 6 - 18 = | 6:van x:van +:van 8:van /:van 6:van -:van 18:van =:van
EXPR: 0 | POS | INT | 4 | 180 | 150 | (((6+x)/6)-18)=8 | 6 x + 6 / 18 - 8 = | 6:van x:van +:van 6:van /:van 18:van -:van 8:van =:van
EXPR: 0 | POS | INT | 4 | 180 | 0 | 6=(6+(x*(8-18))) | 6 6 x 8 18 - * + = | 6:van 6:van x:van 8:van 18:van -:van *:van +:van =:van
EXPR: 0 | POS | INT | 4 | 180 | 0 | 6=(6+(x/(8-18))) | 6 6 x 8 18 - / + = | 6:van 6:van x:van 8:van 18:van -:van /:van +:van =:van
EXPR: 0 | POS | INT | 4 | 180 | 144 | 6=(6-(18-(x/8))) | 6 6 18 x 8 / - - = | 6:van 6:van 18:van x:van 8:van /:van -:van -:van =:van
EXPR: 0 | POS | INT | 4 | 180 | 66 | (((6-x)/6)+18)=8 | 6 x - 6 / 18 + 8 = | 6:van x:van -:van 6:van /:van 18:van +:van 8:van =:van
EXPR: 0 | POS | INT | 4 | 180 | 15 | (6-(6/(x-18)))=8 | 6 6 x 18 - / - 8 = | 6:van 6:van x:van 18:van -:van /:van -:van 8:van =:van
EXPR: 0 | POS | INT | 4 | 180 | 14 | (((6+x)-8)+6)=18 | 6 x + 8 - 6 + 18 = | 6:van x:van +:van 8:van -:van 6:van +:van 18:van =:van
EXPR: 0 | POS | INT | 4 | 180 | 14 | 6=(8-(x+(6-18))) | 6 8 x 6 18 - + - = | 6:van 8:van x:van 6:van 18:van -:van +:van -:van =:van
EXPR: 0 | POS | INT | 4 | 180 | 66 | (((6+8)*6)-x)=18 | 6 8 + 6 * x - 18 = | 6:van 8:van +:van 6:van *:van x:van -:van 18:van =:van
EXPR: 0 | POS | INT | 4 | 180 | 208 | (((6+6)*18)-x)=8 | 6 6 + 18 * x - 8 = | 6:van 6:van +:van 18:van *:van x:van -:van 8:van =:van
EXPR: 0 | POS | INT | 4 | 180 | 144 | (x/((6-6)+18))=8 | x 6 6 - 18 + / 8 = | x:van 6:van 6:van -:van 18:van +:van /:van 8:van =:van
EXPR: 0 | POS | INT | 4 | 180 | 72 | (x/((6-8)+6))=18 | x 6 8 - 6 + / 18 = | x:van 6:van 8:van -:van 6:van +:van /:van 18:van =:van
EXPR: 0 | POS | INT | 4 | 180 | 25 | (((6/6)+x)-18)=8 | 6 6 / x + 18 - 8 = | 6:van 6:van /:van x:van +:van 18:van -:van 8:van =:van
EXPR: 0 | POS | INT | 4 | 180 | 10 | (((6+8)+x)-6)=18 | 6 8 + x + 6 - 18 = | 6:van 8:van +:van x:van +:van 6:van -:van 18:van =:van
EXPR: 0 | POS | INT | 4 | 180 | 14 | (((6+6)+x)-18)=8 | 6 6 + x + 18 - 8 = | 6:van 6:van +:van x:van +:van 18:van -:van 8:van =:van
EXPR: 0 | POS | INT | 4 | 180 | 162 | (x/((6/6)+8))=18 | x 6 6 / 8 + / 18 = | x:van 6:van 6:van /:van 8:van +:van /:van 18:van =:van
EXPR: 0 | POS | INT | 4 | 180 | 90 | (((6+x)/8)+6)=18 | 6 x + 8 / 6 + 18 = | 6:van x:van +:van 8:van /:van 6:van +:van 18:van =:van
EXPR: 0 | POS | INT | 5 | 180 | 38 | (((6+8)+18)+6)=x | 6 8 + 18 + 6 + x = | 6:van 8:van +:van 18:van +:van 6:van +:van x:van =:van
EXPR: 0 | POS | INT | 5 | 180 | 144 | (((6+18)-6)*8)=x | 6 18 + 6 - 8 * x = | 6:van 18:van +:van 6:van -:van 8:van *:van x:van =:van
EXPR: 0 | POS | INT | 5 | 180 | 192 | (((6+8)+18)*6)=x | 6 8 + 18 + 6 * x = | 6:van 8:van +:van 18:van +:van 6:van *:van x:van =:van
EXPR: 0 | POS | INT | 5 | 180 | 240 | (((6+18)+6)*8)=x | 6 18 + 6 + 8 * x = | 6:van 18:van +:van 6:van +:van 8:van *:van x:van =:van
EXPR: 0 | POS | INT | 5 | 180 | 11 | (((6*8)+18)/6)=x | 6 8 * 18 + 6 / x = | 6:van 8:van *:van 18:van +:van 6:van /:van x:van =:van
EXPR: 0 | POS | INT | 5 | 180 | 136 | (((6+18)*6)-8)=x | 6 18 + 6 * 8 - x = | 6:van 18:van +:van 6:van *:van 8:van -:van x:van =:van
EXPR: 0 | POS | INT | 5 | 180 | 2 | x=(((6+8)-18)+6) | x 6 8 + 18 - 6 + = | x:van 6:van 8:van +:van 18:van -:van 6:van +:van =:van
EXPR: 0 | POS | INT | 5 | 180 | 11 | x=(((6*8)+18)/6) | x 6 8 * 18 + 6 / = | x:van 6:van 8:van *:van 18:van +:van 6:van /:van =:van
EXPR: 0 | POS | INT | 5 | 180 | 96 | (((6-8)+18)*6)=x | 6 8 - 18 + 6 * x = | 6:van 8:van -:van 18:van +:van 6:van *:van x:van =:van
EXPR: 0 | POS | INT | 5 | 180 | 26 | ((6+(8+18))-6)=x | 6 8 18 + + 6 - x = | 6:van 8:van 18:van +:van +:van 6:van -:van x:van =:van
EXPR: 0 | POS | INT | 5 | 180 | 22 | (((6-8)+18)+6)=x | 6 8 - 18 + 6 + x = | 6:van 8:van -:van 18:van +:van 6:van +:van x:van =:van
EXPR: 0 | POS | INT | 5 | 180 | 5 | x=(((6*8)-18)/6) | x 6 8 * 18 - 6 / = | x:van 6:van 8:van *:van 18:van -:van 6:van /:van =:van
EXPR: 0 | POS | INT | 5 | 180 | 246 | (((6+8)*18)-6)=x | 6 8 + 18 * 6 - x = | 6:van 8:van +:van 18:van *:van 6:van -:van x:van =:van
EXPR: 0 | POS | INT | 5 | 180 | 10 | (((6-8)+18)-6)=x | 6 8 - 18 + 6 - x = | 6:van 8:van -:van 18:van +:van 6:van -:van x:van =:van
EXPR: 0 | POS | INT | 5 | 180 | 24 | x=(((6*8)-18)-6) | x 6 8 * 18 - 6 - = | x:van 6:van 8:van *:van 18:van -:van 6:van -:van =:van
EXPR: 0 | POS | INT | 5 | 180 | 152 | x=(((6+18)*6)+8) | x 6 18 + 6 * 8 + = | x:van 6:van 18:van +:van 6:van *:van 8:van +:van =:van
EXPR: 0 | POS | INT | 5 | 180 | 246 | x=(((6+8)*18)-6) | x 6 8 + 18 * 6 - = | x:van 6:van 8:van +:van 18:van *:van 6:van -:van =:van
EXPR: 0 | POS | INT | 5 | 180 | 192 | x=(((6+8)+18)*6) | x 6 8 + 18 + 6 * = | x:van 6:van 8:van +:van 18:van +:van 6:van *:van =:van
EXPR: 0 | POS | INT | 5 | 180 | 10 | ((6-(8-18))-6)=x | 6 8 18 - - 6 - x = | 6:van 8:van 18:van -:van -:van 6:van -:van x:van =:van
EXPR: 0 | POS | INT | 5 | 180 | 36 | (((6*8)-18)+6)=x | 6 8 * 18 - 6 + x = | 6:van 8:van *:van 18:van -:van 6:van +:van x:van =:van
EXPR: 0 | POS | INT | 5 | 180 | 6 | x=(((6-18)/6)+8) | x 6 18 - 6 / 8 + = | x:van 6:van 18:van -:van 6:van /:van 8:van +:van =:van
EXPR: 0 | POS | INT | 5 | 180 | 5 | (((6*8)-18)/6)=x | 6 8 * 18 - 6 / x = | 6:van 8:van *:van 18:van -:van 6:van /:van x:van =:van
EXPR: 0 | POS | INT | 5 | 180 | 10 | (6-(8-(18-6)))=x | 6 8 18 6 - - - x = | 6:van 8:van 18:van 6:van -:van -:van -:van x:van =:van
EXPR: 0 | POS | INT | 5 | 180 | 900 | ((6+(8*18))*6)=x | 6 8 18 * + 6 * x = | 6:van 8:van 18:van *:van +:van 6:van *:van x:van =:van
EXPR: 0 | POS | INT | 5 | 180 | 120 | x=(6*((8+18)-6)) | x 6 8 18 + 6 - * = | x:van 6:van 8:van 18:van +:van 6:van -:van *:van =:van
EXPR: 0 | POS | INT | 5 | 180 | 396 | (((6*8)+18)*6)=x | 6 8 * 18 + 6 * x = | 6:van 8:van *:van 18:van +:van 6:van *:van x:van =:van
EXPR: 0 | POS | INT | 5 | 180 | 9 | x=((6/8)*(18-6)) | x 6 8 / 18 6 - * = | x:van 6:van 8:van /:van 18:van 6:van -:van *:van =:van
EXPR: 0 | POS | INT | 5 | 180 | 192 | ((6+(8+18))*6)=x | 6 8 18 + + 6 * x = | 6:van 8:van 18:van +:van +:van 6:van *:van x:van =:van
EXPR: 0 | POS | INT | 5 | 180 | 60 | x=(((6*8)+18)-6) | x 6 8 * 18 + 6 - = | x:van 6:van 8:van *:van 18:van +:van 6:van -:van =:van
EXPR: 0 | POS | INT | 6 | 180 | 0 | 6=(6+(x*(18-8))) | 6 6 x 18 8 - * + = | 6:van 6:van x:van 18:van 8:van -:van *:van +:van =:van
EXPR: 0 | POS | INT | 6 | 180 | 258 | x=(((6+8)*18)+6) | x 6 8 + 18 * 6 + = | x:van 6:van 8:van +:van 18:van *:van 6:van +:van =:van
EXPR: 0 | POS | INT | 7 | 180 | 10 | (((6+8)-18)+x)=6 | 6 8 + 18 - x + 6 = | 6:van 8:van +:van 18:van -:van x:van +:van 6:van =:van
EXPR: 0 | POS | INT | 7 | 180 | 1512 | 6=((x/18)/(6+8)) | 6 x 18 / 6 8 + / = | 6:van x:van 18:van /:van 6:van 8:van +:van /:van =:van
EXPR: 0 | POS | INT | 7 | 180 | 150 | ((x+6)/(8+18))=6 | x 6 + 8 18 + / 6 = | x:van 6:van +:van 8:van 18:van +:van /:van 6:van =:van
EXPR: 0 | POS | INT | 7 | 180 | 186 | (((6+x)/8)-18)=6 | 6 x + 8 / 18 - 6 = | 6:van x:van +:van 8:van /:van 18:van -:van 6:van =:van
EXPR: 0 | POS | INT | 7 | 180 | 10 | (6-(8-(18-x)))=6 | 6 8 18 x - - - 6 = | 6:van 8:van 18:van x:van -:van -:van -:van 6:van =:van
EXPR: 0 | POS | INT | 7 | 180 | 102 | (((6-x)/8)+18)=6 | 6 x - 8 / 18 + 6 = | 6:van x:van -:van 8:van /:van 18:van +:van 6:van =:van
EXPR: 0 | POS | INT | 7 | 180 | - | (6-(8/(18-x)))=6 | 6 8 18 x - / - 6 = | 6:van 8:van 18:van x:van -:van /:van -:van 6:van =:van
EXPR: 0 | POS | INT | 7 | 180 | 26 | 8=(((6+x)-6)-18) | 8 6 x + 6 - 18 - = | 8:van 6:van x:van +:van 6:van -:van 18:van -:van =:van
EXPR: 0 | POS | INT | 7 | 180 | 246 | (((6+8)*18)-x)=6 | 6 8 + 18 * x - 6 = | 6:van 8:van +:van 18:van *:van x:van -:van 6:van =:van
EXPR: 0 | POS | INT | 7 | 180 | 10 | (((6+8)+x)-18)=6 | 6 8 + x + 18 - 6 = | 6:van 8:van +:van x:van +:van 18:van -:van 6:van =:van
EXPR: 0 | POS | INT | 7 | 180 | 26 | 8=((6/6)*(x-18)) | 8 6 6 / x 18 - * = | 8:van 6:van 6:van /:van x:van 18:van -:van *:van =:van
EXPR: 0 | POS | INT | 7 | 180 | 132 | (x/((8/6)+6))=18 | x 8 6 / 6 + / 18 = | x:van 8:van 6:van /:van 6:van +:van /:van 18:van =:van
EXPR: 0 | POS | INT | 7 | 180 | 3 | ((6+x)*(8-6))=18 | 6 x + 8 6 - * 18 = | 6:van x:van +:van 8:van 6:van -:van *:van 18:van =:van
EXPR: 0 | POS | INT | 7 | 180 | 10 | ((6+x)+(8-6))=18 | 6 x + 8 6 - + 18 = | 6:van x:van +:van 8:van 6:van -:van +:van 18:van =:van
EXPR: 0 | POS | INT | 8 | 180 | 80 | x=(8+(6*(18-6))) | x 8 6 18 6 - * + = | x:van 8:van 6:van 18:van 6:van -:van *:van +:van =:van
EXPR: 0 | POS | INT | 8 | 180 | 26 | x=(((6+18)-6)+8) | x 6 18 + 6 - 8 + = | x:van 6:van 18:van +:van 6:van -:van 8:van +:van =:van
EXPR: 0 | POS | INT | 8 | 180 | 11 | x=(6-((18/6)-8)) | x 6 18 6 / 8 - - = | x:van 6:van 18:van 6:van /:van 8:van -:van -:van =:van
EXPR: 0 | POS | INT | 8 | 180 | 26 | x=(8+(6+(18-6))) | x 8 6 18 6 - + + = | x:van 8:van 6:van 18:van 6:van -:van +:van +:van =:van
EXPR: 0 | POS | INT | 8 | 180 | 17 | x=(8+(6+(18/6))) | x 8 6 18 6 / + + = | x:van 8:van 6:van 18:van 6:van /:van +:van +:van =:van
EXPR: 0 | POS | INT | 8 | 180 | 10 | x=(((6+18)-6)-8) | x 6 18 + 6 - 8 - = | x:van 6:van 18:van +:van 6:van -:van 8:van -:van =:van
EXPR: 0 | POS | INT | 9 | 180 | 120 | 6=(x/(18+(8-6))) | 6 x 18 8 6 - + / = | 6:van x:van 18:van 8:van 6:van -:van +:van /:van =:van
EXPR: 0 | POS | INT | 9 | 180 | 10 | (6+(18-(x+8)))=6 | 6 18 x 8 + - + 6 = | 6:van 18:van x:van 8:van +:van -:van +:van 6:van =:van
EXPR: 0 | POS | INT | 9 | 180 | 72 | x=(18*(6+(6-8))) | x 18 6 6 8 - + * = | x:van 18:van 6:van 6:van 8:van -:van +:van *:van =:van
EXPR: 0 | POS | INT | 9 | 180 | 258 | (((6+8)*18)+6)=x | 6 8 + 18 * 6 + x = | 6:van 8:van +:van 18:van *:van 6:van +:van x:van =:van
EXPR: 0 | POS | INT | 9 | 180 | 576 | x=((6*8)*(18-6)) | x 6 8 * 18 6 - * = | x:van 6:van 8:van *:van 18:van 6:van -:van *:van =:van
EXPR: 0 | POS | INT | 9 | 180 | 22 | x=(((6-8)+18)+6) | x 6 8 - 18 + 6 + = | x:van 6:van 8:van -:van 18:van +:van 6:van +:van =:van
EXPR: 0 | POS | INT | 9 | 180 | 2 | x=((6+8)-(18-6)) | x 6 8 + 18 6 - - = | x:van 6:van 8:van +:van 18:van 6:van -:van -:van =:van
EXPR: 0 | POS | INT | 10 | 180 | 6 | 6=((18/6)*(8-x)) | 6 18 6 / 8 x - * = | 6:van 18:van 6:van /:van 8:van x:van -:van *:van =:van
EXPR: 0 | POS | INT | 10 | 180 | 18 | 8=((6/18)*(x+6)) | 8 6 18 / x 6 + * = | 8:van 6:van 18:van /:van x:van 6:van +:van *:van =:van
EXPR: 0 | POS | INT | 11 | 180 | 18 | 18=(((6-6)*8)+x) | 18 6 6 - 8 * x + = | 18:van 6:van 6:van -:van 8:van *:van x:van +:van =:van
EXPR: 0 | POS | INT | 11 | 180 | 26 | 18=(((6+x)-6)-8) | 18 6 x + 6 - 8 - = | 18:van 6:van x:van +:van 6:van -:van 8:van -:van =:van
EXPR: 0 | POS | INT | 11 | 180 | 186 | (((6+18)*8)-6)=x | 6 18 + 8 * 6 - x = | 6:van 18:van +:van 8:van *:van 6:van -:van x:van =:van
EXPR: 0 | POS | INT | 11 | 180 | 72 | 18=(x/(6+(6-8))) | 18 x 6 6 8 - + / = | 18:van x:van 6:van 6:van 8:van -:van +:van /:van =:van
EXPR: 0 | POS | INT | 11 | 180 | 198 | (((6+18)*8)+6)=x | 6 18 + 8 * 6 + x = | 6:van 18:van +:van 8:van *:van 6:van +:van x:van =:van
EXPR: 0 | POS | INT | 11 | 180 | 22 | 6=(8-(18+(6-x))) | 6 8 18 6 x - + - = | 6:van 8:van 18:van 6:van x:van -:van +:van -:van =:van
EXPR: 0 | POS | INT | 11 | 180 | 216 | x=((6*18)*(8-6)) | x 6 18 * 8 6 - * = | x:van 6:van 18:van *:van 8:van 6:van -:van *:van =:van
EXPR: 0 | POS | INT | 11 | 180 | 72 | (x/((18/6)+6))=8 | x 18 6 / 6 + / 8 = | x:van 18:van 6:van /:van 6:van +:van /:van 8:van =:van
EXPR: 0 | POS | INT | 11 | 180 | 6 | x=((18/6)*(8-6)) | x 18 6 / 8 6 - * = | x:van 18:van 6:van /:van 8:van 6:van -:van *:van =:van
EXPR: 0 | POS | INT | 11 | 180 | 6 | ((18/6)*(8-6))=x | 18 6 / 8 6 - * x = | 18:van 6:van /:van 8:van 6:van -:van *:van x:van =:van
EXPR: 0 | POS | INT | 11 | 180 | 5 | ((18/6)+(8-6))=x | 18 6 / 8 6 - + x = | 18:van 6:van /:van 8:van 6:van -:van +:van x:van =:van
EXPR: 0 | POS | INT | 11 | 180 | 26 | 18=(((6-6)-8)+x) | 18 6 6 - 8 - x + = | 18:van 6:van 6:van -:van 8:van -:van x:van +:van =:van
EXPR: 0 | POS | INT | 11 | 180 | 14 | 6=(8+(18-(6+x))) | 6 8 18 6 x + - + = | 6:van 8:van 18:van 6:van x:van +:van -:van +:van =:van
EXPR: 0 | POS | INT | 11 | 180 | 10 | 18=(x+(6-(6-8))) | 18 x 6 6 8 - - + = | 18:van x:van 6:van 6:van 8:van -:van -:van +:van =:van
EXPR: 0 | POS | INT | 11 | 180 | 2 | 18=(((6+6)+8)-x) | 18 6 6 + 8 + x - = | 18:van 6:van 6:van +:van 8:van +:van x:van -:van =:van
EXPR: 0 | POS | INT | 11 | 180 | 2 | x=(((6-18)+8)+6) | x 6 18 - 8 + 6 + = | x:van 6:van 18:van -:van 8:van +:van 6:van +:van =:van
EXPR: 0 | POS | INT | 11 | 180 | 6 | 18=(x-(6*(6-8))) | 18 x 6 6 8 - * - = | 18:van x:van 6:van 6:van 8:van -:van *:van -:van =:van
EXPR: 0 | POS | INT | 11 | 180 | 106 | (((6*18)-8)+6)=x | 6 18 * 8 - 6 + x = | 6:van 18:van *:van 8:van -:van 6:van +:van x:van =:van
EXPR: 0 | POS | INT | 11 | 180 | 30 | 18=(x+(6*(6-8))) | 18 x 6 6 8 - * + = | 18:van x:van 6:van 6:van 8:van -:van *:van +:van =:van
EXPR: 0 | POS | INT | 12 | 180 | 26 | (x+6)=((6+8)+18) | x 6 + 6 8 + 18 + = | x:van 6:van +:van 6:van 8:van +:van 18:van +:van =:van
EXPR: 0 | POS | INT | 12 | 180 | 26 | x=(((8+18)-6)+6) | x 8 18 + 6 - 6 + = | x:van 8:van 18:van +:van 6:van -:van 6:van +:van =:van
EXPR: 0 | POS | INT | 12 | 180 | 14 | x=(((8+18)-6)-6) | x 8 18 + 6 - 6 - = | x:van 8:van 18:van +:van 6:van -:van 6:van -:van =:van
EXPR: 0 | POS | INT | 13 | 180 | 136 | ((x+8)/(6+18))=6 | x 8 + 6 18 + / 6 = | x:van 8:van +:van 6:van 18:van +:van /:van 6:van =:van
EXPR: 0 | POS | INT | 13 | 180 | 22 | ((8+x)-(6+18))=6 | 8 x + 6 18 + - 6 = | 8:van x:van +:van 6:van 18:van +:van -:van 6:van =:van
EXPR: 0 | POS | INT | 13 | 180 | 10 | 18=(((6+8)-6)+x) | 18 6 8 + 6 - x + = | 18:van 6:van 8:van +:van 6:van -:van x:van +:van =:van
EXPR: 0 | POS | INT | 13 | 180 | 26 | 6=(18+(8+(6-x))) | 6 18 8 6 x - + + = | 6:van 18:van 8:van 6:van x:van -:van +:van +:van =:van
EXPR: 0 | POS | INT | 13 | 180 | 2 | 18=(((6+8)+6)-x) | 18 6 8 + 6 + x - = | 18:van 6:van 8:van +:van 6:van +:van x:van -:van =:van
EXPR: 0 | POS | INT | 13 | 180 | 2 | 18=((6+8)-(x-6)) | 18 6 8 + x 6 - - = | 18:van 6:van 8:van +:van x:van 6:van -:van -:van =:van
EXPR: 0 | POS | INT | 14 | 180 | 14 | (6+6)=(18+(8-x)) | 6 6 + 18 8 x - + = | 6:van 6:van +:van 18:van 8:van x:van -:van +:van =:van
EXPR: 0 | POS | INT | 14 | 180 | 6 | 8=(((18-x)/6)+6) | 8 18 x - 6 / 6 + = | 8:van 18:van x:van -:van 6:van /:van 6:van +:van =:van
EXPR: 0 | POS | INT | 14 | 180 | 26 | (x+6)=((6+18)+8) | x 6 + 6 18 + 8 + = | x:van 6:van +:van 6:van 18:van +:van 8:van +:van =:van
EXPR: 0 | POS | INT | 14 | 180 | 10 | 8=(18-(6-(6-x))) | 8 18 6 6 x - - - = | 8:van 18:van 6:van 6:van x:van -:van -:van -:van =:van
EXPR: 0 | POS | INT | 16 | 180 | 144 | 8=(x/(18+(6-6))) | 8 x 18 6 6 - + / = | 8:van x:van 18:van 6:van 6:van -:van +:van /:van =:van
EXPR: 0 | POS | INT | 16 | 180 | 3 | 18=(((6*8)+6)/x) | 18 6 8 * 6 + x / = | 18:van 6:van 8:van *:van 6:van +:van x:van /:van =:van
EXPR: 0 | POS | INT | 16 | 180 | 10 | (18-((8+x)-6))=6 | 18 8 x + 6 - - 6 = | 18:van 8:van x:van +:van 6:van -:van -:van 6:van =:van
EXPR: 0 | POS | INT | 17 | 180 | 10 | (6+8)=(18+(6-x)) | 6 8 + 18 6 x - + = | 6:van 8:van +:van 18:van 6:van x:van -:van +:van =:van
NET 280 unique, non-negative, integer-valued solutions found out of 970 total solutions
