parameters: n=9 l=4 k=1 p=5 q=1 m=10
TOTAL 940 solutions found
SOLN: CORRECT | POS/NEG | INT/FRA | OBJ-SCORE | TRUE-ANS | ANS | INFIX | POSTFIX | TYPED-POSTFIX
EXPR: 0 | POS | INT | 0 | 50 | 132 | x=((91.0+24.0)+(6.0+11.0)) | x 91.0 24.0 + 6.0 11.0 + + = | x:money 91.0:money 24.0:money +:money 6.0:money 11.0:money +:money +:money =:money
EXPR: 0 | POS | INT | 0 | 50 | 37128 | x=((91.0*24.0)*(6.0+11.0)) | x 91.0 24.0 * 6.0 11.0 + * = | x:money 91.0:money 24.0:money *:money 6.0:money 11.0:money +:money *:money =:money
EXPR: 0 | POS | INT | 0 | 50 | 198 | (((91.0*24.0)-6.0)/11.0)=x | 91.0 24.0 * 6.0 - 11.0 / x = | 91.0:money 24.0:money *:money 6.0:money -:money 11.0:money /:money x:money =:money
EXPR: 0 | POS | INT | 0 | 50 | 2201 | x=((91.0*24.0)+(6.0+11.0)) | x 91.0 24.0 * 6.0 11.0 + + = | x:money 91.0:money 24.0:money *:money 6.0:money 11.0:money +:money +:money =:money
EXPR: 0 | POS | INT | 0 | 50 | 803 | (((91.0-24.0)+6.0)*11.0)=x | 91.0 24.0 - 6.0 + 11.0 * x = | 91.0:money 24.0:money -:money 6.0:money +:money 11.0:money *:money x:money =:money
EXPR: 0 | POS | INT | 0 | 50 | 1199 | (((91.0+24.0)-6.0)*11.0)=x | 91.0 24.0 + 6.0 - 11.0 * x = | 91.0:money 24.0:money +:money 6.0:money -:money 11.0:money *:money x:money =:money
EXPR: 0 | POS | INT | 0 | 50 | 2179 | x=((91.0*24.0)+(6.0-11.0)) | x 91.0 24.0 * 6.0 11.0 - + = | x:money 91.0:money 24.0:money *:money 6.0:money 11.0:money -:money +:money =:money
EXPR: 0 | POS | INT | 0 | 50 | 14105 | x=(91.0*((24.0*6.0)+11.0)) | x 91.0 24.0 6.0 * 11.0 + * = | x:money 91.0:money 24.0:money 6.0:money *:money 11.0:money +:money *:money =:money
EXPR: 0 | POS | INT | 0 | 50 | 24090 | (((91.0*24.0)+6.0)*11.0)=x | 91.0 24.0 * 6.0 + 11.0 * x = | 91.0:money 24.0:money *:money 6.0:money +:money 11.0:money *:money x:money =:money
EXPR: 0 | POS | INT | 0 | 50 | 23958 | (((91.0*24.0)-6.0)*11.0)=x | 91.0 24.0 * 6.0 - 11.0 * x = | 91.0:money 24.0:money *:money 6.0:money -:money 11.0:money *:money x:money =:money
EXPR: 0 | POS | INT | 0 | 50 | 2250 | x=((91.0*24.0)+(6.0*11.0)) | x 91.0 24.0 * 6.0 11.0 * + = | x:money 91.0:money 24.0:money *:money 6.0:money 11.0:money *:money +:money =:money
EXPR: 0 | POS | INT | 0 | 50 | 110 | (((91.0+24.0)+6.0)-11.0)=x | 91.0 24.0 + 6.0 + 11.0 - x = | 91.0:money 24.0:money +:money 6.0:money +:money 11.0:money -:money x:money =:money
EXPR: 1 | POS | INT | 0 | 50 | 50 | x=(91.0-((24.0+6.0)+11.0)) | x 91.0 24.0 6.0 + 11.0 + - = | x:money 91.0:money 24.0:money 6.0:money +:money 11.0:money +:money -:money =:money
EXPR: 0 | POS | INT | 0 | 50 | 1331 | (((91.0+24.0)+6.0)*11.0)=x | 91.0 24.0 + 6.0 + 11.0 * x = | 91.0:money 24.0:money +:money 6.0:money +:money 11.0:money *:money x:money =:money
EXPR: 0 | POS | INT | 0 | 50 | 2741 | ((91.0*(24.0+6.0))+11.0)=x | 91.0 24.0 6.0 + * 11.0 + x = | 91.0:money 24.0:money 6.0:money +:money *:money 11.0:money +:money x:money =:money
EXPR: 0 | POS | INT | 0 | 50 | 246 | x=(91.0+((24.0*6.0)+11.0)) | x 91.0 24.0 6.0 * 11.0 + + = | x:money 91.0:money 24.0:money 6.0:money *:money 11.0:money +:money +:money =:money
EXPR: 0 | POS | INT | 0 | 50 | 11 | (((91.0+24.0)+6.0)/11.0)=x | 91.0 24.0 + 6.0 + 11.0 / x = | 91.0:money 24.0:money +:money 6.0:money +:money 11.0:money /:money x:money =:money
EXPR: 0 | POS | INT | 0 | 50 | 12103 | x=(91.0*((24.0*6.0)-11.0)) | x 91.0 24.0 6.0 * 11.0 - * = | x:money 91.0:money 24.0:money 6.0:money *:money 11.0:money -:money *:money =:money
EXPR: 0 | POS | INT | 0 | 50 | 62 | x=(91.0-((24.0-6.0)+11.0)) | x 91.0 24.0 6.0 - 11.0 + - = | x:money 91.0:money 24.0:money 6.0:money -:money 11.0:money +:money -:money =:money
EXPR: 0 | POS | INT | 0 | 50 | 132 | ((91.0+24.0)+(6.0+11.0))=x | 91.0 24.0 + 6.0 11.0 + + x = | 91.0:money 24.0:money +:money 6.0:money 11.0:money +:money +:money x:money =:money
EXPR: 0 | POS | INT | 0 | 50 | 1649 | ((91.0*(24.0-6.0))+11.0)=x | 91.0 24.0 6.0 - * 11.0 + x = | 91.0:money 24.0:money 6.0:money -:money *:money 11.0:money +:money x:money =:money
EXPR: 0 | POS | INT | 0 | 50 | 2719 | ((91.0*(24.0+6.0))-11.0)=x | 91.0 24.0 6.0 + * 11.0 - x = | 91.0:money 24.0:money 6.0:money +:money *:money 11.0:money -:money x:money =:money
EXPR: 1 | POS | INT | 0 | 50 | 50 | (91.0-((24.0+6.0)+11.0))=x | 91.0 24.0 6.0 + 11.0 + - x = | 91.0:money 24.0:money 6.0:money +:money 11.0:money +:money -:money x:money =:money
EXPR: 0 | POS | INT | 0 | 50 | 120 | (91.0+(24.0-(6.0-11.0)))=x | 91.0 24.0 6.0 11.0 - - + x = | 91.0:money 24.0:money 6.0:money 11.0:money -:money -:money +:money x:money =:money
EXPR: 0 | POS | INT | 0 | 50 | 132 | (((91.0+24.0)+6.0)+11.0)=x | 91.0 24.0 + 6.0 + 11.0 + x = | 91.0:money 24.0:money +:money 6.0:money +:money 11.0:money +:money x:money =:money
EXPR: 0 | POS | INT | 0 | 50 | 98 | (91.0+(24.0-(6.0+11.0)))=x | 91.0 24.0 6.0 11.0 + - + x = | 91.0:money 24.0:money 6.0:money 11.0:money +:money -:money +:money x:money =:money
EXPR: 0 | POS | INT | 0 | 50 | 132 | (91.0+(24.0+(6.0+11.0)))=x | 91.0 24.0 6.0 11.0 + + + x = | 91.0:money 24.0:money 6.0:money 11.0:money +:money +:money +:money x:money =:money
EXPR: 0 | POS | INT | 0 | 50 | 106 | ((91.0+(24.0/6.0))+11.0)=x | 91.0 24.0 6.0 / + 11.0 + x = | 91.0:money 24.0:money 6.0:money /:money +:money 11.0:money +:money x:money =:money
EXPR: 0 | POS | INT | 0 | 50 | 1199 | ((91.0+(24.0-6.0))*11.0)=x | 91.0 24.0 6.0 - + 11.0 * x = | 91.0:money 24.0:money 6.0:money -:money +:money 11.0:money *:money x:money =:money
EXPR: 0 | POS | INT | 0 | 50 | 84 | (91.0-(24.0-(6.0+11.0)))=x | 91.0 24.0 6.0 11.0 + - - x = | 91.0:money 24.0:money 6.0:money 11.0:money +:money -:money -:money x:money =:money
EXPR: 0 | POS | INT | 0 | 50 | 1045 | ((91.0+(24.0/6.0))*11.0)=x | 91.0 24.0 6.0 / + 11.0 * x = | 91.0:money 24.0:money 6.0:money /:money +:money 11.0:money *:money x:money =:money
EXPR: 0 | POS | INT | 0 | 50 | 637 | (91.0*(24.0-(6.0+11.0)))=x | 91.0 24.0 6.0 11.0 + - * x = | 91.0:money 24.0:money 6.0:money 11.0:money +:money -:money *:money x:money =:money
EXPR: 0 | POS | INT | 0 | 50 | 1365 | x=(91.0*((24.0/6.0)+11.0)) | x 91.0 24.0 6.0 / 11.0 + * = | x:money 91.0:money 24.0:money 6.0:money /:money 11.0:money +:money *:money =:money
EXPR: 0 | POS | INT | 0 | 50 | 84 | x=(91.0-((24.0-6.0)-11.0)) | x 91.0 24.0 6.0 - 11.0 - - = | x:money 91.0:money 24.0:money 6.0:money -:money 11.0:money -:money -:money =:money
EXPR: 0 | POS | INT | 0 | 50 | 1627 | ((91.0*(24.0-6.0))-11.0)=x | 91.0 24.0 6.0 - * 11.0 - x = | 91.0:money 24.0:money 6.0:money -:money *:money 11.0:money -:money x:money =:money
EXPR: 0 | POS | INT | 0 | 50 | 37128 | ((91.0*24.0)*(6.0+11.0))=x | 91.0 24.0 * 6.0 11.0 + * x = | 91.0:money 24.0:money *:money 6.0:money 11.0:money +:money *:money x:money =:money
EXPR: 0 | POS | INT | 0 | 50 | 72 | x=(91.0-((24.0+6.0)-11.0)) | x 91.0 24.0 6.0 + 11.0 - - = | x:money 91.0:money 24.0:money 6.0:money +:money 11.0:money -:money -:money =:money
EXPR: 0 | POS | INT | 0 | 50 | 671 | (((91.0-24.0)-6.0)*11.0)=x | 91.0 24.0 - 6.0 - 11.0 * x = | 91.0:money 24.0:money -:money 6.0:money -:money 11.0:money *:money x:money =:money
EXPR: 0 | POS | INT | 0 | 50 | 110 | (91.0+(24.0+(6.0-11.0)))=x | 91.0 24.0 6.0 11.0 - + + x = | 91.0:money 24.0:money 6.0:money 11.0:money -:money +:money +:money x:money =:money
EXPR: 0 | POS | INT | 0 | 50 | 3731 | (91.0*(24.0+(6.0+11.0)))=x | 91.0 24.0 6.0 11.0 + + * x = | 91.0:money 24.0:money 6.0:money 11.0:money +:money +:money *:money x:money =:money
EXPR: 0 | POS | INT | 0 | 50 | 72 | (91.0-(24.0+(6.0-11.0)))=x | 91.0 24.0 6.0 11.0 - + - x = | 91.0:money 24.0:money 6.0:money 11.0:money -:money +:money -:money x:money =:money
EXPR: 0 | POS | INT | 0 | 50 | 2167 | x=((91.0*24.0)-(6.0+11.0)) | x 91.0 24.0 * 6.0 11.0 + - = | x:money 91.0:money 24.0:money *:money 6.0:money 11.0:money +:money -:money =:money
EXPR: 0 | POS | INT | 0 | 50 | 2639 | (91.0*(24.0-(6.0-11.0)))=x | 91.0 24.0 6.0 11.0 - - * x = | 91.0:money 24.0:money 6.0:money 11.0:money -:money -:money *:money x:money =:money
EXPR: 0 | POS | INT | 0 | 50 | 98 | ((91.0+(24.0-6.0))-11.0)=x | 91.0 24.0 6.0 - + 11.0 - x = | 91.0:money 24.0:money 6.0:money -:money +:money 11.0:money -:money x:money =:money
EXPR: 0 | POS | INT | 0 | 50 | 224 | x=(91.0+((24.0*6.0)-11.0)) | x 91.0 24.0 6.0 * 11.0 - + = | x:money 91.0:money 24.0:money 6.0:money *:money 11.0:money -:money +:money =:money
EXPR: 0 | POS | INT | 0 | 50 | 110 | x=(91.0+((24.0+6.0)-11.0)) | x 91.0 24.0 6.0 + 11.0 - + = | x:money 91.0:money 24.0:money 6.0:money +:money 11.0:money -:money +:money =:money
EXPR: 0 | POS | INT | 0 | 50 | 120 | ((91.0+(24.0-6.0))+11.0)=x | 91.0 24.0 6.0 - + 11.0 + x = | 91.0:money 24.0:money 6.0:money -:money +:money 11.0:money +:money x:money =:money
EXPR: 0 | POS | INT | 0 | 50 | 62 | ((91.0-24.0)+(6.0-11.0))=x | 91.0 24.0 - 6.0 11.0 - + x = | 91.0:money 24.0:money -:money 6.0:money 11.0:money -:money +:money x:money =:money
EXPR: 0 | POS | INT | 0 | 50 | 2189 | x=((91.0*24.0)-(6.0-11.0)) | x 91.0 24.0 * 6.0 11.0 - - = | x:money 91.0:money 24.0:money *:money 6.0:money 11.0:money -:money -:money =:money
EXPR: 1 | POS | INT | 0 | 50 | 50 | (((91.0-24.0)-6.0)-11.0)=x | 91.0 24.0 - 6.0 - 11.0 - x = | 91.0:money 24.0:money -:money 6.0:money -:money 11.0:money -:money x:money =:money
EXPR: 0 | POS | INT | 0 | 50 | 3731 | x=(91.0*((24.0+6.0)+11.0)) | x 91.0 24.0 6.0 + 11.0 + * = | x:money 91.0:money 24.0:money 6.0:money +:money 11.0:money +:money *:money =:money
EXPR: 0 | POS | INT | 0 | 50 | 110 | ((91.0+(24.0+6.0))-11.0)=x | 91.0 24.0 6.0 + + 11.0 - x = | 91.0:money 24.0:money 6.0:money +:money +:money 11.0:money -:money x:money =:money
EXPR: 0 | POS | INT | 0 | 50 | 1729 | (91.0*(24.0+(6.0-11.0)))=x | 91.0 24.0 6.0 11.0 - + * x = | 91.0:money 24.0:money 6.0:money 11.0:money -:money +:money *:money x:money =:money
EXPR: 0 | POS | INT | 0 | 50 | 1729 | x=(91.0*((24.0+6.0)-11.0)) | x 91.0 24.0 6.0 + 11.0 - * = | x:money 91.0:money 24.0:money 6.0:money +:money 11.0:money -:money *:money =:money
EXPR: 0 | POS | INT | 0 | 50 | 84 | ((91.0-24.0)+(6.0+11.0))=x | 91.0 24.0 - 6.0 11.0 + + x = | 91.0:money 24.0:money -:money 6.0:money 11.0:money +:money +:money x:money =:money
EXPR: 0 | POS | INT | 0 | 50 | 120 | (((91.0+24.0)-6.0)+11.0)=x | 91.0 24.0 + 6.0 - 11.0 + x = | 91.0:money 24.0:money +:money 6.0:money -:money 11.0:money +:money x:money =:money
EXPR: 0 | POS | INT | 0 | 50 | 13 | (91.0/((24.0-6.0)-11.0))=x | 91.0 24.0 6.0 - 11.0 - / x = | 91.0:money 24.0:money 6.0:money -:money 11.0:money -:money /:money x:money =:money
EXPR: 0 | POS | INT | 0 | 50 | 132 | ((91.0+(24.0+6.0))+11.0)=x | 91.0 24.0 6.0 + + 11.0 + x = | 91.0:money 24.0:money 6.0:money +:money +:money 11.0:money +:money x:money =:money
EXPR: 0 | POS | INT | 0 | 50 | 98 | (91.0+((24.0-6.0)-11.0))=x | 91.0 24.0 6.0 - 11.0 - + x = | 91.0:money 24.0:money 6.0:money -:money 11.0:money -:money +:money x:money =:money
EXPR: 0 | POS | INT | 0 | 50 | 421 | x=(91.0+((24.0+6.0)*11.0)) | x 91.0 24.0 6.0 + 11.0 * + = | x:money 91.0:money 24.0:money 6.0:money +:money 11.0:money *:money +:money =:money
EXPR: 0 | POS | INT | 0 | 50 | 1955 | x=((91.0+24.0)*(6.0+11.0)) | x 91.0 24.0 + 6.0 11.0 + * = | x:money 91.0:money 24.0:money +:money 6.0:money 11.0:money +:money *:money =:money
EXPR: 0 | POS | INT | 0 | 50 | 76 | (91.0-((24.0/6.0)+11.0))=x | 91.0 24.0 6.0 / 11.0 + - x = | 91.0:money 24.0:money 6.0:money /:money 11.0:money +:money -:money x:money =:money
EXPR: 0 | POS | INT | 0 | 50 | 110 | x=((91.0+24.0)+(6.0-11.0)) | x 91.0 24.0 + 6.0 11.0 - + = | x:money 91.0:money 24.0:money +:money 6.0:money 11.0:money -:money +:money =:money
EXPR: 0 | POS | INT | 0 | 50 | 181 | x=((91.0+24.0)+(6.0*11.0)) | x 91.0 24.0 + 6.0 11.0 * + = | x:money 91.0:money 24.0:money +:money 6.0:money 11.0:money *:money +:money =:money
EXPR: 0 | POS | INT | 0 | 50 | 2201 | ((91.0*24.0)+(6.0+11.0))=x | 91.0 24.0 * 6.0 11.0 + + x = | 91.0:money 24.0:money *:money 6.0:money 11.0:money +:money +:money x:money =:money
EXPR: 0 | POS | INT | 0 | 50 | 2118 | x=((91.0*24.0)-(6.0*11.0)) | x 91.0 24.0 * 6.0 11.0 * - = | x:money 91.0:money 24.0:money *:money 6.0:money 11.0:money *:money -:money =:money
EXPR: 0 | POS | INT | 0 | 50 | 76 | x=(91.0-((24.0/6.0)+11.0)) | x 91.0 24.0 6.0 / 11.0 + - = | x:money 91.0:money 24.0:money 6.0:money /:money 11.0:money +:money -:money =:money
EXPR: 0 | POS | INT | 0 | 50 | 2639 | x=(91.0*((24.0-6.0)+11.0)) | x 91.0 24.0 6.0 - 11.0 + * = | x:money 91.0:money 24.0:money 6.0:money -:money 11.0:money +:money *:money =:money
EXPR: 0 | POS | INT | 0 | 50 | 133 | ((91.0-24.0)+(6.0*11.0))=x | 91.0 24.0 - 6.0 11.0 * + x = | 91.0:money 24.0:money -:money 6.0:money 11.0:money *:money +:money x:money =:money
EXPR: 0 | POS | INT | 0 | 50 | 132 | x=(91.0+((24.0+6.0)+11.0)) | x 91.0 24.0 6.0 + 11.0 + + = | x:money 91.0:money 24.0:money 6.0:money +:money 11.0:money +:money +:money =:money
EXPR: 0 | POS | INT | 0 | 50 | 499 | (91.0+(24.0*(6.0+11.0)))=x | 91.0 24.0 6.0 11.0 + * + x = | 91.0:money 24.0:money 6.0:money 11.0:money +:money *:money +:money x:money =:money
EXPR: 0 | POS | INT | 0 | 50 | 2167 | ((91.0*24.0)-(6.0+11.0))=x | 91.0 24.0 * 6.0 11.0 + - x = | 91.0:money 24.0:money *:money 6.0:money 11.0:money +:money -:money x:money =:money
EXPR: 0 | POS | INT | 0 | 50 | 62 | (91.0-((24.0-6.0)+11.0))=x | 91.0 24.0 6.0 - 11.0 + - x = | 91.0:money 24.0:money 6.0:money -:money 11.0:money +:money -:money x:money =:money
EXPR: 0 | POS | INT | 0 | 50 | 391 | (((91.0-24.0)*6.0)-11.0)=x | 91.0 24.0 - 6.0 * 11.0 - x = | 91.0:money 24.0:money -:money 6.0:money *:money 11.0:money -:money x:money =:money
EXPR: 0 | POS | INT | 0 | 50 | 2189 | ((91.0*24.0)-(6.0-11.0))=x | 91.0 24.0 * 6.0 11.0 - - x = | 91.0:money 24.0:money *:money 6.0:money 11.0:money -:money -:money x:money =:money
EXPR: 0 | POS | INT | 0 | 50 | 2189 | (((91.0*24.0)-6.0)+11.0)=x | 91.0 24.0 * 6.0 - 11.0 + x = | 91.0:money 24.0:money *:money 6.0:money -:money 11.0:money +:money x:money =:money
EXPR: 0 | POS | INT | 0 | 50 | 98 | ((91.0+24.0)-(6.0+11.0))=x | 91.0 24.0 + 6.0 11.0 + - x = | 91.0:money 24.0:money +:money 6.0:money 11.0:money +:money -:money x:money =:money
EXPR: 0 | POS | INT | 0 | 50 | 289 | (91.0+((24.0-6.0)*11.0))=x | 91.0 24.0 6.0 - 11.0 * + x = | 91.0:money 24.0:money 6.0:money -:money 11.0:money *:money +:money x:money =:money
EXPR: 0 | POS | INT | 0 | 50 | 2250 | ((91.0*24.0)+(6.0*11.0))=x | 91.0 24.0 * 6.0 11.0 * + x = | 91.0:money 24.0:money *:money 6.0:money 11.0:money *:money +:money x:money =:money
EXPR: 0 | POS | INT | 0 | 50 | 72 | (((91.0-24.0)-6.0)+11.0)=x | 91.0 24.0 - 6.0 - 11.0 + x = | 91.0:money 24.0:money -:money 6.0:money -:money 11.0:money +:money x:money =:money
EXPR: 0 | POS | INT | 0 | 50 | 98 | ((91.0-(24.0/6.0))+11.0)=x | 91.0 24.0 6.0 / - 11.0 + x = | 91.0:money 24.0:money 6.0:money /:money -:money 11.0:money +:money x:money =:money
EXPR: 0 | POS | INT | 0 | 50 | 11 | ((91.0+(24.0+6.0))/11.0)=x | 91.0 24.0 6.0 + + 11.0 / x = | 91.0:money 24.0:money 6.0:money +:money +:money 11.0:money /:money x:money =:money
EXPR: 0 | POS | INT | 0 | 50 | 62 | x=((91.0-24.0)+(6.0-11.0)) | x 91.0 24.0 - 6.0 11.0 - + = | x:money 91.0:money 24.0:money -:money 6.0:money 11.0:money -:money +:money =:money
EXPR: 0 | POS | INT | 0 | 50 | 957 | ((91.0-(24.0/6.0))*11.0)=x | 91.0 24.0 6.0 / - 11.0 * x = | 91.0:money 24.0:money 6.0:money /:money -:money 11.0:money *:money x:money =:money
EXPR: 0 | POS | INT | 0 | 50 | 84 | (((91.0-24.0)+6.0)+11.0)=x | 91.0 24.0 - 6.0 + 11.0 + x = | 91.0:money 24.0:money -:money 6.0:money +:money 11.0:money +:money x:money =:money
EXPR: 0 | POS | INT | 0 | 50 | 98 | x=(91.0-((24.0/6.0)-11.0)) | x 91.0 24.0 6.0 / 11.0 - - = | x:money 91.0:money 24.0:money 6.0:money /:money 11.0:money -:money -:money =:money
EXPR: 1 | POS | INT | 0 | 50 | 50 | x=((91.0-24.0)-(6.0+11.0)) | x 91.0 24.0 - 6.0 11.0 + - = | x:money 91.0:money 24.0:money -:money 6.0:money 11.0:money +:money -:money =:money
EXPR: 0 | POS | INT | 0 | 50 | 110 | (91.0+((24.0+6.0)-11.0))=x | 91.0 24.0 6.0 + 11.0 - + x = | 91.0:money 24.0:money 6.0:money +:money 11.0:money -:money +:money x:money =:money
EXPR: 0 | POS | INT | 0 | 50 | 98 | x=(91.0+((24.0-6.0)-11.0)) | x 91.0 24.0 6.0 - 11.0 - + = | x:money 91.0:money 24.0:money 6.0:money -:money 11.0:money -:money +:money =:money
EXPR: 0 | POS | INT | 0 | 50 | 211 | (91.0-(24.0*(6.0-11.0)))=x | 91.0 24.0 6.0 11.0 - * - x = | 91.0:money 24.0:money 6.0:money 11.0:money -:money *:money -:money x:money =:money
EXPR: 0 | POS | INT | 0 | 50 | 120 | x=(91.0+((24.0-6.0)+11.0)) | x 91.0 24.0 6.0 - 11.0 + + = | x:money 91.0:money 24.0:money 6.0:money -:money 11.0:money +:money +:money =:money
EXPR: 0 | POS | INT | 0 | 50 | 84 | (91.0+((24.0/6.0)-11.0))=x | 91.0 24.0 6.0 / 11.0 - + x = | 91.0:money 24.0:money 6.0:money /:money 11.0:money -:money +:money x:money =:money
EXPR: 0 | POS | INT | 0 | 50 | 14105 | (91.0*((24.0*6.0)+11.0))=x | 91.0 24.0 6.0 * 11.0 + * x = | 91.0:money 24.0:money 6.0:money *:money 11.0:money +:money *:money x:money =:money
EXPR: 0 | POS | INT | 0 | 50 | 62 | (91.0-(24.0-(6.0-11.0)))=x | 91.0 24.0 6.0 11.0 - - - x = | 91.0:money 24.0:money 6.0:money 11.0:money -:money -:money -:money x:money =:money
EXPR: 0 | POS | INT | 0 | 50 | 133 | x=((91.0-24.0)+(6.0*11.0)) | x 91.0 24.0 - 6.0 11.0 * + = | x:money 91.0:money 24.0:money -:money 6.0:money 11.0:money *:money +:money =:money
EXPR: 0 | POS | INT | 0 | 50 | 1 | x=((91.0-24.0)-(6.0*11.0)) | x 91.0 24.0 - 6.0 11.0 * - = | x:money 91.0:money 24.0:money -:money 6.0:money 11.0:money *:money -:money =:money
EXPR: 1 | POS | INT | 0 | 50 | 50 | (91.0-(24.0+(6.0+11.0)))=x | 91.0 24.0 6.0 11.0 + + - x = | 91.0:money 24.0:money 6.0:money 11.0:money +:money +:money -:money x:money =:money
EXPR: 0 | POS | INT | 0 | 50 | 1 | ((91.0-24.0)-(6.0*11.0))=x | 91.0 24.0 - 6.0 11.0 * - x = | 91.0:money 24.0:money -:money 6.0:money 11.0:money *:money -:money x:money =:money
EXPR: 0 | POS | INT | 0 | 50 | 12103 | (91.0*((24.0*6.0)-11.0))=x | 91.0 24.0 6.0 * 11.0 - * x = | 91.0:money 24.0:money 6.0:money *:money 11.0:money -:money *:money x:money =:money
EXPR: 0 | POS | INT | 0 | 50 | 84 | ((91.0+(24.0/6.0))-11.0)=x | 91.0 24.0 6.0 / + 11.0 - x = | 91.0:money 24.0:money 6.0:money /:money +:money 11.0:money -:money x:money =:money
EXPR: 0 | POS | INT | 0 | 50 | 13 | (91.0/(24.0-(6.0+11.0)))=x | 91.0 24.0 6.0 11.0 + - / x = | 91.0:money 24.0:money 6.0:money 11.0:money +:money -:money /:money x:money =:money
EXPR: 0 | POS | INT | 0 | 50 | 84 | ((91.0-(24.0-6.0))+11.0)=x | 91.0 24.0 6.0 - - 11.0 + x = | 91.0:money 24.0:money 6.0:money -:money -:money 11.0:money +:money x:money =:money
EXPR: 1 | POS | INT | 0 | 50 | 50 | ((91.0-24.0)-(6.0+11.0))=x | 91.0 24.0 - 6.0 11.0 + - x = | 91.0:money 24.0:money -:money 6.0:money 11.0:money +:money -:money x:money =:money
EXPR: 0 | POS | INT | 0 | 50 | 62 | (((91.0-24.0)+6.0)-11.0)=x | 91.0 24.0 - 6.0 + 11.0 - x = | 91.0:money 24.0:money -:money 6.0:money +:money 11.0:money -:money x:money =:money
EXPR: 0 | POS | INT | 0 | 50 | 76 | ((91.0-(24.0/6.0))-11.0)=x | 91.0 24.0 6.0 / - 11.0 - x = | 91.0:money 24.0:money 6.0:money /:money -:money 11.0:money -:money x:money =:money
EXPR: 0 | POS | INT | 0 | 50 | 120 | ((91.0+24.0)-(6.0-11.0))=x | 91.0 24.0 + 6.0 11.0 - - x = | 91.0:money 24.0:money +:money 6.0:money 11.0:money -:money -:money x:money =:money
EXPR: 0 | POS | INT | 0 | 50 | 98 | x=((91.0+24.0)-(6.0+11.0)) | x 91.0 24.0 + 6.0 11.0 + - = | x:money 91.0:money 24.0:money +:money 6.0:money 11.0:money +:money -:money =:money
EXPR: 0 | POS | INT | 0 | 50 | 49 | x=((91.0+24.0)-(6.0*11.0)) | x 91.0 24.0 + 6.0 11.0 * - = | x:money 91.0:money 24.0:money +:money 6.0:money 11.0:money *:money -:money =:money
EXPR: 0 | POS | INT | 0 | 50 | 2118 | ((91.0*24.0)-(6.0*11.0))=x | 91.0 24.0 * 6.0 11.0 * - x = | 91.0:money 24.0:money *:money 6.0:money 11.0:money *:money -:money x:money =:money
EXPR: 0 | POS | INT | 0 | 50 | 1139 | x=((91.0-24.0)*(6.0+11.0)) | x 91.0 24.0 - 6.0 11.0 + * = | x:money 91.0:money 24.0:money -:money 6.0:money 11.0:money +:money *:money =:money
EXPR: 0 | POS | INT | 0 | 50 | 2201 | (((91.0*24.0)+6.0)+11.0)=x | 91.0 24.0 * 6.0 + 11.0 + x = | 91.0:money 24.0:money *:money 6.0:money +:money 11.0:money +:money x:money =:money
EXPR: 0 | POS | INT | 2 | 50 | 499 | (((x-91.0)/24.0)-6.0)=11.0 | x 91.0 - 24.0 / 6.0 - 11.0 = | x:money 91.0:money -:money 24.0:money /:money 6.0:money -:money 11.0:money =:money
EXPR: 0 | POS | INT | 2 | 50 | 2592 | x=(24.0*(91.0+(6.0+11.0))) | x 24.0 91.0 6.0 11.0 + + * = | x:money 24.0:money 91.0:money 6.0:money 11.0:money +:money +:money *:money =:money
EXPR: 0 | POS | INT | 2 | 50 | 76 | ((91.0-x)-(24.0/6.0))=11.0 | 91.0 x - 24.0 6.0 / - 11.0 = | 91.0:money x:money -:money 24.0:money 6.0:money /:money -:money 11.0:money =:money
EXPR: 0 | POS | INT | 2 | 50 | 1729 | x=(91.0*(24.0-(11.0-6.0))) | x 91.0 24.0 11.0 6.0 - - * = | x:money 91.0:money 24.0:money 11.0:money 6.0:money -:money -:money *:money =:money
EXPR: 0 | POS | INT | 2 | 50 | 2189 | x=((91.0*24.0)+(11.0-6.0)) | x 91.0 24.0 * 11.0 6.0 - + = | x:money 91.0:money 24.0:money *:money 11.0:money 6.0:money -:money +:money =:money
EXPR: 0 | POS | INT | 2 | 50 | 1139 | ((x/(91.0-24.0))-6.0)=11.0 | x 91.0 24.0 - / 6.0 - 11.0 = | x:money 91.0:money 24.0:money -:money /:money 6.0:money -:money 11.0:money =:money
EXPR: 0 | POS | INT | 2 | 50 | 110 | (((91.0+24.0)+6.0)-x)=11.0 | 91.0 24.0 + 6.0 + x - 11.0 = | 91.0:money 24.0:money +:money 6.0:money +:money x:money -:money 11.0:money =:money
EXPR: 0 | POS | INT | 2 | 50 | 10920 | x=((91.0*24.0)*(11.0-6.0)) | x 91.0 24.0 * 11.0 6.0 - * = | x:money 91.0:money 24.0:money *:money 11.0:money 6.0:money -:money *:money =:money
EXPR: 0 | POS | INT | 2 | 50 | 1199 | (((91.0-6.0)+24.0)*11.0)=x | 91.0 6.0 - 24.0 + 11.0 * x = | 91.0:money 6.0:money -:money 24.0:money +:money 11.0:money *:money x:money =:money
EXPR: 0 | POS | INT | 2 | 50 | 468 | (((91.0-24.0)+11.0)*6.0)=x | 91.0 24.0 - 11.0 + 6.0 * x = | 91.0:money 24.0:money -:money 11.0:money +:money 6.0:money *:money x:money =:money
EXPR: 0 | POS | INT | 2 | 50 | 5742 | (((91.0*6.0)-24.0)*11.0)=x | 91.0 6.0 * 24.0 - 11.0 * x = | 91.0:money 6.0:money *:money 24.0:money -:money 11.0:money *:money x:money =:money
EXPR: 0 | POS | INT | 2 | 50 | 13038 | (((91.0*24.0)-11.0)*6.0)=x | 91.0 24.0 * 11.0 - 6.0 * x = | 91.0:money 24.0:money *:money 11.0:money -:money 6.0:money *:money x:money =:money
EXPR: 0 | POS | INT | 2 | 50 | 810 | x=((91.0*6.0)+(24.0*11.0)) | x 91.0 6.0 * 24.0 11.0 * + = | x:money 91.0:money 6.0:money *:money 24.0:money 11.0:money *:money +:money =:money
EXPR: 0 | POS | INT | 2 | 50 | 803 | (((91.0+6.0)-24.0)*11.0)=x | 91.0 6.0 + 24.0 - 11.0 * x = | 91.0:money 6.0:money +:money 24.0:money -:money 11.0:money *:money x:money =:money
EXPR: 0 | POS | INT | 2 | 50 | 624 | (((91.0+24.0)-11.0)*6.0)=x | 91.0 24.0 + 11.0 - 6.0 * x = | 91.0:money 24.0:money +:money 11.0:money -:money 6.0:money *:money x:money =:money
EXPR: 0 | POS | INT | 2 | 50 | 6270 | (((91.0*6.0)+24.0)*11.0)=x | 91.0 6.0 * 24.0 + 11.0 * x = | 91.0:money 6.0:money *:money 24.0:money +:money 11.0:money *:money x:money =:money
EXPR: 0 | POS | INT | 2 | 50 | 13170 | (((91.0*24.0)+11.0)*6.0)=x | 91.0 24.0 * 11.0 + 6.0 * x = | 91.0:money 24.0:money *:money 11.0:money +:money 6.0:money *:money x:money =:money
EXPR: 0 | POS | INT | 2 | 50 | 110 | (((91.0+6.0)+24.0)-11.0)=x | 91.0 6.0 + 24.0 + 11.0 - x = | 91.0:money 6.0:money +:money 24.0:money +:money 11.0:money -:money x:money =:money
EXPR: 0 | POS | INT | 2 | 50 | 120 | (((91.0+24.0)+11.0)-6.0)=x | 91.0 24.0 + 11.0 + 6.0 - x = | 91.0:money 24.0:money +:money 11.0:money +:money 6.0:money -:money x:money =:money
EXPR: 0 | POS | INT | 2 | 50 | 1331 | (((91.0+6.0)+24.0)*11.0)=x | 91.0 6.0 + 24.0 + 11.0 * x = | 91.0:money 6.0:money +:money 24.0:money +:money 11.0:money *:money x:money =:money
EXPR: 0 | POS | INT | 2 | 50 | 756 | (((91.0+24.0)+11.0)*6.0)=x | 91.0 24.0 + 11.0 + 6.0 * x = | 91.0:money 24.0:money +:money 11.0:money +:money 6.0:money *:money x:money =:money
EXPR: 0 | POS | INT | 2 | 50 | 3191 | ((91.0*(24.0+11.0))+6.0)=x | 91.0 24.0 11.0 + * 6.0 + x = | 91.0:money 24.0:money 11.0:money +:money *:money 6.0:money +:money x:money =:money
EXPR: 0 | POS | INT | 2 | 50 | 361 | x=(91.0+((24.0*11.0)+6.0)) | x 91.0 24.0 11.0 * 6.0 + + = | x:money 91.0:money 24.0:money 11.0:money *:money 6.0:money +:money +:money =:money
EXPR: 0 | POS | INT | 2 | 50 | 11 | (((91.0+6.0)+24.0)/11.0)=x | 91.0 6.0 + 24.0 + 11.0 / x = | 91.0:money 6.0:money +:money 24.0:money +:money 11.0:money /:money x:money =:money
EXPR: 0 | POS | INT | 2 | 50 | 21 | (((91.0+24.0)+11.0)/6.0)=x | 91.0 24.0 + 11.0 + 6.0 / x = | 91.0:money 24.0:money +:money 11.0:money +:money 6.0:money /:money x:money =:money
EXPR: 1 | POS | INT | 2 | 50 | 50 | x=(91.0-((24.0+11.0)+6.0)) | x 91.0 24.0 11.0 + 6.0 + - = | x:money 91.0:money 24.0:money 11.0:money +:money 6.0:money +:money -:money =:money
EXPR: 1 | POS | INT | 2 | 50 | 50 | (91.0-((24.0+11.0)+6.0))=x | 91.0 24.0 11.0 + 6.0 + - x = | 91.0:money 24.0:money 11.0:money +:money 6.0:money +:money -:money x:money =:money
EXPR: 0 | POS | INT | 2 | 50 | 391 | (((91.0-24.0)*6.0)-x)=11.0 | 91.0 24.0 - 6.0 * x - 11.0 = | 91.0:money 24.0:money -:money 6.0:money *:money x:money -:money 11.0:money =:money
EXPR: 0 | POS | INT | 2 | 50 | 132 | (((91.0+6.0)+24.0)+11.0)=x | 91.0 6.0 + 24.0 + 11.0 + x = | 91.0:money 6.0:money +:money 24.0:money +:money 11.0:money +:money x:money =:money
EXPR: 0 | POS | INT | 2 | 50 | 132 | (((91.0+24.0)+11.0)+6.0)=x | 91.0 24.0 + 11.0 + 6.0 + x = | 91.0:money 24.0:money +:money 11.0:money +:money 6.0:money +:money x:money =:money
EXPR: 0 | POS | INT | 2 | 50 | 84 | (x-(91.0-(24.0-6.0)))=11.0 | x 91.0 24.0 6.0 - - - 11.0 = | x:money 91.0:money 24.0:money 6.0:money -:money -:money -:money 11.0:money =:money
EXPR: 0 | POS | INT | 2 | 50 | 13 | (((91.0-24.0)+11.0)/6.0)=x | 91.0 24.0 - 11.0 + 6.0 / x = | 91.0:money 24.0:money -:money 11.0:money +:money 6.0:money /:money x:money =:money
EXPR: 0 | POS | INT | 2 | 50 | 1177 | ((91.0*(24.0-11.0))-6.0)=x | 91.0 24.0 11.0 - * 6.0 - x = | 91.0:money 24.0:money 11.0:money -:money *:money 6.0:money -:money x:money =:money
EXPR: 0 | POS | INT | 2 | 50 | 1189 | ((91.0*(24.0-11.0))+6.0)=x | 91.0 24.0 11.0 - * 6.0 + x = | 91.0:money 24.0:money 11.0:money -:money *:money 6.0:money +:money x:money =:money
EXPR: 0 | POS | INT | 2 | 50 | 62 | x=(91.0-((24.0+11.0)-6.0)) | x 91.0 24.0 11.0 + 6.0 - - = | x:money 91.0:money 24.0:money 11.0:money +:money 6.0:money -:money -:money =:money
EXPR: 0 | POS | INT | 2 | 50 | 24570 | x=(91.0*((24.0*11.0)+6.0)) | x 91.0 24.0 11.0 * 6.0 + * = | x:money 91.0:money 24.0:money 11.0:money *:money 6.0:money +:money *:money =:money
EXPR: 0 | POS | INT | 2 | 50 | 23478 | x=(91.0*((24.0*11.0)-6.0)) | x 91.0 24.0 11.0 * 6.0 - * = | x:money 91.0:money 24.0:money 11.0:money *:money 6.0:money -:money *:money =:money
EXPR: 0 | POS | INT | 2 | 50 | 624 | ((91.0+(24.0-11.0))*6.0)=x | 91.0 24.0 11.0 - + 6.0 * x = | 91.0:money 24.0:money 11.0:money -:money +:money 6.0:money *:money x:money =:money
EXPR: 0 | POS | INT | 2 | 50 | 671 | (((91.0-6.0)-24.0)*11.0)=x | 91.0 6.0 - 24.0 - 11.0 * x = | 91.0:money 6.0:money -:money 24.0:money -:money 11.0:money *:money x:money =:money
EXPR: 0 | POS | INT | 2 | 50 | 336 | (((91.0-24.0)-11.0)*6.0)=x | 91.0 24.0 - 11.0 - 6.0 * x = | 91.0:money 24.0:money -:money 11.0:money -:money 6.0:money *:money x:money =:money
EXPR: 0 | POS | INT | 2 | 50 | 62 | (91.0-(24.0+(11.0-6.0)))=x | 91.0 24.0 11.0 6.0 - + - x = | 91.0:money 24.0:money 11.0:money 6.0:money -:money +:money -:money x:money =:money
EXPR: 0 | POS | INT | 2 | 50 | 1729 | (91.0*(24.0-(11.0-6.0)))=x | 91.0 24.0 11.0 6.0 - - * x = | 91.0:money 24.0:money 11.0:money 6.0:money -:money -:money *:money x:money =:money
EXPR: 0 | POS | INT | 2 | 50 | 98 | ((91.0+(24.0-11.0))-6.0)=x | 91.0 24.0 11.0 - + 6.0 - x = | 91.0:money 24.0:money 11.0:money -:money +:money 6.0:money -:money x:money =:money
EXPR: 0 | POS | INT | 2 | 50 | 110 | ((91.0+(24.0-11.0))+6.0)=x | 91.0 24.0 11.0 - + 6.0 + x = | 91.0:money 24.0:money 11.0:money -:money +:money 6.0:money +:money x:money =:money
EXPR: 0 | POS | INT | 2 | 50 | 120 | (24.0+(91.0-(6.0-11.0)))=x | 24.0 91.0 6.0 11.0 - - + x = | 24.0:money 91.0:money 6.0:money 11.0:money -:money -:money +:money x:money =:money
EXPR: 0 | POS | INT | 2 | 50 | 110 | (91.0+(24.0-(11.0-6.0)))=x | 91.0 24.0 11.0 6.0 - - + x = | 91.0:money 24.0:money 11.0:money 6.0:money -:money -:money +:money x:money =:money
EXPR: 1 | POS | INT | 2 | 50 | 50 | (((91.0-6.0)-24.0)-11.0)=x | 91.0 6.0 - 24.0 - 11.0 - x = | 91.0:money 6.0:money -:money 24.0:money -:money 11.0:money -:money x:money =:money
EXPR: 1 | POS | INT | 2 | 50 | 50 | (((91.0-24.0)-11.0)-6.0)=x | 91.0 24.0 - 11.0 - 6.0 - x = | 91.0:money 24.0:money -:money 11.0:money -:money 6.0:money -:money x:money =:money
EXPR: 0 | POS | INT | 2 | 50 | 120 | x=(91.0-((6.0-24.0)-11.0)) | x 91.0 6.0 24.0 - 11.0 - - = | x:money 91.0:money 6.0:money 24.0:money -:money 11.0:money -:money -:money =:money
EXPR: 0 | POS | INT | 2 | 50 | 84 | x=(91.0-((24.0-11.0)-6.0)) | x 91.0 24.0 11.0 - 6.0 - - = | x:money 91.0:money 24.0:money 11.0:money -:money 6.0:money -:money -:money =:money
EXPR: 0 | POS | INT | 2 | 50 | 2639 | (91.0*(24.0+(11.0-6.0)))=x | 91.0 24.0 11.0 6.0 - + * x = | 91.0:money 24.0:money 11.0:money 6.0:money -:money +:money *:money x:money =:money
EXPR: 0 | POS | INT | 2 | 50 | 2639 | x=(91.0*((24.0+11.0)-6.0)) | x 91.0 24.0 11.0 + 6.0 - * = | x:money 91.0:money 24.0:money 11.0:money +:money 6.0:money -:money *:money =:money
EXPR: 0 | POS | INT | 2 | 50 | 3179 | ((91.0*(24.0+11.0))-6.0)=x | 91.0 24.0 11.0 + * 6.0 - x = | 91.0:money 24.0:money 11.0:money +:money *:money 6.0:money -:money x:money =:money
EXPR: 0 | POS | INT | 2 | 50 | 211 | (91.0+(24.0*(11.0-6.0)))=x | 91.0 24.0 11.0 6.0 - * + x = | 91.0:money 24.0:money 11.0:money 6.0:money -:money *:money +:money x:money =:money
EXPR: 0 | POS | INT | 2 | 50 | 84 | (((91.0+6.0)-24.0)+11.0)=x | 91.0 6.0 + 24.0 - 11.0 + x = | 91.0:money 6.0:money +:money 24.0:money -:money 11.0:money +:money x:money =:money
EXPR: 0 | POS | INT | 2 | 50 | 110 | (((91.0+24.0)-11.0)+6.0)=x | 91.0 24.0 + 11.0 - 6.0 + x = | 91.0:money 24.0:money +:money 11.0:money -:money 6.0:money +:money x:money =:money
EXPR: 0 | POS | INT | 2 | 50 | 13 | (91.0/((24.0-11.0)-6.0))=x | 91.0 24.0 11.0 - 6.0 - / x = | 91.0:money 24.0:money 11.0:money -:money 6.0:money -:money /:money x:money =:money
EXPR: 0 | POS | INT | 2 | 50 | 3731 | x=(91.0*((24.0+11.0)+6.0)) | x 91.0 24.0 11.0 + 6.0 + * = | x:money 91.0:money 24.0:money 11.0:money +:money 6.0:money +:money *:money =:money
EXPR: 0 | POS | INT | 2 | 50 | 98 | (91.0+((24.0-11.0)-6.0))=x | 91.0 24.0 11.0 - 6.0 - + x = | 91.0:money 24.0:money 11.0:money -:money 6.0:money -:money +:money x:money =:money
EXPR: 0 | POS | INT | 2 | 50 | 98 | x=(91.0-((6.0-24.0)+11.0)) | x 91.0 6.0 24.0 - 11.0 + - = | x:money 91.0:money 6.0:money 24.0:money -:money 11.0:money +:money -:money =:money
EXPR: 0 | POS | INT | 2 | 50 | 13 | ((91.0/(24.0-11.0))+6.0)=x | 91.0 24.0 11.0 - / 6.0 + x = | 91.0:money 24.0:money 11.0:money -:money /:money 6.0:money +:money x:money =:money
EXPR: 0 | POS | INT | 2 | 50 | 301 | x=(91.0+((24.0+11.0)*6.0)) | x 91.0 24.0 11.0 + 6.0 * + = | x:money 91.0:money 24.0:money 11.0:money +:money 6.0:money *:money +:money =:money
EXPR: 0 | POS | INT | 2 | 50 | 120 | x=(91.0+((24.0+11.0)-6.0)) | x 91.0 24.0 11.0 + 6.0 - + = | x:money 91.0:money 24.0:money 11.0:money +:money 6.0:money -:money +:money =:money
EXPR: 0 | POS | INT | 2 | 50 | 335 | ((24.0-91.0)*(6.0-11.0))=x | 24.0 91.0 - 6.0 11.0 - * x = | 24.0:money 91.0:money -:money 6.0:money 11.0:money -:money *:money x:money =:money
EXPR: 0 | POS | INT | 2 | 50 | 1729 | x=(91.0*((24.0-11.0)+6.0)) | x 91.0 24.0 11.0 - 6.0 + * = | x:money 91.0:money 24.0:money 11.0:money -:money 6.0:money +:money *:money =:money
EXPR: 0 | POS | INT | 2 | 50 | 11 | (((91.0+24.0)+6.0)/x)=11.0 | 91.0 24.0 + 6.0 + x / 11.0 = | 91.0:money 24.0:money +:money 6.0:money +:money x:money /:money 11.0:money =:money
EXPR: 0 | POS | INT | 2 | 50 | 132 | x=(91.0+((24.0+11.0)+6.0)) | x 91.0 24.0 11.0 + 6.0 + + = | x:money 91.0:money 24.0:money 11.0:money +:money 6.0:money +:money +:money =:money
EXPR: 0 | POS | INT | 2 | 50 | 120 | (91.0+(24.0+(11.0-6.0)))=x | 91.0 24.0 11.0 6.0 - + + x = | 91.0:money 24.0:money 11.0:money 6.0:money -:money +:money +:money x:money =:money
EXPR: 0 | POS | INT | 2 | 50 | 72 | (91.0-((24.0-11.0)+6.0))=x | 91.0 24.0 11.0 - 6.0 + - x = | 91.0:money 24.0:money 11.0:money -:money 6.0:money +:money -:money x:money =:money
EXPR: 0 | POS | INT | 2 | 50 | 132 | ((91.0+(24.0+11.0))+6.0)=x | 91.0 24.0 11.0 + + 6.0 + x = | 91.0:money 24.0:money 11.0:money +:money +:money 6.0:money +:money x:money =:money
EXPR: 0 | POS | INT | 2 | 50 | 533 | (((91.0*6.0)-24.0)+11.0)=x | 91.0 6.0 * 24.0 - 11.0 + x = | 91.0:money 6.0:money *:money 24.0:money -:money 11.0:money +:money x:money =:money
EXPR: 0 | POS | INT | 2 | 50 | 2179 | (((91.0*24.0)-11.0)+6.0)=x | 91.0 24.0 * 11.0 - 6.0 + x = | 91.0:money 24.0:money *:money 11.0:money -:money 6.0:money +:money x:money =:money
EXPR: 0 | POS | INT | 2 | 50 | 72 | x=(91.0-((24.0-11.0)+6.0)) | x 91.0 24.0 11.0 - 6.0 + - = | x:money 91.0:money 24.0:money 11.0:money -:money 6.0:money +:money -:money =:money
EXPR: 0 | POS | INT | 2 | 50 | 169 | (91.0+((24.0-11.0)*6.0))=x | 91.0 24.0 11.0 - 6.0 * + x = | 91.0:money 24.0:money 11.0:money -:money 6.0:money *:money +:money x:money =:money
EXPR: 0 | POS | INT | 2 | 50 | 1776 | (24.0*(91.0-(6.0+11.0)))=x | 24.0 91.0 6.0 11.0 + - * x = | 24.0:money 91.0:money 6.0:money 11.0:money +:money -:money *:money x:money =:money
EXPR: 0 | POS | INT | 2 | 50 | 72 | (((91.0-6.0)-24.0)+11.0)=x | 91.0 6.0 - 24.0 - 11.0 + x = | 91.0:money 6.0:money -:money 24.0:money -:money 11.0:money +:money x:money =:money
EXPR: 0 | POS | INT | 2 | 50 | 62 | (((91.0-24.0)-11.0)+6.0)=x | 91.0 24.0 - 11.0 - 6.0 + x = | 91.0:money 24.0:money -:money 11.0:money -:money 6.0:money +:money x:money =:money
EXPR: 0 | POS | INT | 2 | 50 | 21 | ((91.0+(24.0+11.0))/6.0)=x | 91.0 24.0 11.0 + + 6.0 / x = | 91.0:money 24.0:money 11.0:money +:money +:money 6.0:money /:money x:money =:money
EXPR: 0 | POS | INT | 2 | 50 | 120 | (((91.0-6.0)+24.0)+11.0)=x | 91.0 6.0 - 24.0 + 11.0 + x = | 91.0:money 6.0:money -:money 24.0:money +:money 11.0:money +:money x:money =:money
EXPR: 0 | POS | INT | 2 | 50 | 84 | (((91.0-24.0)+11.0)+6.0)=x | 91.0 24.0 - 11.0 + 6.0 + x = | 91.0:money 24.0:money -:money 11.0:money +:money 6.0:money +:money x:money =:money
EXPR: 0 | POS | INT | 2 | 50 | 120 | (91.0+((24.0+11.0)-6.0))=x | 91.0 24.0 11.0 + 6.0 - + x = | 91.0:money 24.0:money 11.0:money +:money 6.0:money -:money +:money x:money =:money
EXPR: 0 | POS | INT | 2 | 50 | 1 | ((91.0/(24.0-11.0))-6.0)=x | 91.0 24.0 11.0 - / 6.0 - x = | 91.0:money 24.0:money 11.0:money -:money /:money 6.0:money -:money x:money =:money
EXPR: 0 | POS | INT | 2 | 50 | 24570 | (91.0*((24.0*11.0)+6.0))=x | 91.0 24.0 11.0 * 6.0 + * x = | 91.0:money 24.0:money 11.0:money *:money 6.0:money +:money *:money x:money =:money
EXPR: 0 | POS | INT | 2 | 50 | 98 | (91.0-((6.0-24.0)+11.0))=x | 91.0 6.0 24.0 - 11.0 + - x = | 91.0:money 6.0:money 24.0:money -:money 11.0:money +:money -:money x:money =:money
EXPR: 0 | POS | INT | 2 | 50 | 13 | (91.0-((24.0-11.0)*6.0))=x | 91.0 24.0 11.0 - 6.0 * - x = | 91.0:money 24.0:money 11.0:money -:money 6.0:money *:money -:money x:money =:money
EXPR: 0 | POS | INT | 2 | 50 | 23478 | (91.0*((24.0*11.0)-6.0))=x | 91.0 24.0 11.0 * 6.0 - * x = | 91.0:money 24.0:money 11.0:money *:money 6.0:money -:money *:money x:money =:money
EXPR: 0 | POS | INT | 2 | 50 | 120 | ((91.0+(24.0+11.0))-6.0)=x | 91.0 24.0 11.0 + + 6.0 - x = | 91.0:money 24.0:money 11.0:money +:money +:money 6.0:money -:money x:money =:money
EXPR: 0 | POS | INT | 2 | 50 | 72 | (91.0-(24.0-(11.0-6.0)))=x | 91.0 24.0 11.0 6.0 - - - x = | 91.0:money 24.0:money 11.0:money 6.0:money -:money -:money -:money x:money =:money
EXPR: 0 | POS | INT | 2 | 50 | 84 | ((91.0-(24.0-11.0))+6.0)=x | 91.0 24.0 11.0 - - 6.0 + x = | 91.0:money 24.0:money 11.0:money -:money -:money 6.0:money +:money x:money =:money
EXPR: 0 | POS | INT | 2 | 50 | 98 | (((91.0-6.0)+24.0)-11.0)=x | 91.0 6.0 - 24.0 + 11.0 - x = | 91.0:money 6.0:money -:money 24.0:money +:money 11.0:money -:money x:money =:money
EXPR: 0 | POS | INT | 2 | 50 | 72 | (((91.0-24.0)+11.0)-6.0)=x | 91.0 24.0 - 11.0 + 6.0 - x = | 91.0:money 24.0:money -:money 11.0:money +:money 6.0:money -:money x:money =:money
EXPR: 0 | POS | INT | 2 | 50 | 84 | x=(91.0+((6.0-24.0)+11.0)) | x 91.0 6.0 24.0 - 11.0 + + = | x:money 91.0:money 6.0:money 24.0:money -:money 11.0:money +:money +:money =:money
EXPR: 0 | POS | INT | 2 | 50 | 110 | x=(91.0+((24.0-11.0)+6.0)) | x 91.0 24.0 11.0 - 6.0 + + = | x:money 91.0:money 24.0:money 11.0:money -:money 6.0:money +:money +:money =:money
EXPR: 0 | POS | INT | 2 | 50 | 581 | (((91.0*6.0)+24.0)+11.0)=x | 91.0 6.0 * 24.0 + 11.0 + x = | 91.0:money 6.0:money *:money 24.0:money +:money 11.0:money +:money x:money =:money
EXPR: 0 | POS | INT | 2 | 50 | 2201 | (((91.0*24.0)+11.0)+6.0)=x | 91.0 24.0 * 11.0 + 6.0 + x = | 91.0:money 24.0:money *:money 11.0:money +:money 6.0:money +:money x:money =:money
EXPR: 0 | POS | INT | 2 | 50 | 289 | x=(91.0-((6.0-24.0)*11.0)) | x 91.0 6.0 24.0 - 11.0 * - = | x:money 91.0:money 6.0:money 24.0:money -:money 11.0:money *:money -:money =:money
EXPR: 0 | POS | INT | 2 | 50 | 13 | x=(91.0-((24.0-11.0)*6.0)) | x 91.0 24.0 11.0 - 6.0 * - = | x:money 91.0:money 24.0:money 11.0:money -:money 6.0:money *:money -:money =:money
EXPR: 0 | POS | INT | 4 | 50 | 1571 | (((x-24.0)/91.0)-6.0)=11.0 | x 24.0 - 91.0 / 6.0 - 11.0 = | x:money 24.0:money -:money 91.0:money /:money 6.0:money -:money 11.0:money =:money
EXPR: 0 | POS | INT | 4 | 50 | 301 | (((x-91.0)/6.0)-24.0)=11.0 | x 91.0 - 6.0 / 24.0 - 11.0 = | x:money 91.0:money -:money 6.0:money /:money 24.0:money -:money 11.0:money =:money
EXPR: 0 | POS | INT | 4 | 50 | 110 | (((91.0+6.0)+24.0)-x)=11.0 | 91.0 6.0 + 24.0 + x - 11.0 = | 91.0:money 6.0:money +:money 24.0:money +:money x:money -:money 11.0:money =:money
EXPR: 0 | POS | INT | 4 | 50 | 120 | (((91.0+24.0)+11.0)-x)=6.0 | 91.0 24.0 + 11.0 + x - 6.0 = | 91.0:money 24.0:money +:money 11.0:money +:money x:money -:money 6.0:money =:money
EXPR: 0 | POS | INT | 4 | 50 | 2029 | (((91.0-6.0)*24.0)-x)=11.0 | 91.0 6.0 - 24.0 * x - 11.0 = | 91.0:money 6.0:money -:money 24.0:money *:money x:money -:money 11.0:money =:money
EXPR: 0 | POS | INT | 4 | 50 | 731 | (((91.0-24.0)*11.0)-x)=6.0 | 91.0 24.0 - 11.0 * x - 6.0 = | 91.0:money 24.0:money -:money 11.0:money *:money x:money -:money 6.0:money =:money
EXPR: 0 | POS | INT | 4 | 50 | 110 | (24.0+(91.0-(11.0-6.0)))=x | 24.0 91.0 11.0 6.0 - - + x = | 24.0:money 91.0:money 11.0:money 6.0:money -:money -:money +:money x:money =:money
EXPR: 0 | POS | INT | 4 | 50 | 479 | (24.0+(91.0*(11.0-6.0)))=x | 24.0 91.0 11.0 6.0 - * + x = | 24.0:money 91.0:money 11.0:money 6.0:money -:money *:money +:money x:money =:money
EXPR: 0 | POS | INT | 4 | 50 | 11 | ((24.0+(91.0+6.0))/x)=11.0 | 24.0 91.0 6.0 + + x / 11.0 = | 24.0:money 91.0:money 6.0:money +:money +:money x:money /:money 11.0:money =:money
EXPR: 0 | POS | INT | 5 | 50 | 624 | (((91.0-11.0)+24.0)*6.0)=x | 91.0 11.0 - 24.0 + 6.0 * x = | 91.0:money 11.0:money -:money 24.0:money +:money 6.0:money *:money x:money =:money
EXPR: 0 | POS | INT | 5 | 50 | 2304 | (((91.0-6.0)+11.0)*24.0)=x | 91.0 6.0 - 11.0 + 24.0 * x = | 91.0:money 6.0:money -:money 11.0:money +:money 24.0:money *:money x:money =:money
EXPR: 0 | POS | INT | 5 | 50 | 13 | (((91.0+11.0)-24.0)/6.0)=x | 91.0 11.0 + 24.0 - 6.0 / x = | 91.0:money 11.0:money +:money 24.0:money -:money 6.0:money /:money x:money =:money
EXPR: 0 | POS | INT | 5 | 50 | 8190 | x=(91.0*((6.0*11.0)+24.0)) | x 91.0 6.0 11.0 * 24.0 + * = | x:money 91.0:money 6.0:money 11.0:money *:money 24.0:money +:money *:money =:money
EXPR: 0 | POS | INT | 5 | 50 | 12840 | (((91.0*6.0)-11.0)*24.0)=x | 91.0 6.0 * 11.0 - 24.0 * x = | 91.0:money 6.0:money *:money 11.0:money -:money 24.0:money *:money x:money =:money
EXPR: 0 | POS | INT | 5 | 50 | 2064 | (((91.0+6.0)-11.0)*24.0)=x | 91.0 6.0 + 11.0 - 24.0 * x = | 91.0:money 6.0:money +:money 11.0:money -:money 24.0:money *:money x:money =:money
EXPR: 0 | POS | INT | 5 | 50 | 628 | (((91.0/6.0)+11.0)*24.0)=x | 91.0 6.0 / 11.0 + 24.0 * x = | 91.0:money 6.0:money /:money 11.0:money +:money 24.0:money *:money x:money =:money
EXPR: 0 | POS | INT | 5 | 50 | 100 | (((91.0/6.0)-11.0)*24.0)=x | 91.0 6.0 / 11.0 - 24.0 * x = | 91.0:money 6.0:money /:money 11.0:money -:money 24.0:money *:money x:money =:money
EXPR: 0 | POS | INT | 5 | 50 | 1145 | x=((24.0*6.0)+(91.0*11.0)) | x 24.0 6.0 * 91.0 11.0 * + = | x:money 24.0:money 6.0:money *:money 91.0:money 11.0:money *:money +:money =:money
EXPR: 0 | POS | INT | 5 | 50 | 13368 | (((91.0*6.0)+11.0)*24.0)=x | 91.0 6.0 * 11.0 + 24.0 * x = | 91.0:money 6.0:money *:money 11.0:money +:money 24.0:money *:money x:money =:money
EXPR: 0 | POS | INT | 5 | 50 | 84 | (((91.0+6.0)+11.0)-24.0)=x | 91.0 6.0 + 11.0 + 24.0 - x = | 91.0:money 6.0:money +:money 11.0:money +:money 24.0:money -:money x:money =:money
EXPR: 0 | POS | INT | 5 | 50 | 2592 | (((91.0+6.0)+11.0)*24.0)=x | 91.0 6.0 + 11.0 + 24.0 * x = | 91.0:money 6.0:money +:money 11.0:money +:money 24.0:money *:money x:money =:money
EXPR: 0 | POS | INT | 5 | 50 | 1571 | ((91.0*(6.0+11.0))+24.0)=x | 91.0 6.0 11.0 + * 24.0 + x = | 91.0:money 6.0:money 11.0:money +:money *:money 24.0:money +:money x:money =:money
EXPR: 0 | POS | INT | 5 | 50 | 181 | x=(91.0+((6.0*11.0)+24.0)) | x 91.0 6.0 11.0 * 24.0 + + = | x:money 91.0:money 6.0:money 11.0:money *:money 24.0:money +:money +:money =:money
EXPR: 0 | POS | INT | 5 | 50 | 3822 | x=(91.0*((6.0*11.0)-24.0)) | x 91.0 6.0 11.0 * 24.0 - * = | x:money 91.0:money 6.0:money 11.0:money *:money 24.0:money -:money *:money =:money
EXPR: 0 | POS | INT | 5 | 50 | 132 | (((91.0+6.0)+11.0)+24.0)=x | 91.0 6.0 + 11.0 + 24.0 + x = | 91.0:money 6.0:money +:money 11.0:money +:money 24.0:money +:money x:money =:money
EXPR: 0 | POS | INT | 5 | 50 | 4 | (((91.0-6.0)+11.0)/24.0)=x | 91.0 6.0 - 11.0 + 24.0 / x = | 91.0:money 6.0:money -:money 11.0:money +:money 24.0:money /:money x:money =:money
EXPR: 0 | POS | INT | 5 | 50 | 98 | x=(91.0-((6.0+11.0)-24.0)) | x 91.0 6.0 11.0 + 24.0 - - = | x:money 91.0:money 6.0:money 11.0:money +:money 24.0:money -:money -:money =:money
EXPR: 0 | POS | INT | 5 | 50 | 1776 | (((91.0-6.0)-11.0)*24.0)=x | 91.0 6.0 - 11.0 - 24.0 * x = | 91.0:money 6.0:money -:money 11.0:money -:money 24.0:money *:money x:money =:money
EXPR: 0 | POS | INT | 5 | 50 | 98 | x=(24.0-((6.0-91.0)+11.0)) | x 24.0 6.0 91.0 - 11.0 + - = | x:money 24.0:money 6.0:money 91.0:money -:money 11.0:money +:money -:money =:money
EXPR: 0 | POS | INT | 5 | 50 | 62 | ((91.0+(6.0-11.0))-24.0)=x | 91.0 6.0 11.0 - + 24.0 - x = | 91.0:money 6.0:money 11.0:money -:money +:money 24.0:money -:money x:money =:money
EXPR: 0 | POS | INT | 5 | 50 | 1 | x=(91.0-((6.0*11.0)+24.0)) | x 91.0 6.0 11.0 * 24.0 + - = | x:money 91.0:money 6.0:money 11.0:money *:money 24.0:money +:money -:money =:money
EXPR: 0 | POS | INT | 5 | 50 | 133 | x=(91.0+((6.0*11.0)-24.0)) | x 91.0 6.0 11.0 * 24.0 - + = | x:money 91.0:money 6.0:money 11.0:money *:money 24.0:money -:money +:money =:money
EXPR: 0 | POS | INT | 5 | 50 | 110 | ((91.0+(6.0-11.0))+24.0)=x | 91.0 6.0 11.0 - + 24.0 + x = | 91.0:money 6.0:money 11.0:money -:money +:money 24.0:money +:money x:money =:money
EXPR: 0 | POS | INT | 5 | 50 | 110 | (91.0+(6.0-(11.0-24.0)))=x | 91.0 6.0 11.0 24.0 - - + x = | 91.0:money 6.0:money 11.0:money 24.0:money -:money -:money +:money x:money =:money
EXPR: 1 | POS | INT | 5 | 50 | 50 | (((91.0-6.0)-11.0)-24.0)=x | 91.0 6.0 - 11.0 - 24.0 - x = | 91.0:money 6.0:money -:money 11.0:money -:money 24.0:money -:money x:money =:money
EXPR: 0 | POS | INT | 5 | 50 | 408 | ((24.0/6.0)*(91.0+11.0))=x | 24.0 6.0 / 91.0 11.0 + * x = | 24.0:money 6.0:money /:money 91.0:money 11.0:money +:money *:money x:money =:money
EXPR: 0 | POS | INT | 5 | 50 | 120 | x=(91.0-((6.0-11.0)-24.0)) | x 91.0 6.0 11.0 - 24.0 - - = | x:money 91.0:money 6.0:money 11.0:money -:money 24.0:money -:money -:money =:money
EXPR: 0 | POS | INT | 5 | 50 | 110 | (((91.0+6.0)-11.0)+24.0)=x | 91.0 6.0 + 11.0 - 24.0 + x = | 91.0:money 6.0:money +:money 11.0:money -:money 24.0:money +:money x:money =:money
EXPR: 0 | POS | INT | 5 | 50 | 1523 | ((91.0*(6.0+11.0))-24.0)=x | 91.0 6.0 11.0 + * 24.0 - x = | 91.0:money 6.0:money 11.0:money +:money *:money 24.0:money -:money x:money =:money
EXPR: 0 | POS | INT | 5 | 50 | 3731 | x=(91.0*((6.0+11.0)+24.0)) | x 91.0 6.0 11.0 + 24.0 + * = | x:money 91.0:money 6.0:money 11.0:money +:money 24.0:money +:money *:money =:money
EXPR: 1 | POS | INT | 5 | 50 | 50 | x=(91.0-((6.0+11.0)+24.0)) | x 91.0 6.0 11.0 + 24.0 + - = | x:money 91.0:money 6.0:money 11.0:money +:money 24.0:money +:money -:money =:money
EXPR: 0 | POS | INT | 5 | 50 | 98 | x=(91.0-((11.0-24.0)+6.0)) | x 91.0 11.0 24.0 - 6.0 + - = | x:money 91.0:money 11.0:money 24.0:money -:money 6.0:money +:money -:money =:money
EXPR: 0 | POS | INT | 5 | 50 | 132 | ((91.0+(6.0+11.0))+24.0)=x | 91.0 6.0 11.0 + + 24.0 + x = | 91.0:money 6.0:money 11.0:money +:money +:money 24.0:money +:money x:money =:money
EXPR: 0 | POS | INT | 5 | 50 | 84 | x=(91.0+((6.0+11.0)-24.0)) | x 91.0 6.0 11.0 + 24.0 - + = | x:money 91.0:money 6.0:money 11.0:money +:money 24.0:money -:money +:money =:money
EXPR: 0 | POS | INT | 5 | 50 | 499 | x=(91.0+((6.0+11.0)*24.0)) | x 91.0 6.0 11.0 + 24.0 * + = | x:money 91.0:money 6.0:money 11.0:money +:money 24.0:money *:money +:money =:money
EXPR: 0 | POS | INT | 5 | 50 | 84 | ((91.0+(6.0+11.0))-24.0)=x | 91.0 6.0 11.0 + + 24.0 - x = | 91.0:money 6.0:money 11.0:money +:money +:money 24.0:money -:money x:money =:money
EXPR: 0 | POS | INT | 5 | 50 | 2064 | ((91.0+(6.0-11.0))*24.0)=x | 91.0 6.0 11.0 - + 24.0 * x = | 91.0:money 6.0:money 11.0:money -:money +:money 24.0:money *:money x:money =:money
EXPR: 0 | POS | INT | 5 | 50 | 1729 | x=(91.0*((6.0-11.0)+24.0)) | x 91.0 6.0 11.0 - 24.0 + * = | x:money 91.0:money 6.0:money 11.0:money -:money 24.0:money +:money *:money =:money
EXPR: 0 | POS | INT | 5 | 50 | 132 | x=(91.0+((6.0+11.0)+24.0)) | x 91.0 6.0 11.0 + 24.0 + + = | x:money 91.0:money 6.0:money 11.0:money +:money 24.0:money +:money +:money =:money
EXPR: 0 | POS | INT | 5 | 50 | 320 | ((24.0/6.0)*(91.0-11.0))=x | 24.0 6.0 / 91.0 11.0 - * x = | 24.0:money 6.0:money /:money 91.0:money 11.0:money -:money *:money x:money =:money
EXPR: 0 | POS | INT | 5 | 50 | 559 | (((91.0*6.0)-11.0)+24.0)=x | 91.0 6.0 * 11.0 - 24.0 + x = | 91.0:money 6.0:money *:money 11.0:money -:money 24.0:money +:money x:money =:money
EXPR: 0 | POS | INT | 5 | 50 | 98 | (((91.0-6.0)-11.0)+24.0)=x | 91.0 6.0 - 11.0 - 24.0 + x = | 91.0:money 6.0:money -:money 11.0:money -:money 24.0:money +:money x:money =:money
EXPR: 0 | POS | INT | 5 | 50 | 49 | x=(91.0-((6.0*11.0)-24.0)) | x 91.0 6.0 11.0 * 24.0 - - = | x:money 91.0:money 6.0:money 11.0:money *:money 24.0:money -:money -:money =:money
EXPR: 0 | POS | INT | 5 | 50 | 1019 | ((24.0-6.0)+(91.0*11.0))=x | 24.0 6.0 - 91.0 11.0 * + x = | 24.0:money 6.0:money -:money 91.0:money 11.0:money *:money +:money x:money =:money
EXPR: 0 | POS | INT | 5 | 50 | 72 | x=(91.0-((6.0-11.0)+24.0)) | x 91.0 6.0 11.0 - 24.0 + - = | x:money 91.0:money 6.0:money 11.0:money -:money 24.0:money +:money -:money =:money
EXPR: 0 | POS | INT | 5 | 50 | 120 | (((91.0-6.0)+11.0)+24.0)=x | 91.0 6.0 - 11.0 + 24.0 + x = | 91.0:money 6.0:money -:money 11.0:money +:money 24.0:money +:money x:money =:money
EXPR: 0 | POS | INT | 5 | 50 | 13170 | (6.0*((91.0*24.0)+11.0))=x | 6.0 91.0 24.0 * 11.0 + * x = | 6.0:money 91.0:money 24.0:money *:money 11.0:money +:money *:money x:money =:money
EXPR: 0 | POS | INT | 5 | 50 | 8190 | (91.0*((6.0*11.0)+24.0))=x | 91.0 6.0 11.0 * 24.0 + * x = | 91.0:money 6.0:money 11.0:money *:money 24.0:money +:money *:money x:money =:money
EXPR: 0 | POS | INT | 5 | 50 | 98 | (91.0-((11.0-24.0)+6.0))=x | 91.0 11.0 24.0 - 6.0 + - x = | 91.0:money 11.0:money 24.0:money -:money 6.0:money +:money -:money x:money =:money
EXPR: 0 | POS | INT | 5 | 50 | 3822 | (91.0*((6.0*11.0)-24.0))=x | 91.0 6.0 11.0 * 24.0 - * x = | 91.0:money 6.0:money 11.0:money *:money 24.0:money -:money *:money x:money =:money
EXPR: 0 | POS | INT | 5 | 50 | 72 | (91.0-(6.0-(11.0-24.0)))=x | 91.0 6.0 11.0 24.0 - - - x = | 91.0:money 6.0:money 11.0:money 24.0:money -:money -:money -:money x:money =:money
EXPR: 0 | POS | INT | 5 | 50 | 120 | ((91.0-(6.0-11.0))+24.0)=x | 91.0 6.0 11.0 - - 24.0 + x = | 91.0:money 6.0:money 11.0:money -:money -:money 24.0:money +:money x:money =:money
EXPR: 0 | POS | INT | 5 | 50 | 72 | (((91.0-6.0)+11.0)-24.0)=x | 91.0 6.0 - 11.0 + 24.0 - x = | 91.0:money 6.0:money -:money 11.0:money +:money 24.0:money -:money x:money =:money
EXPR: 0 | POS | INT | 5 | 50 | 110 | x=(91.0+((6.0-11.0)+24.0)) | x 91.0 6.0 11.0 - 24.0 + + = | x:money 91.0:money 6.0:money 11.0:money -:money 24.0:money +:money +:money =:money
EXPR: 0 | POS | INT | 5 | 50 | 98 | ((24.0-6.0)+(91.0-11.0))=x | 24.0 6.0 - 91.0 11.0 - + x = | 24.0:money 6.0:money -:money 91.0:money 11.0:money -:money +:money x:money =:money
EXPR: 0 | POS | INT | 5 | 50 | 1 | (91.0-((6.0*11.0)+24.0))=x | 91.0 6.0 11.0 * 24.0 + - x = | 91.0:money 6.0:money 11.0:money *:money 24.0:money +:money -:money x:money =:money
EXPR: 0 | POS | INT | 5 | 50 | 49 | ((91.0-(6.0*11.0))+24.0)=x | 91.0 6.0 11.0 * - 24.0 + x = | 91.0:money 6.0:money 11.0:money *:money -:money 24.0:money +:money x:money =:money
EXPR: 0 | POS | INT | 5 | 50 | 581 | (((91.0*6.0)+11.0)+24.0)=x | 91.0 6.0 * 11.0 + 24.0 + x = | 91.0:money 6.0:money *:money 11.0:money +:money 24.0:money +:money x:money =:money
EXPR: 0 | POS | INT | 5 | 50 | 211 | x=(91.0-((6.0-11.0)*24.0)) | x 91.0 6.0 11.0 - 24.0 * - = | x:money 91.0:money 6.0:money 11.0:money -:money 24.0:money *:money -:money =:money
EXPR: 0 | POS | INT | 7 | 50 | 636 | (((x-24.0)/6.0)-91.0)=11.0 | x 24.0 - 6.0 / 91.0 - 11.0 = | x:money 24.0:money -:money 6.0:money /:money 91.0:money -:money 11.0:money =:money
EXPR: 0 | POS | INT | 7 | 50 | 624 | ((24.0-(x/6.0))+91.0)=11.0 | 24.0 x 6.0 / - 91.0 + 11.0 = | 24.0:money x:money 6.0:money /:money -:money 91.0:money +:money 11.0:money =:money
EXPR: 0 | POS | INT | 7 | 50 | 84 | (((91.0+6.0)+11.0)-x)=24.0 | 91.0 6.0 + 11.0 + x - 24.0 = | 91.0:money 6.0:money +:money 11.0:money +:money x:money -:money 24.0:money =:money
EXPR: 0 | POS | INT | 7 | 50 | 110 | ((24.0+(6.0-x))+91.0)=11.0 | 24.0 6.0 x - + 91.0 + 11.0 = | 24.0:money 6.0:money x:money -:money +:money 91.0:money +:money 11.0:money =:money
EXPR: 0 | POS | INT | 7 | 50 | 911 | (((91.0-6.0)*11.0)-x)=24.0 | 91.0 6.0 - 11.0 * x - 24.0 = | 91.0:money 6.0:money -:money 11.0:money *:money x:money -:money 24.0:money =:money
EXPR: 0 | POS | INT | 8 | 50 | 84 | x=(6.0+((91.0+11.0)-24.0)) | x 6.0 91.0 11.0 + 24.0 - + = | x:money 6.0:money 91.0:money 11.0:money +:money 24.0:money -:money +:money =:money
EXPR: 0 | POS | INT | 8 | 50 | 6150 | x=(6.0*((91.0*11.0)+24.0)) | x 6.0 91.0 11.0 * 24.0 + * = | x:money 6.0:money 91.0:money 11.0:money *:money 24.0:money +:money *:money =:money
EXPR: 0 | POS | INT | 8 | 50 | 504 | ((6.0*(91.0-11.0))+24.0)=x | 6.0 91.0 11.0 - * 24.0 + x = | 6.0:money 91.0:money 11.0:money -:money *:money 24.0:money +:money x:money =:money
EXPR: 0 | POS | INT | 8 | 50 | 2064 | ((6.0+(91.0-11.0))*24.0)=x | 6.0 91.0 11.0 - + 24.0 * x = | 6.0:money 91.0:money 11.0:money -:money +:money 24.0:money *:money x:money =:money
EXPR: 0 | POS | INT | 8 | 50 | 559 | ((24.0-11.0)+(91.0*6.0))=x | 24.0 11.0 - 91.0 6.0 * + x = | 24.0:money 11.0:money -:money 91.0:money 6.0:money *:money +:money x:money =:money
EXPR: 0 | POS | INT | 9 | 50 | 64 | x=((24.0*6.0)+(11.0-91.0)) | x 24.0 6.0 * 11.0 91.0 - + = | x:money 24.0:money 6.0:money *:money 11.0:money 91.0:money -:money +:money =:money
EXPR: 0 | POS | INT | 9 | 50 | 3731 | (((24.0+6.0)+11.0)*91.0)=x | 24.0 6.0 + 11.0 + 91.0 * x = | 24.0:money 6.0:money +:money 11.0:money +:money 91.0:money *:money x:money =:money
EXPR: 0 | POS | INT | 9 | 50 | 2639 | (((24.0-6.0)+11.0)*91.0)=x | 24.0 6.0 - 11.0 + 91.0 * x = | 24.0:money 6.0:money -:money 11.0:money +:money 91.0:money *:money x:money =:money
EXPR: 0 | POS | INT | 9 | 50 | 2592 | x=(24.0*((6.0+11.0)+91.0)) | x 24.0 6.0 11.0 + 91.0 + * = | x:money 24.0:money 6.0:money 11.0:money +:money 91.0:money +:money *:money =:money
EXPR: 0 | POS | INT | 9 | 50 | 3768 | x=(24.0*((6.0*11.0)+91.0)) | x 24.0 6.0 11.0 * 91.0 + * = | x:money 24.0:money 6.0:money 11.0:money *:money 91.0:money +:money *:money =:money
EXPR: 0 | POS | INT | 9 | 50 | 181 | x=(24.0+((6.0*11.0)+91.0)) | x 24.0 6.0 11.0 * 91.0 + + = | x:money 24.0:money 6.0:money 11.0:money *:money 91.0:money +:money +:money =:money
EXPR: 0 | POS | INT | 9 | 50 | 499 | ((24.0*(6.0+11.0))+91.0)=x | 24.0 6.0 11.0 + * 91.0 + x = | 24.0:money 6.0:money 11.0:money +:money *:money 91.0:money +:money x:money =:money
EXPR: 0 | POS | INT | 9 | 50 | 743 | ((11.0*(91.0-24.0))+6.0)=x | 11.0 91.0 24.0 - * 6.0 + x = | 11.0:money 91.0:money 24.0:money -:money *:money 6.0:money +:money x:money =:money
EXPR: 0 | POS | INT | 9 | 50 | 107 | (((24.0-6.0)*11.0)-91.0)=x | 24.0 6.0 - 11.0 * 91.0 - x = | 24.0:money 6.0:money -:money 11.0:money *:money 91.0:money -:money x:money =:money
EXPR: 0 | POS | INT | 9 | 50 | 1729 | ((24.0+(6.0-11.0))*91.0)=x | 24.0 6.0 11.0 - + 91.0 * x = | 24.0:money 6.0:money 11.0:money -:money +:money 91.0:money *:money x:money =:money
EXPR: 0 | POS | INT | 9 | 50 | 132 | x=(24.0+((6.0+11.0)+91.0)) | x 24.0 6.0 11.0 + 91.0 + + = | x:money 24.0:money 6.0:money 11.0:money +:money 91.0:money +:money +:money =:money
EXPR: 0 | POS | INT | 9 | 50 | 49 | ((24.0-(6.0*11.0))+91.0)=x | 24.0 6.0 11.0 * - 91.0 + x = | 24.0:money 6.0:money 11.0:money *:money -:money 91.0:money +:money x:money =:money
EXPR: 0 | POS | INT | 9 | 50 | 3768 | (24.0*((6.0*11.0)+91.0))=x | 24.0 6.0 11.0 * 91.0 + * x = | 24.0:money 6.0:money 11.0:money *:money 91.0:money +:money *:money x:money =:money
EXPR: 0 | POS | INT | 9 | 50 | 2064 | (24.0*(6.0-(11.0-91.0)))=x | 24.0 6.0 11.0 91.0 - - * x = | 24.0:money 6.0:money 11.0:money 91.0:money -:money -:money *:money x:money =:money
EXPR: 0 | POS | INT | 9 | 50 | 504 | (24.0-(6.0*(11.0-91.0)))=x | 24.0 6.0 11.0 91.0 - * - x = | 24.0:money 6.0:money 11.0:money 91.0:money -:money *:money -:money x:money =:money
EXPR: 0 | POS | INT | 9 | 50 | 8190 | ((24.0+(6.0*11.0))*91.0)=x | 24.0 6.0 11.0 * + 91.0 * x = | 24.0:money 6.0:money 11.0:money *:money +:money 91.0:money *:money x:money =:money
EXPR: 0 | POS | INT | 10 | 50 | 1199 | ((24.0-(x/11.0))+91.0)=6.0 | 24.0 x 11.0 / - 91.0 + 6.0 = | 24.0:money x:money 11.0:money /:money -:money 91.0:money +:money 6.0:money =:money
EXPR: 0 | POS | INT | 11 | 50 | 3731 | (((24.0+11.0)+6.0)*91.0)=x | 24.0 11.0 + 6.0 + 91.0 * x = | 24.0:money 11.0:money +:money 6.0:money +:money 91.0:money *:money x:money =:money
EXPR: 0 | POS | INT | 11 | 50 | 2130 | x=(6.0*((24.0*11.0)+91.0)) | x 6.0 24.0 11.0 * 91.0 + * = | x:money 6.0:money 24.0:money 11.0:money *:money 91.0:money +:money *:money =:money
EXPR: 0 | POS | INT | 11 | 50 | 169 | ((6.0*(24.0-11.0))+91.0)=x | 6.0 24.0 11.0 - * 91.0 + x = | 6.0:money 24.0:money 11.0:money -:money *:money 91.0:money +:money x:money =:money
EXPR: 0 | POS | INT | 11 | 50 | 72 | (24.0+(6.0-(11.0-x)))=91.0 | 24.0 6.0 11.0 x - - + 91.0 = | 24.0:money 6.0:money 11.0:money x:money -:money -:money +:money 91.0:money =:money
EXPR: 0 | POS | INT | 11 | 50 | 1729 | ((6.0+(24.0-11.0))*91.0)=x | 6.0 24.0 11.0 - + 91.0 * x = | 6.0:money 24.0:money 11.0:money -:money +:money 91.0:money *:money x:money =:money
EXPR: 0 | POS | INT | 12 | 50 | 3822 | ((x/91.0)+24.0)=(6.0*11.0) | x 91.0 / 24.0 + 6.0 11.0 * = | x:money 91.0:money /:money 24.0:money +:money 6.0:money 11.0:money *:money =:money
EXPR: 0 | POS | INT | 12 | 50 | 132 | ((6.0+11.0)+(91.0+24.0))=x | 6.0 11.0 + 91.0 24.0 + + x = | 6.0:money 11.0:money +:money 91.0:money 24.0:money +:money +:money x:money =:money
EXPR: 0 | POS | INT | 14 | 50 | 167 | ((x+91.0)+6.0)=(24.0*11.0) | x 91.0 + 6.0 + 24.0 11.0 * = | x:money 91.0:money +:money 6.0:money +:money 24.0:money 11.0:money *:money =:money
EXPR: 0 | POS | INT | 14 | 50 | 803 | ((6.0-(x/11.0))+91.0)=24.0 | 6.0 x 11.0 / - 91.0 + 24.0 = | 6.0:money x:money 11.0:money /:money -:money 91.0:money +:money 24.0:money =:money
EXPR: 0 | POS | INT | 14 | 50 | 11 | 6.0=((x*11.0)-(91.0+24.0)) | 6.0 x 11.0 * 91.0 24.0 + - = | 6.0:money x:money 11.0:money *:money 91.0:money 24.0:money +:money -:money =:money
EXPR: 0 | POS | INT | 14 | 50 | 84 | ((6.0+(11.0-x))+91.0)=24.0 | 6.0 11.0 x - + 91.0 + 24.0 = | 6.0:money 11.0:money x:money -:money +:money 91.0:money +:money 24.0:money =:money
NET 315 unique, non-negative, integer-valued solutions found out of 940 total solutions
