parameters: n=9 l=4 k=1 p=5 q=1 m=10
TOTAL 828 solutions found
SOLN: CORRECT | POS/NEG | INT/FRA | OBJ-SCORE | TRUE-ANS | ANS | INFIX | POSTFIX | TYPED-POSTFIX
EXPR: 0 | POS | INT | 0 | 15 | 57 | x=((15+13)+(8+21)) | x 15 13 + 8 21 + + = | x:coin 15:coin 13:coin +:coin 8:coin 21:coin +:coin +:coin =:coin
EXPR: 0 | POS | INT | 0 | 15 | 5655 | x=((15*13)*(8+21)) | x 15 13 * 8 21 + * = | x:coin 15:coin 13:coin *:coin 8:coin 21:coin +:coin *:coin =:coin
EXPR: 0 | POS | INT | 0 | 15 | 224 | x=((15*13)+(8+21)) | x 15 13 * 8 21 + + = | x:coin 15:coin 13:coin *:coin 8:coin 21:coin +:coin +:coin =:coin
EXPR: 0 | POS | INT | 0 | 15 | 210 | (((15-13)+8)*21)=x | 15 13 - 8 + 21 * x = | 15:coin 13:coin -:coin 8:coin +:coin 21:coin *:coin x:coin =:coin
EXPR: 0 | POS | INT | 0 | 15 | 420 | (((15+13)-8)*21)=x | 15 13 + 8 - 21 * x = | 15:coin 13:coin +:coin 8:coin -:coin 21:coin *:coin x:coin =:coin
EXPR: 0 | POS | INT | 0 | 15 | 182 | x=((15*13)+(8-21)) | x 15 13 * 8 21 - + = | x:coin 15:coin 13:coin *:coin 8:coin 21:coin -:coin +:coin =:coin
EXPR: 0 | POS | INT | 0 | 15 | 1875 | x=(15*((13*8)+21)) | x 15 13 8 * 21 + * = | x:coin 15:coin 13:coin 8:coin *:coin 21:coin +:coin *:coin =:coin
EXPR: 0 | POS | INT | 0 | 15 | 4263 | (((15*13)+8)*21)=x | 15 13 * 8 + 21 * x = | 15:coin 13:coin *:coin 8:coin +:coin 21:coin *:coin x:coin =:coin
EXPR: 0 | POS | INT | 0 | 15 | 3927 | (((15*13)-8)*21)=x | 15 13 * 8 - 21 * x = | 15:coin 13:coin *:coin 8:coin -:coin 21:coin *:coin x:coin =:coin
EXPR: 0 | POS | INT | 0 | 15 | 363 | x=((15*13)+(8*21)) | x 15 13 * 8 21 * + = | x:coin 15:coin 13:coin *:coin 8:coin 21:coin *:coin +:coin =:coin
EXPR: 1 | POS | INT | 0 | 15 | 15 | (((15+13)+8)-21)=x | 15 13 + 8 + 21 - x = | 15:coin 13:coin +:coin 8:coin +:coin 21:coin -:coin x:coin =:coin
EXPR: 0 | POS | INT | 0 | 15 | 756 | (((15+13)+8)*21)=x | 15 13 + 8 + 21 * x = | 15:coin 13:coin +:coin 8:coin +:coin 21:coin *:coin x:coin =:coin
EXPR: 0 | POS | INT | 0 | 15 | 336 | ((15*(13+8))+21)=x | 15 13 8 + * 21 + x = | 15:coin 13:coin 8:coin +:coin *:coin 21:coin +:coin x:coin =:coin
EXPR: 0 | POS | INT | 0 | 15 | 140 | x=(15+((13*8)+21)) | x 15 13 8 * 21 + + = | x:coin 15:coin 13:coin 8:coin *:coin 21:coin +:coin +:coin =:coin
EXPR: 0 | POS | INT | 0 | 15 | 1245 | x=(15*((13*8)-21)) | x 15 13 8 * 21 - * = | x:coin 15:coin 13:coin 8:coin *:coin 21:coin -:coin *:coin =:coin
EXPR: 0 | POS | INT | 0 | 15 | 57 | ((15+13)+(8+21))=x | 15 13 + 8 21 + + x = | 15:coin 13:coin +:coin 8:coin 21:coin +:coin +:coin x:coin =:coin
EXPR: 0 | POS | INT | 0 | 15 | 96 | ((15*(13-8))+21)=x | 15 13 8 - * 21 + x = | 15:coin 13:coin 8:coin -:coin *:coin 21:coin +:coin x:coin =:coin
EXPR: 0 | POS | INT | 0 | 15 | 294 | ((15*(13+8))-21)=x | 15 13 8 + * 21 - x = | 15:coin 13:coin 8:coin +:coin *:coin 21:coin -:coin x:coin =:coin
EXPR: 0 | POS | INT | 0 | 15 | 41 | (15+(13-(8-21)))=x | 15 13 8 21 - - + x = | 15:coin 13:coin 8:coin 21:coin -:coin -:coin +:coin x:coin =:coin
EXPR: 0 | POS | INT | 0 | 15 | 57 | (((15+13)+8)+21)=x | 15 13 + 8 + 21 + x = | 15:coin 13:coin +:coin 8:coin +:coin 21:coin +:coin x:coin =:coin
EXPR: 0 | POS | INT | 0 | 15 | 57 | (15+(13+(8+21)))=x | 15 13 8 21 + + + x = | 15:coin 13:coin 8:coin 21:coin +:coin +:coin +:coin x:coin =:coin
EXPR: 0 | POS | INT | 0 | 15 | 420 | ((15+(13-8))*21)=x | 15 13 8 - + 21 * x = | 15:coin 13:coin 8:coin -:coin +:coin 21:coin *:coin x:coin =:coin
EXPR: 0 | POS | INT | 0 | 15 | 31 | (15-(13-(8+21)))=x | 15 13 8 21 + - - x = | 15:coin 13:coin 8:coin 21:coin +:coin -:coin -:coin x:coin =:coin
EXPR: 0 | POS | INT | 0 | 15 | 31 | x=(15-((13-8)-21)) | x 15 13 8 - 21 - - = | x:coin 15:coin 13:coin 8:coin -:coin 21:coin -:coin -:coin =:coin
EXPR: 0 | POS | INT | 0 | 15 | 54 | ((15*(13-8))-21)=x | 15 13 8 - * 21 - x = | 15:coin 13:coin 8:coin -:coin *:coin 21:coin -:coin x:coin =:coin
EXPR: 0 | POS | INT | 0 | 15 | 5655 | ((15*13)*(8+21))=x | 15 13 * 8 21 + * x = | 15:coin 13:coin *:coin 8:coin 21:coin +:coin *:coin x:coin =:coin
EXPR: 1 | POS | INT | 0 | 15 | 15 | x=(15-((13+8)-21)) | x 15 13 8 + 21 - - = | x:coin 15:coin 13:coin 8:coin +:coin 21:coin -:coin -:coin =:coin
EXPR: 0 | POS | INT | 0 | 15 | 14 | (15-((13+8)/21))=x | 15 13 8 + 21 / - x = | 15:coin 13:coin 8:coin +:coin 21:coin /:coin -:coin x:coin =:coin
EXPR: 1 | POS | INT | 0 | 15 | 15 | (15+(13+(8-21)))=x | 15 13 8 21 - + + x = | 15:coin 13:coin 8:coin 21:coin -:coin +:coin +:coin x:coin =:coin
EXPR: 0 | POS | INT | 0 | 15 | zoo | (15/((13+8)-21))=x | 15 13 8 + 21 - / x = | 15:coin 13:coin 8:coin +:coin 21:coin -:coin /:coin x:coin =:coin
EXPR: 0 | POS | INT | 0 | 15 | 630 | (15*(13+(8+21)))=x | 15 13 8 21 + + * x = | 15:coin 13:coin 8:coin 21:coin +:coin +:coin *:coin x:coin =:coin
EXPR: 1 | POS | INT | 0 | 15 | 15 | (15-(13+(8-21)))=x | 15 13 8 21 - + - x = | 15:coin 13:coin 8:coin 21:coin -:coin +:coin -:coin x:coin =:coin
EXPR: 0 | POS | INT | 0 | 15 | 166 | x=((15*13)-(8+21)) | x 15 13 * 8 21 + - = | x:coin 15:coin 13:coin *:coin 8:coin 21:coin +:coin -:coin =:coin
EXPR: 0 | POS | INT | 0 | 15 | 390 | (15*(13-(8-21)))=x | 15 13 8 21 - - * x = | 15:coin 13:coin 8:coin 21:coin -:coin -:coin *:coin x:coin =:coin
EXPR: 0 | POS | INT | 0 | 15 | 98 | x=(15+((13*8)-21)) | x 15 13 8 * 21 - + = | x:coin 15:coin 13:coin 8:coin *:coin 21:coin -:coin +:coin =:coin
EXPR: 1 | POS | INT | 0 | 15 | 15 | x=(15+((13+8)-21)) | x 15 13 8 + 21 - + = | x:coin 15:coin 13:coin 8:coin +:coin 21:coin -:coin +:coin =:coin
EXPR: 0 | POS | INT | 0 | 15 | 41 | ((15+(13-8))+21)=x | 15 13 8 - + 21 + x = | 15:coin 13:coin 8:coin -:coin +:coin 21:coin +:coin x:coin =:coin
EXPR: 0 | POS | INT | 0 | 15 | 208 | x=((15*13)-(8-21)) | x 15 13 * 8 21 - - = | x:coin 15:coin 13:coin *:coin 8:coin 21:coin -:coin -:coin =:coin
EXPR: 0 | POS | INT | 0 | 15 | 630 | x=(15*((13+8)+21)) | x 15 13 8 + 21 + * = | x:coin 15:coin 13:coin 8:coin +:coin 21:coin +:coin *:coin =:coin
EXPR: 1 | POS | INT | 0 | 15 | 15 | ((15+(13+8))-21)=x | 15 13 8 + + 21 - x = | 15:coin 13:coin 8:coin +:coin +:coin 21:coin -:coin x:coin =:coin
EXPR: 0 | POS | INT | 0 | 15 | 0 | (15*(13+(8-21)))=x | 15 13 8 21 - + * x = | 15:coin 13:coin 8:coin 21:coin -:coin +:coin *:coin x:coin =:coin
EXPR: 0 | POS | INT | 0 | 15 |  | x=(15*((13+8)-21)) | x 15 13 8 + 21 - * = | x:coin 15:coin 13:coin 8:coin +:coin 21:coin -:coin *:coin =:coin
EXPR: 0 | POS | INT | 0 | 15 | zoo | x=(15/((13+8)-21)) | x 15 13 8 + 21 - / = | x:coin 15:coin 13:coin 8:coin +:coin 21:coin -:coin /:coin =:coin
EXPR: 0 | POS | INT | 0 | 15 | 31 | ((15-13)+(8+21))=x | 15 13 - 8 21 + + x = | 15:coin 13:coin -:coin 8:coin 21:coin +:coin +:coin x:coin =:coin
EXPR: 0 | POS | INT | 0 | 15 | 16 | x=(15+((13+8)/21)) | x 15 13 8 + 21 / + = | x:coin 15:coin 13:coin 8:coin +:coin 21:coin /:coin +:coin =:coin
EXPR: 0 | POS | INT | 0 | 15 | 41 | (((15+13)-8)+21)=x | 15 13 + 8 - 21 + x = | 15:coin 13:coin +:coin 8:coin -:coin 21:coin +:coin x:coin =:coin
EXPR: 0 | POS | INT | 0 | 15 | 57 | ((15+(13+8))+21)=x | 15 13 8 + + 21 + x = | 15:coin 13:coin 8:coin +:coin +:coin 21:coin +:coin x:coin =:coin
EXPR: 0 | POS | INT | 0 | 15 | 14 | x=(15-((13+8)/21)) | x 15 13 8 + 21 / - = | x:coin 15:coin 13:coin 8:coin +:coin 21:coin /:coin -:coin =:coin
EXPR: 0 | POS | INT | 0 | 15 | 24 | ((15/(13-8))+21)=x | 15 13 8 - / 21 + x = | 15:coin 13:coin 8:coin -:coin /:coin 21:coin +:coin x:coin =:coin
EXPR: 0 | POS | INT | 0 | 15 | 456 | x=(15+((13+8)*21)) | x 15 13 8 + 21 * + = | x:coin 15:coin 13:coin 8:coin +:coin 21:coin *:coin +:coin =:coin
EXPR: 0 | POS | INT | 0 | 15 | 812 | x=((15+13)*(8+21)) | x 15 13 + 8 21 + * = | x:coin 15:coin 13:coin +:coin 8:coin 21:coin +:coin *:coin =:coin
EXPR: 1 | POS | INT | 0 | 15 | 15 | x=((15+13)+(8-21)) | x 15 13 + 8 21 - + = | x:coin 15:coin 13:coin +:coin 8:coin 21:coin -:coin +:coin =:coin
EXPR: 0 | POS | INT | 0 | 15 | 196 | x=((15+13)+(8*21)) | x 15 13 + 8 21 * + = | x:coin 15:coin 13:coin +:coin 8:coin 21:coin *:coin +:coin =:coin
EXPR: 0 | POS | INT | 0 | 15 | 224 | ((15*13)+(8+21))=x | 15 13 * 8 21 + + x = | 15:coin 13:coin *:coin 8:coin 21:coin +:coin +:coin x:coin =:coin
EXPR: 0 | POS | INT | 0 | 15 | 27 | x=((15*13)-(8*21)) | x 15 13 * 8 21 * - = | x:coin 15:coin 13:coin *:coin 8:coin 21:coin *:coin -:coin =:coin
EXPR: 0 | POS | INT | 0 | 15 | 390 | x=(15*((13-8)+21)) | x 15 13 8 - 21 + * = | x:coin 15:coin 13:coin 8:coin -:coin 21:coin +:coin *:coin =:coin
EXPR: 0 | POS | INT | 0 | 15 | 170 | ((15-13)+(8*21))=x | 15 13 - 8 21 * + x = | 15:coin 13:coin -:coin 8:coin 21:coin *:coin +:coin x:coin =:coin
EXPR: 0 | POS | INT | 0 | 15 | 57 | x=(15+((13+8)+21)) | x 15 13 8 + 21 + + = | x:coin 15:coin 13:coin 8:coin +:coin 21:coin +:coin +:coin =:coin
EXPR: 0 | POS | INT | 0 | 15 | 14 | (15+(13/(8-21)))=x | 15 13 8 21 - / + x = | 15:coin 13:coin 8:coin 21:coin -:coin /:coin +:coin x:coin =:coin
EXPR: 0 | POS | INT | 0 | 15 | 392 | (15+(13*(8+21)))=x | 15 13 8 21 + * + x = | 15:coin 13:coin 8:coin 21:coin +:coin *:coin +:coin x:coin =:coin
EXPR: 0 | POS | INT | 0 | 15 | 166 | ((15*13)-(8+21))=x | 15 13 * 8 21 + - x = | 15:coin 13:coin *:coin 8:coin 21:coin +:coin -:coin x:coin =:coin
EXPR: 0 | POS | INT | 0 | 15 | 208 | ((15*13)-(8-21))=x | 15 13 * 8 21 - - x = | 15:coin 13:coin *:coin 8:coin 21:coin -:coin -:coin x:coin =:coin
EXPR: 0 | POS | INT | 0 | 15 | 208 | (((15*13)-8)+21)=x | 15 13 * 8 - 21 + x = | 15:coin 13:coin *:coin 8:coin -:coin 21:coin +:coin x:coin =:coin
EXPR: 0 | POS | INT | 0 | 15 | 120 | (15+((13-8)*21))=x | 15 13 8 - 21 * + x = | 15:coin 13:coin 8:coin -:coin 21:coin *:coin +:coin x:coin =:coin
EXPR: 0 | POS | INT | 0 | 15 | 363 | ((15*13)+(8*21))=x | 15 13 * 8 21 * + x = | 15:coin 13:coin *:coin 8:coin 21:coin *:coin +:coin x:coin =:coin
EXPR: 0 | POS | INT | 0 | 15 | 170 | x=((15-13)+(8*21)) | x 15 13 - 8 21 * + = | x:coin 15:coin 13:coin -:coin 8:coin 21:coin *:coin +:coin =:coin
EXPR: 0 | POS | INT | 0 | 15 | 31 | (((15-13)+8)+21)=x | 15 13 - 8 + 21 + x = | 15:coin 13:coin -:coin 8:coin +:coin 21:coin +:coin x:coin =:coin
EXPR: 1 | POS | INT | 0 | 15 | 15 | ((15-13)-(8-21))=x | 15 13 - 8 21 - - x = | 15:coin 13:coin -:coin 8:coin 21:coin -:coin -:coin x:coin =:coin
EXPR: 0 | POS | INT | 0 | 15 | 182 | ((15*13)+(8-21))=x | 15 13 * 8 21 - + x = | 15:coin 13:coin *:coin 8:coin 21:coin -:coin +:coin x:coin =:coin
EXPR: 1 | POS | INT | 0 | 15 | 15 | ((15+13)+(8-21))=x | 15 13 + 8 21 - + x = | 15:coin 13:coin +:coin 8:coin 21:coin -:coin +:coin x:coin =:coin
EXPR: 0 | POS | INT | 0 | 15 | 31 | x=((15-13)+(8+21)) | x 15 13 - 8 21 + + = | x:coin 15:coin 13:coin -:coin 8:coin 21:coin +:coin +:coin =:coin
EXPR: 0 | POS | INT | 0 | 15 | 16 | (15-(13/(8-21)))=x | 15 13 8 21 - / - x = | 15:coin 13:coin 8:coin 21:coin -:coin /:coin -:coin x:coin =:coin
EXPR: 0 | POS | INT | 0 | 15 | 120 | x=(15+((13-8)*21)) | x 15 13 8 - 21 * + = | x:coin 15:coin 13:coin 8:coin -:coin 21:coin *:coin +:coin =:coin
EXPR: 0 | POS | INT | 0 | 15 | 756 | ((15+(13+8))*21)=x | 15 13 8 + + 21 * x = | 15:coin 13:coin 8:coin +:coin +:coin 21:coin *:coin x:coin =:coin
EXPR: 0 | POS | INT | 0 | 15 | 27 | ((15*13)-(8*21))=x | 15 13 * 8 21 * - x = | 15:coin 13:coin *:coin 8:coin 21:coin *:coin -:coin x:coin =:coin
EXPR: 0 | POS | INT | 0 | 15 | 1875 | (15*((13*8)+21))=x | 15 13 8 * 21 + * x = | 15:coin 13:coin 8:coin *:coin 21:coin +:coin *:coin x:coin =:coin
EXPR: 0 | POS | INT | 0 | 15 | 184 | (15-(13*(8-21)))=x | 15 13 8 21 - * - x = | 15:coin 13:coin 8:coin 21:coin -:coin *:coin -:coin x:coin =:coin
EXPR: 0 | POS | INT | 0 | 15 | 41 | ((15+13)-(8-21))=x | 15 13 + 8 21 - - x = | 15:coin 13:coin +:coin 8:coin 21:coin -:coin -:coin x:coin =:coin
EXPR: 0 | POS | INT | 2 | 15 | 392 | (((x-15)/13)-8)=21 | x 15 - 13 / 8 - 21 = | x:coin 15:coin -:coin 13:coin /:coin 8:coin -:coin 21:coin =:coin
EXPR: 0 | POS | INT | 2 | 15 | 572 | x=(13*(15+(8+21))) | x 13 15 8 21 + + * = | x:coin 13:coin 15:coin 8:coin 21:coin +:coin +:coin *:coin =:coin
EXPR: 0 | POS | INT | 2 | 15 |  | x=(15*(13-(21-8))) | x 15 13 21 8 - - * = | x:coin 15:coin 13:coin 21:coin 8:coin -:coin -:coin *:coin =:coin
EXPR: 0 | POS | INT | 2 | 15 | 208 | x=((15*13)+(21-8)) | x 15 13 * 21 8 - + = | x:coin 15:coin 13:coin *:coin 21:coin 8:coin -:coin +:coin =:coin
EXPR: 0 | POS | INT | 2 | 15 | 58 | ((x/(15-13))-8)=21 | x 15 13 - / 8 - 21 = | x:coin 15:coin 13:coin -:coin /:coin 8:coin -:coin 21:coin =:coin
EXPR: 1 | POS | INT | 2 | 15 | 15 | (((15+13)+8)-x)=21 | 15 13 + 8 + x - 21 = | 15:coin 13:coin +:coin 8:coin +:coin x:coin -:coin 21:coin =:coin
EXPR: 0 | POS | INT | 2 | 15 | 2535 | x=((15*13)*(21-8)) | x 15 13 * 21 8 - * = | x:coin 15:coin 13:coin *:coin 21:coin 8:coin -:coin *:coin =:coin
EXPR: 1 | POS | INT | 2 | 15 | 15 | x=((15*13)/(21-8)) | x 15 13 * 21 8 - / = | x:coin 15:coin 13:coin *:coin 21:coin 8:coin -:coin /:coin =:coin
EXPR: 0 | POS | INT | 2 | 15 | 27 | (((15*13)+21)/8)=x | 15 13 * 21 + 8 / x = | 15:coin 13:coin *:coin 21:coin +:coin 8:coin /:coin x:coin =:coin
EXPR: 0 | POS | INT | 2 | 15 | 420 | (((15-8)+13)*21)=x | 15 8 - 13 + 21 * x = | 15:coin 8:coin -:coin 13:coin +:coin 21:coin *:coin x:coin =:coin
EXPR: 0 | POS | INT | 2 | 15 | 184 | (((15-13)+21)*8)=x | 15 13 - 21 + 8 * x = | 15:coin 13:coin -:coin 21:coin +:coin 8:coin *:coin x:coin =:coin
EXPR: 0 | POS | INT | 2 | 15 | 2247 | (((15*8)-13)*21)=x | 15 8 * 13 - 21 * x = | 15:coin 8:coin *:coin 13:coin -:coin 21:coin *:coin x:coin =:coin
EXPR: 0 | POS | INT | 2 | 15 | 1392 | (((15*13)-21)*8)=x | 15 13 * 21 - 8 * x = | 15:coin 13:coin *:coin 21:coin -:coin 8:coin *:coin x:coin =:coin
EXPR: 0 | POS | INT | 2 | 15 | 393 | x=((15*8)+(13*21)) | x 15 8 * 13 21 * + = | x:coin 15:coin 8:coin *:coin 13:coin 21:coin *:coin +:coin =:coin
EXPR: 0 | POS | INT | 2 | 15 | 210 | (((15+8)-13)*21)=x | 15 8 + 13 - 21 * x = | 15:coin 8:coin +:coin 13:coin -:coin 21:coin *:coin x:coin =:coin
EXPR: 0 | POS | INT | 2 | 15 | 56 | (((15+13)-21)*8)=x | 15 13 + 21 - 8 * x = | 15:coin 13:coin +:coin 21:coin -:coin 8:coin *:coin x:coin =:coin
EXPR: 0 | POS | INT | 2 | 15 | 2793 | (((15*8)+13)*21)=x | 15 8 * 13 + 21 * x = | 15:coin 8:coin *:coin 13:coin +:coin 21:coin *:coin x:coin =:coin
EXPR: 0 | POS | INT | 2 | 15 | 1728 | (((15*13)+21)*8)=x | 15 13 * 21 + 8 * x = | 15:coin 13:coin *:coin 21:coin +:coin 8:coin *:coin x:coin =:coin
EXPR: 1 | POS | INT | 2 | 15 | 15 | (((15+8)+13)-21)=x | 15 8 + 13 + 21 - x = | 15:coin 8:coin +:coin 13:coin +:coin 21:coin -:coin x:coin =:coin
EXPR: 0 | POS | INT | 2 | 15 | 41 | (((15+13)+21)-8)=x | 15 13 + 21 + 8 - x = | 15:coin 13:coin +:coin 21:coin +:coin 8:coin -:coin x:coin =:coin
EXPR: 0 | POS | INT | 2 | 15 | 756 | (((15+8)+13)*21)=x | 15 8 + 13 + 21 * x = | 15:coin 8:coin +:coin 13:coin +:coin 21:coin *:coin x:coin =:coin
EXPR: 0 | POS | INT | 2 | 15 | 392 | (((15+13)+21)*8)=x | 15 13 + 21 + 8 * x = | 15:coin 13:coin +:coin 21:coin +:coin 8:coin *:coin x:coin =:coin
EXPR: 0 | POS | INT | 2 | 15 | 518 | ((15*(13+21))+8)=x | 15 13 21 + * 8 + x = | 15:coin 13:coin 21:coin +:coin *:coin 8:coin +:coin x:coin =:coin
EXPR: 0 | POS | INT | 2 | 15 | 296 | x=(15+((13*21)+8)) | x 15 13 21 * 8 + + = | x:coin 15:coin 13:coin 21:coin *:coin 8:coin +:coin +:coin =:coin
EXPR: 0 | POS | INT | 2 | 15 | 27 | ((13-15)+(8+21))=x | 13 15 - 8 21 + + x = | 13:coin 15:coin -:coin 8:coin 21:coin +:coin +:coin x:coin =:coin
EXPR: 0 | POS | INT | 2 | 15 | 57 | (((15+8)+13)+21)=x | 15 8 + 13 + 21 + x = | 15:coin 8:coin +:coin 13:coin +:coin 21:coin +:coin x:coin =:coin
EXPR: 0 | POS | INT | 2 | 15 | 57 | (((15+13)+21)+8)=x | 15 13 + 21 + 8 + x = | 15:coin 13:coin +:coin 21:coin +:coin 8:coin +:coin x:coin =:coin
EXPR: 0 | POS | INT | 2 | 15 | 31 | (x-(15-(13-8)))=21 | x 15 13 8 - - - 21 = | x:coin 15:coin 13:coin 8:coin -:coin -:coin -:coin 21:coin =:coin
EXPR: 0 | POS | INT | 2 | 15 | 4215 | x=(15*((13*21)+8)) | x 15 13 21 * 8 + * = | x:coin 15:coin 13:coin 21:coin *:coin 8:coin +:coin *:coin =:coin
EXPR: 0 | POS | INT | 2 | 15 | 3975 | x=(15*((13*21)-8)) | x 15 13 21 * 8 - * = | x:coin 15:coin 13:coin 21:coin *:coin 8:coin -:coin *:coin =:coin
EXPR: 0 | POS | INT | 2 | 15 | 56 | ((15+(13-21))*8)=x | 15 13 21 - + 8 * x = | 15:coin 13:coin 21:coin -:coin +:coin 8:coin *:coin x:coin =:coin
EXPR: 0 | POS | INT | 2 | 15 | 0 | (15*(13-(21-8)))=x | 15 13 21 8 - - * x = | 15:coin 13:coin 21:coin 8:coin -:coin -:coin *:coin x:coin =:coin
EXPR: 1 | POS | INT | 2 | 15 | 15 | ((15+(13-21))+8)=x | 15 13 21 - + 8 + x = | 15:coin 13:coin 21:coin -:coin +:coin 8:coin +:coin x:coin =:coin
EXPR: 0 | POS | INT | 2 | 15 | 41 | (13+(15-(8-21)))=x | 13 15 8 21 - - + x = | 13:coin 15:coin 8:coin 21:coin -:coin -:coin +:coin x:coin =:coin
EXPR: 1 | POS | INT | 2 | 15 | 15 | (15+(13-(21-8)))=x | 15 13 21 8 - - + x = | 15:coin 13:coin 21:coin 8:coin -:coin -:coin +:coin x:coin =:coin
EXPR: 0 | POS | INT | 2 | 15 | 41 | x=(15-((8-13)-21)) | x 15 8 13 - 21 - - = | x:coin 15:coin 8:coin 13:coin -:coin 21:coin -:coin -:coin =:coin
EXPR: 0 | POS | INT | 2 | 15 | 31 | x=(15-((13-21)-8)) | x 15 13 21 - 8 - - = | x:coin 15:coin 13:coin 21:coin -:coin 8:coin -:coin -:coin =:coin
EXPR: 0 | POS | INT | 2 | 15 | 390 | (15*(13+(21-8)))=x | 15 13 21 8 - + * x = | 15:coin 13:coin 21:coin 8:coin -:coin +:coin *:coin x:coin =:coin
EXPR: 0 | POS | INT | 2 | 15 | 390 | x=(15*((13+21)-8)) | x 15 13 21 + 8 - * = | x:coin 15:coin 13:coin 21:coin +:coin 8:coin -:coin *:coin =:coin
EXPR: 0 | POS | INT | 2 | 15 | 502 | ((15*(13+21))-8)=x | 15 13 21 + * 8 - x = | 15:coin 13:coin 21:coin +:coin *:coin 8:coin -:coin x:coin =:coin
EXPR: 0 | POS | INT | 2 | 15 | 184 | (15+(13*(21-8)))=x | 15 13 21 8 - * + x = | 15:coin 13:coin 21:coin 8:coin -:coin *:coin +:coin x:coin =:coin
EXPR: 0 | POS | INT | 2 | 15 | 31 | (((15+8)-13)+21)=x | 15 8 + 13 - 21 + x = | 15:coin 8:coin +:coin 13:coin -:coin 21:coin +:coin x:coin =:coin
EXPR: 1 | POS | INT | 2 | 15 | 15 | (((15+13)-21)+8)=x | 15 13 + 21 - 8 + x = | 15:coin 13:coin +:coin 21:coin -:coin 8:coin +:coin x:coin =:coin
EXPR: 0 | POS | INT | 2 | 15 | 630 | x=(15*((13+21)+8)) | x 15 13 21 + 8 + * = | x:coin 15:coin 13:coin 21:coin +:coin 8:coin +:coin *:coin =:coin
EXPR: 0 | POS | INT | 2 | 15 | 287 | x=(15+((13+21)*8)) | x 15 13 21 + 8 * + = | x:coin 15:coin 13:coin 21:coin +:coin 8:coin *:coin +:coin =:coin
EXPR: 0 | POS | INT | 2 | 15 | 41 | x=(15+((13+21)-8)) | x 15 13 21 + 8 - + = | x:coin 15:coin 13:coin 21:coin +:coin 8:coin -:coin +:coin =:coin
EXPR: 0 | POS | INT | 2 | 15 | 26 | ((13-15)*(8-21))=x | 13 15 - 8 21 - * x = | 13:coin 15:coin -:coin 8:coin 21:coin -:coin *:coin x:coin =:coin
EXPR: 0 | POS | INT | 2 | 15 | 240 | x=(15*((8-13)+21)) | x 15 8 13 - 21 + * = | x:coin 15:coin 8:coin 13:coin -:coin 21:coin +:coin *:coin =:coin
EXPR: 0 | POS | INT | 2 | 15 |  | x=(15*((13-21)+8)) | x 15 13 21 - 8 + * = | x:coin 15:coin 13:coin 21:coin -:coin 8:coin +:coin *:coin =:coin
EXPR: 0 | POS | INT | 2 | 15 | 57 | x=(15+((13+21)+8)) | x 15 13 21 + 8 + + = | x:coin 15:coin 13:coin 21:coin +:coin 8:coin +:coin +:coin =:coin
EXPR: 0 | POS | INT | 2 | 15 | 41 | (15+(13+(21-8)))=x | 15 13 21 8 - + + x = | 15:coin 13:coin 21:coin 8:coin -:coin +:coin +:coin x:coin =:coin
EXPR: 0 | POS | INT | 2 | 15 | 16 | (15+(13/(21-8)))=x | 15 13 21 8 - / + x = | 15:coin 13:coin 21:coin 8:coin -:coin /:coin +:coin x:coin =:coin
EXPR: 1 | POS | INT | 2 | 15 | 15 | (15-((13-21)+8))=x | 15 13 21 - 8 + - x = | 15:coin 13:coin 21:coin -:coin 8:coin +:coin -:coin x:coin =:coin
EXPR: 0 | POS | INT | 2 | 15 | 57 | ((15+(13+21))+8)=x | 15 13 21 + + 8 + x = | 15:coin 13:coin 21:coin +:coin +:coin 8:coin +:coin x:coin =:coin
EXPR: 0 | POS | INT | 2 | 15 | zoo | (15/((13-21)+8))=x | 15 13 21 - 8 + / x = | 15:coin 13:coin 21:coin -:coin 8:coin +:coin /:coin x:coin =:coin
EXPR: 0 | POS | INT | 2 | 15 | 128 | (((15*8)-13)+21)=x | 15 8 * 13 - 21 + x = | 15:coin 8:coin *:coin 13:coin -:coin 21:coin +:coin x:coin =:coin
EXPR: 0 | POS | INT | 2 | 15 | 182 | (((15*13)-21)+8)=x | 15 13 * 21 - 8 + x = | 15:coin 13:coin *:coin 21:coin -:coin 8:coin +:coin x:coin =:coin
EXPR: 1 | POS | INT | 2 | 15 | 15 | x=(15-((13-21)+8)) | x 15 13 21 - 8 + - = | x:coin 15:coin 13:coin 21:coin -:coin 8:coin +:coin -:coin =:coin
EXPR: 0 | POS | INT | 2 | 15 | 41 | (((15-8)+13)+21)=x | 15 8 - 13 + 21 + x = | 15:coin 8:coin -:coin 13:coin +:coin 21:coin +:coin x:coin =:coin
EXPR: 0 | POS | INT | 2 | 15 | 31 | (((15-13)+21)+8)=x | 15 13 - 21 + 8 + x = | 15:coin 13:coin -:coin 21:coin +:coin 8:coin +:coin x:coin =:coin
EXPR: 0 | POS | INT | 2 | 15 | 14 | (15-(13/(21-8)))=x | 15 13 21 8 - / - x = | 15:coin 13:coin 21:coin 8:coin -:coin /:coin -:coin x:coin =:coin
EXPR: 0 | POS | INT | 2 | 15 | 14 | (15+((13-21)/8))=x | 15 13 21 - 8 / + x = | 15:coin 13:coin 21:coin -:coin 8:coin /:coin +:coin x:coin =:coin
EXPR: 0 | POS | INT | 2 | 15 | 392 | ((15+(13+21))*8)=x | 15 13 21 + + 8 * x = | 15:coin 13:coin 21:coin +:coin +:coin 8:coin *:coin x:coin =:coin
EXPR: 0 | POS | INT | 2 | 15 | 14 | x=(15+((13-21)/8)) | x 15 13 21 - 8 / + = | x:coin 15:coin 13:coin 21:coin -:coin 8:coin /:coin +:coin =:coin
EXPR: 0 | POS | INT | 2 | 15 | 4215 | (15*((13*21)+8))=x | 15 13 21 * 8 + * x = | 15:coin 13:coin 21:coin *:coin 8:coin +:coin *:coin x:coin =:coin
EXPR: 0 | POS | INT | 3 | 15 | 41 | ((15+(13+21))-8)=x | 15 13 21 + + 8 - x = | 15:coin 13:coin 21:coin +:coin +:coin 8:coin -:coin x:coin =:coin
EXPR: 0 | POS | INT | 3 | 15 | 280 | x=(15+((13*21)-8)) | x 15 13 21 * 8 - + = | x:coin 15:coin 13:coin 21:coin *:coin 8:coin -:coin +:coin =:coin
EXPR: 0 | POS | INT | 4 | 15 | 448 | (((x-13)/15)-8)=21 | x 13 - 15 / 8 - 21 = | x:coin 13:coin -:coin 15:coin /:coin 8:coin -:coin 21:coin =:coin
EXPR: 0 | POS | INT | 4 | 15 | 287 | (((x-15)/8)-13)=21 | x 15 - 8 / 13 - 21 = | x:coin 15:coin -:coin 8:coin /:coin 13:coin -:coin 21:coin =:coin
EXPR: 1 | POS | INT | 4 | 15 | 15 | (((15+8)+13)-x)=21 | 15 8 + 13 + x - 21 = | 15:coin 8:coin +:coin 13:coin +:coin x:coin -:coin 21:coin =:coin
EXPR: 0 | POS | INT | 4 | 15 | 41 | (((15+13)+21)-x)=8 | 15 13 + 21 + x - 8 = | 15:coin 13:coin +:coin 21:coin +:coin x:coin -:coin 8:coin =:coin
EXPR: 0 | POS | INT | 4 | 15 | 70 | (((15-8)*13)-x)=21 | 15 8 - 13 * x - 21 = | 15:coin 8:coin -:coin 13:coin *:coin x:coin -:coin 21:coin =:coin
EXPR: 0 | POS | INT | 4 | 15 | 34 | (((15-13)*21)-x)=8 | 15 13 - 21 * x - 8 = | 15:coin 13:coin -:coin 21:coin *:coin x:coin -:coin 8:coin =:coin
EXPR: 1 | POS | INT | 4 | 15 | 15 | (13+(15-(21-8)))=x | 13 15 21 8 - - + x = | 13:coin 15:coin 21:coin 8:coin -:coin -:coin +:coin x:coin =:coin
EXPR: 0 | POS | INT | 4 | 15 | 208 | (13+(15*(21-8)))=x | 13 15 21 8 - * + x = | 13:coin 15:coin 21:coin 8:coin -:coin *:coin +:coin x:coin =:coin
EXPR: 0 | POS | INT | 5 | 15 | 960 | x=((15*8)*(21-13)) | x 15 8 * 21 13 - * = | x:coin 15:coin 8:coin *:coin 21:coin 13:coin -:coin *:coin =:coin
EXPR: 0 | POS | INT | 5 | 15 | 56 | (((15-21)+13)*8)=x | 15 21 - 13 + 8 * x = | 15:coin 21:coin -:coin 13:coin +:coin 8:coin *:coin x:coin =:coin
EXPR: 0 | POS | INT | 5 | 15 | 364 | (((15-8)+21)*13)=x | 15 8 - 21 + 13 * x = | 15:coin 8:coin -:coin 21:coin +:coin 13:coin *:coin x:coin =:coin
EXPR: 0 | POS | INT | 5 | 15 | 2715 | x=(15*((8*21)+13)) | x 15 8 21 * 13 + * = | x:coin 15:coin 8:coin 21:coin *:coin 13:coin +:coin *:coin =:coin
EXPR: 0 | POS | INT | 5 | 15 | 1287 | (((15*8)-21)*13)=x | 15 8 * 21 - 13 * x = | 15:coin 8:coin *:coin 21:coin -:coin 13:coin *:coin x:coin =:coin
EXPR: 0 | POS | INT | 5 | 15 | 26 | (((15+8)-21)*13)=x | 15 8 + 21 - 13 * x = | 15:coin 8:coin +:coin 21:coin -:coin 13:coin *:coin x:coin =:coin
EXPR: 0 | POS | INT | 5 | 15 | 419 | x=((13*8)+(15*21)) | x 13 8 * 15 21 * + = | x:coin 13:coin 8:coin *:coin 15:coin 21:coin *:coin +:coin =:coin
EXPR: 0 | POS | INT | 5 | 15 | 1833 | (((15*8)+21)*13)=x | 15 8 * 21 + 13 * x = | 15:coin 8:coin *:coin 21:coin +:coin 13:coin *:coin x:coin =:coin
EXPR: 0 | POS | INT | 5 | 15 | 31 | (((15+8)+21)-13)=x | 15 8 + 21 + 13 - x = | 15:coin 8:coin +:coin 21:coin +:coin 13:coin -:coin x:coin =:coin
EXPR: 0 | POS | INT | 5 | 15 | 572 | (((15+8)+21)*13)=x | 15 8 + 21 + 13 * x = | 15:coin 8:coin +:coin 21:coin +:coin 13:coin *:coin x:coin =:coin
EXPR: 0 | POS | INT | 5 | 15 | 448 | ((15*(8+21))+13)=x | 15 8 21 + * 13 + x = | 15:coin 8:coin 21:coin +:coin *:coin 13:coin +:coin x:coin =:coin
EXPR: 0 | POS | INT | 5 | 15 | 196 | x=(15+((8*21)+13)) | x 15 8 21 * 13 + + = | x:coin 15:coin 8:coin 21:coin *:coin 13:coin +:coin +:coin =:coin
EXPR: 0 | POS | INT | 5 | 15 | 2325 | x=(15*((8*21)-13)) | x 15 8 21 * 13 - * = | x:coin 15:coin 8:coin 21:coin *:coin 13:coin -:coin *:coin =:coin
EXPR: 0 | POS | INT | 5 | 15 | 57 | (((15+8)+21)+13)=x | 15 8 + 21 + 13 + x = | 15:coin 8:coin +:coin 21:coin +:coin 13:coin +:coin x:coin =:coin
EXPR: 0 | POS | INT | 5 | 15 | 170 | x=(15+((8*21)-13)) | x 15 8 21 * 13 - + = | x:coin 15:coin 8:coin 21:coin *:coin 13:coin -:coin +:coin =:coin
EXPR: 1 | POS | INT | 5 | 15 | 15 | ((15+(8-21))+13)=x | 15 8 21 - + 13 + x = | 15:coin 8:coin 21:coin -:coin +:coin 13:coin +:coin x:coin =:coin
EXPR: 1 | POS | INT | 5 | 15 | 15 | (15+(8-(21-13)))=x | 15 8 21 13 - - + x = | 15:coin 8:coin 21:coin 13:coin -:coin -:coin +:coin x:coin =:coin
EXPR: 0 | POS | INT | 5 | 15 | 41 | x=(15-((8-21)-13)) | x 15 8 21 - 13 - - = | x:coin 15:coin 8:coin 21:coin -:coin 13:coin -:coin -:coin =:coin
EXPR: 0 | POS | INT | 5 | 15 | 240 | x=(15*((8+21)-13)) | x 15 8 21 + 13 - * = | x:coin 15:coin 8:coin 21:coin +:coin 13:coin -:coin *:coin =:coin
EXPR: 1 | POS | INT | 5 | 15 | 15 | (((15+8)-21)+13)=x | 15 8 + 21 - 13 + x = | 15:coin 8:coin +:coin 21:coin -:coin 13:coin +:coin x:coin =:coin
EXPR: 0 | POS | INT | 5 | 15 | 422 | ((15*(8+21))-13)=x | 15 8 21 + * 13 - x = | 15:coin 8:coin 21:coin +:coin *:coin 13:coin -:coin x:coin =:coin
EXPR: 0 | POS | INT | 5 | 15 | 630 | x=(15*((8+21)+13)) | x 15 8 21 + 13 + * = | x:coin 15:coin 8:coin 21:coin +:coin 13:coin +:coin *:coin =:coin
EXPR: 0 | POS | INT | 5 | 15 | 57 | ((15+(8+21))+13)=x | 15 8 21 + + 13 + x = | 15:coin 8:coin 21:coin +:coin +:coin 13:coin +:coin x:coin =:coin
EXPR: 0 | POS | INT | 5 | 15 | 31 | x=(15+((8+21)-13)) | x 15 8 21 + 13 - + = | x:coin 15:coin 8:coin 21:coin +:coin 13:coin -:coin +:coin =:coin
EXPR: 0 | POS | INT | 5 | 15 | 392 | x=(15+((8+21)*13)) | x 15 8 21 + 13 * + = | x:coin 15:coin 8:coin 21:coin +:coin 13:coin *:coin +:coin =:coin
EXPR: 0 | POS | INT | 5 | 15 | 31 | ((15+(8+21))-13)=x | 15 8 21 + + 13 - x = | 15:coin 8:coin 21:coin +:coin +:coin 13:coin -:coin x:coin =:coin
EXPR: 0 | POS | INT | 5 | 15 | 26 | ((15+(8-21))*13)=x | 15 8 21 - + 13 * x = | 15:coin 8:coin 21:coin -:coin +:coin 13:coin *:coin x:coin =:coin
EXPR: 0 | POS | INT | 5 | 15 |  | x=(15*((8-21)+13)) | x 15 8 21 - 13 + * = | x:coin 15:coin 8:coin 21:coin -:coin 13:coin +:coin *:coin =:coin
EXPR: 0 | POS | INT | 5 | 15 | 57 | x=(15+((8+21)+13)) | x 15 8 21 + 13 + + = | x:coin 15:coin 8:coin 21:coin +:coin 13:coin +:coin +:coin =:coin
EXPR: 0 | POS | INT | 5 | 15 | 112 | (((15*8)-21)+13)=x | 15 8 * 21 - 13 + x = | 15:coin 8:coin *:coin 21:coin -:coin 13:coin +:coin x:coin =:coin
EXPR: 0 | POS | INT | 5 | 15 | 41 | (((15-8)+21)+13)=x | 15 8 - 21 + 13 + x = | 15:coin 8:coin -:coin 21:coin +:coin 13:coin +:coin x:coin =:coin
EXPR: 0 | POS | INT | 5 | 15 | 572 | ((15+(8+21))*13)=x | 15 8 21 + + 13 * x = | 15:coin 8:coin 21:coin +:coin +:coin 13:coin *:coin x:coin =:coin
EXPR: 0 | POS | INT | 5 | 15 | 2715 | (15*((8*21)+13))=x | 15 8 21 * 13 + * x = | 15:coin 8:coin 21:coin *:coin 13:coin +:coin *:coin x:coin =:coin
EXPR: 1 | POS | INT | 5 | 15 | 15 | x=(15-((8-21)+13)) | x 15 8 21 - 13 + - = | x:coin 15:coin 8:coin 21:coin -:coin 13:coin +:coin -:coin =:coin
EXPR: 0 | POS | INT | 6 | 15 | 14 | x=(15+((8-21)/13)) | x 15 8 21 - 13 / + = | x:coin 15:coin 8:coin 21:coin -:coin 13:coin /:coin +:coin =:coin
EXPR: 0 | POS | INT | 7 | 15 | 301 | (((x-13)/8)-15)=21 | x 13 - 8 / 15 - 21 = | x:coin 13:coin -:coin 8:coin /:coin 15:coin -:coin 21:coin =:coin
EXPR: 0 | POS | INT | 7 | 15 | 56 | ((13-(x/8))+15)=21 | 13 x 8 / - 15 + 21 = | 13:coin x:coin 8:coin /:coin -:coin 15:coin +:coin 21:coin =:coin
EXPR: 0 | POS | INT | 7 | 15 | 31 | (((15+8)+21)-x)=13 | 15 8 + 21 + x - 13 = | 15:coin 8:coin +:coin 21:coin +:coin x:coin -:coin 13:coin =:coin
EXPR: 1 | POS | INT | 7 | 15 | 15 | ((13+(8-x))+15)=21 | 13 8 x - + 15 + 21 = | 13:coin 8:coin x:coin -:coin +:coin 15:coin +:coin 21:coin =:coin
EXPR: 0 | POS | INT | 7 | 15 | 134 | (((15-8)*21)-x)=13 | 15 8 - 21 * x - 13 = | 15:coin 8:coin -:coin 21:coin *:coin x:coin -:coin 13:coin =:coin
EXPR: 0 | POS | INT | 8 | 15 | 182 | (((8-15)+21)*13)=x | 8 15 - 21 + 13 * x = | 8:coin 15:coin -:coin 21:coin +:coin 13:coin *:coin x:coin =:coin
EXPR: 0 | POS | INT | 8 | 15 | 31 | x=(8+((15+21)-13)) | x 8 15 21 + 13 - + = | x:coin 8:coin 15:coin 21:coin +:coin 13:coin -:coin +:coin =:coin
EXPR: 0 | POS | INT | 8 | 15 | 2624 | x=(8*((15*21)+13)) | x 8 15 21 * 13 + * = | x:coin 8:coin 15:coin 21:coin *:coin 13:coin +:coin *:coin =:coin
EXPR: 0 | POS | INT | 8 | 15 | 26 | ((8+(15-21))*13)=x | 8 15 21 - + 13 * x = | 8:coin 15:coin 21:coin -:coin +:coin 13:coin *:coin x:coin =:coin
EXPR: 0 | POS | INT | 9 | 15 | 11 | (((13-8)+21)-15)=x | 13 8 - 21 + 15 - x = | 13:coin 8:coin -:coin 21:coin +:coin 15:coin -:coin x:coin =:coin
EXPR: 0 | POS | INT | 9 | 15 | 0 | (((13+8)-21)/15)=x | 13 8 + 21 - 15 / x = | 13:coin 8:coin +:coin 21:coin -:coin 15:coin /:coin x:coin =:coin
EXPR: 0 | POS | INT | 9 | 15 | 110 | x=((13*8)+(21-15)) | x 13 8 * 21 15 - + = | x:coin 13:coin 8:coin *:coin 21:coin 15:coin -:coin +:coin =:coin
EXPR: 0 | POS | INT | 9 | 15 | 27 | (((13+8)+21)-15)=x | 13 8 + 21 + 15 - x = | 13:coin 8:coin +:coin 21:coin +:coin 15:coin -:coin x:coin =:coin
EXPR: 0 | POS | INT | 9 | 15 | 630 | (((13+8)+21)*15)=x | 13 8 + 21 + 15 * x = | 13:coin 8:coin +:coin 21:coin +:coin 15:coin *:coin x:coin =:coin
EXPR: 0 | POS | INT | 9 | 15 | 390 | (((13-8)+21)*15)=x | 13 8 - 21 + 15 * x = | 13:coin 8:coin -:coin 21:coin +:coin 15:coin *:coin x:coin =:coin
EXPR: 0 | POS | INT | 9 | 15 | 572 | x=(13*((8+21)+15)) | x 13 8 21 + 15 + * = | x:coin 13:coin 8:coin 21:coin +:coin 15:coin +:coin *:coin =:coin
EXPR: 0 | POS | INT | 9 | 15 | 2379 | x=(13*((8*21)+15)) | x 13 8 21 * 15 + * = | x:coin 13:coin 8:coin 21:coin *:coin 15:coin +:coin *:coin =:coin
EXPR: 0 | POS | INT | 9 | 15 | 624 | x=((13*8)*(21-15)) | x 13 8 * 21 15 - * = | x:coin 13:coin 8:coin *:coin 21:coin 15:coin -:coin *:coin =:coin
EXPR: 0 | POS | INT | 9 | 15 | 196 | x=(13+((8*21)+15)) | x 13 8 21 * 15 + + = | x:coin 13:coin 8:coin 21:coin *:coin 15:coin +:coin +:coin =:coin
EXPR: 0 | POS | INT | 9 | 15 | 392 | ((13*(8+21))+15)=x | 13 8 21 + * 15 + x = | 13:coin 8:coin 21:coin +:coin *:coin 15:coin +:coin x:coin =:coin
EXPR: 0 | POS | INT | 9 | 15 | 50 | ((21*(15-13))+8)=x | 21 15 13 - * 8 + x = | 21:coin 15:coin 13:coin -:coin *:coin 8:coin +:coin x:coin =:coin
EXPR: 0 | POS | INT | 9 | 15 | 27 | ((21-(15-13))+8)=x | 21 15 13 - - 8 + x = | 21:coin 15:coin 13:coin -:coin -:coin 8:coin +:coin x:coin =:coin
EXPR: 0 | POS | INT | 9 | 15 | 90 | (((13-8)*21)-15)=x | 13 8 - 21 * 15 - x = | 13:coin 8:coin -:coin 21:coin *:coin 15:coin -:coin x:coin =:coin
EXPR: 0 | POS | INT | 9 | 15 | 0 | ((13+(8-21))*15)=x | 13 8 21 - + 15 * x = | 13:coin 8:coin 21:coin -:coin +:coin 15:coin *:coin x:coin =:coin
EXPR: 0 | POS | INT | 9 | 15 | 166 | x=(13+((8*21)-15)) | x 13 8 21 * 15 - + = | x:coin 13:coin 8:coin 21:coin *:coin 15:coin -:coin +:coin =:coin
EXPR: 0 | POS | INT | 9 | 15 | 57 | x=(13+((8+21)+15)) | x 13 8 21 + 15 + + = | x:coin 13:coin 8:coin 21:coin +:coin 15:coin +:coin +:coin =:coin
EXPR: 0 | POS | INT | 9 | 15 | 27 | x=(13+((8+21)-15)) | x 13 8 21 + 15 - + = | x:coin 13:coin 8:coin 21:coin +:coin 15:coin -:coin +:coin =:coin
EXPR: 0 | POS | INT | 9 | 15 | 14 | ((13/(8-21))+15)=x | 13 8 21 - / 15 + x = | 13:coin 8:coin 21:coin -:coin /:coin 15:coin +:coin x:coin =:coin
EXPR: 0 | POS | INT | 9 | 15 | 26 | (13*(8-(21-15)))=x | 13 8 21 15 - - * x = | 13:coin 8:coin 21:coin 15:coin -:coin -:coin *:coin x:coin =:coin
EXPR: 0 | POS | INT | 10 | 15 | 420 | ((13-(x/21))+15)=8 | 13 x 21 / - 15 + 8 = | 13:coin x:coin 21:coin /:coin -:coin 15:coin +:coin 8:coin =:coin
EXPR: 0 | POS | INT | 11 | 15 | 140 | 13=((8*21)-(x+15)) | 13 8 21 * x 15 + - = | 13:coin 8:coin 21:coin *:coin x:coin 15:coin +:coin -:coin =:coin
EXPR: 0 | POS | INT | 11 | 15 | 27 | (((13+21)+8)-15)=x | 13 21 + 8 + 15 - x = | 13:coin 21:coin +:coin 8:coin +:coin 15:coin -:coin x:coin =:coin
EXPR: 0 | POS | INT | 11 | 15 | 1 | 13=(8+((21-15)-x)) | 13 8 21 15 - x - + = | 13:coin 8:coin 21:coin 15:coin -:coin x:coin -:coin +:coin =:coin
EXPR: 0 | POS | INT | 11 | 15 | 630 | (((13+21)+8)*15)=x | 13 21 + 8 + 15 * x = | 13:coin 21:coin +:coin 8:coin +:coin 15:coin *:coin x:coin =:coin
EXPR: 0 | POS | INT | 11 | 15 | 240 | (((8-13)+21)*15)=x | 8 13 - 21 + 15 * x = | 8:coin 13:coin -:coin 21:coin +:coin 15:coin *:coin x:coin =:coin
EXPR: 0 | POS | INT | 11 | 15 | 27 | x=(8+((13+21)-15)) | x 8 13 21 + 15 - + = | x:coin 8:coin 13:coin 21:coin +:coin 15:coin -:coin +:coin =:coin
EXPR: 0 | POS | INT | 11 | 15 | 2304 | x=(8*((13*21)+15)) | x 8 13 21 * 15 + * = | x:coin 8:coin 13:coin 21:coin *:coin 15:coin +:coin *:coin =:coin
EXPR: 1 | POS | INT | 11 | 15 | 15 | (13+(8-(21-x)))=15 | 13 8 21 x - - + 15 = | 13:coin 8:coin 21:coin x:coin -:coin -:coin +:coin 15:coin =:coin
EXPR: 0 | POS | INT | 11 | 15 | 0 | ((8+(13-21))*15)=x | 8 13 21 - + 15 * x = | 8:coin 13:coin 21:coin -:coin +:coin 15:coin *:coin x:coin =:coin
EXPR: 0 | POS | INT | 12 | 15 | 140 | ((x+15)+13)=(8*21) | x 15 + 13 + 8 21 * = | x:coin 15:coin +:coin 13:coin +:coin 8:coin 21:coin *:coin =:coin
EXPR: 0 | POS | INT | 12 | 15 | 2325 | ((x/15)+13)=(8*21) | x 15 / 13 + 8 21 * = | x:coin 15:coin /:coin 13:coin +:coin 8:coin 21:coin *:coin =:coin
EXPR: 0 | POS | INT | 12 | 15 | 11 | (15+x)=((13-8)+21) | 15 x + 13 8 - 21 + = | 15:coin x:coin +:coin 13:coin 8:coin -:coin 21:coin +:coin =:coin
EXPR: 0 | POS | INT | 12 | 15 | 57 | ((8+21)+(15+13))=x | 8 21 + 15 13 + + x = | 8:coin 21:coin +:coin 15:coin 13:coin +:coin +:coin x:coin =:coin
EXPR: 0 | POS | INT | 13 | 15 | - | ((21-13)-(15/x))=8 | 21 13 - 15 x / - 8 = | 21:coin 13:coin -:coin 15:coin x:coin /:coin -:coin 8:coin =:coin
EXPR: 0 | POS | INT | 14 | 15 | 250 | ((x+15)+8)=(13*21) | x 15 + 8 + 13 21 * = | x:coin 15:coin +:coin 8:coin +:coin 13:coin 21:coin *:coin =:coin
EXPR: 0 | POS | INT | 14 | 15 | 140 | ((x+13)+15)=(8*21) | x 13 + 15 + 8 21 * = | x:coin 13:coin +:coin 15:coin +:coin 8:coin 21:coin *:coin =:coin
EXPR: 0 | POS | INT | 14 | 15 | 210 | ((8-(x/21))+15)=13 | 8 x 21 / - 15 + 13 = | 8:coin x:coin 21:coin /:coin -:coin 15:coin +:coin 13:coin =:coin
EXPR: 0 | POS | INT | 14 | 15 | 31 | ((8+(21-x))+15)=13 | 8 21 x - + 15 + 13 = | 8:coin 21:coin x:coin -:coin +:coin 15:coin +:coin 13:coin =:coin
NET 236 unique, non-negative, integer-valued solutions found out of 828 total solutions
