parameters: n=9 l=4 k=1 p=5 q=1 m=10
TOTAL 785 solutions found
SOLN: CORRECT | POS/NEG | INT/FRA | OBJ-SCORE | TRUE-ANS | ANS | INFIX | POSTFIX | TYPED-POSTFIX
EXPR: 0 | POS | INT | 0 | 1 | 41 | x=((8.0+13.0)+(2.0+18.0)) | x 8.0 13.0 + 2.0 18.0 + + = | x:money 8.0:money 13.0:money +:money 2.0:money 18.0:money +:money +:money =:money
EXPR: 0 | POS | INT | 0 | 1 | 2080 | x=((8.0*13.0)*(2.0+18.0)) | x 8.0 13.0 * 2.0 18.0 + * = | x:money 8.0:money 13.0:money *:money 2.0:money 18.0:money +:money *:money =:money
EXPR: 0 | POS | INT | 0 | 1 | 124 | x=((8.0*13.0)+(2.0+18.0)) | x 8.0 13.0 * 2.0 18.0 + + = | x:money 8.0:money 13.0:money *:money 2.0:money 18.0:money +:money +:money =:money
EXPR: 0 | POS | INT | 0 | 1 | 342 | (((8.0+13.0)-2.0)*18.0)=x | 8.0 13.0 + 2.0 - 18.0 * x = | 8.0:money 13.0:money +:money 2.0:money -:money 18.0:money *:money x:money =:money
EXPR: 0 | POS | INT | 0 | 1 | 88 | x=((8.0*13.0)+(2.0-18.0)) | x 8.0 13.0 * 2.0 18.0 - + = | x:money 8.0:money 13.0:money *:money 2.0:money 18.0:money -:money +:money =:money
EXPR: 0 | POS | INT | 0 | 1 | 352 | x=(8.0*((13.0*2.0)+18.0)) | x 8.0 13.0 2.0 * 18.0 + * = | x:money 8.0:money 13.0:money 2.0:money *:money 18.0:money +:money *:money =:money
EXPR: 0 | POS | INT | 0 | 1 | 1908 | (((8.0*13.0)+2.0)*18.0)=x | 8.0 13.0 * 2.0 + 18.0 * x = | 8.0:money 13.0:money *:money 2.0:money +:money 18.0:money *:money x:money =:money
EXPR: 0 | POS | INT | 0 | 1 | 1836 | (((8.0*13.0)-2.0)*18.0)=x | 8.0 13.0 * 2.0 - 18.0 * x = | 8.0:money 13.0:money *:money 2.0:money -:money 18.0:money *:money x:money =:money
EXPR: 0 | POS | INT | 0 | 1 | 140 | x=((8.0*13.0)+(2.0*18.0)) | x 8.0 13.0 * 2.0 18.0 * + = | x:money 8.0:money 13.0:money *:money 2.0:money 18.0:money *:money +:money =:money
EXPR: 0 | POS | INT | 0 | 1 | 5 | (((8.0+13.0)+2.0)-18.0)=x | 8.0 13.0 + 2.0 + 18.0 - x = | 8.0:money 13.0:money +:money 2.0:money +:money 18.0:money -:money x:money =:money
EXPR: 0 | POS | INT | 0 | 1 | 414 | (((8.0+13.0)+2.0)*18.0)=x | 8.0 13.0 + 2.0 + 18.0 * x = | 8.0:money 13.0:money +:money 2.0:money +:money 18.0:money *:money x:money =:money
EXPR: 0 | POS | INT | 0 | 1 | 138 | ((8.0*(13.0+2.0))+18.0)=x | 8.0 13.0 2.0 + * 18.0 + x = | 8.0:money 13.0:money 2.0:money +:money *:money 18.0:money +:money x:money =:money
EXPR: 0 | POS | INT | 0 | 1 | 52 | x=(8.0+((13.0*2.0)+18.0)) | x 8.0 13.0 2.0 * 18.0 + + = | x:money 8.0:money 13.0:money 2.0:money *:money 18.0:money +:money +:money =:money
EXPR: 0 | POS | INT | 0 | 1 | 64 | x=(8.0*((13.0*2.0)-18.0)) | x 8.0 13.0 2.0 * 18.0 - * = | x:money 8.0:money 13.0:money 2.0:money *:money 18.0:money -:money *:money =:money
EXPR: 0 | POS | INT | 0 | 1 | 41 | ((8.0+13.0)+(2.0+18.0))=x | 8.0 13.0 + 2.0 18.0 + + x = | 8.0:money 13.0:money +:money 2.0:money 18.0:money +:money +:money x:money =:money
EXPR: 0 | POS | INT | 0 | 1 | 106 | ((8.0*(13.0-2.0))+18.0)=x | 8.0 13.0 2.0 - * 18.0 + x = | 8.0:money 13.0:money 2.0:money -:money *:money 18.0:money +:money x:money =:money
EXPR: 0 | POS | INT | 0 | 1 | 102 | ((8.0*(13.0+2.0))-18.0)=x | 8.0 13.0 2.0 + * 18.0 - x = | 8.0:money 13.0:money 2.0:money +:money *:money 18.0:money -:money x:money =:money
EXPR: 0 | POS | INT | 0 | 1 | 37 | (8.0+(13.0-(2.0-18.0)))=x | 8.0 13.0 2.0 18.0 - - + x = | 8.0:money 13.0:money 2.0:money 18.0:money -:money -:money +:money x:money =:money
EXPR: 0 | POS | INT | 0 | 1 | 41 | (((8.0+13.0)+2.0)+18.0)=x | 8.0 13.0 + 2.0 + 18.0 + x = | 8.0:money 13.0:money +:money 2.0:money +:money 18.0:money +:money x:money =:money
EXPR: 1 | POS | INT | 0 | 1 | 1 | (8.0+(13.0-(2.0+18.0)))=x | 8.0 13.0 2.0 18.0 + - + x = | 8.0:money 13.0:money 2.0:money 18.0:money +:money -:money +:money x:money =:money
EXPR: 0 | POS | INT | 0 | 1 | 41 | (8.0+(13.0+(2.0+18.0)))=x | 8.0 13.0 2.0 18.0 + + + x = | 8.0:money 13.0:money 2.0:money 18.0:money +:money +:money +:money x:money =:money
EXPR: 0 | POS | INT | 0 | 1 | 342 | ((8.0+(13.0-2.0))*18.0)=x | 8.0 13.0 2.0 - + 18.0 * x = | 8.0:money 13.0:money 2.0:money -:money +:money 18.0:money *:money x:money =:money
EXPR: 0 | POS | INT | 0 | 1 | 15 | (8.0-(13.0-(2.0+18.0)))=x | 8.0 13.0 2.0 18.0 + - - x = | 8.0:money 13.0:money 2.0:money 18.0:money +:money -:money -:money x:money =:money
EXPR: 0 | POS | INT | 0 | 1 | 261 | ((8.0+(13.0/2.0))*18.0)=x | 8.0 13.0 2.0 / + 18.0 * x = | 8.0:money 13.0:money 2.0:money /:money +:money 18.0:money *:money x:money =:money
EXPR: 1 | POS | INT | 0 | 1 | 1 | x=(8.0/((13.0*2.0)-18.0)) | x 8.0 13.0 2.0 * 18.0 - / = | x:money 8.0:money 13.0:money 2.0:money *:money 18.0:money -:money /:money =:money
EXPR: 0 | POS | INT | 0 | 1 | 196 | x=(8.0*((13.0/2.0)+18.0)) | x 8.0 13.0 2.0 / 18.0 + * = | x:money 8.0:money 13.0:money 2.0:money /:money 18.0:money +:money *:money =:money
EXPR: 0 | POS | INT | 0 | 1 | 15 | x=(8.0-((13.0-2.0)-18.0)) | x 8.0 13.0 2.0 - 18.0 - - = | x:money 8.0:money 13.0:money 2.0:money -:money 18.0:money -:money -:money =:money
EXPR: 0 | POS | INT | 0 | 1 | 70 | ((8.0*(13.0-2.0))-18.0)=x | 8.0 13.0 2.0 - * 18.0 - x = | 8.0:money 13.0:money 2.0:money -:money *:money 18.0:money -:money x:money =:money
EXPR: 0 | POS | INT | 0 | 1 | 2080 | ((8.0*13.0)*(2.0+18.0))=x | 8.0 13.0 * 2.0 18.0 + * x = | 8.0:money 13.0:money *:money 2.0:money 18.0:money +:money *:money x:money =:money
EXPR: 0 | POS | INT | 0 | 1 | 11 | x=(8.0-((13.0+2.0)-18.0)) | x 8.0 13.0 2.0 + 18.0 - - = | x:money 8.0:money 13.0:money 2.0:money +:money 18.0:money -:money -:money =:money
EXPR: 0 | POS | INT | 0 | 1 | 5 | (8.0+(13.0+(2.0-18.0)))=x | 8.0 13.0 2.0 18.0 - + + x = | 8.0:money 13.0:money 2.0:money 18.0:money -:money +:money +:money x:money =:money
EXPR: 0 | POS | INT | 0 | 1 | 264 | (8.0*(13.0+(2.0+18.0)))=x | 8.0 13.0 2.0 18.0 + + * x = | 8.0:money 13.0:money 2.0:money 18.0:money +:money +:money *:money x:money =:money
EXPR: 0 | POS | INT | 0 | 1 | 11 | (8.0-(13.0+(2.0-18.0)))=x | 8.0 13.0 2.0 18.0 - + - x = | 8.0:money 13.0:money 2.0:money 18.0:money -:money +:money -:money x:money =:money
EXPR: 0 | POS | INT | 0 | 1 | 84 | x=((8.0*13.0)-(2.0+18.0)) | x 8.0 13.0 * 2.0 18.0 + - = | x:money 8.0:money 13.0:money *:money 2.0:money 18.0:money +:money -:money =:money
EXPR: 0 | POS | INT | 0 | 1 | 232 | (8.0*(13.0-(2.0-18.0)))=x | 8.0 13.0 2.0 18.0 - - * x = | 8.0:money 13.0:money 2.0:money 18.0:money -:money -:money *:money x:money =:money
EXPR: 1 | POS | INT | 0 | 1 | 1 | ((8.0+(13.0-2.0))-18.0)=x | 8.0 13.0 2.0 - + 18.0 - x = | 8.0:money 13.0:money 2.0:money -:money +:money 18.0:money -:money x:money =:money
EXPR: 0 | POS | INT | 0 | 1 | 16 | x=(8.0+((13.0*2.0)-18.0)) | x 8.0 13.0 2.0 * 18.0 - + = | x:money 8.0:money 13.0:money 2.0:money *:money 18.0:money -:money +:money =:money
EXPR: 0 | POS | INT | 0 | 1 | 5 | x=(8.0+((13.0+2.0)-18.0)) | x 8.0 13.0 2.0 + 18.0 - + = | x:money 8.0:money 13.0:money 2.0:money +:money 18.0:money -:money +:money =:money
EXPR: 0 | POS | INT | 0 | 1 | 37 | ((8.0+(13.0-2.0))+18.0)=x | 8.0 13.0 2.0 - + 18.0 + x = | 8.0:money 13.0:money 2.0:money -:money +:money 18.0:money +:money x:money =:money
EXPR: 0 | POS | INT | 0 | 1 | 120 | x=((8.0*13.0)-(2.0-18.0)) | x 8.0 13.0 * 2.0 18.0 - - = | x:money 8.0:money 13.0:money *:money 2.0:money 18.0:money -:money -:money =:money
EXPR: 0 | POS | INT | 0 | 1 | 264 | x=(8.0*((13.0+2.0)+18.0)) | x 8.0 13.0 2.0 + 18.0 + * = | x:money 8.0:money 13.0:money 2.0:money +:money 18.0:money +:money *:money =:money
EXPR: 0 | POS | INT | 0 | 1 | 5 | ((8.0+(13.0+2.0))-18.0)=x | 8.0 13.0 2.0 + + 18.0 - x = | 8.0:money 13.0:money 2.0:money +:money +:money 18.0:money -:money x:money =:money
EXPR: 0 | POS | INT | 0 | 1 | 15 | ((8.0-13.0)+(2.0+18.0))=x | 8.0 13.0 - 2.0 18.0 + + x = | 8.0:money 13.0:money -:money 2.0:money 18.0:money +:money +:money x:money =:money
EXPR: 0 | POS | INT | 0 | 1 | 37 | (((8.0+13.0)-2.0)+18.0)=x | 8.0 13.0 + 2.0 - 18.0 + x = | 8.0:money 13.0:money +:money 2.0:money -:money 18.0:money +:money x:money =:money
EXPR: 0 | POS | INT | 0 | 1 | 80 | x=((8.0-13.0)*(2.0-18.0)) | x 8.0 13.0 - 2.0 18.0 - * = | x:money 8.0:money 13.0:money -:money 2.0:money 18.0:money -:money *:money =:money
EXPR: 0 | POS | INT | 0 | 1 | 41 | ((8.0+(13.0+2.0))+18.0)=x | 8.0 13.0 2.0 + + 18.0 + x = | 8.0:money 13.0:money 2.0:money +:money +:money 18.0:money +:money x:money =:money
EXPR: 1 | POS | INT | 0 | 1 | 1 | (8.0+((13.0-2.0)-18.0))=x | 8.0 13.0 2.0 - 18.0 - + x = | 8.0:money 13.0:money 2.0:money -:money 18.0:money -:money +:money x:money =:money
EXPR: 0 | POS | INT | 0 | 1 | 278 | x=(8.0+((13.0+2.0)*18.0)) | x 8.0 13.0 2.0 + 18.0 * + = | x:money 8.0:money 13.0:money 2.0:money +:money 18.0:money *:money +:money =:money
EXPR: 0 | POS | INT | 0 | 1 | 420 | x=((8.0+13.0)*(2.0+18.0)) | x 8.0 13.0 + 2.0 18.0 + * = | x:money 8.0:money 13.0:money +:money 2.0:money 18.0:money +:money *:money =:money
EXPR: 0 | POS | INT | 0 | 1 | 5 | x=((8.0+13.0)+(2.0-18.0)) | x 8.0 13.0 + 2.0 18.0 - + = | x:money 8.0:money 13.0:money +:money 2.0:money 18.0:money -:money +:money =:money
EXPR: 0 | POS | INT | 0 | 1 | 57 | x=((8.0+13.0)+(2.0*18.0)) | x 8.0 13.0 + 2.0 18.0 * + = | x:money 8.0:money 13.0:money +:money 2.0:money 18.0:money *:money +:money =:money
EXPR: 0 | POS | INT | 0 | 1 | 124 | ((8.0*13.0)+(2.0+18.0))=x | 8.0 13.0 * 2.0 18.0 + + x = | 8.0:money 13.0:money *:money 2.0:money 18.0:money +:money +:money x:money =:money
EXPR: 0 | POS | INT | 0 | 1 | 68 | x=((8.0*13.0)-(2.0*18.0)) | x 8.0 13.0 * 2.0 18.0 * - = | x:money 8.0:money 13.0:money *:money 2.0:money 18.0:money *:money -:money =:money
EXPR: 0 | POS | INT | 0 | 1 | 232 | x=(8.0*((13.0-2.0)+18.0)) | x 8.0 13.0 2.0 - 18.0 + * = | x:money 8.0:money 13.0:money 2.0:money -:money 18.0:money +:money *:money =:money
EXPR: 0 | POS | INT | 0 | 1 | 31 | ((8.0-13.0)+(2.0*18.0))=x | 8.0 13.0 - 2.0 18.0 * + x = | 8.0:money 13.0:money -:money 2.0:money 18.0:money *:money +:money x:money =:money
EXPR: 0 | POS | INT | 0 | 1 | 41 | x=(8.0+((13.0+2.0)+18.0)) | x 8.0 13.0 2.0 + 18.0 + + = | x:money 8.0:money 13.0:money 2.0:money +:money 18.0:money +:money +:money =:money
EXPR: 0 | POS | INT | 0 | 1 | 268 | (8.0+(13.0*(2.0+18.0)))=x | 8.0 13.0 2.0 18.0 + * + x = | 8.0:money 13.0:money 2.0:money 18.0:money +:money *:money +:money x:money =:money
EXPR: 0 | POS | INT | 0 | 1 | 84 | ((8.0*13.0)-(2.0+18.0))=x | 8.0 13.0 * 2.0 18.0 + - x = | 8.0:money 13.0:money *:money 2.0:money 18.0:money +:money -:money x:money =:money
EXPR: 0 | POS | INT | 0 | 1 | 80 | ((8.0-13.0)*(2.0-18.0))=x | 8.0 13.0 - 2.0 18.0 - * x = | 8.0:money 13.0:money -:money 2.0:money 18.0:money -:money *:money x:money =:money
EXPR: 0 | POS | INT | 0 | 1 | 120 | ((8.0*13.0)-(2.0-18.0))=x | 8.0 13.0 * 2.0 18.0 - - x = | 8.0:money 13.0:money *:money 2.0:money 18.0:money -:money -:money x:money =:money
EXPR: 0 | POS | INT | 0 | 1 | 120 | (((8.0*13.0)-2.0)+18.0)=x | 8.0 13.0 * 2.0 - 18.0 + x = | 8.0:money 13.0:money *:money 2.0:money -:money 18.0:money +:money x:money =:money
EXPR: 1 | POS | INT | 0 | 1 | 1 | ((8.0+13.0)-(2.0+18.0))=x | 8.0 13.0 + 2.0 18.0 + - x = | 8.0:money 13.0:money +:money 2.0:money 18.0:money +:money -:money x:money =:money
EXPR: 0 | POS | INT | 0 | 1 | 206 | (8.0+((13.0-2.0)*18.0))=x | 8.0 13.0 2.0 - 18.0 * + x = | 8.0:money 13.0:money 2.0:money -:money 18.0:money *:money +:money x:money =:money
EXPR: 0 | POS | INT | 0 | 1 |  | x=(8.0-((13.0*2.0)-18.0)) | x 8.0 13.0 2.0 * 18.0 - - = | x:money 8.0:money 13.0:money 2.0:money *:money 18.0:money -:money -:money =:money
EXPR: 0 | POS | INT | 0 | 1 | 11 | (8.0-((13.0+2.0)-18.0))=x | 8.0 13.0 2.0 + 18.0 - - x = | 8.0:money 13.0:money 2.0:money +:money 18.0:money -:money -:money x:money =:money
EXPR: 0 | POS | INT | 0 | 1 | 88 | ((8.0*13.0)+(2.0-18.0))=x | 8.0 13.0 * 2.0 18.0 - + x = | 8.0:money 13.0:money *:money 2.0:money 18.0:money -:money +:money x:money =:money
EXPR: 0 | POS | INT | 0 | 1 | 0 | (8.0-((13.0*2.0)-18.0))=x | 8.0 13.0 2.0 * 18.0 - - x = | 8.0:money 13.0:money 2.0:money *:money 18.0:money -:money -:money x:money =:money
EXPR: 0 | POS | INT | 0 | 1 | 140 | ((8.0*13.0)+(2.0*18.0))=x | 8.0 13.0 * 2.0 18.0 * + x = | 8.0:money 13.0:money *:money 2.0:money 18.0:money *:money +:money x:money =:money
EXPR: 0 | POS | INT | 0 | 1 | 31 | x=((8.0-13.0)+(2.0*18.0)) | x 8.0 13.0 - 2.0 18.0 * + = | x:money 8.0:money 13.0:money -:money 2.0:money 18.0:money *:money +:money =:money
EXPR: 0 | POS | INT | 0 | 1 | 88 | x=(((8.0*13.0)+2.0)-18.0) | x 8.0 13.0 * 2.0 + 18.0 - = | x:money 8.0:money 13.0:money *:money 2.0:money +:money 18.0:money -:money =:money
EXPR: 0 | POS | INT | 0 | 1 | 15 | x=((8.0-13.0)+(2.0+18.0)) | x 8.0 13.0 - 2.0 18.0 + + = | x:money 8.0:money 13.0:money -:money 2.0:money 18.0:money +:money +:money =:money
EXPR: 0 | POS | INT | 0 | 1 | 0 | ((8.0-(13.0*2.0))+18.0)=x | 8.0 13.0 2.0 * - 18.0 + x = | 8.0:money 13.0:money 2.0:money *:money -:money 18.0:money +:money x:money =:money
EXPR: 0 | POS | INT | 2 | 1 | 268 | (((x-8.0)/13.0)-2.0)=18.0 | x 8.0 - 13.0 / 2.0 - 18.0 = | x:money 8.0:money -:money 13.0:money /:money 2.0:money -:money 18.0:money =:money
EXPR: 0 | POS | INT | 2 | 1 | 364 | x=(13.0*(8.0+(2.0+18.0))) | x 13.0 8.0 2.0 18.0 + + * = | x:money 13.0:money 8.0:money 2.0:money 18.0:money +:money +:money *:money =:money
EXPR: 0 | POS | INT | 2 | 1 | 306 | x=((13.0+(8.0/2.0))*18.0) | x 13.0 8.0 2.0 / + 18.0 * = | x:money 13.0:money 8.0:money 2.0:money /:money +:money 18.0:money *:money =:money
EXPR: 0 | POS | INT | 2 | 1 | 120 | x=((8.0*13.0)+(18.0-2.0)) | x 8.0 13.0 * 18.0 2.0 - + = | x:money 8.0:money 13.0:money *:money 18.0:money 2.0:money -:money +:money =:money
EXPR: 0 | POS | INT | 2 | 1 | 5 | (((8.0+13.0)+2.0)-x)=18.0 | 8.0 13.0 + 2.0 + x - 18.0 = | 8.0:money 13.0:money +:money 2.0:money +:money x:money -:money 18.0:money =:money
EXPR: 0 | POS | INT | 2 | 1 | 1664 | x=((8.0*13.0)*(18.0-2.0)) | x 8.0 13.0 * 18.0 2.0 - * = | x:money 8.0:money 13.0:money *:money 18.0:money 2.0:money -:money *:money =:money
EXPR: 0 | POS | INT | 2 | 1 | 61 | (((8.0*13.0)+18.0)/2.0)=x | 8.0 13.0 * 18.0 + 2.0 / x = | 8.0:money 13.0:money *:money 18.0:money +:money 2.0:money /:money x:money =:money
EXPR: 0 | POS | INT | 2 | 1 | 342 | (((8.0-2.0)+13.0)*18.0)=x | 8.0 2.0 - 13.0 + 18.0 * x = | 8.0:money 2.0:money -:money 13.0:money +:money 18.0:money *:money x:money =:money
EXPR: 0 | POS | INT | 2 | 1 | 26 | (((8.0-13.0)+18.0)*2.0)=x | 8.0 13.0 - 18.0 + 2.0 * x = | 8.0:money 13.0:money -:money 18.0:money +:money 2.0:money *:money x:money =:money
EXPR: 0 | POS | INT | 2 | 1 | 54 | (((8.0*2.0)-13.0)*18.0)=x | 8.0 2.0 * 13.0 - 18.0 * x = | 8.0:money 2.0:money *:money 13.0:money -:money 18.0:money *:money x:money =:money
EXPR: 0 | POS | INT | 2 | 1 | 172 | (((8.0*13.0)-18.0)*2.0)=x | 8.0 13.0 * 18.0 - 2.0 * x = | 8.0:money 13.0:money *:money 18.0:money -:money 2.0:money *:money x:money =:money
EXPR: 0 | POS | INT | 2 | 1 | 250 | x=((8.0*2.0)+(13.0*18.0)) | x 8.0 2.0 * 13.0 18.0 * + = | x:money 8.0:money 2.0:money *:money 13.0:money 18.0:money *:money +:money =:money
EXPR: 0 | POS | INT | 2 | 1 | 6 | (((8.0+13.0)-18.0)*2.0)=x | 8.0 13.0 + 18.0 - 2.0 * x = | 8.0:money 13.0:money +:money 18.0:money -:money 2.0:money *:money x:money =:money
EXPR: 0 | POS | INT | 2 | 1 | 306 | (((8.0/2.0)+13.0)*18.0)=x | 8.0 2.0 / 13.0 + 18.0 * x = | 8.0:money 2.0:money /:money 13.0:money +:money 18.0:money *:money x:money =:money
EXPR: 0 | POS | INT | 2 | 1 | 522 | (((8.0*2.0)+13.0)*18.0)=x | 8.0 2.0 * 13.0 + 18.0 * x = | 8.0:money 2.0:money *:money 13.0:money +:money 18.0:money *:money x:money =:money
EXPR: 0 | POS | INT | 2 | 1 | 244 | (((8.0*13.0)+18.0)*2.0)=x | 8.0 13.0 * 18.0 + 2.0 * x = | 8.0:money 13.0:money *:money 18.0:money +:money 2.0:money *:money x:money =:money
EXPR: 0 | POS | INT | 2 | 1 | 5 | (((8.0+2.0)+13.0)-18.0)=x | 8.0 2.0 + 13.0 + 18.0 - x = | 8.0:money 2.0:money +:money 13.0:money +:money 18.0:money -:money x:money =:money
EXPR: 0 | POS | INT | 2 | 1 | 37 | (((8.0+13.0)+18.0)-2.0)=x | 8.0 13.0 + 18.0 + 2.0 - x = | 8.0:money 13.0:money +:money 18.0:money +:money 2.0:money -:money x:money =:money
EXPR: 0 | POS | INT | 2 | 1 | 414 | (((8.0+2.0)+13.0)*18.0)=x | 8.0 2.0 + 13.0 + 18.0 * x = | 8.0:money 2.0:money +:money 13.0:money +:money 18.0:money *:money x:money =:money
EXPR: 0 | POS | INT | 2 | 1 | 78 | (((8.0+13.0)+18.0)*2.0)=x | 8.0 13.0 + 18.0 + 2.0 * x = | 8.0:money 13.0:money +:money 18.0:money +:money 2.0:money *:money x:money =:money
EXPR: 0 | POS | INT | 2 | 1 | 250 | ((8.0*(13.0+18.0))+2.0)=x | 8.0 13.0 18.0 + * 2.0 + x = | 8.0:money 13.0:money 18.0:money +:money *:money 2.0:money +:money x:money =:money
EXPR: 0 | POS | INT | 2 | 1 | 244 | x=(8.0+((13.0*18.0)+2.0)) | x 8.0 13.0 18.0 * 2.0 + + = | x:money 8.0:money 13.0:money 18.0:money *:money 2.0:money +:money +:money =:money
EXPR: 0 | POS | INT | 2 | 1 | 25 | ((13.0-8.0)+(2.0+18.0))=x | 13.0 8.0 - 2.0 18.0 + + x = | 13.0:money 8.0:money -:money 2.0:money 18.0:money +:money +:money x:money =:money
EXPR: 0 | POS | INT | 2 | 1 | 41 | (((8.0+2.0)+13.0)+18.0)=x | 8.0 2.0 + 13.0 + 18.0 + x = | 8.0:money 2.0:money +:money 13.0:money +:money 18.0:money +:money x:money =:money
EXPR: 0 | POS | INT | 2 | 1 | 41 | (((8.0+13.0)+18.0)+2.0)=x | 8.0 13.0 + 18.0 + 2.0 + x = | 8.0:money 13.0:money +:money 18.0:money +:money 2.0:money +:money x:money =:money
EXPR: 0 | POS | INT | 2 | 1 | 15 | (x-(8.0-(13.0-2.0)))=18.0 | x 8.0 13.0 2.0 - - - 18.0 = | x:money 8.0:money 13.0:money 2.0:money -:money -:money -:money 18.0:money =:money
EXPR: 0 | POS | INT | 2 | 1 | 43 | (((8.0*13.0)-18.0)/2.0)=x | 8.0 13.0 * 18.0 - 2.0 / x = | 8.0:money 13.0:money *:money 18.0:money -:money 2.0:money /:money x:money =:money
EXPR: 0 | POS | INT | 2 | 1 | 1888 | x=(8.0*((13.0*18.0)+2.0)) | x 8.0 13.0 18.0 * 2.0 + * = | x:money 8.0:money 13.0:money 18.0:money *:money 2.0:money +:money *:money =:money
EXPR: 0 | POS | INT | 2 | 1 | 1856 | x=(8.0*((13.0*18.0)-2.0)) | x 8.0 13.0 18.0 * 2.0 - * = | x:money 8.0:money 13.0:money 18.0:money *:money 2.0:money -:money *:money =:money
EXPR: 0 | POS | INT | 2 | 1 | 6 | ((8.0+(13.0-18.0))*2.0)=x | 8.0 13.0 18.0 - + 2.0 * x = | 8.0:money 13.0:money 18.0:money -:money +:money 2.0:money *:money x:money =:money
EXPR: 1 | POS | INT | 2 | 1 | 1 | ((8.0+(13.0-18.0))-2.0)=x | 8.0 13.0 18.0 - + 2.0 - x = | 8.0:money 13.0:money 18.0:money -:money +:money 2.0:money -:money x:money =:money
EXPR: 0 | POS | INT | 2 | 1 | 5 | ((8.0+(13.0-18.0))+2.0)=x | 8.0 13.0 18.0 - + 2.0 + x = | 8.0:money 13.0:money 18.0:money -:money +:money 2.0:money +:money x:money =:money
EXPR: 0 | POS | INT | 2 | 1 | 37 | (13.0+(8.0-(2.0-18.0)))=x | 13.0 8.0 2.0 18.0 - - + x = | 13.0:money 8.0:money 2.0:money 18.0:money -:money -:money +:money x:money =:money
EXPR: 0 | POS | INT | 2 | 1 | 5 | (8.0+(13.0-(18.0-2.0)))=x | 8.0 13.0 18.0 2.0 - - + x = | 8.0:money 13.0:money 18.0:money 2.0:money -:money -:money +:money x:money =:money
EXPR: 0 | POS | INT | 2 | 1 | 37 | x=(8.0-((2.0-13.0)-18.0)) | x 8.0 2.0 13.0 - 18.0 - - = | x:money 8.0:money 2.0:money 13.0:money -:money 18.0:money -:money -:money =:money
EXPR: 0 | POS | INT | 2 | 1 | 15 | x=(8.0-((13.0-18.0)-2.0)) | x 8.0 13.0 18.0 - 2.0 - - = | x:money 8.0:money 13.0:money 18.0:money -:money 2.0:money -:money -:money =:money
EXPR: 0 | POS | INT | 2 | 1 | 232 | (8.0*(13.0+(18.0-2.0)))=x | 8.0 13.0 18.0 2.0 - + * x = | 8.0:money 13.0:money 18.0:money 2.0:money -:money +:money *:money x:money =:money
EXPR: 0 | POS | INT | 2 | 1 | 232 | x=(8.0*((13.0+18.0)-2.0)) | x 8.0 13.0 18.0 + 2.0 - * = | x:money 8.0:money 13.0:money 18.0:money +:money 2.0:money -:money *:money =:money
EXPR: 0 | POS | INT | 2 | 1 | 246 | ((8.0*(13.0+18.0))-2.0)=x | 8.0 13.0 18.0 + * 2.0 - x = | 8.0:money 13.0:money 18.0:money +:money *:money 2.0:money -:money x:money =:money
EXPR: 0 | POS | INT | 2 | 1 | 216 | (8.0+(13.0*(18.0-2.0)))=x | 8.0 13.0 18.0 2.0 - * + x = | 8.0:money 13.0:money 18.0:money 2.0:money -:money *:money +:money x:money =:money
EXPR: 0 | POS | INT | 2 | 1 | 15 | (((8.0+2.0)-13.0)+18.0)=x | 8.0 2.0 + 13.0 - 18.0 + x = | 8.0:money 2.0:money +:money 13.0:money -:money 18.0:money +:money x:money =:money
EXPR: 0 | POS | INT | 2 | 1 | 5 | (((8.0+13.0)-18.0)+2.0)=x | 8.0 13.0 + 18.0 - 2.0 + x = | 8.0:money 13.0:money +:money 18.0:money -:money 2.0:money +:money x:money =:money
EXPR: 0 | POS | INT | 2 | 1 | 264 | x=(8.0*((13.0+18.0)+2.0)) | x 8.0 13.0 18.0 + 2.0 + * = | x:money 8.0:money 13.0:money 18.0:money +:money 2.0:money +:money *:money =:money
EXPR: 1 | POS | INT | 2 | 1 | 1 | (8.0+((13.0-18.0)-2.0))=x | 8.0 13.0 18.0 - 2.0 - + x = | 8.0:money 13.0:money 18.0:money -:money 2.0:money -:money +:money x:money =:money
EXPR: 1 | POS | INT | 2 | 1 | 1 | x=(8.0-((2.0-13.0)+18.0)) | x 8.0 2.0 13.0 - 18.0 + - = | x:money 8.0:money 2.0:money 13.0:money -:money 18.0:money +:money -:money =:money
EXPR: 0 | POS | INT | 2 | 1 | 70 | x=(8.0+((13.0+18.0)*2.0)) | x 8.0 13.0 18.0 + 2.0 * + = | x:money 8.0:money 13.0:money 18.0:money +:money 2.0:money *:money +:money =:money
EXPR: 0 | POS | INT | 2 | 1 | 37 | x=(8.0+((13.0+18.0)-2.0)) | x 8.0 13.0 18.0 + 2.0 - + = | x:money 8.0:money 13.0:money 18.0:money +:money 2.0:money -:money +:money =:money
EXPR: 0 | POS | INT | 2 | 1 | 56 | x=(8.0*((2.0-13.0)+18.0)) | x 8.0 2.0 13.0 - 18.0 + * = | x:money 8.0:money 2.0:money 13.0:money -:money 18.0:money +:money *:money =:money
EXPR: 0 | POS | INT | 2 | 1 | 41 | x=(8.0+((13.0+18.0)+2.0)) | x 8.0 13.0 18.0 + 2.0 + + = | x:money 8.0:money 13.0:money 18.0:money +:money 2.0:money +:money +:money =:money
EXPR: 0 | POS | INT | 2 | 1 | 37 | (8.0+(13.0+(18.0-2.0)))=x | 8.0 13.0 18.0 2.0 - + + x = | 8.0:money 13.0:money 18.0:money 2.0:money -:money +:money +:money x:money =:money
EXPR: 0 | POS | INT | 2 | 1 | 11 | (8.0-((13.0-18.0)+2.0))=x | 8.0 13.0 18.0 - 2.0 + - x = | 8.0:money 13.0:money 18.0:money -:money 2.0:money +:money -:money x:money =:money
EXPR: 0 | POS | INT | 2 | 1 | 41 | ((8.0+(13.0+18.0))+2.0)=x | 8.0 13.0 18.0 + + 2.0 + x = | 8.0:money 13.0:money 18.0:money +:money +:money 2.0:money +:money x:money =:money
EXPR: 0 | POS | INT | 2 | 1 | 21 | (((8.0*2.0)-13.0)+18.0)=x | 8.0 2.0 * 13.0 - 18.0 + x = | 8.0:money 2.0:money *:money 13.0:money -:money 18.0:money +:money x:money =:money
EXPR: 0 | POS | INT | 2 | 1 | 88 | (((8.0*13.0)-18.0)+2.0)=x | 8.0 13.0 * 18.0 - 2.0 + x = | 8.0:money 13.0:money *:money 18.0:money -:money 2.0:money +:money x:money =:money
EXPR: 0 | POS | INT | 2 | 1 | 11 | x=(8.0-((13.0-18.0)+2.0)) | x 8.0 13.0 18.0 - 2.0 + - = | x:money 8.0:money 13.0:money 18.0:money -:money 2.0:money +:money -:money =:money
EXPR: 0 | POS | INT | 2 | 1 | 60 | (((8.0-2.0)*13.0)-18.0)=x | 8.0 2.0 - 13.0 * 18.0 - x = | 8.0:money 2.0:money -:money 13.0:money *:money 18.0:money -:money x:money =:money
EXPR: 0 | POS | INT | 2 | 1 | 4 | (8.0-(13.0-(18.0/2.0)))=x | 8.0 13.0 18.0 2.0 / - - x = | 8.0:money 13.0:money 18.0:money 2.0:money /:money -:money -:money x:money =:money
EXPR: 0 | POS | INT | 2 | 1 | 30 | (8.0+(13.0+(18.0/2.0)))=x | 8.0 13.0 18.0 2.0 / + + x = | 8.0:money 13.0:money 18.0:money 2.0:money /:money +:money +:money x:money =:money
EXPR: 0 | POS | INT | 2 | 1 | 11 | x=(((8.0*2.0)+13.0)-18.0) | x 8.0 2.0 * 13.0 + 18.0 - = | x:money 8.0:money 2.0:money *:money 13.0:money +:money 18.0:money -:money =:money
EXPR: 0 | POS | INT | 2 | 1 | 120 | x=(((8.0*13.0)+18.0)-2.0) | x 8.0 13.0 * 18.0 + 2.0 - = | x:money 8.0:money 13.0:money *:money 18.0:money +:money 2.0:money -:money =:money
EXPR: 0 | POS | INT | 2 | 1 | 240 | x=(8.0+((13.0*18.0)-2.0)) | x 8.0 13.0 18.0 * 2.0 - + = | x:money 8.0:money 13.0:money 18.0:money *:money 2.0:money -:money +:money =:money
EXPR: 0 | POS | INT | 3 | 1 | 37 | ((8.0+(13.0+18.0))-2.0)=x | 8.0 13.0 18.0 + + 2.0 - x = | 8.0:money 13.0:money 18.0:money +:money +:money 2.0:money -:money x:money =:money
EXPR: 0 | POS | INT | 4 | 1 | 173 | (((x-13.0)/8.0)-2.0)=18.0 | x 13.0 - 8.0 / 2.0 - 18.0 = | x:money 13.0:money -:money 8.0:money /:money 2.0:money -:money 18.0:money =:money
EXPR: 0 | POS | INT | 4 | 1 | 70 | (((x-8.0)/2.0)-13.0)=18.0 | x 8.0 - 2.0 / 13.0 - 18.0 = | x:money 8.0:money -:money 2.0:money /:money 13.0:money -:money 18.0:money =:money
EXPR: 0 | POS | INT | 4 | 1 | 5 | (((8.0+2.0)+13.0)-x)=18.0 | 8.0 2.0 + 13.0 + x - 18.0 = | 8.0:money 2.0:money +:money 13.0:money +:money x:money -:money 18.0:money =:money
EXPR: 0 | POS | INT | 4 | 1 | 37 | (((8.0+13.0)+18.0)-x)=2.0 | 8.0 13.0 + 18.0 + x - 2.0 = | 8.0:money 13.0:money +:money 18.0:money +:money x:money -:money 2.0:money =:money
EXPR: 0 | POS | INT | 4 | 1 | 60 | (((8.0-2.0)*13.0)-x)=18.0 | 8.0 2.0 - 13.0 * x - 18.0 = | 8.0:money 2.0:money -:money 13.0:money *:money x:money -:money 18.0:money =:money
EXPR: 0 | POS | INT | 4 | 1 | 5 | (13.0+(8.0-(18.0-2.0)))=x | 13.0 8.0 18.0 2.0 - - + x = | 13.0:money 8.0:money 18.0:money 2.0:money -:money -:money +:money x:money =:money
EXPR: 0 | POS | INT | 4 | 1 | 141 | (13.0+(8.0*(18.0-2.0)))=x | 13.0 8.0 18.0 2.0 - * + x = | 13.0:money 8.0:money 18.0:money 2.0:money -:money *:money +:money x:money =:money
EXPR: 0 | POS | INT | 5 | 1 | 80 | x=((8.0*2.0)*(18.0-13.0)) | x 8.0 2.0 * 18.0 13.0 - * = | x:money 8.0:money 2.0:money *:money 18.0:money 13.0:money -:money *:money =:money
EXPR: 0 | POS | INT | 5 | 1 | 6 | (((8.0-18.0)+13.0)*2.0)=x | 8.0 18.0 - 13.0 + 2.0 * x = | 8.0:money 18.0:money -:money 13.0:money +:money 2.0:money *:money x:money =:money
EXPR: 0 | POS | INT | 5 | 1 | 312 | (((8.0-2.0)+18.0)*13.0)=x | 8.0 2.0 - 18.0 + 13.0 * x = | 8.0:money 2.0:money -:money 18.0:money +:money 13.0:money *:money x:money =:money
EXPR: 0 | POS | INT | 5 | 1 | 392 | x=(8.0*((2.0*18.0)+13.0)) | x 8.0 2.0 18.0 * 13.0 + * = | x:money 8.0:money 2.0:money 18.0:money *:money 13.0:money +:money *:money =:money
EXPR: 0 | POS | INT | 5 | 1 | 286 | (((8.0/2.0)+18.0)*13.0)=x | 8.0 2.0 / 18.0 + 13.0 * x = | 8.0:money 2.0:money /:money 18.0:money +:money 13.0:money *:money x:money =:money
EXPR: 0 | POS | INT | 5 | 1 | 170 | x=((13.0*2.0)+(8.0*18.0)) | x 13.0 2.0 * 8.0 18.0 * + = | x:money 13.0:money 2.0:money *:money 8.0:money 18.0:money *:money +:money =:money
EXPR: 0 | POS | INT | 5 | 1 | 442 | (((8.0*2.0)+18.0)*13.0)=x | 8.0 2.0 * 18.0 + 13.0 * x = | 8.0:money 2.0:money *:money 18.0:money +:money 13.0:money *:money x:money =:money
EXPR: 0 | POS | INT | 5 | 1 | 15 | (((8.0+2.0)+18.0)-13.0)=x | 8.0 2.0 + 18.0 + 13.0 - x = | 8.0:money 2.0:money +:money 18.0:money +:money 13.0:money -:money x:money =:money
EXPR: 0 | POS | INT | 5 | 1 | 364 | (((8.0+2.0)+18.0)*13.0)=x | 8.0 2.0 + 18.0 + 13.0 * x = | 8.0:money 2.0:money +:money 18.0:money +:money 13.0:money *:money x:money =:money
EXPR: 0 | POS | INT | 5 | 1 | 173 | ((8.0*(2.0+18.0))+13.0)=x | 8.0 2.0 18.0 + * 13.0 + x = | 8.0:money 2.0:money 18.0:money +:money *:money 13.0:money +:money x:money =:money
EXPR: 0 | POS | INT | 5 | 1 | 57 | x=(8.0+((2.0*18.0)+13.0)) | x 8.0 2.0 18.0 * 13.0 + + = | x:money 8.0:money 2.0:money 18.0:money *:money 13.0:money +:money +:money =:money
EXPR: 0 | POS | INT | 5 | 1 | 184 | x=(8.0*((2.0*18.0)-13.0)) | x 8.0 2.0 18.0 * 13.0 - * = | x:money 8.0:money 2.0:money 18.0:money *:money 13.0:money -:money *:money =:money
EXPR: 0 | POS | INT | 5 | 1 | 41 | (((8.0+2.0)+18.0)+13.0)=x | 8.0 2.0 + 18.0 + 13.0 + x = | 8.0:money 2.0:money +:money 18.0:money +:money 13.0:money +:money x:money =:money
EXPR: 1 | POS | INT | 5 | 1 | 1 | x=(8.0-((2.0+18.0)-13.0)) | x 8.0 2.0 18.0 + 13.0 - - = | x:money 8.0:money 2.0:money 18.0:money +:money 13.0:money -:money -:money =:money
EXPR: 1 | POS | INT | 5 | 1 | 1 | x=(13.0-((2.0-8.0)+18.0)) | x 13.0 2.0 8.0 - 18.0 + - = | x:money 13.0:money 2.0:money 8.0:money -:money 18.0:money +:money -:money =:money
EXPR: 0 | POS | INT | 5 | 1 | 31 | x=(8.0+((2.0*18.0)-13.0)) | x 8.0 2.0 18.0 * 13.0 - + = | x:money 8.0:money 2.0:money 18.0:money *:money 13.0:money -:money +:money =:money
EXPR: 0 | POS | INT | 5 | 1 | 5 | ((8.0+(2.0-18.0))+13.0)=x | 8.0 2.0 18.0 - + 13.0 + x = | 8.0:money 2.0:money 18.0:money -:money +:money 13.0:money +:money x:money =:money
EXPR: 0 | POS | INT | 5 | 1 | 5 | (8.0+(2.0-(18.0-13.0)))=x | 8.0 2.0 18.0 13.0 - - + x = | 8.0:money 2.0:money 18.0:money 13.0:money -:money -:money +:money x:money =:money
EXPR: 0 | POS | INT | 5 | 1 | 169 | ((13.0/2.0)*(8.0+18.0))=x | 13.0 2.0 / 8.0 18.0 + * x = | 13.0:money 2.0:money /:money 8.0:money 18.0:money +:money *:money x:money =:money
EXPR: 0 | POS | INT | 5 | 1 | 37 | x=(8.0-((2.0-18.0)-13.0)) | x 8.0 2.0 18.0 - 13.0 - - = | x:money 8.0:money 2.0:money 18.0:money -:money 13.0:money -:money -:money =:money
EXPR: 0 | POS | INT | 5 | 1 | 56 | x=(8.0*((2.0+18.0)-13.0)) | x 8.0 2.0 18.0 + 13.0 - * = | x:money 8.0:money 2.0:money 18.0:money +:money 13.0:money -:money *:money =:money
EXPR: 0 | POS | INT | 5 | 1 | 5 | (((8.0+2.0)-18.0)+13.0)=x | 8.0 2.0 + 18.0 - 13.0 + x = | 8.0:money 2.0:money +:money 18.0:money -:money 13.0:money +:money x:money =:money
EXPR: 0 | POS | INT | 5 | 1 | 147 | ((8.0*(2.0+18.0))-13.0)=x | 8.0 2.0 18.0 + * 13.0 - x = | 8.0:money 2.0:money 18.0:money +:money *:money 13.0:money -:money x:money =:money
EXPR: 0 | POS | INT | 5 | 1 | 264 | x=(8.0*((2.0+18.0)+13.0)) | x 8.0 2.0 18.0 + 13.0 + * = | x:money 8.0:money 2.0:money 18.0:money +:money 13.0:money +:money *:money =:money
EXPR: 1 | POS | INT | 5 | 1 | 1 | x=(8.0-((18.0-13.0)+2.0)) | x 8.0 18.0 13.0 - 2.0 + - = | x:money 8.0:money 18.0:money 13.0:money -:money 2.0:money +:money -:money =:money
EXPR: 0 | POS | INT | 5 | 1 | 41 | ((8.0+(2.0+18.0))+13.0)=x | 8.0 2.0 18.0 + + 13.0 + x = | 8.0:money 2.0:money 18.0:money +:money +:money 13.0:money +:money x:money =:money
EXPR: 0 | POS | INT | 5 | 1 | 15 | x=(8.0+((2.0+18.0)-13.0)) | x 8.0 2.0 18.0 + 13.0 - + = | x:money 8.0:money 2.0:money 18.0:money +:money 13.0:money -:money +:money =:money
EXPR: 0 | POS | INT | 5 | 1 | 268 | x=(8.0+((2.0+18.0)*13.0)) | x 8.0 2.0 18.0 + 13.0 * + = | x:money 8.0:money 2.0:money 18.0:money +:money 13.0:money *:money +:money =:money
EXPR: 0 | POS | INT | 5 | 1 | 15 | ((8.0+(2.0+18.0))-13.0)=x | 8.0 2.0 18.0 + + 13.0 - x = | 8.0:money 2.0:money 18.0:money +:money +:money 13.0:money -:money x:money =:money
EXPR: 0 | POS | INT | 5 | 1 | 41 | x=(8.0+((2.0+18.0)+13.0)) | x 8.0 2.0 18.0 + 13.0 + + = | x:money 8.0:money 2.0:money 18.0:money +:money 13.0:money +:money +:money =:money
EXPR: 0 | POS | INT | 5 | 1 | 11 | (((8.0*2.0)-18.0)+13.0)=x | 8.0 2.0 * 18.0 - 13.0 + x = | 8.0:money 2.0:money *:money 18.0:money -:money 13.0:money +:money x:money =:money
EXPR: 0 | POS | INT | 5 | 1 | 95 | (((8.0-2.0)*18.0)-13.0)=x | 8.0 2.0 - 18.0 * 13.0 - x = | 8.0:money 2.0:money -:money 18.0:money *:money 13.0:money -:money x:money =:money
EXPR: 1 | POS | INT | 5 | 1 | 1 | (8.0-((2.0+18.0)-13.0))=x | 8.0 2.0 18.0 + 13.0 - - x = | 8.0:money 2.0:money 18.0:money +:money 13.0:money -:money -:money x:money =:money
EXPR: 0 | POS | INT | 5 | 1 | 155 | ((13.0-2.0)+(8.0*18.0))=x | 13.0 2.0 - 8.0 18.0 * + x = | 13.0:money 2.0:money -:money 8.0:money 18.0:money *:money +:money x:money =:money
EXPR: 0 | POS | INT | 5 | 1 | 25 | x=(13.0+((2.0-8.0)+18.0)) | x 13.0 2.0 8.0 - 18.0 + + = | x:money 13.0:money 2.0:money 8.0:money -:money 18.0:money +:money +:money =:money
EXPR: 0 | POS | INT | 5 | 1 | 261 | x=(((13.0/2.0)+8.0)*18.0) | x 13.0 2.0 / 8.0 + 18.0 * = | x:money 13.0:money 2.0:money /:money 8.0:money +:money 18.0:money *:money =:money
EXPR: 0 | POS | INT | 5 | 1 | 21 | x=(((8.0*2.0)+18.0)-13.0) | x 8.0 2.0 * 18.0 + 13.0 - = | x:money 8.0:money 2.0:money *:money 18.0:money +:money 13.0:money -:money =:money
EXPR: 0 | POS | INT | 7 | 1 | 65 | (((x-13.0)/2.0)-8.0)=18.0 | x 13.0 - 2.0 / 8.0 - 18.0 = | x:money 13.0:money -:money 2.0:money /:money 8.0:money -:money 18.0:money =:money
EXPR: 0 | POS | INT | 7 | 1 | 6 | ((13.0-(x/2.0))+8.0)=18.0 | 13.0 x 2.0 / - 8.0 + 18.0 = | 13.0:money x:money 2.0:money /:money -:money 8.0:money +:money 18.0:money =:money
EXPR: 0 | POS | INT | 7 | 1 | 15 | (((8.0+2.0)+18.0)-x)=13.0 | 8.0 2.0 + 18.0 + x - 13.0 = | 8.0:money 2.0:money +:money 18.0:money +:money x:money -:money 13.0:money =:money
EXPR: 1 | POS | INT | 7 | 1 | 1 | 13.0=((x/2.0)*(8.0+18.0)) | 13.0 x 2.0 / 8.0 18.0 + * = | 13.0:money x:money 2.0:money /:money 8.0:money 18.0:money +:money *:money =:money
EXPR: 0 | POS | INT | 7 | 1 | 5 | ((13.0+(2.0-x))+8.0)=18.0 | 13.0 2.0 x - + 8.0 + 18.0 = | 13.0:money 2.0:money x:money -:money +:money 8.0:money +:money 18.0:money =:money
EXPR: 0 | POS | INT | 7 | 1 | 95 | (((8.0-2.0)*18.0)-x)=13.0 | 8.0 2.0 - 18.0 * x - 13.0 = | 8.0:money 2.0:money -:money 18.0:money *:money x:money -:money 13.0:money =:money
EXPR: 0 | POS | INT | 8 | 1 | 156 | (((2.0-8.0)+18.0)*13.0)=x | 2.0 8.0 - 18.0 + 13.0 * x = | 2.0:money 8.0:money -:money 18.0:money +:money 13.0:money *:money x:money =:money
EXPR: 0 | POS | INT | 8 | 1 | 15 | x=(2.0+((8.0+18.0)-13.0)) | x 2.0 8.0 18.0 + 13.0 - + = | x:money 2.0:money 8.0:money 18.0:money +:money 13.0:money -:money +:money =:money
EXPR: 0 | POS | INT | 8 | 1 | 314 | x=(2.0*((8.0*18.0)+13.0)) | x 2.0 8.0 18.0 * 13.0 + * = | x:money 2.0:money 8.0:money 18.0:money *:money 13.0:money +:money *:money =:money
EXPR: 0 | POS | INT | 8 | 1 |  | x=(2.0-((8.0+18.0)/13.0)) | x 2.0 8.0 18.0 + 13.0 / - = | x:money 2.0:money 8.0:money 18.0:money +:money 13.0:money /:money -:money =:money
EXPR: 0 | POS | INT | 8 | 1 | 4 | x=(2.0+((8.0+18.0)/13.0)) | x 2.0 8.0 18.0 + 13.0 / + = | x:money 2.0:money 8.0:money 18.0:money +:money 13.0:money /:money +:money =:money
EXPR: 0 | POS | INT | 8 | 1 | 35 | ((13.0+18.0)+(8.0/2.0))=x | 13.0 18.0 + 8.0 2.0 / + x = | 13.0:money 18.0:money +:money 8.0:money 2.0:money /:money +:money x:money =:money
EXPR: 0 | POS | INT | 8 | 1 | 18 | x=(13.0+((18.0-8.0)/2.0)) | x 13.0 18.0 8.0 - 2.0 / + = | x:money 13.0:money 18.0:money 8.0:money -:money 2.0:money /:money +:money =:money
EXPR: 0 | POS | INT | 8 | 1 | 11 | ((13.0-18.0)+(8.0*2.0))=x | 13.0 18.0 - 8.0 2.0 * + x = | 13.0:money 18.0:money -:money 8.0:money 2.0:money *:money +:money x:money =:money
EXPR: 0 | POS | INT | 8 | 1 | 39 | ((13.0*18.0)/(8.0-2.0))=x | 13.0 18.0 * 8.0 2.0 - / x = | 13.0:money 18.0:money *:money 8.0:money 2.0:money -:money /:money x:money =:money
EXPR: 0 | POS | INT | 9 | 1 | 21 | (((13.0-2.0)+18.0)-8.0)=x | 13.0 2.0 - 18.0 + 8.0 - x = | 13.0:money 2.0:money -:money 18.0:money +:money 8.0:money -:money x:money =:money
EXPR: 1 | POS | INT | 9 | 1 | 1 | (((13.0*2.0)-18.0)/8.0)=x | 13.0 2.0 * 18.0 - 8.0 / x = | 13.0:money 2.0:money *:money 18.0:money -:money 8.0:money /:money x:money =:money
EXPR: 0 | POS | INT | 9 | 1 | 36 | x=((13.0*2.0)+(18.0-8.0)) | x 13.0 2.0 * 18.0 8.0 - + = | x:money 13.0:money 2.0:money *:money 18.0:money 8.0:money -:money +:money =:money
EXPR: 0 | POS | INT | 9 | 1 | 25 | (((13.0+2.0)+18.0)-8.0)=x | 13.0 2.0 + 18.0 + 8.0 - x = | 13.0:money 2.0:money +:money 18.0:money +:money 8.0:money -:money x:money =:money
EXPR: 0 | POS | INT | 9 | 1 | 264 | (((13.0+2.0)+18.0)*8.0)=x | 13.0 2.0 + 18.0 + 8.0 * x = | 13.0:money 2.0:money +:money 18.0:money +:money 8.0:money *:money x:money =:money
EXPR: 0 | POS | INT | 9 | 1 | 232 | (((13.0-2.0)+18.0)*8.0)=x | 13.0 2.0 - 18.0 + 8.0 * x = | 13.0:money 2.0:money -:money 18.0:money +:money 8.0:money *:money x:money =:money
EXPR: 0 | POS | INT | 9 | 1 | 364 | x=(13.0*((2.0+18.0)+8.0)) | x 13.0 2.0 18.0 + 8.0 + * = | x:money 13.0:money 2.0:money 18.0:money +:money 8.0:money +:money *:money =:money
EXPR: 0 | POS | INT | 9 | 1 | 572 | x=(13.0*((2.0*18.0)+8.0)) | x 13.0 2.0 18.0 * 8.0 + * = | x:money 13.0:money 2.0:money 18.0:money *:money 8.0:money +:money *:money =:money
EXPR: 0 | POS | INT | 9 | 1 | 260 | x=((13.0*2.0)*(18.0-8.0)) | x 13.0 2.0 * 18.0 8.0 - * = | x:money 13.0:money 2.0:money *:money 18.0:money 8.0:money -:money *:money =:money
EXPR: 0 | POS | INT | 9 | 1 | 57 | x=(13.0+((2.0*18.0)+8.0)) | x 13.0 2.0 18.0 * 8.0 + + = | x:money 13.0:money 2.0:money 18.0:money *:money 8.0:money +:money +:money =:money
EXPR: 0 | POS | INT | 9 | 1 | 268 | ((13.0*(2.0+18.0))+8.0)=x | 13.0 2.0 18.0 + * 8.0 + x = | 13.0:money 2.0:money 18.0:money +:money *:money 8.0:money +:money x:money =:money
EXPR: 0 | POS | INT | 9 | 1 | 25 | ((18.0-(8.0-13.0))+2.0)=x | 18.0 8.0 13.0 - - 2.0 + x = | 18.0:money 8.0:money 13.0:money -:money -:money 2.0:money +:money x:money =:money
EXPR: 0 | POS | INT | 9 | 1 | 190 | (((13.0-2.0)*18.0)-8.0)=x | 13.0 2.0 - 18.0 * 8.0 - x = | 13.0:money 2.0:money -:money 18.0:money *:money 8.0:money -:money x:money =:money
EXPR: 0 | POS | INT | 9 | 1 | 41 | x=(13.0+((2.0*18.0)-8.0)) | x 13.0 2.0 18.0 * 8.0 - + = | x:money 13.0:money 2.0:money 18.0:money *:money 8.0:money -:money +:money =:money
EXPR: 0 | POS | INT | 9 | 1 | 41 | x=(13.0+((2.0+18.0)+8.0)) | x 13.0 2.0 18.0 + 8.0 + + = | x:money 13.0:money 2.0:money 18.0:money +:money 8.0:money +:money +:money =:money
EXPR: 0 | POS | INT | 9 | 1 | 25 | x=(13.0+((2.0+18.0)-8.0)) | x 13.0 2.0 18.0 + 8.0 - + = | x:money 13.0:money 2.0:money 18.0:money +:money 8.0:money -:money +:money =:money
EXPR: 0 | POS | INT | 9 | 1 | 21 | (13.0-(2.0-(18.0-8.0)))=x | 13.0 2.0 18.0 8.0 - - - x = | 13.0:money 2.0:money 18.0:money 8.0:money -:money -:money -:money x:money =:money
EXPR: 0 | POS | INT | 10 | 1 | 342 | ((13.0-(x/18.0))+8.0)=2.0 | 13.0 x 18.0 / - 8.0 + 2.0 = | 13.0:money x:money 18.0:money /:money -:money 8.0:money +:money 2.0:money =:money
EXPR: 0 | POS | INT | 11 | 1 | 15 | 13.0=((2.0*18.0)-(x+8.0)) | 13.0 2.0 18.0 * x 8.0 + - = | 13.0:money 2.0:money 18.0:money *:money x:money 8.0:money +:money -:money =:money
EXPR: 0 | POS | INT | 11 | 1 | 25 | (((13.0+18.0)+2.0)-8.0)=x | 13.0 18.0 + 2.0 + 8.0 - x = | 13.0:money 18.0:money +:money 2.0:money +:money 8.0:money -:money x:money =:money
EXPR: 0 | POS | INT | 11 | 1 | 264 | (((13.0+18.0)+2.0)*8.0)=x | 13.0 18.0 + 2.0 + 8.0 * x = | 13.0:money 18.0:money +:money 2.0:money +:money 8.0:money *:money x:money =:money
EXPR: 0 | POS | INT | 11 | 1 | 56 | (((2.0-13.0)+18.0)*8.0)=x | 2.0 13.0 - 18.0 + 8.0 * x = | 2.0:money 13.0:money -:money 18.0:money +:money 8.0:money *:money x:money =:money
EXPR: 0 | POS | INT | 11 | 1 | 25 | x=(2.0+((13.0+18.0)-8.0)) | x 2.0 13.0 18.0 + 8.0 - + = | x:money 2.0:money 13.0:money 18.0:money +:money 8.0:money -:money +:money =:money
EXPR: 0 | POS | INT | 11 | 1 | 484 | x=(2.0*((13.0*18.0)+8.0)) | x 2.0 13.0 18.0 * 8.0 + * = | x:money 2.0:money 13.0:money 18.0:money *:money 8.0:money +:money *:money =:money
EXPR: 0 | POS | INT | 11 | 1 | 11 | (13.0+(2.0-(18.0-x)))=8.0 | 13.0 2.0 18.0 x - - + 8.0 = | 13.0:money 2.0:money 18.0:money x:money -:money -:money +:money 8.0:money =:money
EXPR: 0 | POS | INT | 11 | 1 | 109 | 13.0=((2.0/18.0)*(8.0+x)) | 13.0 2.0 18.0 / 8.0 x + * = | 13.0:money 2.0:money 18.0:money /:money 8.0:money x:money +:money *:money =:money
EXPR: 0 | POS | INT | 11 | 1 | 30 | x=(13.0+((18.0/2.0)+8.0)) | x 13.0 18.0 2.0 / 8.0 + + = | x:money 13.0:money 18.0:money 2.0:money /:money 8.0:money +:money +:money =:money
EXPR: 0 | POS | INT | 11 | 1 | 15 | 18.0=(((x+8.0)+13.0)/2.0) | 18.0 x 8.0 + 13.0 + 2.0 / = | 18.0:money x:money 8.0:money +:money 13.0:money +:money 2.0:money /:money =:money
EXPR: 0 | POS | INT | 12 | 1 | 15 | ((x+8.0)+13.0)=(2.0*18.0) | x 8.0 + 13.0 + 2.0 18.0 * = | x:money 8.0:money +:money 13.0:money +:money 2.0:money 18.0:money *:money =:money
EXPR: 0 | POS | INT | 12 | 1 | 184 | ((x/8.0)+13.0)=(2.0*18.0) | x 8.0 / 13.0 + 2.0 18.0 * = | x:money 8.0:money /:money 13.0:money +:money 2.0:money 18.0:money *:money =:money
EXPR: 0 | POS | INT | 12 | 1 | 21 | (8.0+x)=((13.0-2.0)+18.0) | 8.0 x + 13.0 2.0 - 18.0 + = | 8.0:money x:money +:money 13.0:money 2.0:money -:money 18.0:money +:money =:money
EXPR: 0 | POS | INT | 12 | 1 | 41 | ((2.0+18.0)+(8.0+13.0))=x | 2.0 18.0 + 8.0 13.0 + + x = | 2.0:money 18.0:money +:money 8.0:money 13.0:money +:money +:money x:money =:money
EXPR: 0 | POS | INT | 14 | 1 | 224 | ((x+8.0)+2.0)=(13.0*18.0) | x 8.0 + 2.0 + 13.0 18.0 * = | x:money 8.0:money +:money 2.0:money +:money 13.0:money 18.0:money *:money =:money
EXPR: 0 | POS | INT | 14 | 1 | 15 | ((x+13.0)+8.0)=(2.0*18.0) | x 13.0 + 8.0 + 2.0 18.0 * = | x:money 13.0:money +:money 8.0:money +:money 2.0:money 18.0:money *:money =:money
EXPR: 0 | POS | INT | 14 | 1 | 15 | ((2.0+(18.0-x))+8.0)=13.0 | 2.0 18.0 x - + 8.0 + 13.0 = | 2.0:money 18.0:money x:money -:money +:money 8.0:money +:money 13.0:money =:money
NET 228 unique, non-negative, integer-valued solutions found out of 785 total solutions
