parameters: n=9 l=4 k=1 p=5 q=1 m=10
TOTAL 855 solutions found
SOLN: CORRECT | POS/NEG | INT/FRA | OBJ-SCORE | TRUE-ANS | ANS | INFIX | POSTFIX | TYPED-POSTFIX
EXPR: 0 | POS | INT | 0 | 67 | 183 | x=((30.0+49.0)+(46.0+58.0)) | x 30.0 49.0 + 46.0 58.0 + + = | x:money 30.0:money 49.0:money +:money 46.0:money 58.0:money +:money +:money =:money
EXPR: 0 | POS | INT | 0 | 67 | 152880 | x=((30.0*49.0)*(46.0+58.0)) | x 30.0 49.0 * 46.0 58.0 + * = | x:money 30.0:money 49.0:money *:money 46.0:money 58.0:money +:money *:money =:money
EXPR: 0 | POS | INT | 0 | 67 | 1574 | x=((30.0*49.0)+(46.0+58.0)) | x 30.0 49.0 * 46.0 58.0 + + = | x:money 30.0:money 49.0:money *:money 46.0:money 58.0:money +:money +:money =:money
EXPR: 0 | POS | INT | 0 | 67 | 1566 | (((30.0-49.0)+46.0)*58.0)=x | 30.0 49.0 - 46.0 + 58.0 * x = | 30.0:money 49.0:money -:money 46.0:money +:money 58.0:money *:money x:money =:money
EXPR: 0 | POS | INT | 0 | 67 | 1914 | (((30.0+49.0)-46.0)*58.0)=x | 30.0 49.0 + 46.0 - 58.0 * x = | 30.0:money 49.0:money +:money 46.0:money -:money 58.0:money *:money x:money =:money
EXPR: 0 | POS | INT | 0 | 67 | 1458 | x=((30.0*49.0)+(46.0-58.0)) | x 30.0 49.0 * 46.0 58.0 - + = | x:money 30.0:money 49.0:money *:money 46.0:money 58.0:money -:money +:money =:money
EXPR: 0 | POS | INT | 0 | 67 | 69360 | x=(30.0*((49.0*46.0)+58.0)) | x 30.0 49.0 46.0 * 58.0 + * = | x:money 30.0:money 49.0:money 46.0:money *:money 58.0:money +:money *:money =:money
EXPR: 0 | POS | INT | 0 | 67 | 87928 | (((30.0*49.0)+46.0)*58.0)=x | 30.0 49.0 * 46.0 + 58.0 * x = | 30.0:money 49.0:money *:money 46.0:money +:money 58.0:money *:money x:money =:money
EXPR: 0 | POS | INT | 0 | 67 | 82592 | (((30.0*49.0)-46.0)*58.0)=x | 30.0 49.0 * 46.0 - 58.0 * x = | 30.0:money 49.0:money *:money 46.0:money -:money 58.0:money *:money x:money =:money
EXPR: 0 | POS | INT | 0 | 67 | 4138 | x=((30.0*49.0)+(46.0*58.0)) | x 30.0 49.0 * 46.0 58.0 * + = | x:money 30.0:money 49.0:money *:money 46.0:money 58.0:money *:money +:money =:money
EXPR: 1 | POS | INT | 0 | 67 | 67 | (((30.0+49.0)+46.0)-58.0)=x | 30.0 49.0 + 46.0 + 58.0 - x = | 30.0:money 49.0:money +:money 46.0:money +:money 58.0:money -:money x:money =:money
EXPR: 0 | POS | INT | 0 | 67 | 7250 | (((30.0+49.0)+46.0)*58.0)=x | 30.0 49.0 + 46.0 + 58.0 * x = | 30.0:money 49.0:money +:money 46.0:money +:money 58.0:money *:money x:money =:money
EXPR: 0 | POS | INT | 0 | 67 | 2908 | ((30.0*(49.0+46.0))+58.0)=x | 30.0 49.0 46.0 + * 58.0 + x = | 30.0:money 49.0:money 46.0:money +:money *:money 58.0:money +:money x:money =:money
EXPR: 0 | POS | INT | 0 | 67 | 2342 | x=(30.0+((49.0*46.0)+58.0)) | x 30.0 49.0 46.0 * 58.0 + + = | x:money 30.0:money 49.0:money 46.0:money *:money 58.0:money +:money +:money =:money
EXPR: 0 | POS | INT | 0 | 67 | 65880 | x=(30.0*((49.0*46.0)-58.0)) | x 30.0 49.0 46.0 * 58.0 - * = | x:money 30.0:money 49.0:money 46.0:money *:money 58.0:money -:money *:money =:money
EXPR: 0 | POS | INT | 0 | 67 | 183 | ((30.0+49.0)+(46.0+58.0))=x | 30.0 49.0 + 46.0 58.0 + + x = | 30.0:money 49.0:money +:money 46.0:money 58.0:money +:money +:money x:money =:money
EXPR: 0 | POS | INT | 0 | 67 | 148 | ((30.0*(49.0-46.0))+58.0)=x | 30.0 49.0 46.0 - * 58.0 + x = | 30.0:money 49.0:money 46.0:money -:money *:money 58.0:money +:money x:money =:money
EXPR: 0 | POS | INT | 0 | 67 | 2792 | ((30.0*(49.0+46.0))-58.0)=x | 30.0 49.0 46.0 + * 58.0 - x = | 30.0:money 49.0:money 46.0:money +:money *:money 58.0:money -:money x:money =:money
EXPR: 0 | POS | INT | 0 | 67 | 91 | (30.0+(49.0-(46.0-58.0)))=x | 30.0 49.0 46.0 58.0 - - + x = | 30.0:money 49.0:money 46.0:money 58.0:money -:money -:money +:money x:money =:money
EXPR: 0 | POS | INT | 0 | 67 | 183 | (((30.0+49.0)+46.0)+58.0)=x | 30.0 49.0 + 46.0 + 58.0 + x = | 30.0:money 49.0:money +:money 46.0:money +:money 58.0:money +:money x:money =:money
EXPR: 0 | POS | INT | 0 | 67 | 183 | (30.0+(49.0+(46.0+58.0)))=x | 30.0 49.0 46.0 58.0 + + + x = | 30.0:money 49.0:money 46.0:money 58.0:money +:money +:money +:money x:money =:money
EXPR: 0 | POS | INT | 0 | 67 | 1914 | ((30.0+(49.0-46.0))*58.0)=x | 30.0 49.0 46.0 - + 58.0 * x = | 30.0:money 49.0:money 46.0:money -:money +:money 58.0:money *:money x:money =:money
EXPR: 0 | POS | INT | 0 | 67 | 85 | (30.0-(49.0-(46.0+58.0)))=x | 30.0 49.0 46.0 58.0 + - - x = | 30.0:money 49.0:money 46.0:money 58.0:money +:money -:money -:money x:money =:money
EXPR: 0 | POS | INT | 0 | 67 | 85 | x=(30.0-((49.0-46.0)-58.0)) | x 30.0 49.0 46.0 - 58.0 - - = | x:money 30.0:money 49.0:money 46.0:money -:money 58.0:money -:money -:money =:money
EXPR: 0 | POS | INT | 0 | 67 | 32 | ((30.0*(49.0-46.0))-58.0)=x | 30.0 49.0 46.0 - * 58.0 - x = | 30.0:money 49.0:money 46.0:money -:money *:money 58.0:money -:money x:money =:money
EXPR: 0 | POS | INT | 0 | 67 | 152880 | ((30.0*49.0)*(46.0+58.0))=x | 30.0 49.0 * 46.0 58.0 + * x = | 30.0:money 49.0:money *:money 46.0:money 58.0:money +:money *:money x:money =:money
EXPR: 1 | POS | INT | 0 | 67 | 67 | (30.0+(49.0+(46.0-58.0)))=x | 30.0 49.0 46.0 58.0 - + + x = | 30.0:money 49.0:money 46.0:money 58.0:money -:money +:money +:money x:money =:money
EXPR: 0 | POS | INT | 0 | 67 | 4590 | (30.0*(49.0+(46.0+58.0)))=x | 30.0 49.0 46.0 58.0 + + * x = | 30.0:money 49.0:money 46.0:money 58.0:money +:money +:money *:money x:money =:money
EXPR: 0 | POS | INT | 0 | 67 | 1366 | x=((30.0*49.0)-(46.0+58.0)) | x 30.0 49.0 * 46.0 58.0 + - = | x:money 30.0:money 49.0:money *:money 46.0:money 58.0:money +:money -:money =:money
EXPR: 0 | POS | INT | 0 | 67 | 1830 | (30.0*(49.0-(46.0-58.0)))=x | 30.0 49.0 46.0 58.0 - - * x = | 30.0:money 49.0:money 46.0:money 58.0:money -:money -:money *:money x:money =:money
EXPR: 0 | POS | INT | 0 | 67 | 2226 | x=(30.0+((49.0*46.0)-58.0)) | x 30.0 49.0 46.0 * 58.0 - + = | x:money 30.0:money 49.0:money 46.0:money *:money 58.0:money -:money +:money =:money
EXPR: 1 | POS | INT | 0 | 67 | 67 | x=(30.0+((49.0+46.0)-58.0)) | x 30.0 49.0 46.0 + 58.0 - + = | x:money 30.0:money 49.0:money 46.0:money +:money 58.0:money -:money +:money =:money
EXPR: 0 | POS | INT | 0 | 67 | 91 | ((30.0+(49.0-46.0))+58.0)=x | 30.0 49.0 46.0 - + 58.0 + x = | 30.0:money 49.0:money 46.0:money -:money +:money 58.0:money +:money x:money =:money
EXPR: 0 | POS | INT | 0 | 67 | 1482 | x=((30.0*49.0)-(46.0-58.0)) | x 30.0 49.0 * 46.0 58.0 - - = | x:money 30.0:money 49.0:money *:money 46.0:money 58.0:money -:money -:money =:money
EXPR: 0 | POS | INT | 0 | 67 | 4590 | x=(30.0*((49.0+46.0)+58.0)) | x 30.0 49.0 46.0 + 58.0 + * = | x:money 30.0:money 49.0:money 46.0:money +:money 58.0:money +:money *:money =:money
EXPR: 1 | POS | INT | 0 | 67 | 67 | ((30.0+(49.0+46.0))-58.0)=x | 30.0 49.0 46.0 + + 58.0 - x = | 30.0:money 49.0:money 46.0:money +:money +:money 58.0:money -:money x:money =:money
EXPR: 0 | POS | INT | 0 | 67 | 1110 | (30.0*(49.0+(46.0-58.0)))=x | 30.0 49.0 46.0 58.0 - + * x = | 30.0:money 49.0:money 46.0:money 58.0:money -:money +:money *:money x:money =:money
EXPR: 0 | POS | INT | 0 | 67 | 1110 | x=(30.0*((49.0+46.0)-58.0)) | x 30.0 49.0 46.0 + 58.0 - * = | x:money 30.0:money 49.0:money 46.0:money +:money 58.0:money -:money *:money =:money
EXPR: 0 | POS | INT | 0 | 67 | 85 | ((30.0-49.0)+(46.0+58.0))=x | 30.0 49.0 - 46.0 58.0 + + x = | 30.0:money 49.0:money -:money 46.0:money 58.0:money +:money +:money x:money =:money
EXPR: 0 | POS | INT | 0 | 67 | 91 | (((30.0+49.0)-46.0)+58.0)=x | 30.0 49.0 + 46.0 - 58.0 + x = | 30.0:money 49.0:money +:money 46.0:money -:money 58.0:money +:money x:money =:money
EXPR: 0 | POS | INT | 0 | 67 | 228 | x=((30.0-49.0)*(46.0-58.0)) | x 30.0 49.0 - 46.0 58.0 - * = | x:money 30.0:money 49.0:money -:money 46.0:money 58.0:money -:money *:money =:money
EXPR: 0 | POS | INT | 0 | 67 | 183 | ((30.0+(49.0+46.0))+58.0)=x | 30.0 49.0 46.0 + + 58.0 + x = | 30.0:money 49.0:money 46.0:money +:money +:money 58.0:money +:money x:money =:money
EXPR: 0 | POS | INT | 0 | 67 | 68 | ((30.0/(49.0-46.0))+58.0)=x | 30.0 49.0 46.0 - / 58.0 + x = | 30.0:money 49.0:money 46.0:money -:money /:money 58.0:money +:money x:money =:money
EXPR: 0 | POS | INT | 0 | 67 | 5540 | x=(30.0+((49.0+46.0)*58.0)) | x 30.0 49.0 46.0 + 58.0 * + = | x:money 30.0:money 49.0:money 46.0:money +:money 58.0:money *:money +:money =:money
EXPR: 0 | POS | INT | 0 | 67 | 8216 | x=((30.0+49.0)*(46.0+58.0)) | x 30.0 49.0 + 46.0 58.0 + * = | x:money 30.0:money 49.0:money +:money 46.0:money 58.0:money +:money *:money =:money
EXPR: 1 | POS | INT | 0 | 67 | 67 | x=((30.0+49.0)+(46.0-58.0)) | x 30.0 49.0 + 46.0 58.0 - + = | x:money 30.0:money 49.0:money +:money 46.0:money 58.0:money -:money +:money =:money
EXPR: 0 | POS | INT | 0 | 67 | 2747 | x=((30.0+49.0)+(46.0*58.0)) | x 30.0 49.0 + 46.0 58.0 * + = | x:money 30.0:money 49.0:money +:money 46.0:money 58.0:money *:money +:money =:money
EXPR: 0 | POS | INT | 0 | 67 | 1574 | ((30.0*49.0)+(46.0+58.0))=x | 30.0 49.0 * 46.0 58.0 + + x = | 30.0:money 49.0:money *:money 46.0:money 58.0:money +:money +:money x:money =:money
EXPR: 0 | POS | INT | 0 | 67 | 1830 | x=(30.0*((49.0-46.0)+58.0)) | x 30.0 49.0 46.0 - 58.0 + * = | x:money 30.0:money 49.0:money 46.0:money -:money 58.0:money +:money *:money =:money
EXPR: 0 | POS | INT | 0 | 67 | 2649 | ((30.0-49.0)+(46.0*58.0))=x | 30.0 49.0 - 46.0 58.0 * + x = | 30.0:money 49.0:money -:money 46.0:money 58.0:money *:money +:money x:money =:money
EXPR: 0 | POS | INT | 0 | 67 | 183 | x=(30.0+((49.0+46.0)+58.0)) | x 30.0 49.0 46.0 + 58.0 + + = | x:money 30.0:money 49.0:money 46.0:money +:money 58.0:money +:money +:money =:money
EXPR: 0 | POS | INT | 0 | 67 | 5126 | (30.0+(49.0*(46.0+58.0)))=x | 30.0 49.0 46.0 58.0 + * + x = | 30.0:money 49.0:money 46.0:money 58.0:money +:money *:money +:money x:money =:money
EXPR: 0 | POS | INT | 0 | 67 | 1366 | ((30.0*49.0)-(46.0+58.0))=x | 30.0 49.0 * 46.0 58.0 + - x = | 30.0:money 49.0:money *:money 46.0:money 58.0:money +:money -:money x:money =:money
EXPR: 0 | POS | INT | 0 | 67 | 228 | ((30.0-49.0)*(46.0-58.0))=x | 30.0 49.0 - 46.0 58.0 - * x = | 30.0:money 49.0:money -:money 46.0:money 58.0:money -:money *:money x:money =:money
EXPR: 0 | POS | INT | 0 | 67 | 1482 | ((30.0*49.0)-(46.0-58.0))=x | 30.0 49.0 * 46.0 58.0 - - x = | 30.0:money 49.0:money *:money 46.0:money 58.0:money -:money -:money x:money =:money
EXPR: 0 | POS | INT | 0 | 67 | 1482 | (((30.0*49.0)-46.0)+58.0)=x | 30.0 49.0 * 46.0 - 58.0 + x = | 30.0:money 49.0:money *:money 46.0:money -:money 58.0:money +:money x:money =:money
EXPR: 0 | POS | INT | 0 | 67 | 204 | (30.0+((49.0-46.0)*58.0))=x | 30.0 49.0 46.0 - 58.0 * + x = | 30.0:money 49.0:money 46.0:money -:money 58.0:money *:money +:money x:money =:money
EXPR: 0 | POS | INT | 0 | 67 | 4138 | ((30.0*49.0)+(46.0*58.0))=x | 30.0 49.0 * 46.0 58.0 * + x = | 30.0:money 49.0:money *:money 46.0:money 58.0:money *:money +:money x:money =:money
EXPR: 0 | POS | INT | 0 | 67 | 85 | x=((30.0-49.0)+(46.0+58.0)) | x 30.0 49.0 - 46.0 58.0 + + = | x:money 30.0:money 49.0:money -:money 46.0:money 58.0:money +:money +:money =:money
EXPR: 0 | POS | INT | 0 | 67 | 91 | ((30.0+49.0)-(46.0-58.0))=x | 30.0 49.0 + 46.0 58.0 - - x = | 30.0:money 49.0:money +:money 46.0:money 58.0:money -:money -:money x:money =:money
EXPR: 0 | POS | INT | 0 | 67 | 69360 | (30.0*((49.0*46.0)+58.0))=x | 30.0 49.0 46.0 * 58.0 + * x = | 30.0:money 49.0:money 46.0:money *:money 58.0:money +:money *:money x:money =:money
EXPR: 0 | POS | INT | 0 | 67 | 618 | (30.0-(49.0*(46.0-58.0)))=x | 30.0 49.0 46.0 58.0 - * - x = | 30.0:money 49.0:money 46.0:money 58.0:money -:money *:money -:money x:money =:money
EXPR: 0 | POS | INT | 0 | 67 | 7250 | x=((30.0+(49.0+46.0))*58.0) | x 30.0 49.0 46.0 + + 58.0 * = | x:money 30.0:money 49.0:money 46.0:money +:money +:money 58.0:money *:money =:money
EXPR: 1 | POS | INT | 0 | 67 | 67 | (30.0+((49.0+46.0)-58.0))=x | 30.0 49.0 46.0 + 58.0 - + x = | 30.0:money 49.0:money 46.0:money +:money 58.0:money -:money +:money x:money =:money
EXPR: 0 | POS | INT | 0 | 67 | 1458 | ((30.0*49.0)+(46.0-58.0))=x | 30.0 49.0 * 46.0 58.0 - + x = | 30.0:money 49.0:money *:money 46.0:money 58.0:money -:money +:money x:money =:money
EXPR: 0 | POS | INT | 0 | 67 | 1110 | (30.0*((49.0+46.0)-58.0))=x | 30.0 49.0 46.0 + 58.0 - * x = | 30.0:money 49.0:money 46.0:money +:money 58.0:money -:money *:money x:money =:money
EXPR: 0 | POS | INT | 0 | 67 | 85 | (30.0-((49.0-46.0)-58.0))=x | 30.0 49.0 46.0 - 58.0 - - x = | 30.0:money 49.0:money 46.0:money -:money 58.0:money -:money -:money x:money =:money
EXPR: 0 | POS | INT | 2 | 67 | 5125.99999999999 | (((x-30.0)/49.0)-46.0)=58.0 | x 30.0 - 49.0 / 46.0 - 58.0 = | x:money 30.0:money -:money 49.0:money /:money 46.0:money -:money 58.0:money =:money
EXPR: 0 | POS | INT | 2 | 67 | 6566 | x=(49.0*(30.0+(46.0+58.0))) | x 49.0 30.0 46.0 58.0 + + * = | x:money 49.0:money 30.0:money 46.0:money 58.0:money +:money +:money *:money =:money
EXPR: 0 | POS | INT | 2 | 67 | 1110 | x=(30.0*(49.0-(58.0-46.0))) | x 30.0 49.0 58.0 46.0 - - * = | x:money 30.0:money 49.0:money 58.0:money 46.0:money -:money -:money *:money =:money
EXPR: 0 | POS | INT | 2 | 67 | 1482 | x=((30.0*49.0)+(58.0-46.0)) | x 30.0 49.0 * 58.0 46.0 - + = | x:money 30.0:money 49.0:money *:money 58.0:money 46.0:money -:money +:money =:money
EXPR: 1 | POS | INT | 2 | 67 | 67 | (((30.0+49.0)+46.0)-x)=58.0 | 30.0 49.0 + 46.0 + x - 58.0 = | 30.0:money 49.0:money +:money 46.0:money +:money x:money -:money 58.0:money =:money
EXPR: 0 | POS | INT | 2 | 67 | 17640 | x=((30.0*49.0)*(58.0-46.0)) | x 30.0 49.0 * 58.0 46.0 - * = | x:money 30.0:money 49.0:money *:money 58.0:money 46.0:money -:money *:money =:money
EXPR: 0 | POS | INT | 2 | 67 | 1914 | (((30.0-46.0)+49.0)*58.0)=x | 30.0 46.0 - 49.0 + 58.0 * x = | 30.0:money 46.0:money -:money 49.0:money +:money 58.0:money *:money x:money =:money
EXPR: 0 | POS | INT | 2 | 67 | 1794 | (((30.0-49.0)+58.0)*46.0)=x | 30.0 49.0 - 58.0 + 46.0 * x = | 30.0:money 49.0:money -:money 58.0:money +:money 46.0:money *:money x:money =:money
EXPR: 0 | POS | INT | 2 | 67 | 77198 | (((30.0*46.0)-49.0)*58.0)=x | 30.0 46.0 * 49.0 - 58.0 * x = | 30.0:money 46.0:money *:money 49.0:money -:money 58.0:money *:money x:money =:money
EXPR: 0 | POS | INT | 2 | 67 | 64952 | (((30.0*49.0)-58.0)*46.0)=x | 30.0 49.0 * 58.0 - 46.0 * x = | 30.0:money 49.0:money *:money 58.0:money -:money 46.0:money *:money x:money =:money
EXPR: 0 | POS | INT | 2 | 67 | 4222 | x=((30.0*46.0)+(49.0*58.0)) | x 30.0 46.0 * 49.0 58.0 * + = | x:money 30.0:money 46.0:money *:money 49.0:money 58.0:money *:money +:money =:money
EXPR: 0 | POS | INT | 2 | 67 | 1566 | (((30.0+46.0)-49.0)*58.0)=x | 30.0 46.0 + 49.0 - 58.0 * x = | 30.0:money 46.0:money +:money 49.0:money -:money 58.0:money *:money x:money =:money
EXPR: 0 | POS | INT | 2 | 67 | 966 | (((30.0+49.0)-58.0)*46.0)=x | 30.0 49.0 + 58.0 - 46.0 * x = | 30.0:money 49.0:money +:money 58.0:money -:money 46.0:money *:money x:money =:money
EXPR: 0 | POS | INT | 2 | 67 | 82882 | (((30.0*46.0)+49.0)*58.0)=x | 30.0 46.0 * 49.0 + 58.0 * x = | 30.0:money 46.0:money *:money 49.0:money +:money 58.0:money *:money x:money =:money
EXPR: 0 | POS | INT | 2 | 67 | 70288 | (((30.0*49.0)+58.0)*46.0)=x | 30.0 49.0 * 58.0 + 46.0 * x = | 30.0:money 49.0:money *:money 58.0:money +:money 46.0:money *:money x:money =:money
EXPR: 1 | POS | INT | 2 | 67 | 67 | (((30.0+46.0)+49.0)-58.0)=x | 30.0 46.0 + 49.0 + 58.0 - x = | 30.0:money 46.0:money +:money 49.0:money +:money 58.0:money -:money x:money =:money
EXPR: 0 | POS | INT | 2 | 67 | 91 | (((30.0+49.0)+58.0)-46.0)=x | 30.0 49.0 + 58.0 + 46.0 - x = | 30.0:money 49.0:money +:money 58.0:money +:money 46.0:money -:money x:money =:money
EXPR: 0 | POS | INT | 2 | 67 | 7250 | (((30.0+46.0)+49.0)*58.0)=x | 30.0 46.0 + 49.0 + 58.0 * x = | 30.0:money 46.0:money +:money 49.0:money +:money 58.0:money *:money x:money =:money
EXPR: 0 | POS | INT | 2 | 67 | 6302 | (((30.0+49.0)+58.0)*46.0)=x | 30.0 49.0 + 58.0 + 46.0 * x = | 30.0:money 49.0:money +:money 58.0:money +:money 46.0:money *:money x:money =:money
EXPR: 0 | POS | INT | 2 | 67 | 3256 | ((30.0*(49.0+58.0))+46.0)=x | 30.0 49.0 58.0 + * 46.0 + x = | 30.0:money 49.0:money 58.0:money +:money *:money 46.0:money +:money x:money =:money
EXPR: 0 | POS | INT | 2 | 67 | 2918 | x=(30.0+((49.0*58.0)+46.0)) | x 30.0 49.0 58.0 * 46.0 + + = | x:money 30.0:money 49.0:money 58.0:money *:money 46.0:money +:money +:money =:money
EXPR: 0 | POS | INT | 2 | 67 | 123 | ((49.0-30.0)+(46.0+58.0))=x | 49.0 30.0 - 46.0 58.0 + + x = | 49.0:money 30.0:money -:money 46.0:money 58.0:money +:money +:money x:money =:money
EXPR: 0 | POS | INT | 2 | 67 | 183 | (((30.0+46.0)+49.0)+58.0)=x | 30.0 46.0 + 49.0 + 58.0 + x = | 30.0:money 46.0:money +:money 49.0:money +:money 58.0:money +:money x:money =:money
EXPR: 0 | POS | INT | 2 | 67 | 183 | (((30.0+49.0)+58.0)+46.0)=x | 30.0 49.0 + 58.0 + 46.0 + x = | 30.0:money 49.0:money +:money 58.0:money +:money 46.0:money +:money x:money =:money
EXPR: 0 | POS | INT | 2 | 67 | 85 | (x-(30.0-(49.0-46.0)))=58.0 | x 30.0 49.0 46.0 - - - 58.0 = | x:money 30.0:money 49.0:money 46.0:money -:money -:money -:money 58.0:money =:money
EXPR: 0 | POS | INT | 2 | 67 | 86640 | x=(30.0*((49.0*58.0)+46.0)) | x 30.0 49.0 58.0 * 46.0 + * = | x:money 30.0:money 49.0:money 58.0:money *:money 46.0:money +:money *:money =:money
EXPR: 0 | POS | INT | 2 | 67 | 83880 | x=(30.0*((49.0*58.0)-46.0)) | x 30.0 49.0 58.0 * 46.0 - * = | x:money 30.0:money 49.0:money 58.0:money *:money 46.0:money -:money *:money =:money
EXPR: 0 | POS | INT | 2 | 67 | 966 | ((30.0+(49.0-58.0))*46.0)=x | 30.0 49.0 58.0 - + 46.0 * x = | 30.0:money 49.0:money 58.0:money -:money +:money 46.0:money *:money x:money =:money
EXPR: 0 | POS | INT | 2 | 67 | 1110 | (30.0*(49.0-(58.0-46.0)))=x | 30.0 49.0 58.0 46.0 - - * x = | 30.0:money 49.0:money 58.0:money 46.0:money -:money -:money *:money x:money =:money
EXPR: 1 | POS | INT | 2 | 67 | 67 | ((30.0+(49.0-58.0))+46.0)=x | 30.0 49.0 58.0 - + 46.0 + x = | 30.0:money 49.0:money 58.0:money -:money +:money 46.0:money +:money x:money =:money
EXPR: 0 | POS | INT | 2 | 67 | 91 | (49.0+(30.0-(46.0-58.0)))=x | 49.0 30.0 46.0 58.0 - - + x = | 49.0:money 30.0:money 46.0:money 58.0:money -:money -:money +:money x:money =:money
EXPR: 1 | POS | INT | 2 | 67 | 67 | (30.0+(49.0-(58.0-46.0)))=x | 30.0 49.0 58.0 46.0 - - + x = | 30.0:money 49.0:money 58.0:money 46.0:money -:money -:money +:money x:money =:money
EXPR: 0 | POS | INT | 2 | 67 | 91 | x=(30.0-((46.0-49.0)-58.0)) | x 30.0 46.0 49.0 - 58.0 - - = | x:money 30.0:money 46.0:money 49.0:money -:money 58.0:money -:money -:money =:money
EXPR: 0 | POS | INT | 2 | 67 | 85 | x=(30.0-((49.0-58.0)-46.0)) | x 30.0 49.0 58.0 - 46.0 - - = | x:money 30.0:money 49.0:money 58.0:money -:money 46.0:money -:money -:money =:money
EXPR: 0 | POS | INT | 2 | 67 | 1830 | (30.0*(49.0+(58.0-46.0)))=x | 30.0 49.0 58.0 46.0 - + * x = | 30.0:money 49.0:money 58.0:money 46.0:money -:money +:money *:money x:money =:money
EXPR: 0 | POS | INT | 2 | 67 | 1830 | x=(30.0*((49.0+58.0)-46.0)) | x 30.0 49.0 58.0 + 46.0 - * = | x:money 30.0:money 49.0:money 58.0:money +:money 46.0:money -:money *:money =:money
EXPR: 0 | POS | INT | 2 | 67 | 3164 | ((30.0*(49.0+58.0))-46.0)=x | 30.0 49.0 58.0 + * 46.0 - x = | 30.0:money 49.0:money 58.0:money +:money *:money 46.0:money -:money x:money =:money
EXPR: 0 | POS | INT | 2 | 67 | 618 | (30.0+(49.0*(58.0-46.0)))=x | 30.0 49.0 58.0 46.0 - * + x = | 30.0:money 49.0:money 58.0:money 46.0:money -:money *:money +:money x:money =:money
EXPR: 0 | POS | INT | 2 | 67 | 85 | (((30.0+46.0)-49.0)+58.0)=x | 30.0 46.0 + 49.0 - 58.0 + x = | 30.0:money 46.0:money +:money 49.0:money -:money 58.0:money +:money x:money =:money
EXPR: 1 | POS | INT | 2 | 67 | 67 | (((30.0+49.0)-58.0)+46.0)=x | 30.0 49.0 + 58.0 - 46.0 + x = | 30.0:money 49.0:money +:money 58.0:money -:money 46.0:money +:money x:money =:money
EXPR: 0 | POS | INT | 2 | 67 | 4590 | x=(30.0*((49.0+58.0)+46.0)) | x 30.0 49.0 58.0 + 46.0 + * = | x:money 30.0:money 49.0:money 58.0:money +:money 46.0:money +:money *:money =:money
EXPR: 0 | POS | INT | 2 | 67 | 4952 | x=(30.0+((49.0+58.0)*46.0)) | x 30.0 49.0 58.0 + 46.0 * + = | x:money 30.0:money 49.0:money 58.0:money +:money 46.0:money *:money +:money =:money
EXPR: 0 | POS | INT | 2 | 67 | 91 | x=(30.0+((49.0+58.0)-46.0)) | x 30.0 49.0 58.0 + 46.0 - + = | x:money 30.0:money 49.0:money 58.0:money +:money 46.0:money -:money +:money =:money
EXPR: 0 | POS | INT | 2 | 67 | 1650 | x=(30.0*((46.0-49.0)+58.0)) | x 30.0 46.0 49.0 - 58.0 + * = | x:money 30.0:money 46.0:money 49.0:money -:money 58.0:money +:money *:money =:money
EXPR: 0 | POS | INT | 2 | 67 | 1110 | x=(30.0*((49.0-58.0)+46.0)) | x 30.0 49.0 58.0 - 46.0 + * = | x:money 30.0:money 49.0:money 58.0:money -:money 46.0:money +:money *:money =:money
EXPR: 0 | POS | INT | 2 | 67 | 183 | x=(30.0+((49.0+58.0)+46.0)) | x 30.0 49.0 58.0 + 46.0 + + = | x:money 30.0:money 49.0:money 58.0:money +:money 46.0:money +:money +:money =:money
EXPR: 0 | POS | INT | 2 | 67 | 91 | (30.0+(49.0+(58.0-46.0)))=x | 30.0 49.0 58.0 46.0 - + + x = | 30.0:money 49.0:money 58.0:money 46.0:money -:money +:money +:money x:money =:money
EXPR: 0 | POS | INT | 2 | 67 | 183 | ((30.0+(49.0+58.0))+46.0)=x | 30.0 49.0 58.0 + + 46.0 + x = | 30.0:money 49.0:money 58.0:money +:money +:money 46.0:money +:money x:money =:money
EXPR: 0 | POS | INT | 2 | 67 | 1389 | (((30.0*46.0)-49.0)+58.0)=x | 30.0 46.0 * 49.0 - 58.0 + x = | 30.0:money 46.0:money *:money 49.0:money -:money 58.0:money +:money x:money =:money
EXPR: 0 | POS | INT | 2 | 67 | 1458 | (((30.0*49.0)-58.0)+46.0)=x | 30.0 49.0 * 58.0 - 46.0 + x = | 30.0:money 49.0:money *:money 58.0:money -:money 46.0:money +:money x:money =:money
EXPR: 0 | POS | INT | 2 | 67 | 31 | ((49.0-30.0)-(46.0-58.0))=x | 49.0 30.0 - 46.0 58.0 - - x = | 49.0:money 30.0:money -:money 46.0:money 58.0:money -:money -:money x:money =:money
EXPR: 0 | POS | INT | 2 | 67 | 6302 | x=((30.0+(49.0+58.0))*46.0) | x 30.0 49.0 58.0 + + 46.0 * = | x:money 30.0:money 49.0:money 58.0:money +:money +:money 46.0:money *:money =:money
EXPR: 0 | POS | INT | 2 | 67 | 91 | ((30.0+(49.0+58.0))-46.0)=x | 30.0 49.0 58.0 + + 46.0 - x = | 30.0:money 49.0:money 58.0:money +:money +:money 46.0:money -:money x:money =:money
EXPR: 0 | POS | INT | 2 | 67 | 948 | x=((30.0+49.0)*(58.0-46.0)) | x 30.0 49.0 + 58.0 46.0 - * = | x:money 30.0:money 49.0:money +:money 58.0:money 46.0:money -:money *:money =:money
EXPR: 0 | POS | INT | 2 | 67 | 91 | (30.0+((49.0+58.0)-46.0))=x | 30.0 49.0 58.0 + 46.0 - + x = | 30.0:money 49.0:money 58.0:money +:money 46.0:money -:money +:money x:money =:money
EXPR: 0 | POS | INT | 2 | 67 | 86640 | (30.0*((49.0*58.0)+46.0))=x | 30.0 49.0 58.0 * 46.0 + * x = | 30.0:money 49.0:money 58.0:money *:money 46.0:money +:money *:money x:money =:money
EXPR: 0 | POS | INT | 2 | 67 | 1830 | (30.0*((49.0+58.0)-46.0))=x | 30.0 49.0 58.0 + 46.0 - * x = | 30.0:money 49.0:money 58.0:money +:money 46.0:money -:money *:money x:money =:money
EXPR: 0 | POS | INT | 2 | 67 | 85 | (30.0-((49.0-58.0)-46.0))=x | 30.0 49.0 58.0 - 46.0 - - x = | 30.0:money 49.0:money 58.0:money -:money 46.0:money -:money -:money x:money =:money
EXPR: 0 | POS | INT | 2 | 67 | 2826 | x=(30.0+((49.0*58.0)-46.0)) | x 30.0 49.0 58.0 * 46.0 - + = | x:money 30.0:money 49.0:money 58.0:money *:money 46.0:money -:money +:money =:money
EXPR: 0 | POS | INT | 4 | 67 | 3168.99999999999 | (((x-49.0)/30.0)-46.0)=58.0 | x 49.0 - 30.0 / 46.0 - 58.0 = | x:money 49.0:money -:money 30.0:money /:money 46.0:money -:money 58.0:money =:money
EXPR: 0 | POS | INT | 4 | 67 | 4951.99999999998 | (((x-30.0)/46.0)-49.0)=58.0 | x 30.0 - 46.0 / 49.0 - 58.0 = | x:money 30.0:money -:money 46.0:money /:money 49.0:money -:money 58.0:money =:money
EXPR: 1 | POS | INT | 4 | 67 | 67 | (((30.0+46.0)+49.0)-x)=58.0 | 30.0 46.0 + 49.0 + x - 58.0 = | 30.0:money 46.0:money +:money 49.0:money +:money x:money -:money 58.0:money =:money
EXPR: 0 | POS | INT | 4 | 67 | 91 | (((30.0+49.0)+58.0)-x)=46.0 | 30.0 49.0 + 58.0 + x - 46.0 = | 30.0:money 49.0:money +:money 58.0:money +:money x:money -:money 46.0:money =:money
EXPR: 1 | POS | INT | 4 | 67 | 67 | (49.0+(30.0-(58.0-46.0)))=x | 49.0 30.0 58.0 46.0 - - + x = | 49.0:money 30.0:money 58.0:money 46.0:money -:money -:money +:money x:money =:money
EXPR: 0 | POS | INT | 4 | 67 | 409 | (49.0+(30.0*(58.0-46.0)))=x | 49.0 30.0 58.0 46.0 - * + x = | 49.0:money 30.0:money 58.0:money 46.0:money -:money *:money +:money x:money =:money
EXPR: 0 | POS | INT | 5 | 67 | 12420 | x=((30.0*46.0)*(58.0-49.0)) | x 30.0 46.0 * 58.0 49.0 - * = | x:money 30.0:money 46.0:money *:money 58.0:money 49.0:money -:money *:money =:money
EXPR: 0 | POS | INT | 5 | 67 | 966 | (((30.0-58.0)+49.0)*46.0)=x | 30.0 58.0 - 49.0 + 46.0 * x = | 30.0:money 58.0:money -:money 49.0:money +:money 46.0:money *:money x:money =:money
EXPR: 0 | POS | INT | 5 | 67 | 2058 | (((30.0-46.0)+58.0)*49.0)=x | 30.0 46.0 - 58.0 + 49.0 * x = | 30.0:money 46.0:money -:money 58.0:money +:money 49.0:money *:money x:money =:money
EXPR: 0 | POS | INT | 5 | 67 | 81510 | x=(30.0*((46.0*58.0)+49.0)) | x 30.0 46.0 58.0 * 49.0 + * = | x:money 30.0:money 46.0:money 58.0:money *:money 49.0:money +:money *:money =:money
EXPR: 0 | POS | INT | 5 | 67 | 64778 | (((30.0*46.0)-58.0)*49.0)=x | 30.0 46.0 * 58.0 - 49.0 * x = | 30.0:money 46.0:money *:money 58.0:money -:money 49.0:money *:money x:money =:money
EXPR: 0 | POS | INT | 5 | 67 | 882 | (((30.0+46.0)-58.0)*49.0)=x | 30.0 46.0 + 58.0 - 49.0 * x = | 30.0:money 46.0:money +:money 58.0:money -:money 49.0:money *:money x:money =:money
EXPR: 0 | POS | INT | 5 | 67 | 3994 | x=((49.0*46.0)+(30.0*58.0)) | x 49.0 46.0 * 30.0 58.0 * + = | x:money 49.0:money 46.0:money *:money 30.0:money 58.0:money *:money +:money =:money
EXPR: 0 | POS | INT | 5 | 67 | 70462 | (((30.0*46.0)+58.0)*49.0)=x | 30.0 46.0 * 58.0 + 49.0 * x = | 30.0:money 46.0:money *:money 58.0:money +:money 49.0:money *:money x:money =:money
EXPR: 0 | POS | INT | 5 | 67 | 85 | (((30.0+46.0)+58.0)-49.0)=x | 30.0 46.0 + 58.0 + 49.0 - x = | 30.0:money 46.0:money +:money 58.0:money +:money 49.0:money -:money x:money =:money
EXPR: 0 | POS | INT | 5 | 67 | 6566 | (((30.0+46.0)+58.0)*49.0)=x | 30.0 46.0 + 58.0 + 49.0 * x = | 30.0:money 46.0:money +:money 58.0:money +:money 49.0:money *:money x:money =:money
EXPR: 0 | POS | INT | 5 | 67 | 3169 | ((30.0*(46.0+58.0))+49.0)=x | 30.0 46.0 58.0 + * 49.0 + x = | 30.0:money 46.0:money 58.0:money +:money *:money 49.0:money +:money x:money =:money
EXPR: 0 | POS | INT | 5 | 67 | 2747 | x=(30.0+((46.0*58.0)+49.0)) | x 30.0 46.0 58.0 * 49.0 + + = | x:money 30.0:money 46.0:money 58.0:money *:money 49.0:money +:money +:money =:money
EXPR: 0 | POS | INT | 5 | 67 | 78570 | x=(30.0*((46.0*58.0)-49.0)) | x 30.0 46.0 58.0 * 49.0 - * = | x:money 30.0:money 46.0:money 58.0:money *:money 49.0:money -:money *:money =:money
EXPR: 0 | POS | INT | 5 | 67 | 183 | (((30.0+46.0)+58.0)+49.0)=x | 30.0 46.0 + 58.0 + 49.0 + x = | 30.0:money 46.0:money +:money 58.0:money +:money 49.0:money +:money x:money =:money
EXPR: 0 | POS | INT | 5 | 67 | 2649 | x=(30.0+((46.0*58.0)-49.0)) | x 30.0 46.0 58.0 * 49.0 - + = | x:money 30.0:money 46.0:money 58.0:money *:money 49.0:money -:money +:money =:money
EXPR: 1 | POS | INT | 5 | 67 | 67 | ((30.0+(46.0-58.0))+49.0)=x | 30.0 46.0 58.0 - + 49.0 + x = | 30.0:money 46.0:money 58.0:money -:money +:money 49.0:money +:money x:money =:money
EXPR: 1 | POS | INT | 5 | 67 | 67 | (30.0+(46.0-(58.0-49.0)))=x | 30.0 46.0 58.0 49.0 - - + x = | 30.0:money 46.0:money 58.0:money 49.0:money -:money -:money +:money x:money =:money
EXPR: 0 | POS | INT | 5 | 67 | 91 | x=(30.0-((46.0-58.0)-49.0)) | x 30.0 46.0 58.0 - 49.0 - - = | x:money 30.0:money 46.0:money 58.0:money -:money 49.0:money -:money -:money =:money
EXPR: 0 | POS | INT | 5 | 67 | 1650 | x=(30.0*((46.0+58.0)-49.0)) | x 30.0 46.0 58.0 + 49.0 - * = | x:money 30.0:money 46.0:money 58.0:money +:money 49.0:money -:money *:money =:money
EXPR: 1 | POS | INT | 5 | 67 | 67 | (((30.0+46.0)-58.0)+49.0)=x | 30.0 46.0 + 58.0 - 49.0 + x = | 30.0:money 46.0:money +:money 58.0:money -:money 49.0:money +:money x:money =:money
EXPR: 0 | POS | INT | 5 | 67 | 3071 | ((30.0*(46.0+58.0))-49.0)=x | 30.0 46.0 58.0 + * 49.0 - x = | 30.0:money 46.0:money 58.0:money +:money *:money 49.0:money -:money x:money =:money
EXPR: 0 | POS | INT | 5 | 67 | 4590 | x=(30.0*((46.0+58.0)+49.0)) | x 30.0 46.0 58.0 + 49.0 + * = | x:money 30.0:money 46.0:money 58.0:money +:money 49.0:money +:money *:money =:money
EXPR: 0 | POS | INT | 5 | 67 | 183 | ((30.0+(46.0+58.0))+49.0)=x | 30.0 46.0 58.0 + + 49.0 + x = | 30.0:money 46.0:money 58.0:money +:money +:money 49.0:money +:money x:money =:money
EXPR: 0 | POS | INT | 5 | 67 | 85 | x=(30.0+((46.0+58.0)-49.0)) | x 30.0 46.0 58.0 + 49.0 - + = | x:money 30.0:money 46.0:money 58.0:money +:money 49.0:money -:money +:money =:money
EXPR: 0 | POS | INT | 5 | 67 | 5126 | x=(30.0+((46.0+58.0)*49.0)) | x 30.0 46.0 58.0 + 49.0 * + = | x:money 30.0:money 46.0:money 58.0:money +:money 49.0:money *:money +:money =:money
EXPR: 0 | POS | INT | 5 | 67 | 85 | ((30.0+(46.0+58.0))-49.0)=x | 30.0 46.0 58.0 + + 49.0 - x = | 30.0:money 46.0:money 58.0:money +:money +:money 49.0:money -:money x:money =:money
EXPR: 0 | POS | INT | 5 | 67 | 882 | ((30.0+(46.0-58.0))*49.0)=x | 30.0 46.0 58.0 - + 49.0 * x = | 30.0:money 46.0:money 58.0:money -:money +:money 49.0:money *:money x:money =:money
EXPR: 0 | POS | INT | 5 | 67 | 1110 | x=(30.0*((46.0-58.0)+49.0)) | x 30.0 46.0 58.0 - 49.0 + * = | x:money 30.0:money 46.0:money 58.0:money -:money 49.0:money +:money *:money =:money
EXPR: 0 | POS | INT | 5 | 67 | 183 | x=(30.0+((46.0+58.0)+49.0)) | x 30.0 46.0 58.0 + 49.0 + + = | x:money 30.0:money 46.0:money 58.0:money +:money 49.0:money +:money +:money =:money
EXPR: 0 | POS | INT | 5 | 67 | 7 | (46.0-((30.0-49.0)+58.0))=x | 46.0 30.0 49.0 - 58.0 + - x = | 46.0:money 30.0:money 49.0:money -:money 58.0:money +:money -:money x:money =:money
EXPR: 0 | POS | INT | 5 | 67 | 7 | x=(49.0+((46.0-30.0)-58.0)) | x 49.0 46.0 30.0 - 58.0 - + = | x:money 49.0:money 46.0:money 30.0:money -:money 58.0:money -:money +:money =:money
EXPR: 0 | POS | INT | 5 | 67 | 1371 | (((30.0*46.0)-58.0)+49.0)=x | 30.0 46.0 * 58.0 - 49.0 + x = | 30.0:money 46.0:money *:money 58.0:money -:money 49.0:money +:money x:money =:money
EXPR: 0 | POS | INT | 5 | 67 | 1743 | ((49.0-46.0)+(30.0*58.0))=x | 49.0 46.0 - 30.0 58.0 * + x = | 49.0:money 46.0:money -:money 30.0:money 58.0:money *:money +:money x:money =:money
EXPR: 0 | POS | INT | 5 | 67 | 81510 | (30.0*((46.0*58.0)+49.0))=x | 30.0 46.0 58.0 * 49.0 + * x = | 30.0:money 46.0:money 58.0:money *:money 49.0:money +:money *:money x:money =:money
EXPR: 0 | POS | INT | 5 | 67 | 3626 | x=(49.0*((46.0-30.0)+58.0)) | x 49.0 46.0 30.0 - 58.0 + * = | x:money 49.0:money 46.0:money 30.0:money -:money 58.0:money +:money *:money =:money
EXPR: 0 | POS | INT | 5 | 67 | 6566 | x=((30.0+(46.0+58.0))*49.0) | x 30.0 46.0 58.0 + + 49.0 * = | x:money 30.0:money 46.0:money 58.0:money +:money +:money 49.0:money *:money =:money
EXPR: 0 | POS | INT | 5 | 67 | 123 | x=(49.0+((46.0-30.0)+58.0)) | x 49.0 46.0 30.0 - 58.0 + + = | x:money 49.0:money 46.0:money 30.0:money -:money 58.0:money +:money +:money =:money
EXPR: 0 | POS | INT | 5 | 67 | 684 | x=((30.0+46.0)*(58.0-49.0)) | x 30.0 46.0 + 58.0 49.0 - * = | x:money 30.0:money 46.0:money +:money 58.0:money 49.0:money -:money *:money =:money
EXPR: 0 | POS | INT | 5 | 67 | 91 | (30.0-((46.0-58.0)-49.0))=x | 30.0 46.0 58.0 - 49.0 - - x = | 30.0:money 46.0:money 58.0:money -:money 49.0:money -:money -:money x:money =:money
EXPR: 0 | POS | INT | 7 | 67 | 4097 | (((x-49.0)/46.0)-30.0)=58.0 | x 49.0 - 46.0 / 30.0 - 58.0 = | x:money 49.0:money -:money 46.0:money /:money 30.0:money -:money 58.0:money =:money
EXPR: 0 | POS | INT | 7 | 67 | 966 | ((49.0-(x/46.0))+30.0)=58.0 | 49.0 x 46.0 / - 30.0 + 58.0 = | 49.0:money x:money 46.0:money /:money -:money 30.0:money +:money 58.0:money =:money
EXPR: 0 | POS | INT | 7 | 67 | 85 | (((30.0+46.0)+58.0)-x)=49.0 | 30.0 46.0 + 58.0 + x - 49.0 = | 30.0:money 46.0:money +:money 58.0:money +:money x:money -:money 49.0:money =:money
EXPR: 1 | POS | INT | 7 | 67 | 67 | ((49.0+(46.0-x))+30.0)=58.0 | 49.0 46.0 x - + 30.0 + 58.0 = | 49.0:money 46.0:money x:money -:money +:money 30.0:money +:money 58.0:money =:money
EXPR: 0 | POS | INT | 8 | 67 | 3626 | (((46.0-30.0)+58.0)*49.0)=x | 46.0 30.0 - 58.0 + 49.0 * x = | 46.0:money 30.0:money -:money 58.0:money +:money 49.0:money *:money x:money =:money
EXPR: 0 | POS | INT | 8 | 67 | 85 | x=(46.0+((30.0+58.0)-49.0)) | x 46.0 30.0 58.0 + 49.0 - + = | x:money 46.0:money 30.0:money 58.0:money +:money 49.0:money -:money +:money =:money
EXPR: 0 | POS | INT | 8 | 67 | 82294 | x=(46.0*((30.0*58.0)+49.0)) | x 46.0 30.0 58.0 * 49.0 + * = | x:money 46.0:money 30.0:money 58.0:money *:money 49.0:money +:money *:money =:money
EXPR: 0 | POS | INT | 8 | 67 | 882 | ((46.0+(30.0-58.0))*49.0)=x | 46.0 30.0 58.0 - + 49.0 * x = | 46.0:money 30.0:money 58.0:money -:money +:money 49.0:money *:money x:money =:money
EXPR: 0 | POS | INT | 8 | 67 | 879 | (((46.0-30.0)*58.0)-49.0)=x | 46.0 30.0 - 58.0 * 49.0 - x = | 46.0:money 30.0:money -:money 58.0:money *:money 49.0:money -:money x:money =:money
EXPR: 0 | POS | INT | 8 | 67 | 1371 | ((49.0-58.0)+(30.0*46.0))=x | 49.0 58.0 - 30.0 46.0 * + x = | 49.0:money 58.0:money -:money 30.0:money 46.0:money *:money +:money x:money =:money
EXPR: 0 | POS | INT | 9 | 67 | 31 | (((49.0-46.0)+58.0)-30.0)=x | 49.0 46.0 - 58.0 + 30.0 - x = | 49.0:money 46.0:money -:money 58.0:money +:money 30.0:money -:money x:money =:money
EXPR: 0 | POS | INT | 9 | 67 | 2282 | x=((49.0*46.0)+(58.0-30.0)) | x 49.0 46.0 * 58.0 30.0 - + = | x:money 49.0:money 46.0:money *:money 58.0:money 30.0:money -:money +:money =:money
EXPR: 0 | POS | INT | 9 | 67 | 123 | (((49.0+46.0)+58.0)-30.0)=x | 49.0 46.0 + 58.0 + 30.0 - x = | 49.0:money 46.0:money +:money 58.0:money +:money 30.0:money -:money x:money =:money
EXPR: 0 | POS | INT | 9 | 67 | 4590 | (((49.0+46.0)+58.0)*30.0)=x | 49.0 46.0 + 58.0 + 30.0 * x = | 49.0:money 46.0:money +:money 58.0:money +:money 30.0:money *:money x:money =:money
EXPR: 0 | POS | INT | 9 | 67 | 1830 | (((49.0-46.0)+58.0)*30.0)=x | 49.0 46.0 - 58.0 + 30.0 * x = | 49.0:money 46.0:money -:money 58.0:money +:money 30.0:money *:money x:money =:money
EXPR: 0 | POS | INT | 9 | 67 | 6566 | x=(49.0*((46.0+58.0)+30.0)) | x 49.0 46.0 58.0 + 30.0 + * = | x:money 49.0:money 46.0:money 58.0:money +:money 30.0:money +:money *:money =:money
EXPR: 0 | POS | INT | 9 | 67 | 132202 | x=(49.0*((46.0*58.0)+30.0)) | x 49.0 46.0 58.0 * 30.0 + * = | x:money 49.0:money 46.0:money 58.0:money *:money 30.0:money +:money *:money =:money
EXPR: 0 | POS | INT | 9 | 67 | 63112 | x=((49.0*46.0)*(58.0-30.0)) | x 49.0 46.0 * 58.0 30.0 - * = | x:money 49.0:money 46.0:money *:money 58.0:money 30.0:money -:money *:money =:money
EXPR: 0 | POS | INT | 9 | 67 | 2747 | x=(49.0+((46.0*58.0)+30.0)) | x 49.0 46.0 58.0 * 30.0 + + = | x:money 49.0:money 46.0:money 58.0:money *:money 30.0:money +:money +:money =:money
EXPR: 0 | POS | INT | 9 | 67 | 5126 | ((49.0*(46.0+58.0))+30.0)=x | 49.0 46.0 58.0 + * 30.0 + x = | 49.0:money 46.0:money 58.0:money +:money *:money 30.0:money +:money x:money =:money
EXPR: 0 | POS | INT | 9 | 67 | 123 | ((58.0-(30.0-49.0))+46.0)=x | 58.0 30.0 49.0 - - 46.0 + x = | 58.0:money 30.0:money 49.0:money -:money -:money 46.0:money +:money x:money =:money
EXPR: 0 | POS | INT | 9 | 67 | 144 | (((49.0-46.0)*58.0)-30.0)=x | 49.0 46.0 - 58.0 * 30.0 - x = | 49.0:money 46.0:money -:money 58.0:money *:money 30.0:money -:money x:money =:money
EXPR: 0 | POS | INT | 9 | 67 | 1110 | ((49.0+(46.0-58.0))*30.0)=x | 49.0 46.0 58.0 - + 30.0 * x = | 49.0:money 46.0:money 58.0:money -:money +:money 30.0:money *:money x:money =:money
EXPR: 0 | POS | INT | 9 | 67 | 2687 | x=(49.0+((46.0*58.0)-30.0)) | x 49.0 46.0 58.0 * 30.0 - + = | x:money 49.0:money 46.0:money 58.0:money *:money 30.0:money -:money +:money =:money
EXPR: 0 | POS | INT | 9 | 67 | 183 | x=(49.0+((46.0+58.0)+30.0)) | x 49.0 46.0 58.0 + 30.0 + + = | x:money 49.0:money 46.0:money 58.0:money +:money 30.0:money +:money +:money =:money
EXPR: 0 | POS | INT | 9 | 67 | 123 | x=(49.0+((46.0+58.0)-30.0)) | x 49.0 46.0 58.0 + 30.0 - + = | x:money 49.0:money 46.0:money 58.0:money +:money 30.0:money -:money +:money =:money
EXPR: 0 | POS | INT | 9 | 67 | 31 | (49.0-((46.0-58.0)+30.0))=x | 49.0 46.0 58.0 - 30.0 + - x = | 49.0:money 46.0:money 58.0:money -:money 30.0:money +:money -:money x:money =:money
EXPR: 0 | POS | INT | 9 | 67 | 882 | (49.0*(46.0-(58.0-30.0)))=x | 49.0 46.0 58.0 30.0 - - * x = | 49.0:money 46.0:money 58.0:money 30.0:money -:money -:money *:money x:money =:money
EXPR: 0 | POS | INT | 9 | 67 | 7 | (49.0+((46.0-58.0)-30.0))=x | 49.0 46.0 58.0 - 30.0 - + x = | 49.0:money 46.0:money 58.0:money -:money 30.0:money -:money +:money x:money =:money
EXPR: 0 | POS | INT | 9 | 67 | 2660 | x=((49.0+46.0)*(58.0-30.0)) | x 49.0 46.0 + 58.0 30.0 - * = | x:money 49.0:money 46.0:money +:money 58.0:money 30.0:money -:money *:money =:money
EXPR: 0 | POS | INT | 10 | 67 | 1914 | ((49.0-(x/58.0))+30.0)=46.0 | 49.0 x 58.0 / - 30.0 + 46.0 = | 49.0:money x:money 58.0:money /:money -:money 30.0:money +:money 46.0:money =:money
EXPR: 0 | POS | INT | 11 | 67 | 7 | (((49.0-58.0)+46.0)-30.0)=x | 49.0 58.0 - 46.0 + 30.0 - x = | 49.0:money 58.0:money -:money 46.0:money +:money 30.0:money -:money x:money =:money
EXPR: 0 | POS | INT | 11 | 67 | 2589 | 49.0=((46.0*58.0)-(x+30.0)) | 49.0 46.0 58.0 * x 30.0 + - = | 49.0:money 46.0:money 58.0:money *:money x:money 30.0:money +:money -:money =:money
EXPR: 0 | POS | INT | 11 | 67 | 123 | (((49.0+58.0)+46.0)-30.0)=x | 49.0 58.0 + 46.0 + 30.0 - x = | 49.0:money 58.0:money +:money 46.0:money +:money 30.0:money -:money x:money =:money
EXPR: 0 | POS | INT | 11 | 67 | 25 | 49.0=(46.0+((58.0-30.0)-x)) | 49.0 46.0 58.0 30.0 - x - + = | 49.0:money 46.0:money 58.0:money 30.0:money -:money x:money -:money +:money =:money
EXPR: 0 | POS | INT | 11 | 67 | 4590 | (((49.0+58.0)+46.0)*30.0)=x | 49.0 58.0 + 46.0 + 30.0 * x = | 49.0:money 58.0:money +:money 46.0:money +:money 30.0:money *:money x:money =:money
EXPR: 0 | POS | INT | 11 | 67 | 1650 | (((46.0-49.0)+58.0)*30.0)=x | 46.0 49.0 - 58.0 + 30.0 * x = | 46.0:money 49.0:money -:money 58.0:money +:money 30.0:money *:money x:money =:money
EXPR: 0 | POS | INT | 11 | 67 | 123 | x=(46.0+((49.0+58.0)-30.0)) | x 46.0 49.0 58.0 + 30.0 - + = | x:money 46.0:money 49.0:money 58.0:money +:money 30.0:money -:money +:money =:money
EXPR: 0 | POS | INT | 11 | 67 | 132112 | x=(46.0*((49.0*58.0)+30.0)) | x 46.0 49.0 58.0 * 30.0 + * = | x:money 46.0:money 49.0:money 58.0:money *:money 30.0:money +:money *:money =:money
EXPR: 0 | POS | INT | 11 | 67 | 1110 | ((46.0+(49.0-58.0))*30.0)=x | 46.0 49.0 58.0 - + 30.0 * x = | 46.0:money 49.0:money 58.0:money -:money +:money 30.0:money *:money x:money =:money
EXPR: 0 | POS | INT | 12 | 67 | 2589 | ((x+30.0)+49.0)=(46.0*58.0) | x 30.0 + 49.0 + 46.0 58.0 * = | x:money 30.0:money +:money 49.0:money +:money 46.0:money 58.0:money *:money =:money
EXPR: 0 | POS | INT | 12 | 67 | 78570 | ((x/30.0)+49.0)=(46.0*58.0) | x 30.0 / 49.0 + 46.0 58.0 * = | x:money 30.0:money /:money 49.0:money +:money 46.0:money 58.0:money *:money =:money
EXPR: 0 | POS | INT | 12 | 67 | 31 | (30.0+x)=((49.0-46.0)+58.0) | 30.0 x + 49.0 46.0 - 58.0 + = | 30.0:money x:money +:money 49.0:money 46.0:money -:money 58.0:money +:money =:money
EXPR: 0 | POS | INT | 12 | 67 | 183 | ((46.0+58.0)+(30.0+49.0))=x | 46.0 58.0 + 30.0 49.0 + + x = | 46.0:money 58.0:money +:money 30.0:money 49.0:money +:money +:money x:money =:money
EXPR: 0 | POS | INT | 14 | 67 | 2766 | ((x+30.0)+46.0)=(49.0*58.0) | x 30.0 + 46.0 + 49.0 58.0 * = | x:money 30.0:money +:money 46.0:money +:money 49.0:money 58.0:money *:money =:money
EXPR: 0 | POS | INT | 14 | 67 | 2589 | ((x+49.0)+30.0)=(46.0*58.0) | x 49.0 + 30.0 + 46.0 58.0 * = | x:money 49.0:money +:money 30.0:money +:money 46.0:money 58.0:money *:money =:money
EXPR: 0 | POS | INT | 14 | 67 | 1566 | ((46.0-(x/58.0))+30.0)=49.0 | 46.0 x 58.0 / - 30.0 + 49.0 = | 46.0:money x:money 58.0:money /:money -:money 30.0:money +:money 49.0:money =:money
EXPR: 0 | POS | INT | 14 | 67 | 85 | ((46.0+(58.0-x))+30.0)=49.0 | 46.0 58.0 x - + 30.0 + 49.0 = | 46.0:money 58.0:money x:money -:money +:money 30.0:money +:money 49.0:money =:money
NET 219 unique, non-negative, integer-valued solutions found out of 855 total solutions
