parameters: n=9 l=4 k=1 p=5 q=2 m=10
TOTAL 491 solutions found
SOLN: CORRECT | POS/NEG | INT/FRA | OBJ-SCORE | TRUE-ANS | ANS | INFIX | POSTFIX | TYPED-POSTFIX
EXPR: 0 | POS | INT | 0 | 224 | 24 | (10+((1-3)+16))=x | 10 1 3 - 16 + + x = | 10:book 1:book 3:book -:book 16:book +:book +:book x:book =:book
EXPR: 0 | POS | INT | 0 | 224 | 190 | (10*((1*3)+16))=x | 10 1 3 * 16 + * x = | 10:book 1:book 3:book *:book 16:book +:book *:book x:book =:book
EXPR: 0 | POS | INT | 0 | 224 | 30 | (10+((1+3)+16))=x | 10 1 3 + 16 + + x = | 10:book 1:book 3:book +:book 16:book +:book +:book x:book =:book
EXPR: 0 | POS | INT | 0 | 224 | 29 | (10+((1*3)+16))=x | 10 1 3 * 16 + + x = | 10:book 1:book 3:book *:book 16:book +:book +:book x:book =:book
EXPR: 0 | POS | INT | 0 | 224 | 140 | (10*((1-3)+16))=x | 10 1 3 - 16 + * x = | 10:book 1:book 3:book -:book 16:book +:book *:book x:book =:book
EXPR: 0 | POS | INT | 0 | 224 | 200 | (10*((1+3)+16))=x | 10 1 3 + 16 + * x = | 10:book 1:book 3:book +:book 16:book +:book *:book x:book =:book
EXPR: 0 | POS | INT | 0 | 224 | 28 | x=(10-((1-3)-16)) | x 10 1 3 - 16 - - = | x:book 10:book 1:book 3:book -:book 16:book -:book -:book =:book
EXPR: 0 | POS | INT | 0 | 224 | 22 | x=(10-((1+3)-16)) | x 10 1 3 + 16 - - = | x:book 10:book 1:book 3:book +:book 16:book -:book -:book =:book
EXPR: 0 | POS | INT | 0 | 224 | 28 | x=(10-(1-(3+16))) | x 10 1 3 16 + - - = | x:book 10:book 1:book 3:book 16:book +:book -:book -:book =:book
EXPR: 0 | POS | INT | 0 | 224 | 28 | ((10-(1-3))+16)=x | 10 1 3 - - 16 + x = | 10:book 1:book 3:book -:book -:book 16:book +:book x:book =:book
EXPR: 0 | POS | INT | 0 | 224 | 57 | x=(10-(1-(3*16))) | x 10 1 3 16 * - - = | x:book 10:book 1:book 3:book 16:book *:book -:book -:book =:book
EXPR: 0 | POS | INT | 0 | 224 | 192 | ((10-(1-3))*16)=x | 10 1 3 - - 16 * x = | 10:book 1:book 3:book -:book -:book 16:book *:book x:book =:book
EXPR: 0 | POS | INT | 0 | 224 | 128 | ((10+(1-3))*16)=x | 10 1 3 - + 16 * x = | 10:book 1:book 3:book -:book +:book 16:book *:book x:book =:book
EXPR: 0 | POS | INT | 0 | 224 | 96 | ((10-(1+3))*16)=x | 10 1 3 + - 16 * x = | 10:book 1:book 3:book +:book -:book 16:book *:book x:book =:book
EXPR: 0 | POS | INT | 0 | 224 | 11 | ((10/(1-3))+16)=x | 10 1 3 - / 16 + x = | 10:book 1:book 3:book -:book /:book 16:book +:book x:book =:book
EXPR: 0 | POS | INT | 0 | 224 | 23 | x=(10-((1*3)-16)) | x 10 1 3 * 16 - - = | x:book 10:book 1:book 3:book *:book 16:book -:book -:book =:book
EXPR: 0 | POS | INT | 0 | 224 | 23 | x=(10-(1*(3-16))) | x 10 1 3 16 - * - = | x:book 10:book 1:book 3:book 16:book -:book *:book -:book =:book
EXPR: 0 | POS | INT | 0 | 224 | 23 | x=(((10*1)-3)+16) | x 10 1 * 3 - 16 + = | x:book 10:book 1:book *:book 3:book -:book 16:book +:book =:book
EXPR: 0 | POS | INT | 0 | 224 | 112 | ((10-(1*3))*16)=x | 10 1 3 * - 16 * x = | 10:book 1:book 3:book *:book -:book 16:book *:book x:book =:book
EXPR: 0 | POS | INT | 0 | 224 | 24 | ((10*(1+3))-16)=x | 10 1 3 + * 16 - x = | 10:book 1:book 3:book +:book *:book 16:book -:book x:book =:book
EXPR: 0 | POS | INT | 0 | 224 | 112 | x=(((10*1)-3)*16) | x 10 1 * 3 - 16 * = | x:book 10:book 1:book *:book 3:book -:book 16:book *:book =:book
EXPR: 0 | POS | INT | 0 | 224 | 42 | x=(10-((1-3)*16)) | x 10 1 3 - 16 * - = | x:book 10:book 1:book 3:book -:book 16:book *:book -:book =:book
EXPR: 0 | POS | INT | 0 | 224 | 30 | x=(10+(1+(3+16))) | x 10 1 3 16 + + + = | x:book 10:book 1:book 3:book 16:book +:book +:book +:book =:book
EXPR: 0 | POS | INT | 0 | 224 | 23 | ((10*1)-(3-16))=x | 10 1 * 3 16 - - x = | 10:book 1:book *:book 3:book 16:book -:book -:book x:book =:book
EXPR: 0 | POS | INT | 0 | 224 | 57 | ((10-1)+(3*16))=x | 10 1 - 3 16 * + x = | 10:book 1:book -:book 3:book 16:book *:book +:book x:book =:book
EXPR: 0 | POS | INT | 0 | 224 | 140 | (10*(1-(3-16)))=x | 10 1 3 16 - - * x = | 10:book 1:book 3:book 16:book -:book -:book *:book x:book =:book
EXPR: 0 | POS | INT | 0 | 224 | 24 | x=(((10+1)-3)+16) | x 10 1 + 3 - 16 + = | x:book 10:book 1:book +:book 3:book -:book 16:book +:book =:book
EXPR: 0 | POS | INT | 0 | 224 | 208 | ((10+(1*3))*16)=x | 10 1 3 * + 16 * x = | 10:book 1:book 3:book *:book +:book 16:book *:book x:book =:book
EXPR: 0 | POS | INT | 0 | 224 | 17 | x=(((10+1)*3)-16) | x 10 1 + 3 * 16 - = | x:book 10:book 1:book +:book 3:book *:book 16:book -:book =:book
EXPR: 0 | POS | INT | 0 | 224 | 190 | x=((10*1)*(3+16)) | x 10 1 * 3 16 + * = | x:book 10:book 1:book *:book 3:book 16:book +:book *:book =:book
EXPR: 0 | POS | INT | 2 | 224 | 117 | ((x/(10-1))+3)=16 | x 10 1 - / 3 + 16 = | x:book 10:book 1:book -:book /:book 3:book +:book 16:book =:book
EXPR: 0 | POS | INT | 2 | 224 | 28 | x=(10-((1-16)-3)) | x 10 1 16 - 3 - - = | x:book 10:book 1:book 16:book -:book 3:book -:book -:book =:book
EXPR: 0 | POS | INT | 2 | 224 | 28 | (10+((3-1)+16))=x | 10 3 1 - 16 + + x = | 10:book 3:book 1:book -:book 16:book +:book +:book x:book =:book
EXPR: 0 | POS | INT | 2 | 224 | 10 | x=(1-(10-(3+16))) | x 1 10 3 16 + - - = | x:book 1:book 10:book 3:book 16:book +:book -:book -:book =:book
EXPR: 0 | POS | INT | 2 | 224 | 39 | x=(1-(10-(3*16))) | x 1 10 3 16 * - - = | x:book 1:book 10:book 3:book 16:book *:book -:book -:book =:book
EXPR: 0 | POS | INT | 2 | 224 | 28 | ((10-(1-16))+3)=x | 10 1 16 - - 3 + x = | 10:book 1:book 16:book -:book -:book 3:book +:book x:book =:book
EXPR: 0 | POS | INT | 2 | 224 | 4 | x=((1-(10+3))+16) | x 1 10 3 + - 16 + = | x:book 1:book 10:book 3:book +:book -:book 16:book +:book =:book
EXPR: 0 | POS | INT | 2 | 224 | 24 | x=(10+(1+(16-3))) | x 10 1 16 3 - + + = | x:book 10:book 1:book 16:book 3:book -:book +:book +:book =:book
EXPR: 0 | POS | INT | 2 | 224 | 131 | x=(1-(10*(3-16))) | x 1 10 3 16 - * - = | x:book 1:book 10:book 3:book 16:book -:book *:book -:book =:book
EXPR: 0 | POS | INT | 2 | 224 | 24 | x=(((10+1)+16)-3) | x 10 1 + 16 + 3 - = | x:book 10:book 1:book +:book 16:book +:book 3:book -:book =:book
EXPR: 0 | POS | INT | 2 | 224 | 10 | ((1-10)+(3+16))=x | 1 10 - 3 16 + + x = | 1:book 10:book -:book 3:book 16:book +:book +:book x:book =:book
EXPR: 0 | POS | INT | 2 | 224 | 55 | x=(10-((1-16)*3)) | x 10 1 16 - 3 * - = | x:book 10:book 1:book 16:book -:book 3:book *:book -:book =:book
EXPR: 0 | POS | INT | 2 | 224 | 22 | ((10-1)+(16-3))=x | 10 1 - 16 3 - + x = | 10:book 1:book -:book 16:book 3:book -:book +:book x:book =:book
EXPR: 0 | POS | INT | 2 | 224 | 22 | (((10-1)+16)-3)=x | 10 1 - 16 + 3 - x = | 10:book 1:book -:book 16:book +:book 3:book -:book x:book =:book
EXPR: 0 | POS | INT | 2 | 224 | 140 | (10*((1+16)-3))=x | 10 1 16 + 3 - * x = | 10:book 1:book 16:book +:book 3:book -:book *:book x:book =:book
EXPR: 0 | POS | INT | 2 | 224 | 28 | x=((10+3)-(1-16)) | x 10 3 + 1 16 - - = | x:book 10:book 3:book +:book 1:book 16:book -:book -:book =:book
EXPR: 0 | POS | INT | 2 | 224 | 78 | ((10+(1*16))*3)=x | 10 1 16 * + 3 * x = | 10:book 1:book 16:book *:book +:book 3:book *:book x:book =:book
EXPR: 0 | POS | INT | 2 | 224 | 173 | x=(((10+1)*16)-3) | x 10 1 + 16 * 3 - = | x:book 10:book 1:book +:book 16:book *:book 3:book -:book =:book
EXPR: 0 | POS | INT | 2 | 224 | 5 | x=(10+((1-16)/3)) | x 10 1 16 - 3 / + = | x:book 10:book 1:book 16:book -:book 3:book /:book +:book =:book
EXPR: 0 | POS | INT | 2 | 224 | 24 | x=(1+(10-(3-16))) | x 1 10 3 16 - - + = | x:book 1:book 10:book 3:book 16:book -:book -:book +:book =:book
EXPR: 0 | POS | INT | 3 | 224 | 167 | ((10*(1+16))-3)=x | 10 1 16 + * 3 - x = | 10:book 1:book 16:book +:book *:book 3:book -:book x:book =:book
EXPR: 0 | POS | INT | 4 | 224 | 105 | ((x/(10-3))+1)=16 | x 10 3 - / 1 + 16 = | x:book 10:book 3:book -:book /:book 1:book +:book 16:book =:book
EXPR: 0 | POS | INT | 4 | 224 | 4 | (((1-10)+16)-3)=x | 1 10 - 16 + 3 - x = | 1:book 10:book -:book 16:book +:book 3:book -:book x:book =:book
EXPR: 0 | POS | INT | 4 | 224 | 23 | x=(1*(10+(16-3))) | x 1 10 16 3 - + * = | x:book 1:book 10:book 16:book 3:book -:book +:book *:book =:book
EXPR: 0 | POS | INT | 4 | 224 | 24 | x=(1+(10+(16-3))) | x 1 10 16 3 - + + = | x:book 1:book 10:book 16:book 3:book -:book +:book +:book =:book
EXPR: 0 | POS | INT | 4 | 224 | 131 | x=(1+(10*(16-3))) | x 1 10 16 3 - * + = | x:book 1:book 10:book 16:book 3:book -:book *:book +:book =:book
EXPR: 0 | POS | INT | 5 | 224 | 153 | ((10*(16-1))+3)=x | 10 16 1 - * 3 + x = | 10:book 16:book 1:book -:book *:book 3:book +:book x:book =:book
EXPR: 0 | POS | INT | 5 | 224 | 23 | x=(10+(16-(1*3))) | x 10 16 1 3 * - + = | x:book 10:book 16:book 1:book 3:book *:book -:book +:book =:book
EXPR: 0 | POS | INT | 5 | 224 | 9 | ((1*(3-10))+16)=x | 1 3 10 - * 16 + x = | 1:book 3:book 10:book -:book *:book 16:book +:book x:book =:book
EXPR: 0 | POS | INT | 5 | 224 | 6 | x=(10-(16/(1+3))) | x 10 16 1 3 + / - = | x:book 10:book 16:book 1:book 3:book +:book /:book -:book =:book
EXPR: 0 | POS | INT | 5 | 224 | 57 | x=((10+(3*16))-1) | x 10 3 16 * + 1 - = | x:book 10:book 3:book 16:book *:book +:book 1:book -:book =:book
EXPR: 0 | POS | INT | 5 | 224 | 24 | x=(10+(16+(1-3))) | x 10 16 1 3 - + + = | x:book 10:book 16:book 1:book 3:book -:book +:book +:book =:book
EXPR: 0 | POS | INT | 5 | 224 | 10 | ((1+(3-10))+16)=x | 1 3 10 - + 16 + x = | 1:book 3:book 10:book -:book +:book 16:book +:book x:book =:book
EXPR: 0 | POS | INT | 5 | 224 | 128 | ((1-(3-10))*16)=x | 1 3 10 - - 16 * x = | 1:book 3:book 10:book -:book -:book 16:book *:book x:book =:book
EXPR: 0 | POS | INT | 5 | 224 | 180 | x=(10*(16-(1-3))) | x 10 16 1 3 - - * = | x:book 10:book 16:book 1:book 3:book -:book -:book *:book =:book
EXPR: 0 | POS | INT | 5 | 224 | 24 | ((1-(3-10))+16)=x | 1 3 10 - - 16 + x = | 1:book 3:book 10:book -:book -:book 16:book +:book x:book =:book
EXPR: 0 | POS | INT | 5 | 224 | 120 | (10*(16-(1+3)))=x | 10 16 1 3 + - * x = | 10:book 16:book 1:book 3:book +:book -:book *:book x:book =:book
EXPR: 0 | POS | INT | 5 | 224 | 113 | x=(1-((3-10)*16)) | x 1 3 10 - 16 * - = | x:book 1:book 3:book 10:book -:book 16:book *:book -:book =:book
EXPR: 0 | POS | INT | 5 | 224 | 28 | x=((10+16)-(1-3)) | x 10 16 + 1 3 - - = | x:book 10:book 16:book +:book 1:book 3:book -:book -:book =:book
EXPR: 0 | POS | INT | 7 | 224 | 8 | 3=(((10+1)+x)-16) | 3 10 1 + x + 16 - = | 3:book 10:book 1:book +:book x:book +:book 16:book -:book =:book
EXPR: 0 | POS | INT | 7 | 224 | 22 | ((3+x)-(10-1))=16 | 3 x + 10 1 - - 16 = | 3:book x:book +:book 10:book 1:book -:book -:book 16:book =:book
EXPR: 0 | POS | INT | 7 | 224 | 2 | ((1-(3-10))*x)=16 | 1 3 10 - - x * 16 = | 1:book 3:book 10:book -:book -:book x:book *:book 16:book =:book
EXPR: 0 | POS | INT | 7 | 224 | 22 | ((1+x)+(3-10))=16 | 1 x + 3 10 - + 16 = | 1:book x:book +:book 3:book 10:book -:book +:book 16:book =:book
EXPR: 0 | POS | INT | 7 | 224 | 8 | ((1-(3-10))+x)=16 | 1 3 10 - - x + 16 = | 1:book 3:book 10:book -:book -:book x:book +:book 16:book =:book
EXPR: 0 | POS | INT | 8 | 224 | 10 | x=(1+(16-(10-3))) | x 1 16 10 3 - - + = | x:book 1:book 16:book 10:book 3:book -:book -:book +:book =:book
EXPR: 0 | POS | INT | 8 | 224 | 3 | ((1*(16-10))-3)=x | 1 16 10 - * 3 - x = | 1:book 16:book 10:book -:book *:book 3:book -:book x:book =:book
EXPR: 0 | POS | INT | 9 | 224 | 3 | x=(((16-10)*1)-3) | x 16 10 - 1 * 3 - = | x:book 16:book 10:book -:book 1:book *:book 3:book -:book =:book
EXPR: 0 | POS | INT | 9 | 224 | 10 | ((16-(10-1))+3)=x | 16 10 1 - - 3 + x = | 16:book 10:book 1:book -:book -:book 3:book +:book x:book =:book
EXPR: 0 | POS | INT | 9 | 224 | 2 | x=(16-(10+(1+3))) | x 16 10 1 3 + + - = | x:book 16:book 10:book 1:book 3:book +:book +:book -:book =:book
EXPR: 0 | POS | INT | 9 | 224 | 79 | 3=((x-1)/(10+16)) | 3 x 1 - 10 16 + / = | 3:book x:book 1:book -:book 10:book 16:book +:book /:book =:book
EXPR: 0 | POS | INT | 9 | 224 | 4 | ((10-(16-x))+3)=1 | 10 16 x - - 3 + 1 = | 10:book 16:book x:book -:book -:book 3:book +:book 1:book =:book
EXPR: 0 | POS | INT | 9 | 224 | 19 | x=(1+(3*(16-10))) | x 1 3 16 10 - * + = | x:book 1:book 3:book 16:book 10:book -:book *:book +:book =:book
EXPR: 0 | POS | INT | 9 | 224 | 23 | x=(16+(10-(1*3))) | x 16 10 1 3 * - + = | x:book 16:book 10:book 1:book 3:book *:book -:book +:book =:book
EXPR: 0 | POS | INT | 9 | 224 | 192 | x=(16*(10-(1-3))) | x 16 10 1 3 - - * = | x:book 16:book 10:book 1:book 3:book -:book -:book *:book =:book
EXPR: 0 | POS | INT | 10 | 224 | 22 | 3=((10+(16-1))-x) | 3 10 16 1 - + x - = | 3:book 10:book 16:book 1:book -:book +:book x:book -:book =:book
EXPR: 0 | POS | INT | 10 | 224 | 8 | 3=(10-((16-1)-x)) | 3 10 16 1 - x - - = | 3:book 10:book 16:book 1:book -:book x:book -:book -:book =:book
EXPR: 0 | POS | INT | 10 | 224 | 15 | ((1-16)/(10-x))=3 | 1 16 - 10 x - / 3 = | 1:book 16:book -:book 10:book x:book -:book /:book 3:book =:book
EXPR: 0 | POS | INT | 10 | 224 | 8 | (1-(16-(x+10)))=3 | 1 16 x 10 + - - 3 = | 1:book 16:book x:book 10:book +:book -:book -:book 3:book =:book
EXPR: 0 | POS | INT | 10 | 224 | 22 | 3=(((10+16)-1)-x) | 3 10 16 + 1 - x - = | 3:book 10:book 16:book +:book 1:book -:book x:book -:book =:book
EXPR: 0 | POS | INT | 11 | 224 | 11 | x=(16-(10/(3-1))) | x 16 10 3 1 - / - = | x:book 16:book 10:book 3:book 1:book -:book /:book -:book =:book
EXPR: 0 | POS | INT | 11 | 224 | 4 | 16=(x+(10-(1-3))) | 16 x 10 1 3 - - + = | 16:book x:book 10:book 1:book 3:book -:book -:book +:book =:book
EXPR: 0 | POS | INT | 11 | 224 | 4 | 16=(10-((1-3)-x)) | 16 10 1 3 - x - - = | 16:book 10:book 1:book 3:book -:book x:book -:book -:book =:book
EXPR: 0 | POS | INT | 11 | 224 | 4 | x=(16-(10+(3-1))) | x 16 10 3 1 - + - = | x:book 16:book 10:book 3:book 1:book -:book +:book -:book =:book
EXPR: 0 | POS | INT | 11 | 224 | 29 | 16=(x-(10+(1*3))) | 16 x 10 1 3 * + - = | 16:book x:book 10:book 1:book 3:book *:book +:book -:book =:book
EXPR: 0 | POS | INT | 11 | 224 | 24 | (1+(16-(3-10)))=x | 1 16 3 10 - - + x = | 1:book 16:book 3:book 10:book -:book -:book +:book x:book =:book
EXPR: 0 | POS | INT | 11 | 224 | 30 | 16=(x-(10+(1+3))) | 16 x 10 1 3 + + - = | 16:book x:book 10:book 1:book 3:book +:book +:book -:book =:book
EXPR: 0 | POS | INT | 11 | 224 | 10 | (16+((1-10)+3))=x | 16 1 10 - 3 + + x = | 16:book 1:book 10:book -:book 3:book +:book +:book x:book =:book
EXPR: 0 | POS | INT | 11 | 224 | 4 | (16+((1-10)-3))=x | 16 1 10 - 3 - + x = | 16:book 1:book 10:book -:book 3:book -:book +:book x:book =:book
EXPR: 0 | POS | INT | 12 | 224 | 37 | x=((3*16)-(10+1)) | x 3 16 * 10 1 + - = | x:book 3:book 16:book *:book 10:book 1:book +:book -:book =:book
EXPR: 0 | POS | INT | 12 | 224 | 432 | x=((3*16)*(10-1)) | x 3 16 * 10 1 - * = | x:book 3:book 16:book *:book 10:book 1:book -:book *:book =:book
EXPR: 0 | POS | INT | 12 | 224 | 15 | x=(3*((16-10)-1)) | x 3 16 10 - 1 - * = | x:book 3:book 16:book 10:book -:book 1:book -:book *:book =:book
EXPR: 0 | POS | INT | 13 | 224 | 30 | 16=(x-((10+3)+1)) | 16 x 10 3 + 1 + - = | 16:book x:book 10:book 3:book +:book 1:book +:book -:book =:book
EXPR: 0 | POS | INT | 13 | 224 | 28 | 16=((1+(x-10))-3) | 16 1 x 10 - + 3 - = | 16:book 1:book x:book 10:book -:book +:book 3:book -:book =:book
EXPR: 0 | POS | INT | 13 | 224 | 28 | 16=(1-(10+(3-x))) | 16 1 10 3 x - + - = | 16:book 1:book 10:book 3:book x:book -:book +:book -:book =:book
EXPR: 0 | POS | INT | 13 | 224 | 15 | 16=((1+(10*3))-x) | 16 1 10 3 * + x - = | 16:book 1:book 10:book 3:book *:book +:book x:book -:book =:book
EXPR: 0 | POS | INT | 13 | 224 | 105 | 16=(1+(x/(10-3))) | 16 1 x 10 3 - / + = | 16:book 1:book x:book 10:book 3:book -:book /:book +:book =:book
EXPR: 0 | POS | INT | 14 | 224 | 3 | 3=(16-((10*1)+x)) | 3 16 10 1 * x + - = | 3:book 16:book 10:book 1:book *:book x:book +:book -:book =:book
EXPR: 0 | POS | INT | 14 | 224 | 24 | 3=(16+((10+1)-x)) | 3 16 10 1 + x - + = | 3:book 16:book 10:book 1:book +:book x:book -:book +:book =:book
EXPR: 0 | POS | INT | 14 | 224 | 22 | 3=((16+(10-1))-x) | 3 16 10 1 - + x - = | 3:book 16:book 10:book 1:book -:book +:book x:book -:book =:book
EXPR: 0 | POS | INT | 16 | 224 | 8 | 16=(1-((3-10)-x)) | 16 1 3 10 - x - - = | 16:book 1:book 3:book 10:book -:book x:book -:book -:book =:book
EXPR: 0 | POS | INT | 16 | 224 | 10 | x=(16+(3+(1-10))) | x 16 3 1 10 - + + = | x:book 16:book 3:book 1:book 10:book -:book +:book +:book =:book
EXPR: 0 | POS | INT | 16 | 224 | 15 | 3=(((x+16)-1)/10) | 3 x 16 + 1 - 10 / = | 3:book x:book 16:book +:book 1:book -:book 10:book /:book =:book
EXPR: 0 | POS | INT | 20 | 224 | 22 | (3+x)=(10+(16-1)) | 3 x + 10 16 1 - + = | 3:book x:book +:book 10:book 16:book 1:book -:book +:book =:book
NET 113 unique, non-negative, integer-valued solutions found out of 491 total solutions
