parameters: n=9 l=4 k=1 p=5 q=3 m=10
TOTAL 698 solutions found
SOLN: CORRECT | POS/NEG | INT/FRA | OBJ-SCORE | TRUE-ANS | ANS | INFIX | POSTFIX | TYPED-POSTFIX
EXPR: 0 | POS | INT | 0 | 90 | 82 | (((24+14)+3)*2)=x | 24 14 + 3 + 2 * x = | 24:bicycle 14:bicycle +:bicycle 3:bicycle +:bicycle 2:bicycle *:bicycle x:bicycle =:bicycle
EXPR: 0 | POS | INT | 0 | 90 | 9 | (((24-14)-3)+2)=x | 24 14 - 3 - 2 + x = | 24:bicycle 14:bicycle -:bicycle 3:bicycle -:bicycle 2:bicycle +:bicycle x:bicycle =:bicycle
EXPR: 0 | POS | INT | 0 | 90 | 37 | (((24+14)-3)+2)=x | 24 14 + 3 - 2 + x = | 24:bicycle 14:bicycle +:bicycle 3:bicycle -:bicycle 2:bicycle +:bicycle x:bicycle =:bicycle
EXPR: 0 | POS | INT | 0 | 90 | 33 | (((24+14)-3)-2)=x | 24 14 + 3 - 2 - x = | 24:bicycle 14:bicycle +:bicycle 3:bicycle -:bicycle 2:bicycle -:bicycle x:bicycle =:bicycle
EXPR: 0 | POS | INT | 0 | 90 | 43 | (((24+14)+3)+2)=x | 24 14 + 3 + 2 + x = | 24:bicycle 14:bicycle +:bicycle 3:bicycle +:bicycle 2:bicycle +:bicycle x:bicycle =:bicycle
EXPR: 0 | POS | INT | 0 | 90 | 216 | (24*(14-(3+2)))=x | 24 14 3 2 + - * x = | 24:bicycle 14:bicycle 3:bicycle 2:bicycle +:bicycle -:bicycle *:bicycle x:bicycle =:bicycle
EXPR: 0 | POS | INT | 0 | 90 | 456 | (24*(14+(3+2)))=x | 24 14 3 2 + + * x = | 24:bicycle 14:bicycle 3:bicycle 2:bicycle +:bicycle +:bicycle *:bicycle x:bicycle =:bicycle
EXPR: 0 | POS | INT | 0 | 90 | 5 | (24-(14+(3+2)))=x | 24 14 3 2 + + - x = | 24:bicycle 14:bicycle 3:bicycle 2:bicycle +:bicycle +:bicycle -:bicycle x:bicycle =:bicycle
EXPR: 0 | POS | INT | 0 | 90 | 9 | (24-(14+(3-2)))=x | 24 14 3 2 - + - x = | 24:bicycle 14:bicycle 3:bicycle 2:bicycle -:bicycle +:bicycle -:bicycle x:bicycle =:bicycle
EXPR: 0 | POS | INT | 0 | 90 | 39 | (((24+14)+3)-2)=x | 24 14 + 3 + 2 - x = | 24:bicycle 14:bicycle +:bicycle 3:bicycle +:bicycle 2:bicycle -:bicycle x:bicycle =:bicycle
EXPR: 0 | POS | INT | 0 | 90 | 360 | (24*(14+(3-2)))=x | 24 14 3 2 - + * x = | 24:bicycle 14:bicycle 3:bicycle 2:bicycle -:bicycle +:bicycle *:bicycle x:bicycle =:bicycle
EXPR: 0 | POS | INT | 0 | 90 | 70 | (((24+14)-3)*2)=x | 24 14 + 3 - 2 * x = | 24:bicycle 14:bicycle +:bicycle 3:bicycle -:bicycle 2:bicycle *:bicycle x:bicycle =:bicycle
EXPR: 0 | POS | INT | 0 | 90 | 10 | (24-(14/(3-2)))=x | 24 14 3 2 - / - x = | 24:bicycle 14:bicycle 3:bicycle 2:bicycle -:bicycle /:bicycle -:bicycle x:bicycle =:bicycle
EXPR: 0 | POS | INT | 0 | 90 | 11 | (24-(14-(3-2)))=x | 24 14 3 2 - - - x = | 24:bicycle 14:bicycle 3:bicycle 2:bicycle -:bicycle -:bicycle -:bicycle x:bicycle =:bicycle
EXPR: 0 | POS | INT | 0 | 90 | 33 | (24+(14-(3+2)))=x | 24 14 3 2 + - + x = | 24:bicycle 14:bicycle 3:bicycle 2:bicycle +:bicycle -:bicycle +:bicycle x:bicycle =:bicycle
EXPR: 0 | POS | INT | 0 | 90 | 32 | x=(((24-14)*3)+2) | x 24 14 - 3 * 2 + = | x:bicycle 24:bicycle 14:bicycle -:bicycle 3:bicycle *:bicycle 2:bicycle +:bicycle =:bicycle
EXPR: 0 | POS | INT | 0 | 90 | 28 | x=(((24-14)*3)-2) | x 24 14 - 3 * 2 - = | x:bicycle 24:bicycle 14:bicycle -:bicycle 3:bicycle *:bicycle 2:bicycle -:bicycle =:bicycle
EXPR: 0 | POS | INT | 0 | 90 | 112 | (((24+14)*3)-2)=x | 24 14 + 3 * 2 - x = | 24:bicycle 14:bicycle +:bicycle 3:bicycle *:bicycle 2:bicycle -:bicycle x:bicycle =:bicycle
EXPR: 0 | POS | INT | 0 | 90 | 70 | x=(((24+14)-3)*2) | x 24 14 + 3 - 2 * = | x:bicycle 24:bicycle 14:bicycle +:bicycle 3:bicycle -:bicycle 2:bicycle *:bicycle =:bicycle
EXPR: 0 | POS | INT | 0 | 90 | 32 | (((24-14)*3)+2)=x | 24 14 - 3 * 2 + x = | 24:bicycle 14:bicycle -:bicycle 3:bicycle *:bicycle 2:bicycle +:bicycle x:bicycle =:bicycle
EXPR: 0 | POS | INT | 0 | 90 | 38 | x=(24+(14*(3-2))) | x 24 14 3 2 - * + = | x:bicycle 24:bicycle 14:bicycle 3:bicycle 2:bicycle -:bicycle *:bicycle +:bicycle =:bicycle
EXPR: 0 | POS | INT | 0 | 90 | 37 | x=(((24+14)-3)+2) | x 24 14 + 3 - 2 + = | x:bicycle 24:bicycle 14:bicycle +:bicycle 3:bicycle -:bicycle 2:bicycle +:bicycle =:bicycle
EXPR: 0 | POS | INT | 0 | 90 | 10 | x=(24-(14*(3-2))) | x 24 14 3 2 - * - = | x:bicycle 24:bicycle 14:bicycle 3:bicycle 2:bicycle -:bicycle *:bicycle -:bicycle =:bicycle
EXPR: 0 | POS | INT | 0 | 90 | 39 | x=(24+(14+(3-2))) | x 24 14 3 2 - + + = | x:bicycle 24:bicycle 14:bicycle 3:bicycle 2:bicycle -:bicycle +:bicycle +:bicycle =:bicycle
EXPR: 0 | POS | INT | 0 | 90 | 10 | x=(24-(14/(3-2))) | x 24 14 3 2 - / - = | x:bicycle 24:bicycle 14:bicycle 3:bicycle 2:bicycle -:bicycle /:bicycle -:bicycle =:bicycle
EXPR: 0 | POS | INT | 0 | 90 | 38 | x=(24+(14/(3-2))) | x 24 14 3 2 - / + = | x:bicycle 24:bicycle 14:bicycle 3:bicycle 2:bicycle -:bicycle /:bicycle +:bicycle =:bicycle
EXPR: 0 | POS | INT | 0 | 90 | 4 | x=(24-(14+(3*2))) | x 24 14 3 2 * + - = | x:bicycle 24:bicycle 14:bicycle 3:bicycle 2:bicycle *:bicycle +:bicycle -:bicycle =:bicycle
EXPR: 0 | POS | INT | 0 | 90 | 26 | (((24-14)+3)*2)=x | 24 14 - 3 + 2 * x = | 24:bicycle 14:bicycle -:bicycle 3:bicycle +:bicycle 2:bicycle *:bicycle x:bicycle =:bicycle
EXPR: 0 | POS | INT | 0 | 90 | 39 | ((24+(14+3))-2)=x | 24 14 3 + + 2 - x = | 24:bicycle 14:bicycle 3:bicycle +:bicycle +:bicycle 2:bicycle -:bicycle x:bicycle =:bicycle
EXPR: 0 | POS | INT | 0 | 90 | 94 | x=(24+(14*(3+2))) | x 24 14 3 2 + * + = | x:bicycle 24:bicycle 14:bicycle 3:bicycle 2:bicycle +:bicycle *:bicycle +:bicycle =:bicycle
EXPR: 0 | POS | INT | 0 | 90 | 38 | ((24+14)*(3-2))=x | 24 14 + 3 2 - * x = | 24:bicycle 14:bicycle +:bicycle 3:bicycle 2:bicycle -:bicycle *:bicycle x:bicycle =:bicycle
EXPR: 0 | POS | INT | 0 | 90 | 190 | ((24+14)*(3+2))=x | 24 14 + 3 2 + * x = | 24:bicycle 14:bicycle +:bicycle 3:bicycle 2:bicycle +:bicycle *:bicycle x:bicycle =:bicycle
EXPR: 0 | POS | INT | 0 | 90 | 335 | (((24*14)-3)+2)=x | 24 14 * 3 - 2 + x = | 24:bicycle 14:bicycle *:bicycle 3:bicycle -:bicycle 2:bicycle +:bicycle x:bicycle =:bicycle
EXPR: 0 | POS | INT | 0 | 90 | 312 | (24*(14-(3-2)))=x | 24 14 3 2 - - * x = | 24:bicycle 14:bicycle 3:bicycle 2:bicycle -:bicycle -:bicycle *:bicycle x:bicycle =:bicycle
EXPR: 0 | POS | INT | 0 | 90 | 360 | x=(24*(14+(3-2))) | x 24 14 3 2 - + * = | x:bicycle 24:bicycle 14:bicycle 3:bicycle 2:bicycle -:bicycle +:bicycle *:bicycle =:bicycle
EXPR: 0 | POS | INT | 0 | 90 | 116 | (((24+14)*3)+2)=x | 24 14 + 3 * 2 + x = | 24:bicycle 14:bicycle +:bicycle 3:bicycle *:bicycle 2:bicycle +:bicycle x:bicycle =:bicycle
EXPR: 0 | POS | INT | 0 | 90 | 39 | ((24+14)+(3-2))=x | 24 14 + 3 2 - + x = | 24:bicycle 14:bicycle +:bicycle 3:bicycle 2:bicycle -:bicycle +:bicycle x:bicycle =:bicycle
EXPR: 0 | POS | INT | 0 | 90 | 43 | (24+(14+(3+2)))=x | 24 14 3 2 + + + x = | 24:bicycle 14:bicycle 3:bicycle 2:bicycle +:bicycle +:bicycle +:bicycle x:bicycle =:bicycle
EXPR: 0 | POS | INT | 0 | 90 | 15 | (((24-14)+3)+2)=x | 24 14 - 3 + 2 + x = | 24:bicycle 14:bicycle -:bicycle 3:bicycle +:bicycle 2:bicycle +:bicycle x:bicycle =:bicycle
EXPR: 0 | POS | INT | 0 | 90 | 33 | ((24+14)-(3+2))=x | 24 14 + 3 2 + - x = | 24:bicycle 14:bicycle +:bicycle 3:bicycle 2:bicycle +:bicycle -:bicycle x:bicycle =:bicycle
EXPR: 0 | POS | INT | 0 | 90 | 64 | ((24+(14*3))-2)=x | 24 14 3 * + 2 - x = | 24:bicycle 14:bicycle 3:bicycle *:bicycle +:bicycle 2:bicycle -:bicycle x:bicycle =:bicycle
EXPR: 0 | POS | INT | 0 | 90 | 9 | x=(((24-14)-3)+2) | x 24 14 - 3 - 2 + = | x:bicycle 24:bicycle 14:bicycle -:bicycle 3:bicycle -:bicycle 2:bicycle +:bicycle =:bicycle
EXPR: 0 | POS | INT | 0 | 90 | 33 | ((24+(14-3))-2)=x | 24 14 3 - + 2 - x = | 24:bicycle 14:bicycle 3:bicycle -:bicycle +:bicycle 2:bicycle -:bicycle x:bicycle =:bicycle
EXPR: 0 | POS | INT | 0 | 90 | 10 | (24-(14*(3-2)))=x | 24 14 3 2 - * - x = | 24:bicycle 14:bicycle 3:bicycle 2:bicycle -:bicycle *:bicycle -:bicycle x:bicycle =:bicycle
EXPR: 0 | POS | INT | 0 | 90 | 11 | (((24-14)+3)-2)=x | 24 14 - 3 + 2 - x = | 24:bicycle 14:bicycle -:bicycle 3:bicycle +:bicycle 2:bicycle -:bicycle x:bicycle =:bicycle
EXPR: 0 | POS | INT | 0 | 90 | 331 | x=(((24*14)-3)-2) | x 24 14 * 3 - 2 - = | x:bicycle 24:bicycle 14:bicycle *:bicycle 3:bicycle -:bicycle 2:bicycle -:bicycle =:bicycle
EXPR: 0 | POS | INT | 0 | 90 | 5 | ((24-(14+3))-2)=x | 24 14 3 + - 2 - x = | 24:bicycle 14:bicycle 3:bicycle +:bicycle -:bicycle 2:bicycle -:bicycle x:bicycle =:bicycle
EXPR: 0 | POS | INT | 0 | 90 | 11 | ((24-(14-3))-2)=x | 24 14 3 - - 2 - x = | 24:bicycle 14:bicycle 3:bicycle -:bicycle -:bicycle 2:bicycle -:bicycle x:bicycle =:bicycle
EXPR: 0 | POS | INT | 0 | 90 | 360 | x=(24*((14+3)-2)) | x 24 14 3 + 2 - * = | x:bicycle 24:bicycle 14:bicycle 3:bicycle +:bicycle 2:bicycle -:bicycle *:bicycle =:bicycle
EXPR: 0 | POS | INT | 0 | 90 | 38 | ((24+14)/(3-2))=x | 24 14 + 3 2 - / x = | 24:bicycle 14:bicycle +:bicycle 3:bicycle 2:bicycle -:bicycle /:bicycle x:bicycle =:bicycle
EXPR: 0 | POS | INT | 0 | 90 | 216 | x=(24*((14-3)-2)) | x 24 14 3 - 2 - * = | x:bicycle 24:bicycle 14:bicycle 3:bicycle -:bicycle 2:bicycle -:bicycle *:bicycle =:bicycle
EXPR: 0 | POS | INT | 0 | 90 | 5 | (((24-14)-3)-2)=x | 24 14 - 3 - 2 - x = | 24:bicycle 14:bicycle -:bicycle 3:bicycle -:bicycle 2:bicycle -:bicycle x:bicycle =:bicycle
EXPR: 0 | POS | INT | 0 | 90 | 5 | x=(24-(14+(3+2))) | x 24 14 3 2 + + - = | x:bicycle 24:bicycle 14:bicycle 3:bicycle 2:bicycle +:bicycle +:bicycle -:bicycle =:bicycle
EXPR: 0 | POS | INT | 0 | 90 | 14 | (((24-14)-3)*2)=x | 24 14 - 3 - 2 * x = | 24:bicycle 14:bicycle -:bicycle 3:bicycle -:bicycle 2:bicycle *:bicycle x:bicycle =:bicycle
EXPR: 0 | POS | INT | 0 | 90 | 37 | x=(24+(14-(3-2))) | x 24 14 3 2 - - + = | x:bicycle 24:bicycle 14:bicycle 3:bicycle 2:bicycle -:bicycle -:bicycle +:bicycle =:bicycle
EXPR: 0 | POS | INT | 0 | 90 | 116 | x=(((24+14)*3)+2) | x 24 14 + 3 * 2 + = | x:bicycle 24:bicycle 14:bicycle +:bicycle 3:bicycle *:bicycle 2:bicycle +:bicycle =:bicycle
EXPR: 0 | POS | INT | 0 | 90 | 32 | ((24+14)-(3*2))=x | 24 14 + 3 2 * - x = | 24:bicycle 14:bicycle +:bicycle 3:bicycle 2:bicycle *:bicycle -:bicycle x:bicycle =:bicycle
EXPR: 0 | POS | INT | 0 | 90 | 336 | x=((24*14)*(3-2)) | x 24 14 * 3 2 - * = | x:bicycle 24:bicycle 14:bicycle *:bicycle 3:bicycle 2:bicycle -:bicycle *:bicycle =:bicycle
EXPR: 0 | POS | INT | 0 | 90 | 33 | x=(24+(14-(3+2))) | x 24 14 3 2 + - + = | x:bicycle 24:bicycle 14:bicycle 3:bicycle 2:bicycle +:bicycle -:bicycle +:bicycle =:bicycle
EXPR: 0 | POS | INT | 0 | 90 | 678 | (((24*14)+3)*2)=x | 24 14 * 3 + 2 * x = | 24:bicycle 14:bicycle *:bicycle 3:bicycle +:bicycle 2:bicycle *:bicycle x:bicycle =:bicycle
EXPR: 0 | POS | INT | 0 | 90 | 4 | x=((24-14)-(3*2)) | x 24 14 - 3 2 * - = | x:bicycle 24:bicycle 14:bicycle -:bicycle 3:bicycle 2:bicycle *:bicycle -:bicycle =:bicycle
EXPR: 0 | POS | INT | 0 | 90 | 337 | (((24*14)+3)-2)=x | 24 14 * 3 + 2 - x = | 24:bicycle 14:bicycle *:bicycle 3:bicycle +:bicycle 2:bicycle -:bicycle x:bicycle =:bicycle
EXPR: 0 | POS | INT | 0 | 90 | 16 | x=((24-14)+(3*2)) | x 24 14 - 3 2 * + = | x:bicycle 24:bicycle 14:bicycle -:bicycle 3:bicycle 2:bicycle *:bicycle +:bicycle =:bicycle
EXPR: 0 | POS | INT | 0 | 90 | 32 | x=(24+(14-(3*2))) | x 24 14 3 2 * - + = | x:bicycle 24:bicycle 14:bicycle 3:bicycle 2:bicycle *:bicycle -:bicycle +:bicycle =:bicycle
EXPR: 0 | POS | INT | 2 | 90 | 11 | (((24-14)-x)+3)=2 | 24 14 - x - 3 + 2 = | 24:bicycle 14:bicycle -:bicycle x:bicycle -:bicycle 3:bicycle +:bicycle 2:bicycle =:bicycle
EXPR: 0 | POS | INT | 2 | 90 | 2 | x=(((24-14)/2)-3) | x 24 14 - 2 / 3 - = | x:bicycle 24:bicycle 14:bicycle -:bicycle 2:bicycle /:bicycle 3:bicycle -:bicycle =:bicycle
EXPR: 0 | POS | INT | 2 | 90 | 11 | (((24+3)-14)-2)=x | 24 3 + 14 - 2 - x = | 24:bicycle 3:bicycle +:bicycle 14:bicycle -:bicycle 2:bicycle -:bicycle x:bicycle =:bicycle
EXPR: 0 | POS | INT | 2 | 90 | 43 | (((24+3)+14)+2)=x | 24 3 + 14 + 2 + x = | 24:bicycle 3:bicycle +:bicycle 14:bicycle +:bicycle 2:bicycle +:bicycle x:bicycle =:bicycle
EXPR: 0 | POS | INT | 2 | 90 | 43 | (((24+14)+2)+3)=x | 24 14 + 2 + 3 + x = | 24:bicycle 14:bicycle +:bicycle 2:bicycle +:bicycle 3:bicycle +:bicycle x:bicycle =:bicycle
EXPR: 0 | POS | INT | 2 | 90 | 33 | (((24+14)-2)-3)=x | 24 14 + 2 - 3 - x = | 24:bicycle 14:bicycle +:bicycle 2:bicycle -:bicycle 3:bicycle -:bicycle x:bicycle =:bicycle
EXPR: 0 | POS | INT | 2 | 90 | 11 | (24-(14+(x-3)))=2 | 24 14 x 3 - + - 2 = | 24:bicycle 14:bicycle x:bicycle 3:bicycle -:bicycle +:bicycle -:bicycle 2:bicycle =:bicycle
EXPR: 0 | POS | INT | 2 | 90 | 11 | (24-(14+(2-3)))=x | 24 14 2 3 - + - x = | 24:bicycle 14:bicycle 2:bicycle 3:bicycle -:bicycle +:bicycle -:bicycle x:bicycle =:bicycle
EXPR: 0 | POS | INT | 2 | 90 | 16 | (((24+14)/2)-3)=x | 24 14 + 2 / 3 - x = | 24:bicycle 14:bicycle +:bicycle 2:bicycle /:bicycle 3:bicycle -:bicycle x:bicycle =:bicycle
EXPR: 0 | POS | INT | 2 | 90 | 120 | (((24+14)+2)*3)=x | 24 14 + 2 + 3 * x = | 24:bicycle 14:bicycle +:bicycle 2:bicycle +:bicycle 3:bicycle *:bicycle x:bicycle =:bicycle
EXPR: 0 | POS | INT | 2 | 90 | 108 | (((24+14)-2)*3)=x | 24 14 + 2 - 3 * x = | 24:bicycle 14:bicycle +:bicycle 2:bicycle -:bicycle 3:bicycle *:bicycle x:bicycle =:bicycle
EXPR: 0 | POS | INT | 2 | 90 | 26 | (((24+3)-14)*2)=x | 24 3 + 14 - 2 * x = | 24:bicycle 3:bicycle +:bicycle 14:bicycle -:bicycle 2:bicycle *:bicycle x:bicycle =:bicycle
EXPR: 0 | POS | INT | 2 | 90 | 11 | (24-(14-(3-x)))=2 | 24 14 3 x - - - 2 = | 24:bicycle 14:bicycle 3:bicycle x:bicycle -:bicycle -:bicycle -:bicycle 2:bicycle =:bicycle
EXPR: 0 | POS | INT | 2 | 90 | 9 | (24-(14-(2-3)))=x | 24 14 2 3 - - - x = | 24:bicycle 14:bicycle 2:bicycle 3:bicycle -:bicycle -:bicycle -:bicycle x:bicycle =:bicycle
EXPR: 0 | POS | INT | 2 | 90 | 8 | (((24-14)/2)+3)=x | 24 14 - 2 / 3 + x = | 24:bicycle 14:bicycle -:bicycle 2:bicycle /:bicycle 3:bicycle +:bicycle x:bicycle =:bicycle
EXPR: 0 | POS | INT | 2 | 90 | 39 | (((24+14)+3)-x)=2 | 24 14 + 3 + x - 2 = | 24:bicycle 14:bicycle +:bicycle 3:bicycle +:bicycle x:bicycle -:bicycle 2:bicycle =:bicycle
EXPR: 0 | POS | INT | 2 | 90 | 82 | (((24+3)+14)*2)=x | 24 3 + 14 + 2 * x = | 24:bicycle 3:bicycle +:bicycle 14:bicycle +:bicycle 2:bicycle *:bicycle x:bicycle =:bicycle
EXPR: 0 | POS | INT | 2 | 90 | 33 | (24+(14-(x+3)))=2 | 24 14 x 3 + - + 2 = | 24:bicycle 14:bicycle x:bicycle 3:bicycle +:bicycle -:bicycle +:bicycle 2:bicycle =:bicycle
EXPR: 0 | POS | INT | 2 | 90 | 46 | (((24+x)/14)-3)=2 | 24 x + 14 / 3 - 2 = | 24:bicycle x:bicycle +:bicycle 14:bicycle /:bicycle 3:bicycle -:bicycle 2:bicycle =:bicycle
EXPR: 0 | POS | INT | 2 | 90 | 43 | (((24*3)+14)/2)=x | 24 3 * 14 + 2 / x = | 24:bicycle 3:bicycle *:bicycle 14:bicycle +:bicycle 2:bicycle /:bicycle x:bicycle =:bicycle
EXPR: 0 | POS | INT | 2 | 90 | 292 | x=(((24-3)*14)-2) | x 24 3 - 14 * 2 - = | x:bicycle 24:bicycle 3:bicycle -:bicycle 14:bicycle *:bicycle 2:bicycle -:bicycle =:bicycle
EXPR: 0 | POS | INT | 2 | 90 | 38 | (((24-x)/14)+3)=2 | 24 x - 14 / 3 + 2 = | 24:bicycle x:bicycle -:bicycle 14:bicycle /:bicycle 3:bicycle +:bicycle 2:bicycle =:bicycle
EXPR: 0 | POS | INT | 2 | 90 | 26 | x=(((24+3)-14)*2) | x 24 3 + 14 - 2 * = | x:bicycle 24:bicycle 3:bicycle +:bicycle 14:bicycle -:bicycle 2:bicycle *:bicycle =:bicycle
EXPR: 0 | POS | INT | 2 | 90 | 108 | x=(((24+14)-2)*3) | x 24 14 + 2 - 3 * = | x:bicycle 24:bicycle 14:bicycle +:bicycle 2:bicycle -:bicycle 3:bicycle *:bicycle =:bicycle
EXPR: 0 | POS | INT | 2 | 90 | 12 | x=(((24+14)-2)/3) | x 24 14 + 2 - 3 / = | x:bicycle 24:bicycle 14:bicycle +:bicycle 2:bicycle -:bicycle 3:bicycle /:bicycle =:bicycle
EXPR: 0 | POS | INT | 2 | 90 | 296 | (((24-3)*14)+2)=x | 24 3 - 14 * 2 + x = | 24:bicycle 3:bicycle -:bicycle 14:bicycle *:bicycle 2:bicycle +:bicycle x:bicycle =:bicycle
EXPR: 0 | POS | INT | 2 | 90 | 23 | (((24-14)*2)+3)=x | 24 14 - 2 * 3 + x = | 24:bicycle 14:bicycle -:bicycle 2:bicycle *:bicycle 3:bicycle +:bicycle x:bicycle =:bicycle
EXPR: 0 | POS | INT | 2 | 90 | 17 | x=(((24-14)*2)-3) | x 24 14 - 2 * 3 - = | x:bicycle 24:bicycle 14:bicycle -:bicycle 2:bicycle *:bicycle 3:bicycle -:bicycle =:bicycle
EXPR: 0 | POS | INT | 2 | 90 | 38 | (24-(14/(2-3)))=x | 24 14 2 3 - / - x = | 24:bicycle 14:bicycle 2:bicycle 3:bicycle -:bicycle /:bicycle -:bicycle x:bicycle =:bicycle
EXPR: 0 | POS | INT | 2 | 90 | 16 | x=(((24+14)/2)-3) | x 24 14 + 2 / 3 - = | x:bicycle 24:bicycle 14:bicycle +:bicycle 2:bicycle /:bicycle 3:bicycle -:bicycle =:bicycle
EXPR: 0 | POS | INT | 2 | 90 | 23 | x=(((24-14)*2)+3) | x 24 14 - 2 * 3 + = | x:bicycle 24:bicycle 14:bicycle -:bicycle 2:bicycle *:bicycle 3:bicycle +:bicycle =:bicycle
EXPR: 0 | POS | INT | 2 | 90 | 10 | x=(24+(14*(2-3))) | x 24 14 2 3 - * + = | x:bicycle 24:bicycle 14:bicycle 2:bicycle 3:bicycle -:bicycle *:bicycle +:bicycle =:bicycle
EXPR: 0 | POS | INT | 2 | 90 | 38 | x=(14+(24*(3-2))) | x 14 24 3 2 - * + = | x:bicycle 14:bicycle 24:bicycle 3:bicycle 2:bicycle -:bicycle *:bicycle +:bicycle =:bicycle
EXPR: 0 | POS | INT | 2 | 90 | 376 | (((24+3)*14)-2)=x | 24 3 + 14 * 2 - x = | 24:bicycle 3:bicycle +:bicycle 14:bicycle *:bicycle 2:bicycle -:bicycle x:bicycle =:bicycle
EXPR: 0 | POS | INT | 2 | 90 | 33 | (24+(14-(3+x)))=2 | 24 14 3 x + - + 2 = | 24:bicycle 14:bicycle 3:bicycle x:bicycle +:bicycle -:bicycle +:bicycle 2:bicycle =:bicycle
EXPR: 0 | POS | INT | 2 | 90 | 15 | x=(((24+3)-14)+2) | x 24 3 + 14 - 2 + = | x:bicycle 24:bicycle 3:bicycle +:bicycle 14:bicycle -:bicycle 2:bicycle +:bicycle =:bicycle
EXPR: 0 | POS | INT | 2 | 90 | 39 | x=(((24+14)-2)+3) | x 24 14 + 2 - 3 + = | x:bicycle 24:bicycle 14:bicycle +:bicycle 2:bicycle -:bicycle 3:bicycle +:bicycle =:bicycle
EXPR: 0 | POS | INT | 2 | 90 | 43 | x=(((24*3)+14)/2) | x 24 3 * 14 + 2 / = | x:bicycle 24:bicycle 3:bicycle *:bicycle 14:bicycle +:bicycle 2:bicycle /:bicycle =:bicycle
EXPR: 0 | POS | INT | 2 | 90 | 38 | x=(24-(14*(2-3))) | x 24 14 2 3 - * - = | x:bicycle 24:bicycle 14:bicycle 2:bicycle 3:bicycle -:bicycle *:bicycle -:bicycle =:bicycle
EXPR: 0 | POS | INT | 2 | 90 | 11 | (((24-x)-14)+3)=2 | 24 x - 14 - 3 + 2 = | 24:bicycle x:bicycle -:bicycle 14:bicycle -:bicycle 3:bicycle +:bicycle 2:bicycle =:bicycle
EXPR: 0 | POS | INT | 2 | 90 | 15 | (((24+3)-14)+2)=x | 24 3 + 14 - 2 + x = | 24:bicycle 3:bicycle +:bicycle 14:bicycle -:bicycle 2:bicycle +:bicycle x:bicycle =:bicycle
EXPR: 0 | POS | INT | 2 | 90 | 70 | (((24-3)+14)*2)=x | 24 3 - 14 + 2 * x = | 24:bicycle 3:bicycle -:bicycle 14:bicycle +:bicycle 2:bicycle *:bicycle x:bicycle =:bicycle
EXPR: 0 | POS | INT | 2 | 90 | 36 | (((24-14)+2)*3)=x | 24 14 - 2 + 3 * x = | 24:bicycle 14:bicycle -:bicycle 2:bicycle +:bicycle 3:bicycle *:bicycle x:bicycle =:bicycle
EXPR: 0 | POS | INT | 2 | 90 | 39 | ((24+(14+3))-x)=2 | 24 14 3 + + x - 2 = | 24:bicycle 14:bicycle 3:bicycle +:bicycle +:bicycle x:bicycle -:bicycle 2:bicycle =:bicycle
EXPR: 0 | POS | INT | 2 | 90 | 37 | ((24+(14+2))-3)=x | 24 14 2 + + 3 - x = | 24:bicycle 14:bicycle 2:bicycle +:bicycle +:bicycle 3:bicycle -:bicycle x:bicycle =:bicycle
EXPR: 0 | POS | INT | 2 | 90 | 134 | x=(14+(24*(3+2))) | x 14 24 3 2 + * + = | x:bicycle 14:bicycle 24:bicycle 3:bicycle 2:bicycle +:bicycle *:bicycle +:bicycle =:bicycle
EXPR: 0 | POS | INT | 2 | 90 | 432 | ((24+3)*(14+2))=x | 24 3 + 14 2 + * x = | 24:bicycle 3:bicycle +:bicycle 14:bicycle 2:bicycle +:bicycle *:bicycle x:bicycle =:bicycle
EXPR: 0 | POS | INT | 2 | 90 | 39 | (((24+14)-2)+3)=x | 24 14 + 2 - 3 + x = | 24:bicycle 14:bicycle +:bicycle 2:bicycle -:bicycle 3:bicycle +:bicycle x:bicycle =:bicycle
EXPR: 0 | POS | INT | 2 | 90 | 4 | x=(((24-14)+2)/3) | x 24 14 - 2 + 3 / = | x:bicycle 24:bicycle 14:bicycle -:bicycle 2:bicycle +:bicycle 3:bicycle /:bicycle =:bicycle
EXPR: 0 | POS | INT | 2 | 90 | 11 | (((24-14)-2)+3)=x | 24 14 - 2 - 3 + x = | 24:bicycle 14:bicycle -:bicycle 2:bicycle -:bicycle 3:bicycle +:bicycle x:bicycle =:bicycle
EXPR: 0 | POS | INT | 2 | 90 | 22 | x=(((24+14)/2)+3) | x 24 14 + 2 / 3 + = | x:bicycle 24:bicycle 14:bicycle +:bicycle 2:bicycle /:bicycle 3:bicycle +:bicycle =:bicycle
EXPR: 0 | POS | INT | 2 | 90 | 337 | (((24*14)-2)+3)=x | 24 14 * 2 - 3 + x = | 24:bicycle 14:bicycle *:bicycle 2:bicycle -:bicycle 3:bicycle +:bicycle x:bicycle =:bicycle
EXPR: 0 | POS | INT | 2 | 90 | 350 | x=(14*(24+(3-2))) | x 14 24 3 2 - + * = | x:bicycle 14:bicycle 24:bicycle 3:bicycle 2:bicycle -:bicycle +:bicycle *:bicycle =:bicycle
EXPR: 0 | POS | INT | 2 | 90 | 28 | ((24+(14/2))-3)=x | 24 14 2 / + 3 - x = | 24:bicycle 14:bicycle 2:bicycle /:bicycle +:bicycle 3:bicycle -:bicycle x:bicycle =:bicycle
EXPR: 0 | POS | INT | 2 | 90 | 39 | ((24+3)+(14-2))=x | 24 3 + 14 2 - + x = | 24:bicycle 3:bicycle +:bicycle 14:bicycle 2:bicycle -:bicycle +:bicycle x:bicycle =:bicycle
EXPR: 0 | POS | INT | 2 | 90 | 112 | (((24+14)*3)-x)=2 | 24 14 + 3 * x - 2 = | 24:bicycle 14:bicycle +:bicycle 3:bicycle *:bicycle x:bicycle -:bicycle 2:bicycle =:bicycle
EXPR: 0 | POS | INT | 2 | 90 | 9 | (((24-3)-14)+2)=x | 24 3 - 14 - 2 + x = | 24:bicycle 3:bicycle -:bicycle 14:bicycle -:bicycle 2:bicycle +:bicycle x:bicycle =:bicycle
EXPR: 0 | POS | INT | 2 | 90 | 73 | (((24+14)*2)-3)=x | 24 14 + 2 * 3 - x = | 24:bicycle 14:bicycle +:bicycle 2:bicycle *:bicycle 3:bicycle -:bicycle x:bicycle =:bicycle
EXPR: 0 | POS | INT | 2 | 90 | 11 | ((24+3)-(14+2))=x | 24 3 + 14 2 + - x = | 24:bicycle 3:bicycle +:bicycle 14:bicycle 2:bicycle +:bicycle -:bicycle x:bicycle =:bicycle
EXPR: 0 | POS | INT | 2 | 90 | 37 | (((24-3)+14)+2)=x | 24 3 - 14 + 2 + x = | 24:bicycle 3:bicycle -:bicycle 14:bicycle +:bicycle 2:bicycle +:bicycle x:bicycle =:bicycle
EXPR: 0 | POS | INT | 2 | 90 | 15 | (((24-14)+2)+3)=x | 24 14 - 2 + 3 + x = | 24:bicycle 14:bicycle -:bicycle 2:bicycle +:bicycle 3:bicycle +:bicycle x:bicycle =:bicycle
EXPR: 0 | POS | INT | 2 | 90 | 29 | x=(((24*3)-14)/2) | x 24 3 * 14 - 2 / = | x:bicycle 24:bicycle 3:bicycle *:bicycle 14:bicycle -:bicycle 2:bicycle /:bicycle =:bicycle
EXPR: 0 | POS | INT | 2 | 90 | 11 | x=(((24-14)-2)+3) | x 24 14 - 2 - 3 + = | x:bicycle 24:bicycle 14:bicycle -:bicycle 2:bicycle -:bicycle 3:bicycle +:bicycle =:bicycle
EXPR: 0 | POS | INT | 2 | 90 | 33 | ((24+(14-3))-x)=2 | 24 14 3 - + x - 2 = | 24:bicycle 14:bicycle 3:bicycle -:bicycle +:bicycle x:bicycle -:bicycle 2:bicycle =:bicycle
EXPR: 0 | POS | INT | 2 | 90 | 11 | ((24+(3-14))-2)=x | 24 3 14 - + 2 - x = | 24:bicycle 3:bicycle 14:bicycle -:bicycle +:bicycle 2:bicycle -:bicycle x:bicycle =:bicycle
EXPR: 0 | POS | INT | 2 | 90 | 33 | ((24+(14-2))-3)=x | 24 14 2 - + 3 - x = | 24:bicycle 14:bicycle 2:bicycle -:bicycle +:bicycle 3:bicycle -:bicycle x:bicycle =:bicycle
EXPR: 0 | POS | INT | 2 | 90 | 60 | (((24*3)-14)+2)=x | 24 3 * 14 - 2 + x = | 24:bicycle 3:bicycle *:bicycle 14:bicycle -:bicycle 2:bicycle +:bicycle x:bicycle =:bicycle
EXPR: 0 | POS | INT | 2 | 90 | 26 | (x/((24-14)+3))=2 | x 24 14 - 3 + / 2 = | x:bicycle 24:bicycle 14:bicycle -:bicycle 3:bicycle +:bicycle /:bicycle 2:bicycle =:bicycle
EXPR: 0 | POS | INT | 2 | 90 | 38 | (24-(14*(2-3)))=x | 24 14 2 3 - * - x = | 24:bicycle 14:bicycle 2:bicycle 3:bicycle -:bicycle *:bicycle -:bicycle x:bicycle =:bicycle
EXPR: 0 | POS | INT | 2 | 90 | 33 | (((24-3)+14)-2)=x | 24 3 - 14 + 2 - x = | 24:bicycle 3:bicycle -:bicycle 14:bicycle +:bicycle 2:bicycle -:bicycle x:bicycle =:bicycle
EXPR: 0 | POS | INT | 2 | 90 | 9 | (((24-14)+2)-3)=x | 24 14 - 2 + 3 - x = | 24:bicycle 14:bicycle -:bicycle 2:bicycle +:bicycle 3:bicycle -:bicycle x:bicycle =:bicycle
EXPR: 0 | POS | INT | 2 | 90 | 312 | x=(24*(14+(2-3))) | x 24 14 2 3 - + * = | x:bicycle 24:bicycle 14:bicycle 2:bicycle 3:bicycle -:bicycle +:bicycle *:bicycle =:bicycle
EXPR: 0 | POS | INT | 2 | 90 | 4 | ((24-(14-2))/3)=x | 24 14 2 - - 3 / x = | 24:bicycle 14:bicycle 2:bicycle -:bicycle -:bicycle 3:bicycle /:bicycle x:bicycle =:bicycle
EXPR: 0 | POS | INT | 2 | 90 | 56 | x=(((24*3)-14)-2) | x 24 3 * 14 - 2 - = | x:bicycle 24:bicycle 3:bicycle *:bicycle 14:bicycle -:bicycle 2:bicycle -:bicycle =:bicycle
EXPR: 0 | POS | INT | 2 | 90 | 331 | x=(((24*14)-2)-3) | x 24 14 * 2 - 3 - = | x:bicycle 24:bicycle 14:bicycle *:bicycle 2:bicycle -:bicycle 3:bicycle -:bicycle =:bicycle
EXPR: 0 | POS | INT | 2 | 90 | 11 | 24=(x+(14-(3-2))) | 24 x 14 3 2 - - + = | 24:bicycle x:bicycle 14:bicycle 3:bicycle 2:bicycle -:bicycle -:bicycle +:bicycle =:bicycle
EXPR: 0 | POS | INT | 2 | 90 | 44 | (((24/3)+14)*2)=x | 24 3 / 14 + 2 * x = | 24:bicycle 3:bicycle /:bicycle 14:bicycle +:bicycle 2:bicycle *:bicycle x:bicycle =:bicycle
EXPR: 0 | POS | INT | 2 | 90 | 324 | ((24+3)*(14-2))=x | 24 3 + 14 2 - * x = | 24:bicycle 3:bicycle +:bicycle 14:bicycle 2:bicycle -:bicycle *:bicycle x:bicycle =:bicycle
EXPR: 0 | POS | INT | 2 | 90 | 5 | (((24-14)-x)-3)=2 | 24 14 - x - 3 - 2 = | 24:bicycle 14:bicycle -:bicycle x:bicycle -:bicycle 3:bicycle -:bicycle 2:bicycle =:bicycle
EXPR: 0 | POS | INT | 2 | 90 | 5 | (((24-14)-3)-x)=2 | 24 14 - 3 - x - 2 = | 24:bicycle 14:bicycle -:bicycle 3:bicycle -:bicycle x:bicycle -:bicycle 2:bicycle =:bicycle
EXPR: 0 | POS | INT | 2 | 90 | 5 | (((24-3)-14)-2)=x | 24 3 - 14 - 2 - x = | 24:bicycle 3:bicycle -:bicycle 14:bicycle -:bicycle 2:bicycle -:bicycle x:bicycle =:bicycle
EXPR: 0 | POS | INT | 2 | 90 | 5 | (((24-14)-2)-3)=x | 24 14 - 2 - 3 - x = | 24:bicycle 14:bicycle -:bicycle 2:bicycle -:bicycle 3:bicycle -:bicycle x:bicycle =:bicycle
EXPR: 0 | POS | INT | 2 | 90 | 24 | x=(((24/3)+14)+2) | x 24 3 / 14 + 2 + = | x:bicycle 24:bicycle 3:bicycle /:bicycle 14:bicycle +:bicycle 2:bicycle +:bicycle =:bicycle
EXPR: 0 | POS | INT | 2 | 90 | 20 | ((24+3)-(14/2))=x | 24 3 + 14 2 / - x = | 24:bicycle 3:bicycle +:bicycle 14:bicycle 2:bicycle /:bicycle -:bicycle x:bicycle =:bicycle
EXPR: 0 | POS | INT | 2 | 90 | 5 | ((24-(14+x))-3)=2 | 24 14 x + - 3 - 2 = | 24:bicycle 14:bicycle x:bicycle +:bicycle -:bicycle 3:bicycle -:bicycle 2:bicycle =:bicycle
EXPR: 0 | POS | INT | 2 | 90 | 8 | x=(((24-14)/2)+3) | x 24 14 - 2 / 3 + = | x:bicycle 24:bicycle 14:bicycle -:bicycle 2:bicycle /:bicycle 3:bicycle +:bicycle =:bicycle
EXPR: 0 | POS | INT | 2 | 90 | 34 | ((24+3)+(14/2))=x | 24 3 + 14 2 / + x = | 24:bicycle 3:bicycle +:bicycle 14:bicycle 2:bicycle /:bicycle +:bicycle x:bicycle =:bicycle
EXPR: 0 | POS | INT | 2 | 90 | 380 | x=(((24+3)*14)+2) | x 24 3 + 14 * 2 + = | x:bicycle 24:bicycle 3:bicycle +:bicycle 14:bicycle *:bicycle 2:bicycle +:bicycle =:bicycle
EXPR: 0 | POS | INT | 2 | 90 | 12 | ((24+(14-2))/3)=x | 24 14 2 - + 3 / x = | 24:bicycle 14:bicycle 2:bicycle -:bicycle +:bicycle 3:bicycle /:bicycle x:bicycle =:bicycle
EXPR: 0 | POS | INT | 2 | 90 | 33 | x=(14+(24-(3+2))) | x 14 24 3 2 + - + = | x:bicycle 14:bicycle 24:bicycle 3:bicycle 2:bicycle +:bicycle -:bicycle +:bicycle =:bicycle
EXPR: 0 | POS | INT | 2 | 90 | 37 | x=(24+(14+(2-3))) | x 24 14 2 3 - + + = | x:bicycle 24:bicycle 14:bicycle 2:bicycle 3:bicycle -:bicycle +:bicycle +:bicycle =:bicycle
EXPR: 0 | POS | INT | 2 | 90 | 39 | x=(14+(24+(3-2))) | x 14 24 3 2 - + + = | x:bicycle 14:bicycle 24:bicycle 3:bicycle 2:bicycle -:bicycle +:bicycle +:bicycle =:bicycle
EXPR: 0 | POS | INT | 2 | 90 | 337 | (((24*14)+3)-x)=2 | 24 14 * 3 + x - 2 = | 24:bicycle 14:bicycle *:bicycle 3:bicycle +:bicycle x:bicycle -:bicycle 2:bicycle =:bicycle
EXPR: 0 | POS | INT | 2 | 90 | 84 | (((24*3)+14)-2)=x | 24 3 * 14 + 2 - x = | 24:bicycle 3:bicycle *:bicycle 14:bicycle +:bicycle 2:bicycle -:bicycle x:bicycle =:bicycle
EXPR: 0 | POS | INT | 2 | 90 | 335 | (((24*14)+2)-3)=x | 24 14 * 2 + 3 - x = | 24:bicycle 14:bicycle *:bicycle 2:bicycle +:bicycle 3:bicycle -:bicycle x:bicycle =:bicycle
EXPR: 0 | POS | INT | 2 | 90 | 172 | (((24*3)+14)*2)=x | 24 3 * 14 + 2 * x = | 24:bicycle 3:bicycle *:bicycle 14:bicycle +:bicycle 2:bicycle *:bicycle x:bicycle =:bicycle
EXPR: 0 | POS | INT | 2 | 90 | 39 | x=(24+(14-(2-3))) | x 24 14 2 3 - - + = | x:bicycle 24:bicycle 14:bicycle 2:bicycle 3:bicycle -:bicycle -:bicycle +:bicycle =:bicycle
EXPR: 0 | POS | INT | 2 | 90 | 37 | x=(14+(24-(3-2))) | x 14 24 3 2 - - + = | x:bicycle 14:bicycle 24:bicycle 3:bicycle 2:bicycle -:bicycle -:bicycle +:bicycle =:bicycle
EXPR: 0 | POS | INT | 2 | 90 | 32 | x=(14+(24-(3*2))) | x 14 24 3 2 * - + = | x:bicycle 14:bicycle 24:bicycle 3:bicycle 2:bicycle *:bicycle -:bicycle +:bicycle =:bicycle
EXPR: 0 | POS | INT | 2 | 90 | 5 | ((24-(14+2))-3)=x | 24 14 2 + - 3 - x = | 24:bicycle 14:bicycle 2:bicycle +:bicycle -:bicycle 3:bicycle -:bicycle x:bicycle =:bicycle
EXPR: 0 | POS | INT | 4 | 90 | 1152 | 24=((x/3)/(14+2)) | 24 x 3 / 14 2 + / = | 24:bicycle x:bicycle 3:bicycle /:bicycle 14:bicycle 2:bicycle +:bicycle /:bicycle =:bicycle
EXPR: 0 | POS | INT | 4 | 90 | 864 | 24=((x/3)/(14-2)) | 24 x 3 / 14 2 - / = | 24:bicycle x:bicycle 3:bicycle /:bicycle 14:bicycle 2:bicycle -:bicycle /:bicycle =:bicycle
EXPR: 0 | POS | INT | 4 | 90 | 9 | (((14-24)+x)+3)=2 | 14 24 - x + 3 + 2 = | 14:bicycle 24:bicycle -:bicycle x:bicycle +:bicycle 3:bicycle +:bicycle 2:bicycle =:bicycle
EXPR: 0 | POS | INT | 4 | 90 | 9 | (((14-24)+3)+x)=2 | 14 24 - 3 + x + 2 = | 14:bicycle 24:bicycle -:bicycle 3:bicycle +:bicycle x:bicycle +:bicycle 2:bicycle =:bicycle
EXPR: 0 | POS | INT | 4 | 90 | 9 | 24=((3+x)+(14-2)) | 24 3 x + 14 2 - + = | 24:bicycle 3:bicycle x:bicycle +:bicycle 14:bicycle 2:bicycle -:bicycle +:bicycle =:bicycle
EXPR: 0 | POS | INT | 4 | 90 | 24 | (((24+x)/3)-14)=2 | 24 x + 3 / 14 - 2 = | 24:bicycle x:bicycle +:bicycle 3:bicycle /:bicycle 14:bicycle -:bicycle 2:bicycle =:bicycle
EXPR: 0 | POS | INT | 4 | 90 | 46 | (((24+x)/14)-2)=3 | 24 x + 14 / 2 - 3 = | 24:bicycle x:bicycle +:bicycle 14:bicycle /:bicycle 2:bicycle -:bicycle 3:bicycle =:bicycle
EXPR: 0 | POS | INT | 4 | 90 | 33 | (24+(14-(x+2)))=3 | 24 14 x 2 + - + 3 = | 24:bicycle 14:bicycle x:bicycle 2:bicycle +:bicycle -:bicycle +:bicycle 3:bicycle =:bicycle
EXPR: 0 | POS | INT | 4 | 90 | 36 | 24=(14-(2-(x/3))) | 24 14 2 x 3 / - - = | 24:bicycle 14:bicycle 2:bicycle x:bicycle 3:bicycle /:bicycle -:bicycle -:bicycle =:bicycle
EXPR: 0 | POS | INT | 4 | 90 | 60 | (((24-x)/3)+14)=2 | 24 x - 3 / 14 + 2 = | 24:bicycle x:bicycle -:bicycle 3:bicycle /:bicycle 14:bicycle +:bicycle 2:bicycle =:bicycle
EXPR: 0 | POS | INT | 4 | 90 | 10 | (((24-x)/14)+2)=3 | 24 x - 14 / 2 + 3 = | 24:bicycle x:bicycle -:bicycle 14:bicycle /:bicycle 2:bicycle +:bicycle 3:bicycle =:bicycle
EXPR: 0 | POS | INT | 4 | 90 | 376 | (((24+3)*14)-x)=2 | 24 3 + 14 * x - 2 = | 24:bicycle 3:bicycle +:bicycle 14:bicycle *:bicycle x:bicycle -:bicycle 2:bicycle =:bicycle
EXPR: 0 | POS | INT | 4 | 90 | 73 | (((24+14)*2)-x)=3 | 24 14 + 2 * x - 3 = | 24:bicycle 14:bicycle +:bicycle 2:bicycle *:bicycle x:bicycle -:bicycle 3:bicycle =:bicycle
EXPR: 0 | POS | INT | 4 | 90 | 36 | (x/((24-14)+2))=3 | x 24 14 - 2 + / 3 = | x:bicycle 24:bicycle 14:bicycle -:bicycle 2:bicycle +:bicycle /:bicycle 3:bicycle =:bicycle
EXPR: 0 | POS | INT | 4 | 90 | 70 | (x/((24-3)+14))=2 | x 24 3 - 14 + / 2 = | x:bicycle 24:bicycle 3:bicycle -:bicycle 14:bicycle +:bicycle /:bicycle 2:bicycle =:bicycle
EXPR: 0 | POS | INT | 4 | 90 | 9 | ((x+14)-(24-3))=2 | x 14 + 24 3 - - 2 = | x:bicycle 14:bicycle +:bicycle 24:bicycle 3:bicycle -:bicycle -:bicycle 2:bicycle =:bicycle
EXPR: 0 | POS | INT | 4 | 90 | 8 | (((24/3)+x)-14)=2 | 24 3 / x + 14 - 2 = | 24:bicycle 3:bicycle /:bicycle x:bicycle +:bicycle 14:bicycle -:bicycle 2:bicycle =:bicycle
EXPR: 0 | POS | INT | 4 | 90 | 11 | (24+(3-(x+14)))=2 | 24 3 x 14 + - + 2 = | 24:bicycle 3:bicycle x:bicycle 14:bicycle +:bicycle -:bicycle +:bicycle 2:bicycle =:bicycle
EXPR: 0 | POS | INT | 5 | 90 | 11 | (((24+3)-2)-14)=x | 24 3 + 2 - 14 - x = | 24:bicycle 3:bicycle +:bicycle 2:bicycle -:bicycle 14:bicycle -:bicycle x:bicycle =:bicycle
EXPR: 0 | POS | INT | 5 | 90 | 43 | (((24+3)+2)+14)=x | 24 3 + 2 + 14 + x = | 24:bicycle 3:bicycle +:bicycle 2:bicycle +:bicycle 14:bicycle +:bicycle x:bicycle =:bicycle
EXPR: 0 | POS | INT | 5 | 90 | 36 | (((24+2)-14)*3)=x | 24 2 + 14 - 3 * x = | 24:bicycle 2:bicycle +:bicycle 14:bicycle -:bicycle 3:bicycle *:bicycle x:bicycle =:bicycle
EXPR: 0 | POS | INT | 5 | 90 | 406 | (((24+3)+2)*14)=x | 24 3 + 2 + 14 * x = | 24:bicycle 3:bicycle +:bicycle 2:bicycle +:bicycle 14:bicycle *:bicycle x:bicycle =:bicycle
EXPR: 0 | POS | INT | 5 | 90 | 120 | (((24+2)+14)*3)=x | 24 2 + 14 + 3 * x = | 24:bicycle 2:bicycle +:bicycle 14:bicycle +:bicycle 3:bicycle *:bicycle x:bicycle =:bicycle
EXPR: 0 | POS | INT | 5 | 90 | 305 | x=(((24-2)*14)-3) | x 24 2 - 14 * 3 - = | x:bicycle 24:bicycle 2:bicycle -:bicycle 14:bicycle *:bicycle 3:bicycle -:bicycle =:bicycle
EXPR: 0 | POS | INT | 5 | 90 | 28 | x=(((24-3)*2)-14) | x 24 3 - 2 * 14 - = | x:bicycle 24:bicycle 3:bicycle -:bicycle 2:bicycle *:bicycle 14:bicycle -:bicycle =:bicycle
EXPR: 0 | POS | INT | 5 | 90 | 350 | x=(((24+3)-2)*14) | x 24 3 + 2 - 14 * = | x:bicycle 24:bicycle 3:bicycle +:bicycle 2:bicycle -:bicycle 14:bicycle *:bicycle =:bicycle
EXPR: 0 | POS | INT | 5 | 90 | 56 | (((24-3)*2)+14)=x | 24 3 - 2 * 14 + x = | 24:bicycle 3:bicycle -:bicycle 2:bicycle *:bicycle 14:bicycle +:bicycle x:bicycle =:bicycle
EXPR: 0 | POS | INT | 5 | 90 | 361 | (((24+2)*14)-3)=x | 24 2 + 14 * 3 - x = | 24:bicycle 2:bicycle +:bicycle 14:bicycle *:bicycle 3:bicycle -:bicycle x:bicycle =:bicycle
EXPR: 0 | POS | INT | 5 | 90 | 39 | x=(((24+3)-2)+14) | x 24 3 + 2 - 14 + = | x:bicycle 24:bicycle 3:bicycle +:bicycle 2:bicycle -:bicycle 14:bicycle +:bicycle =:bicycle
EXPR: 0 | POS | INT | 5 | 90 | 20 | (((24/3)-2)+14)=x | 24 3 / 2 - 14 + x = | 24:bicycle 3:bicycle /:bicycle 2:bicycle -:bicycle 14:bicycle +:bicycle x:bicycle =:bicycle
EXPR: 0 | POS | INT | 5 | 90 | 322 | (((24-3)+2)*14)=x | 24 3 - 2 + 14 * x = | 24:bicycle 3:bicycle -:bicycle 2:bicycle +:bicycle 14:bicycle *:bicycle x:bicycle =:bicycle
EXPR: 0 | POS | INT | 5 | 90 | 15 | ((24+(3+2))-14)=x | 24 3 2 + + 14 - x = | 24:bicycle 3:bicycle 2:bicycle +:bicycle +:bicycle 14:bicycle -:bicycle x:bicycle =:bicycle
EXPR: 0 | POS | INT | 5 | 90 | 11 | (((24-2)-14)+3)=x | 24 2 - 14 - 3 + x = | 24:bicycle 2:bicycle -:bicycle 14:bicycle -:bicycle 3:bicycle +:bicycle x:bicycle =:bicycle
EXPR: 0 | POS | INT | 5 | 90 | 37 | (((24-3)+2)+14)=x | 24 3 - 2 + 14 + x = | 24:bicycle 3:bicycle -:bicycle 2:bicycle +:bicycle 14:bicycle +:bicycle x:bicycle =:bicycle
EXPR: 0 | POS | INT | 5 | 90 | 5 | x=(((24*3)-2)/14) | x 24 3 * 2 - 14 / = | x:bicycle 24:bicycle 3:bicycle *:bicycle 2:bicycle -:bicycle 14:bicycle /:bicycle =:bicycle
EXPR: 0 | POS | INT | 5 | 90 | 11 | ((24+(3-2))-14)=x | 24 3 2 - + 14 - x = | 24:bicycle 3:bicycle 2:bicycle -:bicycle +:bicycle 14:bicycle -:bicycle x:bicycle =:bicycle
EXPR: 0 | POS | INT | 5 | 90 | 40 | (((24+3)*2)-14)=x | 24 3 + 2 * 14 - x = | 24:bicycle 3:bicycle +:bicycle 2:bicycle *:bicycle 14:bicycle -:bicycle x:bicycle =:bicycle
EXPR: 0 | POS | INT | 5 | 90 | 9 | (((24-3)+2)-14)=x | 24 3 - 2 + 14 - x = | 24:bicycle 3:bicycle -:bicycle 2:bicycle +:bicycle 14:bicycle -:bicycle x:bicycle =:bicycle
EXPR: 0 | POS | INT | 5 | 90 | 350 | (((24+3)-2)*14)=x | 24 3 + 2 - 14 * x = | 24:bicycle 3:bicycle +:bicycle 2:bicycle -:bicycle 14:bicycle *:bicycle x:bicycle =:bicycle
EXPR: 0 | POS | INT | 5 | 90 | 56 | x=(((24*3)-2)-14) | x 24 3 * 2 - 14 - = | x:bicycle 24:bicycle 3:bicycle *:bicycle 2:bicycle -:bicycle 14:bicycle -:bicycle =:bicycle
EXPR: 0 | POS | INT | 5 | 90 | 140 | (((24/3)+2)*14)=x | 24 3 / 2 + 14 * x = | 24:bicycle 3:bicycle /:bicycle 2:bicycle +:bicycle 14:bicycle *:bicycle x:bicycle =:bicycle
EXPR: 0 | POS | INT | 5 | 90 | 5 | (((24-3)-2)-14)=x | 24 3 - 2 - 14 - x = | 24:bicycle 3:bicycle -:bicycle 2:bicycle -:bicycle 14:bicycle -:bicycle x:bicycle =:bicycle
EXPR: 0 | POS | INT | 5 | 90 | 56 | x=(((24-3)*2)+14) | x 24 3 - 2 * 14 + = | x:bicycle 24:bicycle 3:bicycle -:bicycle 2:bicycle *:bicycle 14:bicycle +:bicycle =:bicycle
EXPR: 0 | POS | INT | 5 | 90 | 24 | x=(((24/3)+2)+14) | x 24 3 / 2 + 14 + = | x:bicycle 24:bicycle 3:bicycle /:bicycle 2:bicycle +:bicycle 14:bicycle +:bicycle =:bicycle
EXPR: 0 | POS | INT | 5 | 90 | 33 | (((24-3)-2)+14)=x | 24 3 - 2 - 14 + x = | 24:bicycle 3:bicycle -:bicycle 2:bicycle -:bicycle 14:bicycle +:bicycle x:bicycle =:bicycle
EXPR: 0 | POS | INT | 5 | 90 | 367 | x=(((24+2)*14)+3) | x 24 2 + 14 * 3 + = | x:bicycle 24:bicycle 2:bicycle +:bicycle 14:bicycle *:bicycle 3:bicycle +:bicycle =:bicycle
EXPR: 0 | POS | INT | 5 | 90 | 9 | ((24-(3-2))-14)=x | 24 3 2 - - 14 - x = | 24:bicycle 3:bicycle 2:bicycle -:bicycle -:bicycle 14:bicycle -:bicycle x:bicycle =:bicycle
EXPR: 0 | POS | INT | 5 | 90 | 60 | (((24*3)+2)-14)=x | 24 3 * 2 + 14 - x = | 24:bicycle 3:bicycle *:bicycle 2:bicycle +:bicycle 14:bicycle -:bicycle x:bicycle =:bicycle
EXPR: 0 | POS | INT | 5 | 90 | 186 | (((24*2)+14)*3)=x | 24 2 * 14 + 3 * x = | 24:bicycle 2:bicycle *:bicycle 14:bicycle +:bicycle 3:bicycle *:bicycle x:bicycle =:bicycle
EXPR: 0 | POS | INT | 5 | 90 | 9 | (24-(3-(2-14)))=x | 24 3 2 14 - - - x = | 24:bicycle 3:bicycle 2:bicycle 14:bicycle -:bicycle -:bicycle -:bicycle x:bicycle =:bicycle
EXPR: 0 | POS | INT | 5 | 90 | 5 | ((24-(3+2))-14)=x | 24 3 2 + - 14 - x = | 24:bicycle 3:bicycle 2:bicycle +:bicycle -:bicycle 14:bicycle -:bicycle x:bicycle =:bicycle
EXPR: 0 | POS | INT | 6 | 90 | 10 | 14=(24+(x*(2-3))) | 14 24 x 2 3 - * + = | 14:bicycle 24:bicycle x:bicycle 2:bicycle 3:bicycle -:bicycle *:bicycle +:bicycle =:bicycle
EXPR: 0 | POS | INT | 6 | 90 | 84 | (((24*3)-2)+14)=x | 24 3 * 2 - 14 + x = | 24:bicycle 3:bicycle *:bicycle 2:bicycle -:bicycle 14:bicycle +:bicycle x:bicycle =:bicycle
EXPR: 0 | POS | INT | 7 | 90 | 816 | 24=((x/2)/(14+3)) | 24 x 2 / 14 3 + / = | 24:bicycle x:bicycle 2:bicycle /:bicycle 14:bicycle 3:bicycle +:bicycle /:bicycle =:bicycle
EXPR: 0 | POS | INT | 7 | 90 | 360 | 24=(x/(3-(2-14))) | 24 x 3 2 14 - - / = | 24:bicycle x:bicycle 3:bicycle 2:bicycle 14:bicycle -:bicycle -:bicycle /:bicycle =:bicycle
EXPR: 0 | POS | INT | 7 | 90 | 46 | ((x+24)/(3+2))=14 | x 24 + 3 2 + / 14 = | x:bicycle 24:bicycle +:bicycle 3:bicycle 2:bicycle +:bicycle /:bicycle 14:bicycle =:bicycle
EXPR: 0 | POS | INT | 7 | 90 | 33 | 24=(x+(2-(14-3))) | 24 x 2 14 3 - - + = | 24:bicycle x:bicycle 2:bicycle 14:bicycle 3:bicycle -:bicycle -:bicycle +:bicycle =:bicycle
EXPR: 0 | POS | INT | 7 | 90 | 64 | (((14+x)/3)-24)=2 | 14 x + 3 / 24 - 2 = | 14:bicycle x:bicycle +:bicycle 3:bicycle /:bicycle 24:bicycle -:bicycle 2:bicycle =:bicycle
EXPR: 0 | POS | INT | 7 | 90 | 24 | (((24+x)/3)-2)=14 | 24 x + 3 / 2 - 14 = | 24:bicycle x:bicycle +:bicycle 3:bicycle /:bicycle 2:bicycle -:bicycle 14:bicycle =:bicycle
EXPR: 0 | POS | INT | 7 | 90 | 9 | (24-(3-(2-x)))=14 | 24 3 2 x - - - 14 = | 24:bicycle 3:bicycle 2:bicycle x:bicycle -:bicycle -:bicycle -:bicycle 14:bicycle =:bicycle
EXPR: 0 | POS | INT | 7 | 90 | 40 | (((24+3)*2)-x)=14 | 24 3 + 2 * x - 14 = | 24:bicycle 3:bicycle +:bicycle 2:bicycle *:bicycle x:bicycle -:bicycle 14:bicycle =:bicycle
EXPR: 0 | POS | INT | 7 | 90 | 8 | (((24/3)+x)-2)=14 | 24 3 / x + 2 - 14 = | 24:bicycle 3:bicycle /:bicycle x:bicycle +:bicycle 2:bicycle -:bicycle 14:bicycle =:bicycle
EXPR: 0 | POS | INT | 8 | 90 | 1 | x=(3+(24/(2-14))) | x 3 24 2 14 - / + = | x:bicycle 3:bicycle 24:bicycle 2:bicycle 14:bicycle -:bicycle /:bicycle +:bicycle =:bicycle
EXPR: 0 | POS | INT | 8 | 90 | 291 | x=(3-(24*(2-14))) | x 3 24 2 14 - * - = | x:bicycle 3:bicycle 24:bicycle 2:bicycle 14:bicycle -:bicycle *:bicycle -:bicycle =:bicycle
EXPR: 0 | POS | INT | 8 | 90 | 5 | x=(3-(24/(2-14))) | x 3 24 2 14 - / - = | x:bicycle 3:bicycle 24:bicycle 2:bicycle 14:bicycle -:bicycle /:bicycle -:bicycle =:bicycle
EXPR: 0 | POS | INT | 8 | 90 | 15 | x=(3+(24+(2-14))) | x 3 24 2 14 - + + = | x:bicycle 3:bicycle 24:bicycle 2:bicycle 14:bicycle -:bicycle +:bicycle +:bicycle =:bicycle
EXPR: 0 | POS | INT | 9 | 90 | 360 | x=(((14+3)-2)*24) | x 14 3 + 2 - 24 * = | x:bicycle 14:bicycle 3:bicycle +:bicycle 2:bicycle -:bicycle 24:bicycle *:bicycle =:bicycle
EXPR: 0 | POS | INT | 9 | 90 | 46 | (((14-3)*2)+24)=x | 14 3 - 2 * 24 + x = | 14:bicycle 3:bicycle -:bicycle 2:bicycle *:bicycle 24:bicycle +:bicycle x:bicycle =:bicycle
EXPR: 0 | POS | INT | 9 | 90 | 46 | x=(((14-3)*2)+24) | x 14 3 - 2 * 24 + = | x:bicycle 14:bicycle 3:bicycle -:bicycle 2:bicycle *:bicycle 24:bicycle +:bicycle =:bicycle
EXPR: 0 | POS | INT | 9 | 90 | 10 | (((14+3)*2)-24)=x | 14 3 + 2 * 24 - x = | 14:bicycle 3:bicycle +:bicycle 2:bicycle *:bicycle 24:bicycle -:bicycle x:bicycle =:bicycle
EXPR: 0 | POS | INT | 9 | 90 | 39 | x=(((14+3)-2)+24) | x 14 3 + 2 - 24 + = | x:bicycle 14:bicycle 3:bicycle +:bicycle 2:bicycle -:bicycle 24:bicycle +:bicycle =:bicycle
EXPR: 0 | POS | INT | 9 | 90 | 9 | (24+(2-(x+3)))=14 | 24 2 x 3 + - + 14 = | 24:bicycle 2:bicycle x:bicycle 3:bicycle +:bicycle -:bicycle +:bicycle 14:bicycle =:bicycle
EXPR: 0 | POS | INT | 9 | 90 | 33 | (((14-3)-2)+24)=x | 14 3 - 2 - 24 + x = | 14:bicycle 3:bicycle -:bicycle 2:bicycle -:bicycle 24:bicycle +:bicycle x:bicycle =:bicycle
EXPR: 0 | POS | INT | 9 | 90 | 11 | (3-((14+x)-24))=2 | 3 14 x + 24 - - 2 = | 3:bicycle 14:bicycle x:bicycle +:bicycle 24:bicycle -:bicycle -:bicycle 2:bicycle =:bicycle
EXPR: 0 | POS | INT | 9 | 90 | 70 | x=(2*(24+(14-3))) | x 2 24 14 3 - + * = | x:bicycle 2:bicycle 24:bicycle 14:bicycle 3:bicycle -:bicycle +:bicycle *:bicycle =:bicycle
EXPR: 0 | POS | INT | 9 | 90 | 16 | x=(((14*3)-2)-24) | x 14 3 * 2 - 24 - = | x:bicycle 14:bicycle 3:bicycle *:bicycle 2:bicycle -:bicycle 24:bicycle -:bicycle =:bicycle
EXPR: 0 | POS | INT | 9 | 90 | 58 | (((14+3)*2)+24)=x | 14 3 + 2 * 24 + x = | 14:bicycle 3:bicycle +:bicycle 2:bicycle *:bicycle 24:bicycle +:bicycle x:bicycle =:bicycle
EXPR: 0 | POS | INT | 10 | 90 | 64 | (((14*3)-2)+24)=x | 14 3 * 2 - 24 + x = | 14:bicycle 3:bicycle *:bicycle 2:bicycle -:bicycle 24:bicycle +:bicycle x:bicycle =:bicycle
EXPR: 0 | POS | INT | 11 | 90 | 106 | ((x+14)/(3+2))=24 | x 14 + 3 2 + / 24 = | x:bicycle 14:bicycle +:bicycle 3:bicycle 2:bicycle +:bicycle /:bicycle 24:bicycle =:bicycle
EXPR: 0 | POS | INT | 11 | 90 | 33 | 2=(((24+14)-3)-x) | 2 24 14 + 3 - x - = | 2:bicycle 24:bicycle 14:bicycle +:bicycle 3:bicycle -:bicycle x:bicycle -:bicycle =:bicycle
EXPR: 0 | POS | INT | 11 | 90 | 28 | 2=(((24-14)*3)-x) | 2 24 14 - 3 * x - = | 2:bicycle 24:bicycle 14:bicycle -:bicycle 3:bicycle *:bicycle x:bicycle -:bicycle =:bicycle
EXPR: 0 | POS | INT | 11 | 90 | 24 | (((14+2)*3)-24)=x | 14 2 + 3 * 24 - x = | 14:bicycle 2:bicycle +:bicycle 3:bicycle *:bicycle 24:bicycle -:bicycle x:bicycle =:bicycle
EXPR: 0 | POS | INT | 11 | 90 | 12 | x=(((14-2)*3)-24) | x 14 2 - 3 * 24 - = | x:bicycle 14:bicycle 2:bicycle -:bicycle 3:bicycle *:bicycle 24:bicycle -:bicycle =:bicycle
EXPR: 0 | POS | INT | 11 | 90 | 33 | (((14-2)-3)+24)=x | 14 2 - 3 - 24 + x = | 14:bicycle 2:bicycle -:bicycle 3:bicycle -:bicycle 24:bicycle +:bicycle x:bicycle =:bicycle
EXPR: 0 | POS | INT | 11 | 90 | 70 | 2=(x/(24+(14-3))) | 2 x 24 14 3 - + / = | 2:bicycle x:bicycle 24:bicycle 14:bicycle 3:bicycle -:bicycle +:bicycle /:bicycle =:bicycle
EXPR: 0 | POS | INT | 11 | 90 | 11 | x=(((3-14)-2)+24) | x 3 14 - 2 - 24 + = | x:bicycle 3:bicycle 14:bicycle -:bicycle 2:bicycle -:bicycle 24:bicycle +:bicycle =:bicycle
EXPR: 0 | POS | INT | 11 | 90 | 72 | (((14+2)*3)+24)=x | 14 2 + 3 * 24 + x = | 14:bicycle 2:bicycle +:bicycle 3:bicycle *:bicycle 24:bicycle +:bicycle x:bicycle =:bicycle
EXPR: 0 | POS | INT | 11 | 90 | 28 | x=((14/2)-(3-24)) | x 14 2 / 3 24 - - = | x:bicycle 14:bicycle 2:bicycle /:bicycle 3:bicycle 24:bicycle -:bicycle -:bicycle =:bicycle
EXPR: 0 | POS | INT | 13 | 90 | 381 | ((x+3)/(14+2))=24 | x 3 + 14 2 + / 24 = | x:bicycle 3:bicycle +:bicycle 14:bicycle 2:bicycle +:bicycle /:bicycle 24:bicycle =:bicycle
EXPR: 0 | POS | INT | 13 | 90 | 37 | ((3+x)-(14+2))=24 | 3 x + 14 2 + - 24 = | 3:bicycle x:bicycle +:bicycle 14:bicycle 2:bicycle +:bicycle -:bicycle 24:bicycle =:bicycle
EXPR: 0 | POS | INT | 13 | 90 | 11 | 2=(((24+3)-14)-x) | 2 24 3 + 14 - x - = | 2:bicycle 24:bicycle 3:bicycle +:bicycle 14:bicycle -:bicycle x:bicycle -:bicycle =:bicycle
EXPR: 0 | POS | INT | 13 | 90 | 15 | 14=(2+(3+(24-x))) | 14 2 3 24 x - + + = | 14:bicycle 2:bicycle 3:bicycle 24:bicycle x:bicycle -:bicycle +:bicycle +:bicycle =:bicycle
EXPR: 0 | POS | INT | 13 | 90 | 376 | 2=(((24+3)*14)-x) | 2 24 3 + 14 * x - = | 2:bicycle 24:bicycle 3:bicycle +:bicycle 14:bicycle *:bicycle x:bicycle -:bicycle =:bicycle
EXPR: 0 | POS | INT | 14 | 90 | 12 | (24+14)=(2+(3*x)) | 24 14 + 2 3 x * + = | 24:bicycle 14:bicycle +:bicycle 2:bicycle 3:bicycle x:bicycle *:bicycle +:bicycle =:bicycle
EXPR: 0 | POS | INT | 14 | 90 | 266 | 3=(((2-x)/24)+14) | 3 2 x - 24 / 14 + = | 3:bicycle 2:bicycle x:bicycle -:bicycle 24:bicycle /:bicycle 14:bicycle +:bicycle =:bicycle
EXPR: 0 | POS | INT | 14 | 90 | 15 | (x+14)=((24+3)+2) | x 14 + 24 3 + 2 + = | x:bicycle 14:bicycle +:bicycle 24:bicycle 3:bicycle +:bicycle 2:bicycle +:bicycle =:bicycle
EXPR: 0 | POS | INT | 16 | 90 | 9 | 2=(((14*3)-24)/x) | 2 14 3 * 24 - x / = | 2:bicycle 14:bicycle 3:bicycle *:bicycle 24:bicycle -:bicycle x:bicycle /:bicycle =:bicycle
EXPR: 0 | POS | INT | 16 | 90 | 33 | 2=(((14*3)+24)/x) | 2 14 3 * 24 + x / = | 2:bicycle 14:bicycle 3:bicycle *:bicycle 24:bicycle +:bicycle x:bicycle /:bicycle =:bicycle
EXPR: 0 | POS | INT | 16 | 90 | 9 | (2-((3+x)-24))=14 | 2 3 x + 24 - - 14 = | 2:bicycle 3:bicycle x:bicycle +:bicycle 24:bicycle -:bicycle -:bicycle 14:bicycle =:bicycle
NET 263 unique, non-negative, integer-valued solutions found out of 698 total solutions
