parameters: n=9 l=4 k=1 p=5 q=2 m=10
TOTAL 649 solutions found
SOLN: CORRECT | POS/NEG | INT/FRA | OBJ-SCORE | TRUE-ANS | ANS | INFIX | POSTFIX | TYPED-POSTFIX
EXPR: 0 | POS | INT | 0 | 55 | 31 | ((9+(7+10))+5)=x | 9 7 10 + + 5 + x = | 9:package 7:package 10:package +:package +:package 5:package +:package x:package =:package
EXPR: 0 | POS | INT | 0 | 55 | 60 | (((9-7)+10)*5)=x | 9 7 - 10 + 5 * x = | 9:package 7:package -:package 10:package +:package 5:package *:package x:package =:package
EXPR: 0 | POS | INT | 0 | 55 | 21 | (((9+7)+10)-5)=x | 9 7 + 10 + 5 - x = | 9:package 7:package +:package 10:package +:package 5:package -:package x:package =:package
EXPR: 0 | POS | INT | 0 | 55 | 10 | ((9-7)*(10-5))=x | 9 7 - 10 5 - * x = | 9:package 7:package -:package 10:package 5:package -:package *:package x:package =:package
EXPR: 0 | POS | INT | 0 | 55 | 130 | (((9+7)+10)*5)=x | 9 7 + 10 + 5 * x = | 9:package 7:package +:package 10:package +:package 5:package *:package x:package =:package
EXPR: 0 | POS | INT | 0 | 55 | 80 | ((9+7)*(10-5))=x | 9 7 + 10 5 - * x = | 9:package 7:package +:package 10:package 5:package -:package *:package x:package =:package
EXPR: 0 | POS | INT | 0 | 55 | 315 | ((9*7)*(10-5))=x | 9 7 * 10 5 - * x = | 9:package 7:package *:package 10:package 5:package -:package *:package x:package =:package
EXPR: 0 | POS | INT | 0 | 55 | 48 | (((9*7)-10)-5)=x | 9 7 * 10 - 5 - x = | 9:package 7:package *:package 10:package -:package 5:package -:package x:package =:package
EXPR: 0 | POS | INT | 0 | 55 | 7 | (((9-7)+10)-5)=x | 9 7 - 10 + 5 - x = | 9:package 7:package -:package 10:package +:package 5:package -:package x:package =:package
EXPR: 0 | POS | INT | 0 | 55 | 155 | (((9+7)*10)-5)=x | 9 7 + 10 * 5 - x = | 9:package 7:package +:package 10:package *:package 5:package -:package x:package =:package
EXPR: 0 | POS | INT | 0 | 55 | 15 | (((9-7)*10)-5)=x | 9 7 - 10 * 5 - x = | 9:package 7:package -:package 10:package *:package 5:package -:package x:package =:package
EXPR: 0 | POS | INT | 0 | 55 | 1 | (((9+7)-10)-5)=x | 9 7 + 10 - 5 - x = | 9:package 7:package +:package 10:package -:package 5:package -:package x:package =:package
EXPR: 0 | POS | INT | 0 | 55 | 11 | x=((9+7)-(10-5)) | x 9 7 + 10 5 - - = | x:package 9:package 7:package +:package 10:package 5:package -:package -:package =:package
EXPR: 0 | POS | INT | 0 | 55 | 365 | (((9*7)+10)*5)=x | 9 7 * 10 + 5 * x = | 9:package 7:package *:package 10:package +:package 5:package *:package x:package =:package
EXPR: 0 | POS | INT | 0 | 55 | 265 | (((9*7)-10)*5)=x | 9 7 * 10 - 5 * x = | 9:package 7:package *:package 10:package -:package 5:package *:package x:package =:package
EXPR: 0 | POS | INT | 0 | 55 | 21 | ((9+(7+10))-5)=x | 9 7 10 + + 5 - x = | 9:package 7:package 10:package +:package +:package 5:package -:package x:package =:package
EXPR: 0 | POS | INT | 0 | 55 | 1 | x=((9+7)-(10+5)) | x 9 7 + 10 5 + - = | x:package 9:package 7:package +:package 10:package 5:package +:package -:package =:package
EXPR: 0 | POS | INT | 0 | 55 | 1 | ((9+(7-10))-5)=x | 9 7 10 - + 5 - x = | 9:package 7:package 10:package -:package +:package 5:package -:package x:package =:package
EXPR: 0 | POS | INT | 0 | 55 | 240 | x=((9+7)*(10+5)) | x 9 7 + 10 5 + * = | x:package 9:package 7:package +:package 10:package 5:package +:package *:package =:package
EXPR: 0 | POS | INT | 0 | 55 | 14 | x=((9+7)-(10/5)) | x 9 7 + 10 5 / - = | x:package 9:package 7:package +:package 10:package 5:package /:package -:package =:package
EXPR: 0 | POS | INT | 0 | 55 | 30 | ((9+(7-10))*5)=x | 9 7 10 - + 5 * x = | 9:package 7:package 10:package -:package +:package 5:package *:package x:package =:package
EXPR: 0 | POS | INT | 0 | 55 | 108 | x=(9*((7+10)-5)) | x 9 7 10 + 5 - * = | x:package 9:package 7:package 10:package +:package 5:package -:package *:package =:package
EXPR: 0 | POS | INT | 0 | 55 | 18 | x=(9*((7-10)+5)) | x 9 7 10 - 5 + * = | x:package 9:package 7:package 10:package -:package 5:package +:package *:package =:package
EXPR: 0 | POS | INT | 0 | 55 | 155 | x=(((9+7)*10)-5) | x 9 7 + 10 * 5 - = | x:package 9:package 7:package +:package 10:package *:package 5:package -:package =:package
EXPR: 0 | POS | INT | 0 | 55 | 30 | x=((9-7)*(10+5)) | x 9 7 - 10 5 + * = | x:package 9:package 7:package -:package 10:package 5:package +:package *:package =:package
EXPR: 0 | POS | INT | 0 | 55 | 21 | x=(((9+7)+10)-5) | x 9 7 + 10 + 5 - = | x:package 9:package 7:package +:package 10:package +:package 5:package -:package =:package
EXPR: 0 | POS | INT | 0 | 55 | 148 | ((9*(7+10))-5)=x | 9 7 10 + * 5 - x = | 9:package 7:package 10:package +:package *:package 5:package -:package x:package =:package
EXPR: 0 | POS | INT | 0 | 55 | 4 | ((9-7)+(10/5))=x | 9 7 - 10 5 / + x = | 9:package 7:package -:package 10:package 5:package /:package +:package x:package =:package
EXPR: 0 | POS | INT | 0 | 55 | 11 | ((9+(7-10))+5)=x | 9 7 10 - + 5 + x = | 9:package 7:package 10:package -:package +:package 5:package +:package x:package =:package
EXPR: 0 | POS | INT | 0 | 55 | 158 | x=((9*(7+10))+5) | x 9 7 10 + * 5 + = | x:package 9:package 7:package 10:package +:package *:package 5:package +:package =:package
EXPR: 0 | POS | INT | 0 | 55 | 198 | x=(9*((7+10)+5)) | x 9 7 10 + 5 + * = | x:package 9:package 7:package 10:package +:package 5:package +:package *:package =:package
EXPR: 0 | POS | INT | 0 | 55 | 30 | ((9-7)*(10+5))=x | 9 7 - 10 5 + * x = | 9:package 7:package -:package 10:package 5:package +:package *:package x:package =:package
EXPR: 0 | POS | INT | 0 | 55 | 945 | ((9*7)*(10+5))=x | 9 7 * 10 5 + * x = | 9:package 7:package *:package 10:package 5:package +:package *:package x:package =:package
EXPR: 0 | POS | INT | 0 | 55 | 10 | x=((9-7)*(10-5)) | x 9 7 - 10 5 - * = | x:package 9:package 7:package -:package 10:package 5:package -:package *:package =:package
EXPR: 0 | POS | INT | 0 | 55 | 80 | x=((9+7)*(10-5)) | x 9 7 + 10 5 - * = | x:package 9:package 7:package +:package 10:package 5:package -:package *:package =:package
EXPR: 0 | POS | INT | 0 | 55 | 74 | ((9+(7*10))-5)=x | 9 7 10 * + 5 - x = | 9:package 7:package 10:package *:package +:package 5:package -:package x:package =:package
EXPR: 0 | POS | INT | 0 | 55 | 7 | ((9-(7-10))-5)=x | 9 7 10 - - 5 - x = | 9:package 7:package 10:package -:package -:package 5:package -:package x:package =:package
EXPR: 0 | POS | INT | 0 | 55 | 11 | (((9+7)-10)+5)=x | 9 7 + 10 - 5 + x = | 9:package 7:package +:package 10:package -:package 5:package +:package x:package =:package
EXPR: 0 | POS | INT | 0 | 55 | 11 | (9+(7-(10-5)))=x | 9 7 10 5 - - + x = | 9:package 7:package 10:package 5:package -:package -:package +:package x:package =:package
EXPR: 0 | POS | INT | 0 | 55 | 240 | ((9+7)*(10+5))=x | 9 7 + 10 5 + * x = | 9:package 7:package +:package 10:package 5:package +:package *:package x:package =:package
EXPR: 0 | POS | INT | 0 | 55 | 11 | x=((9+(7-10))+5) | x 9 7 10 - + 5 + = | x:package 9:package 7:package 10:package -:package +:package 5:package +:package =:package
EXPR: 0 | POS | INT | 0 | 55 | 1 | x=(((9+7)-10)-5) | x 9 7 + 10 - 5 - = | x:package 9:package 7:package +:package 10:package -:package 5:package -:package =:package
EXPR: 0 | POS | INT | 0 | 55 | 25 | (((9-7)*10)+5)=x | 9 7 - 10 * 5 + x = | 9:package 7:package -:package 10:package *:package 5:package +:package x:package =:package
EXPR: 0 | POS | INT | 0 | 55 | 165 | (((9+7)*10)+5)=x | 9 7 + 10 * 5 + x = | 9:package 7:package +:package 10:package *:package 5:package +:package x:package =:package
EXPR: 0 | POS | INT | 0 | 55 | 315 | x=((9*7)*(10-5)) | x 9 7 * 10 5 - * = | x:package 9:package 7:package *:package 10:package 5:package -:package *:package =:package
EXPR: 0 | POS | INT | 0 | 55 | 18 | (9*(7-(10-5)))=x | 9 7 10 5 - - * x = | 9:package 7:package 10:package 5:package -:package -:package *:package x:package =:package
EXPR: 0 | POS | INT | 0 | 55 | 14 | (9+(7-(10/5)))=x | 9 7 10 5 / - + x = | 9:package 7:package 10:package 5:package /:package -:package +:package x:package =:package
EXPR: 0 | POS | INT | 0 | 55 | 395 | x=((9+(7*10))*5) | x 9 7 10 * + 5 * = | x:package 9:package 7:package 10:package *:package +:package 5:package *:package =:package
EXPR: 0 | POS | INT | 0 | 55 | 21 | x=((9+7)+(10-5)) | x 9 7 + 10 5 - + = | x:package 9:package 7:package +:package 10:package 5:package -:package +:package =:package
EXPR: 0 | POS | INT | 0 | 55 | 18 | x=((9+7)+(10/5)) | x 9 7 + 10 5 / + = | x:package 9:package 7:package +:package 10:package 5:package /:package +:package =:package
EXPR: 0 | POS | INT | 0 | 55 | 17 | ((9-(7-10))+5)=x | 9 7 10 - - 5 + x = | 9:package 7:package 10:package -:package -:package 5:package +:package x:package =:package
EXPR: 0 | POS | INT | 0 | 55 | 114 | (9+(7*(10+5)))=x | 9 7 10 5 + * + x = | 9:package 7:package 10:package 5:package +:package *:package +:package x:package =:package
EXPR: 0 | POS | INT | 0 | 55 | 21 | (9+(7+(10-5)))=x | 9 7 10 5 - + + x = | 9:package 7:package 10:package 5:package -:package +:package +:package x:package =:package
EXPR: 0 | POS | INT | 0 | 55 | 30 | (((9+7)-10)*5)=x | 9 7 + 10 - 5 * x = | 9:package 7:package +:package 10:package -:package 5:package *:package x:package =:package
EXPR: 0 | POS | INT | 2 | 55 | 60 | (((9+10)-7)*5)=x | 9 10 + 7 - 5 * x = | 9:package 10:package +:package 7:package -:package 5:package *:package x:package =:package
EXPR: 0 | POS | INT | 2 | 55 | 110 | (((9+7)-5)*10)=x | 9 7 + 5 - 10 * x = | 9:package 7:package +:package 5:package -:package 10:package *:package x:package =:package
EXPR: 0 | POS | INT | 2 | 55 | 21 | (((9+10)+7)-5)=x | 9 10 + 7 + 5 - x = | 9:package 10:package +:package 7:package +:package 5:package -:package x:package =:package
EXPR: 0 | POS | INT | 2 | 55 | 11 | (((9+7)+5)-10)=x | 9 7 + 5 + 10 - x = | 9:package 7:package +:package 5:package +:package 10:package -:package x:package =:package
EXPR: 0 | POS | INT | 2 | 55 | 70 | (((9-7)+5)*10)=x | 9 7 - 5 + 10 * x = | 9:package 7:package -:package 5:package +:package 10:package *:package x:package =:package
EXPR: 0 | POS | INT | 2 | 55 | 30 | (((9-10)+7)*5)=x | 9 10 - 7 + 5 * x = | 9:package 10:package -:package 7:package +:package 5:package *:package x:package =:package
EXPR: 0 | POS | INT | 2 | 55 | 38 | ((9+10)*(7-5))=x | 9 10 + 7 5 - * x = | 9:package 10:package +:package 7:package 5:package -:package *:package x:package =:package
EXPR: 0 | POS | INT | 2 | 55 | 180 | ((9*10)*(7-5))=x | 9 10 * 7 5 - * x = | 9:package 10:package *:package 7:package 5:package -:package *:package x:package =:package
EXPR: 0 | POS | INT | 2 | 55 | 44 | 9=(x-(7*(10-5))) | 9 x 7 10 5 - * - = | 9:package x:package 7:package 10:package 5:package -:package *:package -:package =:package
EXPR: 0 | POS | INT | 2 | 55 | 130 | (((9+10)+7)*5)=x | 9 10 + 7 + 5 * x = | 9:package 10:package +:package 7:package +:package 5:package *:package x:package =:package
EXPR: 0 | POS | INT | 2 | 55 | 210 | (((9+7)+5)*10)=x | 9 7 + 5 + 10 * x = | 9:package 7:package +:package 5:package +:package 10:package *:package x:package =:package
EXPR: 0 | POS | INT | 2 | 55 | 78 | (((9*10)-7)-5)=x | 9 10 * 7 - 5 - x = | 9:package 10:package *:package 7:package -:package 5:package -:package x:package =:package
EXPR: 0 | POS | INT | 2 | 55 | 48 | (((9*7)-5)-10)=x | 9 7 * 5 - 10 - x = | 9:package 7:package *:package 5:package -:package 10:package -:package x:package =:package
EXPR: 0 | POS | INT | 2 | 55 | 128 | (((9+10)*7)-5)=x | 9 10 + 7 * 5 - x = | 9:package 10:package +:package 7:package *:package 5:package -:package x:package =:package
EXPR: 0 | POS | INT | 2 | 55 | 70 | (((9+7)*5)-10)=x | 9 7 + 5 * 10 - x = | 9:package 7:package +:package 5:package *:package 10:package -:package x:package =:package
EXPR: 0 | POS | INT | 2 | 55 | 0 | (((9-7)*5)-10)=x | 9 7 - 5 * 10 - x = | 9:package 7:package -:package 5:package *:package 10:package -:package x:package =:package
EXPR: 0 | POS | INT | 2 | 55 | 13 | (((9+x)-7)-10)=5 | 9 x + 7 - 10 - 5 = | 9:package x:package +:package 7:package -:package 10:package -:package 5:package =:package
EXPR: 0 | POS | INT | 2 | 55 | 1 | (((9-x)+7)-10)=5 | 9 x - 7 + 10 - 5 = | 9:package x:package -:package 7:package +:package 10:package -:package 5:package =:package
EXPR: 0 | POS | INT | 2 | 55 | 1 | (((9-10)+7)-5)=x | 9 10 - 7 + 5 - x = | 9:package 10:package -:package 7:package +:package 5:package -:package x:package =:package
EXPR: 0 | POS | INT | 2 | 55 | 21 | x=((9+7)-(5-10)) | x 9 7 + 5 10 - - = | x:package 9:package 7:package +:package 5:package 10:package -:package -:package =:package
EXPR: 0 | POS | INT | 2 | 55 | 48 | (((9*7)-x)-10)=5 | 9 7 * x - 10 - 5 = | 9:package 7:package *:package x:package -:package 10:package -:package 5:package =:package
EXPR: 0 | POS | INT | 2 | 55 | 7 | 9=((7-(10-x))+5) | 9 7 10 x - - 5 + = | 9:package 7:package 10:package x:package -:package -:package 5:package +:package =:package
EXPR: 0 | POS | INT | 2 | 55 | 7 | (((9+10)-7)-5)=x | 9 10 + 7 - 5 - x = | 9:package 10:package +:package 7:package -:package 5:package -:package x:package =:package
EXPR: 0 | POS | INT | 2 | 55 | 1 | (((9+7)-5)-10)=x | 9 7 + 5 - 10 - x = | 9:package 7:package +:package 5:package -:package 10:package -:package x:package =:package
EXPR: 0 | POS | INT | 2 | 55 | 4 | 9=((7-(10/5))+x) | 9 7 10 5 / - x + = | 9:package 7:package 10:package 5:package /:package -:package x:package +:package =:package
EXPR: 0 | POS | INT | 2 | 55 | 415 | (((9*10)-7)*5)=x | 9 10 * 7 - 5 * x = | 9:package 10:package *:package 7:package -:package 5:package *:package x:package =:package
EXPR: 0 | POS | INT | 2 | 55 | 580 | (((9*7)-5)*10)=x | 9 7 * 5 - 10 * x = | 9:package 7:package *:package 5:package -:package 10:package *:package x:package =:package
EXPR: 0 | POS | INT | 2 | 55 | 11 | ((9+(7+5))-10)=x | 9 7 5 + + 10 - x = | 9:package 7:package 5:package +:package +:package 10:package -:package x:package =:package
EXPR: 0 | POS | INT | 2 | 55 | 7 | ((9+(10-7))-5)=x | 9 10 7 - + 5 - x = | 9:package 10:package 7:package -:package +:package 5:package -:package x:package =:package
EXPR: 0 | POS | INT | 2 | 55 | 1 | ((9+(7-5))-10)=x | 9 7 5 - + 10 - x = | 9:package 7:package 5:package -:package +:package 10:package -:package x:package =:package
EXPR: 0 | POS | INT | 2 | 55 | 1 | (((9+7)-x)-10)=5 | 9 7 + x - 10 - 5 = | 9:package 7:package +:package x:package -:package 10:package -:package 5:package =:package
EXPR: 0 | POS | INT | 2 | 55 | 1 | ((9+(7-x))-10)=5 | 9 7 x - + 10 - 5 = | 9:package 7:package x:package -:package +:package 10:package -:package 5:package =:package
EXPR: 0 | POS | INT | 2 | 55 | 110 | ((9+(7-5))*10)=x | 9 7 5 - + 10 * x = | 9:package 7:package 5:package -:package +:package 10:package *:package x:package =:package
EXPR: 0 | POS | INT | 2 | 55 | 18 | x=(9*((7+5)-10)) | x 9 7 5 + 10 - * = | x:package 9:package 7:package 5:package +:package 10:package -:package *:package =:package
EXPR: 0 | POS | INT | 2 | 55 | 52 | 9=((7-(x/10))*5) | 9 7 x 10 / - 5 * = | 9:package 7:package x:package 10:package /:package -:package 5:package *:package =:package
EXPR: 0 | POS | INT | 2 | 55 | 22 | ((9*(10-7))-5)=x | 9 10 7 - * 5 - x = | 9:package 10:package 7:package -:package *:package 5:package -:package x:package =:package
EXPR: 0 | POS | INT | 2 | 55 | 8 | ((9*(7-5))-10)=x | 9 7 5 - * 10 - x = | 9:package 7:package 5:package -:package *:package 10:package -:package x:package =:package
EXPR: 0 | POS | INT | 2 | 55 | 128 | x=(((9+10)*7)-5) | x 9 10 + 7 * 5 - = | x:package 9:package 10:package +:package 7:package *:package 5:package -:package =:package
EXPR: 0 | POS | INT | 2 | 55 | 70 | x=(((9+7)*5)-10) | x 9 7 + 5 * 10 - = | x:package 9:package 7:package +:package 5:package *:package 10:package -:package =:package
EXPR: 0 | POS | INT | 2 | 55 | 1 | ((9-10)+(7-5))=x | 9 10 - 7 5 - + x = | 9:package 10:package -:package 7:package 5:package -:package +:package x:package =:package
EXPR: 0 | POS | INT | 2 | 55 | 198 | x=(9*((7+5)+10)) | x 9 7 5 + 10 + * = | x:package 9:package 7:package 5:package +:package 10:package +:package *:package =:package
EXPR: 0 | POS | INT | 2 | 55 | 118 | x=((9*(7+5))+10) | x 9 7 5 + * 10 + = | x:package 9:package 7:package 5:package +:package *:package 10:package +:package =:package
EXPR: 1 | POS | INT | 2 | 55 | 55 | x=((9*10)-(7*5)) | x 9 10 * 7 5 * - = | x:package 9:package 10:package *:package 7:package 5:package *:package -:package =:package
EXPR: 0 | POS | INT | 2 | 55 | 21 | ((9+(7+10))-x)=5 | 9 7 10 + + x - 5 = | 9:package 7:package 10:package +:package +:package x:package -:package 5:package =:package
EXPR: 0 | POS | INT | 2 | 55 | 21 | ((9+(7-x))+10)=5 | 9 7 x - + 10 + 5 = | 9:package 7:package x:package -:package +:package 10:package +:package 5:package =:package
EXPR: 0 | POS | INT | 2 | 55 | 31 | ((9+(7+5))+10)=x | 9 7 5 + + 10 + x = | 9:package 7:package 5:package +:package +:package 10:package +:package x:package =:package
EXPR: 0 | POS | INT | 2 | 55 | 30 | ((9-7)+(x/10))=5 | 9 7 - x 10 / + 5 = | 9:package 7:package -:package x:package 10:package /:package +:package 5:package =:package
EXPR: 0 | POS | INT | 2 | 55 | 21 | x=(((9+10)+7)-5) | x 9 10 + 7 + 5 - = | x:package 9:package 10:package +:package 7:package +:package 5:package -:package =:package
EXPR: 0 | POS | INT | 2 | 55 | 1 | ((9-(10-7))-5)=x | 9 10 7 - - 5 - x = | 9:package 10:package 7:package -:package -:package 5:package -:package x:package =:package
EXPR: 0 | POS | INT | 2 | 55 | 11 | x=(((9+7)+5)-10) | x 9 7 + 5 + 10 - = | x:package 9:package 7:package +:package 5:package +:package 10:package -:package =:package
EXPR: 0 | POS | INT | 2 | 55 | 34 | ((9+(7*5))-10)=x | 9 7 5 * + 10 - x = | 9:package 7:package 5:package *:package +:package 10:package -:package x:package =:package
EXPR: 0 | POS | INT | 2 | 55 | 13 | (((9-7)+x)-10)=5 | 9 7 - x + 10 - 5 = | 9:package 7:package -:package x:package +:package 10:package -:package 5:package =:package
EXPR: 0 | POS | INT | 2 | 55 | 228 | ((9+10)*(7+5))=x | 9 10 + 7 5 + * x = | 9:package 10:package +:package 7:package 5:package +:package *:package x:package =:package
EXPR: 0 | POS | INT | 2 | 55 | 17 | (((9+10)-7)+5)=x | 9 10 + 7 - 5 + x = | 9:package 10:package +:package 7:package -:package 5:package +:package x:package =:package
EXPR: 0 | POS | INT | 2 | 55 | 21 | (((9+7)-5)+10)=x | 9 7 + 5 - 10 + x = | 9:package 7:package +:package 5:package -:package 10:package +:package x:package =:package
EXPR: 0 | POS | INT | 2 | 55 | 21 | (9+(7-(5-10)))=x | 9 7 5 10 - - + x = | 9:package 7:package 5:package 10:package -:package -:package +:package x:package =:package
EXPR: 0 | POS | INT | 2 | 55 | 104 | x=((9+(7/5))*10) | x 9 7 5 / + 10 * = | x:package 9:package 7:package 5:package /:package +:package 10:package *:package =:package
EXPR: 0 | POS | INT | 2 | 55 | 11 | x=((9+7)+(5-10)) | x 9 7 + 5 10 - + = | x:package 9:package 7:package +:package 5:package 10:package -:package +:package =:package
EXPR: 0 | POS | INT | 2 | 55 | 11 | ((9-(10-7))+5)=x | 9 10 7 - - 5 + x = | 9:package 10:package 7:package -:package -:package 5:package +:package x:package =:package
EXPR: 0 | POS | INT | 2 | 55 | 17 | ((9-(7-5))+10)=x | 9 7 5 - - 10 + x = | 9:package 7:package 5:package -:package -:package 10:package +:package x:package =:package
EXPR: 0 | POS | INT | 2 | 55 | 7 | x=((9-7)-(5-10)) | x 9 7 - 5 10 - - = | x:package 9:package 7:package -:package 5:package 10:package -:package -:package =:package
EXPR: 0 | POS | INT | 4 | 55 | 0 | 7=((9+x)-(10/5)) | 7 9 x + 10 5 / - = | 7:package 9:package x:package +:package 10:package 5:package /:package -:package =:package
EXPR: 0 | POS | INT | 4 | 55 | 10 | ((9-7)*(x-5))=10 | 9 7 - x 5 - * 10 = | 9:package 7:package -:package x:package 5:package -:package *:package 10:package =:package
EXPR: 0 | POS | INT | 4 | 55 | 228 | 7=((x/(9+10))-5) | 7 x 9 10 + / 5 - = | 7:package x:package 9:package 10:package +:package /:package 5:package -:package =:package
EXPR: 0 | POS | INT | 4 | 55 | 31 | 7=((x-(9+10))-5) | 7 x 9 10 + - 5 - = | 7:package x:package 9:package 10:package +:package -:package 5:package -:package =:package
EXPR: 0 | POS | INT | 4 | 55 | 7 | (((9+10)-x)-7)=5 | 9 10 + x - 7 - 5 = | 9:package 10:package +:package x:package -:package 7:package -:package 5:package =:package
EXPR: 0 | POS | INT | 4 | 55 | 52 | ((x+(7-9))/10)=5 | x 7 9 - + 10 / 5 = | x:package 7:package 9:package -:package +:package 10:package /:package 5:package =:package
EXPR: 0 | POS | INT | 4 | 55 | 10 | 9=(7-(x/(5-10))) | 9 7 x 5 10 - / - = | 9:package 7:package x:package 5:package 10:package -:package /:package -:package =:package
EXPR: 0 | POS | INT | 5 | 55 | 98 | (((9+10)-5)*7)=x | 9 10 + 5 - 7 * x = | 9:package 10:package +:package 5:package -:package 7:package *:package x:package =:package
EXPR: 0 | POS | INT | 5 | 55 | 17 | (((9+10)+5)-7)=x | 9 10 + 5 + 7 - x = | 9:package 10:package +:package 5:package +:package 7:package -:package x:package =:package
EXPR: 0 | POS | INT | 5 | 55 | 110 | (((9-5)+7)*10)=x | 9 5 - 7 + 10 * x = | 9:package 5:package -:package 7:package +:package 10:package *:package x:package =:package
EXPR: 0 | POS | INT | 5 | 55 | 28 | (((9-10)+5)*7)=x | 9 10 - 5 + 7 * x = | 9:package 10:package -:package 5:package +:package 7:package *:package x:package =:package
EXPR: 0 | POS | INT | 5 | 55 | 2 | (((9+10)-5)/7)=x | 9 10 + 5 - 7 / x = | 9:package 10:package +:package 5:package -:package 7:package /:package x:package =:package
EXPR: 0 | POS | INT | 5 | 55 | 168 | (((9+10)+5)*7)=x | 9 10 + 5 + 7 * x = | 9:package 10:package +:package 5:package +:package 7:package *:package x:package =:package
EXPR: 0 | POS | INT | 5 | 55 | 78 | (((9*10)-5)-7)=x | 9 10 * 5 - 7 - x = | 9:package 10:package *:package 5:package -:package 7:package -:package x:package =:package
EXPR: 0 | POS | INT | 5 | 55 | 88 | (((9+10)*5)-7)=x | 9 10 + 5 * 7 - x = | 9:package 10:package +:package 5:package *:package 7:package -:package x:package =:package
EXPR: 0 | POS | INT | 5 | 55 | 7 | (((9+10)-5)-7)=x | 9 10 + 5 - 7 - x = | 9:package 10:package +:package 5:package -:package 7:package -:package x:package =:package
EXPR: 0 | POS | INT | 5 | 55 | 595 | (((9*10)-5)*7)=x | 9 10 * 5 - 7 * x = | 9:package 10:package *:package 5:package -:package 7:package *:package x:package =:package
EXPR: 0 | POS | INT | 5 | 55 | 17 | ((9+(10+5))-7)=x | 9 10 5 + + 7 - x = | 9:package 10:package 5:package +:package +:package 7:package -:package x:package =:package
EXPR: 0 | POS | INT | 5 | 55 | 7 | ((9+(10-5))-7)=x | 9 10 5 - + 7 - x = | 9:package 10:package 5:package -:package +:package 7:package -:package x:package =:package
EXPR: 0 | POS | INT | 5 | 55 | 1 | ((9-(10/5))/7)=x | 9 10 5 / - 7 / x = | 9:package 10:package 5:package /:package -:package 7:package /:package x:package =:package
EXPR: 0 | POS | INT | 5 | 55 | 72 | x=(9*((10+5)-7)) | x 9 10 5 + 7 - * = | x:package 9:package 10:package 5:package +:package 7:package -:package *:package =:package
EXPR: 0 | POS | INT | 5 | 55 | 38 | ((9*(10-5))-7)=x | 9 10 5 - * 7 - x = | 9:package 10:package 5:package -:package *:package 7:package -:package x:package =:package
EXPR: 0 | POS | INT | 5 | 55 | 108 | x=(9*((10-5)+7)) | x 9 10 5 - 7 + * = | x:package 9:package 10:package 5:package -:package 7:package +:package *:package =:package
EXPR: 0 | POS | INT | 5 | 55 | 2 | ((9+(10-5))/7)=x | 9 10 5 - + 7 / x = | 9:package 10:package 5:package -:package +:package 7:package /:package x:package =:package
EXPR: 0 | POS | INT | 5 | 55 | 88 | x=(((9+10)*5)-7) | x 9 10 + 5 * 7 - = | x:package 9:package 10:package +:package 5:package *:package 7:package -:package =:package
EXPR: 0 | POS | INT | 5 | 55 | 1 | ((9-5)+(7-10))=x | 9 5 - 7 10 - + x = | 9:package 5:package -:package 7:package 10:package -:package +:package x:package =:package
EXPR: 0 | POS | INT | 5 | 55 | 142 | x=((9*(10+5))+7) | x 9 10 5 + * 7 + = | x:package 9:package 10:package 5:package +:package *:package 7:package +:package =:package
EXPR: 0 | POS | INT | 5 | 55 | 198 | x=(9*((10+5)+7)) | x 9 10 5 + 7 + * = | x:package 9:package 10:package 5:package +:package 7:package +:package *:package =:package
EXPR: 0 | POS | INT | 5 | 55 | 2 | x=((9-10)*(5-7)) | x 9 10 - 5 7 - * = | x:package 9:package 10:package -:package 5:package 7:package -:package *:package =:package
EXPR: 0 | POS | INT | 5 | 55 | 31 | ((9+(10+5))+7)=x | 9 10 5 + + 7 + x = | 9:package 10:package 5:package +:package +:package 7:package +:package x:package =:package
EXPR: 0 | POS | INT | 5 | 55 | 11 | x=(((9+5)+7)-10) | x 9 5 + 7 + 10 - = | x:package 9:package 5:package +:package 7:package +:package 10:package -:package =:package
EXPR: 0 | POS | INT | 5 | 55 | 40 | ((7+(10-9))*5)=x | 7 10 9 - + 5 * x = | 7:package 10:package 9:package -:package +:package 5:package *:package x:package =:package
EXPR: 0 | POS | INT | 5 | 55 | 52 | ((9+(10*5))-7)=x | 9 10 5 * + 7 - x = | 9:package 10:package 5:package *:package +:package 7:package -:package x:package =:package
EXPR: 0 | POS | INT | 5 | 55 | 128 | ((9*(10+5))-7)=x | 9 10 5 + * 7 - x = | 9:package 10:package 5:package +:package *:package 7:package -:package x:package =:package
EXPR: 0 | POS | INT | 5 | 55 | 0 | ((9-(10/5))-7)=x | 9 10 5 / - 7 - x = | 9:package 10:package 5:package /:package -:package 7:package -:package x:package =:package
EXPR: 0 | POS | INT | 5 | 55 | 21 | (((9+10)-5)+7)=x | 9 10 + 5 - 7 + x = | 9:package 10:package +:package 5:package -:package 7:package +:package x:package =:package
EXPR: 0 | POS | INT | 5 | 55 | 17 | x=(((9+10)+5)-7) | x 9 10 + 5 + 7 - = | x:package 9:package 10:package +:package 5:package +:package 7:package -:package =:package
EXPR: 0 | POS | INT | 5 | 55 | 7 | x=(((9+10)-5)-7) | x 9 10 + 5 - 7 - = | x:package 9:package 10:package +:package 5:package -:package 7:package -:package =:package
EXPR: 0 | POS | INT | 5 | 55 | 2 | x=(((9+10)-5)/7) | x 9 10 + 5 - 7 / = | x:package 9:package 10:package +:package 5:package -:package 7:package /:package =:package
EXPR: 0 | POS | INT | 5 | 55 | 81 | x=(9*((10/5)+7)) | x 9 10 5 / 7 + * = | x:package 9:package 10:package 5:package /:package 7:package +:package *:package =:package
EXPR: 0 | POS | INT | 5 | 55 | 11 | ((9-(10-5))+7)=x | 9 10 5 - - 7 + x = | 9:package 10:package 5:package -:package -:package 7:package +:package x:package =:package
EXPR: 0 | POS | INT | 5 | 55 | 1 | x=((9-10)-(5-7)) | x 9 10 - 5 7 - - = | x:package 9:package 10:package -:package 5:package 7:package -:package -:package =:package
EXPR: 0 | POS | INT | 6 | 55 | 238 | 7=((x/(9+5))-10) | 7 x 9 5 + / 10 - = | 7:package x:package 9:package 5:package +:package /:package 10:package -:package =:package
EXPR: 0 | POS | INT | 6 | 55 | 31 | 7=((x-(9+5))-10) | 7 x 9 5 + - 10 - = | 7:package x:package 9:package 5:package +:package -:package 10:package -:package =:package
EXPR: 0 | POS | INT | 7 | 55 | 48 | 10=((9*7)-(5+x)) | 10 9 7 * 5 x + - = | 10:package 9:package 7:package *:package 5:package x:package +:package -:package =:package
EXPR: 0 | POS | INT | 7 | 55 | 34 | ((x+(10-9))/7)=5 | x 10 9 - + 7 / 5 = | x:package 10:package 9:package -:package +:package 7:package /:package 5:package =:package
EXPR: 0 | POS | INT | 7 | 55 | 240 | 10=((x/(9+7))-5) | 10 x 9 7 + / 5 - = | 10:package x:package 9:package 7:package +:package /:package 5:package -:package =:package
EXPR: 0 | POS | INT | 7 | 55 | 30 | 10=((x/(9-7))-5) | 10 x 9 7 - / 5 - = | 10:package x:package 9:package 7:package -:package /:package 5:package -:package =:package
EXPR: 0 | POS | INT | 7 | 55 | 10 | 10=((x/(9-7))+5) | 10 x 9 7 - / 5 + = | 10:package x:package 9:package 7:package -:package /:package 5:package +:package =:package
EXPR: 0 | POS | INT | 7 | 55 | 94 | 9=(x-(5*(7+10))) | 9 x 5 7 10 + * - = | 9:package x:package 5:package 7:package 10:package +:package *:package -:package =:package
EXPR: 0 | POS | INT | 7 | 55 | 40 | ((10+(7-9))*5)=x | 10 7 9 - + 5 * x = | 10:package 7:package 9:package -:package +:package 5:package *:package x:package =:package
EXPR: 0 | POS | INT | 9 | 55 | 13 | ((7+(10+5))-9)=x | 7 10 5 + + 9 - x = | 7:package 10:package 5:package +:package +:package 9:package -:package x:package =:package
EXPR: 0 | POS | INT | 9 | 55 | 3 | ((7+(10-5))-9)=x | 7 10 5 - + 9 - x = | 7:package 10:package 5:package -:package +:package 9:package -:package x:package =:package
EXPR: 0 | POS | INT | 9 | 55 | 1 | ((7+(10/5))/9)=x | 7 10 5 / + 9 / x = | 7:package 10:package 5:package /:package +:package 9:package /:package x:package =:package
EXPR: 0 | POS | INT | 9 | 55 | 26 | ((7*(10-5))-9)=x | 7 10 5 - * 9 - x = | 7:package 10:package 5:package -:package *:package 9:package -:package x:package =:package
EXPR: 0 | POS | INT | 9 | 55 | 96 | ((7*(10+5))-9)=x | 7 10 5 + * 9 - x = | 7:package 10:package 5:package +:package *:package 9:package -:package x:package =:package
EXPR: 0 | POS | INT | 9 | 55 | 21 | ((7+(10-5))+9)=x | 7 10 5 - + 9 + x = | 7:package 10:package 5:package -:package +:package 9:package +:package x:package =:package
EXPR: 0 | POS | INT | 9 | 55 | 13 | x=(((7+10)+5)-9) | x 7 10 + 5 + 9 - = | x:package 7:package 10:package +:package 5:package +:package 9:package -:package =:package
EXPR: 0 | POS | INT | 9 | 55 | 48 | ((7+(10*5))-9)=x | 7 10 5 * + 9 - x = | 7:package 10:package 5:package *:package +:package 9:package -:package x:package =:package
EXPR: 0 | POS | INT | 9 | 55 | 11 | ((7-(10-5))+9)=x | 7 10 5 - - 9 + x = | 7:package 10:package 5:package -:package -:package 9:package +:package x:package =:package
EXPR: 0 | POS | INT | 9 | 55 | 14 | ((7-(10/5))+9)=x | 7 10 5 / - 9 + x = | 7:package 10:package 5:package /:package -:package 9:package +:package x:package =:package
EXPR: 0 | POS | INT | 11 | 55 | 111 | (((7+5)*10)-9)=x | 7 5 + 10 * 9 - x = | 7:package 5:package +:package 10:package *:package 9:package -:package x:package =:package
EXPR: 0 | POS | INT | 11 | 55 | 29 | ((10*(7-5))+9)=x | 10 7 5 - * 9 + x = | 10:package 7:package 5:package -:package *:package 9:package +:package x:package =:package
EXPR: 0 | POS | INT | 11 | 55 | 17 | ((10-(7-5))+9)=x | 10 7 5 - - 9 + x = | 10:package 7:package 5:package -:package -:package 9:package +:package x:package =:package
EXPR: 0 | POS | INT | 11 | 55 | 240 | 7=((x/(10+5))-9) | 7 x 10 5 + / 9 - = | 7:package x:package 10:package 5:package +:package /:package 9:package -:package =:package
EXPR: 0 | POS | INT | 11 | 55 | 66 | 5=((9+x)-(7*10)) | 5 9 x + 7 10 * - = | 5:package 9:package x:package +:package 7:package 10:package *:package -:package =:package
EXPR: 0 | POS | INT | 11 | 55 | 13 | ((10+(7+5))-9)=x | 10 7 5 + + 9 - x = | 10:package 7:package 5:package +:package +:package 9:package -:package x:package =:package
EXPR: 0 | POS | INT | 11 | 55 | 31 | ((10+(7+5))+9)=x | 10 7 5 + + 9 + x = | 10:package 7:package 5:package +:package +:package 9:package +:package x:package =:package
EXPR: 0 | POS | INT | 11 | 55 | 21 | ((10+(7-5))+9)=x | 10 7 5 - + 9 + x = | 10:package 7:package 5:package -:package +:package 9:package +:package x:package =:package
EXPR: 0 | POS | INT | 12 | 55 | 11 | ((9-x)+7)=(10-5) | 9 x - 7 + 10 5 - = | 9:package x:package -:package 7:package +:package 10:package 5:package -:package =:package
EXPR: 0 | POS | INT | 12 | 55 | 210 | (9+7)=((x/10)-5) | 9 7 + x 10 / 5 - = | 9:package 7:package +:package x:package 10:package /:package 5:package -:package =:package
EXPR: 0 | POS | INT | 13 | 55 | 92 | ((5-(7-x))/9)=10 | 5 7 x - - 9 / 10 = | 5:package 7:package x:package -:package -:package 9:package /:package 10:package =:package
EXPR: 0 | POS | INT | 13 | 55 | 22 | 5=((9*(10-7))-x) | 5 9 10 7 - * x - = | 5:package 9:package 10:package 7:package -:package *:package x:package -:package =:package
EXPR: 0 | POS | INT | 13 | 55 | 7 | 10=(((7+x)+5)-9) | 10 7 x + 5 + 9 - = | 10:package 7:package x:package +:package 5:package +:package 9:package -:package =:package
EXPR: 0 | POS | INT | 13 | 55 | 3 | ((5-(7-x))+9)=10 | 5 7 x - - 9 + 10 = | 5:package 7:package x:package -:package -:package 9:package +:package 10:package =:package
EXPR: 0 | POS | INT | 14 | 55 | 17 | ((9-x)+10)=(7-5) | 9 x - 10 + 7 5 - = | 9:package x:package -:package 10:package +:package 7:package 5:package -:package =:package
EXPR: 0 | POS | INT | 14 | 55 | 54 | (9+10)=(x-(7*5)) | 9 10 + x 7 5 * - = | 9:package 10:package +:package x:package 7:package 5:package *:package -:package =:package
EXPR: 0 | POS | INT | 14 | 55 | 70 | (10*(5-(7-9)))=x | 10 5 7 9 - - * x = | 10:package 5:package 7:package 9:package -:package -:package *:package x:package =:package
EXPR: 0 | POS | INT | 16 | 55 | 8 | 5=(7-((10+x)/9)) | 5 7 10 x + 9 / - = | 5:package 7:package 10:package x:package +:package 9:package /:package -:package =:package
NET 194 unique, non-negative, integer-valued solutions found out of 649 total solutions
