parameters: n=9 l=4 k=1 p=5 q=1 m=10
TOTAL 477 solutions found
SOLN: CORRECT | POS/NEG | INT/FRA | OBJ-SCORE | TRUE-ANS | ANS | INFIX | POSTFIX | TYPED-POSTFIX
EXPR: 0 | POS | INT | 0 | 9 | 18 | (2*(1+(7+1)))=x | 2 1 7 1 + + * x = | 2:ticket 1:ticket 7:ticket 1:ticket +:ticket +:ticket *:ticket x:ticket =:ticket
EXPR: 0 | POS | INT | 0 | 9 | 11 | (2+((1+7)+1))=x | 2 1 7 + 1 + + x = | 2:ticket 1:ticket 7:ticket +:ticket 1:ticket +:ticket +:ticket x:ticket =:ticket
EXPR: 0 | POS | INT | 0 | 9 | 7 | (2-((1-7)+1))=x | 2 1 7 - 1 + - x = | 2:ticket 1:ticket 7:ticket -:ticket 1:ticket +:ticket -:ticket x:ticket =:ticket
EXPR: 1 | POS | INT | 0 | 9 | 9 | x=(((2+1)+7)-1) | x 2 1 + 7 + 1 - = | x:ticket 2:ticket 1:ticket +:ticket 7:ticket +:ticket 1:ticket -:ticket =:ticket
EXPR: 0 | POS | INT | 0 | 9 | 16 | ((2*1)*(7+1))=x | 2 1 * 7 1 + * x = | 2:ticket 1:ticket *:ticket 7:ticket 1:ticket +:ticket *:ticket x:ticket =:ticket
EXPR: 0 | POS | INT | 0 | 9 | 12 | ((2*1)*(7-1))=x | 2 1 * 7 1 - * x = | 2:ticket 1:ticket *:ticket 7:ticket 1:ticket -:ticket *:ticket x:ticket =:ticket
EXPR: 1 | POS | INT | 0 | 9 | 9 | ((2/1)+(7*1))=x | 2 1 / 7 1 * + x = | 2:ticket 1:ticket /:ticket 7:ticket 1:ticket *:ticket +:ticket x:ticket =:ticket
EXPR: 0 | POS | INT | 0 | 9 | 18 | ((2+1)*(7-1))=x | 2 1 + 7 1 - * x = | 2:ticket 1:ticket +:ticket 7:ticket 1:ticket -:ticket *:ticket x:ticket =:ticket
EXPR: 0 | POS | INT | 0 | 9 | 8 | (((2-1)+7)*1)=x | 2 1 - 7 + 1 * x = | 2:ticket 1:ticket -:ticket 7:ticket +:ticket 1:ticket *:ticket x:ticket =:ticket
EXPR: 0 | POS | INT | 0 | 9 | 10 | ((2+1)+(7*1))=x | 2 1 + 7 1 * + x = | 2:ticket 1:ticket +:ticket 7:ticket 1:ticket *:ticket +:ticket x:ticket =:ticket
EXPR: 0 | POS | INT | 0 | 9 | 14 | (2*((1+7)-1))=x | 2 1 7 + 1 - * x = | 2:ticket 1:ticket 7:ticket +:ticket 1:ticket -:ticket *:ticket x:ticket =:ticket
EXPR: 0 | POS | INT | 0 | 9 | 11 | (((2+1)+7)+1)=x | 2 1 + 7 + 1 + x = | 2:ticket 1:ticket +:ticket 7:ticket +:ticket 1:ticket +:ticket x:ticket =:ticket
EXPR: 0 | POS | INT | 0 | 9 | 24 | ((2+1)*(7+1))=x | 2 1 + 7 1 + * x = | 2:ticket 1:ticket +:ticket 7:ticket 1:ticket +:ticket *:ticket x:ticket =:ticket
EXPR: 0 | POS | INT | 0 | 9 | 16 | x=(2*((1*7)+1)) | x 2 1 7 * 1 + * = | x:ticket 2:ticket 1:ticket 7:ticket *:ticket 1:ticket +:ticket *:ticket =:ticket
EXPR: 0 | POS | INT | 0 | 9 | 8 | x=(((2-1)+7)*1) | x 2 1 - 7 + 1 * = | x:ticket 2:ticket 1:ticket -:ticket 7:ticket +:ticket 1:ticket *:ticket =:ticket
EXPR: 0 | POS | INT | 0 | 9 | 16 | (2*((1*7)+1))=x | 2 1 7 * 1 + * x = | 2:ticket 1:ticket 7:ticket *:ticket 1:ticket +:ticket *:ticket x:ticket =:ticket
EXPR: 0 | POS | INT | 0 | 9 | 12 | (2*((1*7)-1))=x | 2 1 7 * 1 - * x = | 2:ticket 1:ticket 7:ticket *:ticket 1:ticket -:ticket *:ticket x:ticket =:ticket
EXPR: 0 | POS | INT | 0 | 9 | 7 | (((2-1)+7)-1)=x | 2 1 - 7 + 1 - x = | 2:ticket 1:ticket -:ticket 7:ticket +:ticket 1:ticket -:ticket x:ticket =:ticket
EXPR: 0 | POS | INT | 0 | 9 | 8 | x=(((2/1)+7)-1) | x 2 1 / 7 + 1 - = | x:ticket 2:ticket 1:ticket /:ticket 7:ticket +:ticket 1:ticket -:ticket =:ticket
EXPR: 0 | POS | INT | 0 | 9 | 8 | (((2*1)+7)-1)=x | 2 1 * 7 + 1 - x = | 2:ticket 1:ticket *:ticket 7:ticket +:ticket 1:ticket -:ticket x:ticket =:ticket
EXPR: 0 | POS | INT | 0 | 9 | 8 | (((2/1)+7)-1)=x | 2 1 / 7 + 1 - x = | 2:ticket 1:ticket /:ticket 7:ticket +:ticket 1:ticket -:ticket x:ticket =:ticket
EXPR: 0 | POS | INT | 0 | 9 | 8 | x=(2-((1-7)*1)) | x 2 1 7 - 1 * - = | x:ticket 2:ticket 1:ticket 7:ticket -:ticket 1:ticket *:ticket -:ticket =:ticket
EXPR: 0 | POS | INT | 0 | 9 | 7 | x=(2-((1-7)+1)) | x 2 1 7 - 1 + - = | x:ticket 2:ticket 1:ticket 7:ticket -:ticket 1:ticket +:ticket -:ticket =:ticket
EXPR: 0 | POS | INT | 0 | 9 | 8 | ((2-1)*(7+1))=x | 2 1 - 7 1 + * x = | 2:ticket 1:ticket -:ticket 7:ticket 1:ticket +:ticket *:ticket x:ticket =:ticket
EXPR: 0 | POS | INT | 0 | 9 | 7 | x=(((2-1)+7)-1) | x 2 1 - 7 + 1 - = | x:ticket 2:ticket 1:ticket -:ticket 7:ticket +:ticket 1:ticket -:ticket =:ticket
EXPR: 0 | POS | INT | 0 | 9 | 8 | ((2-1)+(7*1))=x | 2 1 - 7 1 * + x = | 2:ticket 1:ticket -:ticket 7:ticket 1:ticket *:ticket +:ticket x:ticket =:ticket
EXPR: 0 | POS | INT | 0 | 9 | 22 | (((2+1)*7)+1)=x | 2 1 + 7 * 1 + x = | 2:ticket 1:ticket +:ticket 7:ticket *:ticket 1:ticket +:ticket x:ticket =:ticket
EXPR: 0 | POS | INT | 0 | 9 | 8 | (((2-1)*7)+1)=x | 2 1 - 7 * 1 + x = | 2:ticket 1:ticket -:ticket 7:ticket *:ticket 1:ticket +:ticket x:ticket =:ticket
EXPR: 0 | POS | INT | 0 | 9 | 6 | (((2-1)*7)-1)=x | 2 1 - 7 * 1 - x = | 2:ticket 1:ticket -:ticket 7:ticket *:ticket 1:ticket -:ticket x:ticket =:ticket
EXPR: 0 | POS | INT | 0 | 9 | 6 | ((2-1)*(7-1))=x | 2 1 - 7 1 - * x = | 2:ticket 1:ticket -:ticket 7:ticket 1:ticket -:ticket *:ticket x:ticket =:ticket
EXPR: 0 | POS | INT | 0 | 9 | 10 | (2+((1*7)+1))=x | 2 1 7 * 1 + + x = | 2:ticket 1:ticket 7:ticket *:ticket 1:ticket +:ticket +:ticket x:ticket =:ticket
EXPR: 1 | POS | INT | 0 | 9 | 9 | (((2-1)+7)+1)=x | 2 1 - 7 + 1 + x = | 2:ticket 1:ticket -:ticket 7:ticket +:ticket 1:ticket +:ticket x:ticket =:ticket
EXPR: 1 | POS | INT | 0 | 9 | 9 | (2-((1-7)-1))=x | 2 1 7 - 1 - - x = | 2:ticket 1:ticket 7:ticket -:ticket 1:ticket -:ticket -:ticket x:ticket =:ticket
EXPR: 0 | POS | INT | 0 | 9 | 17 | x=((2*(1+7))+1) | x 2 1 7 + * 1 + = | x:ticket 2:ticket 1:ticket 7:ticket +:ticket *:ticket 1:ticket +:ticket =:ticket
EXPR: 0 | POS | INT | 0 | 9 | 8 | ((2*1)+(7-1))=x | 2 1 * 7 1 - + x = | 2:ticket 1:ticket *:ticket 7:ticket 1:ticket -:ticket +:ticket x:ticket =:ticket
EXPR: 0 | POS | INT | 0 | 9 | 8 | ((2/1)+(7-1))=x | 2 1 / 7 1 - + x = | 2:ticket 1:ticket /:ticket 7:ticket 1:ticket -:ticket +:ticket x:ticket =:ticket
EXPR: 0 | POS | INT | 0 | 9 | 20 | x=(((2+1)*7)-1) | x 2 1 + 7 * 1 - = | x:ticket 2:ticket 1:ticket +:ticket 7:ticket *:ticket 1:ticket -:ticket =:ticket
EXPR: 0 | POS | INT | 0 | 9 | 20 | (((2+1)*7)-1)=x | 2 1 + 7 * 1 - x = | 2:ticket 1:ticket +:ticket 7:ticket *:ticket 1:ticket -:ticket x:ticket =:ticket
EXPR: 1 | POS | INT | 0 | 9 | 9 | (((2*1)+7)*1)=x | 2 1 * 7 + 1 * x = | 2:ticket 1:ticket *:ticket 7:ticket +:ticket 1:ticket *:ticket x:ticket =:ticket
EXPR: 1 | POS | INT | 0 | 9 | 9 | (((2/1)+7)*1)=x | 2 1 / 7 + 1 * x = | 2:ticket 1:ticket /:ticket 7:ticket +:ticket 1:ticket *:ticket x:ticket =:ticket
EXPR: 0 | POS | INT | 0 | 9 | 10 | ((2+(1+7))*1)=x | 2 1 7 + + 1 * x = | 2:ticket 1:ticket 7:ticket +:ticket +:ticket 1:ticket *:ticket x:ticket =:ticket
EXPR: 1 | POS | INT | 0 | 9 | 9 | ((2+(1+7))-1)=x | 2 1 7 + + 1 - x = | 2:ticket 1:ticket 7:ticket +:ticket +:ticket 1:ticket -:ticket x:ticket =:ticket
EXPR: 0 | POS | INT | 0 | 9 | 14 | x=(2*((1+7)-1)) | x 2 1 7 + 1 - * = | x:ticket 2:ticket 1:ticket 7:ticket +:ticket 1:ticket -:ticket *:ticket =:ticket
EXPR: 0 | POS | INT | 0 | 9 | 10 | x=(((2+1)+7)*1) | x 2 1 + 7 + 1 * = | x:ticket 2:ticket 1:ticket +:ticket 7:ticket +:ticket 1:ticket *:ticket =:ticket
EXPR: 0 | POS | INT | 0 | 9 | 14 | (2*(1+(7-1)))=x | 2 1 7 1 - + * x = | 2:ticket 1:ticket 7:ticket 1:ticket -:ticket +:ticket *:ticket x:ticket =:ticket
EXPR: 0 | POS | INT | 0 | 9 | 10 | (((2+1)+7)*1)=x | 2 1 + 7 + 1 * x = | 2:ticket 1:ticket +:ticket 7:ticket +:ticket 1:ticket *:ticket x:ticket =:ticket
EXPR: 1 | POS | INT | 0 | 9 | 9 | (((2+1)+7)-1)=x | 2 1 + 7 + 1 - x = | 2:ticket 1:ticket +:ticket 7:ticket +:ticket 1:ticket -:ticket x:ticket =:ticket
EXPR: 0 | POS | INT | 2 | 9 | 28 | (((2+1)+1)*7)=x | 2 1 + 1 + 7 * x = | 2:ticket 1:ticket +:ticket 1:ticket +:ticket 7:ticket *:ticket x:ticket =:ticket
EXPR: 0 | POS | INT | 2 | 9 | 11 | (((2+1)+1)+7)=x | 2 1 + 1 + 7 + x = | 2:ticket 1:ticket +:ticket 1:ticket +:ticket 7:ticket +:ticket x:ticket =:ticket
EXPR: 0 | POS | INT | 2 | 9 | 10 | (((2+1)*1)+7)=x | 2 1 + 1 * 7 + x = | 2:ticket 1:ticket +:ticket 1:ticket *:ticket 7:ticket +:ticket x:ticket =:ticket
EXPR: 0 | POS | INT | 2 | 9 | 4 | ((2+1)/(7-x))=1 | 2 1 + 7 x - / 1 = | 2:ticket 1:ticket +:ticket 7:ticket x:ticket -:ticket /:ticket 1:ticket =:ticket
EXPR: 1 | POS | INT | 2 | 9 | 9 | (((x-2)+1)-7)=1 | x 2 - 1 + 7 - 1 = | x:ticket 2:ticket -:ticket 1:ticket +:ticket 7:ticket -:ticket 1:ticket =:ticket
EXPR: 0 | POS | INT | 2 | 9 | 8 | x=(((2+7)*1)-1) | x 2 7 + 1 * 1 - = | x:ticket 2:ticket 7:ticket +:ticket 1:ticket *:ticket 1:ticket -:ticket =:ticket
EXPR: 0 | POS | INT | 2 | 9 | 5 | x=(((1-2)+7)-1) | x 1 2 - 7 + 1 - = | x:ticket 1:ticket 2:ticket -:ticket 7:ticket +:ticket 1:ticket -:ticket =:ticket
EXPR: 0 | POS | INT | 2 | 9 | 6 | ((1-2)+(7*1))=x | 1 2 - 7 1 * + x = | 1:ticket 2:ticket -:ticket 7:ticket 1:ticket *:ticket +:ticket x:ticket =:ticket
EXPR: 0 | POS | INT | 2 | 9 | 6 | x=(((1-2)+7)*1) | x 1 2 - 7 + 1 * = | x:ticket 1:ticket 2:ticket -:ticket 7:ticket +:ticket 1:ticket *:ticket =:ticket
EXPR: 0 | POS | INT | 2 | 9 | 7 | x=(((2/1)-1)*7) | x 2 1 / 1 - 7 * = | x:ticket 2:ticket 1:ticket /:ticket 1:ticket -:ticket 7:ticket *:ticket =:ticket
EXPR: 0 | POS | INT | 2 | 9 | 21 | x=(((2/1)+1)*7) | x 2 1 / 1 + 7 * = | x:ticket 2:ticket 1:ticket /:ticket 1:ticket +:ticket 7:ticket *:ticket =:ticket
EXPR: 0 | POS | INT | 2 | 9 | 8 | x=(((2+7)/1)-1) | x 2 7 + 1 / 1 - = | x:ticket 2:ticket 7:ticket +:ticket 1:ticket /:ticket 1:ticket -:ticket =:ticket
EXPR: 0 | POS | INT | 2 | 9 | 7 | (2-(1+(7-x)))=1 | 2 1 7 x - + - 1 = | 2:ticket 1:ticket 7:ticket x:ticket -:ticket +:ticket -:ticket 1:ticket =:ticket
EXPR: 1 | POS | INT | 2 | 9 | 9 | ((2*1)/(x-7))=1 | 2 1 * x 7 - / 1 = | 2:ticket 1:ticket *:ticket x:ticket 7:ticket -:ticket /:ticket 1:ticket =:ticket
EXPR: 0 | POS | INT | 2 | 9 | 8 | ((2+(7-1))*1)=x | 2 7 1 - + 1 * x = | 2:ticket 7:ticket 1:ticket -:ticket +:ticket 1:ticket *:ticket x:ticket =:ticket
EXPR: 0 | POS | INT | 2 | 9 | 5 | ((2+1)-(7-x))=1 | 2 1 + 7 x - - 1 = | 2:ticket 1:ticket +:ticket 7:ticket x:ticket -:ticket -:ticket 1:ticket =:ticket
EXPR: 0 | POS | INT | 2 | 9 |  | x=((2-(1+1))*7) | x 2 1 1 + - 7 * = | x:ticket 2:ticket 1:ticket 1:ticket +:ticket -:ticket 7:ticket *:ticket =:ticket
EXPR: 0 | POS | INT | 2 | 9 | 10 | (2+((7/1)+1))=x | 2 7 1 / 1 + + x = | 2:ticket 7:ticket 1:ticket /:ticket 1:ticket +:ticket +:ticket x:ticket =:ticket
EXPR: 0 | POS | INT | 2 | 9 | 7 | x=(((2+7)-1)-1) | x 2 7 + 1 - 1 - = | x:ticket 2:ticket 7:ticket +:ticket 1:ticket -:ticket 1:ticket -:ticket =:ticket
EXPR: 0 | POS | INT | 2 | 9 | 5 | (2+((1-7)+x))=1 | 2 1 7 - x + + 1 = | 2:ticket 1:ticket 7:ticket -:ticket x:ticket +:ticket +:ticket 1:ticket =:ticket
EXPR: 1 | POS | INT | 2 | 9 | 9 | ((2/1)/(x-7))=1 | 2 1 / x 7 - / 1 = | 2:ticket 1:ticket /:ticket x:ticket 7:ticket -:ticket /:ticket 1:ticket =:ticket
EXPR: 0 | POS | INT | 2 | 9 | 6 | (2/((1+7)-x))=1 | 2 1 7 + x - / 1 = | 2:ticket 1:ticket 7:ticket +:ticket x:ticket -:ticket /:ticket 1:ticket =:ticket
EXPR: 0 | POS | INT | 2 | 9 | 6 | (1-((2-7)*1))=x | 1 2 7 - 1 * - x = | 1:ticket 2:ticket 7:ticket -:ticket 1:ticket *:ticket -:ticket x:ticket =:ticket
EXPR: 0 | POS | INT | 2 | 9 | 11 | x=(((2+7)+1)+1) | x 2 7 + 1 + 1 + = | x:ticket 2:ticket 7:ticket +:ticket 1:ticket +:ticket 1:ticket +:ticket =:ticket
EXPR: 0 | POS | INT | 2 | 9 | 8 | x=((2/(1+1))+7) | x 2 1 1 + / 7 + = | x:ticket 2:ticket 1:ticket 1:ticket +:ticket /:ticket 7:ticket +:ticket =:ticket
EXPR: 0 | POS | INT | 2 | 9 | zoo | x=((2/(1-1))+7) | x 2 1 1 - / 7 + = | x:ticket 2:ticket 1:ticket 1:ticket -:ticket /:ticket 7:ticket +:ticket =:ticket
EXPR: 0 | POS | INT | 2 | 9 | 8 | x=(((2+7)-1)*1) | x 2 7 + 1 - 1 * = | x:ticket 2:ticket 7:ticket +:ticket 1:ticket -:ticket 1:ticket *:ticket =:ticket
EXPR: 0 | POS | INT | 2 | 9 | 7 | ((2*7)/(1+1))=x | 2 7 * 1 1 + / x = | 2:ticket 7:ticket *:ticket 1:ticket 1:ticket +:ticket /:ticket x:ticket =:ticket
EXPR: 0 | POS | INT | 2 | 9 | 8 | x=((2+(7/1))-1) | x 2 7 1 / + 1 - = | x:ticket 2:ticket 7:ticket 1:ticket /:ticket +:ticket 1:ticket -:ticket =:ticket
EXPR: 1 | POS | INT | 2 | 9 | 9 | x=((2+(7/1))*1) | x 2 7 1 / + 1 * = | x:ticket 2:ticket 7:ticket 1:ticket /:ticket +:ticket 1:ticket *:ticket =:ticket
EXPR: 0 | POS | INT | 2 | 9 | 7 | (2-(1+(1-7)))=x | 2 1 1 7 - + - x = | 2:ticket 1:ticket 1:ticket 7:ticket -:ticket +:ticket -:ticket x:ticket =:ticket
EXPR: 0 | POS | INT | 4 | 9 | 3 | (2+((1+1)+x))=7 | 2 1 1 + x + + 7 = | 2:ticket 1:ticket 1:ticket +:ticket x:ticket +:ticket +:ticket 7:ticket =:ticket
EXPR: 0 | POS | INT | 4 | 9 | 8 | (1*((2-1)+7))=x | 1 2 1 - 7 + * x = | 1:ticket 2:ticket 1:ticket -:ticket 7:ticket +:ticket *:ticket x:ticket =:ticket
EXPR: 0 | POS | INT | 4 | 9 | 5 | 2=((7-(1+x))+1) | 2 7 1 x + - 1 + = | 2:ticket 7:ticket 1:ticket x:ticket +:ticket -:ticket 1:ticket +:ticket =:ticket
EXPR: 0 | POS | INT | 4 | 9 | 10 | (((x-2)/1)-1)=7 | x 2 - 1 / 1 - 7 = | x:ticket 2:ticket -:ticket 1:ticket /:ticket 1:ticket -:ticket 7:ticket =:ticket
EXPR: 0 | POS | INT | 4 | 9 | 5 | ((x+(2/1))*1)=7 | x 2 1 / + 1 * 7 = | x:ticket 2:ticket 1:ticket /:ticket +:ticket 1:ticket *:ticket 7:ticket =:ticket
EXPR: 1 | POS | INT | 4 | 9 | 9 | ((x-(2/1))*1)=7 | x 2 1 / - 1 * 7 = | x:ticket 2:ticket 1:ticket /:ticket -:ticket 1:ticket *:ticket 7:ticket =:ticket
EXPR: 0 | POS | INT | 4 | 9 | 4 | ((x+(2/1))+1)=7 | x 2 1 / + 1 + 7 = | x:ticket 2:ticket 1:ticket /:ticket +:ticket 1:ticket +:ticket 7:ticket =:ticket
EXPR: 0 | POS | INT | 4 | 9 | 10 | ((x-(2/1))-1)=7 | x 2 1 / - 1 - 7 = | x:ticket 2:ticket 1:ticket /:ticket -:ticket 1:ticket -:ticket 7:ticket =:ticket
EXPR: 0 | POS | INT | 4 | 9 | 3 | (((2+1)+x)+1)=7 | 2 1 + x + 1 + 7 = | 2:ticket 1:ticket +:ticket x:ticket +:ticket 1:ticket +:ticket 7:ticket =:ticket
EXPR: 0 | POS | INT | 4 | 9 | 6 | ((x+(2-1))*1)=7 | x 2 1 - + 1 * 7 = | x:ticket 2:ticket 1:ticket -:ticket +:ticket 1:ticket *:ticket 7:ticket =:ticket
EXPR: 0 | POS | INT | 4 | 9 | 8 | (((2-1)*x)-1)=7 | 2 1 - x * 1 - 7 = | 2:ticket 1:ticket -:ticket x:ticket *:ticket 1:ticket -:ticket 7:ticket =:ticket
EXPR: 0 | POS | INT | 4 | 9 | 6 | (((2-1)+x)*1)=7 | 2 1 - x + 1 * 7 = | 2:ticket 1:ticket -:ticket x:ticket +:ticket 1:ticket *:ticket 7:ticket =:ticket
EXPR: 0 | POS | INT | 5 | 9 | 7 | ((7/2)*(1+1))=x | 7 2 / 1 1 + * x = | 7:ticket 2:ticket /:ticket 1:ticket 1:ticket +:ticket *:ticket x:ticket =:ticket
EXPR: 0 | POS | INT | 5 | 9 | 21 | (7*((2/1)+1))=x | 7 2 1 / 1 + * x = | 7:ticket 2:ticket 1:ticket /:ticket 1:ticket +:ticket *:ticket x:ticket =:ticket
EXPR: 0 | POS | INT | 5 | 9 | 7 | (7*((2/1)-1))=x | 7 2 1 / 1 - * x = | 7:ticket 2:ticket 1:ticket /:ticket 1:ticket -:ticket *:ticket x:ticket =:ticket
EXPR: 0 | POS | INT | 5 | 9 | 14 | (((2-1)+1)*7)=x | 2 1 - 1 + 7 * x = | 2:ticket 1:ticket -:ticket 1:ticket +:ticket 7:ticket *:ticket x:ticket =:ticket
EXPR: 0 | POS | INT | 5 | 9 | 10 | (((2+7)+1)*1)=x | 2 7 + 1 + 1 * x = | 2:ticket 7:ticket +:ticket 1:ticket +:ticket 1:ticket *:ticket x:ticket =:ticket
EXPR: 0 | POS | INT | 5 | 9 | 11 | (((2+7)+1)+1)=x | 2 7 + 1 + 1 + x = | 2:ticket 7:ticket +:ticket 1:ticket +:ticket 1:ticket +:ticket x:ticket =:ticket
EXPR: 0 | POS | INT | 5 | 9 | 8 | (((2-1)*1)+7)=x | 2 1 - 1 * 7 + x = | 2:ticket 1:ticket -:ticket 1:ticket *:ticket 7:ticket +:ticket x:ticket =:ticket
EXPR: 0 | POS | INT | 5 | 9 | 15 | x=(((1+7)*2)-1) | x 1 7 + 2 * 1 - = | x:ticket 1:ticket 7:ticket +:ticket 2:ticket *:ticket 1:ticket -:ticket =:ticket
EXPR: 0 | POS | INT | 5 | 9 | 5 | x=((7-(2+1))+1) | x 7 2 1 + - 1 + = | x:ticket 7:ticket 2:ticket 1:ticket +:ticket -:ticket 1:ticket +:ticket =:ticket
EXPR: 0 | POS | INT | 5 | 9 | 10 | (((2+1)/1)+7)=x | 2 1 + 1 / 7 + x = | 2:ticket 1:ticket +:ticket 1:ticket /:ticket 7:ticket +:ticket x:ticket =:ticket
EXPR: 0 | POS | INT | 5 | 9 | 6 | x=(((7-2)+1)*1) | x 7 2 - 1 + 1 * = | x:ticket 7:ticket 2:ticket -:ticket 1:ticket +:ticket 1:ticket *:ticket =:ticket
EXPR: 0 | POS | INT | 5 | 9 | 8 | x=(((2-1)/1)+7) | x 2 1 - 1 / 7 + = | x:ticket 2:ticket 1:ticket -:ticket 1:ticket /:ticket 7:ticket +:ticket =:ticket
EXPR: 0 | POS | INT | 5 | 9 | 7 | x=((2+(7-1))-1) | x 2 7 1 - + 1 - = | x:ticket 2:ticket 7:ticket 1:ticket -:ticket +:ticket 1:ticket -:ticket =:ticket
EXPR: 0 | POS | INT | 5 | 9 | 5 | x=(((1+7)-2)-1) | x 1 7 + 2 - 1 - = | x:ticket 1:ticket 7:ticket +:ticket 2:ticket -:ticket 1:ticket -:ticket =:ticket
EXPR: 0 | POS | INT | 5 | 9 | 14 | x=(((2-1)+1)*7) | x 2 1 - 1 + 7 * = | x:ticket 2:ticket 1:ticket -:ticket 1:ticket +:ticket 7:ticket *:ticket =:ticket
EXPR: 0 | POS | INT | 5 | 9 | 6 | ((1+(7-2))*1)=x | 1 7 2 - + 1 * x = | 1:ticket 7:ticket 2:ticket -:ticket +:ticket 1:ticket *:ticket x:ticket =:ticket
EXPR: 0 | POS | INT | 5 | 9 | 8 | (((2*1)-1)+7)=x | 2 1 * 1 - 7 + x = | 2:ticket 1:ticket *:ticket 1:ticket -:ticket 7:ticket +:ticket x:ticket =:ticket
EXPR: 0 | POS | INT | 5 | 9 | 6 | x=(((1+7)-2)*1) | x 1 7 + 2 - 1 * = | x:ticket 1:ticket 7:ticket +:ticket 2:ticket -:ticket 1:ticket *:ticket =:ticket
EXPR: 0 | POS | INT | 6 | 9 | 0 | 1=((2-1)+(x*7)) | 1 2 1 - x 7 * + = | 1:ticket 2:ticket 1:ticket -:ticket x:ticket 7:ticket *:ticket +:ticket =:ticket
EXPR: 0 | POS | INT | 7 | 9 | 8 | ((2-(1-7))*1)=x | 2 1 7 - - 1 * x = | 2:ticket 1:ticket 7:ticket -:ticket -:ticket 1:ticket *:ticket x:ticket =:ticket
EXPR: 0 | POS | INT | 7 | 9 | 8 | ((2-(1-7))/1)=x | 2 1 7 - - 1 / x = | 2:ticket 1:ticket 7:ticket -:ticket -:ticket 1:ticket /:ticket x:ticket =:ticket
EXPR: 0 | POS | INT | 7 | 9 | 3 | 2=((7+1)/(1+x)) | 2 7 1 + 1 x + / = | 2:ticket 7:ticket 1:ticket +:ticket 1:ticket x:ticket +:ticket /:ticket =:ticket
EXPR: 1 | POS | INT | 7 | 9 | 9 | 2=((x+1)-(1+7)) | 2 x 1 + 1 7 + - = | 2:ticket x:ticket 1:ticket +:ticket 1:ticket 7:ticket +:ticket -:ticket =:ticket
EXPR: 0 | POS | INT | 7 | 9 | 2 | 7=((2*(x+1))+1) | 7 2 x 1 + * 1 + = | 7:ticket 2:ticket x:ticket 1:ticket +:ticket *:ticket 1:ticket +:ticket =:ticket
EXPR: 0 | POS | INT | 7 | 9 | 4 | 1=((7-(2+1))/x) | 1 7 2 1 + - x / = | 1:ticket 7:ticket 2:ticket 1:ticket +:ticket -:ticket x:ticket /:ticket =:ticket
EXPR: 1 | POS | INT | 7 | 9 | 9 | (((x-2)+1)-1)=7 | x 2 - 1 + 1 - 7 = | x:ticket 2:ticket -:ticket 1:ticket +:ticket 1:ticket -:ticket 7:ticket =:ticket
EXPR: 0 | POS | INT | 7 | 9 | 4 | 1=(7-((x+2)*1)) | 1 7 x 2 + 1 * - = | 1:ticket 7:ticket x:ticket 2:ticket +:ticket 1:ticket *:ticket -:ticket =:ticket
EXPR: 0 | POS | INT | 7 | 9 | 16 | (((x-2)/7)-1)=1 | x 2 - 7 / 1 - 1 = | x:ticket 2:ticket -:ticket 7:ticket /:ticket 1:ticket -:ticket 1:ticket =:ticket
EXPR: 0 | POS | INT | 7 | 9 | 4 | 7=((2+1)+(x*1)) | 7 2 1 + x 1 * + = | 7:ticket 2:ticket 1:ticket +:ticket x:ticket 1:ticket *:ticket +:ticket =:ticket
EXPR: 0 | POS | INT | 7 | 9 | 8 | x=((2-(1-7))/1) | x 2 1 7 - - 1 / = | x:ticket 2:ticket 1:ticket 7:ticket -:ticket -:ticket 1:ticket /:ticket =:ticket
EXPR: 0 | POS | INT | 7 | 9 | 10 | 2=(x-((1/1)+7)) | 2 x 1 1 / 7 + - = | 2:ticket x:ticket 1:ticket 1:ticket /:ticket 7:ticket +:ticket -:ticket =:ticket
EXPR: 0 | POS | INT | 7 | 9 | 5 | (2+((1-1)+x))=7 | 2 1 1 - x + + 7 = | 2:ticket 1:ticket 1:ticket -:ticket x:ticket +:ticket +:ticket 7:ticket =:ticket
EXPR: 0 | POS | INT | 7 | 9 | 6 | (((2-7)+x)*1)=1 | 2 7 - x + 1 * 1 = | 2:ticket 7:ticket -:ticket x:ticket +:ticket 1:ticket *:ticket 1:ticket =:ticket
EXPR: 0 | POS | INT | 7 | 9 | 8 | (2-((1-7)/1))=x | 2 1 7 - 1 / - x = | 2:ticket 1:ticket 7:ticket -:ticket 1:ticket /:ticket -:ticket x:ticket =:ticket
EXPR: 0 | POS | INT | 8 | 9 | 5 | (7-((2-1)+1))=x | 7 2 1 - 1 + - x = | 7:ticket 2:ticket 1:ticket -:ticket 1:ticket +:ticket -:ticket x:ticket =:ticket
EXPR: 0 | POS | INT | 8 | 9 | 14 | (7*((2-1)+1))=x | 7 2 1 - 1 + * x = | 7:ticket 2:ticket 1:ticket -:ticket 1:ticket +:ticket *:ticket x:ticket =:ticket
EXPR: 0 | POS | INT | 8 | 9 | 14 | x=(((1-1)+2)*7) | x 1 1 - 2 + 7 * = | x:ticket 1:ticket 1:ticket -:ticket 2:ticket +:ticket 7:ticket *:ticket =:ticket
EXPR: 0 | POS | INT | 9 | 9 | 6 | 2=(1+((7-x)/1)) | 2 1 7 x - 1 / + = | 2:ticket 1:ticket 7:ticket x:ticket -:ticket 1:ticket /:ticket +:ticket =:ticket
EXPR: 0 | POS | INT | 9 | 9 | 6 | x=(((1-2)/1)+7) | x 1 2 - 1 / 7 + = | x:ticket 1:ticket 2:ticket -:ticket 1:ticket /:ticket 7:ticket +:ticket =:ticket
EXPR: 1 | POS | INT | 10 | 9 | 9 | 1=((x+1)-(2+7)) | 1 x 1 + 2 7 + - = | 1:ticket x:ticket 1:ticket +:ticket 2:ticket 7:ticket +:ticket -:ticket =:ticket
EXPR: 0 | POS | INT | 10 | 9 | 5 | 7=((2+(1-1))+x) | 7 2 1 1 - + x + = | 7:ticket 2:ticket 1:ticket 1:ticket -:ticket +:ticket x:ticket +:ticket =:ticket
EXPR: 0 | POS | INT | 11 | 9 | 5 | 1=((2+(1*x))/7) | 1 2 1 x * + 7 / = | 1:ticket 2:ticket 1:ticket x:ticket *:ticket +:ticket 7:ticket /:ticket =:ticket
EXPR: 0 | POS | INT | 11 | 9 | 6 | 1=((7+1)/(2+x)) | 1 7 1 + 2 x + / = | 1:ticket 7:ticket 1:ticket +:ticket 2:ticket x:ticket +:ticket /:ticket =:ticket
EXPR: 0 | POS | INT | 11 | 9 | 5 | (7-((1-1)+2))=x | 7 1 1 - 2 + - x = | 7:ticket 1:ticket 1:ticket -:ticket 2:ticket +:ticket -:ticket x:ticket =:ticket
EXPR: 0 | POS | INT | 11 | 9 | 6 | (1*(1+(7-2)))=x | 1 1 7 2 - + * x = | 1:ticket 1:ticket 7:ticket 2:ticket -:ticket +:ticket *:ticket x:ticket =:ticket
EXPR: 1 | POS | INT | 11 | 9 | 9 | 1=(((2+1)+7)-x) | 1 2 1 + 7 + x - = | 1:ticket 2:ticket 1:ticket +:ticket 7:ticket +:ticket x:ticket -:ticket =:ticket
EXPR: 0 | POS | INT | 11 | 9 | 22 | (((x-1)/7)-1)=2 | x 1 - 7 / 1 - 2 = | x:ticket 1:ticket -:ticket 7:ticket /:ticket 1:ticket -:ticket 2:ticket =:ticket
EXPR: 0 | POS | INT | 11 | 9 | 8 | x=(7-(1*(1-2))) | x 7 1 1 2 - * - = | x:ticket 7:ticket 1:ticket 1:ticket 2:ticket -:ticket *:ticket -:ticket =:ticket
EXPR: 1 | POS | INT | 11 | 9 | 9 | 1=((2+(1+7))-x) | 1 2 1 7 + + x - = | 1:ticket 2:ticket 1:ticket 7:ticket +:ticket +:ticket x:ticket -:ticket =:ticket
EXPR: 0 | POS | INT | 11 | 9 | 8 | 1=((2+(1*7))-x) | 1 2 1 7 * + x - = | 1:ticket 2:ticket 1:ticket 7:ticket *:ticket +:ticket x:ticket -:ticket =:ticket
EXPR: 0 | POS | INT | 12 | 9 | 0 | (2-1)=((x/7)+1) | 2 1 - x 7 / 1 + = | 2:ticket 1:ticket -:ticket x:ticket 7:ticket /:ticket 1:ticket +:ticket =:ticket
EXPR: 0 | POS | INT | 12 | 9 | 7 | (2*1)=((x/7)+1) | 2 1 * x 7 / 1 + = | 2:ticket 1:ticket *:ticket x:ticket 7:ticket /:ticket 1:ticket +:ticket =:ticket
EXPR: 0 | POS | INT | 13 | 9 | 8 | 7=(((1*1)-2)+x) | 7 1 1 * 2 - x + = | 7:ticket 1:ticket 1:ticket *:ticket 2:ticket -:ticket x:ticket +:ticket =:ticket
EXPR: 0 | POS | INT | 13 | 9 | 8 | 1=((2+(7/1))-x) | 1 2 7 1 / + x - = | 1:ticket 2:ticket 7:ticket 1:ticket /:ticket +:ticket x:ticket -:ticket =:ticket
EXPR: 0 | POS | INT | 13 | 9 | 7 | (1+((1-7)+x))=2 | 1 1 7 - x + + 2 = | 1:ticket 1:ticket 7:ticket -:ticket x:ticket +:ticket +:ticket 2:ticket =:ticket
EXPR: 0 | POS | INT | 13 | 9 | 5 | 1=((1-(7-2))+x) | 1 1 7 2 - - x + = | 1:ticket 1:ticket 7:ticket 2:ticket -:ticket -:ticket x:ticket +:ticket =:ticket
EXPR: 1 | POS | INT | 13 | 9 | 9 | (((x-1)+1)-7)=2 | x 1 - 1 + 7 - 2 = | x:ticket 1:ticket -:ticket 1:ticket +:ticket 7:ticket -:ticket 2:ticket =:ticket
EXPR: 0 | POS | INT | 13 | 9 | 6 | 1=((2-(7/1))+x) | 1 2 7 1 / - x + = | 1:ticket 2:ticket 7:ticket 1:ticket /:ticket -:ticket x:ticket +:ticket =:ticket
EXPR: 0 | POS | INT | 13 | 9 | 8 | (1*((1-7)+x))=2 | 1 1 7 - x + * 2 = | 1:ticket 1:ticket 7:ticket -:ticket x:ticket +:ticket *:ticket 2:ticket =:ticket
EXPR: 1 | POS | INT | 13 | 9 | 9 | 1=(((1-2)-7)+x) | 1 1 2 - 7 - x + = | 1:ticket 1:ticket 2:ticket -:ticket 7:ticket -:ticket x:ticket +:ticket =:ticket
EXPR: 0 | POS | INT | 14 | 9 | 8 | 7=(((1-2)/1)+x) | 7 1 2 - 1 / x + = | 7:ticket 1:ticket 2:ticket -:ticket 1:ticket /:ticket x:ticket +:ticket =:ticket
EXPR: 0 | POS | INT | 14 | 9 | 22 | 7=((x-1)/(2+1)) | 7 x 1 - 2 1 + / = | 7:ticket x:ticket 1:ticket -:ticket 2:ticket 1:ticket +:ticket /:ticket =:ticket
EXPR: 0 | POS | INT | 14 | 9 | - | 7=(((1-2)+1)/x) | 7 1 2 - 1 + x / = | 7:ticket 1:ticket 2:ticket -:ticket 1:ticket +:ticket x:ticket /:ticket =:ticket
EXPR: 0 | POS | INT | 14 | 9 | 22 | x=(1+(7*(2+1))) | x 1 7 2 1 + * + = | x:ticket 1:ticket 7:ticket 2:ticket 1:ticket +:ticket *:ticket +:ticket =:ticket
EXPR: 0 | POS | INT | 16 | 9 | 21 | 1=((x/7)-(2*1)) | 1 x 7 / 2 1 * - = | 1:ticket x:ticket 7:ticket /:ticket 2:ticket 1:ticket *:ticket -:ticket =:ticket
EXPR: 0 | POS | INT | 16 | 9 | 8 | x=(1-(7*(1-2))) | x 1 7 1 2 - * - = | x:ticket 1:ticket 7:ticket 1:ticket 2:ticket -:ticket *:ticket -:ticket =:ticket
EXPR: 1 | POS | INT | 16 | 9 | 9 | 1=((7+(2+1))-x) | 1 7 2 1 + + x - = | 1:ticket 7:ticket 2:ticket 1:ticket +:ticket +:ticket x:ticket -:ticket =:ticket
EXPR: 0 | POS | INT | 17 | 9 | 4 | (x+2)=((7-1)/1) | x 2 + 7 1 - 1 / = | x:ticket 2:ticket +:ticket 7:ticket 1:ticket -:ticket 1:ticket /:ticket =:ticket
EXPR: 0 | POS | INT | 21 | 9 | 2 | (x+1)=((7-1)/2) | x 1 + 7 1 - 2 / = | x:ticket 1:ticket +:ticket 7:ticket 1:ticket -:ticket 2:ticket /:ticket =:ticket
NET 159 unique, non-negative, integer-valued solutions found out of 477 total solutions
