parameters: n=9 l=4 k=1 p=5 q=2 m=10
TOTAL 958 solutions found
SOLN: CORRECT | POS/NEG | INT/FRA | OBJ-SCORE | TRUE-ANS | ANS | INFIX | POSTFIX | TYPED-POSTFIX
EXPR: 0 | POS | INT | 0 | 160 | 26 | ((4+(8+4))+10)=x | 4 8 4 + + 10 + x = | 4:pack 8:pack 4:pack +:pack +:pack 10:pack +:pack x:pack =:pack
EXPR: 0 | POS | INT | 0 | 160 | 0 | (((4-8)+4)*10)=x | 4 8 - 4 + 10 * x = | 4:pack 8:pack -:pack 4:pack +:pack 10:pack *:pack x:pack =:pack
EXPR: 0 | POS | INT | 0 | 160 | 6 | (((4+8)+4)-10)=x | 4 8 + 4 + 10 - x = | 4:pack 8:pack +:pack 4:pack +:pack 10:pack -:pack x:pack =:pack
EXPR: 0 | POS | INT | 0 | 160 | 24 | ((4-8)*(4-10))=x | 4 8 - 4 10 - * x = | 4:pack 8:pack -:pack 4:pack 10:pack -:pack *:pack x:pack =:pack
EXPR: 1 | POS | INT | 0 | 160 | 160 | (((4+8)+4)*10)=x | 4 8 + 4 + 10 * x = | 4:pack 8:pack +:pack 4:pack +:pack 10:pack *:pack x:pack =:pack
EXPR: 0 | POS | INT | 0 | 160 | 0 | (((4-8)+4)/10)=x | 4 8 - 4 + 10 / x = | 4:pack 8:pack -:pack 4:pack +:pack 10:pack /:pack x:pack =:pack
EXPR: 0 | POS | INT | 0 | 160 | 18 | (((4*8)-4)-10)=x | 4 8 * 4 - 10 - x = | 4:pack 8:pack *:pack 4:pack -:pack 10:pack -:pack x:pack =:pack
EXPR: 0 | POS | INT | 0 | 160 | 38 | (((4+8)*4)-10)=x | 4 8 + 4 * 10 - x = | 4:pack 8:pack +:pack 4:pack *:pack 10:pack -:pack x:pack =:pack
EXPR: 0 | POS | INT | 0 | 160 | 26 | ((4*(8-4))+10)=x | 4 8 4 - * 10 + x = | 4:pack 8:pack 4:pack -:pack *:pack 10:pack +:pack x:pack =:pack
EXPR: 0 | POS | INT | 0 | 160 | 18 | x=((4+8)-(4-10)) | x 4 8 + 4 10 - - = | x:pack 4:pack 8:pack +:pack 4:pack 10:pack -:pack -:pack =:pack
EXPR: 0 | POS | INT | 0 | 160 | 360 | (((4*8)+4)*10)=x | 4 8 * 4 + 10 * x = | 4:pack 8:pack *:pack 4:pack +:pack 10:pack *:pack x:pack =:pack
EXPR: 0 | POS | INT | 0 | 160 | 280 | (((4*8)-4)*10)=x | 4 8 * 4 - 10 * x = | 4:pack 8:pack *:pack 4:pack -:pack 10:pack *:pack x:pack =:pack
EXPR: 0 | POS | INT | 0 | 160 | 6 | ((4+(8+4))-10)=x | 4 8 4 + + 10 - x = | 4:pack 8:pack 4:pack +:pack +:pack 10:pack -:pack x:pack =:pack
EXPR: 0 | POS | INT | 0 | 160 | 168 | x=((4+8)*(4+10)) | x 4 8 + 4 10 + * = | x:pack 4:pack 8:pack +:pack 4:pack 10:pack +:pack *:pack =:pack
EXPR: 0 | POS | INT | 0 | 160 | 80 | ((4+(8-4))*10)=x | 4 8 4 - + 10 * x = | 4:pack 8:pack 4:pack -:pack +:pack 10:pack *:pack x:pack =:pack
EXPR: 0 | POS | INT | 0 | 160 | 20 | ((4-(8/4))*10)=x | 4 8 4 / - 10 * x = | 4:pack 8:pack 4:pack /:pack -:pack 10:pack *:pack x:pack =:pack
EXPR: 0 | POS | INT | 0 | 160 | 8 | x=(4*((8+4)-10)) | x 4 8 4 + 10 - * = | x:pack 4:pack 8:pack 4:pack +:pack 10:pack -:pack *:pack =:pack
EXPR: 0 | POS | INT | 0 | 160 | 6 | ((4*(8-4))-10)=x | 4 8 4 - * 10 - x = | 4:pack 8:pack 4:pack -:pack *:pack 10:pack -:pack x:pack =:pack
EXPR: 0 | POS | INT | 0 | 160 | 56 | x=(4*((8-4)+10)) | x 4 8 4 - 10 + * = | x:pack 4:pack 8:pack 4:pack -:pack 10:pack +:pack *:pack =:pack
EXPR: 0 | POS | INT | 0 | 160 | 2 | x=(4/((8+4)-10)) | x 4 8 4 + 10 - / = | x:pack 4:pack 8:pack 4:pack +:pack 10:pack -:pack /:pack =:pack
EXPR: 0 | POS | INT | 0 | 160 | 38 | x=(((4+8)*4)-10) | x 4 8 + 4 * 10 - = | x:pack 4:pack 8:pack +:pack 4:pack *:pack 10:pack -:pack =:pack
EXPR: 0 | POS | INT | 0 | 160 | 6 | x=(((4+8)+4)-10) | x 4 8 + 4 + 10 - = | x:pack 4:pack 8:pack +:pack 4:pack +:pack 10:pack -:pack =:pack
EXPR: 0 | POS | INT | 0 | 160 | 38 | ((4*(8+4))-10)=x | 4 8 4 + * 10 - x = | 4:pack 8:pack 4:pack +:pack *:pack 10:pack -:pack x:pack =:pack
EXPR: 0 | POS | INT | 0 | 160 | 12 | ((4-(8/4))+10)=x | 4 8 4 / - 10 + x = | 4:pack 8:pack 4:pack /:pack -:pack 10:pack +:pack x:pack =:pack
EXPR: 0 | POS | INT | 0 | 160 | 18 | ((4+(8-4))+10)=x | 4 8 4 - + 10 + x = | 4:pack 8:pack 4:pack -:pack +:pack 10:pack +:pack x:pack =:pack
EXPR: 0 | POS | INT | 0 | 160 | 58 | x=((4*(8+4))+10) | x 4 8 4 + * 10 + = | x:pack 4:pack 8:pack 4:pack +:pack *:pack 10:pack +:pack =:pack
EXPR: 0 | POS | INT | 0 | 160 | 88 | x=(4*((8+4)+10)) | x 4 8 4 + 10 + * = | x:pack 4:pack 8:pack 4:pack +:pack 10:pack +:pack *:pack =:pack
EXPR: 0 | POS | INT | 0 | 160 | 448 | ((4*8)*(4+10))=x | 4 8 * 4 10 + * x = | 4:pack 8:pack *:pack 4:pack 10:pack +:pack *:pack x:pack =:pack
EXPR: 0 | POS | INT | 0 | 160 | 24 | x=((4-8)*(4-10)) | x 4 8 - 4 10 - * = | x:pack 4:pack 8:pack -:pack 4:pack 10:pack -:pack *:pack =:pack
EXPR: 0 | POS | INT | 0 | 160 | 60 | x=((4+(8/4))*10) | x 4 8 4 / + 10 * = | x:pack 4:pack 8:pack 4:pack /:pack +:pack 10:pack *:pack =:pack
EXPR: 0 | POS | INT | 0 | 160 | 26 | ((4+(8*4))-10)=x | 4 8 4 * + 10 - x = | 4:pack 8:pack 4:pack *:pack +:pack 10:pack -:pack x:pack =:pack
EXPR: 0 | POS | INT | 0 | 160 | 18 | (((4+8)-4)+10)=x | 4 8 + 4 - 10 + x = | 4:pack 8:pack +:pack 4:pack -:pack 10:pack +:pack x:pack =:pack
EXPR: 0 | POS | INT | 0 | 160 | 18 | (4+(8-(4-10)))=x | 4 8 4 10 - - + x = | 4:pack 8:pack 4:pack 10:pack -:pack -:pack +:pack x:pack =:pack
EXPR: 0 | POS | INT | 0 | 160 | 2 | (4/(8+(4-10)))=x | 4 8 4 10 - + / x = | 4:pack 8:pack 4:pack 10:pack -:pack +:pack /:pack x:pack =:pack
EXPR: 0 | POS | INT | 0 | 160 | 168 | ((4+8)*(4+10))=x | 4 8 + 4 10 + * x = | 4:pack 8:pack +:pack 4:pack 10:pack +:pack *:pack x:pack =:pack
EXPR: 0 | POS | INT | 0 | 160 | 18 | x=((4+(8-4))+10) | x 4 8 4 - + 10 + = | x:pack 4:pack 8:pack 4:pack -:pack +:pack 10:pack +:pack =:pack
EXPR: 0 | POS | INT | 0 | 160 | 360 | x=((4+(8*4))*10) | x 4 8 4 * + 10 * = | x:pack 4:pack 8:pack 4:pack *:pack +:pack 10:pack *:pack =:pack
EXPR: 0 | POS | INT | 0 | 160 | 56 | (4*(8-(4-10)))=x | 4 8 4 10 - - * x = | 4:pack 8:pack 4:pack 10:pack -:pack -:pack *:pack x:pack =:pack
EXPR: 1 | POS | INT | 0 | 160 | 160 | ((4+(8+4))*10)=x | 4 8 4 + + 10 * x = | 4:pack 8:pack 4:pack +:pack +:pack 10:pack *:pack x:pack =:pack
EXPR: 0 | POS | INT | 0 | 160 | 26 | (((4+8)+4)+10)=x | 4 8 + 4 + 10 + x = | 4:pack 8:pack +:pack 4:pack +:pack 10:pack +:pack x:pack =:pack
EXPR: 0 | POS | INT | 0 | 160 | 2 | x=((4-8)-(4-10)) | x 4 8 - 4 10 - - = | x:pack 4:pack 8:pack -:pack 4:pack 10:pack -:pack -:pack =:pack
EXPR: 0 | POS | INT | 0 | 160 | 2 | (4-(8+(4-10)))=x | 4 8 4 10 - + - x = | 4:pack 8:pack 4:pack 10:pack -:pack +:pack -:pack x:pack =:pack
EXPR: 0 | POS | INT | 0 | 160 | 10 | ((4-8)+(4+10))=x | 4 8 - 4 10 + + x = | 4:pack 8:pack -:pack 4:pack 10:pack +:pack +:pack x:pack =:pack
EXPR: 0 | POS | INT | 0 | 160 | 48 | x=(4*((8/4)+10)) | x 4 8 4 / 10 + * = | x:pack 4:pack 8:pack 4:pack /:pack 10:pack +:pack *:pack =:pack
EXPR: 0 | POS | INT | 0 | 160 | 26 | x=((4+(8*4))-10) | x 4 8 4 * + 10 - = | x:pack 4:pack 8:pack 4:pack *:pack +:pack 10:pack -:pack =:pack
EXPR: 0 | POS | INT | 0 | 160 | 45 | x=(((4/8)+4)*10) | x 4 8 / 4 + 10 * = | x:pack 4:pack 8:pack /:pack 4:pack +:pack 10:pack *:pack =:pack
EXPR: 0 | POS | INT | 0 | 160 | 38 | (((4*8)-4)+10)=x | 4 8 * 4 - 10 + x = | 4:pack 8:pack *:pack 4:pack -:pack 10:pack +:pack x:pack =:pack
EXPR: 0 | POS | INT | 0 | 160 | 11 | ((4/(8-4))+10)=x | 4 8 4 - / 10 + x = | 4:pack 8:pack 4:pack -:pack /:pack 10:pack +:pack x:pack =:pack
EXPR: 0 | POS | INT | 0 | 160 | 88 | x=(4*((8*4)-10)) | x 4 8 4 * 10 - * = | x:pack 4:pack 8:pack 4:pack *:pack 10:pack -:pack *:pack =:pack
EXPR: 0 | POS | INT | 0 | 160 | 168 | x=(4*((8*4)+10)) | x 4 8 4 * 10 + * = | x:pack 4:pack 8:pack 4:pack *:pack 10:pack +:pack *:pack =:pack
EXPR: 0 | POS | INT | 0 | 160 | 26 | (((4*8)+4)-10)=x | 4 8 * 4 + 10 - x = | 4:pack 8:pack *:pack 4:pack +:pack 10:pack -:pack x:pack =:pack
EXPR: 0 | POS | INT | 0 | 160 | 58 | (((4+8)*4)+10)=x | 4 8 + 4 * 10 + x = | 4:pack 8:pack +:pack 4:pack *:pack 10:pack +:pack x:pack =:pack
EXPR: 0 | POS | INT | 0 | 160 | 18 | ((4+8)-(4-10))=x | 4 8 + 4 10 - - x = | 4:pack 8:pack +:pack 4:pack 10:pack -:pack -:pack x:pack =:pack
EXPR: 0 | POS | INT | 0 | 160 | 52 | (4-(8*(4-10)))=x | 4 8 4 10 - * - x = | 4:pack 8:pack 4:pack 10:pack -:pack *:pack -:pack x:pack =:pack
EXPR: 0 | POS | INT | 0 | 160 | 0 | ((4-(8-4))/10)=x | 4 8 4 - - 10 / x = | 4:pack 8:pack 4:pack -:pack -:pack 10:pack /:pack x:pack =:pack
EXPR: 0 | POS | INT | 0 | 160 |  | x=(((4-8)+4)/10) | x 4 8 - 4 + 10 / = | x:pack 4:pack 8:pack -:pack 4:pack +:pack 10:pack /:pack =:pack
EXPR: 0 | POS | INT | 0 | 160 | 6 | ((4+8)+(4-10))=x | 4 8 + 4 10 - + x = | 4:pack 8:pack +:pack 4:pack 10:pack -:pack +:pack x:pack =:pack
EXPR: 0 | POS | INT | 0 | 160 | 116 | (4+(8*(4+10)))=x | 4 8 4 10 + * + x = | 4:pack 8:pack 4:pack 10:pack +:pack *:pack +:pack x:pack =:pack
EXPR: 0 | POS | INT | 0 | 160 | 26 | ((4+8)+(4+10))=x | 4 8 + 4 10 + + x = | 4:pack 8:pack +:pack 4:pack 10:pack +:pack +:pack x:pack =:pack
EXPR: 0 | POS | INT | 0 | 160 | 26 | x=((4*(8-4))+10) | x 4 8 4 - * 10 + = | x:pack 4:pack 8:pack 4:pack -:pack *:pack 10:pack +:pack =:pack
EXPR: 0 | POS | INT | 0 | 160 | 6 | (4+(8+(4-10)))=x | 4 8 4 10 - + + x = | 4:pack 8:pack 4:pack 10:pack -:pack +:pack +:pack x:pack =:pack
EXPR: 0 | POS | INT | 0 | 160 | 26 | x=(4+((8*4)-10)) | x 4 8 4 * 10 - + = | x:pack 4:pack 8:pack 4:pack *:pack 10:pack -:pack +:pack =:pack
EXPR: 0 | POS | INT | 0 | 160 | 26 | x=((4+(8+4))+10) | x 4 8 4 + + 10 + = | x:pack 4:pack 8:pack 4:pack +:pack +:pack 10:pack +:pack =:pack
EXPR: 0 | POS | INT | 0 | 160 | 46 | ((4*8)+(4+10))=x | 4 8 * 4 10 + + x = | 4:pack 8:pack *:pack 4:pack 10:pack +:pack +:pack x:pack =:pack
EXPR: 0 | POS | INT | 0 | 160 | 2 | ((4-(8+4))+10)=x | 4 8 4 + - 10 + x = | 4:pack 8:pack 4:pack +:pack -:pack 10:pack +:pack x:pack =:pack
EXPR: 0 | POS | INT | 0 | 160 | 58 | ((4*(8+4))+10)=x | 4 8 4 + * 10 + x = | 4:pack 8:pack 4:pack +:pack *:pack 10:pack +:pack x:pack =:pack
EXPR: 0 | POS | INT | 0 | 160 | 10 | ((4-(8-4))+10)=x | 4 8 4 - - 10 + x = | 4:pack 8:pack 4:pack -:pack -:pack 10:pack +:pack x:pack =:pack
EXPR: 0 | POS | INT | 0 | 160 | 360 | x=(((4*8)+4)*10) | x 4 8 * 4 + 10 * = | x:pack 4:pack 8:pack *:pack 4:pack +:pack 10:pack *:pack =:pack
EXPR: 0 | POS | INT | 0 | 160 | 36 | ((4-8)+(4*10))=x | 4 8 - 4 10 * + x = | 4:pack 8:pack -:pack 4:pack 10:pack *:pack +:pack x:pack =:pack
EXPR: 0 | POS | INT | 0 | 160 | 6 | x=((4+(8+4))-10) | x 4 8 4 + + 10 - = | x:pack 4:pack 8:pack 4:pack +:pack +:pack 10:pack -:pack =:pack
EXPR: 0 | POS | INT | 0 | 160 | 2 | (4/((8+4)-10))=x | 4 8 4 + 10 - / x = | 4:pack 8:pack 4:pack +:pack 10:pack -:pack /:pack x:pack =:pack
EXPR: 0 | POS | INT | 0 | 160 | 10 | (((4-8)+4)+10)=x | 4 8 - 4 + 10 + x = | 4:pack 8:pack -:pack 4:pack +:pack 10:pack +:pack x:pack =:pack
EXPR: 0 | POS | INT | 0 | 160 | 18 | x=(4+((8-4)+10)) | x 4 8 4 - 10 + + = | x:pack 4:pack 8:pack 4:pack -:pack 10:pack +:pack +:pack =:pack
EXPR: 0 | POS | INT | 0 | 160 | 46 | x=(4+((8*4)+10)) | x 4 8 4 * 10 + + = | x:pack 4:pack 8:pack 4:pack *:pack 10:pack +:pack +:pack =:pack
EXPR: 0 | POS | INT | 0 | 160 | 38 | x=((4*(8+4))-10) | x 4 8 4 + * 10 - = | x:pack 4:pack 8:pack 4:pack +:pack *:pack 10:pack -:pack =:pack
EXPR: 0 | POS | INT | 0 | 160 | 6 | x=((4*(8-4))-10) | x 4 8 4 - * 10 - = | x:pack 4:pack 8:pack 4:pack -:pack *:pack 10:pack -:pack =:pack
EXPR: 0 | POS | INT | 0 | 160 | 80 | (((4+8)-4)*10)=x | 4 8 + 4 - 10 * x = | 4:pack 8:pack +:pack 4:pack -:pack 10:pack *:pack x:pack =:pack
EXPR: 0 | POS | INT | 2 | 160 | - | (((4-8)+4)*x)=10 | 4 8 - 4 + x * 10 = | 4:pack 8:pack -:pack 4:pack +:pack x:pack *:pack 10:pack =:pack
EXPR: 0 | POS | INT | 2 | 160 | 0 | (((4+4)-8)*10)=x | 4 4 + 8 - 10 * x = | 4:pack 4:pack +:pack 8:pack -:pack 10:pack *:pack x:pack =:pack
EXPR: 0 | POS | INT | 2 | 160 | 8 | (((4+8)-10)*4)=x | 4 8 + 10 - 4 * x = | 4:pack 8:pack +:pack 10:pack -:pack 4:pack *:pack x:pack =:pack
EXPR: 0 | POS | INT | 2 | 160 | 6 | (((4+4)+8)-10)=x | 4 4 + 8 + 10 - x = | 4:pack 4:pack +:pack 8:pack +:pack 10:pack -:pack x:pack =:pack
EXPR: 0 | POS | INT | 2 | 160 | 18 | (((4+8)+10)-4)=x | 4 8 + 10 + 4 - x = | 4:pack 8:pack +:pack 10:pack +:pack 4:pack -:pack x:pack =:pack
EXPR: 0 | POS | INT | 2 | 160 | 24 | (((4-8)+10)*4)=x | 4 8 - 10 + 4 * x = | 4:pack 8:pack -:pack 10:pack +:pack 4:pack *:pack x:pack =:pack
EXPR: 0 | POS | INT | 2 | 160 | 80 | (((4-4)+8)*10)=x | 4 4 - 8 + 10 * x = | 4:pack 4:pack -:pack 8:pack +:pack 10:pack *:pack x:pack =:pack
EXPR: 0 | POS | INT | 2 | 160 | 72 | ((4+8)*(10-4))=x | 4 8 + 10 4 - * x = | 4:pack 8:pack +:pack 10:pack 4:pack -:pack *:pack x:pack =:pack
EXPR: 0 | POS | INT | 2 | 160 | 0 | (((4+4)-8)/10)=x | 4 4 + 8 - 10 / x = | 4:pack 4:pack +:pack 8:pack -:pack 10:pack /:pack x:pack =:pack
EXPR: 0 | POS | INT | 2 | 160 | 0 | ((4-4)*(8-10))=x | 4 4 - 8 10 - * x = | 4:pack 4:pack -:pack 8:pack 10:pack -:pack *:pack x:pack =:pack
EXPR: 0 | POS | INT | 2 | 160 | 192 | ((4*8)*(10-4))=x | 4 8 * 10 4 - * x = | 4:pack 8:pack *:pack 10:pack 4:pack -:pack *:pack x:pack =:pack
EXPR: 1 | POS | INT | 2 | 160 | 160 | (((4+4)+8)*10)=x | 4 4 + 8 + 10 * x = | 4:pack 4:pack +:pack 8:pack +:pack 10:pack *:pack x:pack =:pack
EXPR: 0 | POS | INT | 2 | 160 | 88 | (((4+8)+10)*4)=x | 4 8 + 10 + 4 * x = | 4:pack 8:pack +:pack 10:pack +:pack 4:pack *:pack x:pack =:pack
EXPR: 0 | POS | INT | 2 | 160 | 18 | (((4*8)-10)-4)=x | 4 8 * 10 - 4 - x = | 4:pack 8:pack *:pack 10:pack -:pack 4:pack -:pack x:pack =:pack
EXPR: 0 | POS | INT | 2 | 160 | 54 | (((4+4)*8)-10)=x | 4 4 + 8 * 10 - x = | 4:pack 4:pack +:pack 8:pack *:pack 10:pack -:pack x:pack =:pack
EXPR: 0 | POS | INT | 2 | 160 | 116 | (((4+8)*10)-4)=x | 4 8 + 10 * 4 - x = | 4:pack 8:pack +:pack 10:pack *:pack 4:pack -:pack x:pack =:pack
EXPR: 0 | POS | INT | 2 | 160 | 18 | (((4+x)-8)-4)=10 | 4 x + 8 - 4 - 10 = | 4:pack x:pack +:pack 8:pack -:pack 4:pack -:pack 10:pack =:pack
EXPR: 0 | POS | INT | 2 | 160 | 2 | (((4-8)+10)-4)=x | 4 8 - 10 + 4 - x = | 4:pack 8:pack -:pack 10:pack +:pack 4:pack -:pack x:pack =:pack
EXPR: 0 | POS | INT | 2 | 160 | 6 | x=((4+8)-(10-4)) | x 4 8 + 10 4 - - = | x:pack 4:pack 8:pack +:pack 10:pack 4:pack -:pack -:pack =:pack
EXPR: 0 | POS | INT | 2 | 160 | 18 | (((4*8)-x)-4)=10 | 4 8 * x - 4 - 10 = | 4:pack 8:pack *:pack x:pack -:pack 4:pack -:pack 10:pack =:pack
EXPR: 0 | POS | INT | 2 | 160 | 0 | ((4+(4-8))/10)=x | 4 4 8 - + 10 / x = | 4:pack 4:pack 8:pack -:pack +:pack 10:pack /:pack x:pack =:pack
EXPR: 0 | POS | INT | 2 | 160 | 80 | (((4*4)-8)*10)=x | 4 4 * 8 - 10 * x = | 4:pack 4:pack *:pack 8:pack -:pack 10:pack *:pack x:pack =:pack
EXPR: 0 | POS | INT | 2 | 160 | 88 | (((4*8)-10)*4)=x | 4 8 * 10 - 4 * x = | 4:pack 8:pack *:pack 10:pack -:pack 4:pack *:pack x:pack =:pack
EXPR: 0 | POS | INT | 2 | 160 | 18 | ((4+(8+10))-4)=x | 4 8 10 + + 4 - x = | 4:pack 8:pack 10:pack +:pack +:pack 4:pack -:pack x:pack =:pack
EXPR: 0 | POS | INT | 2 | 160 | 21 | ((4+(8*10))/4)=x | 4 8 10 * + 4 / x = | 4:pack 8:pack 10:pack *:pack +:pack 4:pack /:pack x:pack =:pack
EXPR: 0 | POS | INT | 2 | 160 | 2 | x=((4+8)/(10-4)) | x 4 8 + 10 4 - / = | x:pack 4:pack 8:pack +:pack 10:pack 4:pack -:pack /:pack =:pack
EXPR: 0 | POS | INT | 2 | 160 | 8 | ((4+(8-10))*4)=x | 4 8 10 - + 4 * x = | 4:pack 8:pack 10:pack -:pack +:pack 4:pack *:pack x:pack =:pack
EXPR: 0 | POS | INT | 2 | 160 | 56 | x=(4*((8+10)-4)) | x 4 8 10 + 4 - * = | x:pack 4:pack 8:pack 10:pack +:pack 4:pack -:pack *:pack =:pack
EXPR: 0 | POS | INT | 2 | 160 | 54 | x=(((4+4)*8)-10) | x 4 4 + 8 * 10 - = | x:pack 4:pack 4:pack +:pack 8:pack *:pack 10:pack -:pack =:pack
EXPR: 0 | POS | INT | 2 | 160 | 116 | x=(((4+8)*10)-4) | x 4 8 + 10 * 4 - = | x:pack 4:pack 8:pack +:pack 10:pack *:pack 4:pack -:pack =:pack
EXPR: 0 | POS | INT | 2 | 160 | 88 | x=(4*((8+10)+4)) | x 4 8 10 + 4 + * = | x:pack 4:pack 8:pack 10:pack +:pack 4:pack +:pack *:pack =:pack
EXPR: 0 | POS | INT | 2 | 160 | 76 | x=((4*(8+10))+4) | x 4 8 10 + * 4 + = | x:pack 4:pack 8:pack 10:pack +:pack *:pack 4:pack +:pack =:pack
EXPR: 0 | POS | INT | 2 | 160 | 6 | ((4+(8+4))-x)=10 | 4 8 4 + + x - 10 = | 4:pack 8:pack 4:pack +:pack +:pack x:pack -:pack 10:pack =:pack
EXPR: 0 | POS | INT | 2 | 160 | 6 | ((4+(8-x))+4)=10 | 4 8 x - + 4 + 10 = | 4:pack 8:pack x:pack -:pack +:pack 4:pack +:pack 10:pack =:pack
EXPR: 0 | POS | INT | 2 | 160 | 26 | ((4+(8+10))+4)=x | 4 8 10 + + 4 + x = | 4:pack 8:pack 10:pack +:pack +:pack 4:pack +:pack x:pack =:pack
EXPR: 0 | POS | INT | 2 | 160 | 56 | ((4-8)+(x/4))=10 | 4 8 - x 4 / + 10 = | 4:pack 8:pack -:pack x:pack 4:pack /:pack +:pack 10:pack =:pack
EXPR: 0 | POS | INT | 2 | 160 | 6 | x=(((4+4)+8)-10) | x 4 4 + 8 + 10 - = | x:pack 4:pack 4:pack +:pack 8:pack +:pack 10:pack -:pack =:pack
EXPR: 0 | POS | INT | 2 | 160 | 18 | x=(((4+8)+10)-4) | x 4 8 + 10 + 4 - = | x:pack 4:pack 8:pack +:pack 10:pack +:pack 4:pack -:pack =:pack
EXPR: 0 | POS | INT | 2 | 160 | 80 | ((4+(8*10))-4)=x | 4 8 10 * + 4 - x = | 4:pack 8:pack 10:pack *:pack +:pack 4:pack -:pack x:pack =:pack
EXPR: 0 | POS | INT | 2 | 160 | 2 | ((4-(8-10))-4)=x | 4 8 10 - - 4 - x = | 4:pack 8:pack 10:pack -:pack -:pack 4:pack -:pack x:pack =:pack
EXPR: 0 | POS | INT | 2 | 160 | 18 | (((4-8)+x)-4)=10 | 4 8 - x + 4 - 10 = | 4:pack 8:pack -:pack x:pack +:pack 4:pack -:pack 10:pack =:pack
EXPR: 0 | POS | INT | 2 | 160 | 10 | (((4+x)-8)+4)=10 | 4 x + 8 - 4 + 10 = | 4:pack x:pack +:pack 8:pack -:pack 4:pack +:pack 10:pack =:pack
EXPR: 0 | POS | INT | 2 | 160 | 144 | ((4+4)*(8+10))=x | 4 4 + 8 10 + * x = | 4:pack 4:pack +:pack 8:pack 10:pack +:pack *:pack x:pack =:pack
EXPR: 0 | POS | INT | 2 | 160 | 3 | ((4/8)*(10-4))=x | 4 8 / 10 4 - * x = | 4:pack 8:pack /:pack 10:pack 4:pack -:pack *:pack x:pack =:pack
EXPR: 0 | POS | INT | 2 | 160 | 88 | ((4+(8+10))*4)=x | 4 8 10 + + 4 * x = | 4:pack 8:pack 10:pack +:pack +:pack 4:pack *:pack x:pack =:pack
EXPR: 0 | POS | INT | 2 | 160 | 38 | ((4-(8*4))+x)=10 | 4 8 4 * - x + 10 = | 4:pack 8:pack 4:pack *:pack -:pack x:pack +:pack 10:pack =:pack
EXPR: 0 | POS | INT | 2 | 160 | 8 | ((4-(8/4))+x)=10 | 4 8 4 / - x + 10 = | 4:pack 8:pack 4:pack /:pack -:pack x:pack +:pack 10:pack =:pack
EXPR: 0 | POS | INT | 2 | 160 | 2 | ((4+(8+x))-4)=10 | 4 8 x + + 4 - 10 = | 4:pack 8:pack x:pack +:pack +:pack 4:pack -:pack 10:pack =:pack
EXPR: 0 | POS | INT | 2 | 160 | 28 | ((4+(8+x))/4)=10 | 4 8 x + + 4 / 10 = | 4:pack 8:pack x:pack +:pack +:pack 4:pack /:pack 10:pack =:pack
EXPR: 0 | POS | INT | 2 | 160 | 18 | (4-(8+(4-x)))=10 | 4 8 4 x - + - 10 = | 4:pack 8:pack 4:pack x:pack -:pack +:pack -:pack 10:pack =:pack
EXPR: 0 | POS | INT | 2 | 160 | 6 | x=((4+(8-10))+4) | x 4 8 10 - + 4 + = | x:pack 4:pack 8:pack 10:pack -:pack +:pack 4:pack +:pack =:pack
EXPR: 0 | POS | INT | 2 | 160 | 6 | (4+(8-(10-4)))=x | 4 8 10 4 - - + x = | 4:pack 8:pack 10:pack 4:pack -:pack -:pack +:pack x:pack =:pack
EXPR: 0 | POS | INT | 2 | 160 | 90 | x=(((4/4)+8)*10) | x 4 4 / 8 + 10 * = | x:pack 4:pack 4:pack /:pack 8:pack +:pack 10:pack *:pack =:pack
EXPR: 0 | POS | INT | 2 | 160 | 42 | x=(((4/8)+10)*4) | x 4 8 / 10 + 4 * = | x:pack 4:pack 8:pack /:pack 10:pack +:pack 4:pack *:pack =:pack
EXPR: 0 | POS | INT | 2 | 160 | 168 | (((4*8)+10)*4)=x | 4 8 * 10 + 4 * x = | 4:pack 8:pack *:pack 10:pack +:pack 4:pack *:pack x:pack =:pack
EXPR: 0 | POS | INT | 2 | 160 | 26 | (((4*8)-x)+4)=10 | 4 8 * x - 4 + 10 = | 4:pack 8:pack *:pack x:pack -:pack 4:pack +:pack 10:pack =:pack
EXPR: 0 | POS | INT | 2 | 160 | 2 | ((4/(8-10))+4)=x | 4 8 10 - / 4 + x = | 4:pack 8:pack 10:pack -:pack /:pack 4:pack +:pack x:pack =:pack
EXPR: 0 | POS | INT | 2 | 160 | 18 | (((4*4)-8)+10)=x | 4 4 * 8 - 10 + x = | 4:pack 4:pack *:pack 8:pack -:pack 10:pack +:pack x:pack =:pack
EXPR: 0 | POS | INT | 2 | 160 | 26 | (((4*8)-10)+4)=x | 4 8 * 10 - 4 + x = | 4:pack 8:pack *:pack 10:pack -:pack 4:pack +:pack x:pack =:pack
EXPR: 0 | POS | INT | 2 | 160 | 80 | x=((4+(8*10))-4) | x 4 8 10 * + 4 - = | x:pack 4:pack 8:pack 10:pack *:pack +:pack 4:pack -:pack =:pack
EXPR: 0 | POS | INT | 2 | 160 | 336 | x=(4*((8*10)+4)) | x 4 8 10 * 4 + * = | x:pack 4:pack 8:pack 10:pack *:pack 4:pack +:pack *:pack =:pack
EXPR: 0 | POS | INT | 2 | 160 | 10 | ((4+(4-8))+10)=x | 4 4 8 - + 10 + x = | 4:pack 4:pack 8:pack -:pack +:pack 10:pack +:pack x:pack =:pack
EXPR: 0 | POS | INT | 2 | 160 | 14 | (((4*4)+8)-10)=x | 4 4 * 8 + 10 - x = | 4:pack 4:pack *:pack 8:pack +:pack 10:pack -:pack x:pack =:pack
EXPR: 0 | POS | INT | 2 | 160 | 38 | (((4*8)+10)-4)=x | 4 8 * 10 + 4 - x = | 4:pack 8:pack *:pack 10:pack +:pack 4:pack -:pack x:pack =:pack
EXPR: 0 | POS | INT | 2 | 160 | 6 | ((4+(8-10))+4)=x | 4 8 10 - + 4 + x = | 4:pack 8:pack 10:pack -:pack +:pack 4:pack +:pack x:pack =:pack
EXPR: 0 | POS | INT | 2 | 160 | 10 | (((4+4)-8)+10)=x | 4 4 + 8 - 10 + x = | 4:pack 4:pack +:pack 8:pack -:pack 10:pack +:pack x:pack =:pack
EXPR: 0 | POS | INT | 2 | 160 | 6 | (((4+8)-10)+4)=x | 4 8 + 10 - 4 + x = | 4:pack 8:pack +:pack 10:pack -:pack 4:pack +:pack x:pack =:pack
EXPR: 0 | POS | INT | 2 | 160 | 2 | ((4+8)-(4-x))=10 | 4 8 + 4 x - - 10 = | 4:pack 8:pack +:pack 4:pack x:pack -:pack -:pack 10:pack =:pack
EXPR: 0 | POS | INT | 2 | 160 | 6 | ((4+8)-(10-4))=x | 4 8 + 10 4 - - x = | 4:pack 8:pack +:pack 10:pack 4:pack -:pack -:pack x:pack =:pack
EXPR: 0 | POS | INT | 2 | 160 | 2 | (4+(4/(8-10)))=x | 4 4 8 10 - / + x = | 4:pack 4:pack 8:pack 10:pack -:pack /:pack +:pack x:pack =:pack
EXPR: 0 | POS | INT | 2 | 160 | 10 | (4+(4-(8-10)))=x | 4 4 8 10 - - + x = | 4:pack 4:pack 8:pack 10:pack -:pack -:pack +:pack x:pack =:pack
EXPR: 0 | POS | INT | 2 | 160 | 336 | x=((4+(8*10))*4) | x 4 8 10 * + 4 * = | x:pack 4:pack 8:pack 10:pack *:pack +:pack 4:pack *:pack =:pack
EXPR: 0 | POS | INT | 2 | 160 | 44 | ((4-(8-x))/4)=10 | 4 8 x - - 4 / 10 = | 4:pack 8:pack x:pack -:pack -:pack 4:pack /:pack 10:pack =:pack
EXPR: 0 | POS | INT | 2 | 160 | 72 | x=((4+8)*(10-4)) | x 4 8 + 10 4 - * = | x:pack 4:pack 8:pack +:pack 10:pack 4:pack -:pack *:pack =:pack
EXPR: 0 | POS | INT | 2 | 160 |  | x=(((4+4)-8)/10) | x 4 4 + 8 - 10 / = | x:pack 4:pack 4:pack +:pack 8:pack -:pack 10:pack /:pack =:pack
EXPR: 0 | POS | INT | 2 | 160 | 2 | ((4+8)/(10-4))=x | 4 8 + 10 4 - / x = | 4:pack 8:pack +:pack 10:pack 4:pack -:pack /:pack x:pack =:pack
EXPR: 0 | POS | INT | 2 | 160 | 80 | x=(4+((8*10)-4)) | x 4 8 10 * 4 - + = | x:pack 4:pack 8:pack 10:pack *:pack 4:pack -:pack +:pack =:pack
EXPR: 0 | POS | INT | 2 | 160 | 0 | ((4-4)*(8+10))=x | 4 4 - 8 10 + * x = | 4:pack 4:pack -:pack 8:pack 10:pack +:pack *:pack x:pack =:pack
EXPR: 0 | POS | INT | 2 | 160 | 288 | ((4*4)*(8+10))=x | 4 4 * 8 10 + * x = | 4:pack 4:pack *:pack 8:pack 10:pack +:pack *:pack x:pack =:pack
EXPR: 0 | POS | INT | 2 | 160 | 18 | ((4-(4-8))+10)=x | 4 4 8 - - 10 + x = | 4:pack 4:pack 8:pack -:pack -:pack 10:pack +:pack x:pack =:pack
EXPR: 0 | POS | INT | 2 | 160 | 10 | ((4-(8-10))+4)=x | 4 8 10 - - 4 + x = | 4:pack 8:pack 10:pack -:pack -:pack 4:pack +:pack x:pack =:pack
EXPR: 0 | POS | INT | 2 | 160 | 2 | ((4+8)-(4/x))=10 | 4 8 + 4 x / - 10 = | 4:pack 8:pack +:pack 4:pack x:pack /:pack -:pack 10:pack =:pack
EXPR: 0 | POS | INT | 2 | 160 | 6 | (((4+8)-x)+4)=10 | 4 8 + x - 4 + 10 = | 4:pack 8:pack +:pack x:pack -:pack 4:pack +:pack 10:pack =:pack
EXPR: 0 | POS | INT | 2 | 160 | 26 | ((4+(8*4))-x)=10 | 4 8 4 * + x - 10 = | 4:pack 8:pack 4:pack *:pack +:pack x:pack -:pack 10:pack =:pack
EXPR: 0 | POS | INT | 2 | 160 | 6 | (4+(8+(4-x)))=10 | 4 8 4 x - + + 10 = | 4:pack 8:pack 4:pack x:pack -:pack +:pack +:pack 10:pack =:pack
EXPR: 0 | POS | INT | 2 | 160 | 2 | ((4+8)+(x-4))=10 | 4 8 + x 4 - + 10 = | 4:pack 8:pack +:pack x:pack 4:pack -:pack +:pack 10:pack =:pack
EXPR: 0 | POS | INT | 2 | 160 | 18 | x=((4+(8+10))-4) | x 4 8 10 + + 4 - = | x:pack 4:pack 8:pack 10:pack +:pack +:pack 4:pack -:pack =:pack
EXPR: 0 | POS | INT | 2 | 160 | 6 | (((4-x)+8)+4)=10 | 4 x - 8 + 4 + 10 = | 4:pack x:pack -:pack 8:pack +:pack 4:pack +:pack 10:pack =:pack
EXPR: 0 | POS | INT | 2 | 160 | 6 | x=(4+((8-10)+4)) | x 4 8 10 - 4 + + = | x:pack 4:pack 8:pack 10:pack -:pack 4:pack +:pack +:pack =:pack
EXPR: 0 | POS | INT | 2 | 160 | 68 | x=((4*(8+10))-4) | x 4 8 10 + * 4 - = | x:pack 4:pack 8:pack 10:pack +:pack *:pack 4:pack -:pack =:pack
EXPR: 0 | POS | INT | 3 | 160 | 240 | (((4*4)+8)*10)=x | 4 4 * 8 + 10 * x = | 4:pack 4:pack *:pack 8:pack +:pack 10:pack *:pack x:pack =:pack
EXPR: 0 | POS | INT | 3 | 160 | 3 | (((4/4)-8)+10)=x | 4 4 / 8 - 10 + x = | 4:pack 4:pack /:pack 8:pack -:pack 10:pack +:pack x:pack =:pack
EXPR: 0 | POS | INT | 4 | 160 | 9 | ((4-8)*(x-10))=4 | 4 8 - x 10 - * 4 = | 4:pack 8:pack -:pack x:pack 10:pack -:pack *:pack 4:pack =:pack
EXPR: 0 | POS | INT | 4 | 160 | 144 | 8=((x/(4+4))-10) | 8 x 4 4 + / 10 - = | 8:pack x:pack 4:pack 4:pack +:pack /:pack 10:pack -:pack =:pack
EXPR: 0 | POS | INT | 4 | 160 | 26 | 8=((x-(4+4))-10) | 8 x 4 4 + - 10 - = | 8:pack x:pack 4:pack 4:pack +:pack -:pack 10:pack -:pack =:pack
EXPR: 0 | POS | INT | 4 | 160 | - | 8=((x/(4-4))+10) | 8 x 4 4 - / 10 + = | 8:pack x:pack 4:pack 4:pack -:pack /:pack 10:pack +:pack =:pack
EXPR: 0 | POS | INT | 4 | 160 | - | 8=((x*(4-4))-10) | 8 x 4 4 - * 10 - = | 8:pack x:pack 4:pack 4:pack -:pack *:pack 10:pack -:pack =:pack
EXPR: 0 | POS | INT | 4 | 160 | 70 | 4=((8-(x/10))*4) | 4 8 x 10 / - 4 * = | 4:pack 8:pack x:pack 10:pack /:pack -:pack 4:pack *:pack =:pack
EXPR: 0 | POS | INT | 4 | 160 | 36 | ((x+(8-4))/4)=10 | x 8 4 - + 4 / 10 = | x:pack 8:pack 4:pack -:pack +:pack 4:pack /:pack 10:pack =:pack
EXPR: 0 | POS | INT | 4 | 160 | 24 | 4=(8-(x/(10-4))) | 4 8 x 10 4 - / - = | 4:pack 8:pack x:pack 10:pack 4:pack -:pack /:pack -:pack =:pack
EXPR: 0 | POS | INT | 4 | 160 | 48 | 8=(4*((x/4)-10)) | 8 4 x 4 / 10 - * = | 8:pack 4:pack x:pack 4:pack /:pack 10:pack -:pack *:pack =:pack
EXPR: 0 | POS | INT | 4 | 160 | 8 | 4=(4-((8-x)/10)) | 4 4 8 x - 10 / - = | 4:pack 4:pack 8:pack x:pack -:pack 10:pack /:pack -:pack =:pack
EXPR: 0 | POS | INT | 4 | 160 | 10 | ((4+(4+x))-8)=10 | 4 4 x + + 8 - 10 = | 4:pack 4:pack x:pack +:pack +:pack 8:pack -:pack 10:pack =:pack
EXPR: 0 | POS | INT | 5 | 160 | 10 | (((4+4)+10)-8)=x | 4 4 + 10 + 8 - x = | 4:pack 4:pack +:pack 10:pack +:pack 8:pack -:pack x:pack =:pack
EXPR: 0 | POS | INT | 5 | 160 | 8 | (((4-10)+8)*4)=x | 4 10 - 8 + 4 * x = | 4:pack 10:pack -:pack 8:pack +:pack 4:pack *:pack x:pack =:pack
EXPR: 0 | POS | INT | 5 | 160 | 80 | (((4-4)+10)*8)=x | 4 4 - 10 + 8 * x = | 4:pack 4:pack -:pack 10:pack +:pack 8:pack *:pack x:pack =:pack
EXPR: 0 | POS | INT | 5 | 160 | 144 | (((4+4)+10)*8)=x | 4 4 + 10 + 8 * x = | 4:pack 4:pack +:pack 10:pack +:pack 8:pack *:pack x:pack =:pack
EXPR: 0 | POS | INT | 5 | 160 | 72 | (((4+4)*10)-8)=x | 4 4 + 10 * 8 - x = | 4:pack 4:pack +:pack 10:pack *:pack 8:pack -:pack x:pack =:pack
EXPR: 0 | POS | INT | 5 | 160 | 2 | (((4-4)+10)-8)=x | 4 4 - 10 + 8 - x = | 4:pack 4:pack -:pack 10:pack +:pack 8:pack -:pack x:pack =:pack
EXPR: 0 | POS | INT | 5 | 160 | 48 | (((4*4)-10)*8)=x | 4 4 * 10 - 8 * x = | 4:pack 4:pack *:pack 10:pack -:pack 8:pack *:pack x:pack =:pack
EXPR: 0 | POS | INT | 5 | 160 | 10 | ((4+(4+10))-8)=x | 4 4 10 + + 8 - x = | 4:pack 4:pack 10:pack +:pack +:pack 8:pack -:pack x:pack =:pack
EXPR: 0 | POS | INT | 5 | 160 | 24 | x=(4*((4+10)-8)) | x 4 4 10 + 8 - * = | x:pack 4:pack 4:pack 10:pack +:pack 8:pack -:pack *:pack =:pack
EXPR: 0 | POS | INT | 5 | 160 | 8 | x=(4*((4-10)+8)) | x 4 4 10 - 8 + * = | x:pack 4:pack 4:pack 10:pack -:pack 8:pack +:pack *:pack =:pack
EXPR: 0 | POS | INT | 5 | 160 | 72 | x=(((4+4)*10)-8) | x 4 4 + 10 * 8 - = | x:pack 4:pack 4:pack +:pack 10:pack *:pack 8:pack -:pack =:pack
EXPR: 0 | POS | INT | 5 | 160 | 2 | x=(4/((4-10)+8)) | x 4 4 10 - 8 + / = | x:pack 4:pack 4:pack 10:pack -:pack 8:pack +:pack /:pack =:pack
EXPR: 0 | POS | INT | 5 | 160 | 64 | x=((4*(4+10))+8) | x 4 4 10 + * 8 + = | x:pack 4:pack 4:pack 10:pack +:pack *:pack 8:pack +:pack =:pack
EXPR: 0 | POS | INT | 5 | 160 | 88 | x=(4*((4+10)+8)) | x 4 4 10 + 8 + * = | x:pack 4:pack 4:pack 10:pack +:pack 8:pack +:pack *:pack =:pack
EXPR: 0 | POS | INT | 5 | 160 |  | x=((4-4)*(10-8)) | x 4 4 - 10 8 - * = | x:pack 4:pack 4:pack -:pack 10:pack 8:pack -:pack *:pack =:pack
EXPR: 0 | POS | INT | 5 | 160 | 26 | ((4+(4+10))+8)=x | 4 4 10 + + 8 + x = | 4:pack 4:pack 10:pack +:pack +:pack 8:pack +:pack x:pack =:pack
EXPR: 0 | POS | INT | 5 | 160 | 18 | x=(((4+10)+8)-4) | x 4 10 + 8 + 4 - = | x:pack 4:pack 10:pack +:pack 8:pack +:pack 4:pack -:pack =:pack
EXPR: 0 | POS | INT | 5 | 160 | 80 | ((8+(4-4))*10)=x | 8 4 4 - + 10 * x = | 8:pack 4:pack 4:pack -:pack +:pack 10:pack *:pack x:pack =:pack
EXPR: 0 | POS | INT | 5 | 160 | 70 | ((8-(4/4))*10)=x | 8 4 4 / - 10 * x = | 8:pack 4:pack 4:pack /:pack -:pack 10:pack *:pack x:pack =:pack
EXPR: 0 | POS | INT | 5 | 160 | 36 | ((4+(4*10))-8)=x | 4 4 10 * + 8 - x = | 4:pack 4:pack 10:pack *:pack +:pack 8:pack -:pack x:pack =:pack
EXPR: 0 | POS | INT | 5 | 160 | 2 | ((4-(4-10))-8)=x | 4 4 10 - - 8 - x = | 4:pack 4:pack 10:pack -:pack -:pack 8:pack -:pack x:pack =:pack
EXPR: 0 | POS | INT | 5 | 160 | 48 | ((4*(4+10))-8)=x | 4 4 10 + * 8 - x = | 4:pack 4:pack 10:pack +:pack *:pack 8:pack -:pack x:pack =:pack
EXPR: 0 | POS | INT | 5 | 160 | 6 | x=((4+(4-10))+8) | x 4 4 10 - + 8 + = | x:pack 4:pack 4:pack 10:pack -:pack +:pack 8:pack +:pack =:pack
EXPR: 0 | POS | INT | 5 | 160 | 6 | (4+(4-(10-8)))=x | 4 4 10 8 - - + x = | 4:pack 4:pack 10:pack 8:pack -:pack -:pack +:pack x:pack =:pack
EXPR: 0 | POS | INT | 5 | 160 | 88 | x=(((4/4)+10)*8) | x 4 4 / 10 + 8 * = | x:pack 4:pack 4:pack /:pack 10:pack +:pack 8:pack *:pack =:pack
EXPR: 0 | POS | INT | 5 | 160 | 6 | ((4+(4-10))+8)=x | 4 4 10 - + 8 + x = | 4:pack 4:pack 10:pack -:pack +:pack 8:pack +:pack x:pack =:pack
EXPR: 0 | POS | INT | 5 | 160 | 14 | (((4*4)-10)+8)=x | 4 4 * 10 - 8 + x = | 4:pack 4:pack *:pack 10:pack -:pack 8:pack +:pack x:pack =:pack
EXPR: 0 | POS | INT | 5 | 160 | 18 | (((4*4)+10)-8)=x | 4 4 * 10 + 8 - x = | 4:pack 4:pack *:pack 10:pack +:pack 8:pack -:pack x:pack =:pack
EXPR: 0 | POS | INT | 5 | 160 | 6 | (((4+4)-10)+8)=x | 4 4 + 10 - 8 + x = | 4:pack 4:pack +:pack 10:pack -:pack 8:pack +:pack x:pack =:pack
EXPR: 0 | POS | INT | 5 | 160 | 3 | (((4/4)+10)-8)=x | 4 4 / 10 + 8 - x = | 4:pack 4:pack /:pack 10:pack +:pack 8:pack -:pack x:pack =:pack
EXPR: 0 | POS | INT | 5 | 160 | 0 | ((4-4)*(10-8))=x | 4 4 - 10 8 - * x = | 4:pack 4:pack -:pack 10:pack 8:pack -:pack *:pack x:pack =:pack
EXPR: 0 | POS | INT | 5 | 160 | 480 | ((4*10)*(8+4))=x | 4 10 * 8 4 + * x = | 4:pack 10:pack *:pack 8:pack 4:pack +:pack *:pack x:pack =:pack
EXPR: 0 | POS | INT | 5 | 160 | 18 | ((4-(4-10))+8)=x | 4 4 10 - - 8 + x = | 4:pack 4:pack 10:pack -:pack -:pack 8:pack +:pack x:pack =:pack
EXPR: 0 | POS | INT | 5 | 160 | 10 | x=(((4+4)+10)-8) | x 4 4 + 10 + 8 - = | x:pack 4:pack 4:pack +:pack 10:pack +:pack 8:pack -:pack =:pack
EXPR: 0 | POS | INT | 5 | 160 | 10 | x=((4+(4+10))-8) | x 4 4 10 + + 8 - = | x:pack 4:pack 4:pack 10:pack +:pack +:pack 8:pack -:pack =:pack
EXPR: 0 | POS | INT | 5 | 160 | 48 | x=((4*(4+10))-8) | x 4 4 10 + * 8 - = | x:pack 4:pack 4:pack 10:pack +:pack *:pack 8:pack -:pack =:pack
EXPR: 0 | POS | INT | 6 | 160 | 168 | 8=((x/(4+10))-4) | 8 x 4 10 + / 4 - = | 8:pack x:pack 4:pack 10:pack +:pack /:pack 4:pack -:pack =:pack
EXPR: 0 | POS | INT | 6 | 160 | 26 | 8=((x-(4+10))-4) | 8 x 4 10 + - 4 - = | 8:pack x:pack 4:pack 10:pack +:pack -:pack 4:pack -:pack =:pack
EXPR: 0 | POS | INT | 6 | 160 | 352 | x=((4+(4*10))*8) | x 4 4 10 * + 8 * = | x:pack 4:pack 4:pack 10:pack *:pack +:pack 8:pack *:pack =:pack
EXPR: 0 | POS | INT | 6 | 160 | 208 | (((4*4)+10)*8)=x | 4 4 * 10 + 8 * x = | 4:pack 4:pack *:pack 10:pack +:pack 8:pack *:pack x:pack =:pack
EXPR: 0 | POS | INT | 6 | 160 | 3 | x=(((4/4)+10)-8) | x 4 4 / 10 + 8 - = | x:pack 4:pack 4:pack /:pack 10:pack +:pack 8:pack -:pack =:pack
EXPR: 0 | POS | INT | 7 | 160 | 18 | 4=((4*8)-(10+x)) | 4 4 8 * 10 x + - = | 4:pack 4:pack 8:pack *:pack 10:pack x:pack +:pack -:pack =:pack
EXPR: 0 | POS | INT | 7 | 160 | 8 | (((4*10)-8)/x)=4 | 4 10 * 8 - x / 4 = | 4:pack 10:pack *:pack 8:pack -:pack x:pack /:pack 4:pack =:pack
EXPR: 0 | POS | INT | 7 | 160 | 8 | 4=(4-(10*(x-8))) | 4 4 10 x 8 - * - = | 4:pack 4:pack 10:pack x:pack 8:pack -:pack *:pack -:pack =:pack
EXPR: 0 | POS | INT | 7 | 160 | 8 | 8=(x-((4-4)/10)) | 8 x 4 4 - 10 / - = | 8:pack x:pack 4:pack 4:pack -:pack 10:pack /:pack -:pack =:pack
EXPR: 0 | POS | INT | 7 | 160 | 81 | 8=((x-(4/4))/10) | 8 x 4 4 / - 10 / = | 8:pack x:pack 4:pack 4:pack /:pack -:pack 10:pack /:pack =:pack
EXPR: 0 | POS | INT | 7 | 160 | 80 | ((x+(4-4))/8)=10 | x 4 4 - + 8 / 10 = | x:pack 4:pack 4:pack -:pack +:pack 8:pack /:pack 10:pack =:pack
EXPR: 0 | POS | INT | 7 | 160 | 168 | 4=((x/(4+8))-10) | 4 x 4 8 + / 10 - = | 4:pack x:pack 4:pack 8:pack +:pack /:pack 10:pack -:pack =:pack
EXPR: 0 | POS | INT | 7 | 160 | 24 | 4=((x/(4-8))+10) | 4 x 4 8 - / 10 + = | 4:pack x:pack 4:pack 8:pack -:pack /:pack 10:pack +:pack =:pack
EXPR: 0 | POS | INT | 7 | 160 | 124 | 4=(x-(10*(8+4))) | 4 x 10 8 4 + * - = | 4:pack x:pack 10:pack 8:pack 4:pack +:pack *:pack -:pack =:pack
EXPR: 0 | POS | INT | 7 | 160 | 2 | ((8+(4+x))-4)=10 | 8 4 x + + 4 - 10 = | 8:pack 4:pack x:pack +:pack +:pack 4:pack -:pack 10:pack =:pack
EXPR: 0 | POS | INT | 7 | 160 | 24 | ((4-10)*(4-8))=x | 4 10 - 4 8 - * x = | 4:pack 10:pack -:pack 4:pack 8:pack -:pack *:pack x:pack =:pack
EXPR: 0 | POS | INT | 9 | 160 | 18 | ((8+(4+10))-4)=x | 8 4 10 + + 4 - x = | 8:pack 4:pack 10:pack +:pack +:pack 4:pack -:pack x:pack =:pack
EXPR: 0 | POS | INT | 9 | 160 | 12 | ((8+(4*10))/4)=x | 8 4 10 * + 4 / x = | 8:pack 4:pack 10:pack *:pack +:pack 4:pack /:pack x:pack =:pack
EXPR: 0 | POS | INT | 9 | 160 | 108 | ((8*(4+10))-4)=x | 8 4 10 + * 4 - x = | 8:pack 4:pack 10:pack +:pack *:pack 4:pack -:pack x:pack =:pack
EXPR: 0 | POS | INT | 9 | 160 | 6 | ((8+(4-10))+4)=x | 8 4 10 - + 4 + x = | 8:pack 4:pack 10:pack -:pack +:pack 4:pack +:pack x:pack =:pack
EXPR: 0 | POS | INT | 9 | 160 | 18 | x=(((8+4)+10)-4) | x 8 4 + 10 + 4 - = | x:pack 8:pack 4:pack +:pack 10:pack +:pack 4:pack -:pack =:pack
EXPR: 0 | POS | INT | 9 | 160 | 44 | ((8+(4*10))-4)=x | 8 4 10 * + 4 - x = | 8:pack 4:pack 10:pack *:pack +:pack 4:pack -:pack x:pack =:pack
EXPR: 0 | POS | INT | 9 | 160 | 18 | ((8-(4-10))+4)=x | 8 4 10 - - 4 + x = | 8:pack 4:pack 10:pack -:pack -:pack 4:pack +:pack x:pack =:pack
EXPR: 0 | POS | INT | 10 | 160 | 10 | 4=(4+((x-10)*8)) | 4 4 x 10 - 8 * + = | 4:pack 4:pack x:pack 10:pack -:pack 8:pack *:pack +:pack =:pack
EXPR: 0 | POS | INT | 11 | 160 | 68 | (((8+10)*4)-4)=x | 8 10 + 4 * 4 - x = | 8:pack 10:pack +:pack 4:pack *:pack 4:pack -:pack x:pack =:pack
EXPR: 0 | POS | INT | 11 | 160 | 38 | 10=((4+x)-(8*4)) | 10 4 x + 8 4 * - = | 10:pack 4:pack x:pack +:pack 8:pack 4:pack *:pack -:pack =:pack
EXPR: 0 | POS | INT | 11 | 160 | 5 | 10=((4-(8/4))*x) | 10 4 8 4 / - x * = | 10:pack 4:pack 8:pack 4:pack /:pack -:pack x:pack *:pack =:pack
EXPR: 0 | POS | INT | 11 | 160 | 9 | 10=((4/(8-4))+x) | 10 4 8 4 - / x + = | 10:pack 4:pack 8:pack 4:pack -:pack /:pack x:pack +:pack =:pack
EXPR: 0 | POS | INT | 11 | 160 | 38 | 10=((4*(8+4))-x) | 10 4 8 4 + * x - = | 10:pack 4:pack 8:pack 4:pack +:pack *:pack x:pack -:pack =:pack
EXPR: 0 | POS | INT | 11 | 160 | 6 | 10=((4*(8-4))-x) | 10 4 8 4 - * x - = | 10:pack 4:pack 8:pack 4:pack -:pack *:pack x:pack -:pack =:pack
EXPR: 0 | POS | INT | 12 | 160 | 18 | ((4-x)+8)=(4-10) | 4 x - 8 + 4 10 - = | 4:pack x:pack -:pack 8:pack +:pack 4:pack 10:pack -:pack =:pack
EXPR: 0 | POS | INT | 12 | 160 | 2 | (4/8)=(4/(10-x)) | 4 8 / 4 10 x - / = | 4:pack 8:pack /:pack 4:pack 10:pack x:pack -:pack /:pack =:pack
EXPR: 0 | POS | INT | 12 | 160 | 88 | (4+8)=((x/4)-10) | 4 8 + x 4 / 10 - = | 4:pack 8:pack +:pack x:pack 4:pack /:pack 10:pack -:pack =:pack
EXPR: 0 | POS | INT | 13 | 160 | 14 | ((10-(8-x))/4)=4 | 10 8 x - - 4 / 4 = | 10:pack 8:pack x:pack -:pack -:pack 4:pack /:pack 4:pack =:pack
EXPR: 0 | POS | INT | 13 | 160 | 6 | 10=((8+(4+4))-x) | 10 8 4 4 + + x - = | 10:pack 8:pack 4:pack 4:pack +:pack +:pack x:pack -:pack =:pack
EXPR: 0 | POS | INT | 13 | 160 | 14 | 10=((8+(4*4))-x) | 10 8 4 4 * + x - = | 10:pack 8:pack 4:pack 4:pack *:pack +:pack x:pack -:pack =:pack
EXPR: 0 | POS | INT | 14 | 160 | 10 | ((4-x)+4)=(8-10) | 4 x - 4 + 8 10 - = | 4:pack x:pack -:pack 4:pack +:pack 8:pack 10:pack -:pack =:pack
EXPR: 0 | POS | INT | 14 | 160 | 88 | (4+4)=(x-(8*10)) | 4 4 + x 8 10 * - = | 4:pack 4:pack +:pack x:pack 8:pack 10:pack *:pack -:pack =:pack
EXPR: 0 | POS | INT | 14 | 160 | 24 | (4*(10-(8-4)))=x | 4 10 8 4 - - * x = | 4:pack 10:pack 8:pack 4:pack -:pack -:pack *:pack x:pack =:pack
EXPR: 1 | POS | INT | 21 | 160 | 160 | (8+4)=((x/10)-4) | 8 4 + x 10 / 4 - = | 8:pack 4:pack +:pack x:pack 10:pack /:pack 4:pack -:pack =:pack
EXPR: 0 | POS | INT | 23 | 160 |  | (x*(8+10))=(4-4) | x 8 10 + * 4 4 - = | x:pack 8:pack 10:pack +:pack *:pack 4:pack 4:pack -:pack =:pack
NET 257 unique, non-negative, integer-valued solutions found out of 958 total solutions
