parameters: n=7 l=3 k=1 p=5 q=2 m=9
TOTAL 1000 solutions found
SOLN: CORRECT | POS/NEG | INT/FRA | OBJ-SCORE | TRUE-ANS | ANS | INFIX | POSTFIX | TYPED-POSTFIX
EXPR: 0 | POS | FRA | 2 | 24.81 | 0.355737704918033 | ((6.51/x)-5.79)=12.51 | 6.51 x / 5.79 - 12.51 = | 6.51:dollar x:cost /:dollar 5.79:dollar -:dollar 12.51:dollar =:dollar
EXPR: 0 | POS | FRA | 2 | 24.81 | 0.96875 | ((6.51/x)+5.79)=12.51 | 6.51 x / 5.79 + 12.51 = | 6.51:dollar x:cost /:dollar 5.79:dollar +:dollar 12.51:dollar =:dollar
EXPR: 0 | POS | FRA | 2 | 24.81 | 2.8110599078341 | ((x*6.51)-5.79)=12.51 | x 6.51 * 5.79 - 12.51 = | x:cost 6.51:dollar *:dollar 5.79:dollar -:dollar 12.51:dollar =:dollar
EXPR: 0 | POS | FRA | 2 | 24.81 | 3.28497409326425 | 6.51=((x*5.79)-12.51) | 6.51 x 5.79 * 12.51 - = | 6.51:dollar x:cost 5.79:dollar *:dollar 12.51:dollar -:dollar =:dollar
EXPR: 0 | POS | FRA | 2 | 24.81 | 2.8110599078341 | ((6.51*x)-5.79)=12.51 | 6.51 x * 5.79 - 12.51 = | 6.51:dollar x:cost *:dollar 5.79:dollar -:dollar 12.51:dollar =:dollar
EXPR: 0 | POS | FRA | 2 | 24.81 | 1.03225806451613 | ((6.51*x)+5.79)=12.51 | 6.51 x * 5.79 + 12.51 = | 6.51:dollar x:cost *:dollar 5.79:dollar +:dollar 12.51:dollar =:dollar
EXPR: 0 | POS | FRA | 2 | 24.81 | 1.03225806451613 | ((x*6.51)+5.79)=12.51 | x 6.51 * 5.79 + 12.51 = | x:cost 6.51:dollar *:dollar 5.79:dollar +:dollar 12.51:dollar =:dollar
EXPR: 0 | POS | FRA | 2 | 24.81 | 0.355737704918033 | 6.51=((5.79+12.51)*x) | 6.51 5.79 12.51 + x * = | 6.51:dollar 5.79:dollar 12.51:dollar +:dollar x:cost *:dollar =:dollar
EXPR: 0 | POS | FRA | 2 | 24.81 | 0.355737704918033 | 6.51=(x*(5.79+12.51)) | 6.51 x 5.79 12.51 + * = | 6.51:dollar x:cost 5.79:dollar 12.51:dollar +:dollar *:dollar =:dollar
EXPR: 0 | POS | FRA | 2 | 24.81 | 1.01707317073171 | ((6.51+5.79)*x)=12.51 | 6.51 5.79 + x * 12.51 = | 6.51:dollar 5.79:dollar +:dollar x:cost *:dollar 12.51:dollar =:dollar
EXPR: 0 | POS | FRA | 2 | 24.81 | 0.983213429256595 | ((6.51+5.79)/x)=12.51 | 6.51 5.79 + x / 12.51 = | 6.51:dollar 5.79:dollar +:dollar x:cost /:dollar 12.51:dollar =:dollar
EXPR: 0 | POS | FRA | 2 | 24.81 | 2.8110599078341 | 6.51=((5.79+12.51)/x) | 6.51 5.79 12.51 + x / = | 6.51:dollar 5.79:dollar 12.51:dollar +:dollar x:cost /:dollar =:dollar
EXPR: 0 | POS | FRA | 2 | 24.81 | 1.03626943005181 | (6.51+(x*5.79))=12.51 | 6.51 x 5.79 * + 12.51 = | 6.51:dollar x:cost 5.79:dollar *:dollar +:dollar 12.51:dollar =:dollar
EXPR: 0 | POS | FRA | 2 | 24.81 | 0.0575539568345324 | ((6.51-5.79)/x)=12.51 | 6.51 5.79 - x / 12.51 = | 6.51:dollar 5.79:dollar -:dollar x:cost /:dollar 12.51:dollar =:dollar
EXPR: 0 | POS | FRA | 2 | 24.81 | 3.28497409326425 | 6.51=((5.79*x)-12.51) | 6.51 5.79 x * 12.51 - = | 6.51:dollar 5.79:dollar x:cost *:dollar 12.51:dollar -:dollar =:dollar
EXPR: 0 | POS | FRA | 2 | 24.81 | 0.304416403785489 | 6.51=((5.79/x)-12.51) | 6.51 5.79 x / 12.51 - = | 6.51:dollar 5.79:dollar x:cost /:dollar 12.51:dollar -:dollar =:dollar
EXPR: 0 | POS | FRA | 2 | 24.81 | 1.03626943005181 | (6.51+(5.79*x))=12.51 | 6.51 5.79 x * + 12.51 = | 6.51:dollar 5.79:dollar x:cost *:dollar +:dollar 12.51:dollar =:dollar
EXPR: 0 | POS | FRA | 2 | 24.81 | 0.965 | (6.51+(5.79/x))=12.51 | 6.51 5.79 x / + 12.51 = | 6.51:dollar 5.79:dollar x:cost /:dollar +:dollar 12.51:dollar =:dollar
EXPR: 0 | POS | FRA | 2 | 24.81 | 0.0575539568345324 | 6.51=(5.79+(x*12.51)) | 6.51 5.79 x 12.51 * + = | 6.51:dollar 5.79:dollar x:cost 12.51:dollar *:dollar +:dollar =:dollar
EXPR: 0 | POS | FRA | 2 | 24.81 | 17.375 | ((6.51-5.79)*x)=12.51 | 6.51 5.79 - x * 12.51 = | 6.51:dollar 5.79:dollar -:dollar x:cost *:dollar 12.51:dollar =:dollar
EXPR: 0 | POS | FRA | 2 | 24.81 | 1.01707317073171 | (x*(6.51+5.79))=12.51 | x 6.51 5.79 + * 12.51 = | x:cost 6.51:dollar 5.79:dollar +:dollar *:dollar 12.51:dollar =:dollar
EXPR: 0 | POS | FRA | 2 | 24.81 | 17.375 | (x*(6.51-5.79))=12.51 | x 6.51 5.79 - * 12.51 = | x:cost 6.51:dollar 5.79:dollar -:dollar *:dollar 12.51:dollar =:dollar
EXPR: 0 | POS | FRA | 2 | 24.81 | 17.375 | 6.51=(5.79+(12.51/x)) | 6.51 5.79 12.51 x / + = | 6.51:dollar 5.79:dollar 12.51:dollar x:cost /:dollar +:dollar =:dollar
EXPR: 0 | POS | FRA | 2 | 24.81 | 0.0575539568345324 | 6.51=(5.79+(12.51*x)) | 6.51 5.79 12.51 x * + = | 6.51:dollar 5.79:dollar 12.51:dollar x:cost *:dollar +:dollar =:dollar
EXPR: 0 | POS | FRA | 10 | 24.81 | 0.355737704918033 | (6.51/(5.79+12.51))=x | 6.51 5.79 12.51 + / x = | 6.51:cost 5.79:dollar 12.51:dollar +:dollar /:cost x:cost =:cost
EXPR: 0 | POS | FRA | 10 | 24.81 | 0.355737704918033 | x=(6.51/(5.79+12.51)) | x 6.51 5.79 12.51 + / = | x:cost 6.51:cost 5.79:dollar 12.51:dollar +:dollar /:cost =:cost
EXPR: 0 | POS | FRA | 10 | 24.81 | 119.133 | x=(6.51*(5.79+12.51)) | x 6.51 5.79 12.51 + * = | x:cost 6.51:cost 5.79:dollar 12.51:dollar +:dollar *:cost =:cost
EXPR: 0 | POS | FRA | 10 | 24.81 | 9.0072 | ((6.51-5.79)*12.51)=x | 6.51 5.79 - 12.51 * x = | 6.51:dollar 5.79:dollar -:dollar 12.51:cost *:cost x:cost =:cost
EXPR: 0 | POS | FRA | 10 | 24.81 | 153.873 | ((6.51+5.79)*12.51)=x | 6.51 5.79 + 12.51 * x = | 6.51:dollar 5.79:dollar +:dollar 12.51:cost *:cost x:cost =:cost
EXPR: 1 | POS | FRA | 10 | 24.81 | 24.81 | (6.51+(5.79+12.51))=x | 6.51 5.79 12.51 + + x = | 6.51:dollar 5.79:dollar 12.51:dollar +:dollar +:dollar x:dollar =:dollar
EXPR: 1 | POS | FRA | 10 | 24.81 | 24.81 | x=((6.51+5.79)+12.51) | x 6.51 5.79 + 12.51 + = | x:dollar 6.51:dollar 5.79:dollar +:dollar 12.51:dollar +:dollar =:dollar
EXPR: 0 | POS | FRA | 10 | 24.81 | 13.23 | x=((6.51-5.79)+12.51) | x 6.51 5.79 - 12.51 + = | x:dollar 6.51:dollar 5.79:dollar -:dollar 12.51:dollar +:dollar =:dollar
EXPR: 0 | POS | FRA | 10 | 24.81 | 153.873 | x=((6.51+5.79)*12.51) | x 6.51 5.79 + 12.51 * = | x:cost 6.51:dollar 5.79:dollar +:dollar 12.51:cost *:cost =:cost
EXPR: 0 | POS | FRA | 10 | 24.81 | 13.23 | x=(6.51-(5.79-12.51)) | x 6.51 5.79 12.51 - - = | x:dollar 6.51:dollar 5.79:dollar 12.51:dollar -:dollar -:dollar =:dollar
EXPR: 0 | POS | FRA | 10 | 24.81 | 9.0072 | x=((6.51-5.79)*12.51) | x 6.51 5.79 - 12.51 * = | x:cost 6.51:dollar 5.79:dollar -:dollar 12.51:cost *:cost =:cost
EXPR: 0 | POS | FRA | 10 | 24.81 | 13.23 | ((6.51-5.79)+12.51)=x | 6.51 5.79 - 12.51 + x = | 6.51:dollar 5.79:dollar -:dollar 12.51:dollar +:dollar x:dollar =:dollar
EXPR: 1 | POS | FRA | 10 | 24.81 | 24.81 | x=(6.51+(5.79+12.51)) | x 6.51 5.79 12.51 + + = | x:dollar 6.51:dollar 5.79:dollar 12.51:dollar +:dollar +:dollar =:dollar
EXPR: 0 | POS | FRA | 10 | 24.81 | 13.23 | (6.51-(5.79-12.51))=x | 6.51 5.79 12.51 - - x = | 6.51:dollar 5.79:dollar 12.51:dollar -:dollar -:dollar x:dollar =:dollar
EXPR: 1 | POS | FRA | 10 | 24.81 | 24.81 | ((6.51+5.79)+12.51)=x | 6.51 5.79 + 12.51 + x = | 6.51:dollar 5.79:dollar +:dollar 12.51:dollar +:dollar x:dollar =:dollar
EXPR: 0 | POS | FRA | 10 | 24.81 | 119.133 | (6.51*(5.79+12.51))=x | 6.51 5.79 12.51 + * x = | 6.51:cost 5.79:dollar 12.51:dollar +:dollar *:cost x:cost =:cost
EXPR: 0 | POS | FRA | 12 | 24.81 | 0.983213429256595 | 6.51=((x*12.51)-5.79) | 6.51 x 12.51 * 5.79 - = | 6.51:dollar x:cost 12.51:dollar *:dollar 5.79:dollar -:dollar =:dollar
EXPR: 0 | POS | FRA | 12 | 24.81 | 1.03225806451613 | 6.51=((12.51-5.79)/x) | 6.51 12.51 5.79 - x / = | 6.51:dollar 12.51:dollar 5.79:dollar -:dollar x:cost /:dollar =:dollar
EXPR: 0 | POS | FRA | 12 | 24.81 | 3.28497409326425 | ((x*5.79)-6.51)=12.51 | x 5.79 * 6.51 - 12.51 = | x:cost 5.79:dollar *:dollar 6.51:dollar -:dollar 12.51:dollar =:dollar
EXPR: 0 | POS | FRA | 12 | 24.81 | 0.0575539568345324 | (6.51-(12.51*x))=5.79 | 6.51 12.51 x * - 5.79 = | 6.51:dollar 12.51:dollar x:cost *:dollar -:dollar 5.79:dollar =:dollar
EXPR: 0 | POS | FRA | 12 | 24.81 | 0.96875 | 6.51=(x*(12.51-5.79)) | 6.51 x 12.51 5.79 - * = | 6.51:dollar x:cost 12.51:dollar 5.79:dollar -:dollar *:dollar =:dollar
EXPR: 0 | POS | FRA | 12 | 24.81 | 17.375 | (6.51-(12.51/x))=5.79 | 6.51 12.51 x / - 5.79 = | 6.51:dollar 12.51:dollar x:cost /:dollar -:dollar 5.79:dollar =:dollar
EXPR: 0 | POS | FRA | 12 | 24.81 | 0.96875 | 6.51=((12.51-5.79)*x) | 6.51 12.51 5.79 - x * = | 6.51:dollar 12.51:dollar 5.79:dollar -:dollar x:cost *:dollar =:dollar
EXPR: 0 | POS | FRA | 12 | 24.81 | 0.0575539568345324 | 6.51=((x*12.51)+5.79) | 6.51 x 12.51 * 5.79 + = | 6.51:dollar x:cost 12.51:dollar *:dollar 5.79:dollar +:dollar =:dollar
EXPR: 0 | POS | FRA | 12 | 24.81 | 0.0575539568345324 | (6.51-(x*12.51))=5.79 | 6.51 x 12.51 * - 5.79 = | 6.51:dollar x:cost 12.51:dollar *:dollar -:dollar 5.79:dollar =:dollar
EXPR: 0 | POS | FRA | 12 | 24.81 | 0.983213429256595 | 6.51=((12.51*x)-5.79) | 6.51 12.51 x * 5.79 - = | 6.51:dollar 12.51:dollar x:cost *:dollar 5.79:dollar -:dollar =:dollar
EXPR: 0 | POS | FRA | 12 | 24.81 | 0.0575539568345324 | 6.51=((12.51*x)+5.79) | 6.51 12.51 x * 5.79 + = | 6.51:dollar 12.51:dollar x:cost *:dollar 5.79:dollar +:dollar =:dollar
EXPR: 0 | POS | FRA | 12 | 24.81 | 8.67062176165803 | ((x-6.51)*5.79)=12.51 | x 6.51 - 5.79 * 12.51 = | x:cost 6.51:cost -:cost 5.79:dollar *:dollar 12.51:dollar =:dollar
EXPR: 0 | POS | FRA | 12 | 24.81 | 0.355737704918033 | ((6.51/x)-12.51)=5.79 | 6.51 x / 12.51 - 5.79 = | 6.51:dollar x:cost /:dollar 12.51:dollar -:dollar 5.79:dollar =:dollar
EXPR: 0 | POS | FRA | 12 | 24.81 | 11.79 | 6.51=(5.79+(12.51-x)) | 6.51 5.79 12.51 x - + = | 6.51:dollar 5.79:dollar 12.51:dollar x:dollar -:dollar +:dollar =:dollar
EXPR: 0 | POS | FRA | 12 | 24.81 | 3.86834101382488 | (6.51*(5.79-x))=12.51 | 6.51 5.79 x - * 12.51 = | 6.51:dollar 5.79:cost x:cost -:cost *:dollar 12.51:dollar =:dollar
EXPR: 0 | POS | FRA | 12 | 24.81 | 5.26961630695444 | (6.51/(5.79-x))=12.51 | 6.51 5.79 x - / 12.51 = | 6.51:dollar 5.79:cost x:cost -:cost /:dollar 12.51:dollar =:dollar
EXPR: 0 | POS | FRA | 12 | 24.81 | 1.03626943005181 | 6.51=(12.51-(x*5.79)) | 6.51 12.51 x 5.79 * - = | 6.51:dollar 12.51:dollar x:cost 5.79:dollar *:dollar -:dollar =:dollar
EXPR: 0 | POS | FRA | 12 | 24.81 | 5.26961630695444 | 6.51=((5.79-x)*12.51) | 6.51 5.79 x - 12.51 * = | 6.51:dollar 5.79:cost x:cost -:cost 12.51:dollar *:dollar =:dollar
EXPR: 0 | POS | FRA | 12 | 24.81 | 1.01707317073171 | 6.51=((12.51/x)-5.79) | 6.51 12.51 x / 5.79 - = | 6.51:dollar 12.51:dollar x:cost /:dollar 5.79:dollar -:dollar =:dollar
EXPR: 0 | POS | FRA | 12 | 24.81 | 17.375 | 6.51=((12.51/x)+5.79) | 6.51 12.51 x / 5.79 + = | 6.51:dollar 12.51:dollar x:cost /:dollar 5.79:dollar +:dollar =:dollar
EXPR: 0 | POS | FRA | 12 | 24.81 | 2.8110599078341 | ((6.51*x)-12.51)=5.79 | 6.51 x * 12.51 - 5.79 = | 6.51:dollar x:cost *:dollar 12.51:dollar -:dollar 5.79:dollar =:dollar
EXPR: 0 | POS | FRA | 12 | 24.81 | 0.355737704918033 | (6.51/x)=(5.79+12.51) | 6.51 x / 5.79 12.51 + = | 6.51:dollar x:cost /:dollar 5.79:dollar 12.51:dollar +:dollar =:dollar
EXPR: 0 | POS | FRA | 12 | 24.81 | 11.79 | 6.51=(5.79-(x-12.51)) | 6.51 5.79 x 12.51 - - = | 6.51:dollar 5.79:dollar x:dollar 12.51:dollar -:dollar -:dollar =:dollar
EXPR: 0 | POS | FRA | 12 | 24.81 | 0.304416403785489 | ((5.79/x)-6.51)=12.51 | 5.79 x / 6.51 - 12.51 = | 5.79:dollar x:cost /:dollar 6.51:dollar -:dollar 12.51:dollar =:dollar
EXPR: 0 | POS | FRA | 12 | 24.81 | 0.965 | ((5.79/x)+6.51)=12.51 | 5.79 x / 6.51 + 12.51 = | 5.79:dollar x:cost /:dollar 6.51:dollar +:dollar 12.51:dollar =:dollar
EXPR: 0 | POS | FRA | 12 | 24.81 | 13.23 | 6.51=(5.79+(x-12.51)) | 6.51 5.79 x 12.51 - + = | 6.51:dollar 5.79:dollar x:dollar 12.51:dollar -:dollar +:dollar =:dollar
EXPR: 0 | POS | FRA | 12 | 24.81 | 11.79 | 6.51=((5.79-x)+12.51) | 6.51 5.79 x - 12.51 + = | 6.51:dollar 5.79:dollar x:dollar -:dollar 12.51:dollar +:dollar =:dollar
EXPR: 0 | POS | FRA | 12 | 24.81 | 2.8110599078341 | (6.51*x)=(5.79+12.51) | 6.51 x * 5.79 12.51 + = | 6.51:dollar x:cost *:dollar 5.79:dollar 12.51:dollar +:dollar =:dollar
EXPR: 1 | POS | FRA | 12 | 24.81 | 24.81 | 6.51=(x-(5.79+12.51)) | 6.51 x 5.79 12.51 + - = | 6.51:dollar x:dollar 5.79:dollar 12.51:dollar +:dollar -:dollar =:dollar
EXPR: 0 | POS | FRA | 12 | 24.81 | 17.375 | (6.51-5.79)=(12.51/x) | 6.51 5.79 - 12.51 x / = | 6.51:dollar 5.79:dollar -:dollar 12.51:dollar x:cost /:dollar =:dollar
EXPR: 0 | POS | FRA | 12 | 24.81 | 1.01707317073171 | (6.51+5.79)=(12.51/x) | 6.51 5.79 + 12.51 x / = | 6.51:dollar 5.79:dollar +:dollar 12.51:dollar x:cost /:dollar =:dollar
EXPR: 0 | POS | FRA | 12 | 24.81 | 0.96875 | (5.79+(6.51/x))=12.51 | 5.79 6.51 x / + 12.51 = | 5.79:dollar 6.51:dollar x:cost /:dollar +:dollar 12.51:dollar =:dollar
EXPR: 0 | POS | FRA | 12 | 24.81 | 1.03225806451613 | (5.79+(6.51*x))=12.51 | 5.79 6.51 x * + 12.51 = | 5.79:dollar 6.51:dollar x:cost *:dollar +:dollar 12.51:dollar =:dollar
EXPR: 0 | POS | FRA | 12 | 24.81 | 13.23 | 6.51=(x+(5.79-12.51)) | 6.51 x 5.79 12.51 - + = | 6.51:dollar x:dollar 5.79:dollar 12.51:dollar -:dollar +:dollar =:dollar
EXPR: 0 | POS | FRA | 12 | 24.81 | 11.79 | ((x+6.51)-5.79)=12.51 | x 6.51 + 5.79 - 12.51 = | x:dollar 6.51:dollar +:dollar 5.79:dollar -:dollar 12.51:dollar =:dollar
EXPR: 0 | POS | FRA | 12 | 24.81 | 13.6343523316062 | 6.51=(5.79*(x-12.51)) | 6.51 5.79 x 12.51 - * = | 6.51:dollar 5.79:dollar x:cost 12.51:cost -:cost *:dollar =:dollar
EXPR: 0 | POS | FRA | 12 | 24.81 | 7.71165898617511 | (6.51*(x-5.79))=12.51 | 6.51 x 5.79 - * 12.51 = | 6.51:dollar x:cost 5.79:cost -:cost *:dollar 12.51:dollar =:dollar
EXPR: 0 | POS | FRA | 12 | 24.81 | 6.31038369304556 | (6.51/(x-5.79))=12.51 | 6.51 x 5.79 - / 12.51 = | 6.51:dollar x:cost 5.79:cost -:cost /:dollar 12.51:dollar =:dollar
EXPR: 0 | POS | FRA | 12 | 24.81 | 13.23 | 6.51=(5.79-(12.51-x)) | 6.51 5.79 12.51 x - - = | 6.51:dollar 5.79:dollar 12.51:dollar x:dollar -:dollar -:dollar =:dollar
EXPR: 0 | POS | FRA | 12 | 24.81 | 0.209999999999999 | ((x+6.51)+5.79)=12.51 | x 6.51 + 5.79 + 12.51 = | x:dollar 6.51:dollar +:dollar 5.79:dollar +:dollar 12.51:dollar =:dollar
EXPR: 0 | POS | FRA | 12 | 24.81 | 13.23 | 6.51=((5.79-12.51)+x) | 6.51 5.79 12.51 - x + = | 6.51:dollar 5.79:dollar 12.51:dollar -:dollar x:dollar +:dollar =:dollar
EXPR: 0 | POS | FRA | 12 | 24.81 | 0.983213429256595 | (6.51+5.79)=(x*12.51) | 6.51 5.79 + x 12.51 * = | 6.51:dollar 5.79:dollar +:dollar x:cost 12.51:dollar *:dollar =:dollar
EXPR: 0 | POS | FRA | 12 | 24.81 | 0.0575539568345324 | (6.51-5.79)=(x*12.51) | 6.51 5.79 - x 12.51 * = | 6.51:dollar 5.79:dollar -:dollar x:cost 12.51:dollar *:dollar =:dollar
EXPR: 0 | POS | FRA | 12 | 24.81 | 0.209999999999999 | ((6.51+5.79)+x)=12.51 | 6.51 5.79 + x + 12.51 = | 6.51:dollar 5.79:dollar +:dollar x:dollar +:dollar 12.51:dollar =:dollar
EXPR: 0 | POS | FRA | 12 | 24.81 | 17.375 | 5.79=(6.51-(12.51/x)) | 5.79 6.51 12.51 x / - = | 5.79:dollar 6.51:dollar 12.51:dollar x:cost /:dollar -:dollar =:dollar
EXPR: 0 | POS | FRA | 12 | 24.81 | 119.133 | 6.51=(x/(5.79+12.51)) | 6.51 x 5.79 12.51 + / = | 6.51:cost x:cost 5.79:dollar 12.51:dollar +:dollar /:cost =:cost
EXPR: 1 | POS | FRA | 12 | 24.81 | 24.81 | ((x-6.51)-5.79)=12.51 | x 6.51 - 5.79 - 12.51 = | x:dollar 6.51:dollar -:dollar 5.79:dollar -:dollar 12.51:dollar =:dollar
EXPR: 0 | POS | FRA | 12 | 24.81 | 0.355737704918033 | 5.79=((6.51/x)-12.51) | 5.79 6.51 x / 12.51 - = | 5.79:dollar 6.51:dollar x:cost /:dollar 12.51:dollar -:dollar =:dollar
EXPR: 0 | POS | FRA | 12 | 24.81 | 0.209999999999999 | (6.51+(x+5.79))=12.51 | 6.51 x 5.79 + + 12.51 = | 6.51:dollar x:dollar 5.79:dollar +:dollar +:dollar 12.51:dollar =:dollar
EXPR: 0 | POS | FRA | 12 | 24.81 | 2.8110599078341 | 5.79=((6.51*x)-12.51) | 5.79 6.51 x * 12.51 - = | 5.79:dollar 6.51:dollar x:cost *:dollar 12.51:dollar -:dollar =:dollar
EXPR: 1 | POS | FRA | 12 | 24.81 | 24.81 | 6.51=((x-5.79)-12.51) | 6.51 x 5.79 - 12.51 - = | 6.51:dollar x:dollar 5.79:dollar -:dollar 12.51:dollar -:dollar =:dollar
EXPR: 0 | POS | FRA | 12 | 24.81 | 0.0575539568345324 | (6.51-5.79)=(12.51*x) | 6.51 5.79 - 12.51 x * = | 6.51:dollar 5.79:dollar -:dollar 12.51:dollar x:cost *:dollar =:dollar
EXPR: 0 | POS | FRA | 12 | 24.81 | 0.983213429256595 | (6.51+5.79)=(12.51*x) | 6.51 5.79 + 12.51 x * = | 6.51:dollar 5.79:dollar +:dollar 12.51:dollar x:cost *:dollar =:dollar
EXPR: 0 | POS | FRA | 12 | 24.81 | 1.03225806451613 | (5.79+(x*6.51))=12.51 | 5.79 x 6.51 * + 12.51 = | 5.79:dollar x:cost 6.51:dollar *:dollar +:dollar 12.51:dollar =:dollar
EXPR: 0 | POS | FRA | 12 | 24.81 | 0.304416403785489 | 5.79=(x*(6.51+12.51)) | 5.79 x 6.51 12.51 + * = | 5.79:dollar x:cost 6.51:dollar 12.51:dollar +:dollar *:dollar =:dollar
EXPR: 0 | POS | FRA | 12 | 24.81 | 0.965 | 6.51=(12.51-(5.79/x)) | 6.51 12.51 5.79 x / - = | 6.51:dollar 12.51:dollar 5.79:dollar x:cost /:dollar -:dollar =:dollar
EXPR: 0 | POS | FRA | 12 | 24.81 | 13.23 | ((x-6.51)+5.79)=12.51 | x 6.51 - 5.79 + 12.51 = | x:dollar 6.51:dollar -:dollar 5.79:dollar +:dollar 12.51:dollar =:dollar
EXPR: 0 | POS | FRA | 12 | 24.81 | 11.3856476683938 | 6.51=(5.79*(12.51-x)) | 6.51 5.79 12.51 x - * = | 6.51:dollar 5.79:dollar 12.51:cost x:cost -:cost *:dollar =:dollar
EXPR: 0 | POS | FRA | 12 | 24.81 | 0.304416403785489 | ((6.51+12.51)*x)=5.79 | 6.51 12.51 + x * 5.79 = | 6.51:dollar 12.51:dollar +:dollar x:cost *:dollar 5.79:dollar =:dollar
EXPR: 0 | POS | FRA | 12 | 24.81 | 3.28497409326425 | ((6.51+12.51)/x)=5.79 | 6.51 12.51 + x / 5.79 = | 6.51:dollar 12.51:dollar +:dollar x:cost /:dollar 5.79:dollar =:dollar
EXPR: 0 | POS | FRA | 12 | 24.81 | 1.03626943005181 | 6.51=(12.51-(5.79*x)) | 6.51 12.51 5.79 x * - = | 6.51:dollar 12.51:dollar 5.79:dollar x:cost *:dollar -:dollar =:dollar
EXPR: 0 | POS | FRA | 12 | 24.81 | 153.873 | (x/(6.51+5.79))=12.51 | x 6.51 5.79 + / 12.51 = | x:cost 6.51:dollar 5.79:dollar +:dollar /:cost 12.51:cost =:cost
EXPR: 0 | POS | FRA | 12 | 24.81 | 11.79 | ((6.51-5.79)+x)=12.51 | 6.51 5.79 - x + 12.51 = | 6.51:dollar 5.79:dollar -:dollar x:dollar +:dollar 12.51:dollar =:dollar
EXPR: 0 | POS | FRA | 12 | 24.81 | 2.8110599078341 | ((x*6.51)-12.51)=5.79 | x 6.51 * 12.51 - 5.79 = | x:cost 6.51:dollar *:dollar 12.51:dollar -:dollar 5.79:dollar =:dollar
EXPR: 0 | POS | FRA | 12 | 24.81 | 0.209999999999999 | (6.51+(5.79+x))=12.51 | 6.51 5.79 x + + 12.51 = | 6.51:dollar 5.79:dollar x:dollar +:dollar +:dollar 12.51:dollar =:dollar
EXPR: 0 | POS | FRA | 12 | 24.81 | 13.399400921659 | 6.51=(5.79/(x-12.51)) | 6.51 5.79 x 12.51 - / = | 6.51:dollar 5.79:dollar x:cost 12.51:cost -:cost /:dollar =:dollar
EXPR: 0 | POS | FRA | 12 | 24.81 | 4.34937823834197 | ((6.51-x)*5.79)=12.51 | 6.51 x - 5.79 * 12.51 = | 6.51:cost x:cost -:cost 5.79:dollar *:dollar 12.51:dollar =:dollar
EXPR: 0 | POS | FRA | 12 | 24.81 | 3.28497409326425 | ((5.79*x)-6.51)=12.51 | 5.79 x * 6.51 - 12.51 = | 5.79:dollar x:cost *:dollar 6.51:dollar -:dollar 12.51:dollar =:dollar
EXPR: 0 | POS | FRA | 12 | 24.81 | 1.03626943005181 | ((5.79*x)+6.51)=12.51 | 5.79 x * 6.51 + 12.51 = | 5.79:dollar x:cost *:dollar 6.51:dollar +:dollar 12.51:dollar =:dollar
EXPR: 0 | POS | FRA | 12 | 24.81 | 0.0575539568345324 | 5.79=(6.51-(12.51*x)) | 5.79 6.51 12.51 x * - = | 5.79:dollar 6.51:dollar 12.51:dollar x:cost *:dollar -:dollar =:dollar
EXPR: 0 | POS | FRA | 12 | 24.81 | 0.304416403785489 | (x*(6.51+12.51))=5.79 | x 6.51 12.51 + * 5.79 = | x:cost 6.51:dollar 12.51:dollar +:dollar *:dollar 5.79:dollar =:dollar
EXPR: 0 | POS | FRA | 12 | 24.81 | 0.304416403785489 | 5.79=((6.51+12.51)*x) | 5.79 6.51 12.51 + x * = | 5.79:dollar 6.51:dollar 12.51:dollar +:dollar x:cost *:dollar =:dollar
EXPR: 0 | POS | FRA | 12 | 24.81 | 2.8110599078341 | 5.79=((x*6.51)-12.51) | 5.79 x 6.51 * 12.51 - = | 5.79:dollar x:cost 6.51:dollar *:dollar 12.51:dollar -:dollar =:dollar
EXPR: 0 | POS | FRA | 12 | 24.81 | 11.79 | (6.51-(5.79-x))=12.51 | 6.51 5.79 x - - 12.51 = | 6.51:dollar 5.79:dollar x:dollar -:dollar -:dollar 12.51:dollar =:dollar
EXPR: 0 | POS | FRA | 12 | 24.81 | 3.28497409326425 | 5.79=((6.51+12.51)/x) | 5.79 6.51 12.51 + x / = | 5.79:dollar 6.51:dollar 12.51:dollar +:dollar x:cost /:dollar =:dollar
EXPR: 0 | POS | FRA | 12 | 24.81 | 1.03626943005181 | ((x*5.79)+6.51)=12.51 | x 5.79 * 6.51 + 12.51 = | x:cost 5.79:dollar *:dollar 6.51:dollar +:dollar 12.51:dollar =:dollar
EXPR: 1 | POS | FRA | 12 | 24.81 | 24.81 | (x-(6.51+5.79))=12.51 | x 6.51 5.79 + - 12.51 = | x:dollar 6.51:dollar 5.79:dollar +:dollar -:dollar 12.51:dollar =:dollar
EXPR: 0 | POS | FRA | 12 | 24.81 | 11.79 | (x+(6.51-5.79))=12.51 | x 6.51 5.79 - + 12.51 = | x:dollar 6.51:dollar 5.79:dollar -:dollar +:dollar 12.51:dollar =:dollar
EXPR: 0 | POS | FRA | 12 | 24.81 | 13.23 | (x-(6.51-5.79))=12.51 | x 6.51 5.79 - - 12.51 = | x:dollar 6.51:dollar 5.79:dollar -:dollar -:dollar 12.51:dollar =:dollar
EXPR: 0 | POS | FRA | 12 | 24.81 | 0.209999999999999 | (x+(6.51+5.79))=12.51 | x 6.51 5.79 + + 12.51 = | x:dollar 6.51:dollar 5.79:dollar +:dollar +:dollar 12.51:dollar =:dollar
EXPR: 0 | POS | FRA | 12 | 24.81 | 6.31038369304556 | 6.51=((x-5.79)*12.51) | 6.51 x 5.79 - 12.51 * = | 6.51:dollar x:cost 5.79:cost -:cost 12.51:dollar *:dollar =:dollar
EXPR: 0 | POS | FRA | 12 | 24.81 | 2.8110599078341 | (x*6.51)=(5.79+12.51) | x 6.51 * 5.79 12.51 + = | x:cost 6.51:dollar *:dollar 5.79:dollar 12.51:dollar +:dollar =:dollar
EXPR: 0 | POS | FRA | 12 | 24.81 | 11.79 | ((6.51+x)-5.79)=12.51 | 6.51 x + 5.79 - 12.51 = | 6.51:dollar x:dollar +:dollar 5.79:dollar -:dollar 12.51:dollar =:dollar
EXPR: 0 | POS | FRA | 12 | 24.81 | 0.209999999999999 | ((6.51+x)+5.79)=12.51 | 6.51 x + 5.79 + 12.51 = | 6.51:dollar x:dollar +:dollar 5.79:dollar +:dollar 12.51:dollar =:dollar
EXPR: 0 | POS | FRA | 12 | 24.81 | 11.620599078341 | 6.51=(5.79/(12.51-x)) | 6.51 5.79 12.51 x - / = | 6.51:dollar 5.79:dollar 12.51:cost x:cost -:cost /:dollar =:dollar
EXPR: 0 | POS | FRA | 12 | 24.81 | 9.0072 | (x/(6.51-5.79))=12.51 | x 6.51 5.79 - / 12.51 = | x:cost 6.51:dollar 5.79:dollar -:dollar /:cost 12.51:cost =:cost
EXPR: 0 | POS | FRA | 12 | 24.81 | 0.0575539568345324 | 5.79=(6.51-(x*12.51)) | 5.79 6.51 x 12.51 * - = | 5.79:dollar 6.51:dollar x:cost 12.51:dollar *:dollar -:dollar =:dollar
EXPR: 0 | POS | FRA | 12 | 24.81 | 11.79 | (6.51+(x-5.79))=12.51 | 6.51 x 5.79 - + 12.51 = | 6.51:dollar x:dollar 5.79:dollar -:dollar +:dollar 12.51:dollar =:dollar
EXPR: 0 | POS | FRA | 12 | 24.81 | 13.23 | 6.51=((x+5.79)-12.51) | 6.51 x 5.79 + 12.51 - = | 6.51:dollar x:dollar 5.79:dollar +:dollar 12.51:dollar -:dollar =:dollar
EXPR: 0 | POS | FRA | 12 | 24.81 | 11.79 | 6.51=((5.79+12.51)-x) | 6.51 5.79 12.51 + x - = | 6.51:dollar 5.79:dollar 12.51:dollar +:dollar x:dollar -:dollar =:dollar
EXPR: 0 | POS | FRA | 12 | 24.81 | 13.23 | 6.51=((5.79+x)-12.51) | 6.51 5.79 x + 12.51 - = | 6.51:dollar 5.79:dollar x:dollar +:dollar 12.51:dollar -:dollar =:dollar
EXPR: 0 | POS | FRA | 20 | 24.81 | 25.1829 | ((6.51*5.79)-12.51)=x | 6.51 5.79 * 12.51 - x = | 6.51:cost 5.79:dollar *:dollar 12.51:dollar -:dollar x:dollar =:dollar
EXPR: 0 | POS | FRA | 20 | 24.81 | 50.2029 | ((6.51*5.79)+12.51)=x | 6.51 5.79 * 12.51 + x = | 6.51:cost 5.79:dollar *:dollar 12.51:dollar +:dollar x:dollar =:dollar
EXPR: 0 | POS | FRA | 20 | 24.81 | 0.304416403785489 | x=(5.79/(6.51+12.51)) | x 5.79 6.51 12.51 + / = | x:cost 5.79:cost 6.51:dollar 12.51:dollar +:dollar /:cost =:cost
EXPR: 0 | POS | FRA | 20 | 24.81 | 25.1829 | x=((6.51*5.79)-12.51) | x 6.51 5.79 * 12.51 - = | x:cost 6.51:dollar 5.79:cost *:cost 12.51:cost -:cost =:cost
EXPR: 0 | POS | FRA | 20 | 24.81 | 50.2029 | x=((6.51*5.79)+12.51) | x 6.51 5.79 * 12.51 + = | x:cost 6.51:dollar 5.79:cost *:cost 12.51:cost +:cost =:cost
EXPR: 0 | POS | FRA | 20 | 24.81 | 78.9429 | (6.51+(5.79*12.51))=x | 6.51 5.79 12.51 * + x = | 6.51:cost 5.79:dollar 12.51:cost *:cost +:cost x:cost =:cost
EXPR: 0 | POS | FRA | 20 | 24.81 | 6.04717026378897 | (6.51-(5.79/12.51))=x | 6.51 5.79 12.51 / - x = | 6.51:cost 5.79:cost 12.51:dollar /:cost -:cost x:cost =:cost
EXPR: 0 | POS | FRA | 20 | 24.81 | 0.983213429256595 | ((6.51+5.79)/12.51)=x | 6.51 5.79 + 12.51 / x = | 6.51:cost 5.79:cost +:cost 12.51:dollar /:cost x:cost =:cost
EXPR: 0 | POS | FRA | 20 | 24.81 | 6.97282973621103 | (6.51+(5.79/12.51))=x | 6.51 5.79 12.51 / + x = | 6.51:dollar 5.79:dollar 12.51:cost /:dollar +:dollar x:dollar =:dollar
EXPR: 0 | POS | FRA | 20 | 24.81 | 11.79 | (5.79-(6.51-12.51))=x | 5.79 6.51 12.51 - - x = | 5.79:dollar 6.51:dollar 12.51:dollar -:dollar -:dollar x:dollar =:dollar
EXPR: 0 | POS | FRA | 20 | 24.81 | 0.0575539568345324 | ((6.51-5.79)/12.51)=x | 6.51 5.79 - 12.51 / x = | 6.51:dollar 5.79:dollar -:dollar 12.51:cost /:dollar x:dollar =:dollar
EXPR: 0 | POS | FRA | 20 | 24.81 | 78.9429 | x=(6.51+(5.79*12.51)) | x 6.51 5.79 12.51 * + = | x:dollar 6.51:dollar 5.79:dollar 12.51:cost *:dollar +:dollar =:dollar
EXPR: 0 | POS | FRA | 20 | 24.81 | 6.97282973621103 | x=(6.51+(5.79/12.51)) | x 6.51 5.79 12.51 / + = | x:dollar 6.51:dollar 5.79:dollar 12.51:cost /:dollar +:dollar =:dollar
EXPR: 0 | POS | FRA | 20 | 24.81 | 110.1258 | (5.79*(6.51+12.51))=x | 5.79 6.51 12.51 + * x = | 5.79:cost 6.51:dollar 12.51:dollar +:dollar *:cost x:cost =:cost
EXPR: 1 | POS | FRA | 20 | 24.81 | 24.81 | (5.79+(6.51+12.51))=x | 5.79 6.51 12.51 + + x = | 5.79:dollar 6.51:dollar 12.51:dollar +:dollar +:dollar x:dollar =:dollar
EXPR: 0 | POS | FRA | 20 | 24.81 | 43.7472 | (6.51*(12.51-5.79))=x | 6.51 12.51 5.79 - * x = | 6.51:cost 12.51:dollar 5.79:dollar -:dollar *:cost x:cost =:cost
EXPR: 0 | POS | FRA | 20 | 24.81 | 6.04717026378897 | x=(6.51-(5.79/12.51)) | x 6.51 5.79 12.51 / - = | x:dollar 6.51:dollar 5.79:dollar 12.51:cost /:dollar -:dollar =:dollar
EXPR: 0 | POS | FRA | 20 | 24.81 | 0.304416403785489 | (5.79/(6.51+12.51))=x | 5.79 6.51 12.51 + / x = | 5.79:cost 6.51:dollar 12.51:dollar +:dollar /:cost x:cost =:cost
EXPR: 0 | POS | FRA | 20 | 24.81 | 110.1258 | x=((6.51+12.51)*5.79) | x 6.51 12.51 + 5.79 * = | x:cost 6.51:dollar 12.51:dollar +:dollar 5.79:cost *:cost =:cost
EXPR: 1 | POS | FRA | 20 | 24.81 | 24.81 | x=((6.51+12.51)+5.79) | x 6.51 12.51 + 5.79 + = | x:dollar 6.51:dollar 12.51:dollar +:dollar 5.79:dollar +:dollar =:dollar
EXPR: 0 | POS | FRA | 20 | 24.81 | 0.983213429256595 | x=((6.51+5.79)/12.51) | x 6.51 5.79 + 12.51 / = | x:dollar 6.51:dollar 5.79:dollar +:dollar 12.51:cost /:dollar =:dollar
EXPR: 0 | POS | FRA | 20 | 24.81 | 110.1258 | ((6.51+12.51)*5.79)=x | 6.51 12.51 + 5.79 * x = | 6.51:dollar 12.51:dollar +:dollar 5.79:cost *:cost x:cost =:cost
EXPR: 0 | POS | FRA | 20 | 24.81 | 13.23 | x=((6.51+12.51)-5.79) | x 6.51 12.51 + 5.79 - = | x:dollar 6.51:dollar 12.51:dollar +:dollar 5.79:dollar -:dollar =:dollar
EXPR: 0 | POS | FRA | 20 | 24.81 | 13.6343523316062 | x=((6.51/5.79)+12.51) | x 6.51 5.79 / 12.51 + = | x:dollar 6.51:dollar 5.79:cost /:dollar 12.51:dollar +:dollar =:dollar
EXPR: 0 | POS | FRA | 20 | 24.81 | 13.23 | (6.51+(12.51-5.79))=x | 6.51 12.51 5.79 - + x = | 6.51:dollar 12.51:dollar 5.79:dollar -:dollar +:dollar x:dollar =:dollar
EXPR: 0 | POS | FRA | 20 | 24.81 | 0.0575539568345324 | x=((6.51-5.79)/12.51) | x 6.51 5.79 - 12.51 / = | x:cost 6.51:cost 5.79:cost -:cost 12.51:dollar /:cost =:cost
EXPR: 0 | POS | FRA | 20 | 24.81 | 110.1258 | x=(5.79*(6.51+12.51)) | x 5.79 6.51 12.51 + * = | x:cost 5.79:cost 6.51:dollar 12.51:dollar +:dollar *:cost =:cost
EXPR: 0 | POS | FRA | 20 | 24.81 | 13.6343523316062 | ((6.51/5.79)+12.51)=x | 6.51 5.79 / 12.51 + x = | 6.51:cost 5.79:dollar /:cost 12.51:cost +:cost x:cost =:cost
EXPR: 0 | POS | FRA | 20 | 24.81 | 11.79 | x=((5.79-6.51)+12.51) | x 5.79 6.51 - 12.51 + = | x:dollar 5.79:dollar 6.51:dollar -:dollar 12.51:dollar +:dollar =:dollar
EXPR: 0 | POS | FRA | 20 | 24.81 | 0.96875 | x=(6.51/(12.51-5.79)) | x 6.51 12.51 5.79 - / = | x:cost 6.51:cost 12.51:dollar 5.79:dollar -:dollar /:cost =:cost
EXPR: 0 | POS | FRA | 20 | 24.81 | 43.7472 | x=(6.51*(12.51-5.79)) | x 6.51 12.51 5.79 - * = | x:cost 6.51:cost 12.51:dollar 5.79:dollar -:dollar *:cost =:cost
EXPR: 0 | POS | FRA | 20 | 24.81 | 11.79 | ((5.79-6.51)+12.51)=x | 5.79 6.51 - 12.51 + x = | 5.79:dollar 6.51:dollar -:dollar 12.51:dollar +:dollar x:dollar =:dollar
EXPR: 0 | POS | FRA | 20 | 24.81 | 13.23 | x=(6.51+(12.51-5.79)) | x 6.51 12.51 5.79 - + = | x:dollar 6.51:dollar 12.51:dollar 5.79:dollar -:dollar +:dollar =:dollar
EXPR: 0 | POS | FRA | 20 | 24.81 | 13.23 | ((6.51+12.51)-5.79)=x | 6.51 12.51 + 5.79 - x = | 6.51:dollar 12.51:dollar +:dollar 5.79:dollar -:dollar x:dollar =:dollar
EXPR: 0 | POS | FRA | 20 | 24.81 | 0.96875 | (6.51/(12.51-5.79))=x | 6.51 12.51 5.79 - / x = | 6.51:cost 12.51:dollar 5.79:dollar -:dollar /:cost x:cost =:cost
EXPR: 1 | POS | FRA | 20 | 24.81 | 24.81 | ((6.51+12.51)+5.79)=x | 6.51 12.51 + 5.79 + x = | 6.51:dollar 12.51:dollar +:dollar 5.79:dollar +:dollar x:dollar =:dollar
EXPR: 1 | POS | FRA | 20 | 24.81 | 24.81 | x=(5.79+(6.51+12.51)) | x 5.79 6.51 12.51 + + = | x:dollar 5.79:dollar 6.51:dollar 12.51:dollar +:dollar +:dollar =:dollar
EXPR: 0 | POS | FRA | 20 | 24.81 | 11.79 | x=(5.79-(6.51-12.51)) | x 5.79 6.51 12.51 - - = | x:dollar 5.79:dollar 6.51:dollar 12.51:dollar -:dollar -:dollar =:dollar
EXPR: 0 | POS | FRA | 22 | 24.81 | 78.9429 | 6.51=(x-(5.79*12.51)) | 6.51 x 5.79 12.51 * - = | 6.51:dollar x:dollar 5.79:cost 12.51:dollar *:dollar -:dollar =:dollar
EXPR: 0 | POS | FRA | 22 | 24.81 | 50.2029 | (x-(6.51*5.79))=12.51 | x 6.51 5.79 * - 12.51 = | x:dollar 6.51:cost 5.79:dollar *:dollar -:dollar 12.51:dollar =:dollar
EXPR: 0 | POS | FRA | 22 | 24.81 | 13.399400921659 | 5.79=(6.51*(x-12.51)) | 5.79 6.51 x 12.51 - * = | 5.79:dollar 6.51:dollar x:cost 12.51:cost -:cost *:dollar =:dollar
EXPR: 0 | POS | FRA | 22 | 24.81 | 11.620599078341 | (6.51*(12.51-x))=5.79 | 6.51 12.51 x - * 5.79 = | 6.51:dollar 12.51:cost x:cost -:cost *:dollar 5.79:dollar =:dollar
EXPR: 0 | POS | FRA | 22 | 24.81 | 11.3856476683938 | (6.51/(12.51-x))=5.79 | 6.51 12.51 x - / 5.79 = | 6.51:dollar 12.51:cost x:cost -:cost /:dollar 5.79:dollar =:dollar
EXPR: 0 | POS | FRA | 22 | 24.81 | 110.1258 | 6.51=((x/5.79)-12.51) | 6.51 x 5.79 / 12.51 - = | 6.51:dollar x:dollar 5.79:cost /:dollar 12.51:dollar -:dollar =:dollar
EXPR: 0 | POS | FRA | 22 | 24.81 | 75.6501000000001 | 6.51=((x+5.79)/12.51) | 6.51 x 5.79 + 12.51 / = | 6.51:dollar x:dollar 5.79:dollar +:dollar 12.51:cost /:dollar =:dollar
EXPR: 0 | POS | FRA | 22 | 24.81 | 34.74 | (6.51+(x/5.79))=12.51 | 6.51 x 5.79 / + 12.51 = | 6.51:dollar x:dollar 5.79:cost /:dollar +:dollar 12.51:dollar =:dollar
EXPR: 0 | POS | FRA | 22 | 24.81 | 65.9229 | 6.51=((5.79*12.51)-x) | 6.51 5.79 12.51 * x - = | 6.51:dollar 5.79:dollar 12.51:cost *:dollar x:dollar -:dollar =:dollar
EXPR: 0 | POS | FRA | 22 | 24.81 | 4.34937823834197 | (5.79*(6.51-x))=12.51 | 5.79 6.51 x - * 12.51 = | 5.79:dollar 6.51:cost x:cost -:cost *:dollar 12.51:dollar =:dollar
EXPR: 0 | POS | FRA | 22 | 24.81 | 6.04717026378897 | (5.79/(6.51-x))=12.51 | 5.79 6.51 x - / 12.51 = | 5.79:dollar 6.51:cost x:cost -:cost /:dollar 12.51:dollar =:dollar
EXPR: 0 | POS | FRA | 22 | 24.81 | 6.97282973621103 | ((x-6.51)*12.51)=5.79 | x 6.51 - 12.51 * 5.79 = | x:cost 6.51:cost -:cost 12.51:dollar *:dollar 5.79:dollar =:dollar
EXPR: 0 | POS | FRA | 22 | 24.81 | 3.01302158273381 | (6.51*5.79)=(x*12.51) | 6.51 5.79 * x 12.51 * = | 6.51:cost 5.79:dollar *:cost x:cost 12.51:dollar *:cost =:cost
EXPR: 0 | POS | FRA | 22 | 24.81 | 25.1829 | ((6.51*5.79)-x)=12.51 | 6.51 5.79 * x - 12.51 = | 6.51:dollar 5.79:cost *:cost x:cost -:cost 12.51:cost =:cost
EXPR: 0 | POS | FRA | 22 | 24.81 | 13.23 | 6.51=((x-12.51)+5.79) | 6.51 x 12.51 - 5.79 + = | 6.51:dollar x:dollar 12.51:dollar -:dollar 5.79:dollar +:dollar =:dollar
EXPR: 0 | POS | FRA | 22 | 24.81 | 13.23 | ((5.79-6.51)+x)=12.51 | 5.79 6.51 - x + 12.51 = | 5.79:dollar 6.51:dollar -:dollar x:dollar +:dollar 12.51:dollar =:dollar
EXPR: 0 | POS | FRA | 22 | 24.81 | 0.209999999999999 | (5.79+(6.51+x))=12.51 | 5.79 6.51 x + + 12.51 = | 5.79:dollar 6.51:dollar x:dollar +:dollar +:dollar 12.51:dollar =:dollar
EXPR: 0 | POS | FRA | 22 | 24.81 | 75.6501000000001 | 6.51=((5.79+x)/12.51) | 6.51 5.79 x + 12.51 / = | 6.51:dollar 5.79:dollar x:dollar +:dollar 12.51:cost /:dollar =:dollar
EXPR: 0 | POS | FRA | 22 | 24.81 | 11.1264055299539 | (6.51*x)=(5.79*12.51) | 6.51 x * 5.79 12.51 * = | 6.51:dollar x:cost *:cost 5.79:cost 12.51:dollar *:cost =:cost
EXPR: 0 | POS | FRA | 22 | 24.81 | 13.23 | ((6.51+12.51)-x)=5.79 | 6.51 12.51 + x - 5.79 = | 6.51:dollar 12.51:dollar +:dollar x:dollar -:dollar 5.79:dollar =:dollar
EXPR: 0 | POS | FRA | 22 | 24.81 | 110.1258 | 5.79=(x/(6.51+12.51)) | 5.79 x 6.51 12.51 + / = | 5.79:cost x:cost 6.51:dollar 12.51:dollar +:dollar /:cost =:cost
EXPR: 0 | POS | FRA | 22 | 24.81 | 13.23 | (5.79-(6.51-x))=12.51 | 5.79 6.51 x - - 12.51 = | 5.79:dollar 6.51:dollar x:dollar -:dollar -:dollar 12.51:dollar =:dollar
EXPR: 0 | POS | FRA | 22 | 24.81 | 7.71165898617511 | ((x-5.79)*6.51)=12.51 | x 5.79 - 6.51 * 12.51 = | x:cost 5.79:cost -:cost 6.51:dollar *:dollar 12.51:dollar =:dollar
EXPR: 0 | POS | FRA | 22 | 24.81 | 471.538179 | (x/6.51)=(5.79*12.51) | x 6.51 / 5.79 12.51 * = | x:cost 6.51:dollar /:cost 5.79:dollar 12.51:cost *:cost =:cost
EXPR: 0 | POS | FRA | 22 | 24.81 | 87.2301 | 6.51=((x-5.79)/12.51) | 6.51 x 5.79 - 12.51 / = | 6.51:dollar x:dollar 5.79:dollar -:dollar 12.51:cost /:dollar =:dollar
EXPR: 0 | POS | FRA | 22 | 24.81 | 11.79 | ((6.51-12.51)+x)=5.79 | 6.51 12.51 - x + 5.79 = | 6.51:dollar 12.51:dollar -:dollar x:dollar +:dollar 5.79:dollar =:dollar
EXPR: 0 | POS | FRA | 22 | 24.81 | 3.28497409326425 | (x*5.79)=(6.51+12.51) | x 5.79 * 6.51 12.51 + = | x:cost 5.79:dollar *:dollar 6.51:dollar 12.51:dollar +:dollar =:dollar
EXPR: 0 | POS | FRA | 22 | 24.81 | 471.538179 | (6.51*5.79)=(x/12.51) | 6.51 5.79 * x 12.51 / = | 6.51:cost 5.79:dollar *:cost x:cost 12.51:dollar /:cost =:cost
EXPR: 0 | POS | FRA | 22 | 24.81 | 6.04717026378897 | 6.51=((5.79/12.51)+x) | 6.51 5.79 12.51 / x + = | 6.51:dollar 5.79:dollar 12.51:cost /:dollar x:dollar +:dollar =:dollar
EXPR: 0 | POS | FRA | 22 | 24.81 | 9.0072 | 6.51=(5.79+(x/12.51)) | 6.51 5.79 x 12.51 / + = | 6.51:cost 5.79:cost x:cost 12.51:dollar /:cost +:cost =:cost
EXPR: 0 | POS | FRA | 22 | 24.81 | 6.97282973621103 | 6.51=(x-(5.79/12.51)) | 6.51 x 5.79 12.51 / - = | 6.51:dollar x:dollar 5.79:dollar 12.51:cost /:dollar -:dollar =:dollar
EXPR: 0 | POS | FRA | 22 | 24.81 | 6.04717026378897 | 6.51=(x+(5.79/12.51)) | 6.51 x 5.79 12.51 / + = | 6.51:dollar x:dollar 5.79:dollar 12.51:cost /:dollar +:dollar =:dollar
EXPR: 0 | POS | FRA | 22 | 24.81 | 3.86834101382488 | ((5.79-x)*6.51)=12.51 | 5.79 x - 6.51 * 12.51 = | 5.79:cost x:cost -:cost 6.51:dollar *:dollar 12.51:dollar =:dollar
EXPR: 0 | POS | FRA | 22 | 24.81 | 11.79 | (x+6.51)=(5.79+12.51) | x 6.51 + 5.79 12.51 + = | x:dollar 6.51:dollar +:dollar 5.79:dollar 12.51:dollar +:dollar =:dollar
EXPR: 0 | POS | FRA | 22 | 24.81 | 3.01302158273381 | (6.51*5.79)=(12.51*x) | 6.51 5.79 * 12.51 x * = | 6.51:dollar 5.79:cost *:cost 12.51:dollar x:cost *:cost =:cost
EXPR: 0 | POS | FRA | 22 | 24.81 | 11.79 | 6.51=(12.51-(x-5.79)) | 6.51 12.51 x 5.79 - - = | 6.51:dollar 12.51:dollar x:dollar 5.79:dollar -:dollar -:dollar =:dollar
EXPR: 0 | POS | FRA | 22 | 24.81 | 11.3856476683938 | 6.51=((12.51-x)*5.79) | 6.51 12.51 x - 5.79 * = | 6.51:dollar 12.51:cost x:cost -:cost 5.79:dollar *:dollar =:dollar
EXPR: 0 | POS | FRA | 22 | 24.81 | 65.9229000000001 | ((6.51+x)/5.79)=12.51 | 6.51 x + 5.79 / 12.51 = | 6.51:dollar x:dollar +:dollar 5.79:cost /:dollar 12.51:dollar =:dollar
EXPR: 0 | POS | FRA | 22 | 24.81 | 11.1264055299539 | (x*6.51)=(5.79*12.51) | x 6.51 * 5.79 12.51 * = | x:cost 6.51:dollar *:cost 5.79:cost 12.51:dollar *:cost =:cost
EXPR: 0 | POS | FRA | 22 | 24.81 | 0.21 | 6.51=(12.51-(5.79+x)) | 6.51 12.51 5.79 x + - = | 6.51:dollar 12.51:dollar 5.79:dollar x:dollar +:dollar -:dollar =:dollar
EXPR: 0 | POS | FRA | 22 | 24.81 | 11.79 | 6.51=(12.51+(5.79-x)) | 6.51 12.51 5.79 x - + = | 6.51:dollar 12.51:dollar 5.79:dollar x:dollar -:dollar +:dollar =:dollar
EXPR: 0 | POS | FRA | 22 | 24.81 | 0.0710951975746592 | (x*6.51)=(5.79/12.51) | x 6.51 * 5.79 12.51 / = | x:cost 6.51:dollar *:dollar 5.79:dollar 12.51:cost /:dollar =:dollar
EXPR: 0 | POS | FRA | 22 | 24.81 | 11.79 | 6.51=((12.51-x)+5.79) | 6.51 12.51 x - 5.79 + = | 6.51:dollar 12.51:dollar x:dollar -:dollar 5.79:dollar +:dollar =:dollar
EXPR: 0 | POS | FRA | 22 | 24.81 | 13.23 | (x+(5.79-6.51))=12.51 | x 5.79 6.51 - + 12.51 = | x:dollar 5.79:dollar 6.51:dollar -:dollar +:dollar 12.51:dollar =:dollar
EXPR: 0 | POS | FRA | 22 | 24.81 | 0.21 | 6.51=(12.51-(x+5.79)) | 6.51 12.51 x 5.79 + - = | 6.51:dollar 12.51:dollar x:dollar 5.79:dollar +:dollar -:dollar =:dollar
EXPR: 0 | POS | FRA | 22 | 24.81 | 11.79 | (x-(5.79-6.51))=12.51 | x 5.79 6.51 - - 12.51 = | x:dollar 5.79:dollar 6.51:dollar -:dollar -:dollar 12.51:dollar =:dollar
EXPR: 0 | POS | FRA | 22 | 24.81 | 13.23 | (6.51-x)=(5.79-12.51) | 6.51 x - 5.79 12.51 - = | 6.51:dollar x:dollar -:dollar 5.79:dollar 12.51:dollar -:dollar =:dollar
EXPR: 1 | POS | FRA | 22 | 24.81 | 24.81 | (x-6.51)=(5.79+12.51) | x 6.51 - 5.79 12.51 + = | x:dollar 6.51:dollar -:dollar 5.79:dollar 12.51:dollar +:dollar =:dollar
EXPR: 0 | POS | FRA | 22 | 24.81 | 0.21 | 6.51=((12.51-5.79)-x) | 6.51 12.51 5.79 - x - = | 6.51:dollar 12.51:dollar 5.79:dollar -:dollar x:dollar -:dollar =:dollar
EXPR: 0 | POS | FRA | 22 | 24.81 | 0.0898762855000973 | (6.51/x)=(5.79*12.51) | 6.51 x / 5.79 12.51 * = | 6.51:dollar x:cost /:dollar 5.79:dollar 12.51:cost *:dollar =:dollar
EXPR: 0 | POS | FRA | 22 | 24.81 | 13.23 | (6.51-5.79)=(x-12.51) | 6.51 5.79 - x 12.51 - = | 6.51:dollar 5.79:dollar -:dollar x:dollar 12.51:dollar -:dollar =:dollar
EXPR: 1 | POS | FRA | 22 | 24.81 | 24.81 | (6.51+5.79)=(x-12.51) | 6.51 5.79 + x 12.51 - = | 6.51:dollar 5.79:dollar +:dollar x:dollar 12.51:dollar -:dollar =:dollar
EXPR: 0 | POS | FRA | 22 | 24.81 | 0.0710951975746592 | (6.51*x)=(5.79/12.51) | 6.51 x * 5.79 12.51 / = | 6.51:dollar x:cost *:cost 5.79:cost 12.51:dollar /:cost =:cost
EXPR: 0 | POS | FRA | 22 | 24.81 | 1.03225806451613 | (x*6.51)=(12.51-5.79) | x 6.51 * 12.51 5.79 - = | x:cost 6.51:dollar *:dollar 12.51:dollar 5.79:dollar -:dollar =:dollar
EXPR: 0 | POS | FRA | 22 | 24.81 | 0.21 | 6.51=((12.51-x)-5.79) | 6.51 12.51 x - 5.79 - = | 6.51:dollar 12.51:dollar x:dollar -:dollar 5.79:dollar -:dollar =:dollar
EXPR: 1 | POS | FRA | 22 | 24.81 | 24.81 | 6.51=((x-12.51)-5.79) | 6.51 x 12.51 - 5.79 - = | 6.51:dollar x:dollar 12.51:dollar -:dollar 5.79:dollar -:dollar =:dollar
EXPR: 0 | POS | FRA | 22 | 24.81 | 11.79 | (6.51+x)=(5.79+12.51) | 6.51 x + 5.79 12.51 + = | 6.51:dollar x:dollar +:dollar 5.79:dollar 12.51:dollar +:dollar =:dollar
EXPR: 0 | POS | FRA | 22 | 24.81 | 11.79 | (6.51-5.79)=(12.51-x) | 6.51 5.79 - 12.51 x - = | 6.51:dollar 5.79:dollar -:dollar 12.51:dollar x:dollar -:dollar =:dollar
EXPR: 0 | POS | FRA | 22 | 24.81 | 8.67062176165803 | (5.79*(x-6.51))=12.51 | 5.79 x 6.51 - * 12.51 = | 5.79:dollar x:cost 6.51:cost -:cost *:dollar 12.51:dollar =:dollar
EXPR: 0 | POS | FRA | 22 | 24.81 | 6.97282973621103 | (5.79/(x-6.51))=12.51 | 5.79 x 6.51 - / 12.51 = | 5.79:dollar x:cost 6.51:cost -:cost /:dollar 12.51:dollar =:dollar
EXPR: 0 | POS | FRA | 22 | 24.81 | 13.23 | 6.51=(x-(12.51-5.79)) | 6.51 x 12.51 5.79 - - = | 6.51:dollar x:dollar 12.51:dollar 5.79:dollar -:dollar -:dollar =:dollar
EXPR: 0 | POS | FRA | 22 | 24.81 | 0.331892743726272 | (6.51*5.79)=(12.51/x) | 6.51 5.79 * 12.51 x / = | 6.51:cost 5.79:dollar *:dollar 12.51:dollar x:cost /:dollar =:dollar
EXPR: 0 | POS | FRA | 22 | 24.81 | 0.209999999999999 | (5.79+(x+6.51))=12.51 | 5.79 x 6.51 + + 12.51 = | 5.79:dollar x:dollar 6.51:dollar +:dollar +:dollar 12.51:dollar =:dollar
EXPR: 0 | POS | FRA | 22 | 24.81 | 0.209999999999999 | ((x+5.79)+6.51)=12.51 | x 5.79 + 6.51 + 12.51 = | x:dollar 5.79:dollar +:dollar 6.51:dollar +:dollar 12.51:dollar =:dollar
EXPR: 0 | POS | FRA | 22 | 24.81 | 14.0656476683938 | (6.51/5.79)=(x/12.51) | 6.51 5.79 / x 12.51 / = | 6.51:cost 5.79:dollar /:cost x:cost 12.51:dollar /:cost =:cost
EXPR: 0 | POS | FRA | 22 | 24.81 | 3.28497409326425 | (6.51+12.51)=(x*5.79) | 6.51 12.51 + x 5.79 * = | 6.51:dollar 12.51:dollar +:dollar x:cost 5.79:dollar *:dollar =:dollar
EXPR: 0 | POS | FRA | 22 | 24.81 | 0.0898762855000973 | (6.51/5.79)=(x*12.51) | 6.51 5.79 / x 12.51 * = | 6.51:dollar 5.79:cost /:dollar x:cost 12.51:dollar *:dollar =:dollar
EXPR: 0 | POS | FRA | 22 | 24.81 | 11.79 | 5.79=((6.51+x)-12.51) | 5.79 6.51 x + 12.51 - = | 5.79:dollar 6.51:dollar x:dollar +:dollar 12.51:dollar -:dollar =:dollar
EXPR: 0 | POS | FRA | 22 | 24.81 | 43.7472 | 6.51=(x/(12.51-5.79)) | 6.51 x 12.51 5.79 - / = | 6.51:cost x:cost 12.51:dollar 5.79:dollar -:dollar /:cost =:cost
EXPR: 0 | POS | FRA | 22 | 24.81 | 3.01302158273381 | (x/6.51)=(5.79/12.51) | x 6.51 / 5.79 12.51 / = | x:cost 6.51:dollar /:cost 5.79:cost 12.51:dollar /:cost =:cost
EXPR: 1 | POS | FRA | 22 | 24.81 | 24.81 | ((x-5.79)-6.51)=12.51 | x 5.79 - 6.51 - 12.51 = | x:dollar 5.79:dollar -:dollar 6.51:dollar -:dollar 12.51:dollar =:dollar
EXPR: 0 | POS | FRA | 22 | 24.81 | 0.304416403785489 | (6.51+12.51)=(5.79/x) | 6.51 12.51 + 5.79 x / = | 6.51:dollar 12.51:dollar +:dollar 5.79:dollar x:cost /:dollar =:dollar
EXPR: 0 | POS | FRA | 22 | 24.81 | 110.1258 | (x/(6.51+12.51))=5.79 | x 6.51 12.51 + / 5.79 = | x:cost 6.51:dollar 12.51:dollar +:dollar /:cost 5.79:cost =:cost
EXPR: 0 | POS | FRA | 22 | 24.81 | 0.304416403785489 | (5.79/x)=(6.51+12.51) | 5.79 x / 6.51 12.51 + = | 5.79:dollar x:cost /:dollar 6.51:dollar 12.51:dollar +:dollar =:dollar
EXPR: 0 | POS | FRA | 22 | 24.81 | 11.79 | ((x+6.51)-12.51)=5.79 | x 6.51 + 12.51 - 5.79 = | x:dollar 6.51:dollar +:dollar 12.51:dollar -:dollar 5.79:dollar =:dollar
EXPR: 0 | POS | FRA | 22 | 24.81 | 13.23 | 5.79=((6.51-x)+12.51) | 5.79 6.51 x - 12.51 + = | 5.79:dollar 6.51:dollar x:dollar -:dollar 12.51:dollar +:dollar =:dollar
EXPR: 0 | POS | FRA | 22 | 24.81 | 3.28497409326425 | (5.79*x)=(6.51+12.51) | 5.79 x * 6.51 12.51 + = | 5.79:dollar x:cost *:dollar 6.51:dollar 12.51:dollar +:dollar =:dollar
EXPR: 0 | POS | FRA | 22 | 24.81 | 11.1264055299539 | (6.51/5.79)=(12.51/x) | 6.51 5.79 / 12.51 x / = | 6.51:dollar 5.79:cost /:dollar 12.51:dollar x:cost /:dollar =:dollar
EXPR: 1 | POS | FRA | 22 | 24.81 | 24.81 | 5.79=((x-6.51)-12.51) | 5.79 x 6.51 - 12.51 - = | 5.79:dollar x:dollar 6.51:dollar -:dollar 12.51:dollar -:dollar =:dollar
EXPR: 0 | POS | FRA | 22 | 24.81 | 13.23 | (6.51+(12.51-x))=5.79 | 6.51 12.51 x - + 5.79 = | 6.51:dollar 12.51:dollar x:dollar -:dollar +:dollar 5.79:dollar =:dollar
EXPR: 0 | POS | FRA | 22 | 24.81 | 11.79 | (6.51-(12.51-x))=5.79 | 6.51 12.51 x - - 5.79 = | 6.51:dollar 12.51:dollar x:dollar -:dollar -:dollar 5.79:dollar =:dollar
EXPR: 0 | POS | FRA | 22 | 24.81 | 0.0898762855000973 | (6.51/5.79)=(12.51*x) | 6.51 5.79 / 12.51 x * = | 6.51:dollar 5.79:cost /:dollar 12.51:dollar x:cost *:dollar =:dollar
EXPR: 0 | POS | FRA | 22 | 24.81 | 13.23 | (5.79+(x-6.51))=12.51 | 5.79 x 6.51 - + 12.51 = | 5.79:dollar x:dollar 6.51:dollar -:dollar +:dollar 12.51:dollar =:dollar
EXPR: 0 | POS | FRA | 22 | 24.81 | 3.28497409326425 | (6.51+12.51)=(5.79*x) | 6.51 12.51 + 5.79 x * = | 6.51:dollar 12.51:dollar +:dollar 5.79:dollar x:cost *:dollar =:dollar
EXPR: 0 | POS | FRA | 22 | 24.81 | 11.620599078341 | 5.79=(6.51*(12.51-x)) | 5.79 6.51 12.51 x - * = | 5.79:dollar 6.51:dollar 12.51:cost x:cost -:cost *:dollar =:dollar
EXPR: 0 | POS | FRA | 22 | 24.81 | 11.79 | ((x-5.79)+6.51)=12.51 | x 5.79 - 6.51 + 12.51 = | x:dollar 5.79:dollar -:dollar 6.51:dollar +:dollar 12.51:dollar =:dollar
EXPR: 0 | POS | FRA | 22 | 24.81 | 119.133 | ((x/6.51)-5.79)=12.51 | x 6.51 / 5.79 - 12.51 = | x:cost 6.51:dollar /:cost 5.79:cost -:cost 12.51:cost =:cost
EXPR: 0 | POS | FRA | 22 | 24.81 | 43.7472 | ((x/6.51)+5.79)=12.51 | x 6.51 / 5.79 + 12.51 = | x:cost 6.51:dollar /:cost 5.79:cost +:cost 12.51:cost =:cost
EXPR: 0 | POS | FRA | 22 | 24.81 | 78.9428999999999 | ((x-6.51)/5.79)=12.51 | x 6.51 - 5.79 / 12.51 = | x:cost 6.51:cost -:cost 5.79:dollar /:cost 12.51:cost =:cost
EXPR: 0 | POS | FRA | 22 | 24.81 | 65.9229000000001 | ((x+6.51)/5.79)=12.51 | x 6.51 + 5.79 / 12.51 = | x:cost 6.51:cost +:cost 5.79:dollar /:cost 12.51:cost =:cost
EXPR: 1 | POS | FRA | 22 | 24.81 | 24.81 | ((x-6.51)-12.51)=5.79 | x 6.51 - 12.51 - 5.79 = | x:dollar 6.51:dollar -:dollar 12.51:dollar -:dollar 5.79:dollar =:dollar
EXPR: 0 | POS | FRA | 22 | 24.81 | 0.209999999999999 | (6.51+5.79)=(12.51-x) | 6.51 5.79 + 12.51 x - = | 6.51:dollar 5.79:dollar +:dollar 12.51:dollar x:dollar -:dollar =:dollar
EXPR: 0 | POS | FRA | 22 | 24.81 | 13.6343523316062 | 5.79=(6.51/(x-12.51)) | 5.79 6.51 x 12.51 - / = | 5.79:dollar 6.51:dollar x:cost 12.51:cost -:cost /:dollar =:dollar
EXPR: 0 | POS | FRA | 22 | 24.81 | 6.04717026378897 | ((6.51-x)*12.51)=5.79 | 6.51 x - 12.51 * 5.79 = | 6.51:cost x:cost -:cost 12.51:dollar *:dollar 5.79:dollar =:dollar
EXPR: 0 | POS | FRA | 22 | 24.81 | 6.97282973621103 | 5.79=((x-6.51)*12.51) | 5.79 x 6.51 - 12.51 * = | 5.79:dollar x:cost 6.51:cost -:cost 12.51:dollar *:dollar =:dollar
EXPR: 0 | POS | FRA | 22 | 24.81 | 6.04717026378897 | 5.79=((6.51-x)*12.51) | 5.79 6.51 x - 12.51 * = | 5.79:dollar 6.51:cost x:cost -:cost 12.51:dollar *:dollar =:dollar
EXPR: 0 | POS | FRA | 22 | 24.81 | 13.23 | ((6.51-x)+12.51)=5.79 | 6.51 x - 12.51 + 5.79 = | 6.51:dollar x:dollar -:dollar 12.51:dollar +:dollar 5.79:dollar =:dollar
EXPR: 1 | POS | FRA | 22 | 24.81 | 24.81 | (x-(6.51+12.51))=5.79 | x 6.51 12.51 + - 5.79 = | x:dollar 6.51:dollar 12.51:dollar +:dollar -:dollar 5.79:dollar =:dollar
EXPR: 0 | POS | FRA | 22 | 24.81 | 11.79 | (x+(6.51-12.51))=5.79 | x 6.51 12.51 - + 5.79 = | x:dollar 6.51:dollar 12.51:dollar -:dollar +:dollar 5.79:dollar =:dollar
EXPR: 0 | POS | FRA | 22 | 24.81 | 11.79 | 5.79=(6.51-(12.51-x)) | 5.79 6.51 12.51 x - - = | 5.79:dollar 6.51:dollar 12.51:dollar x:dollar -:dollar -:dollar =:dollar
EXPR: 0 | POS | FRA | 22 | 24.81 | 11.79 | (6.51+(x-12.51))=5.79 | 6.51 x 12.51 - + 5.79 = | 6.51:dollar x:dollar 12.51:dollar -:dollar +:dollar 5.79:dollar =:dollar
EXPR: 0 | POS | FRA | 22 | 24.81 | 11.3856476683938 | ((6.51/5.79)+x)=12.51 | 6.51 5.79 / x + 12.51 = | 6.51:dollar 5.79:cost /:dollar x:dollar +:dollar 12.51:dollar =:dollar
EXPR: 0 | POS | FRA | 22 | 24.81 | 13.23 | ((x+5.79)-6.51)=12.51 | x 5.79 + 6.51 - 12.51 = | x:dollar 5.79:dollar +:dollar 6.51:dollar -:dollar 12.51:dollar =:dollar
EXPR: 0 | POS | FRA | 22 | 24.81 | 11.79 | 5.79=(6.51+(x-12.51)) | 5.79 6.51 x 12.51 - + = | 5.79:dollar 6.51:dollar x:dollar 12.51:dollar -:dollar +:dollar =:dollar
EXPR: 0 | POS | FRA | 22 | 24.81 | 11.3856476683938 | (x+(6.51/5.79))=12.51 | x 6.51 5.79 / + 12.51 = | x:cost 6.51:cost 5.79:dollar /:cost +:cost 12.51:cost =:cost
EXPR: 0 | POS | FRA | 22 | 24.81 | 13.23 | 5.79=(6.51+(12.51-x)) | 5.79 6.51 12.51 x - + = | 5.79:dollar 6.51:dollar 12.51:dollar x:dollar -:dollar +:dollar =:dollar
EXPR: 0 | POS | FRA | 22 | 24.81 | 13.23 | 5.79=((6.51+12.51)-x) | 5.79 6.51 12.51 + x - = | 5.79:dollar 6.51:dollar 12.51:dollar +:dollar x:dollar -:dollar =:dollar
EXPR: 0 | POS | FRA | 22 | 24.81 | 13.23 | 5.79=(6.51-(x-12.51)) | 5.79 6.51 x 12.51 - - = | 5.79:dollar 6.51:dollar x:dollar 12.51:dollar -:dollar -:dollar =:dollar
EXPR: 0 | POS | FRA | 22 | 24.81 | 14.0656476683938 | (6.51/x)=(5.79/12.51) | 6.51 x / 5.79 12.51 / = | 6.51:dollar x:cost /:dollar 5.79:dollar 12.51:cost /:dollar =:dollar
EXPR: 0 | POS | FRA | 22 | 24.81 | 13.23 | (6.51-(x-12.51))=5.79 | 6.51 x 12.51 - - 5.79 = | 6.51:dollar x:dollar 12.51:dollar -:dollar -:dollar 5.79:dollar =:dollar
EXPR: 0 | POS | FRA | 22 | 24.81 | 13.23 | ((5.79+x)-6.51)=12.51 | 5.79 x + 6.51 - 12.51 = | 5.79:dollar x:dollar +:dollar 6.51:dollar -:dollar 12.51:dollar =:dollar
EXPR: 0 | POS | FRA | 22 | 24.81 | 0.209999999999999 | ((5.79+x)+6.51)=12.51 | 5.79 x + 6.51 + 12.51 = | 5.79:dollar x:dollar +:dollar 6.51:dollar +:dollar 12.51:dollar =:dollar
EXPR: 0 | POS | FRA | 22 | 24.81 | 11.79 | 5.79=((6.51-12.51)+x) | 5.79 6.51 12.51 - x + = | 5.79:dollar 6.51:dollar 12.51:dollar -:dollar x:dollar +:dollar =:dollar
EXPR: 0 | POS | FRA | 22 | 24.81 | 1.03225806451613 | (6.51*x)=(12.51-5.79) | 6.51 x * 12.51 5.79 - = | 6.51:dollar x:cost *:dollar 12.51:dollar 5.79:dollar -:dollar =:dollar
EXPR: 0 | POS | FRA | 22 | 24.81 | 13.6343523316062 | 6.51=((x-12.51)*5.79) | 6.51 x 12.51 - 5.79 * = | 6.51:dollar x:cost 12.51:cost -:cost 5.79:dollar *:dollar =:dollar
EXPR: 0 | POS | FRA | 22 | 24.81 | 0.96875 | (6.51/x)=(12.51-5.79) | 6.51 x / 12.51 5.79 - = | 6.51:dollar x:cost /:dollar 12.51:dollar 5.79:dollar -:dollar =:dollar
EXPR: 0 | POS | FRA | 22 | 24.81 | 5.26961630695444 | 6.51=(12.51*(5.79-x)) | 6.51 12.51 5.79 x - * = | 6.51:dollar 12.51:dollar 5.79:cost x:cost -:cost *:dollar =:dollar
EXPR: 0 | POS | FRA | 22 | 24.81 | 13.6343523316062 | (x-(6.51/5.79))=12.51 | x 6.51 5.79 / - 12.51 = | x:dollar 6.51:dollar 5.79:cost /:dollar -:dollar 12.51:dollar =:dollar
EXPR: 0 | POS | FRA | 22 | 24.81 | 3.86834101382488 | 6.51=(12.51/(5.79-x)) | 6.51 12.51 5.79 x - / = | 6.51:dollar 12.51:dollar 5.79:cost x:cost -:cost /:dollar =:dollar
EXPR: 0 | POS | FRA | 22 | 24.81 | 11.3856476683938 | 5.79=(6.51/(12.51-x)) | 5.79 6.51 12.51 x - / = | 5.79:dollar 6.51:dollar 12.51:cost x:cost -:cost /:dollar =:dollar
EXPR: 1 | POS | FRA | 22 | 24.81 | 24.81 | 5.79=(x-(6.51+12.51)) | 5.79 x 6.51 12.51 + - = | 5.79:dollar x:dollar 6.51:dollar 12.51:dollar +:dollar -:dollar =:dollar
EXPR: 0 | POS | FRA | 22 | 24.81 | 11.79 | ((6.51+x)-12.51)=5.79 | 6.51 x + 12.51 - 5.79 = | 6.51:dollar x:dollar +:dollar 12.51:dollar -:dollar 5.79:dollar =:dollar
EXPR: 0 | POS | FRA | 22 | 24.81 | 11.79 | 5.79=(x+(6.51-12.51)) | 5.79 x 6.51 12.51 - + = | 5.79:dollar x:dollar 6.51:dollar 12.51:dollar -:dollar +:dollar =:dollar
EXPR: 0 | POS | FRA | 22 | 24.81 | 13.399400921659 | (6.51*(x-12.51))=5.79 | 6.51 x 12.51 - * 5.79 = | 6.51:dollar x:cost 12.51:cost -:cost *:dollar 5.79:dollar =:dollar
EXPR: 0 | POS | FRA | 22 | 24.81 | 13.6343523316062 | (6.51/(x-12.51))=5.79 | 6.51 x 12.51 - / 5.79 = | 6.51:dollar x:cost 12.51:cost -:cost /:dollar 5.79:dollar =:dollar
EXPR: 0 | POS | FRA | 22 | 24.81 | 7.71165898617511 | 6.51=(12.51/(x-5.79)) | 6.51 12.51 x 5.79 - / = | 6.51:dollar 12.51:dollar x:cost 5.79:cost -:cost /:dollar =:dollar
EXPR: 0 | POS | FRA | 22 | 24.81 | 6.31038369304556 | 6.51=(12.51*(x-5.79)) | 6.51 12.51 x 5.79 - * = | 6.51:dollar 12.51:dollar x:cost 5.79:cost -:cost *:dollar =:dollar
EXPR: 0 | POS | FRA | 22 | 24.81 | 11.79 | 5.79=((x+6.51)-12.51) | 5.79 x 6.51 + 12.51 - = | 5.79:dollar x:dollar 6.51:dollar +:dollar 12.51:dollar -:dollar =:dollar
EXPR: 0 | POS | FRA | 27 | 24.81 | 1.01707317073171 | 5.79=((12.51/x)-6.51) | 5.79 12.51 x / 6.51 - = | 5.79:dollar 12.51:dollar x:cost /:dollar 6.51:dollar -:dollar =:dollar
EXPR: 0 | POS | FRA | 27 | 24.81 | 0.983213429256595 | ((x*12.51)-6.51)=5.79 | x 12.51 * 6.51 - 5.79 = | x:cost 12.51:dollar *:dollar 6.51:dollar -:dollar 5.79:dollar =:dollar
EXPR: 0 | POS | FRA | 27 | 24.81 | 0.965 | 12.51=(6.51+(5.79/x)) | 12.51 6.51 5.79 x / + = | 12.51:dollar 6.51:dollar 5.79:dollar x:cost /:dollar +:dollar =:dollar
EXPR: 0 | POS | FRA | 27 | 24.81 | 0.983213429256595 | 5.79=((12.51*x)-6.51) | 5.79 12.51 x * 6.51 - = | 5.79:dollar 12.51:dollar x:cost *:dollar 6.51:dollar -:dollar =:dollar
EXPR: 0 | POS | FRA | 27 | 24.81 | 0.983213429256595 | 5.79=((x*12.51)-6.51) | 5.79 x 12.51 * 6.51 - = | 5.79:dollar x:cost 12.51:dollar *:dollar 6.51:dollar -:dollar =:dollar
EXPR: 0 | POS | FRA | 27 | 24.81 | 1.03626943005181 | 12.51=(6.51+(5.79*x)) | 12.51 6.51 5.79 x * + = | 12.51:dollar 6.51:dollar 5.79:dollar x:cost *:dollar +:dollar =:dollar
EXPR: 0 | POS | FRA | 27 | 24.81 | 2.8110599078341 | 12.51=((x*6.51)-5.79) | 12.51 x 6.51 * 5.79 - = | 12.51:dollar x:cost 6.51:dollar *:dollar 5.79:dollar -:dollar =:dollar
EXPR: 0 | POS | FRA | 27 | 24.81 | 0.965 | ((12.51-6.51)*x)=5.79 | 12.51 6.51 - x * 5.79 = | 12.51:dollar 6.51:dollar -:dollar x:cost *:dollar 5.79:dollar =:dollar
EXPR: 0 | POS | FRA | 27 | 24.81 | 1.03626943005181 | ((12.51-6.51)/x)=5.79 | 12.51 6.51 - x / 5.79 = | 12.51:dollar 6.51:dollar -:dollar x:cost /:dollar 5.79:dollar =:dollar
EXPR: 0 | POS | FRA | 27 | 24.81 | 0.0575539568345324 | (5.79+(x*12.51))=6.51 | 5.79 x 12.51 * + 6.51 = | 5.79:dollar x:cost 12.51:dollar *:dollar +:dollar 6.51:dollar =:dollar
EXPR: 0 | POS | FRA | 27 | 24.81 | 0.96875 | 5.79=(12.51-(6.51/x)) | 5.79 12.51 6.51 x / - = | 5.79:dollar 12.51:dollar 6.51:dollar x:cost /:dollar -:dollar =:dollar
EXPR: 0 | POS | FRA | 27 | 24.81 | 1.03225806451613 | (12.51-(6.51*x))=5.79 | 12.51 6.51 x * - 5.79 = | 12.51:dollar 6.51:dollar x:cost *:dollar -:dollar 5.79:dollar =:dollar
EXPR: 0 | POS | FRA | 27 | 24.81 | 0.96875 | (12.51-(6.51/x))=5.79 | 12.51 6.51 x / - 5.79 = | 12.51:dollar 6.51:dollar x:cost /:dollar -:dollar 5.79:dollar =:dollar
EXPR: 0 | POS | FRA | 27 | 24.81 | 1.03225806451613 | (12.51-(x*6.51))=5.79 | 12.51 x 6.51 * - 5.79 = | 12.51:dollar x:cost 6.51:dollar *:dollar -:dollar 5.79:dollar =:dollar
EXPR: 0 | POS | FRA | 27 | 24.81 | 1.03225806451613 | 5.79=(12.51-(6.51*x)) | 5.79 12.51 6.51 x * - = | 5.79:dollar 12.51:dollar 6.51:dollar x:cost *:dollar -:dollar =:dollar
EXPR: 0 | POS | FRA | 27 | 24.81 | 0.965 | 5.79=(x*(12.51-6.51)) | 5.79 x 12.51 6.51 - * = | 5.79:dollar x:cost 12.51:dollar 6.51:dollar -:dollar *:dollar =:dollar
EXPR: 0 | POS | FRA | 27 | 24.81 | 1.03225806451613 | 12.51=((6.51*x)+5.79) | 12.51 6.51 x * 5.79 + = | 12.51:dollar 6.51:dollar x:cost *:dollar 5.79:dollar +:dollar =:dollar
EXPR: 0 | POS | FRA | 27 | 24.81 | 1.01707317073171 | 12.51=(x*(6.51+5.79)) | 12.51 x 6.51 5.79 + * = | 12.51:dollar x:cost 6.51:dollar 5.79:dollar +:dollar *:dollar =:dollar
EXPR: 0 | POS | FRA | 27 | 24.81 | 17.375 | 12.51=(x*(6.51-5.79)) | 12.51 x 6.51 5.79 - * = | 12.51:dollar x:cost 6.51:dollar 5.79:dollar -:dollar *:dollar =:dollar
EXPR: 0 | POS | FRA | 27 | 24.81 | 2.8110599078341 | 12.51=((6.51*x)-5.79) | 12.51 6.51 x * 5.79 - = | 12.51:dollar 6.51:dollar x:cost *:dollar 5.79:dollar -:dollar =:dollar
EXPR: 0 | POS | FRA | 27 | 24.81 | 0.96875 | 12.51=((6.51/x)+5.79) | 12.51 6.51 x / 5.79 + = | 12.51:dollar 6.51:dollar x:cost /:dollar 5.79:dollar +:dollar =:dollar
EXPR: 0 | POS | FRA | 27 | 24.81 | 0.965 | (x*(12.51-6.51))=5.79 | x 12.51 6.51 - * 5.79 = | x:cost 12.51:dollar 6.51:dollar -:dollar *:dollar 5.79:dollar =:dollar
EXPR: 0 | POS | FRA | 27 | 24.81 | 0.355737704918033 | 12.51=((6.51/x)-5.79) | 12.51 6.51 x / 5.79 - = | 12.51:dollar 6.51:dollar x:cost /:dollar 5.79:dollar -:dollar =:dollar
EXPR: 0 | POS | FRA | 27 | 24.81 | 0.0575539568345324 | (5.79+(12.51*x))=6.51 | 5.79 12.51 x * + 6.51 = | 5.79:dollar 12.51:dollar x:cost *:dollar +:dollar 6.51:dollar =:dollar
EXPR: 0 | POS | FRA | 27 | 24.81 | 1.01707317073171 | ((12.51/x)-6.51)=5.79 | 12.51 x / 6.51 - 5.79 = | 12.51:dollar x:cost /:dollar 6.51:dollar -:dollar 5.79:dollar =:dollar
EXPR: 0 | POS | FRA | 27 | 24.81 | 0.304416403785489 | ((5.79/x)-12.51)=6.51 | 5.79 x / 12.51 - 6.51 = | 5.79:dollar x:cost /:dollar 12.51:dollar -:dollar 6.51:dollar =:dollar
EXPR: 0 | POS | FRA | 27 | 24.81 | 3.28497409326425 | ((5.79*x)-12.51)=6.51 | 5.79 x * 12.51 - 6.51 = | 5.79:dollar x:cost *:dollar 12.51:dollar -:dollar 6.51:dollar =:dollar
EXPR: 0 | POS | FRA | 27 | 24.81 | 0.983213429256595 | ((12.51*x)-6.51)=5.79 | 12.51 x * 6.51 - 5.79 = | 12.51:dollar x:cost *:dollar 6.51:dollar -:dollar 5.79:dollar =:dollar
EXPR: 0 | POS | FRA | 27 | 24.81 | 3.28497409326425 | ((x*5.79)-12.51)=6.51 | x 5.79 * 12.51 - 6.51 = | x:cost 5.79:dollar *:dollar 12.51:dollar -:dollar 6.51:dollar =:dollar
EXPR: 0 | POS | FRA | 27 | 24.81 | 17.375 | (5.79+(12.51/x))=6.51 | 5.79 12.51 x / + 6.51 = | 5.79:dollar 12.51:dollar x:cost /:dollar +:dollar 6.51:dollar =:dollar
EXPR: 0 | POS | FRA | 27 | 24.81 | 17.375 | 12.51=((6.51-5.79)*x) | 12.51 6.51 5.79 - x * = | 12.51:dollar 6.51:dollar 5.79:dollar -:dollar x:cost *:dollar =:dollar
EXPR: 0 | POS | FRA | 27 | 24.81 | 1.01707317073171 | 12.51=((6.51+5.79)*x) | 12.51 6.51 5.79 + x * = | 12.51:dollar 6.51:dollar 5.79:dollar +:dollar x:cost *:dollar =:dollar
EXPR: 0 | POS | FRA | 27 | 24.81 | 1.03626943005181 | 5.79=((12.51-6.51)/x) | 5.79 12.51 6.51 - x / = | 5.79:dollar 12.51:dollar 6.51:dollar -:dollar x:cost /:dollar =:dollar
EXPR: 0 | POS | FRA | 27 | 24.81 | 0.965 | 5.79=((12.51-6.51)*x) | 5.79 12.51 6.51 - x * = | 5.79:dollar 12.51:dollar 6.51:dollar -:dollar x:cost *:dollar =:dollar
EXPR: 0 | POS | FRA | 27 | 24.81 | 1.03225806451613 | 12.51=((x*6.51)+5.79) | 12.51 x 6.51 * 5.79 + = | 12.51:dollar x:cost 6.51:dollar *:dollar 5.79:dollar +:dollar =:dollar
EXPR: 0 | POS | FRA | 27 | 24.81 | 0.0575539568345324 | 12.51=((6.51-5.79)/x) | 12.51 6.51 5.79 - x / = | 12.51:dollar 6.51:dollar 5.79:dollar -:dollar x:cost /:dollar =:dollar
EXPR: 0 | POS | FRA | 27 | 24.81 | 0.983213429256595 | 12.51=((6.51+5.79)/x) | 12.51 6.51 5.79 + x / = | 12.51:dollar 6.51:dollar 5.79:dollar +:dollar x:cost /:dollar =:dollar
EXPR: 0 | POS | FRA | 27 | 24.81 | 1.03225806451613 | 5.79=(12.51-(x*6.51)) | 5.79 12.51 x 6.51 * - = | 5.79:dollar 12.51:dollar x:cost 6.51:dollar *:dollar -:dollar =:dollar
EXPR: 0 | POS | FRA | 27 | 24.81 | 1.03626943005181 | 12.51=(6.51+(x*5.79)) | 12.51 6.51 x 5.79 * + = | 12.51:dollar 6.51:dollar x:cost 5.79:dollar *:dollar +:dollar =:dollar
EXPR: 0 | POS | FRA | 27 | 24.81 | 0.355737704918033 | ((5.79+12.51)*x)=6.51 | 5.79 12.51 + x * 6.51 = | 5.79:dollar 12.51:dollar +:dollar x:cost *:dollar 6.51:dollar =:dollar
EXPR: 0 | POS | FRA | 27 | 24.81 | 0.355737704918033 | (x*(5.79+12.51))=6.51 | x 5.79 12.51 + * 6.51 = | x:cost 5.79:dollar 12.51:dollar +:dollar *:dollar 6.51:dollar =:dollar
EXPR: 0 | POS | FRA | 27 | 24.81 | 2.8110599078341 | ((5.79+12.51)/x)=6.51 | 5.79 12.51 + x / 6.51 = | 5.79:dollar 12.51:dollar +:dollar x:cost /:dollar 6.51:dollar =:dollar
EXPR: 0 | POS | FRA | 30 | 24.81 | 87.2301 | ((6.51*12.51)+5.79)=x | 6.51 12.51 * 5.79 + x = | 6.51:cost 12.51:dollar *:dollar 5.79:dollar +:dollar x:dollar =:dollar
EXPR: 0 | POS | FRA | 30 | 24.81 | 4.34937823834197 | (6.51-(12.51/5.79))=x | 6.51 12.51 5.79 / - x = | 6.51:dollar 12.51:dollar 5.79:cost /:dollar -:dollar x:dollar =:dollar
EXPR: 0 | POS | FRA | 30 | 24.81 | 8.67062176165803 | (6.51+(12.51/5.79))=x | 6.51 12.51 5.79 / + x = | 6.51:dollar 12.51:dollar 5.79:cost /:dollar +:dollar x:dollar =:dollar
EXPR: 0 | POS | FRA | 30 | 24.81 | 13.399400921659 | ((5.79/6.51)+12.51)=x | 5.79 6.51 / 12.51 + x = | 5.79:dollar 6.51:cost /:dollar 12.51:dollar +:dollar x:dollar =:dollar
EXPR: 0 | POS | FRA | 30 | 24.81 | 6.31038369304556 | ((6.51/12.51)+5.79)=x | 6.51 12.51 / 5.79 + x = | 6.51:dollar 12.51:cost /:dollar 5.79:dollar +:dollar x:dollar =:dollar
EXPR: 0 | POS | FRA | 30 | 24.81 | 87.2301 | (5.79+(6.51*12.51))=x | 5.79 6.51 12.51 * + x = | 5.79:dollar 6.51:cost 12.51:dollar *:dollar +:dollar x:dollar =:dollar
EXPR: 0 | POS | FRA | 30 | 24.81 | 3.28497409326425 | ((6.51+12.51)/5.79)=x | 6.51 12.51 + 5.79 / x = | 6.51:cost 12.51:cost +:cost 5.79:dollar /:cost x:cost =:cost
EXPR: 0 | POS | FRA | 30 | 24.81 | 75.6501 | ((6.51*12.51)-5.79)=x | 6.51 12.51 * 5.79 - x = | 6.51:dollar 12.51:cost *:dollar 5.79:dollar -:dollar x:dollar =:dollar
EXPR: 0 | POS | FRA | 30 | 24.81 | 3.28497409326425 | x=((6.51+12.51)/5.79) | x 6.51 12.51 + 5.79 / = | x:cost 6.51:cost 12.51:cost +:cost 5.79:dollar /:cost =:cost
EXPR: 0 | POS | FRA | 30 | 24.81 | 87.2301 | x=((6.51*12.51)+5.79) | x 6.51 12.51 * 5.79 + = | x:cost 6.51:dollar 12.51:cost *:cost 5.79:cost +:cost =:cost
EXPR: 0 | POS | FRA | 30 | 24.81 | 5.26961630695444 | x=(5.79-(6.51/12.51)) | x 5.79 6.51 12.51 / - = | x:cost 5.79:cost 6.51:cost 12.51:dollar /:cost -:cost =:cost
EXPR: 0 | POS | FRA | 30 | 24.81 | 5.26961630695444 | (5.79-(6.51/12.51))=x | 5.79 6.51 12.51 / - x = | 5.79:dollar 6.51:dollar 12.51:cost /:dollar -:dollar x:dollar =:dollar
EXPR: 0 | POS | FRA | 30 | 24.81 | 6.31038369304556 | (5.79+(6.51/12.51))=x | 5.79 6.51 12.51 / + x = | 5.79:dollar 6.51:dollar 12.51:cost /:dollar +:dollar x:dollar =:dollar
EXPR: 0 | POS | FRA | 30 | 24.81 | 6.31038369304556 | x=(5.79+(6.51/12.51)) | x 5.79 6.51 12.51 / + = | x:dollar 5.79:dollar 6.51:dollar 12.51:cost /:dollar +:dollar =:dollar
EXPR: 0 | POS | FRA | 30 | 24.81 | 4.34937823834197 | x=(6.51-(12.51/5.79)) | x 6.51 12.51 5.79 / - = | x:dollar 6.51:dollar 12.51:dollar 5.79:cost /:dollar -:dollar =:dollar
EXPR: 0 | POS | FRA | 30 | 24.81 | 8.67062176165803 | x=(6.51+(12.51/5.79)) | x 6.51 12.51 5.79 / + = | x:dollar 6.51:dollar 12.51:dollar 5.79:cost /:dollar +:dollar =:dollar
EXPR: 0 | POS | FRA | 30 | 24.81 | 87.2301 | x=(5.79+(6.51*12.51)) | x 5.79 6.51 12.51 * + = | x:dollar 5.79:dollar 6.51:dollar 12.51:cost *:dollar +:dollar =:dollar
EXPR: 0 | POS | FRA | 30 | 24.81 | 75.6501 | x=((6.51*12.51)-5.79) | x 6.51 12.51 * 5.79 - = | x:dollar 6.51:dollar 12.51:cost *:dollar 5.79:dollar -:dollar =:dollar
EXPR: 0 | POS | FRA | 30 | 24.81 | 6.31038369304556 | x=((6.51/12.51)+5.79) | x 6.51 12.51 / 5.79 + = | x:dollar 6.51:dollar 12.51:cost /:dollar 5.79:dollar +:dollar =:dollar
NET 358 unique, non-negative solutions found out of 1000 total solutions
